Configured Kernels: {SubKernels`LocalKernels`LocalMachine[4, SubKernels`LocalKernels`LowerPriority -> True]}
Processor Count: 4
Modules loaded ...
4 Kernels launched ...
Run started at Fri 30 Apr 2021 15:35:55, Bins: {1, 49}
StringForm[From `1`:, Parallel`Kernels`kernel[Parallel`Kernels`Private`bk[SubKernels`LocalKernels`localKernel[SubKernels`LocalKernels`Private`lk[LinkObject[/usr/local/Wolfram/Mathematica/12.0/Executables/wolfram -subkernel -noinit -nopaclet -wstp, 227, 2], {/usr/local/Wolfram/Mathematica/12.0/Executables/wolfram -subkernel -noinit -nopaclet -wstp}, SubKernels`LocalKernels`Private`speed$21583, SubKernels`LocalKernels`Private`preemptive$21583]], Parallel`Kernels`Private`id$21590, Parallel`Kernels`Private`name$21590], Parallel`Kernels`Private`ek[Parallel`Kernels`Private`nev$21591, Parallel`Kernels`Private`pb$21591, Parallel`Kernels`Private`rd$21591], Parallel`Kernels`Private`sk[Parallel`Kernels`Private`q$21592, Parallel`Kernels`Private`n0$21592, Parallel`Kernels`Private`n1$21592]]]
                                                                                                                                                                                                -6
NIntegrate::ncvb: NIntegrate failed to converge to prescribed accuracy after 2 recursive bisections in yD near {xD, yD} = {0.0272077, 0.022255}. NIntegrate obtained 0.0000106208 and 2.67855 10   for the integral and error estimates.
StringForm[From `1`:, Parallel`Kernels`kernel[Parallel`Kernels`Private`bk[SubKernels`LocalKernels`localKernel[SubKernels`LocalKernels`Private`lk[LinkObject[/usr/local/Wolfram/Mathematica/12.0/Executables/wolfram -subkernel -noinit -nopaclet -wstp, 228, 3], {/usr/local/Wolfram/Mathematica/12.0/Executables/wolfram -subkernel -noinit -nopaclet -wstp}, SubKernels`LocalKernels`Private`speed$21584, SubKernels`LocalKernels`Private`preemptive$21584]], Parallel`Kernels`Private`id$21594, Parallel`Kernels`Private`name$21594], Parallel`Kernels`Private`ek[Parallel`Kernels`Private`nev$21595, Parallel`Kernels`Private`pb$21595, Parallel`Kernels`Private`rd$21595], Parallel`Kernels`Private`sk[Parallel`Kernels`Private`q$21596, Parallel`Kernels`Private`n0$21596, Parallel`Kernels`Private`n1$21596]]]
                                                                                                                                                                                                -6
NIntegrate::ncvb: NIntegrate failed to converge to prescribed accuracy after 2 recursive bisections in yD near {xD, yD} = {0.0272077, -0.014338}. NIntegrate obtained 0.000114405 and 1.37023 10   for the integral and error estimates.
StringForm[From `1`:, Parallel`Kernels`kernel[Parallel`Kernels`Private`bk[SubKernels`LocalKernels`localKernel[SubKernels`LocalKernels`Private`lk[LinkObject[/usr/local/Wolfram/Mathematica/12.0/Executables/wolfram -subkernel -noinit -nopaclet -wstp, 230, 5], {/usr/local/Wolfram/Mathematica/12.0/Executables/wolfram -subkernel -noinit -nopaclet -wstp}, SubKernels`LocalKernels`Private`speed$21586, SubKernels`LocalKernels`Private`preemptive$21586]], Parallel`Kernels`Private`id$21602, Parallel`Kernels`Private`name$21602], Parallel`Kernels`Private`ek[Parallel`Kernels`Private`nev$21603, Parallel`Kernels`Private`pb$21603, Parallel`Kernels`Private`rd$21603], Parallel`Kernels`Private`sk[Parallel`Kernels`Private`q$21604, Parallel`Kernels`Private`n0$21604, Parallel`Kernels`Private`n1$21604]]]
NIntegrate::ncvb: NIntegrate failed to converge to prescribed accuracy after 2 recursive bisections in yD near {xD, yD} = {0.0290827, -0.014338}. NIntegrate obtained 0.00208134 and 0.0000306 for the integral and error estimates.
a = -1045e-4
Time consumption: 1.971049505
MaxMemUse :145.4955596923828 MB
Configured Kernels: {SubKernels`LocalKernels`LocalMachine[4, SubKernels`LocalKernels`LowerPriority -> True]}
Processor Count: 4
Modules loaded ...
4 Kernels launched ...
Run started at Fri 30 Apr 2021 17:34:11, Bins: {50, 98}
StringForm[From `1`:, Parallel`Kernels`kernel[Parallel`Kernels`Private`bk[SubKernels`LocalKernels`localKernel[SubKernels`LocalKernels`Private`lk[LinkObject[/usr/local/Wolfram/Mathematica/12.0/Executables/wolfram -subkernel -noinit -nopaclet -wstp, 204, 1], {/usr/local/Wolfram/Mathematica/12.0/Executables/wolfram -subkernel -noinit -nopaclet -wstp}, SubKernels`LocalKernels`Private`speed$21426, SubKernels`LocalKernels`Private`preemptive$21426]], Parallel`Kernels`Private`id$21433, Parallel`Kernels`Private`name$21433], Parallel`Kernels`Private`ek[Parallel`Kernels`Private`nev$21434, Parallel`Kernels`Private`pb$21434, Parallel`Kernels`Private`rd$21434], Parallel`Kernels`Private`sk[Parallel`Kernels`Private`q$21435, Parallel`Kernels`Private`n0$21435, Parallel`Kernels`Private`n1$21435]]]
NIntegrate::ncvb: NIntegrate failed to converge to prescribed accuracy after 2 recursive bisections in yD near {xD, yD} = {0.0290827, 0.022255}. NIntegrate obtained 0.000207029 and 0.0000136739 for the integral and error estimates.
StringForm[From `1`:, Parallel`Kernels`kernel[Parallel`Kernels`Private`bk[SubKernels`LocalKernels`localKernel[SubKernels`LocalKernels`Private`lk[LinkObject[/usr/local/Wolfram/Mathematica/12.0/Executables/wolfram -subkernel -noinit -nopaclet -wstp, 205, 2], {/usr/local/Wolfram/Mathematica/12.0/Executables/wolfram -subkernel -noinit -nopaclet -wstp}, SubKernels`LocalKernels`Private`speed$21427, SubKernels`LocalKernels`Private`preemptive$21427]], Parallel`Kernels`Private`id$21437, Parallel`Kernels`Private`name$21437], Parallel`Kernels`Private`ek[Parallel`Kernels`Private`nev$21438, Parallel`Kernels`Private`pb$21438, Parallel`Kernels`Private`rd$21438], Parallel`Kernels`Private`sk[Parallel`Kernels`Private`q$21439, Parallel`Kernels`Private`n0$21439, Parallel`Kernels`Private`n1$21439]]]
                                                                                                                                                                               -6              -6
NIntegrate::ncvb: NIntegrate failed to converge to prescribed accuracy after 2 recursive bisections in yD near {xD, yD} = {0.0328327, -0.01752}. NIntegrate obtained 7.85634 10   and 1.8516 10   for the integral and error estimates.
StringForm[From `1`:, Parallel`Kernels`kernel[Parallel`Kernels`Private`bk[SubKernels`LocalKernels`localKernel[SubKernels`LocalKernels`Private`lk[LinkObject[/usr/local/Wolfram/Mathematica/12.0/Executables/wolfram -subkernel -noinit -nopaclet -wstp, 206, 3], {/usr/local/Wolfram/Mathematica/12.0/Executables/wolfram -subkernel -noinit -nopaclet -wstp}, SubKernels`LocalKernels`Private`speed$21428, SubKernels`LocalKernels`Private`preemptive$21428]], Parallel`Kernels`Private`id$21441, Parallel`Kernels`Private`name$21441], Parallel`Kernels`Private`ek[Parallel`Kernels`Private`nev$21442, Parallel`Kernels`Private`pb$21442, Parallel`Kernels`Private`rd$21442], Parallel`Kernels`Private`sk[Parallel`Kernels`Private`q$21443, Parallel`Kernels`Private`n0$21443, Parallel`Kernels`Private`n1$21443]]]
NIntegrate::ncvb: NIntegrate failed to converge to prescribed accuracy after 2 recursive bisections in yD near {xD, yD} = {0.0309577, -0.014338}. NIntegrate obtained 0.00928656 and 0.000109296 for the integral and error estimates.
StringForm[From `1`:, Parallel`Kernels`kernel[Parallel`Kernels`Private`bk[SubKernels`LocalKernels`localKernel[SubKernels`LocalKernels`Private`lk[LinkObject[/usr/local/Wolfram/Mathematica/12.0/Executables/wolfram -subkernel -noinit -nopaclet -wstp, 207, 4], {/usr/local/Wolfram/Mathematica/12.0/Executables/wolfram -subkernel -noinit -nopaclet -wstp}, SubKernels`LocalKernels`Private`speed$21429, SubKernels`LocalKernels`Private`preemptive$21429]], Parallel`Kernels`Private`id$21445, Parallel`Kernels`Private`name$21445], Parallel`Kernels`Private`ek[Parallel`Kernels`Private`nev$21446, Parallel`Kernels`Private`pb$21446, Parallel`Kernels`Private`rd$21446], Parallel`Kernels`Private`sk[Parallel`Kernels`Private`q$21447, Parallel`Kernels`Private`n0$21447, Parallel`Kernels`Private`n1$21447]]]
NIntegrate::ncvb: NIntegrate failed to converge to prescribed accuracy after 2 recursive bisections in yD near {xD, yD} = {0.0309577, 0.022255}. NIntegrate obtained 0.00105348 and 0.0000482087 for the integral and error estimates.
StringForm[From `1`:, Parallel`Kernels`kernel[Parallel`Kernels`Private`bk[SubKernels`LocalKernels`localKernel[SubKernels`LocalKernels`Private`lk[LinkObject[/usr/local/Wolfram/Mathematica/12.0/Executables/wolfram -subkernel -noinit -nopaclet -wstp, 206, 3], {/usr/local/Wolfram/Mathematica/12.0/Executables/wolfram -subkernel -noinit -nopaclet -wstp}, SubKernels`LocalKernels`Private`speed$21428, SubKernels`LocalKernels`Private`preemptive$21428]], Parallel`Kernels`Private`id$21441, Parallel`Kernels`Private`name$21441], Parallel`Kernels`Private`ek[Parallel`Kernels`Private`nev$21442, Parallel`Kernels`Private`pb$21442, Parallel`Kernels`Private`rd$21442], Parallel`Kernels`Private`sk[Parallel`Kernels`Private`q$21443, Parallel`Kernels`Private`n0$21443, Parallel`Kernels`Private`n1$21443]]]
                                                                                                                                                                                                -6
NIntegrate::ncvb: NIntegrate failed to converge to prescribed accuracy after 2 recursive bisections in yD near {xD, yD} = {0.0347077, -0.01752}. NIntegrate obtained 0.0000994799 and 8.02095 10   for the integral and error estimates.
StringForm[From `1`:, Parallel`Kernels`kernel[Parallel`Kernels`Private`bk[SubKernels`LocalKernels`localKernel[SubKernels`LocalKernels`Private`lk[LinkObject[/usr/local/Wolfram/Mathematica/12.0/Executables/wolfram -subkernel -noinit -nopaclet -wstp, 205, 2], {/usr/local/Wolfram/Mathematica/12.0/Executables/wolfram -subkernel -noinit -nopaclet -wstp}, SubKernels`LocalKernels`Private`speed$21427, SubKernels`LocalKernels`Private`preemptive$21427]], Parallel`Kernels`Private`id$21437, Parallel`Kernels`Private`name$21437], Parallel`Kernels`Private`ek[Parallel`Kernels`Private`nev$21438, Parallel`Kernels`Private`pb$21438, Parallel`Kernels`Private`rd$21438], Parallel`Kernels`Private`sk[Parallel`Kernels`Private`q$21439, Parallel`Kernels`Private`n0$21439, Parallel`Kernels`Private`n1$21439]]]
NIntegrate::ncvb: NIntegrate failed to converge to prescribed accuracy after 2 recursive bisections in yD near {xD, yD} = {0.0328327, -0.014338}. NIntegrate obtained 0.0241665 and 0.000189506 for the integral and error estimates.
StringForm[From `1`:, Parallel`Kernels`kernel[Parallel`Kernels`Private`bk[SubKernels`LocalKernels`localKernel[SubKernels`LocalKernels`Private`lk[LinkObject[/usr/local/Wolfram/Mathematica/12.0/Executables/wolfram -subkernel -noinit -nopaclet -wstp, 204, 1], {/usr/local/Wolfram/Mathematica/12.0/Executables/wolfram -subkernel -noinit -nopaclet -wstp}, SubKernels`LocalKernels`Private`speed$21426, SubKernels`LocalKernels`Private`preemptive$21426]], Parallel`Kernels`Private`id$21433, Parallel`Kernels`Private`name$21433], Parallel`Kernels`Private`ek[Parallel`Kernels`Private`nev$21434, Parallel`Kernels`Private`pb$21434, Parallel`Kernels`Private`rd$21434], Parallel`Kernels`Private`sk[Parallel`Kernels`Private`q$21435, Parallel`Kernels`Private`n0$21435, Parallel`Kernels`Private`n1$21435]]]
NIntegrate::ncvb: NIntegrate failed to converge to prescribed accuracy after 2 recursive bisections in yD near {xD, yD} = {0.0347077, -0.014338}. NIntegrate obtained 0.0460869 and 0.000248614 for the integral and error estimates.
StringForm[From `1`:, Parallel`Kernels`kernel[Parallel`Kernels`Private`bk[SubKernels`LocalKernels`localKernel[SubKernels`LocalKernels`Private`lk[LinkObject[/usr/local/Wolfram/Mathematica/12.0/Executables/wolfram -subkernel -noinit -nopaclet -wstp, 207, 4], {/usr/local/Wolfram/Mathematica/12.0/Executables/wolfram -subkernel -noinit -nopaclet -wstp}, SubKernels`LocalKernels`Private`speed$21429, SubKernels`LocalKernels`Private`preemptive$21429]], Parallel`Kernels`Private`id$21445, Parallel`Kernels`Private`name$21445], Parallel`Kernels`Private`ek[Parallel`Kernels`Private`nev$21446, Parallel`Kernels`Private`pb$21446, Parallel`Kernels`Private`rd$21446], Parallel`Kernels`Private`sk[Parallel`Kernels`Private`q$21447, Parallel`Kernels`Private`n0$21447, Parallel`Kernels`Private`n1$21447]]]
NIntegrate::ncvb: NIntegrate failed to converge to prescribed accuracy after 2 recursive bisections in yD near {xD, yD} = {0.0347077, 0.022255}. NIntegrate obtained 0.00695997 and 0.0000913408 for the integral and error estimates.
StringForm[From `1`:, Parallel`Kernels`kernel[Parallel`Kernels`Private`bk[SubKernels`LocalKernels`localKernel[SubKernels`LocalKernels`Private`lk[LinkObject[/usr/local/Wolfram/Mathematica/12.0/Executables/wolfram -subkernel -noinit -nopaclet -wstp, 206, 3], {/usr/local/Wolfram/Mathematica/12.0/Executables/wolfram -subkernel -noinit -nopaclet -wstp}, SubKernels`LocalKernels`Private`speed$21428, SubKernels`LocalKernels`Private`preemptive$21428]], Parallel`Kernels`Private`id$21441, Parallel`Kernels`Private`name$21441], Parallel`Kernels`Private`ek[Parallel`Kernels`Private`nev$21442, Parallel`Kernels`Private`pb$21442, Parallel`Kernels`Private`rd$21442], Parallel`Kernels`Private`sk[Parallel`Kernels`Private`q$21443, Parallel`Kernels`Private`n0$21443, Parallel`Kernels`Private`n1$21443]]]
NIntegrate::ncvb: NIntegrate failed to converge to prescribed accuracy after 2 recursive bisections in yD near {xD, yD} = {0.0365827, -0.014338}. NIntegrate obtained 0.0694927 and 0.000266786 for the integral and error estimates.
StringForm[From `1`:, Parallel`Kernels`kernel[Parallel`Kernels`Private`bk[SubKernels`LocalKernels`localKernel[SubKernels`LocalKernels`Private`lk[LinkObject[/usr/local/Wolfram/Mathematica/12.0/Executables/wolfram -subkernel -noinit -nopaclet -wstp, 205, 2], {/usr/local/Wolfram/Mathematica/12.0/Executables/wolfram -subkernel -noinit -nopaclet -wstp}, SubKernels`LocalKernels`Private`speed$21427, SubKernels`LocalKernels`Private`preemptive$21427]], Parallel`Kernels`Private`id$21437, Parallel`Kernels`Private`name$21437], Parallel`Kernels`Private`ek[Parallel`Kernels`Private`nev$21438, Parallel`Kernels`Private`pb$21438, Parallel`Kernels`Private`rd$21438], Parallel`Kernels`Private`sk[Parallel`Kernels`Private`q$21439, Parallel`Kernels`Private`n0$21439, Parallel`Kernels`Private`n1$21439]]]
NIntegrate::ncvb: NIntegrate failed to converge to prescribed accuracy after 2 recursive bisections in yD near {xD, yD} = {0.0365827, 0.022255}. NIntegrate obtained 0.0118227 and 0.0000479983 for the integral and error estimates.
a = -1045e-4
Time consumption: 9.867933998611111
MaxMemUse :142.6432647705078 MB
Configured Kernels: {SubKernels`LocalKernels`LocalMachine[4, SubKernels`LocalKernels`LowerPriority -> True]}
Processor Count: 4
Modules loaded ...
4 Kernels launched ...
Run started at Sat 1 May 2021 03:26:16, Bins: {99, 106}
StringForm[From `1`:, Parallel`Kernels`kernel[Parallel`Kernels`Private`bk[SubKernels`LocalKernels`localKernel[SubKernels`LocalKernels`Private`lk[LinkObject[/usr/local/Wolfram/Mathematica/12.0/Executables/wolfram -subkernel -noinit -nopaclet -wstp, 205, 2], {/usr/local/Wolfram/Mathematica/12.0/Executables/wolfram -subkernel -noinit -nopaclet -wstp}, SubKernels`LocalKernels`Private`speed$21403, SubKernels`LocalKernels`Private`preemptive$21403]], Parallel`Kernels`Private`id$21413, Parallel`Kernels`Private`name$21413], Parallel`Kernels`Private`ek[Parallel`Kernels`Private`nev$21414, Parallel`Kernels`Private`pb$21414, Parallel`Kernels`Private`rd$21414], Parallel`Kernels`Private`sk[Parallel`Kernels`Private`q$21415, Parallel`Kernels`Private`n0$21415, Parallel`Kernels`Private`n1$21415]]]
                                                                                                                                                                                                -6
NIntegrate::ncvb: NIntegrate failed to converge to prescribed accuracy after 2 recursive bisections in yD near {xD, yD} = {0.0384577, -0.019111}. NIntegrate obtained 0.000644208 and 8.13432 10   for the integral and error estimates.
StringForm[From `1`:, Parallel`Kernels`kernel[Parallel`Kernels`Private`bk[SubKernels`LocalKernels`localKernel[SubKernels`LocalKernels`Private`lk[LinkObject[/usr/local/Wolfram/Mathematica/12.0/Executables/wolfram -subkernel -noinit -nopaclet -wstp, 204, 1], {/usr/local/Wolfram/Mathematica/12.0/Executables/wolfram -subkernel -noinit -nopaclet -wstp}, SubKernels`LocalKernels`Private`speed$21402, SubKernels`LocalKernels`Private`preemptive$21402]], Parallel`Kernels`Private`id$21409, Parallel`Kernels`Private`name$21409], Parallel`Kernels`Private`ek[Parallel`Kernels`Private`nev$21410, Parallel`Kernels`Private`pb$21410, Parallel`Kernels`Private`rd$21410], Parallel`Kernels`Private`sk[Parallel`Kernels`Private`q$21411, Parallel`Kernels`Private`n0$21411, Parallel`Kernels`Private`n1$21411]]]
NIntegrate::ncvb: NIntegrate failed to converge to prescribed accuracy after 2 recursive bisections in yD near {xD, yD} = {0.0384577, -0.014338}. NIntegrate obtained 0.0863195 and 0.000240613 for the integral and error estimates.
a = -1045e-4
Time consumption: 3.001946414722222
MaxMemUse :142.64441680908203 MB
Configured Kernels: {SubKernels`LocalKernels`LocalMachine[4, SubKernels`LocalKernels`LowerPriority -> True]}
Processor Count: 4
Modules loaded ...
4 Kernels launched ...
Run started at Sat 1 May 2021 06:26:24, Bins: {107, 122}
StringForm[From `1`:, Parallel`Kernels`kernel[Parallel`Kernels`Private`bk[SubKernels`LocalKernels`localKernel[SubKernels`LocalKernels`Private`lk[LinkObject[/usr/local/Wolfram/Mathematica/12.0/Executables/wolfram -subkernel -noinit -nopaclet -wstp, 205, 2], {/usr/local/Wolfram/Mathematica/12.0/Executables/wolfram -subkernel -noinit -nopaclet -wstp}, SubKernels`LocalKernels`Private`speed$21454, SubKernels`LocalKernels`Private`preemptive$21454]], Parallel`Kernels`Private`id$21464, Parallel`Kernels`Private`name$21464], Parallel`Kernels`Private`ek[Parallel`Kernels`Private`nev$21465, Parallel`Kernels`Private`pb$21465, Parallel`Kernels`Private`rd$21465], Parallel`Kernels`Private`sk[Parallel`Kernels`Private`q$21466, Parallel`Kernels`Private`n0$21466, Parallel`Kernels`Private`n1$21466]]]
                                                                                                                                                                                                -6
NIntegrate::ncvb: NIntegrate failed to converge to prescribed accuracy after 2 recursive bisections in yD near {xD, yD} = {0.0403327, -0.019111}. NIntegrate obtained 0.000818724 and 9.71525 10   for the integral and error estimates.
StringForm[From `1`:, Parallel`Kernels`kernel[Parallel`Kernels`Private`bk[SubKernels`LocalKernels`localKernel[SubKernels`LocalKernels`Private`lk[LinkObject[/usr/local/Wolfram/Mathematica/12.0/Executables/wolfram -subkernel -noinit -nopaclet -wstp, 207, 4], {/usr/local/Wolfram/Mathematica/12.0/Executables/wolfram -subkernel -noinit -nopaclet -wstp}, SubKernels`LocalKernels`Private`speed$21456, SubKernels`LocalKernels`Private`preemptive$21456]], Parallel`Kernels`Private`id$21472, Parallel`Kernels`Private`name$21472], Parallel`Kernels`Private`ek[Parallel`Kernels`Private`nev$21473, Parallel`Kernels`Private`pb$21473, Parallel`Kernels`Private`rd$21473], Parallel`Kernels`Private`sk[Parallel`Kernels`Private`q$21474, Parallel`Kernels`Private`n0$21474, Parallel`Kernels`Private`n1$21474]]]
NIntegrate::ncvb: NIntegrate failed to converge to prescribed accuracy after 2 recursive bisections in yD near {xD, yD} = {0.0403327, 0.022255}. NIntegrate obtained 0.0179095 and 0.000104818 for the integral and error estimates.
StringForm[From `1`:, Parallel`Kernels`kernel[Parallel`Kernels`Private`bk[SubKernels`LocalKernels`localKernel[SubKernels`LocalKernels`Private`lk[LinkObject[/usr/local/Wolfram/Mathematica/12.0/Executables/wolfram -subkernel -noinit -nopaclet -wstp, 206, 3], {/usr/local/Wolfram/Mathematica/12.0/Executables/wolfram -subkernel -noinit -nopaclet -wstp}, SubKernels`LocalKernels`Private`speed$21455, SubKernels`LocalKernels`Private`preemptive$21455]], Parallel`Kernels`Private`id$21468, Parallel`Kernels`Private`name$21468], Parallel`Kernels`Private`ek[Parallel`Kernels`Private`nev$21469, Parallel`Kernels`Private`pb$21469, Parallel`Kernels`Private`rd$21469], Parallel`Kernels`Private`sk[Parallel`Kernels`Private`q$21470, Parallel`Kernels`Private`n0$21470, Parallel`Kernels`Private`n1$21470]]]
NIntegrate::ncvb: NIntegrate failed to converge to prescribed accuracy after 3 recursive bisections in yD near {xD, yD} = {0.0384577, 0.0215835}. NIntegrate obtained 0.0160039 and 0.0000314579 for the integral and error estimates.
a = -1045e-4
Time consumption: 5.323805237777777
MaxMemUse :142.64420318603516 MB
Configured Kernels: {SubKernels`LocalKernels`LocalMachine[4, SubKernels`LocalKernels`LowerPriority -> True]}
Processor Count: 4
Modules loaded ...
4 Kernels launched ...
Run started at Sat 1 May 2021 11:45:50, Bins: {123, 138}
StringForm[From `1`:, Parallel`Kernels`kernel[Parallel`Kernels`Private`bk[SubKernels`LocalKernels`localKernel[SubKernels`LocalKernels`Private`lk[LinkObject[/usr/local/Wolfram/Mathematica/12.0/Executables/wolfram -subkernel -noinit -nopaclet -wstp, 207, 4], {/usr/local/Wolfram/Mathematica/12.0/Executables/wolfram -subkernel -noinit -nopaclet -wstp}, SubKernels`LocalKernels`Private`speed$21454, SubKernels`LocalKernels`Private`preemptive$21454]], Parallel`Kernels`Private`id$21470, Parallel`Kernels`Private`name$21470], Parallel`Kernels`Private`ek[Parallel`Kernels`Private`nev$21471, Parallel`Kernels`Private`pb$21471, Parallel`Kernels`Private`rd$21471], Parallel`Kernels`Private`sk[Parallel`Kernels`Private`q$21472, Parallel`Kernels`Private`n0$21472, Parallel`Kernels`Private`n1$21472]]]
                                                                                                                                                                                                -6
NIntegrate::ncvb: NIntegrate failed to converge to prescribed accuracy after 2 recursive bisections in yD near {xD, yD} = {0.0422077, -0.019111}. NIntegrate obtained 0.000872727 and 8.68146 10   for the integral and error estimates.
StringForm[From `1`:, Parallel`Kernels`kernel[Parallel`Kernels`Private`bk[SubKernels`LocalKernels`localKernel[SubKernels`LocalKernels`Private`lk[LinkObject[/usr/local/Wolfram/Mathematica/12.0/Executables/wolfram -subkernel -noinit -nopaclet -wstp, 204, 1], {/usr/local/Wolfram/Mathematica/12.0/Executables/wolfram -subkernel -noinit -nopaclet -wstp}, SubKernels`LocalKernels`Private`speed$21451, SubKernels`LocalKernels`Private`preemptive$21451]], Parallel`Kernels`Private`id$21458, Parallel`Kernels`Private`name$21458], Parallel`Kernels`Private`ek[Parallel`Kernels`Private`nev$21459, Parallel`Kernels`Private`pb$21459, Parallel`Kernels`Private`rd$21459], Parallel`Kernels`Private`sk[Parallel`Kernels`Private`q$21460, Parallel`Kernels`Private`n0$21460, Parallel`Kernels`Private`n1$21460]]]
                                                                                                                                                                                               -6
NIntegrate::ncvb: NIntegrate failed to converge to prescribed accuracy after 2 recursive bisections in yD near {xD, yD} = {0.0440827, -0.019111}. NIntegrate obtained 0.000845615 and 7.3931 10   for the integral and error estimates.
StringForm[From `1`:, Parallel`Kernels`kernel[Parallel`Kernels`Private`bk[SubKernels`LocalKernels`localKernel[SubKernels`LocalKernels`Private`lk[LinkObject[/usr/local/Wolfram/Mathematica/12.0/Executables/wolfram -subkernel -noinit -nopaclet -wstp, 207, 4], {/usr/local/Wolfram/Mathematica/12.0/Executables/wolfram -subkernel -noinit -nopaclet -wstp}, SubKernels`LocalKernels`Private`speed$21454, SubKernels`LocalKernels`Private`preemptive$21454]], Parallel`Kernels`Private`id$21470, Parallel`Kernels`Private`name$21470], Parallel`Kernels`Private`ek[Parallel`Kernels`Private`nev$21471, Parallel`Kernels`Private`pb$21471, Parallel`Kernels`Private`rd$21471], Parallel`Kernels`Private`sk[Parallel`Kernels`Private`q$21472, Parallel`Kernels`Private`n0$21472, Parallel`Kernels`Private`n1$21472]]]
NIntegrate::ncvb: NIntegrate failed to converge to prescribed accuracy after 2 recursive bisections in yD near {xD, yD} = {0.0422077, 0.022255}. NIntegrate obtained 0.0173719 and 0.000256625 for the integral and error estimates.
StringForm[From `1`:, Parallel`Kernels`kernel[Parallel`Kernels`Private`bk[SubKernels`LocalKernels`localKernel[SubKernels`LocalKernels`Private`lk[LinkObject[/usr/local/Wolfram/Mathematica/12.0/Executables/wolfram -subkernel -noinit -nopaclet -wstp, 205, 2], {/usr/local/Wolfram/Mathematica/12.0/Executables/wolfram -subkernel -noinit -nopaclet -wstp}, SubKernels`LocalKernels`Private`speed$21452, SubKernels`LocalKernels`Private`preemptive$21452]], Parallel`Kernels`Private`id$21462, Parallel`Kernels`Private`name$21462], Parallel`Kernels`Private`ek[Parallel`Kernels`Private`nev$21463, Parallel`Kernels`Private`pb$21463, Parallel`Kernels`Private`rd$21463], Parallel`Kernels`Private`sk[Parallel`Kernels`Private`q$21464, Parallel`Kernels`Private`n0$21464, Parallel`Kernels`Private`n1$21464]]]
NIntegrate::ncvb: NIntegrate failed to converge to prescribed accuracy after 2 recursive bisections in yD near {xD, yD} = {0.0440827, -0.014338}. NIntegrate obtained 0.0628396 and 0.000144585 for the integral and error estimates.
a = -1045e-4
Time consumption: 5.243730041666667
MaxMemUse :142.62461853027344 MB
Configured Kernels: {SubKernels`LocalKernels`LocalMachine[4, SubKernels`LocalKernels`LowerPriority -> True]}
Processor Count: 4
Modules loaded ...
4 Kernels launched ...
Run started at Sat 1 May 2021 17:00:29, Bins: {139, 154}
StringForm[From `1`:, Parallel`Kernels`kernel[Parallel`Kernels`Private`bk[SubKernels`LocalKernels`localKernel[SubKernels`LocalKernels`Private`lk[LinkObject[/usr/local/Wolfram/Mathematica/12.0/Executables/wolfram -subkernel -noinit -nopaclet -wstp, 204, 1], {/usr/local/Wolfram/Mathematica/12.0/Executables/wolfram -subkernel -noinit -nopaclet -wstp}, SubKernels`LocalKernels`Private`speed$21477, SubKernels`LocalKernels`Private`preemptive$21477]], Parallel`Kernels`Private`id$21484, Parallel`Kernels`Private`name$21484], Parallel`Kernels`Private`ek[Parallel`Kernels`Private`nev$21485, Parallel`Kernels`Private`pb$21485, Parallel`Kernels`Private`rd$21485], Parallel`Kernels`Private`sk[Parallel`Kernels`Private`q$21486, Parallel`Kernels`Private`n0$21486, Parallel`Kernels`Private`n1$21486]]]
                                                                                                                                                                                                -6
NIntegrate::ncvb: NIntegrate failed to converge to prescribed accuracy after 2 recursive bisections in yD near {xD, yD} = {0.0459577, -0.019111}. NIntegrate obtained 0.000667423 and 6.93939 10   for the integral and error estimates.
StringForm[From `1`:, Parallel`Kernels`kernel[Parallel`Kernels`Private`bk[SubKernels`LocalKernels`localKernel[SubKernels`LocalKernels`Private`lk[LinkObject[/usr/local/Wolfram/Mathematica/12.0/Executables/wolfram -subkernel -noinit -nopaclet -wstp, 205, 2], {/usr/local/Wolfram/Mathematica/12.0/Executables/wolfram -subkernel -noinit -nopaclet -wstp}, SubKernels`LocalKernels`Private`speed$21478, SubKernels`LocalKernels`Private`preemptive$21478]], Parallel`Kernels`Private`id$21488, Parallel`Kernels`Private`name$21488], Parallel`Kernels`Private`ek[Parallel`Kernels`Private`nev$21489, Parallel`Kernels`Private`pb$21489, Parallel`Kernels`Private`rd$21489], Parallel`Kernels`Private`sk[Parallel`Kernels`Private`q$21490, Parallel`Kernels`Private`n0$21490, Parallel`Kernels`Private`n1$21490]]]
NIntegrate::ncvb: NIntegrate failed to converge to prescribed accuracy after 2 recursive bisections in yD near {xD, yD} = {0.0440827, 0.022255}. NIntegrate obtained 0.0146219 and 0.000230271 for the integral and error estimates.
StringForm[From `1`:, Parallel`Kernels`kernel[Parallel`Kernels`Private`bk[SubKernels`LocalKernels`localKernel[SubKernels`LocalKernels`Private`lk[LinkObject[/usr/local/Wolfram/Mathematica/12.0/Executables/wolfram -subkernel -noinit -nopaclet -wstp, 207, 4], {/usr/local/Wolfram/Mathematica/12.0/Executables/wolfram -subkernel -noinit -nopaclet -wstp}, SubKernels`LocalKernels`Private`speed$21480, SubKernels`LocalKernels`Private`preemptive$21480]], Parallel`Kernels`Private`id$21496, Parallel`Kernels`Private`name$21496], Parallel`Kernels`Private`ek[Parallel`Kernels`Private`nev$21497, Parallel`Kernels`Private`pb$21497, Parallel`Kernels`Private`rd$21497], Parallel`Kernels`Private`sk[Parallel`Kernels`Private`q$21498, Parallel`Kernels`Private`n0$21498, Parallel`Kernels`Private`n1$21498]]]
NIntegrate::ncvb: NIntegrate failed to converge to prescribed accuracy after 2 recursive bisections in yD near {xD, yD} = {0.0459577, -0.014338}. NIntegrate obtained 0.0393838 and 0.0000866674 for the integral and error estimates.
StringForm[From `1`:, Parallel`Kernels`kernel[Parallel`Kernels`Private`bk[SubKernels`LocalKernels`localKernel[SubKernels`LocalKernels`Private`lk[LinkObject[/usr/local/Wolfram/Mathematica/12.0/Executables/wolfram -subkernel -noinit -nopaclet -wstp, 204, 1], {/usr/local/Wolfram/Mathematica/12.0/Executables/wolfram -subkernel -noinit -nopaclet -wstp}, SubKernels`LocalKernels`Private`speed$21477, SubKernels`LocalKernels`Private`preemptive$21477]], Parallel`Kernels`Private`id$21484, Parallel`Kernels`Private`name$21484], Parallel`Kernels`Private`ek[Parallel`Kernels`Private`nev$21485, Parallel`Kernels`Private`pb$21485, Parallel`Kernels`Private`rd$21485], Parallel`Kernels`Private`sk[Parallel`Kernels`Private`q$21486, Parallel`Kernels`Private`n0$21486, Parallel`Kernels`Private`n1$21486]]]
NIntegrate::ncvb: NIntegrate failed to converge to prescribed accuracy after 2 recursive bisections in yD near {xD, yD} = {0.0459577, 0.022255}. NIntegrate obtained 0.0101144 and 0.000111945 for the integral and error estimates.
a = -1045e-4
Time consumption: 5.048088357777778
MaxMemUse :142.64964294433594 MB
Configured Kernels: {SubKernels`LocalKernels`LocalMachine[4, SubKernels`LocalKernels`LowerPriority -> True]}
Processor Count: 4
Modules loaded ...
4 Kernels launched ...
Run started at Sat 1 May 2021 22:03:22, Bins: {155, 178}
StringForm[From `1`:, Parallel`Kernels`kernel[Parallel`Kernels`Private`bk[SubKernels`LocalKernels`localKernel[SubKernels`LocalKernels`Private`lk[LinkObject[/usr/local/Wolfram/Mathematica/12.0/Executables/wolfram -subkernel -noinit -nopaclet -wstp, 206, 3], {/usr/local/Wolfram/Mathematica/12.0/Executables/wolfram -subkernel -noinit -nopaclet -wstp}, SubKernels`LocalKernels`Private`speed$21470, SubKernels`LocalKernels`Private`preemptive$21470]], Parallel`Kernels`Private`id$21483, Parallel`Kernels`Private`name$21483], Parallel`Kernels`Private`ek[Parallel`Kernels`Private`nev$21484, Parallel`Kernels`Private`pb$21484, Parallel`Kernels`Private`rd$21484], Parallel`Kernels`Private`sk[Parallel`Kernels`Private`q$21485, Parallel`Kernels`Private`n0$21485, Parallel`Kernels`Private`n1$21485]]]
NIntegrate::ncvb: NIntegrate failed to converge to prescribed accuracy after 2 recursive bisections in yD near {xD, yD} = {0.0479789, -0.01752}. NIntegrate obtained 0.000347046 and 0.0000106676 for the integral and error estimates.
StringForm[From `1`:, Parallel`Kernels`kernel[Parallel`Kernels`Private`bk[SubKernels`LocalKernels`localKernel[SubKernels`LocalKernels`Private`lk[LinkObject[/usr/local/Wolfram/Mathematica/12.0/Executables/wolfram -subkernel -noinit -nopaclet -wstp, 205, 2], {/usr/local/Wolfram/Mathematica/12.0/Executables/wolfram -subkernel -noinit -nopaclet -wstp}, SubKernels`LocalKernels`Private`speed$21469, SubKernels`LocalKernels`Private`preemptive$21469]], Parallel`Kernels`Private`id$21479, Parallel`Kernels`Private`name$21479], Parallel`Kernels`Private`ek[Parallel`Kernels`Private`nev$21480, Parallel`Kernels`Private`pb$21480, Parallel`Kernels`Private`rd$21480], Parallel`Kernels`Private`sk[Parallel`Kernels`Private`q$21481, Parallel`Kernels`Private`n0$21481, Parallel`Kernels`Private`n1$21481]]]
NIntegrate::ncvb: NIntegrate failed to converge to prescribed accuracy after 2 recursive bisections in yD near {xD, yD} = {0.0497077, -0.01752}. NIntegrate obtained 0.0000760049 and 0.0000346853 for the integral and error estimates.
StringForm[From `1`:, Parallel`Kernels`kernel[Parallel`Kernels`Private`bk[SubKernels`LocalKernels`localKernel[SubKernels`LocalKernels`Private`lk[LinkObject[/usr/local/Wolfram/Mathematica/12.0/Executables/wolfram -subkernel -noinit -nopaclet -wstp, 207, 4], {/usr/local/Wolfram/Mathematica/12.0/Executables/wolfram -subkernel -noinit -nopaclet -wstp}, SubKernels`LocalKernels`Private`speed$21471, SubKernels`LocalKernels`Private`preemptive$21471]], Parallel`Kernels`Private`id$21487, Parallel`Kernels`Private`name$21487], Parallel`Kernels`Private`ek[Parallel`Kernels`Private`nev$21488, Parallel`Kernels`Private`pb$21488, Parallel`Kernels`Private`rd$21488], Parallel`Kernels`Private`sk[Parallel`Kernels`Private`q$21489, Parallel`Kernels`Private`n0$21489, Parallel`Kernels`Private`n1$21489]]]
                                                                                                                                                                                              -6
NIntegrate::ncvb: NIntegrate failed to converge to prescribed accuracy after 2 recursive bisections in yD near {xD, yD} = {0.0478327, 0.023846}. NIntegrate obtained 0.00541048 and 9.03708 10   for the integral and error estimates.
StringForm[From `1`:, Parallel`Kernels`kernel[Parallel`Kernels`Private`bk[SubKernels`LocalKernels`localKernel[SubKernels`LocalKernels`Private`lk[LinkObject[/usr/local/Wolfram/Mathematica/12.0/Executables/wolfram -subkernel -noinit -nopaclet -wstp, 206, 3], {/usr/local/Wolfram/Mathematica/12.0/Executables/wolfram -subkernel -noinit -nopaclet -wstp}, SubKernels`LocalKernels`Private`speed$21470, SubKernels`LocalKernels`Private`preemptive$21470]], Parallel`Kernels`Private`id$21483, Parallel`Kernels`Private`name$21483], Parallel`Kernels`Private`ek[Parallel`Kernels`Private`nev$21484, Parallel`Kernels`Private`pb$21484, Parallel`Kernels`Private`rd$21484], Parallel`Kernels`Private`sk[Parallel`Kernels`Private`q$21485, Parallel`Kernels`Private`n0$21485, Parallel`Kernels`Private`n1$21485]]]
NIntegrate::ncvb: NIntegrate failed to converge to prescribed accuracy after 2 recursive bisections in yD near {xD, yD} = {0.0478327, 0.019073}. NIntegrate obtained 0.034202 and 0.000187567 for the integral and error estimates.
StringForm[From `1`:, Parallel`Kernels`kernel[Parallel`Kernels`Private`bk[SubKernels`LocalKernels`localKernel[SubKernels`LocalKernels`Private`lk[LinkObject[/usr/local/Wolfram/Mathematica/12.0/Executables/wolfram -subkernel -noinit -nopaclet -wstp, 207, 4], {/usr/local/Wolfram/Mathematica/12.0/Executables/wolfram -subkernel -noinit -nopaclet -wstp}, SubKernels`LocalKernels`Private`speed$21471, SubKernels`LocalKernels`Private`preemptive$21471]], Parallel`Kernels`Private`id$21487, Parallel`Kernels`Private`name$21487], Parallel`Kernels`Private`ek[Parallel`Kernels`Private`nev$21488, Parallel`Kernels`Private`pb$21488, Parallel`Kernels`Private`rd$21488], Parallel`Kernels`Private`sk[Parallel`Kernels`Private`q$21489, Parallel`Kernels`Private`n0$21489, Parallel`Kernels`Private`n1$21489]]]
                                                                                                                                                                               -6              -6
NIntegrate::ncvb: NIntegrate failed to converge to prescribed accuracy after 2 recursive bisections in yD near {xD, yD} = {0.0515827, -0.01752}. NIntegrate obtained 2.96104 10   and 2.2046 10   for the integral and error estimates.
StringForm[From `1`:, Parallel`Kernels`kernel[Parallel`Kernels`Private`bk[SubKernels`LocalKernels`localKernel[SubKernels`LocalKernels`Private`lk[LinkObject[/usr/local/Wolfram/Mathematica/12.0/Executables/wolfram -subkernel -noinit -nopaclet -wstp, 206, 3], {/usr/local/Wolfram/Mathematica/12.0/Executables/wolfram -subkernel -noinit -nopaclet -wstp}, SubKernels`LocalKernels`Private`speed$21470, SubKernels`LocalKernels`Private`preemptive$21470]], Parallel`Kernels`Private`id$21483, Parallel`Kernels`Private`name$21483], Parallel`Kernels`Private`ek[Parallel`Kernels`Private`nev$21484, Parallel`Kernels`Private`pb$21484, Parallel`Kernels`Private`rd$21484], Parallel`Kernels`Private`sk[Parallel`Kernels`Private`q$21485, Parallel`Kernels`Private`n0$21485, Parallel`Kernels`Private`n1$21485]]]
NIntegrate::ncvb: NIntegrate failed to converge to prescribed accuracy after 2 recursive bisections in yD near {xD, yD} = {0.0497077, 0.025437}. NIntegrate obtained 0.00198792 and 0.0000341527 for the integral and error estimates.
StringForm[From `1`:, Parallel`Kernels`kernel[Parallel`Kernels`Private`bk[SubKernels`LocalKernels`localKernel[SubKernels`LocalKernels`Private`lk[LinkObject[/usr/local/Wolfram/Mathematica/12.0/Executables/wolfram -subkernel -noinit -nopaclet -wstp, 205, 2], {/usr/local/Wolfram/Mathematica/12.0/Executables/wolfram -subkernel -noinit -nopaclet -wstp}, SubKernels`LocalKernels`Private`speed$21469, SubKernels`LocalKernels`Private`preemptive$21469]], Parallel`Kernels`Private`id$21479, Parallel`Kernels`Private`name$21479], Parallel`Kernels`Private`ek[Parallel`Kernels`Private`nev$21480, Parallel`Kernels`Private`pb$21480, Parallel`Kernels`Private`rd$21480], Parallel`Kernels`Private`sk[Parallel`Kernels`Private`q$21481, Parallel`Kernels`Private`n0$21481, Parallel`Kernels`Private`n1$21481]]]
NIntegrate::ncvb: NIntegrate failed to converge to prescribed accuracy after 2 recursive bisections in yD near {xD, yD} = {0.0489164, -0.014338}. NIntegrate obtained 0.00552728 and 0.0000130144 for the integral and error estimates.
a = -1045e-4
Time consumption: 7.739917701944444
MaxMemUse :142.64430236816406 MB
Configured Kernels: {SubKernels`LocalKernels`LocalMachine[4, SubKernels`LocalKernels`LowerPriority -> True]}
Processor Count: 4
Modules loaded ...
4 Kernels launched ...
Run started at Sun 2 May 2021 05:47:47, Bins: {179, 264}
StringForm[From `1`:, Parallel`Kernels`kernel[Parallel`Kernels`Private`bk[SubKernels`LocalKernels`localKernel[SubKernels`LocalKernels`Private`lk[LinkObject[/usr/local/Wolfram/Mathematica/12.0/Executables/wolfram -subkernel -noinit -nopaclet -wstp, 207, 4], {/usr/local/Wolfram/Mathematica/12.0/Executables/wolfram -subkernel -noinit -nopaclet -wstp}, SubKernels`LocalKernels`Private`speed$22067, SubKernels`LocalKernels`Private`preemptive$22067]], Parallel`Kernels`Private`id$22083, Parallel`Kernels`Private`name$22083], Parallel`Kernels`Private`ek[Parallel`Kernels`Private`nev$22084, Parallel`Kernels`Private`pb$22084, Parallel`Kernels`Private`rd$22084], Parallel`Kernels`Private`sk[Parallel`Kernels`Private`q$22085, Parallel`Kernels`Private`n0$22085, Parallel`Kernels`Private`n1$22085]]]
                                                                                                                                                                                              -6
NIntegrate::ncvb: NIntegrate failed to converge to prescribed accuracy after 2 recursive bisections in yD near {xD, yD} = {0.0515827, -0.015929}. NIntegrate obtained 0.00121314 and 2.7314 10   for the integral and error estimates.
StringForm[From `1`:, Parallel`Kernels`kernel[Parallel`Kernels`Private`bk[SubKernels`LocalKernels`localKernel[SubKernels`LocalKernels`Private`lk[LinkObject[/usr/local/Wolfram/Mathematica/12.0/Executables/wolfram -subkernel -noinit -nopaclet -wstp, 204, 1], {/usr/local/Wolfram/Mathematica/12.0/Executables/wolfram -subkernel -noinit -nopaclet -wstp}, SubKernels`LocalKernels`Private`speed$22064, SubKernels`LocalKernels`Private`preemptive$22064]], Parallel`Kernels`Private`id$22071, Parallel`Kernels`Private`name$22071], Parallel`Kernels`Private`ek[Parallel`Kernels`Private`nev$22072, Parallel`Kernels`Private`pb$22072, Parallel`Kernels`Private`rd$22072], Parallel`Kernels`Private`sk[Parallel`Kernels`Private`q$22073, Parallel`Kernels`Private`n0$22073, Parallel`Kernels`Private`n1$22073]]]
                                                                                                                                                                                              -6
NIntegrate::ncvb: NIntegrate failed to converge to prescribed accuracy after 2 recursive bisections in xD near {xD, yD} = {0.0503957, 0.023598}. NIntegrate obtained 0.000474832 and 1.4336 10   for the integral and error estimates.
a = -1045e-4
Time consumption: 3.630409462222222
MaxMemUse :142.66382598876953 MB
