Configured Kernels: {SubKernels`LocalKernels`LocalMachine[4, SubKernels`LocalKernels`LowerPriority -> True]}
Processor Count: 4
Modules loaded ...
4 Kernels launched ...
Run started at Fri 3 Dec 2021 10:57:45, Bins: {1, 49}
StringForm[From `1`:, Parallel`Kernels`kernel[Parallel`Kernels`Private`bk[SubKernels`LocalKernels`localKernel[SubKernels`LocalKernels`Private`lk[LinkObject[/usr/local/Wolfram/Mathematica/12.0/Executables/wolfram -subkernel -noinit -nopaclet -wstp, 206, 3], {/usr/local/Wolfram/Mathematica/12.0/Executables/wolfram -subkernel -noinit -nopaclet -wstp}, SubKernels`LocalKernels`Private`speed$21500, SubKernels`LocalKernels`Private`preemptive$21500]], Parallel`Kernels`Private`id$21513, Parallel`Kernels`Private`name$21513], Parallel`Kernels`Private`ek[Parallel`Kernels`Private`nev$21514, Parallel`Kernels`Private`pb$21514, Parallel`Kernels`Private`rd$21514], Parallel`Kernels`Private`sk[Parallel`Kernels`Private`q$21515, Parallel`Kernels`Private`n0$21515, Parallel`Kernels`Private`n1$21515]]]
                                                                                                                                                                                                -6
NIntegrate::ncvb: NIntegrate failed to converge to prescribed accuracy after 2 recursive bisections in yD near {xD, yD} = {0.0272077, 0.022255}. NIntegrate obtained 0.0000106222 and 2.67875 10   for the integral and error estimates.
StringForm[From `1`:, Parallel`Kernels`kernel[Parallel`Kernels`Private`bk[SubKernels`LocalKernels`localKernel[SubKernels`LocalKernels`Private`lk[LinkObject[/usr/local/Wolfram/Mathematica/12.0/Executables/wolfram -subkernel -noinit -nopaclet -wstp, 204, 1], {/usr/local/Wolfram/Mathematica/12.0/Executables/wolfram -subkernel -noinit -nopaclet -wstp}, SubKernels`LocalKernels`Private`speed$21498, SubKernels`LocalKernels`Private`preemptive$21498]], Parallel`Kernels`Private`id$21505, Parallel`Kernels`Private`name$21505], Parallel`Kernels`Private`ek[Parallel`Kernels`Private`nev$21506, Parallel`Kernels`Private`pb$21506, Parallel`Kernels`Private`rd$21506], Parallel`Kernels`Private`sk[Parallel`Kernels`Private`q$21507, Parallel`Kernels`Private`n0$21507, Parallel`Kernels`Private`n1$21507]]]
                                                                                                                                                                                               -6
NIntegrate::ncvb: NIntegrate failed to converge to prescribed accuracy after 2 recursive bisections in yD near {xD, yD} = {0.0272077, -0.014338}. NIntegrate obtained 0.00011442 and 1.37031 10   for the integral and error estimates.
StringForm[From `1`:, Parallel`Kernels`kernel[Parallel`Kernels`Private`bk[SubKernels`LocalKernels`localKernel[SubKernels`LocalKernels`Private`lk[LinkObject[/usr/local/Wolfram/Mathematica/12.0/Executables/wolfram -subkernel -noinit -nopaclet -wstp, 205, 2], {/usr/local/Wolfram/Mathematica/12.0/Executables/wolfram -subkernel -noinit -nopaclet -wstp}, SubKernels`LocalKernels`Private`speed$21499, SubKernels`LocalKernels`Private`preemptive$21499]], Parallel`Kernels`Private`id$21509, Parallel`Kernels`Private`name$21509], Parallel`Kernels`Private`ek[Parallel`Kernels`Private`nev$21510, Parallel`Kernels`Private`pb$21510, Parallel`Kernels`Private`rd$21510], Parallel`Kernels`Private`sk[Parallel`Kernels`Private`q$21511, Parallel`Kernels`Private`n0$21511, Parallel`Kernels`Private`n1$21511]]]
NIntegrate::ncvb: NIntegrate failed to converge to prescribed accuracy after 2 recursive bisections in yD near {xD, yD} = {0.0290827, -0.014338}. NIntegrate obtained 0.0020816 and 0.0000306073 for the integral and error estimates.
a = -1045e-4
Time consumption: 1.9460604694444443
MaxMemUse :144.52050018310547 MB
Configured Kernels: {SubKernels`LocalKernels`LocalMachine[4, SubKernels`LocalKernels`LowerPriority -> True]}
Processor Count: 4
Modules loaded ...
4 Kernels launched ...
Run started at Fri 3 Dec 2021 12:54:32, Bins: {50, 98}
StringForm[From `1`:, Parallel`Kernels`kernel[Parallel`Kernels`Private`bk[SubKernels`LocalKernels`localKernel[SubKernels`LocalKernels`Private`lk[LinkObject[/usr/local/Wolfram/Mathematica/12.0/Executables/wolfram -subkernel -noinit -nopaclet -wstp, 204, 1], {/usr/local/Wolfram/Mathematica/12.0/Executables/wolfram -subkernel -noinit -nopaclet -wstp}, SubKernels`LocalKernels`Private`speed$21726, SubKernels`LocalKernels`Private`preemptive$21726]], Parallel`Kernels`Private`id$21733, Parallel`Kernels`Private`name$21733], Parallel`Kernels`Private`ek[Parallel`Kernels`Private`nev$21734, Parallel`Kernels`Private`pb$21734, Parallel`Kernels`Private`rd$21734], Parallel`Kernels`Private`sk[Parallel`Kernels`Private`q$21735, Parallel`Kernels`Private`n0$21735, Parallel`Kernels`Private`n1$21735]]]
NIntegrate::ncvb: NIntegrate failed to converge to prescribed accuracy after 2 recursive bisections in yD near {xD, yD} = {0.0290827, 0.022255}. NIntegrate obtained 0.00020706 and 0.0000136689 for the integral and error estimates.
StringForm[From `1`:, Parallel`Kernels`kernel[Parallel`Kernels`Private`bk[SubKernels`LocalKernels`localKernel[SubKernels`LocalKernels`Private`lk[LinkObject[/usr/local/Wolfram/Mathematica/12.0/Executables/wolfram -subkernel -noinit -nopaclet -wstp, 205, 2], {/usr/local/Wolfram/Mathematica/12.0/Executables/wolfram -subkernel -noinit -nopaclet -wstp}, SubKernels`LocalKernels`Private`speed$21727, SubKernels`LocalKernels`Private`preemptive$21727]], Parallel`Kernels`Private`id$21737, Parallel`Kernels`Private`name$21737], Parallel`Kernels`Private`ek[Parallel`Kernels`Private`nev$21738, Parallel`Kernels`Private`pb$21738, Parallel`Kernels`Private`rd$21738], Parallel`Kernels`Private`sk[Parallel`Kernels`Private`q$21739, Parallel`Kernels`Private`n0$21739, Parallel`Kernels`Private`n1$21739]]]
                                                                                                                                                                               -6               -6
NIntegrate::ncvb: NIntegrate failed to converge to prescribed accuracy after 2 recursive bisections in yD near {xD, yD} = {0.0328327, -0.01752}. NIntegrate obtained 7.86052 10   and 1.85289 10   for the integral and error estimates.
StringForm[From `1`:, Parallel`Kernels`kernel[Parallel`Kernels`Private`bk[SubKernels`LocalKernels`localKernel[SubKernels`LocalKernels`Private`lk[LinkObject[/usr/local/Wolfram/Mathematica/12.0/Executables/wolfram -subkernel -noinit -nopaclet -wstp, 207, 4], {/usr/local/Wolfram/Mathematica/12.0/Executables/wolfram -subkernel -noinit -nopaclet -wstp}, SubKernels`LocalKernels`Private`speed$21729, SubKernels`LocalKernels`Private`preemptive$21729]], Parallel`Kernels`Private`id$21745, Parallel`Kernels`Private`name$21745], Parallel`Kernels`Private`ek[Parallel`Kernels`Private`nev$21746, Parallel`Kernels`Private`pb$21746, Parallel`Kernels`Private`rd$21746], Parallel`Kernels`Private`sk[Parallel`Kernels`Private`q$21747, Parallel`Kernels`Private`n0$21747, Parallel`Kernels`Private`n1$21747]]]
NIntegrate::ncvb: NIntegrate failed to converge to prescribed accuracy after 2 recursive bisections in yD near {xD, yD} = {0.0309577, -0.014338}. NIntegrate obtained 0.00928777 and 0.000109265 for the integral and error estimates.
StringForm[From `1`:, Parallel`Kernels`kernel[Parallel`Kernels`Private`bk[SubKernels`LocalKernels`localKernel[SubKernels`LocalKernels`Private`lk[LinkObject[/usr/local/Wolfram/Mathematica/12.0/Executables/wolfram -subkernel -noinit -nopaclet -wstp, 206, 3], {/usr/local/Wolfram/Mathematica/12.0/Executables/wolfram -subkernel -noinit -nopaclet -wstp}, SubKernels`LocalKernels`Private`speed$21728, SubKernels`LocalKernels`Private`preemptive$21728]], Parallel`Kernels`Private`id$21741, Parallel`Kernels`Private`name$21741], Parallel`Kernels`Private`ek[Parallel`Kernels`Private`nev$21742, Parallel`Kernels`Private`pb$21742, Parallel`Kernels`Private`rd$21742], Parallel`Kernels`Private`sk[Parallel`Kernels`Private`q$21743, Parallel`Kernels`Private`n0$21743, Parallel`Kernels`Private`n1$21743]]]
NIntegrate::ncvb: NIntegrate failed to converge to prescribed accuracy after 2 recursive bisections in yD near {xD, yD} = {0.0309577, 0.022255}. NIntegrate obtained 0.00105365 and 0.0000482418 for the integral and error estimates.
StringForm[From `1`:, Parallel`Kernels`kernel[Parallel`Kernels`Private`bk[SubKernels`LocalKernels`localKernel[SubKernels`LocalKernels`Private`lk[LinkObject[/usr/local/Wolfram/Mathematica/12.0/Executables/wolfram -subkernel -noinit -nopaclet -wstp, 207, 4], {/usr/local/Wolfram/Mathematica/12.0/Executables/wolfram -subkernel -noinit -nopaclet -wstp}, SubKernels`LocalKernels`Private`speed$21729, SubKernels`LocalKernels`Private`preemptive$21729]], Parallel`Kernels`Private`id$21745, Parallel`Kernels`Private`name$21745], Parallel`Kernels`Private`ek[Parallel`Kernels`Private`nev$21746, Parallel`Kernels`Private`pb$21746, Parallel`Kernels`Private`rd$21746], Parallel`Kernels`Private`sk[Parallel`Kernels`Private`q$21747, Parallel`Kernels`Private`n0$21747, Parallel`Kernels`Private`n1$21747]]]
                                                                                                                                                                                                -6
NIntegrate::ncvb: NIntegrate failed to converge to prescribed accuracy after 2 recursive bisections in yD near {xD, yD} = {0.0347077, -0.01752}. NIntegrate obtained 0.0000996544 and 8.06878 10   for the integral and error estimates.
StringForm[From `1`:, Parallel`Kernels`kernel[Parallel`Kernels`Private`bk[SubKernels`LocalKernels`localKernel[SubKernels`LocalKernels`Private`lk[LinkObject[/usr/local/Wolfram/Mathematica/12.0/Executables/wolfram -subkernel -noinit -nopaclet -wstp, 205, 2], {/usr/local/Wolfram/Mathematica/12.0/Executables/wolfram -subkernel -noinit -nopaclet -wstp}, SubKernels`LocalKernels`Private`speed$21727, SubKernels`LocalKernels`Private`preemptive$21727]], Parallel`Kernels`Private`id$21737, Parallel`Kernels`Private`name$21737], Parallel`Kernels`Private`ek[Parallel`Kernels`Private`nev$21738, Parallel`Kernels`Private`pb$21738, Parallel`Kernels`Private`rd$21738], Parallel`Kernels`Private`sk[Parallel`Kernels`Private`q$21739, Parallel`Kernels`Private`n0$21739, Parallel`Kernels`Private`n1$21739]]]
NIntegrate::ncvb: NIntegrate failed to converge to prescribed accuracy after 2 recursive bisections in yD near {xD, yD} = {0.0328327, -0.014338}. NIntegrate obtained 0.0241693 and 0.000189719 for the integral and error estimates.
StringForm[From `1`:, Parallel`Kernels`kernel[Parallel`Kernels`Private`bk[SubKernels`LocalKernels`localKernel[SubKernels`LocalKernels`Private`lk[LinkObject[/usr/local/Wolfram/Mathematica/12.0/Executables/wolfram -subkernel -noinit -nopaclet -wstp, 204, 1], {/usr/local/Wolfram/Mathematica/12.0/Executables/wolfram -subkernel -noinit -nopaclet -wstp}, SubKernels`LocalKernels`Private`speed$21726, SubKernels`LocalKernels`Private`preemptive$21726]], Parallel`Kernels`Private`id$21733, Parallel`Kernels`Private`name$21733], Parallel`Kernels`Private`ek[Parallel`Kernels`Private`nev$21734, Parallel`Kernels`Private`pb$21734, Parallel`Kernels`Private`rd$21734], Parallel`Kernels`Private`sk[Parallel`Kernels`Private`q$21735, Parallel`Kernels`Private`n0$21735, Parallel`Kernels`Private`n1$21735]]]
NIntegrate::ncvb: NIntegrate failed to converge to prescribed accuracy after 2 recursive bisections in yD near {xD, yD} = {0.0347077, -0.014338}. NIntegrate obtained 0.0460921 and 0.000249264 for the integral and error estimates.
StringForm[From `1`:, Parallel`Kernels`kernel[Parallel`Kernels`Private`bk[SubKernels`LocalKernels`localKernel[SubKernels`LocalKernels`Private`lk[LinkObject[/usr/local/Wolfram/Mathematica/12.0/Executables/wolfram -subkernel -noinit -nopaclet -wstp, 207, 4], {/usr/local/Wolfram/Mathematica/12.0/Executables/wolfram -subkernel -noinit -nopaclet -wstp}, SubKernels`LocalKernels`Private`speed$21729, SubKernels`LocalKernels`Private`preemptive$21729]], Parallel`Kernels`Private`id$21745, Parallel`Kernels`Private`name$21745], Parallel`Kernels`Private`ek[Parallel`Kernels`Private`nev$21746, Parallel`Kernels`Private`pb$21746, Parallel`Kernels`Private`rd$21746], Parallel`Kernels`Private`sk[Parallel`Kernels`Private`q$21747, Parallel`Kernels`Private`n0$21747, Parallel`Kernels`Private`n1$21747]]]
NIntegrate::ncvb: NIntegrate failed to converge to prescribed accuracy after 2 recursive bisections in yD near {xD, yD} = {0.0347077, 0.022255}. NIntegrate obtained 0.00696205 and 0.0000854891 for the integral and error estimates.
StringForm[From `1`:, Parallel`Kernels`kernel[Parallel`Kernels`Private`bk[SubKernels`LocalKernels`localKernel[SubKernels`LocalKernels`Private`lk[LinkObject[/usr/local/Wolfram/Mathematica/12.0/Executables/wolfram -subkernel -noinit -nopaclet -wstp, 206, 3], {/usr/local/Wolfram/Mathematica/12.0/Executables/wolfram -subkernel -noinit -nopaclet -wstp}, SubKernels`LocalKernels`Private`speed$21728, SubKernels`LocalKernels`Private`preemptive$21728]], Parallel`Kernels`Private`id$21741, Parallel`Kernels`Private`name$21741], Parallel`Kernels`Private`ek[Parallel`Kernels`Private`nev$21742, Parallel`Kernels`Private`pb$21742, Parallel`Kernels`Private`rd$21742], Parallel`Kernels`Private`sk[Parallel`Kernels`Private`q$21743, Parallel`Kernels`Private`n0$21743, Parallel`Kernels`Private`n1$21743]]]
NIntegrate::ncvb: NIntegrate failed to converge to prescribed accuracy after 2 recursive bisections in yD near {xD, yD} = {0.0365827, -0.014338}. NIntegrate obtained 0.0695003 and 0.000266768 for the integral and error estimates.
StringForm[From `1`:, Parallel`Kernels`kernel[Parallel`Kernels`Private`bk[SubKernels`LocalKernels`localKernel[SubKernels`LocalKernels`Private`lk[LinkObject[/usr/local/Wolfram/Mathematica/12.0/Executables/wolfram -subkernel -noinit -nopaclet -wstp, 205, 2], {/usr/local/Wolfram/Mathematica/12.0/Executables/wolfram -subkernel -noinit -nopaclet -wstp}, SubKernels`LocalKernels`Private`speed$21727, SubKernels`LocalKernels`Private`preemptive$21727]], Parallel`Kernels`Private`id$21737, Parallel`Kernels`Private`name$21737], Parallel`Kernels`Private`ek[Parallel`Kernels`Private`nev$21738, Parallel`Kernels`Private`pb$21738, Parallel`Kernels`Private`rd$21738], Parallel`Kernels`Private`sk[Parallel`Kernels`Private`q$21739, Parallel`Kernels`Private`n0$21739, Parallel`Kernels`Private`n1$21739]]]
NIntegrate::ncvb: NIntegrate failed to converge to prescribed accuracy after 2 recursive bisections in yD near {xD, yD} = {0.0365827, 0.022255}. NIntegrate obtained 0.0118248 and 0.0000480739 for the integral and error estimates.
a = -1045e-4
Time consumption: 9.813025923333333
MaxMemUse :144.53489685058594 MB
Configured Kernels: {SubKernels`LocalKernels`LocalMachine[4, SubKernels`LocalKernels`LowerPriority -> True]}
Processor Count: 4
Modules loaded ...
4 Kernels launched ...
Run started at Fri 3 Dec 2021 22:43:19, Bins: {99, 106}
StringForm[From `1`:, Parallel`Kernels`kernel[Parallel`Kernels`Private`bk[SubKernels`LocalKernels`localKernel[SubKernels`LocalKernels`Private`lk[LinkObject[/usr/local/Wolfram/Mathematica/12.0/Executables/wolfram -subkernel -noinit -nopaclet -wstp, 205, 2], {/usr/local/Wolfram/Mathematica/12.0/Executables/wolfram -subkernel -noinit -nopaclet -wstp}, SubKernels`LocalKernels`Private`speed$21746, SubKernels`LocalKernels`Private`preemptive$21746]], Parallel`Kernels`Private`id$21756, Parallel`Kernels`Private`name$21756], Parallel`Kernels`Private`ek[Parallel`Kernels`Private`nev$21757, Parallel`Kernels`Private`pb$21757, Parallel`Kernels`Private`rd$21757], Parallel`Kernels`Private`sk[Parallel`Kernels`Private`q$21758, Parallel`Kernels`Private`n0$21758, Parallel`Kernels`Private`n1$21758]]]
                                                                                                                                                                                                -6
NIntegrate::ncvb: NIntegrate failed to converge to prescribed accuracy after 2 recursive bisections in yD near {xD, yD} = {0.0384577, -0.019111}. NIntegrate obtained 0.000644642 and 7.59736 10   for the integral and error estimates.
StringForm[From `1`:, Parallel`Kernels`kernel[Parallel`Kernels`Private`bk[SubKernels`LocalKernels`localKernel[SubKernels`LocalKernels`Private`lk[LinkObject[/usr/local/Wolfram/Mathematica/12.0/Executables/wolfram -subkernel -noinit -nopaclet -wstp, 204, 1], {/usr/local/Wolfram/Mathematica/12.0/Executables/wolfram -subkernel -noinit -nopaclet -wstp}, SubKernels`LocalKernels`Private`speed$21745, SubKernels`LocalKernels`Private`preemptive$21745]], Parallel`Kernels`Private`id$21752, Parallel`Kernels`Private`name$21752], Parallel`Kernels`Private`ek[Parallel`Kernels`Private`nev$21753, Parallel`Kernels`Private`pb$21753, Parallel`Kernels`Private`rd$21753], Parallel`Kernels`Private`sk[Parallel`Kernels`Private`q$21754, Parallel`Kernels`Private`n0$21754, Parallel`Kernels`Private`n1$21754]]]
NIntegrate::ncvb: NIntegrate failed to converge to prescribed accuracy after 2 recursive bisections in yD near {xD, yD} = {0.0384577, -0.014338}. NIntegrate obtained 0.0863298 and 0.000242383 for the integral and error estimates.
a = -1045e-4
Time consumption: 2.957828815277778
MaxMemUse :144.5297088623047 MB
Configured Kernels: {SubKernels`LocalKernels`LocalMachine[4, SubKernels`LocalKernels`LowerPriority -> True]}
Processor Count: 4
Modules loaded ...
4 Kernels launched ...
Run started at Sat 4 Dec 2021 01:40:48, Bins: {107, 122}
StringForm[From `1`:, Parallel`Kernels`kernel[Parallel`Kernels`Private`bk[SubKernels`LocalKernels`localKernel[SubKernels`LocalKernels`Private`lk[LinkObject[/usr/local/Wolfram/Mathematica/12.0/Executables/wolfram -subkernel -noinit -nopaclet -wstp, 204, 1], {/usr/local/Wolfram/Mathematica/12.0/Executables/wolfram -subkernel -noinit -nopaclet -wstp}, SubKernels`LocalKernels`Private`speed$22054, SubKernels`LocalKernels`Private`preemptive$22054]], Parallel`Kernels`Private`id$22061, Parallel`Kernels`Private`name$22061], Parallel`Kernels`Private`ek[Parallel`Kernels`Private`nev$22062, Parallel`Kernels`Private`pb$22062, Parallel`Kernels`Private`rd$22062], Parallel`Kernels`Private`sk[Parallel`Kernels`Private`q$22063, Parallel`Kernels`Private`n0$22063, Parallel`Kernels`Private`n1$22063]]]
                                                                                                                                                                                                -6
NIntegrate::ncvb: NIntegrate failed to converge to prescribed accuracy after 2 recursive bisections in yD near {xD, yD} = {0.0403327, -0.019111}. NIntegrate obtained 0.000818959 and 9.91443 10   for the integral and error estimates.
StringForm[From `1`:, Parallel`Kernels`kernel[Parallel`Kernels`Private`bk[SubKernels`LocalKernels`localKernel[SubKernels`LocalKernels`Private`lk[LinkObject[/usr/local/Wolfram/Mathematica/12.0/Executables/wolfram -subkernel -noinit -nopaclet -wstp, 206, 3], {/usr/local/Wolfram/Mathematica/12.0/Executables/wolfram -subkernel -noinit -nopaclet -wstp}, SubKernels`LocalKernels`Private`speed$22056, SubKernels`LocalKernels`Private`preemptive$22056]], Parallel`Kernels`Private`id$22069, Parallel`Kernels`Private`name$22069], Parallel`Kernels`Private`ek[Parallel`Kernels`Private`nev$22070, Parallel`Kernels`Private`pb$22070, Parallel`Kernels`Private`rd$22070], Parallel`Kernels`Private`sk[Parallel`Kernels`Private`q$22071, Parallel`Kernels`Private`n0$22071, Parallel`Kernels`Private`n1$22071]]]
NIntegrate::ncvb: NIntegrate failed to converge to prescribed accuracy after 3 recursive bisections in yD near {xD, yD} = {0.0384577, 0.0215835}. NIntegrate obtained 0.0160078 and 0.0000317519 for the integral and error estimates.
StringForm[From `1`:, Parallel`Kernels`kernel[Parallel`Kernels`Private`bk[SubKernels`LocalKernels`localKernel[SubKernels`LocalKernels`Private`lk[LinkObject[/usr/local/Wolfram/Mathematica/12.0/Executables/wolfram -subkernel -noinit -nopaclet -wstp, 207, 4], {/usr/local/Wolfram/Mathematica/12.0/Executables/wolfram -subkernel -noinit -nopaclet -wstp}, SubKernels`LocalKernels`Private`speed$22057, SubKernels`LocalKernels`Private`preemptive$22057]], Parallel`Kernels`Private`id$22073, Parallel`Kernels`Private`name$22073], Parallel`Kernels`Private`ek[Parallel`Kernels`Private`nev$22074, Parallel`Kernels`Private`pb$22074, Parallel`Kernels`Private`rd$22074], Parallel`Kernels`Private`sk[Parallel`Kernels`Private`q$22075, Parallel`Kernels`Private`n0$22075, Parallel`Kernels`Private`n1$22075]]]
NIntegrate::ncvb: NIntegrate failed to converge to prescribed accuracy after 2 recursive bisections in yD near {xD, yD} = {0.0403327, 0.022255}. NIntegrate obtained 0.0179125 and 0.000108234 for the integral and error estimates.
a = -1045e-4
Time consumption: 4.320884662222222
MaxMemUse :144.5503921508789 MB
Configured Kernels: {SubKernels`LocalKernels`LocalMachine[4, SubKernels`LocalKernels`LowerPriority -> True]}
Processor Count: 4
Modules loaded ...
4 Kernels launched ...
Run started at Sat 4 Dec 2021 06:00:04, Bins: {123, 138}
StringForm[From `1`:, Parallel`Kernels`kernel[Parallel`Kernels`Private`bk[SubKernels`LocalKernels`localKernel[SubKernels`LocalKernels`Private`lk[LinkObject[/usr/local/Wolfram/Mathematica/12.0/Executables/wolfram -subkernel -noinit -nopaclet -wstp, 207, 4], {/usr/local/Wolfram/Mathematica/12.0/Executables/wolfram -subkernel -noinit -nopaclet -wstp}, SubKernels`LocalKernels`Private`speed$21747, SubKernels`LocalKernels`Private`preemptive$21747]], Parallel`Kernels`Private`id$21763, Parallel`Kernels`Private`name$21763], Parallel`Kernels`Private`ek[Parallel`Kernels`Private`nev$21764, Parallel`Kernels`Private`pb$21764, Parallel`Kernels`Private`rd$21764], Parallel`Kernels`Private`sk[Parallel`Kernels`Private`q$21765, Parallel`Kernels`Private`n0$21765, Parallel`Kernels`Private`n1$21765]]]
                                                                                                                                                                                                -6
NIntegrate::ncvb: NIntegrate failed to converge to prescribed accuracy after 2 recursive bisections in yD near {xD, yD} = {0.0422077, -0.019111}. NIntegrate obtained 0.000873155 and 8.69866 10   for the integral and error estimates.
StringForm[From `1`:, Parallel`Kernels`kernel[Parallel`Kernels`Private`bk[SubKernels`LocalKernels`localKernel[SubKernels`LocalKernels`Private`lk[LinkObject[/usr/local/Wolfram/Mathematica/12.0/Executables/wolfram -subkernel -noinit -nopaclet -wstp, 204, 1], {/usr/local/Wolfram/Mathematica/12.0/Executables/wolfram -subkernel -noinit -nopaclet -wstp}, SubKernels`LocalKernels`Private`speed$21744, SubKernels`LocalKernels`Private`preemptive$21744]], Parallel`Kernels`Private`id$21751, Parallel`Kernels`Private`name$21751], Parallel`Kernels`Private`ek[Parallel`Kernels`Private`nev$21752, Parallel`Kernels`Private`pb$21752, Parallel`Kernels`Private`rd$21752], Parallel`Kernels`Private`sk[Parallel`Kernels`Private`q$21753, Parallel`Kernels`Private`n0$21753, Parallel`Kernels`Private`n1$21753]]]
                                                                                                                                                                                               -6
NIntegrate::ncvb: NIntegrate failed to converge to prescribed accuracy after 2 recursive bisections in yD near {xD, yD} = {0.0440827, -0.019111}. NIntegrate obtained 0.000846008 and 7.0653 10   for the integral and error estimates.
StringForm[From `1`:, Parallel`Kernels`kernel[Parallel`Kernels`Private`bk[SubKernels`LocalKernels`localKernel[SubKernels`LocalKernels`Private`lk[LinkObject[/usr/local/Wolfram/Mathematica/12.0/Executables/wolfram -subkernel -noinit -nopaclet -wstp, 207, 4], {/usr/local/Wolfram/Mathematica/12.0/Executables/wolfram -subkernel -noinit -nopaclet -wstp}, SubKernels`LocalKernels`Private`speed$21747, SubKernels`LocalKernels`Private`preemptive$21747]], Parallel`Kernels`Private`id$21763, Parallel`Kernels`Private`name$21763], Parallel`Kernels`Private`ek[Parallel`Kernels`Private`nev$21764, Parallel`Kernels`Private`pb$21764, Parallel`Kernels`Private`rd$21764], Parallel`Kernels`Private`sk[Parallel`Kernels`Private`q$21765, Parallel`Kernels`Private`n0$21765, Parallel`Kernels`Private`n1$21765]]]
NIntegrate::ncvb: NIntegrate failed to converge to prescribed accuracy after 2 recursive bisections in yD near {xD, yD} = {0.0422077, 0.022255}. NIntegrate obtained 0.0173749 and 0.00025707 for the integral and error estimates.
StringForm[From `1`:, Parallel`Kernels`kernel[Parallel`Kernels`Private`bk[SubKernels`LocalKernels`localKernel[SubKernels`LocalKernels`Private`lk[LinkObject[/usr/local/Wolfram/Mathematica/12.0/Executables/wolfram -subkernel -noinit -nopaclet -wstp, 205, 2], {/usr/local/Wolfram/Mathematica/12.0/Executables/wolfram -subkernel -noinit -nopaclet -wstp}, SubKernels`LocalKernels`Private`speed$21745, SubKernels`LocalKernels`Private`preemptive$21745]], Parallel`Kernels`Private`id$21755, Parallel`Kernels`Private`name$21755], Parallel`Kernels`Private`ek[Parallel`Kernels`Private`nev$21756, Parallel`Kernels`Private`pb$21756, Parallel`Kernels`Private`rd$21756], Parallel`Kernels`Private`sk[Parallel`Kernels`Private`q$21757, Parallel`Kernels`Private`n0$21757, Parallel`Kernels`Private`n1$21757]]]
NIntegrate::ncvb: NIntegrate failed to converge to prescribed accuracy after 2 recursive bisections in yD near {xD, yD} = {0.0440827, -0.014338}. NIntegrate obtained 0.0628456 and 0.000143715 for the integral and error estimates.
a = -1045e-4
Time consumption: 5.173832687777777
MaxMemUse :144.5485610961914 MB
Configured Kernels: {SubKernels`LocalKernels`LocalMachine[4, SubKernels`LocalKernels`LowerPriority -> True]}
Processor Count: 4
Modules loaded ...
4 Kernels launched ...
Run started at Sat 4 Dec 2021 11:10:31, Bins: {139, 154}
StringForm[From `1`:, Parallel`Kernels`kernel[Parallel`Kernels`Private`bk[SubKernels`LocalKernels`localKernel[SubKernels`LocalKernels`Private`lk[LinkObject[/usr/local/Wolfram/Mathematica/12.0/Executables/wolfram -subkernel -noinit -nopaclet -wstp, 204, 1], {/usr/local/Wolfram/Mathematica/12.0/Executables/wolfram -subkernel -noinit -nopaclet -wstp}, SubKernels`LocalKernels`Private`speed$21920, SubKernels`LocalKernels`Private`preemptive$21920]], Parallel`Kernels`Private`id$21927, Parallel`Kernels`Private`name$21927], Parallel`Kernels`Private`ek[Parallel`Kernels`Private`nev$21928, Parallel`Kernels`Private`pb$21928, Parallel`Kernels`Private`rd$21928], Parallel`Kernels`Private`sk[Parallel`Kernels`Private`q$21929, Parallel`Kernels`Private`n0$21929, Parallel`Kernels`Private`n1$21929]]]
                                                                                                                                                                                                -6
NIntegrate::ncvb: NIntegrate failed to converge to prescribed accuracy after 2 recursive bisections in yD near {xD, yD} = {0.0459577, -0.019111}. NIntegrate obtained 0.000667652 and 7.02966 10   for the integral and error estimates.
StringForm[From `1`:, Parallel`Kernels`kernel[Parallel`Kernels`Private`bk[SubKernels`LocalKernels`localKernel[SubKernels`LocalKernels`Private`lk[LinkObject[/usr/local/Wolfram/Mathematica/12.0/Executables/wolfram -subkernel -noinit -nopaclet -wstp, 205, 2], {/usr/local/Wolfram/Mathematica/12.0/Executables/wolfram -subkernel -noinit -nopaclet -wstp}, SubKernels`LocalKernels`Private`speed$21921, SubKernels`LocalKernels`Private`preemptive$21921]], Parallel`Kernels`Private`id$21931, Parallel`Kernels`Private`name$21931], Parallel`Kernels`Private`ek[Parallel`Kernels`Private`nev$21932, Parallel`Kernels`Private`pb$21932, Parallel`Kernels`Private`rd$21932], Parallel`Kernels`Private`sk[Parallel`Kernels`Private`q$21933, Parallel`Kernels`Private`n0$21933, Parallel`Kernels`Private`n1$21933]]]
NIntegrate::ncvb: NIntegrate failed to converge to prescribed accuracy after 2 recursive bisections in yD near {xD, yD} = {0.0440827, 0.022255}. NIntegrate obtained 0.014625 and 0.000230335 for the integral and error estimates.
StringForm[From `1`:, Parallel`Kernels`kernel[Parallel`Kernels`Private`bk[SubKernels`LocalKernels`localKernel[SubKernels`LocalKernels`Private`lk[LinkObject[/usr/local/Wolfram/Mathematica/12.0/Executables/wolfram -subkernel -noinit -nopaclet -wstp, 207, 4], {/usr/local/Wolfram/Mathematica/12.0/Executables/wolfram -subkernel -noinit -nopaclet -wstp}, SubKernels`LocalKernels`Private`speed$21923, SubKernels`LocalKernels`Private`preemptive$21923]], Parallel`Kernels`Private`id$21939, Parallel`Kernels`Private`name$21939], Parallel`Kernels`Private`ek[Parallel`Kernels`Private`nev$21940, Parallel`Kernels`Private`pb$21940, Parallel`Kernels`Private`rd$21940], Parallel`Kernels`Private`sk[Parallel`Kernels`Private`q$21941, Parallel`Kernels`Private`n0$21941, Parallel`Kernels`Private`n1$21941]]]
NIntegrate::ncvb: NIntegrate failed to converge to prescribed accuracy after 2 recursive bisections in yD near {xD, yD} = {0.0459577, -0.014338}. NIntegrate obtained 0.0393878 and 0.0000881421 for the integral and error estimates.
StringForm[From `1`:, Parallel`Kernels`kernel[Parallel`Kernels`Private`bk[SubKernels`LocalKernels`localKernel[SubKernels`LocalKernels`Private`lk[LinkObject[/usr/local/Wolfram/Mathematica/12.0/Executables/wolfram -subkernel -noinit -nopaclet -wstp, 204, 1], {/usr/local/Wolfram/Mathematica/12.0/Executables/wolfram -subkernel -noinit -nopaclet -wstp}, SubKernels`LocalKernels`Private`speed$21920, SubKernels`LocalKernels`Private`preemptive$21920]], Parallel`Kernels`Private`id$21927, Parallel`Kernels`Private`name$21927], Parallel`Kernels`Private`ek[Parallel`Kernels`Private`nev$21928, Parallel`Kernels`Private`pb$21928, Parallel`Kernels`Private`rd$21928], Parallel`Kernels`Private`sk[Parallel`Kernels`Private`q$21929, Parallel`Kernels`Private`n0$21929, Parallel`Kernels`Private`n1$21929]]]
NIntegrate::ncvb: NIntegrate failed to converge to prescribed accuracy after 2 recursive bisections in yD near {xD, yD} = {0.0459577, 0.022255}. NIntegrate obtained 0.0101157 and 0.000111582 for the integral and error estimates.
a = -1045e-4
Time consumption: 5.029509713055556
MaxMemUse :144.5548095703125 MB
Configured Kernels: {SubKernels`LocalKernels`LocalMachine[4, SubKernels`LocalKernels`LowerPriority -> True]}
Processor Count: 4
Modules loaded ...
4 Kernels launched ...
Run started at Sat 4 Dec 2021 16:12:18, Bins: {155, 178}
StringForm[From `1`:, Parallel`Kernels`kernel[Parallel`Kernels`Private`bk[SubKernels`LocalKernels`localKernel[SubKernels`LocalKernels`Private`lk[LinkObject[/usr/local/Wolfram/Mathematica/12.0/Executables/wolfram -subkernel -noinit -nopaclet -wstp, 206, 3], {/usr/local/Wolfram/Mathematica/12.0/Executables/wolfram -subkernel -noinit -nopaclet -wstp}, SubKernels`LocalKernels`Private`speed$22148, SubKernels`LocalKernels`Private`preemptive$22148]], Parallel`Kernels`Private`id$22161, Parallel`Kernels`Private`name$22161], Parallel`Kernels`Private`ek[Parallel`Kernels`Private`nev$22162, Parallel`Kernels`Private`pb$22162, Parallel`Kernels`Private`rd$22162], Parallel`Kernels`Private`sk[Parallel`Kernels`Private`q$22163, Parallel`Kernels`Private`n0$22163, Parallel`Kernels`Private`n1$22163]]]
NIntegrate::ncvb: NIntegrate failed to converge to prescribed accuracy after 2 recursive bisections in yD near {xD, yD} = {0.0479789, -0.01752}. NIntegrate obtained 0.000347107 and 0.0000108291 for the integral and error estimates.
StringForm[From `1`:, Parallel`Kernels`kernel[Parallel`Kernels`Private`bk[SubKernels`LocalKernels`localKernel[SubKernels`LocalKernels`Private`lk[LinkObject[/usr/local/Wolfram/Mathematica/12.0/Executables/wolfram -subkernel -noinit -nopaclet -wstp, 205, 2], {/usr/local/Wolfram/Mathematica/12.0/Executables/wolfram -subkernel -noinit -nopaclet -wstp}, SubKernels`LocalKernels`Private`speed$22147, SubKernels`LocalKernels`Private`preemptive$22147]], Parallel`Kernels`Private`id$22157, Parallel`Kernels`Private`name$22157], Parallel`Kernels`Private`ek[Parallel`Kernels`Private`nev$22158, Parallel`Kernels`Private`pb$22158, Parallel`Kernels`Private`rd$22158], Parallel`Kernels`Private`sk[Parallel`Kernels`Private`q$22159, Parallel`Kernels`Private`n0$22159, Parallel`Kernels`Private`n1$22159]]]
NIntegrate::ncvb: NIntegrate failed to converge to prescribed accuracy after 2 recursive bisections in yD near {xD, yD} = {0.0497077, -0.01752}. NIntegrate obtained 0.0000760308 and 0.0000346941 for the integral and error estimates.
StringForm[From `1`:, Parallel`Kernels`kernel[Parallel`Kernels`Private`bk[SubKernels`LocalKernels`localKernel[SubKernels`LocalKernels`Private`lk[LinkObject[/usr/local/Wolfram/Mathematica/12.0/Executables/wolfram -subkernel -noinit -nopaclet -wstp, 204, 1], {/usr/local/Wolfram/Mathematica/12.0/Executables/wolfram -subkernel -noinit -nopaclet -wstp}, SubKernels`LocalKernels`Private`speed$22146, SubKernels`LocalKernels`Private`preemptive$22146]], Parallel`Kernels`Private`id$22153, Parallel`Kernels`Private`name$22153], Parallel`Kernels`Private`ek[Parallel`Kernels`Private`nev$22154, Parallel`Kernels`Private`pb$22154, Parallel`Kernels`Private`rd$22154], Parallel`Kernels`Private`sk[Parallel`Kernels`Private`q$22155, Parallel`Kernels`Private`n0$22155, Parallel`Kernels`Private`n1$22155]]]
                                                                                                                                                                                             -6
NIntegrate::ncvb: NIntegrate failed to converge to prescribed accuracy after 2 recursive bisections in yD near {xD, yD} = {0.0478327, 0.023846}. NIntegrate obtained 0.0054112 and 9.18741 10   for the integral and error estimates.
StringForm[From `1`:, Parallel`Kernels`kernel[Parallel`Kernels`Private`bk[SubKernels`LocalKernels`localKernel[SubKernels`LocalKernels`Private`lk[LinkObject[/usr/local/Wolfram/Mathematica/12.0/Executables/wolfram -subkernel -noinit -nopaclet -wstp, 204, 1], {/usr/local/Wolfram/Mathematica/12.0/Executables/wolfram -subkernel -noinit -nopaclet -wstp}, SubKernels`LocalKernels`Private`speed$22146, SubKernels`LocalKernels`Private`preemptive$22146]], Parallel`Kernels`Private`id$22153, Parallel`Kernels`Private`name$22153], Parallel`Kernels`Private`ek[Parallel`Kernels`Private`nev$22154, Parallel`Kernels`Private`pb$22154, Parallel`Kernels`Private`rd$22154], Parallel`Kernels`Private`sk[Parallel`Kernels`Private`q$22155, Parallel`Kernels`Private`n0$22155, Parallel`Kernels`Private`n1$22155]]]
                                                                                                                                                                               -6               -6
NIntegrate::ncvb: NIntegrate failed to converge to prescribed accuracy after 2 recursive bisections in yD near {xD, yD} = {0.0515827, -0.01752}. NIntegrate obtained 2.96216 10   and 2.20526 10   for the integral and error estimates.
StringForm[From `1`:, Parallel`Kernels`kernel[Parallel`Kernels`Private`bk[SubKernels`LocalKernels`localKernel[SubKernels`LocalKernels`Private`lk[LinkObject[/usr/local/Wolfram/Mathematica/12.0/Executables/wolfram -subkernel -noinit -nopaclet -wstp, 206, 3], {/usr/local/Wolfram/Mathematica/12.0/Executables/wolfram -subkernel -noinit -nopaclet -wstp}, SubKernels`LocalKernels`Private`speed$22148, SubKernels`LocalKernels`Private`preemptive$22148]], Parallel`Kernels`Private`id$22161, Parallel`Kernels`Private`name$22161], Parallel`Kernels`Private`ek[Parallel`Kernels`Private`nev$22162, Parallel`Kernels`Private`pb$22162, Parallel`Kernels`Private`rd$22162], Parallel`Kernels`Private`sk[Parallel`Kernels`Private`q$22163, Parallel`Kernels`Private`n0$22163, Parallel`Kernels`Private`n1$22163]]]
NIntegrate::ncvb: NIntegrate failed to converge to prescribed accuracy after 2 recursive bisections in yD near {xD, yD} = {0.0497077, 0.025437}. NIntegrate obtained 0.00198903 and 0.0000339146 for the integral and error estimates.
StringForm[From `1`:, Parallel`Kernels`kernel[Parallel`Kernels`Private`bk[SubKernels`LocalKernels`localKernel[SubKernels`LocalKernels`Private`lk[LinkObject[/usr/local/Wolfram/Mathematica/12.0/Executables/wolfram -subkernel -noinit -nopaclet -wstp, 207, 4], {/usr/local/Wolfram/Mathematica/12.0/Executables/wolfram -subkernel -noinit -nopaclet -wstp}, SubKernels`LocalKernels`Private`speed$22149, SubKernels`LocalKernels`Private`preemptive$22149]], Parallel`Kernels`Private`id$22165, Parallel`Kernels`Private`name$22165], Parallel`Kernels`Private`ek[Parallel`Kernels`Private`nev$22166, Parallel`Kernels`Private`pb$22166, Parallel`Kernels`Private`rd$22166], Parallel`Kernels`Private`sk[Parallel`Kernels`Private`q$22167, Parallel`Kernels`Private`n0$22167, Parallel`Kernels`Private`n1$22167]]]
NIntegrate::ncvb: NIntegrate failed to converge to prescribed accuracy after 2 recursive bisections in yD near {xD, yD} = {0.0489164, -0.014338}. NIntegrate obtained 0.00552827 and 0.0000127804 for the integral and error estimates.
a = -1045e-4
Time consumption: 7.721948736944444
MaxMemUse :144.5498504638672 MB
Configured Kernels: {SubKernels`LocalKernels`LocalMachine[4, SubKernels`LocalKernels`LowerPriority -> True]}
Processor Count: 4
Modules loaded ...
4 Kernels launched ...
Run started at Sat 4 Dec 2021 23:55:38, Bins: {179, 264}
StringForm[From `1`:, Parallel`Kernels`kernel[Parallel`Kernels`Private`bk[SubKernels`LocalKernels`localKernel[SubKernels`LocalKernels`Private`lk[LinkObject[/usr/local/Wolfram/Mathematica/12.0/Executables/wolfram -subkernel -noinit -nopaclet -wstp, 207, 4], {/usr/local/Wolfram/Mathematica/12.0/Executables/wolfram -subkernel -noinit -nopaclet -wstp}, SubKernels`LocalKernels`Private`speed$21860, SubKernels`LocalKernels`Private`preemptive$21860]], Parallel`Kernels`Private`id$21876, Parallel`Kernels`Private`name$21876], Parallel`Kernels`Private`ek[Parallel`Kernels`Private`nev$21877, Parallel`Kernels`Private`pb$21877, Parallel`Kernels`Private`rd$21877], Parallel`Kernels`Private`sk[Parallel`Kernels`Private`q$21878, Parallel`Kernels`Private`n0$21878, Parallel`Kernels`Private`n1$21878]]]
                                                                                                                                                                                               -6
NIntegrate::ncvb: NIntegrate failed to converge to prescribed accuracy after 2 recursive bisections in yD near {xD, yD} = {0.0515827, -0.015929}. NIntegrate obtained 0.00121355 and 2.65574 10   for the integral and error estimates.
StringForm[From `1`:, Parallel`Kernels`kernel[Parallel`Kernels`Private`bk[SubKernels`LocalKernels`localKernel[SubKernels`LocalKernels`Private`lk[LinkObject[/usr/local/Wolfram/Mathematica/12.0/Executables/wolfram -subkernel -noinit -nopaclet -wstp, 205, 2], {/usr/local/Wolfram/Mathematica/12.0/Executables/wolfram -subkernel -noinit -nopaclet -wstp}, SubKernels`LocalKernels`Private`speed$21858, SubKernels`LocalKernels`Private`preemptive$21858]], Parallel`Kernels`Private`id$21868, Parallel`Kernels`Private`name$21868], Parallel`Kernels`Private`ek[Parallel`Kernels`Private`nev$21869, Parallel`Kernels`Private`pb$21869, Parallel`Kernels`Private`rd$21869], Parallel`Kernels`Private`sk[Parallel`Kernels`Private`q$21870, Parallel`Kernels`Private`n0$21870, Parallel`Kernels`Private`n1$21870]]]
                                                                                                                                                                                               -6
NIntegrate::ncvb: NIntegrate failed to converge to prescribed accuracy after 2 recursive bisections in xD near {xD, yD} = {0.0503957, 0.023598}. NIntegrate obtained 0.000474993 and 1.46053 10   for the integral and error estimates.
a = -1045e-4
Time consumption: 3.6372553325
MaxMemUse :144.54574584960938 MB
