Configured Kernels: {SubKernels`LocalKernels`LocalMachine[4, SubKernels`LocalKernels`LowerPriority -> True]}
Processor Count: 4
Modules loaded ...
4 Kernels launched ...
Run started at Mon 10 May 2021 14:28:13, Bins: {1, 49}
StringForm[From `1`:, Parallel`Kernels`kernel[Parallel`Kernels`Private`bk[SubKernels`LocalKernels`localKernel[SubKernels`LocalKernels`Private`lk[LinkObject[/usr/local/Wolfram/Mathematica/12.0/Executables/wolfram -subkernel -noinit -nopaclet -wstp, 230, 5], {/usr/local/Wolfram/Mathematica/12.0/Executables/wolfram -subkernel -noinit -nopaclet -wstp}, SubKernels`LocalKernels`Private`speed$21576, SubKernels`LocalKernels`Private`preemptive$21576]], Parallel`Kernels`Private`id$21592, Parallel`Kernels`Private`name$21592], Parallel`Kernels`Private`ek[Parallel`Kernels`Private`nev$21593, Parallel`Kernels`Private`pb$21593, Parallel`Kernels`Private`rd$21593], Parallel`Kernels`Private`sk[Parallel`Kernels`Private`q$21594, Parallel`Kernels`Private`n0$21594, Parallel`Kernels`Private`n1$21594]]]
                                                                                                                                                                                                -6
NIntegrate::ncvb: NIntegrate failed to converge to prescribed accuracy after 2 recursive bisections in yD near {xD, yD} = {0.0272077, -0.014338}. NIntegrate obtained 0.000114095 and 1.35925 10   for the integral and error estimates.
StringForm[From `1`:, Parallel`Kernels`kernel[Parallel`Kernels`Private`bk[SubKernels`LocalKernels`localKernel[SubKernels`LocalKernels`Private`lk[LinkObject[/usr/local/Wolfram/Mathematica/12.0/Executables/wolfram -subkernel -noinit -nopaclet -wstp, 228, 3], {/usr/local/Wolfram/Mathematica/12.0/Executables/wolfram -subkernel -noinit -nopaclet -wstp}, SubKernels`LocalKernels`Private`speed$21574, SubKernels`LocalKernels`Private`preemptive$21574]], Parallel`Kernels`Private`id$21584, Parallel`Kernels`Private`name$21584], Parallel`Kernels`Private`ek[Parallel`Kernels`Private`nev$21585, Parallel`Kernels`Private`pb$21585, Parallel`Kernels`Private`rd$21585], Parallel`Kernels`Private`sk[Parallel`Kernels`Private`q$21586, Parallel`Kernels`Private`n0$21586, Parallel`Kernels`Private`n1$21586]]]
                                                                                                                                                                                                -6
NIntegrate::ncvb: NIntegrate failed to converge to prescribed accuracy after 2 recursive bisections in yD near {xD, yD} = {0.0272077, 0.022255}. NIntegrate obtained 0.0000106055 and 2.66999 10   for the integral and error estimates.
StringForm[From `1`:, Parallel`Kernels`kernel[Parallel`Kernels`Private`bk[SubKernels`LocalKernels`localKernel[SubKernels`LocalKernels`Private`lk[LinkObject[/usr/local/Wolfram/Mathematica/12.0/Executables/wolfram -subkernel -noinit -nopaclet -wstp, 227, 2], {/usr/local/Wolfram/Mathematica/12.0/Executables/wolfram -subkernel -noinit -nopaclet -wstp}, SubKernels`LocalKernels`Private`speed$21573, SubKernels`LocalKernels`Private`preemptive$21573]], Parallel`Kernels`Private`id$21580, Parallel`Kernels`Private`name$21580], Parallel`Kernels`Private`ek[Parallel`Kernels`Private`nev$21581, Parallel`Kernels`Private`pb$21581, Parallel`Kernels`Private`rd$21581], Parallel`Kernels`Private`sk[Parallel`Kernels`Private`q$21582, Parallel`Kernels`Private`n0$21582, Parallel`Kernels`Private`n1$21582]]]
NIntegrate::ncvb: NIntegrate failed to converge to prescribed accuracy after 2 recursive bisections in yD near {xD, yD} = {0.0290827, -0.014338}. NIntegrate obtained 0.00207918 and 0.0000305857 for the integral and error estimates.
a = -1045e-4
Time consumption: 2.0047066413888888
MaxMemUse :145.8269271850586 MB
Configured Kernels: {SubKernels`LocalKernels`LocalMachine[4, SubKernels`LocalKernels`LowerPriority -> True]}
Processor Count: 4
Modules loaded ...
4 Kernels launched ...
Run started at Mon 10 May 2021 16:28:30, Bins: {50, 98}
StringForm[From `1`:, Parallel`Kernels`kernel[Parallel`Kernels`Private`bk[SubKernels`LocalKernels`localKernel[SubKernels`LocalKernels`Private`lk[LinkObject[/usr/local/Wolfram/Mathematica/12.0/Executables/wolfram -subkernel -noinit -nopaclet -wstp, 204, 1], {/usr/local/Wolfram/Mathematica/12.0/Executables/wolfram -subkernel -noinit -nopaclet -wstp}, SubKernels`LocalKernels`Private`speed$21396, SubKernels`LocalKernels`Private`preemptive$21396]], Parallel`Kernels`Private`id$21403, Parallel`Kernels`Private`name$21403], Parallel`Kernels`Private`ek[Parallel`Kernels`Private`nev$21404, Parallel`Kernels`Private`pb$21404, Parallel`Kernels`Private`rd$21404], Parallel`Kernels`Private`sk[Parallel`Kernels`Private`q$21405, Parallel`Kernels`Private`n0$21405, Parallel`Kernels`Private`n1$21405]]]
NIntegrate::ncvb: NIntegrate failed to converge to prescribed accuracy after 2 recursive bisections in yD near {xD, yD} = {0.0290827, 0.022255}. NIntegrate obtained 0.000207066 and 0.000013518 for the integral and error estimates.
StringForm[From `1`:, Parallel`Kernels`kernel[Parallel`Kernels`Private`bk[SubKernels`LocalKernels`localKernel[SubKernels`LocalKernels`Private`lk[LinkObject[/usr/local/Wolfram/Mathematica/12.0/Executables/wolfram -subkernel -noinit -nopaclet -wstp, 205, 2], {/usr/local/Wolfram/Mathematica/12.0/Executables/wolfram -subkernel -noinit -nopaclet -wstp}, SubKernels`LocalKernels`Private`speed$21397, SubKernels`LocalKernels`Private`preemptive$21397]], Parallel`Kernels`Private`id$21407, Parallel`Kernels`Private`name$21407], Parallel`Kernels`Private`ek[Parallel`Kernels`Private`nev$21408, Parallel`Kernels`Private`pb$21408, Parallel`Kernels`Private`rd$21408], Parallel`Kernels`Private`sk[Parallel`Kernels`Private`q$21409, Parallel`Kernels`Private`n0$21409, Parallel`Kernels`Private`n1$21409]]]
                                                                                                                                                                               -6               -6
NIntegrate::ncvb: NIntegrate failed to converge to prescribed accuracy after 2 recursive bisections in yD near {xD, yD} = {0.0328327, -0.01752}. NIntegrate obtained 7.86731 10   and 1.85454 10   for the integral and error estimates.
StringForm[From `1`:, Parallel`Kernels`kernel[Parallel`Kernels`Private`bk[SubKernels`LocalKernels`localKernel[SubKernels`LocalKernels`Private`lk[LinkObject[/usr/local/Wolfram/Mathematica/12.0/Executables/wolfram -subkernel -noinit -nopaclet -wstp, 207, 4], {/usr/local/Wolfram/Mathematica/12.0/Executables/wolfram -subkernel -noinit -nopaclet -wstp}, SubKernels`LocalKernels`Private`speed$21399, SubKernels`LocalKernels`Private`preemptive$21399]], Parallel`Kernels`Private`id$21415, Parallel`Kernels`Private`name$21415], Parallel`Kernels`Private`ek[Parallel`Kernels`Private`nev$21416, Parallel`Kernels`Private`pb$21416, Parallel`Kernels`Private`rd$21416], Parallel`Kernels`Private`sk[Parallel`Kernels`Private`q$21417, Parallel`Kernels`Private`n0$21417, Parallel`Kernels`Private`n1$21417]]]
NIntegrate::ncvb: NIntegrate failed to converge to prescribed accuracy after 2 recursive bisections in yD near {xD, yD} = {0.0309577, -0.014338}. NIntegrate obtained 0.00928295 and 0.000105693 for the integral and error estimates.
StringForm[From `1`:, Parallel`Kernels`kernel[Parallel`Kernels`Private`bk[SubKernels`LocalKernels`localKernel[SubKernels`LocalKernels`Private`lk[LinkObject[/usr/local/Wolfram/Mathematica/12.0/Executables/wolfram -subkernel -noinit -nopaclet -wstp, 206, 3], {/usr/local/Wolfram/Mathematica/12.0/Executables/wolfram -subkernel -noinit -nopaclet -wstp}, SubKernels`LocalKernels`Private`speed$21398, SubKernels`LocalKernels`Private`preemptive$21398]], Parallel`Kernels`Private`id$21411, Parallel`Kernels`Private`name$21411], Parallel`Kernels`Private`ek[Parallel`Kernels`Private`nev$21412, Parallel`Kernels`Private`pb$21412, Parallel`Kernels`Private`rd$21412], Parallel`Kernels`Private`sk[Parallel`Kernels`Private`q$21413, Parallel`Kernels`Private`n0$21413, Parallel`Kernels`Private`n1$21413]]]
NIntegrate::ncvb: NIntegrate failed to converge to prescribed accuracy after 2 recursive bisections in yD near {xD, yD} = {0.0309577, 0.022255}. NIntegrate obtained 0.00105384 and 0.0000480849 for the integral and error estimates.
StringForm[From `1`:, Parallel`Kernels`kernel[Parallel`Kernels`Private`bk[SubKernels`LocalKernels`localKernel[SubKernels`LocalKernels`Private`lk[LinkObject[/usr/local/Wolfram/Mathematica/12.0/Executables/wolfram -subkernel -noinit -nopaclet -wstp, 207, 4], {/usr/local/Wolfram/Mathematica/12.0/Executables/wolfram -subkernel -noinit -nopaclet -wstp}, SubKernels`LocalKernels`Private`speed$21399, SubKernels`LocalKernels`Private`preemptive$21399]], Parallel`Kernels`Private`id$21415, Parallel`Kernels`Private`name$21415], Parallel`Kernels`Private`ek[Parallel`Kernels`Private`nev$21416, Parallel`Kernels`Private`pb$21416, Parallel`Kernels`Private`rd$21416], Parallel`Kernels`Private`sk[Parallel`Kernels`Private`q$21417, Parallel`Kernels`Private`n0$21417, Parallel`Kernels`Private`n1$21417]]]
                                                                                                                                                                                                -6
NIntegrate::ncvb: NIntegrate failed to converge to prescribed accuracy after 2 recursive bisections in yD near {xD, yD} = {0.0347077, -0.01752}. NIntegrate obtained 0.0000997691 and 8.08625 10   for the integral and error estimates.
StringForm[From `1`:, Parallel`Kernels`kernel[Parallel`Kernels`Private`bk[SubKernels`LocalKernels`localKernel[SubKernels`LocalKernels`Private`lk[LinkObject[/usr/local/Wolfram/Mathematica/12.0/Executables/wolfram -subkernel -noinit -nopaclet -wstp, 205, 2], {/usr/local/Wolfram/Mathematica/12.0/Executables/wolfram -subkernel -noinit -nopaclet -wstp}, SubKernels`LocalKernels`Private`speed$21397, SubKernels`LocalKernels`Private`preemptive$21397]], Parallel`Kernels`Private`id$21407, Parallel`Kernels`Private`name$21407], Parallel`Kernels`Private`ek[Parallel`Kernels`Private`nev$21408, Parallel`Kernels`Private`pb$21408, Parallel`Kernels`Private`rd$21408], Parallel`Kernels`Private`sk[Parallel`Kernels`Private`q$21409, Parallel`Kernels`Private`n0$21409, Parallel`Kernels`Private`n1$21409]]]
NIntegrate::ncvb: NIntegrate failed to converge to prescribed accuracy after 2 recursive bisections in yD near {xD, yD} = {0.0328327, -0.014338}. NIntegrate obtained 0.0241624 and 0.000190018 for the integral and error estimates.
StringForm[From `1`:, Parallel`Kernels`kernel[Parallel`Kernels`Private`bk[SubKernels`LocalKernels`localKernel[SubKernels`LocalKernels`Private`lk[LinkObject[/usr/local/Wolfram/Mathematica/12.0/Executables/wolfram -subkernel -noinit -nopaclet -wstp, 204, 1], {/usr/local/Wolfram/Mathematica/12.0/Executables/wolfram -subkernel -noinit -nopaclet -wstp}, SubKernels`LocalKernels`Private`speed$21396, SubKernels`LocalKernels`Private`preemptive$21396]], Parallel`Kernels`Private`id$21403, Parallel`Kernels`Private`name$21403], Parallel`Kernels`Private`ek[Parallel`Kernels`Private`nev$21404, Parallel`Kernels`Private`pb$21404, Parallel`Kernels`Private`rd$21404], Parallel`Kernels`Private`sk[Parallel`Kernels`Private`q$21405, Parallel`Kernels`Private`n0$21405, Parallel`Kernels`Private`n1$21405]]]
NIntegrate::ncvb: NIntegrate failed to converge to prescribed accuracy after 2 recursive bisections in yD near {xD, yD} = {0.0347077, -0.014338}. NIntegrate obtained 0.0460907 and 0.000256674 for the integral and error estimates.
StringForm[From `1`:, Parallel`Kernels`kernel[Parallel`Kernels`Private`bk[SubKernels`LocalKernels`localKernel[SubKernels`LocalKernels`Private`lk[LinkObject[/usr/local/Wolfram/Mathematica/12.0/Executables/wolfram -subkernel -noinit -nopaclet -wstp, 206, 3], {/usr/local/Wolfram/Mathematica/12.0/Executables/wolfram -subkernel -noinit -nopaclet -wstp}, SubKernels`LocalKernels`Private`speed$21398, SubKernels`LocalKernels`Private`preemptive$21398]], Parallel`Kernels`Private`id$21411, Parallel`Kernels`Private`name$21411], Parallel`Kernels`Private`ek[Parallel`Kernels`Private`nev$21412, Parallel`Kernels`Private`pb$21412, Parallel`Kernels`Private`rd$21412], Parallel`Kernels`Private`sk[Parallel`Kernels`Private`q$21413, Parallel`Kernels`Private`n0$21413, Parallel`Kernels`Private`n1$21413]]]
NIntegrate::ncvb: NIntegrate failed to converge to prescribed accuracy after 2 recursive bisections in yD near {xD, yD} = {0.0347077, 0.022255}. NIntegrate obtained 0.00696344 and 0.0000869106 for the integral and error estimates.
StringForm[From `1`:, Parallel`Kernels`kernel[Parallel`Kernels`Private`bk[SubKernels`LocalKernels`localKernel[SubKernels`LocalKernels`Private`lk[LinkObject[/usr/local/Wolfram/Mathematica/12.0/Executables/wolfram -subkernel -noinit -nopaclet -wstp, 207, 4], {/usr/local/Wolfram/Mathematica/12.0/Executables/wolfram -subkernel -noinit -nopaclet -wstp}, SubKernels`LocalKernels`Private`speed$21399, SubKernels`LocalKernels`Private`preemptive$21399]], Parallel`Kernels`Private`id$21415, Parallel`Kernels`Private`name$21415], Parallel`Kernels`Private`ek[Parallel`Kernels`Private`nev$21416, Parallel`Kernels`Private`pb$21416, Parallel`Kernels`Private`rd$21416], Parallel`Kernels`Private`sk[Parallel`Kernels`Private`q$21417, Parallel`Kernels`Private`n0$21417, Parallel`Kernels`Private`n1$21417]]]
NIntegrate::ncvb: NIntegrate failed to converge to prescribed accuracy after 2 recursive bisections in yD near {xD, yD} = {0.0365827, -0.014338}. NIntegrate obtained 0.0695045 and 0.000255402 for the integral and error estimates.
StringForm[From `1`:, Parallel`Kernels`kernel[Parallel`Kernels`Private`bk[SubKernels`LocalKernels`localKernel[SubKernels`LocalKernels`Private`lk[LinkObject[/usr/local/Wolfram/Mathematica/12.0/Executables/wolfram -subkernel -noinit -nopaclet -wstp, 205, 2], {/usr/local/Wolfram/Mathematica/12.0/Executables/wolfram -subkernel -noinit -nopaclet -wstp}, SubKernels`LocalKernels`Private`speed$21397, SubKernels`LocalKernels`Private`preemptive$21397]], Parallel`Kernels`Private`id$21407, Parallel`Kernels`Private`name$21407], Parallel`Kernels`Private`ek[Parallel`Kernels`Private`nev$21408, Parallel`Kernels`Private`pb$21408, Parallel`Kernels`Private`rd$21408], Parallel`Kernels`Private`sk[Parallel`Kernels`Private`q$21409, Parallel`Kernels`Private`n0$21409, Parallel`Kernels`Private`n1$21409]]]
NIntegrate::ncvb: NIntegrate failed to converge to prescribed accuracy after 2 recursive bisections in yD near {xD, yD} = {0.0365827, 0.022255}. NIntegrate obtained 0.0118257 and 0.0000637958 for the integral and error estimates.
a = -1045e-4
Time consumption: 9.878032761111111
MaxMemUse :143.0033950805664 MB
Configured Kernels: {SubKernels`LocalKernels`LocalMachine[4, SubKernels`LocalKernels`LowerPriority -> True]}
Processor Count: 4
Modules loaded ...
4 Kernels launched ...
Run started at Tue 11 May 2021 02:21:12, Bins: {99, 106}
StringForm[From `1`:, Parallel`Kernels`kernel[Parallel`Kernels`Private`bk[SubKernels`LocalKernels`localKernel[SubKernels`LocalKernels`Private`lk[LinkObject[/usr/local/Wolfram/Mathematica/12.0/Executables/wolfram -subkernel -noinit -nopaclet -wstp, 205, 2], {/usr/local/Wolfram/Mathematica/12.0/Executables/wolfram -subkernel -noinit -nopaclet -wstp}, SubKernels`LocalKernels`Private`speed$21392, SubKernels`LocalKernels`Private`preemptive$21392]], Parallel`Kernels`Private`id$21402, Parallel`Kernels`Private`name$21402], Parallel`Kernels`Private`ek[Parallel`Kernels`Private`nev$21403, Parallel`Kernels`Private`pb$21403, Parallel`Kernels`Private`rd$21403], Parallel`Kernels`Private`sk[Parallel`Kernels`Private`q$21404, Parallel`Kernels`Private`n0$21404, Parallel`Kernels`Private`n1$21404]]]
                                                                                                                                                                                                -6
NIntegrate::ncvb: NIntegrate failed to converge to prescribed accuracy after 2 recursive bisections in yD near {xD, yD} = {0.0384577, -0.019111}. NIntegrate obtained 0.000645615 and 8.57119 10   for the integral and error estimates.
StringForm[From `1`:, Parallel`Kernels`kernel[Parallel`Kernels`Private`bk[SubKernels`LocalKernels`localKernel[SubKernels`LocalKernels`Private`lk[LinkObject[/usr/local/Wolfram/Mathematica/12.0/Executables/wolfram -subkernel -noinit -nopaclet -wstp, 204, 1], {/usr/local/Wolfram/Mathematica/12.0/Executables/wolfram -subkernel -noinit -nopaclet -wstp}, SubKernels`LocalKernels`Private`speed$21391, SubKernels`LocalKernels`Private`preemptive$21391]], Parallel`Kernels`Private`id$21398, Parallel`Kernels`Private`name$21398], Parallel`Kernels`Private`ek[Parallel`Kernels`Private`nev$21399, Parallel`Kernels`Private`pb$21399, Parallel`Kernels`Private`rd$21399], Parallel`Kernels`Private`sk[Parallel`Kernels`Private`q$21400, Parallel`Kernels`Private`n0$21400, Parallel`Kernels`Private`n1$21400]]]
NIntegrate::ncvb: NIntegrate failed to converge to prescribed accuracy after 2 recursive bisections in yD near {xD, yD} = {0.0384577, -0.014338}. NIntegrate obtained 0.0863559 and 0.000239492 for the integral and error estimates.
a = -1045e-4
Time consumption: 3.1752028911111108
MaxMemUse :143.00393676757812 MB
Configured Kernels: {SubKernels`LocalKernels`LocalMachine[4, SubKernels`LocalKernels`LowerPriority -> True]}
Processor Count: 4
Modules loaded ...
4 Kernels launched ...
Run started at Tue 11 May 2021 05:31:43, Bins: {107, 122}
StringForm[From `1`:, Parallel`Kernels`kernel[Parallel`Kernels`Private`bk[SubKernels`LocalKernels`localKernel[SubKernels`LocalKernels`Private`lk[LinkObject[/usr/local/Wolfram/Mathematica/12.0/Executables/wolfram -subkernel -noinit -nopaclet -wstp, 204, 1], {/usr/local/Wolfram/Mathematica/12.0/Executables/wolfram -subkernel -noinit -nopaclet -wstp}, SubKernels`LocalKernels`Private`speed$21579, SubKernels`LocalKernels`Private`preemptive$21579]], Parallel`Kernels`Private`id$21586, Parallel`Kernels`Private`name$21586], Parallel`Kernels`Private`ek[Parallel`Kernels`Private`nev$21587, Parallel`Kernels`Private`pb$21587, Parallel`Kernels`Private`rd$21587], Parallel`Kernels`Private`sk[Parallel`Kernels`Private`q$21588, Parallel`Kernels`Private`n0$21588, Parallel`Kernels`Private`n1$21588]]]
                                                                                                                                                                                               -6
NIntegrate::ncvb: NIntegrate failed to converge to prescribed accuracy after 2 recursive bisections in yD near {xD, yD} = {0.0403327, -0.019111}. NIntegrate obtained 0.000820395 and 9.2638 10   for the integral and error estimates.
StringForm[From `1`:, Parallel`Kernels`kernel[Parallel`Kernels`Private`bk[SubKernels`LocalKernels`localKernel[SubKernels`LocalKernels`Private`lk[LinkObject[/usr/local/Wolfram/Mathematica/12.0/Executables/wolfram -subkernel -noinit -nopaclet -wstp, 207, 4], {/usr/local/Wolfram/Mathematica/12.0/Executables/wolfram -subkernel -noinit -nopaclet -wstp}, SubKernels`LocalKernels`Private`speed$21582, SubKernels`LocalKernels`Private`preemptive$21582]], Parallel`Kernels`Private`id$21598, Parallel`Kernels`Private`name$21598], Parallel`Kernels`Private`ek[Parallel`Kernels`Private`nev$21599, Parallel`Kernels`Private`pb$21599, Parallel`Kernels`Private`rd$21599], Parallel`Kernels`Private`sk[Parallel`Kernels`Private`q$21600, Parallel`Kernels`Private`n0$21600, Parallel`Kernels`Private`n1$21600]]]
NIntegrate::ncvb: NIntegrate failed to converge to prescribed accuracy after 2 recursive bisections in yD near {xD, yD} = {0.0403327, 0.022255}. NIntegrate obtained 0.0179281 and 0.000122959 for the integral and error estimates.
a = -1045e-4
Time consumption: 4.381633660277777
MaxMemUse :143.00096130371094 MB
Configured Kernels: {SubKernels`LocalKernels`LocalMachine[4, SubKernels`LocalKernels`LowerPriority -> True]}
Processor Count: 4
Modules loaded ...
4 Kernels launched ...
Run started at Tue 11 May 2021 09:54:38, Bins: {123, 138}
StringForm[From `1`:, Parallel`Kernels`kernel[Parallel`Kernels`Private`bk[SubKernels`LocalKernels`localKernel[SubKernels`LocalKernels`Private`lk[LinkObject[/usr/local/Wolfram/Mathematica/12.0/Executables/wolfram -subkernel -noinit -nopaclet -wstp, 207, 4], {/usr/local/Wolfram/Mathematica/12.0/Executables/wolfram -subkernel -noinit -nopaclet -wstp}, SubKernels`LocalKernels`Private`speed$21719, SubKernels`LocalKernels`Private`preemptive$21719]], Parallel`Kernels`Private`id$21735, Parallel`Kernels`Private`name$21735], Parallel`Kernels`Private`ek[Parallel`Kernels`Private`nev$21736, Parallel`Kernels`Private`pb$21736, Parallel`Kernels`Private`rd$21736], Parallel`Kernels`Private`sk[Parallel`Kernels`Private`q$21737, Parallel`Kernels`Private`n0$21737, Parallel`Kernels`Private`n1$21737]]]
                                                                                                                                                                                                -6
NIntegrate::ncvb: NIntegrate failed to converge to prescribed accuracy after 2 recursive bisections in yD near {xD, yD} = {0.0422077, -0.019111}. NIntegrate obtained 0.000874982 and 7.70404 10   for the integral and error estimates.
StringForm[From `1`:, Parallel`Kernels`kernel[Parallel`Kernels`Private`bk[SubKernels`LocalKernels`localKernel[SubKernels`LocalKernels`Private`lk[LinkObject[/usr/local/Wolfram/Mathematica/12.0/Executables/wolfram -subkernel -noinit -nopaclet -wstp, 204, 1], {/usr/local/Wolfram/Mathematica/12.0/Executables/wolfram -subkernel -noinit -nopaclet -wstp}, SubKernels`LocalKernels`Private`speed$21716, SubKernels`LocalKernels`Private`preemptive$21716]], Parallel`Kernels`Private`id$21723, Parallel`Kernels`Private`name$21723], Parallel`Kernels`Private`ek[Parallel`Kernels`Private`nev$21724, Parallel`Kernels`Private`pb$21724, Parallel`Kernels`Private`rd$21724], Parallel`Kernels`Private`sk[Parallel`Kernels`Private`q$21725, Parallel`Kernels`Private`n0$21725, Parallel`Kernels`Private`n1$21725]]]
                                                                                                                                                                                                -6
NIntegrate::ncvb: NIntegrate failed to converge to prescribed accuracy after 2 recursive bisections in yD near {xD, yD} = {0.0440827, -0.019111}. NIntegrate obtained 0.000847189 and 7.03953 10   for the integral and error estimates.
StringForm[From `1`:, Parallel`Kernels`kernel[Parallel`Kernels`Private`bk[SubKernels`LocalKernels`localKernel[SubKernels`LocalKernels`Private`lk[LinkObject[/usr/local/Wolfram/Mathematica/12.0/Executables/wolfram -subkernel -noinit -nopaclet -wstp, 206, 3], {/usr/local/Wolfram/Mathematica/12.0/Executables/wolfram -subkernel -noinit -nopaclet -wstp}, SubKernels`LocalKernels`Private`speed$21718, SubKernels`LocalKernels`Private`preemptive$21718]], Parallel`Kernels`Private`id$21731, Parallel`Kernels`Private`name$21731], Parallel`Kernels`Private`ek[Parallel`Kernels`Private`nev$21732, Parallel`Kernels`Private`pb$21732, Parallel`Kernels`Private`rd$21732], Parallel`Kernels`Private`sk[Parallel`Kernels`Private`q$21733, Parallel`Kernels`Private`n0$21733, Parallel`Kernels`Private`n1$21733]]]
NIntegrate::ncvb: NIntegrate failed to converge to prescribed accuracy after 2 recursive bisections in yD near {xD, yD} = {0.0422077, -0.014338}. NIntegrate obtained 0.0812164 and 0.0000955688 for the integral and error estimates.
StringForm[From `1`:, Parallel`Kernels`kernel[Parallel`Kernels`Private`bk[SubKernels`LocalKernels`localKernel[SubKernels`LocalKernels`Private`lk[LinkObject[/usr/local/Wolfram/Mathematica/12.0/Executables/wolfram -subkernel -noinit -nopaclet -wstp, 207, 4], {/usr/local/Wolfram/Mathematica/12.0/Executables/wolfram -subkernel -noinit -nopaclet -wstp}, SubKernels`LocalKernels`Private`speed$21719, SubKernels`LocalKernels`Private`preemptive$21719]], Parallel`Kernels`Private`id$21735, Parallel`Kernels`Private`name$21735], Parallel`Kernels`Private`ek[Parallel`Kernels`Private`nev$21736, Parallel`Kernels`Private`pb$21736, Parallel`Kernels`Private`rd$21736], Parallel`Kernels`Private`sk[Parallel`Kernels`Private`q$21737, Parallel`Kernels`Private`n0$21737, Parallel`Kernels`Private`n1$21737]]]
NIntegrate::ncvb: NIntegrate failed to converge to prescribed accuracy after 2 recursive bisections in yD near {xD, yD} = {0.0422077, 0.022255}. NIntegrate obtained 0.0173842 and 0.000251972 for the integral and error estimates.
StringForm[From `1`:, Parallel`Kernels`kernel[Parallel`Kernels`Private`bk[SubKernels`LocalKernels`localKernel[SubKernels`LocalKernels`Private`lk[LinkObject[/usr/local/Wolfram/Mathematica/12.0/Executables/wolfram -subkernel -noinit -nopaclet -wstp, 205, 2], {/usr/local/Wolfram/Mathematica/12.0/Executables/wolfram -subkernel -noinit -nopaclet -wstp}, SubKernels`LocalKernels`Private`speed$21717, SubKernels`LocalKernels`Private`preemptive$21717]], Parallel`Kernels`Private`id$21727, Parallel`Kernels`Private`name$21727], Parallel`Kernels`Private`ek[Parallel`Kernels`Private`nev$21728, Parallel`Kernels`Private`pb$21728, Parallel`Kernels`Private`rd$21728], Parallel`Kernels`Private`sk[Parallel`Kernels`Private`q$21729, Parallel`Kernels`Private`n0$21729, Parallel`Kernels`Private`n1$21729]]]
NIntegrate::ncvb: NIntegrate failed to converge to prescribed accuracy after 2 recursive bisections in yD near {xD, yD} = {0.0440827, -0.014338}. NIntegrate obtained 0.0628757 and 0.000128337 for the integral and error estimates.
a = -1045e-4
Time consumption: 5.164210209166667
MaxMemUse :142.98181915283203 MB
Configured Kernels: {SubKernels`LocalKernels`LocalMachine[4, SubKernels`LocalKernels`LowerPriority -> True]}
Processor Count: 4
Modules loaded ...
4 Kernels launched ...
Run started at Tue 11 May 2021 15:04:29, Bins: {139, 154}
StringForm[From `1`:, Parallel`Kernels`kernel[Parallel`Kernels`Private`bk[SubKernels`LocalKernels`localKernel[SubKernels`LocalKernels`Private`lk[LinkObject[/usr/local/Wolfram/Mathematica/12.0/Executables/wolfram -subkernel -noinit -nopaclet -wstp, 204, 1], {/usr/local/Wolfram/Mathematica/12.0/Executables/wolfram -subkernel -noinit -nopaclet -wstp}, SubKernels`LocalKernels`Private`speed$21380, SubKernels`LocalKernels`Private`preemptive$21380]], Parallel`Kernels`Private`id$21387, Parallel`Kernels`Private`name$21387], Parallel`Kernels`Private`ek[Parallel`Kernels`Private`nev$21388, Parallel`Kernels`Private`pb$21388, Parallel`Kernels`Private`rd$21388], Parallel`Kernels`Private`sk[Parallel`Kernels`Private`q$21389, Parallel`Kernels`Private`n0$21389, Parallel`Kernels`Private`n1$21389]]]
                                                                                                                                                                                                -6
NIntegrate::ncvb: NIntegrate failed to converge to prescribed accuracy after 2 recursive bisections in yD near {xD, yD} = {0.0459577, -0.019111}. NIntegrate obtained 0.000668697 and 6.88119 10   for the integral and error estimates.
StringForm[From `1`:, Parallel`Kernels`kernel[Parallel`Kernels`Private`bk[SubKernels`LocalKernels`localKernel[SubKernels`LocalKernels`Private`lk[LinkObject[/usr/local/Wolfram/Mathematica/12.0/Executables/wolfram -subkernel -noinit -nopaclet -wstp, 205, 2], {/usr/local/Wolfram/Mathematica/12.0/Executables/wolfram -subkernel -noinit -nopaclet -wstp}, SubKernels`LocalKernels`Private`speed$21381, SubKernels`LocalKernels`Private`preemptive$21381]], Parallel`Kernels`Private`id$21391, Parallel`Kernels`Private`name$21391], Parallel`Kernels`Private`ek[Parallel`Kernels`Private`nev$21392, Parallel`Kernels`Private`pb$21392, Parallel`Kernels`Private`rd$21392], Parallel`Kernels`Private`sk[Parallel`Kernels`Private`q$21393, Parallel`Kernels`Private`n0$21393, Parallel`Kernels`Private`n1$21393]]]
NIntegrate::ncvb: NIntegrate failed to converge to prescribed accuracy after 2 recursive bisections in yD near {xD, yD} = {0.0440827, 0.022255}. NIntegrate obtained 0.0146484 and 0.000257826 for the integral and error estimates.
StringForm[From `1`:, Parallel`Kernels`kernel[Parallel`Kernels`Private`bk[SubKernels`LocalKernels`localKernel[SubKernels`LocalKernels`Private`lk[LinkObject[/usr/local/Wolfram/Mathematica/12.0/Executables/wolfram -subkernel -noinit -nopaclet -wstp, 207, 4], {/usr/local/Wolfram/Mathematica/12.0/Executables/wolfram -subkernel -noinit -nopaclet -wstp}, SubKernels`LocalKernels`Private`speed$21383, SubKernels`LocalKernels`Private`preemptive$21383]], Parallel`Kernels`Private`id$21399, Parallel`Kernels`Private`name$21399], Parallel`Kernels`Private`ek[Parallel`Kernels`Private`nev$21400, Parallel`Kernels`Private`pb$21400, Parallel`Kernels`Private`rd$21400], Parallel`Kernels`Private`sk[Parallel`Kernels`Private`q$21401, Parallel`Kernels`Private`n0$21401, Parallel`Kernels`Private`n1$21401]]]
NIntegrate::ncvb: NIntegrate failed to converge to prescribed accuracy after 2 recursive bisections in yD near {xD, yD} = {0.0459577, -0.014338}. NIntegrate obtained 0.0394192 and 0.0000731501 for the integral and error estimates.
StringForm[From `1`:, Parallel`Kernels`kernel[Parallel`Kernels`Private`bk[SubKernels`LocalKernels`localKernel[SubKernels`LocalKernels`Private`lk[LinkObject[/usr/local/Wolfram/Mathematica/12.0/Executables/wolfram -subkernel -noinit -nopaclet -wstp, 206, 3], {/usr/local/Wolfram/Mathematica/12.0/Executables/wolfram -subkernel -noinit -nopaclet -wstp}, SubKernels`LocalKernels`Private`speed$21382, SubKernels`LocalKernels`Private`preemptive$21382]], Parallel`Kernels`Private`id$21395, Parallel`Kernels`Private`name$21395], Parallel`Kernels`Private`ek[Parallel`Kernels`Private`nev$21396, Parallel`Kernels`Private`pb$21396, Parallel`Kernels`Private`rd$21396], Parallel`Kernels`Private`sk[Parallel`Kernels`Private`q$21397, Parallel`Kernels`Private`n0$21397, Parallel`Kernels`Private`n1$21397]]]
NIntegrate::ncvb: NIntegrate failed to converge to prescribed accuracy after 2 recursive bisections in yD near {xD, yD} = {0.0459577, 0.022255}. NIntegrate obtained 0.0101248 and 0.000113058 for the integral and error estimates.
a = -1045e-4
Time consumption: 5.104892124722221
MaxMemUse :142.99891662597656 MB
Configured Kernels: {SubKernels`LocalKernels`LocalMachine[4, SubKernels`LocalKernels`LowerPriority -> True]}
Processor Count: 4
Modules loaded ...
4 Kernels launched ...
Run started at Tue 11 May 2021 20:10:49, Bins: {155, 178}
StringForm[From `1`:, Parallel`Kernels`kernel[Parallel`Kernels`Private`bk[SubKernels`LocalKernels`localKernel[SubKernels`LocalKernels`Private`lk[LinkObject[/usr/local/Wolfram/Mathematica/12.0/Executables/wolfram -subkernel -noinit -nopaclet -wstp, 206, 3], {/usr/local/Wolfram/Mathematica/12.0/Executables/wolfram -subkernel -noinit -nopaclet -wstp}, SubKernels`LocalKernels`Private`speed$21423, SubKernels`LocalKernels`Private`preemptive$21423]], Parallel`Kernels`Private`id$21436, Parallel`Kernels`Private`name$21436], Parallel`Kernels`Private`ek[Parallel`Kernels`Private`nev$21437, Parallel`Kernels`Private`pb$21437, Parallel`Kernels`Private`rd$21437], Parallel`Kernels`Private`sk[Parallel`Kernels`Private`q$21438, Parallel`Kernels`Private`n0$21438, Parallel`Kernels`Private`n1$21438]]]
NIntegrate::ncvb: NIntegrate failed to converge to prescribed accuracy after 2 recursive bisections in yD near {xD, yD} = {0.0479789, -0.01752}. NIntegrate obtained 0.000347726 and 0.0000106921 for the integral and error estimates.
StringForm[From `1`:, Parallel`Kernels`kernel[Parallel`Kernels`Private`bk[SubKernels`LocalKernels`localKernel[SubKernels`LocalKernels`Private`lk[LinkObject[/usr/local/Wolfram/Mathematica/12.0/Executables/wolfram -subkernel -noinit -nopaclet -wstp, 207, 4], {/usr/local/Wolfram/Mathematica/12.0/Executables/wolfram -subkernel -noinit -nopaclet -wstp}, SubKernels`LocalKernels`Private`speed$21424, SubKernels`LocalKernels`Private`preemptive$21424]], Parallel`Kernels`Private`id$21440, Parallel`Kernels`Private`name$21440], Parallel`Kernels`Private`ek[Parallel`Kernels`Private`nev$21441, Parallel`Kernels`Private`pb$21441, Parallel`Kernels`Private`rd$21441], Parallel`Kernels`Private`sk[Parallel`Kernels`Private`q$21442, Parallel`Kernels`Private`n0$21442, Parallel`Kernels`Private`n1$21442]]]
NIntegrate::ncvb: NIntegrate failed to converge to prescribed accuracy after 2 recursive bisections in yD near {xD, yD} = {0.0497077, -0.01752}. NIntegrate obtained 0.0000761648 and 0.0000348126 for the integral and error estimates.
StringForm[From `1`:, Parallel`Kernels`kernel[Parallel`Kernels`Private`bk[SubKernels`LocalKernels`localKernel[SubKernels`LocalKernels`Private`lk[LinkObject[/usr/local/Wolfram/Mathematica/12.0/Executables/wolfram -subkernel -noinit -nopaclet -wstp, 205, 2], {/usr/local/Wolfram/Mathematica/12.0/Executables/wolfram -subkernel -noinit -nopaclet -wstp}, SubKernels`LocalKernels`Private`speed$21422, SubKernels`LocalKernels`Private`preemptive$21422]], Parallel`Kernels`Private`id$21432, Parallel`Kernels`Private`name$21432], Parallel`Kernels`Private`ek[Parallel`Kernels`Private`nev$21433, Parallel`Kernels`Private`pb$21433, Parallel`Kernels`Private`rd$21433], Parallel`Kernels`Private`sk[Parallel`Kernels`Private`q$21434, Parallel`Kernels`Private`n0$21434, Parallel`Kernels`Private`n1$21434]]]
                                                                                                                                                                                              -6
NIntegrate::ncvb: NIntegrate failed to converge to prescribed accuracy after 2 recursive bisections in yD near {xD, yD} = {0.0478327, 0.023846}. NIntegrate obtained 0.00541848 and 7.69599 10   for the integral and error estimates.
StringForm[From `1`:, Parallel`Kernels`kernel[Parallel`Kernels`Private`bk[SubKernels`LocalKernels`localKernel[SubKernels`LocalKernels`Private`lk[LinkObject[/usr/local/Wolfram/Mathematica/12.0/Executables/wolfram -subkernel -noinit -nopaclet -wstp, 207, 4], {/usr/local/Wolfram/Mathematica/12.0/Executables/wolfram -subkernel -noinit -nopaclet -wstp}, SubKernels`LocalKernels`Private`speed$21424, SubKernels`LocalKernels`Private`preemptive$21424]], Parallel`Kernels`Private`id$21440, Parallel`Kernels`Private`name$21440], Parallel`Kernels`Private`ek[Parallel`Kernels`Private`nev$21441, Parallel`Kernels`Private`pb$21441, Parallel`Kernels`Private`rd$21441], Parallel`Kernels`Private`sk[Parallel`Kernels`Private`q$21442, Parallel`Kernels`Private`n0$21442, Parallel`Kernels`Private`n1$21442]]]
NIntegrate::ncvb: NIntegrate failed to converge to prescribed accuracy after 2 recursive bisections in yD near {xD, yD} = {0.0489164, -0.014338}. NIntegrate obtained 0.00553587 and 0.0000126891 for the integral and error estimates.
StringForm[From `1`:, Parallel`Kernels`kernel[Parallel`Kernels`Private`bk[SubKernels`LocalKernels`localKernel[SubKernels`LocalKernels`Private`lk[LinkObject[/usr/local/Wolfram/Mathematica/12.0/Executables/wolfram -subkernel -noinit -nopaclet -wstp, 206, 3], {/usr/local/Wolfram/Mathematica/12.0/Executables/wolfram -subkernel -noinit -nopaclet -wstp}, SubKernels`LocalKernels`Private`speed$21423, SubKernels`LocalKernels`Private`preemptive$21423]], Parallel`Kernels`Private`id$21436, Parallel`Kernels`Private`name$21436], Parallel`Kernels`Private`ek[Parallel`Kernels`Private`nev$21437, Parallel`Kernels`Private`pb$21437, Parallel`Kernels`Private`rd$21437], Parallel`Kernels`Private`sk[Parallel`Kernels`Private`q$21438, Parallel`Kernels`Private`n0$21438, Parallel`Kernels`Private`n1$21438]]]
                                                                                                                                                                               -6              -6
NIntegrate::ncvb: NIntegrate failed to converge to prescribed accuracy after 2 recursive bisections in yD near {xD, yD} = {0.0515827, -0.01752}. NIntegrate obtained 2.97163 10   and 2.2183 10   for the integral and error estimates.
StringForm[From `1`:, Parallel`Kernels`kernel[Parallel`Kernels`Private`bk[SubKernels`LocalKernels`localKernel[SubKernels`LocalKernels`Private`lk[LinkObject[/usr/local/Wolfram/Mathematica/12.0/Executables/wolfram -subkernel -noinit -nopaclet -wstp, 207, 4], {/usr/local/Wolfram/Mathematica/12.0/Executables/wolfram -subkernel -noinit -nopaclet -wstp}, SubKernels`LocalKernels`Private`speed$21424, SubKernels`LocalKernels`Private`preemptive$21424]], Parallel`Kernels`Private`id$21440, Parallel`Kernels`Private`name$21440], Parallel`Kernels`Private`ek[Parallel`Kernels`Private`nev$21441, Parallel`Kernels`Private`pb$21441, Parallel`Kernels`Private`rd$21441], Parallel`Kernels`Private`sk[Parallel`Kernels`Private`q$21442, Parallel`Kernels`Private`n0$21442, Parallel`Kernels`Private`n1$21442]]]
NIntegrate::ncvb: NIntegrate failed to converge to prescribed accuracy after 2 recursive bisections in yD near {xD, yD} = {0.0497077, 0.025437}. NIntegrate obtained 0.00199286 and 0.0000334559 for the integral and error estimates.
a = -1045e-4
Time consumption: 7.725995193055556
MaxMemUse :142.9842300415039 MB
Configured Kernels: {SubKernels`LocalKernels`LocalMachine[4, SubKernels`LocalKernels`LowerPriority -> True]}
Processor Count: 4
Modules loaded ...
4 Kernels launched ...
Run started at Wed 12 May 2021 03:54:22, Bins: {179, 264}
StringForm[From `1`:, Parallel`Kernels`kernel[Parallel`Kernels`Private`bk[SubKernels`LocalKernels`localKernel[SubKernels`LocalKernels`Private`lk[LinkObject[/usr/local/Wolfram/Mathematica/12.0/Executables/wolfram -subkernel -noinit -nopaclet -wstp, 204, 1], {/usr/local/Wolfram/Mathematica/12.0/Executables/wolfram -subkernel -noinit -nopaclet -wstp}, SubKernels`LocalKernels`Private`speed$21316, SubKernels`LocalKernels`Private`preemptive$21316]], Parallel`Kernels`Private`id$21323, Parallel`Kernels`Private`name$21323], Parallel`Kernels`Private`ek[Parallel`Kernels`Private`nev$21324, Parallel`Kernels`Private`pb$21324, Parallel`Kernels`Private`rd$21324], Parallel`Kernels`Private`sk[Parallel`Kernels`Private`q$21325, Parallel`Kernels`Private`n0$21325, Parallel`Kernels`Private`n1$21325]]]
                                                                                                                                                                                              -6
NIntegrate::ncvb: NIntegrate failed to converge to prescribed accuracy after 2 recursive bisections in xD near {xD, yD} = {0.0503957, 0.02678}. NIntegrate obtained 0.000476101 and 3.27958 10   for the integral and error estimates.
StringForm[From `1`:, Parallel`Kernels`kernel[Parallel`Kernels`Private`bk[SubKernels`LocalKernels`localKernel[SubKernels`LocalKernels`Private`lk[LinkObject[/usr/local/Wolfram/Mathematica/12.0/Executables/wolfram -subkernel -noinit -nopaclet -wstp, 207, 4], {/usr/local/Wolfram/Mathematica/12.0/Executables/wolfram -subkernel -noinit -nopaclet -wstp}, SubKernels`LocalKernels`Private`speed$21319, SubKernels`LocalKernels`Private`preemptive$21319]], Parallel`Kernels`Private`id$21335, Parallel`Kernels`Private`name$21335], Parallel`Kernels`Private`ek[Parallel`Kernels`Private`nev$21336, Parallel`Kernels`Private`pb$21336, Parallel`Kernels`Private`rd$21336], Parallel`Kernels`Private`sk[Parallel`Kernels`Private`q$21337, Parallel`Kernels`Private`n0$21337, Parallel`Kernels`Private`n1$21337]]]
                                                                                                                                                                                               -6
NIntegrate::ncvb: NIntegrate failed to converge to prescribed accuracy after 2 recursive bisections in yD near {xD, yD} = {0.0515827, -0.012747}. NIntegrate obtained 0.00121626 and 3.85783 10   for the integral and error estimates.
a = -1045e-4
Time consumption: 3.7836965375
MaxMemUse :142.99442291259766 MB
