Configured Kernels: {SubKernels`LocalKernels`LocalMachine[4, SubKernels`LocalKernels`LowerPriority -> True]}
Processor Count: 4
Modules loaded ...
4 Kernels launched ...
Run started at Fri 1 Oct 2021 11:16:28, Bins: {1, 49}
StringForm[From `1`:, Parallel`Kernels`kernel[Parallel`Kernels`Private`bk[SubKernels`LocalKernels`localKernel[SubKernels`LocalKernels`Private`lk[LinkObject[/usr/local/Wolfram/Mathematica/12.0/Executables/wolfram -subkernel -noinit -nopaclet -wstp, 207, 2], {/usr/local/Wolfram/Mathematica/12.0/Executables/wolfram -subkernel -noinit -nopaclet -wstp}, SubKernels`LocalKernels`Private`speed$22071, SubKernels`LocalKernels`Private`preemptive$22071]], Parallel`Kernels`Private`id$22081, Parallel`Kernels`Private`name$22081], Parallel`Kernels`Private`ek[Parallel`Kernels`Private`nev$22082, Parallel`Kernels`Private`pb$22082, Parallel`Kernels`Private`rd$22082], Parallel`Kernels`Private`sk[Parallel`Kernels`Private`q$22083, Parallel`Kernels`Private`n0$22083, Parallel`Kernels`Private`n1$22083]]]
                                                                                                                                                                                               -6
NIntegrate::ncvb: NIntegrate failed to converge to prescribed accuracy after 2 recursive bisections in yD near {xD, yD} = {0.0272077, -0.014338}. NIntegrate obtained 0.000123338 and 1.3374 10   for the integral and error estimates.
StringForm[From `1`:, Parallel`Kernels`kernel[Parallel`Kernels`Private`bk[SubKernels`LocalKernels`localKernel[SubKernels`LocalKernels`Private`lk[LinkObject[/usr/local/Wolfram/Mathematica/12.0/Executables/wolfram -subkernel -noinit -nopaclet -wstp, 209, 4], {/usr/local/Wolfram/Mathematica/12.0/Executables/wolfram -subkernel -noinit -nopaclet -wstp}, SubKernels`LocalKernels`Private`speed$22073, SubKernels`LocalKernels`Private`preemptive$22073]], Parallel`Kernels`Private`id$22089, Parallel`Kernels`Private`name$22089], Parallel`Kernels`Private`ek[Parallel`Kernels`Private`nev$22090, Parallel`Kernels`Private`pb$22090, Parallel`Kernels`Private`rd$22090], Parallel`Kernels`Private`sk[Parallel`Kernels`Private`q$22091, Parallel`Kernels`Private`n0$22091, Parallel`Kernels`Private`n1$22091]]]
NIntegrate::ncvb: NIntegrate failed to converge to prescribed accuracy after 2 recursive bisections in yD near {xD, yD} = {0.0290827, -0.014338}. NIntegrate obtained 0.00223117 and 0.0000316576 for the integral and error estimates.
a = -1060e-4
Time consumption: 2.2235785952777776
MaxMemUse :144.30484008789062 MB
Configured Kernels: {SubKernels`LocalKernels`LocalMachine[4, SubKernels`LocalKernels`LowerPriority -> True]}
Processor Count: 4
Modules loaded ...
4 Kernels launched ...
Run started at Fri 1 Oct 2021 13:29:54, Bins: {50, 98}
StringForm[From `1`:, Parallel`Kernels`kernel[Parallel`Kernels`Private`bk[SubKernels`LocalKernels`localKernel[SubKernels`LocalKernels`Private`lk[LinkObject[/usr/local/Wolfram/Mathematica/12.0/Executables/wolfram -subkernel -noinit -nopaclet -wstp, 206, 1], {/usr/local/Wolfram/Mathematica/12.0/Executables/wolfram -subkernel -noinit -nopaclet -wstp}, SubKernels`LocalKernels`Private`speed$22138, SubKernels`LocalKernels`Private`preemptive$22138]], Parallel`Kernels`Private`id$22145, Parallel`Kernels`Private`name$22145], Parallel`Kernels`Private`ek[Parallel`Kernels`Private`nev$22146, Parallel`Kernels`Private`pb$22146, Parallel`Kernels`Private`rd$22146], Parallel`Kernels`Private`sk[Parallel`Kernels`Private`q$22147, Parallel`Kernels`Private`n0$22147, Parallel`Kernels`Private`n1$22147]]]
                                                                                                                                                                                               -6
NIntegrate::ncvb: NIntegrate failed to converge to prescribed accuracy after 2 recursive bisections in yD near {xD, yD} = {0.0290827, 0.022255}. NIntegrate obtained 0.000110753 and 4.10454 10   for the integral and error estimates.
StringForm[From `1`:, Parallel`Kernels`kernel[Parallel`Kernels`Private`bk[SubKernels`LocalKernels`localKernel[SubKernels`LocalKernels`Private`lk[LinkObject[/usr/local/Wolfram/Mathematica/12.0/Executables/wolfram -subkernel -noinit -nopaclet -wstp, 209, 4], {/usr/local/Wolfram/Mathematica/12.0/Executables/wolfram -subkernel -noinit -nopaclet -wstp}, SubKernels`LocalKernels`Private`speed$22141, SubKernels`LocalKernels`Private`preemptive$22141]], Parallel`Kernels`Private`id$22157, Parallel`Kernels`Private`name$22157], Parallel`Kernels`Private`ek[Parallel`Kernels`Private`nev$22158, Parallel`Kernels`Private`pb$22158, Parallel`Kernels`Private`rd$22158], Parallel`Kernels`Private`sk[Parallel`Kernels`Private`q$22159, Parallel`Kernels`Private`n0$22159, Parallel`Kernels`Private`n1$22159]]]
NIntegrate::ncvb: NIntegrate failed to converge to prescribed accuracy after 2 recursive bisections in yD near {xD, yD} = {0.0309577, 0.022255}. NIntegrate obtained 0.000665331 and 0.0000105465 for the integral and error estimates.
StringForm[From `1`:, Parallel`Kernels`kernel[Parallel`Kernels`Private`bk[SubKernels`LocalKernels`localKernel[SubKernels`LocalKernels`Private`lk[LinkObject[/usr/local/Wolfram/Mathematica/12.0/Executables/wolfram -subkernel -noinit -nopaclet -wstp, 208, 3], {/usr/local/Wolfram/Mathematica/12.0/Executables/wolfram -subkernel -noinit -nopaclet -wstp}, SubKernels`LocalKernels`Private`speed$22140, SubKernels`LocalKernels`Private`preemptive$22140]], Parallel`Kernels`Private`id$22153, Parallel`Kernels`Private`name$22153], Parallel`Kernels`Private`ek[Parallel`Kernels`Private`nev$22154, Parallel`Kernels`Private`pb$22154, Parallel`Kernels`Private`rd$22154], Parallel`Kernels`Private`sk[Parallel`Kernels`Private`q$22155, Parallel`Kernels`Private`n0$22155, Parallel`Kernels`Private`n1$22155]]]
NIntegrate::ncvb: NIntegrate failed to converge to prescribed accuracy after 2 recursive bisections in yD near {xD, yD} = {0.0309577, -0.014338}. NIntegrate obtained 0.00993826 and 0.000100837 for the integral and error estimates.
StringForm[From `1`:, Parallel`Kernels`kernel[Parallel`Kernels`Private`bk[SubKernels`LocalKernels`localKernel[SubKernels`LocalKernels`Private`lk[LinkObject[/usr/local/Wolfram/Mathematica/12.0/Executables/wolfram -subkernel -noinit -nopaclet -wstp, 209, 4], {/usr/local/Wolfram/Mathematica/12.0/Executables/wolfram -subkernel -noinit -nopaclet -wstp}, SubKernels`LocalKernels`Private`speed$22141, SubKernels`LocalKernels`Private`preemptive$22141]], Parallel`Kernels`Private`id$22157, Parallel`Kernels`Private`name$22157], Parallel`Kernels`Private`ek[Parallel`Kernels`Private`nev$22158, Parallel`Kernels`Private`pb$22158, Parallel`Kernels`Private`rd$22158], Parallel`Kernels`Private`sk[Parallel`Kernels`Private`q$22159, Parallel`Kernels`Private`n0$22159, Parallel`Kernels`Private`n1$22159]]]
                                                                                                                                                                                               -6
NIntegrate::ncvb: NIntegrate failed to converge to prescribed accuracy after 2 recursive bisections in yD near {xD, yD} = {0.0347077, -0.01752}. NIntegrate obtained 0.000186903 and 4.10836 10   for the integral and error estimates.
StringForm[From `1`:, Parallel`Kernels`kernel[Parallel`Kernels`Private`bk[SubKernels`LocalKernels`localKernel[SubKernels`LocalKernels`Private`lk[LinkObject[/usr/local/Wolfram/Mathematica/12.0/Executables/wolfram -subkernel -noinit -nopaclet -wstp, 208, 3], {/usr/local/Wolfram/Mathematica/12.0/Executables/wolfram -subkernel -noinit -nopaclet -wstp}, SubKernels`LocalKernels`Private`speed$22140, SubKernels`LocalKernels`Private`preemptive$22140]], Parallel`Kernels`Private`id$22153, Parallel`Kernels`Private`name$22153], Parallel`Kernels`Private`ek[Parallel`Kernels`Private`nev$22154, Parallel`Kernels`Private`pb$22154, Parallel`Kernels`Private`rd$22154], Parallel`Kernels`Private`sk[Parallel`Kernels`Private`q$22155, Parallel`Kernels`Private`n0$22155, Parallel`Kernels`Private`n1$22155]]]
NIntegrate::ncvb: NIntegrate failed to converge to prescribed accuracy after 2 recursive bisections in yD near {xD, yD} = {0.0328327, 0.022255}. NIntegrate obtained 0.00220482 and 0.0000173879 for the integral and error estimates.
StringForm[From `1`:, Parallel`Kernels`kernel[Parallel`Kernels`Private`bk[SubKernels`LocalKernels`localKernel[SubKernels`LocalKernels`Private`lk[LinkObject[/usr/local/Wolfram/Mathematica/12.0/Executables/wolfram -subkernel -noinit -nopaclet -wstp, 207, 2], {/usr/local/Wolfram/Mathematica/12.0/Executables/wolfram -subkernel -noinit -nopaclet -wstp}, SubKernels`LocalKernels`Private`speed$22139, SubKernels`LocalKernels`Private`preemptive$22139]], Parallel`Kernels`Private`id$22149, Parallel`Kernels`Private`name$22149], Parallel`Kernels`Private`ek[Parallel`Kernels`Private`nev$22150, Parallel`Kernels`Private`pb$22150, Parallel`Kernels`Private`rd$22150], Parallel`Kernels`Private`sk[Parallel`Kernels`Private`q$22151, Parallel`Kernels`Private`n0$22151, Parallel`Kernels`Private`n1$22151]]]
NIntegrate::ncvb: NIntegrate failed to converge to prescribed accuracy after 2 recursive bisections in yD near {xD, yD} = {0.0328327, -0.014338}. NIntegrate obtained 0.0258144 and 0.000188793 for the integral and error estimates.
StringForm[From `1`:, Parallel`Kernels`kernel[Parallel`Kernels`Private`bk[SubKernels`LocalKernels`localKernel[SubKernels`LocalKernels`Private`lk[LinkObject[/usr/local/Wolfram/Mathematica/12.0/Executables/wolfram -subkernel -noinit -nopaclet -wstp, 206, 1], {/usr/local/Wolfram/Mathematica/12.0/Executables/wolfram -subkernel -noinit -nopaclet -wstp}, SubKernels`LocalKernels`Private`speed$22138, SubKernels`LocalKernels`Private`preemptive$22138]], Parallel`Kernels`Private`id$22145, Parallel`Kernels`Private`name$22145], Parallel`Kernels`Private`ek[Parallel`Kernels`Private`nev$22146, Parallel`Kernels`Private`pb$22146, Parallel`Kernels`Private`rd$22146], Parallel`Kernels`Private`sk[Parallel`Kernels`Private`q$22147, Parallel`Kernels`Private`n0$22147, Parallel`Kernels`Private`n1$22147]]]
                                                                                                                                                                                               -6
NIntegrate::ncvb: NIntegrate failed to converge to prescribed accuracy after 2 recursive bisections in yD near {xD, yD} = {0.0365827, -0.01752}. NIntegrate obtained 0.000559006 and 4.57227 10   for the integral and error estimates.
StringForm[From `1`:, Parallel`Kernels`kernel[Parallel`Kernels`Private`bk[SubKernels`LocalKernels`localKernel[SubKernels`LocalKernels`Private`lk[LinkObject[/usr/local/Wolfram/Mathematica/12.0/Executables/wolfram -subkernel -noinit -nopaclet -wstp, 208, 3], {/usr/local/Wolfram/Mathematica/12.0/Executables/wolfram -subkernel -noinit -nopaclet -wstp}, SubKernels`LocalKernels`Private`speed$22140, SubKernels`LocalKernels`Private`preemptive$22140]], Parallel`Kernels`Private`id$22153, Parallel`Kernels`Private`name$22153], Parallel`Kernels`Private`ek[Parallel`Kernels`Private`nev$22154, Parallel`Kernels`Private`pb$22154, Parallel`Kernels`Private`rd$22154], Parallel`Kernels`Private`sk[Parallel`Kernels`Private`q$22155, Parallel`Kernels`Private`n0$22155, Parallel`Kernels`Private`n1$22155]]]
NIntegrate::ncvb: NIntegrate failed to converge to prescribed accuracy after 2 recursive bisections in yD near {xD, yD} = {0.0347077, 0.022255}. NIntegrate obtained 0.00515642 and 0.0000138224 for the integral and error estimates.
StringForm[From `1`:, Parallel`Kernels`kernel[Parallel`Kernels`Private`bk[SubKernels`LocalKernels`localKernel[SubKernels`LocalKernels`Private`lk[LinkObject[/usr/local/Wolfram/Mathematica/12.0/Executables/wolfram -subkernel -noinit -nopaclet -wstp, 209, 4], {/usr/local/Wolfram/Mathematica/12.0/Executables/wolfram -subkernel -noinit -nopaclet -wstp}, SubKernels`LocalKernels`Private`speed$22141, SubKernels`LocalKernels`Private`preemptive$22141]], Parallel`Kernels`Private`id$22157, Parallel`Kernels`Private`name$22157], Parallel`Kernels`Private`ek[Parallel`Kernels`Private`nev$22158, Parallel`Kernels`Private`pb$22158, Parallel`Kernels`Private`rd$22158], Parallel`Kernels`Private`sk[Parallel`Kernels`Private`q$22159, Parallel`Kernels`Private`n0$22159, Parallel`Kernels`Private`n1$22159]]]
NIntegrate::ncvb: NIntegrate failed to converge to prescribed accuracy after 2 recursive bisections in yD near {xD, yD} = {0.0347077, -0.014338}. NIntegrate obtained 0.0491662 and 0.000255667 for the integral and error estimates.
StringForm[From `1`:, Parallel`Kernels`kernel[Parallel`Kernels`Private`bk[SubKernels`LocalKernels`localKernel[SubKernels`LocalKernels`Private`lk[LinkObject[/usr/local/Wolfram/Mathematica/12.0/Executables/wolfram -subkernel -noinit -nopaclet -wstp, 207, 2], {/usr/local/Wolfram/Mathematica/12.0/Executables/wolfram -subkernel -noinit -nopaclet -wstp}, SubKernels`LocalKernels`Private`speed$22139, SubKernels`LocalKernels`Private`preemptive$22139]], Parallel`Kernels`Private`id$22149, Parallel`Kernels`Private`name$22149], Parallel`Kernels`Private`ek[Parallel`Kernels`Private`nev$22150, Parallel`Kernels`Private`pb$22150, Parallel`Kernels`Private`rd$22150], Parallel`Kernels`Private`sk[Parallel`Kernels`Private`q$22151, Parallel`Kernels`Private`n0$22151, Parallel`Kernels`Private`n1$22151]]]
NIntegrate::ncvb: NIntegrate failed to converge to prescribed accuracy after 2 recursive bisections in yD near {xD, yD} = {0.0365827, -0.014338}. NIntegrate obtained 0.0740208 and 0.000324664 for the integral and error estimates.
StringForm[From `1`:, Parallel`Kernels`kernel[Parallel`Kernels`Private`bk[SubKernels`LocalKernels`localKernel[SubKernels`LocalKernels`Private`lk[LinkObject[/usr/local/Wolfram/Mathematica/12.0/Executables/wolfram -subkernel -noinit -nopaclet -wstp, 206, 1], {/usr/local/Wolfram/Mathematica/12.0/Executables/wolfram -subkernel -noinit -nopaclet -wstp}, SubKernels`LocalKernels`Private`speed$22138, SubKernels`LocalKernels`Private`preemptive$22138]], Parallel`Kernels`Private`id$22145, Parallel`Kernels`Private`name$22145], Parallel`Kernels`Private`ek[Parallel`Kernels`Private`nev$22146, Parallel`Kernels`Private`pb$22146, Parallel`Kernels`Private`rd$22146], Parallel`Kernels`Private`sk[Parallel`Kernels`Private`q$22147, Parallel`Kernels`Private`n0$22147, Parallel`Kernels`Private`n1$22147]]]
NIntegrate::ncvb: NIntegrate failed to converge to prescribed accuracy after 2 recursive bisections in yD near {xD, yD} = {0.0365827, 0.022255}. NIntegrate obtained 0.00906223 and 0.0000517572 for the integral and error estimates.
a = -1060e-4
Time consumption: 9.366558119722223
MaxMemUse :144.2978515625 MB
Configured Kernels: {SubKernels`LocalKernels`LocalMachine[4, SubKernels`LocalKernels`LowerPriority -> True]}
Processor Count: 4
Modules loaded ...
4 Kernels launched ...
Run started at Fri 1 Oct 2021 22:51:55, Bins: {99, 106}
StringForm[From `1`:, Parallel`Kernels`kernel[Parallel`Kernels`Private`bk[SubKernels`LocalKernels`localKernel[SubKernels`LocalKernels`Private`lk[LinkObject[/usr/local/Wolfram/Mathematica/12.0/Executables/wolfram -subkernel -noinit -nopaclet -wstp, 207, 2], {/usr/local/Wolfram/Mathematica/12.0/Executables/wolfram -subkernel -noinit -nopaclet -wstp}, SubKernels`LocalKernels`Private`speed$21910, SubKernels`LocalKernels`Private`preemptive$21910]], Parallel`Kernels`Private`id$21920, Parallel`Kernels`Private`name$21920], Parallel`Kernels`Private`ek[Parallel`Kernels`Private`nev$21921, Parallel`Kernels`Private`pb$21921, Parallel`Kernels`Private`rd$21921], Parallel`Kernels`Private`sk[Parallel`Kernels`Private`q$21922, Parallel`Kernels`Private`n0$21922, Parallel`Kernels`Private`n1$21922]]]
                                                                                                                                                                                               -6
NIntegrate::ncvb: NIntegrate failed to converge to prescribed accuracy after 2 recursive bisections in yD near {xD, yD} = {0.0384577, -0.019111}. NIntegrate obtained 0.00096419 and 9.10046 10   for the integral and error estimates.
a = -1060e-4
Time consumption: 1.8685953883333335
MaxMemUse :144.28765106201172 MB
Configured Kernels: {SubKernels`LocalKernels`LocalMachine[4, SubKernels`LocalKernels`LowerPriority -> True]}
Processor Count: 4
Modules loaded ...
4 Kernels launched ...
Run started at Sat 2 Oct 2021 00:44:02, Bins: {107, 122}
StringForm[From `1`:, Parallel`Kernels`kernel[Parallel`Kernels`Private`bk[SubKernels`LocalKernels`localKernel[SubKernels`LocalKernels`Private`lk[LinkObject[/usr/local/Wolfram/Mathematica/12.0/Executables/wolfram -subkernel -noinit -nopaclet -wstp, 206, 1], {/usr/local/Wolfram/Mathematica/12.0/Executables/wolfram -subkernel -noinit -nopaclet -wstp}, SubKernels`LocalKernels`Private`speed$21880, SubKernels`LocalKernels`Private`preemptive$21880]], Parallel`Kernels`Private`id$21887, Parallel`Kernels`Private`name$21887], Parallel`Kernels`Private`ek[Parallel`Kernels`Private`nev$21888, Parallel`Kernels`Private`pb$21888, Parallel`Kernels`Private`rd$21888], Parallel`Kernels`Private`sk[Parallel`Kernels`Private`q$21889, Parallel`Kernels`Private`n0$21889, Parallel`Kernels`Private`n1$21889]]]
                                                                                                                                                                                               -6
NIntegrate::ncvb: NIntegrate failed to converge to prescribed accuracy after 2 recursive bisections in yD near {xD, yD} = {0.0404789, -0.019111}. NIntegrate obtained 0.00120592 and 9.38394 10   for the integral and error estimates.
StringForm[From `1`:, Parallel`Kernels`kernel[Parallel`Kernels`Private`bk[SubKernels`LocalKernels`localKernel[SubKernels`LocalKernels`Private`lk[LinkObject[/usr/local/Wolfram/Mathematica/12.0/Executables/wolfram -subkernel -noinit -nopaclet -wstp, 208, 3], {/usr/local/Wolfram/Mathematica/12.0/Executables/wolfram -subkernel -noinit -nopaclet -wstp}, SubKernels`LocalKernels`Private`speed$21882, SubKernels`LocalKernels`Private`preemptive$21882]], Parallel`Kernels`Private`id$21895, Parallel`Kernels`Private`name$21895], Parallel`Kernels`Private`ek[Parallel`Kernels`Private`nev$21896, Parallel`Kernels`Private`pb$21896, Parallel`Kernels`Private`rd$21896], Parallel`Kernels`Private`sk[Parallel`Kernels`Private`q$21897, Parallel`Kernels`Private`n0$21897, Parallel`Kernels`Private`n1$21897]]]
NIntegrate::ncvb: NIntegrate failed to converge to prescribed accuracy after 2 recursive bisections in yD near {xD, yD} = {0.0384577, 0.022255}. NIntegrate obtained 0.012501 and 0.000115707 for the integral and error estimates.
StringForm[From `1`:, Parallel`Kernels`kernel[Parallel`Kernels`Private`bk[SubKernels`LocalKernels`localKernel[SubKernels`LocalKernels`Private`lk[LinkObject[/usr/local/Wolfram/Mathematica/12.0/Executables/wolfram -subkernel -noinit -nopaclet -wstp, 208, 3], {/usr/local/Wolfram/Mathematica/12.0/Executables/wolfram -subkernel -noinit -nopaclet -wstp}, SubKernels`LocalKernels`Private`speed$21882, SubKernels`LocalKernels`Private`preemptive$21882]], Parallel`Kernels`Private`id$21895, Parallel`Kernels`Private`name$21895], Parallel`Kernels`Private`ek[Parallel`Kernels`Private`nev$21896, Parallel`Kernels`Private`pb$21896, Parallel`Kernels`Private`rd$21896], Parallel`Kernels`Private`sk[Parallel`Kernels`Private`q$21897, Parallel`Kernels`Private`n0$21897, Parallel`Kernels`Private`n1$21897]]]
NIntegrate::ncvb: NIntegrate failed to converge to prescribed accuracy after 2 recursive bisections in yD near {xD, yD} = {0.0403327, 0.022255}. NIntegrate obtained 0.014209 and 0.000181823 for the integral and error estimates.
a = -1060e-4
Time consumption: 4.6707918125
MaxMemUse :144.2752227783203 MB
Configured Kernels: {SubKernels`LocalKernels`LocalMachine[4, SubKernels`LocalKernels`LowerPriority -> True]}
Processor Count: 4
Modules loaded ...
4 Kernels launched ...
Run started at Sat 2 Oct 2021 05:24:18, Bins: {123, 138}
StringForm[From `1`:, Parallel`Kernels`kernel[Parallel`Kernels`Private`bk[SubKernels`LocalKernels`localKernel[SubKernels`LocalKernels`Private`lk[LinkObject[/usr/local/Wolfram/Mathematica/12.0/Executables/wolfram -subkernel -noinit -nopaclet -wstp, 207, 2], {/usr/local/Wolfram/Mathematica/12.0/Executables/wolfram -subkernel -noinit -nopaclet -wstp}, SubKernels`LocalKernels`Private`speed$21652, SubKernels`LocalKernels`Private`preemptive$21652]], Parallel`Kernels`Private`id$21662, Parallel`Kernels`Private`name$21662], Parallel`Kernels`Private`ek[Parallel`Kernels`Private`nev$21663, Parallel`Kernels`Private`pb$21663, Parallel`Kernels`Private`rd$21663], Parallel`Kernels`Private`sk[Parallel`Kernels`Private`q$21664, Parallel`Kernels`Private`n0$21664, Parallel`Kernels`Private`n1$21664]]]
                                                                                                                                                                                              -6
NIntegrate::ncvb: NIntegrate failed to converge to prescribed accuracy after 2 recursive bisections in yD near {xD, yD} = {0.0440827, -0.019111}. NIntegrate obtained 0.00121291 and 8.3713 10   for the integral and error estimates.
StringForm[From `1`:, Parallel`Kernels`kernel[Parallel`Kernels`Private`bk[SubKernels`LocalKernels`localKernel[SubKernels`LocalKernels`Private`lk[LinkObject[/usr/local/Wolfram/Mathematica/12.0/Executables/wolfram -subkernel -noinit -nopaclet -wstp, 209, 4], {/usr/local/Wolfram/Mathematica/12.0/Executables/wolfram -subkernel -noinit -nopaclet -wstp}, SubKernels`LocalKernels`Private`speed$21654, SubKernels`LocalKernels`Private`preemptive$21654]], Parallel`Kernels`Private`id$21670, Parallel`Kernels`Private`name$21670], Parallel`Kernels`Private`ek[Parallel`Kernels`Private`nev$21671, Parallel`Kernels`Private`pb$21671, Parallel`Kernels`Private`rd$21671], Parallel`Kernels`Private`sk[Parallel`Kernels`Private`q$21672, Parallel`Kernels`Private`n0$21672, Parallel`Kernels`Private`n1$21672]]]
NIntegrate::ncvb: NIntegrate failed to converge to prescribed accuracy after 2 recursive bisections in yD near {xD, yD} = {0.0422077, 0.022255}. NIntegrate obtained 0.0139523 and 0.000218116 for the integral and error estimates.
StringForm[From `1`:, Parallel`Kernels`kernel[Parallel`Kernels`Private`bk[SubKernels`LocalKernels`localKernel[SubKernels`LocalKernels`Private`lk[LinkObject[/usr/local/Wolfram/Mathematica/12.0/Executables/wolfram -subkernel -noinit -nopaclet -wstp, 208, 3], {/usr/local/Wolfram/Mathematica/12.0/Executables/wolfram -subkernel -noinit -nopaclet -wstp}, SubKernels`LocalKernels`Private`speed$21653, SubKernels`LocalKernels`Private`preemptive$21653]], Parallel`Kernels`Private`id$21666, Parallel`Kernels`Private`name$21666], Parallel`Kernels`Private`ek[Parallel`Kernels`Private`nev$21667, Parallel`Kernels`Private`pb$21667, Parallel`Kernels`Private`rd$21667], Parallel`Kernels`Private`sk[Parallel`Kernels`Private`q$21668, Parallel`Kernels`Private`n0$21668, Parallel`Kernels`Private`n1$21668]]]
NIntegrate::ncvb: NIntegrate failed to converge to prescribed accuracy after 2 recursive bisections in yD near {xD, yD} = {0.0422077, -0.014338}. NIntegrate obtained 0.0862057 and 0.000208314 for the integral and error estimates.
a = -1060e-4
Time consumption: 5.928731358055556
MaxMemUse :144.28697204589844 MB
Configured Kernels: {SubKernels`LocalKernels`LocalMachine[4, SubKernels`LocalKernels`LowerPriority -> True]}
Processor Count: 4
Modules loaded ...
4 Kernels launched ...
Run started at Sat 2 Oct 2021 11:20:02, Bins: {139, 154}
StringForm[From `1`:, Parallel`Kernels`kernel[Parallel`Kernels`Private`bk[SubKernels`LocalKernels`localKernel[SubKernels`LocalKernels`Private`lk[LinkObject[/usr/local/Wolfram/Mathematica/12.0/Executables/wolfram -subkernel -noinit -nopaclet -wstp, 206, 1], {/usr/local/Wolfram/Mathematica/12.0/Executables/wolfram -subkernel -noinit -nopaclet -wstp}, SubKernels`LocalKernels`Private`speed$21993, SubKernels`LocalKernels`Private`preemptive$21993]], Parallel`Kernels`Private`id$22000, Parallel`Kernels`Private`name$22000], Parallel`Kernels`Private`ek[Parallel`Kernels`Private`nev$22001, Parallel`Kernels`Private`pb$22001, Parallel`Kernels`Private`rd$22001], Parallel`Kernels`Private`sk[Parallel`Kernels`Private`q$22002, Parallel`Kernels`Private`n0$22002, Parallel`Kernels`Private`n1$22002]]]
NIntegrate::ncvb: NIntegrate failed to converge to prescribed accuracy after 2 recursive bisections in yD near {xD, yD} = {0.0459577, -0.019111}. NIntegrate obtained 0.0009282 and 0.0000101055 for the integral and error estimates.
StringForm[From `1`:, Parallel`Kernels`kernel[Parallel`Kernels`Private`bk[SubKernels`LocalKernels`localKernel[SubKernels`LocalKernels`Private`lk[LinkObject[/usr/local/Wolfram/Mathematica/12.0/Executables/wolfram -subkernel -noinit -nopaclet -wstp, 207, 2], {/usr/local/Wolfram/Mathematica/12.0/Executables/wolfram -subkernel -noinit -nopaclet -wstp}, SubKernels`LocalKernels`Private`speed$21994, SubKernels`LocalKernels`Private`preemptive$21994]], Parallel`Kernels`Private`id$22004, Parallel`Kernels`Private`name$22004], Parallel`Kernels`Private`ek[Parallel`Kernels`Private`nev$22005, Parallel`Kernels`Private`pb$22005, Parallel`Kernels`Private`rd$22005], Parallel`Kernels`Private`sk[Parallel`Kernels`Private`q$22006, Parallel`Kernels`Private`n0$22006, Parallel`Kernels`Private`n1$22006]]]
NIntegrate::ncvb: NIntegrate failed to converge to prescribed accuracy after 2 recursive bisections in yD near {xD, yD} = {0.0440827, 0.022255}. NIntegrate obtained 0.0118939 and 0.000169526 for the integral and error estimates.
StringForm[From `1`:, Parallel`Kernels`kernel[Parallel`Kernels`Private`bk[SubKernels`LocalKernels`localKernel[SubKernels`LocalKernels`Private`lk[LinkObject[/usr/local/Wolfram/Mathematica/12.0/Executables/wolfram -subkernel -noinit -nopaclet -wstp, 209, 4], {/usr/local/Wolfram/Mathematica/12.0/Executables/wolfram -subkernel -noinit -nopaclet -wstp}, SubKernels`LocalKernels`Private`speed$21996, SubKernels`LocalKernels`Private`preemptive$21996]], Parallel`Kernels`Private`id$22012, Parallel`Kernels`Private`name$22012], Parallel`Kernels`Private`ek[Parallel`Kernels`Private`nev$22013, Parallel`Kernels`Private`pb$22013, Parallel`Kernels`Private`rd$22013], Parallel`Kernels`Private`sk[Parallel`Kernels`Private`q$22014, Parallel`Kernels`Private`n0$22014, Parallel`Kernels`Private`n1$22014]]]
NIntegrate::ncvb: NIntegrate failed to converge to prescribed accuracy after 2 recursive bisections in yD near {xD, yD} = {0.0459577, -0.014338}. NIntegrate obtained 0.0417463 and 0.000075493 for the integral and error estimates.
StringForm[From `1`:, Parallel`Kernels`kernel[Parallel`Kernels`Private`bk[SubKernels`LocalKernels`localKernel[SubKernels`LocalKernels`Private`lk[LinkObject[/usr/local/Wolfram/Mathematica/12.0/Executables/wolfram -subkernel -noinit -nopaclet -wstp, 206, 1], {/usr/local/Wolfram/Mathematica/12.0/Executables/wolfram -subkernel -noinit -nopaclet -wstp}, SubKernels`LocalKernels`Private`speed$21993, SubKernels`LocalKernels`Private`preemptive$21993]], Parallel`Kernels`Private`id$22000, Parallel`Kernels`Private`name$22000], Parallel`Kernels`Private`ek[Parallel`Kernels`Private`nev$22001, Parallel`Kernels`Private`pb$22001, Parallel`Kernels`Private`rd$22001], Parallel`Kernels`Private`sk[Parallel`Kernels`Private`q$22002, Parallel`Kernels`Private`n0$22002, Parallel`Kernels`Private`n1$22002]]]
NIntegrate::ncvb: NIntegrate failed to converge to prescribed accuracy after 2 recursive bisections in yD near {xD, yD} = {0.0459577, 0.022255}. NIntegrate obtained 0.00836682 and 0.0000997913 for the integral and error estimates.
a = -1060e-4
Time consumption: 5.224722769722223
MaxMemUse :144.29509735107422 MB
Configured Kernels: {SubKernels`LocalKernels`LocalMachine[4, SubKernels`LocalKernels`LowerPriority -> True]}
Processor Count: 4
Modules loaded ...
Updating from Wolfram Research server ...
4 Kernels launched ...
Run started at Sat 2 Oct 2021 16:33:37, Bins: {155, 178}
StringForm[From `1`:, Parallel`Kernels`kernel[Parallel`Kernels`Private`bk[SubKernels`LocalKernels`localKernel[SubKernels`LocalKernels`Private`lk[LinkObject[/usr/local/Wolfram/Mathematica/12.0/Executables/wolfram -subkernel -noinit -nopaclet -wstp, 231, 4], {/usr/local/Wolfram/Mathematica/12.0/Executables/wolfram -subkernel -noinit -nopaclet -wstp}, SubKernels`LocalKernels`Private`speed$21943, SubKernels`LocalKernels`Private`preemptive$21943]], Parallel`Kernels`Private`id$21956, Parallel`Kernels`Private`name$21956], Parallel`Kernels`Private`ek[Parallel`Kernels`Private`nev$21957, Parallel`Kernels`Private`pb$21957, Parallel`Kernels`Private`rd$21957], Parallel`Kernels`Private`sk[Parallel`Kernels`Private`q$21958, Parallel`Kernels`Private`n0$21958, Parallel`Kernels`Private`n1$21958]]]
                                                                                                                                                                                                -6
NIntegrate::ncvb: NIntegrate failed to converge to prescribed accuracy after 2 recursive bisections in yD near {xD, yD} = {0.0470414, -0.019111}. NIntegrate obtained 0.000485339 and 5.42651 10   for the integral and error estimates.
StringForm[From `1`:, Parallel`Kernels`kernel[Parallel`Kernels`Private`bk[SubKernels`LocalKernels`localKernel[SubKernels`LocalKernels`Private`lk[LinkObject[/usr/local/Wolfram/Mathematica/12.0/Executables/wolfram -subkernel -noinit -nopaclet -wstp, 229, 2], {/usr/local/Wolfram/Mathematica/12.0/Executables/wolfram -subkernel -noinit -nopaclet -wstp}, SubKernels`LocalKernels`Private`speed$21941, SubKernels`LocalKernels`Private`preemptive$21941]], Parallel`Kernels`Private`id$21948, Parallel`Kernels`Private`name$21948], Parallel`Kernels`Private`ek[Parallel`Kernels`Private`nev$21949, Parallel`Kernels`Private`pb$21949, Parallel`Kernels`Private`rd$21949], Parallel`Kernels`Private`sk[Parallel`Kernels`Private`q$21950, Parallel`Kernels`Private`n0$21950, Parallel`Kernels`Private`n1$21950]]]
NIntegrate::ncvb: NIntegrate failed to converge to prescribed accuracy after 2 recursive bisections in yD near {xD, yD} = {0.0497077, -0.01752}. NIntegrate obtained 0.00011134 and 0.0000590256 for the integral and error estimates.
StringForm[From `1`:, Parallel`Kernels`kernel[Parallel`Kernels`Private`bk[SubKernels`LocalKernels`localKernel[SubKernels`LocalKernels`Private`lk[LinkObject[/usr/local/Wolfram/Mathematica/12.0/Executables/wolfram -subkernel -noinit -nopaclet -wstp, 232, 5], {/usr/local/Wolfram/Mathematica/12.0/Executables/wolfram -subkernel -noinit -nopaclet -wstp}, SubKernels`LocalKernels`Private`speed$21944, SubKernels`LocalKernels`Private`preemptive$21944]], Parallel`Kernels`Private`id$21960, Parallel`Kernels`Private`name$21960], Parallel`Kernels`Private`ek[Parallel`Kernels`Private`nev$21961, Parallel`Kernels`Private`pb$21961, Parallel`Kernels`Private`rd$21961], Parallel`Kernels`Private`sk[Parallel`Kernels`Private`q$21962, Parallel`Kernels`Private`n0$21962, Parallel`Kernels`Private`n1$21962]]]
NIntegrate::ncvb: NIntegrate failed to converge to prescribed accuracy after 2 recursive bisections in yD near {xD, yD} = {0.0478327, 0.022255}. NIntegrate obtained 0.00452356 and 0.0000125803 for the integral and error estimates.
StringForm[From `1`:, Parallel`Kernels`kernel[Parallel`Kernels`Private`bk[SubKernels`LocalKernels`localKernel[SubKernels`LocalKernels`Private`lk[LinkObject[/usr/local/Wolfram/Mathematica/12.0/Executables/wolfram -subkernel -noinit -nopaclet -wstp, 230, 3], {/usr/local/Wolfram/Mathematica/12.0/Executables/wolfram -subkernel -noinit -nopaclet -wstp}, SubKernels`LocalKernels`Private`speed$21942, SubKernels`LocalKernels`Private`preemptive$21942]], Parallel`Kernels`Private`id$21952, Parallel`Kernels`Private`name$21952], Parallel`Kernels`Private`ek[Parallel`Kernels`Private`nev$21953, Parallel`Kernels`Private`pb$21953, Parallel`Kernels`Private`rd$21953], Parallel`Kernels`Private`sk[Parallel`Kernels`Private`q$21954, Parallel`Kernels`Private`n0$21954, Parallel`Kernels`Private`n1$21954]]]
NIntegrate::ncvb: NIntegrate failed to converge to prescribed accuracy after 2 recursive bisections in yD near {xD, yD} = {0.0478327, -0.014338}. NIntegrate obtained 0.0190643 and 0.0000783147 for the integral and error estimates.
StringForm[From `1`:, Parallel`Kernels`kernel[Parallel`Kernels`Private`bk[SubKernels`LocalKernels`localKernel[SubKernels`LocalKernels`Private`lk[LinkObject[/usr/local/Wolfram/Mathematica/12.0/Executables/wolfram -subkernel -noinit -nopaclet -wstp, 231, 4], {/usr/local/Wolfram/Mathematica/12.0/Executables/wolfram -subkernel -noinit -nopaclet -wstp}, SubKernels`LocalKernels`Private`speed$21943, SubKernels`LocalKernels`Private`preemptive$21943]], Parallel`Kernels`Private`id$21956, Parallel`Kernels`Private`name$21956], Parallel`Kernels`Private`ek[Parallel`Kernels`Private`nev$21957, Parallel`Kernels`Private`pb$21957, Parallel`Kernels`Private`rd$21957], Parallel`Kernels`Private`sk[Parallel`Kernels`Private`q$21958, Parallel`Kernels`Private`n0$21958, Parallel`Kernels`Private`n1$21958]]]
                                                                                                                                                                                                -6
NIntegrate::ncvb: NIntegrate failed to converge to prescribed accuracy after 2 recursive bisections in yD near {xD, yD} = {0.0515827, -0.01752}. NIntegrate obtained 0.0000111485 and 4.47512 10   for the integral and error estimates.
StringForm[From `1`:, Parallel`Kernels`kernel[Parallel`Kernels`Private`bk[SubKernels`LocalKernels`localKernel[SubKernels`LocalKernels`Private`lk[LinkObject[/usr/local/Wolfram/Mathematica/12.0/Executables/wolfram -subkernel -noinit -nopaclet -wstp, 229, 2], {/usr/local/Wolfram/Mathematica/12.0/Executables/wolfram -subkernel -noinit -nopaclet -wstp}, SubKernels`LocalKernels`Private`speed$21941, SubKernels`LocalKernels`Private`preemptive$21941]], Parallel`Kernels`Private`id$21948, Parallel`Kernels`Private`name$21948], Parallel`Kernels`Private`ek[Parallel`Kernels`Private`nev$21949, Parallel`Kernels`Private`pb$21949, Parallel`Kernels`Private`rd$21949], Parallel`Kernels`Private`sk[Parallel`Kernels`Private`q$21950, Parallel`Kernels`Private`n0$21950, Parallel`Kernels`Private`n1$21950]]]
NIntegrate::ncvb: NIntegrate failed to converge to prescribed accuracy after 2 recursive bisections in xD near {xD, yD} = {0.0499269, 0.026284}. NIntegrate obtained 0.00169721 and 0.000112267 for the integral and error estimates.
a = -1060e-4
Time consumption: 6.361723598611111
MaxMemUse :147.51002502441406 MB
Configured Kernels: {SubKernels`LocalKernels`LocalMachine[4, SubKernels`LocalKernels`LowerPriority -> True]}
Processor Count: 4
Modules loaded ...
4 Kernels launched ...
Run started at Sat 2 Oct 2021 22:55:15, Bins: {179, 264}
StringForm[From `1`:, Parallel`Kernels`kernel[Parallel`Kernels`Private`bk[SubKernels`LocalKernels`localKernel[SubKernels`LocalKernels`Private`lk[LinkObject[/usr/local/Wolfram/Mathematica/12.0/Executables/wolfram -subkernel -noinit -nopaclet -wstp, 209, 4], {/usr/local/Wolfram/Mathematica/12.0/Executables/wolfram -subkernel -noinit -nopaclet -wstp}, SubKernels`LocalKernels`Private`speed$21500, SubKernels`LocalKernels`Private`preemptive$21500]], Parallel`Kernels`Private`id$21516, Parallel`Kernels`Private`name$21516], Parallel`Kernels`Private`ek[Parallel`Kernels`Private`nev$21517, Parallel`Kernels`Private`pb$21517, Parallel`Kernels`Private`rd$21517], Parallel`Kernels`Private`sk[Parallel`Kernels`Private`q$21518, Parallel`Kernels`Private`n0$21518, Parallel`Kernels`Private`n1$21518]]]
                                                                                                                                                                                              -6
NIntegrate::ncvb: NIntegrate failed to converge to prescribed accuracy after 2 recursive bisections in yD near {xD, yD} = {0.0515827, -0.014338}. NIntegrate obtained 0.00128249 and 4.1906 10   for the integral and error estimates.
StringForm[From `1`:, Parallel`Kernels`kernel[Parallel`Kernels`Private`bk[SubKernels`LocalKernels`localKernel[SubKernels`LocalKernels`Private`lk[LinkObject[/usr/local/Wolfram/Mathematica/12.0/Executables/wolfram -subkernel -noinit -nopaclet -wstp, 207, 2], {/usr/local/Wolfram/Mathematica/12.0/Executables/wolfram -subkernel -noinit -nopaclet -wstp}, SubKernels`LocalKernels`Private`speed$21498, SubKernels`LocalKernels`Private`preemptive$21498]], Parallel`Kernels`Private`id$21508, Parallel`Kernels`Private`name$21508], Parallel`Kernels`Private`ek[Parallel`Kernels`Private`nev$21509, Parallel`Kernels`Private`pb$21509, Parallel`Kernels`Private`rd$21509], Parallel`Kernels`Private`sk[Parallel`Kernels`Private`q$21510, Parallel`Kernels`Private`n0$21510, Parallel`Kernels`Private`n1$21510]]]
                                                                                                                                                                                               -6
NIntegrate::ncvb: NIntegrate failed to converge to prescribed accuracy after 2 recursive bisections in yD near {xD, yD} = {0.0515827, 0.023846}. NIntegrate obtained 0.000392712 and 9.13219 10   for the integral and error estimates.
StringForm[From `1`:, Parallel`Kernels`kernel[Parallel`Kernels`Private`bk[SubKernels`LocalKernels`localKernel[SubKernels`LocalKernels`Private`lk[LinkObject[/usr/local/Wolfram/Mathematica/12.0/Executables/wolfram -subkernel -noinit -nopaclet -wstp, 207, 2], {/usr/local/Wolfram/Mathematica/12.0/Executables/wolfram -subkernel -noinit -nopaclet -wstp}, SubKernels`LocalKernels`Private`speed$21498, SubKernels`LocalKernels`Private`preemptive$21498]], Parallel`Kernels`Private`id$21508, Parallel`Kernels`Private`name$21508], Parallel`Kernels`Private`ek[Parallel`Kernels`Private`nev$21509, Parallel`Kernels`Private`pb$21509, Parallel`Kernels`Private`rd$21509], Parallel`Kernels`Private`sk[Parallel`Kernels`Private`q$21510, Parallel`Kernels`Private`n0$21510, Parallel`Kernels`Private`n1$21510]]]
                                                                                                                                                                                                -6
NIntegrate::ncvb: NIntegrate failed to converge to prescribed accuracy after 2 recursive bisections in yD near {xD, yD} = {0.0534577, 0.023846}. NIntegrate obtained 0.0000443617 and 2.35638 10   for the integral and error estimates.
a = -1060e-4
Time consumption: 3.225172313055556
MaxMemUse :144.25104522705078 MB
