Configured Kernels: {SubKernels`LocalKernels`LocalMachine[4, SubKernels`LocalKernels`LowerPriority -> True]}
Processor Count: 4
Modules loaded ...
4 Kernels launched ...
Run started at Wed 29 Sep 2021 11:56:03, Bins: {1, 49}
StringForm[From `1`:, Parallel`Kernels`kernel[Parallel`Kernels`Private`bk[SubKernels`LocalKernels`localKernel[SubKernels`LocalKernels`Private`lk[LinkObject[/usr/local/Wolfram/Mathematica/12.0/Executables/wolfram -subkernel -noinit -nopaclet -wstp, 232, 5], {/usr/local/Wolfram/Mathematica/12.0/Executables/wolfram -subkernel -noinit -nopaclet -wstp}, SubKernels`LocalKernels`Private`speed$21742, SubKernels`LocalKernels`Private`preemptive$21742]], Parallel`Kernels`Private`id$21758, Parallel`Kernels`Private`name$21758], Parallel`Kernels`Private`ek[Parallel`Kernels`Private`nev$21759, Parallel`Kernels`Private`pb$21759, Parallel`Kernels`Private`rd$21759], Parallel`Kernels`Private`sk[Parallel`Kernels`Private`q$21760, Parallel`Kernels`Private`n0$21760, Parallel`Kernels`Private`n1$21760]]]
                                                                                                                                                                                                -6
NIntegrate::ncvb: NIntegrate failed to converge to prescribed accuracy after 2 recursive bisections in yD near {xD, yD} = {0.0272077, -0.014338}. NIntegrate obtained 0.000123214 and 1.33603 10   for the integral and error estimates.
StringForm[From `1`:, Parallel`Kernels`kernel[Parallel`Kernels`Private`bk[SubKernels`LocalKernels`localKernel[SubKernels`LocalKernels`Private`lk[LinkObject[/usr/local/Wolfram/Mathematica/12.0/Executables/wolfram -subkernel -noinit -nopaclet -wstp, 229, 2], {/usr/local/Wolfram/Mathematica/12.0/Executables/wolfram -subkernel -noinit -nopaclet -wstp}, SubKernels`LocalKernels`Private`speed$21739, SubKernels`LocalKernels`Private`preemptive$21739]], Parallel`Kernels`Private`id$21746, Parallel`Kernels`Private`name$21746], Parallel`Kernels`Private`ek[Parallel`Kernels`Private`nev$21747, Parallel`Kernels`Private`pb$21747, Parallel`Kernels`Private`rd$21747], Parallel`Kernels`Private`sk[Parallel`Kernels`Private`q$21748, Parallel`Kernels`Private`n0$21748, Parallel`Kernels`Private`n1$21748]]]
NIntegrate::ncvb: NIntegrate failed to converge to prescribed accuracy after 2 recursive bisections in yD near {xD, yD} = {0.0290827, -0.014338}. NIntegrate obtained 0.00222907 and 0.0000316268 for the integral and error estimates.
a = -1045e-4
Time consumption: 2.2131180663888887
MaxMemUse :147.4473876953125 MB
Configured Kernels: {SubKernels`LocalKernels`LocalMachine[4, SubKernels`LocalKernels`LowerPriority -> True]}
Processor Count: 4
Modules loaded ...
4 Kernels launched ...
Run started at Wed 29 Sep 2021 14:08:51, Bins: {50, 98}
StringForm[From `1`:, Parallel`Kernels`kernel[Parallel`Kernels`Private`bk[SubKernels`LocalKernels`localKernel[SubKernels`LocalKernels`Private`lk[LinkObject[/usr/local/Wolfram/Mathematica/12.0/Executables/wolfram -subkernel -noinit -nopaclet -wstp, 206, 1], {/usr/local/Wolfram/Mathematica/12.0/Executables/wolfram -subkernel -noinit -nopaclet -wstp}, SubKernels`LocalKernels`Private`speed$21796, SubKernels`LocalKernels`Private`preemptive$21796]], Parallel`Kernels`Private`id$21803, Parallel`Kernels`Private`name$21803], Parallel`Kernels`Private`ek[Parallel`Kernels`Private`nev$21804, Parallel`Kernels`Private`pb$21804, Parallel`Kernels`Private`rd$21804], Parallel`Kernels`Private`sk[Parallel`Kernels`Private`q$21805, Parallel`Kernels`Private`n0$21805, Parallel`Kernels`Private`n1$21805]]]
                                                                                                                                                                                               -6
NIntegrate::ncvb: NIntegrate failed to converge to prescribed accuracy after 2 recursive bisections in yD near {xD, yD} = {0.0290827, 0.022255}. NIntegrate obtained 0.000110649 and 4.10061 10   for the integral and error estimates.
StringForm[From `1`:, Parallel`Kernels`kernel[Parallel`Kernels`Private`bk[SubKernels`LocalKernels`localKernel[SubKernels`LocalKernels`Private`lk[LinkObject[/usr/local/Wolfram/Mathematica/12.0/Executables/wolfram -subkernel -noinit -nopaclet -wstp, 209, 4], {/usr/local/Wolfram/Mathematica/12.0/Executables/wolfram -subkernel -noinit -nopaclet -wstp}, SubKernels`LocalKernels`Private`speed$21799, SubKernels`LocalKernels`Private`preemptive$21799]], Parallel`Kernels`Private`id$21815, Parallel`Kernels`Private`name$21815], Parallel`Kernels`Private`ek[Parallel`Kernels`Private`nev$21816, Parallel`Kernels`Private`pb$21816, Parallel`Kernels`Private`rd$21816], Parallel`Kernels`Private`sk[Parallel`Kernels`Private`q$21817, Parallel`Kernels`Private`n0$21817, Parallel`Kernels`Private`n1$21817]]]
NIntegrate::ncvb: NIntegrate failed to converge to prescribed accuracy after 2 recursive bisections in yD near {xD, yD} = {0.0309577, 0.022255}. NIntegrate obtained 0.000664784 and 0.0000105374 for the integral and error estimates.
StringForm[From `1`:, Parallel`Kernels`kernel[Parallel`Kernels`Private`bk[SubKernels`LocalKernels`localKernel[SubKernels`LocalKernels`Private`lk[LinkObject[/usr/local/Wolfram/Mathematica/12.0/Executables/wolfram -subkernel -noinit -nopaclet -wstp, 208, 3], {/usr/local/Wolfram/Mathematica/12.0/Executables/wolfram -subkernel -noinit -nopaclet -wstp}, SubKernels`LocalKernels`Private`speed$21798, SubKernels`LocalKernels`Private`preemptive$21798]], Parallel`Kernels`Private`id$21811, Parallel`Kernels`Private`name$21811], Parallel`Kernels`Private`ek[Parallel`Kernels`Private`nev$21812, Parallel`Kernels`Private`pb$21812, Parallel`Kernels`Private`rd$21812], Parallel`Kernels`Private`sk[Parallel`Kernels`Private`q$21813, Parallel`Kernels`Private`n0$21813, Parallel`Kernels`Private`n1$21813]]]
NIntegrate::ncvb: NIntegrate failed to converge to prescribed accuracy after 2 recursive bisections in yD near {xD, yD} = {0.0309577, -0.014338}. NIntegrate obtained 0.00993005 and 0.000100746 for the integral and error estimates.
StringForm[From `1`:, Parallel`Kernels`kernel[Parallel`Kernels`Private`bk[SubKernels`LocalKernels`localKernel[SubKernels`LocalKernels`Private`lk[LinkObject[/usr/local/Wolfram/Mathematica/12.0/Executables/wolfram -subkernel -noinit -nopaclet -wstp, 209, 4], {/usr/local/Wolfram/Mathematica/12.0/Executables/wolfram -subkernel -noinit -nopaclet -wstp}, SubKernels`LocalKernels`Private`speed$21799, SubKernels`LocalKernels`Private`preemptive$21799]], Parallel`Kernels`Private`id$21815, Parallel`Kernels`Private`name$21815], Parallel`Kernels`Private`ek[Parallel`Kernels`Private`nev$21816, Parallel`Kernels`Private`pb$21816, Parallel`Kernels`Private`rd$21816], Parallel`Kernels`Private`sk[Parallel`Kernels`Private`q$21817, Parallel`Kernels`Private`n0$21817, Parallel`Kernels`Private`n1$21817]]]
                                                                                                                                                                                               -6
NIntegrate::ncvb: NIntegrate failed to converge to prescribed accuracy after 2 recursive bisections in yD near {xD, yD} = {0.0347077, -0.01752}. NIntegrate obtained 0.000186913 and 4.10891 10   for the integral and error estimates.
StringForm[From `1`:, Parallel`Kernels`kernel[Parallel`Kernels`Private`bk[SubKernels`LocalKernels`localKernel[SubKernels`LocalKernels`Private`lk[LinkObject[/usr/local/Wolfram/Mathematica/12.0/Executables/wolfram -subkernel -noinit -nopaclet -wstp, 207, 2], {/usr/local/Wolfram/Mathematica/12.0/Executables/wolfram -subkernel -noinit -nopaclet -wstp}, SubKernels`LocalKernels`Private`speed$21797, SubKernels`LocalKernels`Private`preemptive$21797]], Parallel`Kernels`Private`id$21807, Parallel`Kernels`Private`name$21807], Parallel`Kernels`Private`ek[Parallel`Kernels`Private`nev$21808, Parallel`Kernels`Private`pb$21808, Parallel`Kernels`Private`rd$21808], Parallel`Kernels`Private`sk[Parallel`Kernels`Private`q$21809, Parallel`Kernels`Private`n0$21809, Parallel`Kernels`Private`n1$21809]]]
NIntegrate::ncvb: NIntegrate failed to converge to prescribed accuracy after 2 recursive bisections in yD near {xD, yD} = {0.0328327, -0.014338}. NIntegrate obtained 0.0257977 and 0.00018864 for the integral and error estimates.
StringForm[From `1`:, Parallel`Kernels`kernel[Parallel`Kernels`Private`bk[SubKernels`LocalKernels`localKernel[SubKernels`LocalKernels`Private`lk[LinkObject[/usr/local/Wolfram/Mathematica/12.0/Executables/wolfram -subkernel -noinit -nopaclet -wstp, 206, 1], {/usr/local/Wolfram/Mathematica/12.0/Executables/wolfram -subkernel -noinit -nopaclet -wstp}, SubKernels`LocalKernels`Private`speed$21796, SubKernels`LocalKernels`Private`preemptive$21796]], Parallel`Kernels`Private`id$21803, Parallel`Kernels`Private`name$21803], Parallel`Kernels`Private`ek[Parallel`Kernels`Private`nev$21804, Parallel`Kernels`Private`pb$21804, Parallel`Kernels`Private`rd$21804], Parallel`Kernels`Private`sk[Parallel`Kernels`Private`q$21805, Parallel`Kernels`Private`n0$21805, Parallel`Kernels`Private`n1$21805]]]
NIntegrate::ncvb: NIntegrate failed to converge to prescribed accuracy after 2 recursive bisections in yD near {xD, yD} = {0.0328327, 0.022255}. NIntegrate obtained 0.00220342 and 0.0000173754 for the integral and error estimates.
StringForm[From `1`:, Parallel`Kernels`kernel[Parallel`Kernels`Private`bk[SubKernels`LocalKernels`localKernel[SubKernels`LocalKernels`Private`lk[LinkObject[/usr/local/Wolfram/Mathematica/12.0/Executables/wolfram -subkernel -noinit -nopaclet -wstp, 206, 1], {/usr/local/Wolfram/Mathematica/12.0/Executables/wolfram -subkernel -noinit -nopaclet -wstp}, SubKernels`LocalKernels`Private`speed$21796, SubKernels`LocalKernels`Private`preemptive$21796]], Parallel`Kernels`Private`id$21803, Parallel`Kernels`Private`name$21803], Parallel`Kernels`Private`ek[Parallel`Kernels`Private`nev$21804, Parallel`Kernels`Private`pb$21804, Parallel`Kernels`Private`rd$21804], Parallel`Kernels`Private`sk[Parallel`Kernels`Private`q$21805, Parallel`Kernels`Private`n0$21805, Parallel`Kernels`Private`n1$21805]]]
                                                                                                                                                                                               -6
NIntegrate::ncvb: NIntegrate failed to converge to prescribed accuracy after 2 recursive bisections in yD near {xD, yD} = {0.0365827, -0.01752}. NIntegrate obtained 0.000558894 and 4.53943 10   for the integral and error estimates.
StringForm[From `1`:, Parallel`Kernels`kernel[Parallel`Kernels`Private`bk[SubKernels`LocalKernels`localKernel[SubKernels`LocalKernels`Private`lk[LinkObject[/usr/local/Wolfram/Mathematica/12.0/Executables/wolfram -subkernel -noinit -nopaclet -wstp, 207, 2], {/usr/local/Wolfram/Mathematica/12.0/Executables/wolfram -subkernel -noinit -nopaclet -wstp}, SubKernels`LocalKernels`Private`speed$21797, SubKernels`LocalKernels`Private`preemptive$21797]], Parallel`Kernels`Private`id$21807, Parallel`Kernels`Private`name$21807], Parallel`Kernels`Private`ek[Parallel`Kernels`Private`nev$21808, Parallel`Kernels`Private`pb$21808, Parallel`Kernels`Private`rd$21808], Parallel`Kernels`Private`sk[Parallel`Kernels`Private`q$21809, Parallel`Kernels`Private`n0$21809, Parallel`Kernels`Private`n1$21809]]]
NIntegrate::ncvb: NIntegrate failed to converge to prescribed accuracy after 2 recursive bisections in yD near {xD, yD} = {0.0347077, 0.022255}. NIntegrate obtained 0.00515443 and 0.0000138239 for the integral and error estimates.
StringForm[From `1`:, Parallel`Kernels`kernel[Parallel`Kernels`Private`bk[SubKernels`LocalKernels`localKernel[SubKernels`LocalKernels`Private`lk[LinkObject[/usr/local/Wolfram/Mathematica/12.0/Executables/wolfram -subkernel -noinit -nopaclet -wstp, 209, 4], {/usr/local/Wolfram/Mathematica/12.0/Executables/wolfram -subkernel -noinit -nopaclet -wstp}, SubKernels`LocalKernels`Private`speed$21799, SubKernels`LocalKernels`Private`preemptive$21799]], Parallel`Kernels`Private`id$21815, Parallel`Kernels`Private`name$21815], Parallel`Kernels`Private`ek[Parallel`Kernels`Private`nev$21816, Parallel`Kernels`Private`pb$21816, Parallel`Kernels`Private`rd$21816], Parallel`Kernels`Private`sk[Parallel`Kernels`Private`q$21817, Parallel`Kernels`Private`n0$21817, Parallel`Kernels`Private`n1$21817]]]
NIntegrate::ncvb: NIntegrate failed to converge to prescribed accuracy after 2 recursive bisections in yD near {xD, yD} = {0.0347077, -0.014338}. NIntegrate obtained 0.0491451 and 0.000255496 for the integral and error estimates.
StringForm[From `1`:, Parallel`Kernels`kernel[Parallel`Kernels`Private`bk[SubKernels`LocalKernels`localKernel[SubKernels`LocalKernels`Private`lk[LinkObject[/usr/local/Wolfram/Mathematica/12.0/Executables/wolfram -subkernel -noinit -nopaclet -wstp, 208, 3], {/usr/local/Wolfram/Mathematica/12.0/Executables/wolfram -subkernel -noinit -nopaclet -wstp}, SubKernels`LocalKernels`Private`speed$21798, SubKernels`LocalKernels`Private`preemptive$21798]], Parallel`Kernels`Private`id$21811, Parallel`Kernels`Private`name$21811], Parallel`Kernels`Private`ek[Parallel`Kernels`Private`nev$21812, Parallel`Kernels`Private`pb$21812, Parallel`Kernels`Private`rd$21812], Parallel`Kernels`Private`sk[Parallel`Kernels`Private`q$21813, Parallel`Kernels`Private`n0$21813, Parallel`Kernels`Private`n1$21813]]]
NIntegrate::ncvb: NIntegrate failed to converge to prescribed accuracy after 2 recursive bisections in yD near {xD, yD} = {0.0365827, -0.014338}. NIntegrate obtained 0.0740034 and 0.000324526 for the integral and error estimates.
StringForm[From `1`:, Parallel`Kernels`kernel[Parallel`Kernels`Private`bk[SubKernels`LocalKernels`localKernel[SubKernels`LocalKernels`Private`lk[LinkObject[/usr/local/Wolfram/Mathematica/12.0/Executables/wolfram -subkernel -noinit -nopaclet -wstp, 209, 4], {/usr/local/Wolfram/Mathematica/12.0/Executables/wolfram -subkernel -noinit -nopaclet -wstp}, SubKernels`LocalKernels`Private`speed$21799, SubKernels`LocalKernels`Private`preemptive$21799]], Parallel`Kernels`Private`id$21815, Parallel`Kernels`Private`name$21815], Parallel`Kernels`Private`ek[Parallel`Kernels`Private`nev$21816, Parallel`Kernels`Private`pb$21816, Parallel`Kernels`Private`rd$21816], Parallel`Kernels`Private`sk[Parallel`Kernels`Private`q$21817, Parallel`Kernels`Private`n0$21817, Parallel`Kernels`Private`n1$21817]]]
NIntegrate::ncvb: NIntegrate failed to converge to prescribed accuracy after 2 recursive bisections in yD near {xD, yD} = {0.0365827, 0.022255}. NIntegrate obtained 0.00906048 and 0.0000498149 for the integral and error estimates.
a = -1045e-4
Time consumption: 9.361804934722223
MaxMemUse :144.29520416259766 MB
Configured Kernels: {SubKernels`LocalKernels`LocalMachine[4, SubKernels`LocalKernels`LowerPriority -> True]}
Processor Count: 4
Modules loaded ...
4 Kernels launched ...
Run started at Wed 29 Sep 2021 23:30:34, Bins: {99, 106}
StringForm[From `1`:, Parallel`Kernels`kernel[Parallel`Kernels`Private`bk[SubKernels`LocalKernels`localKernel[SubKernels`LocalKernels`Private`lk[LinkObject[/usr/local/Wolfram/Mathematica/12.0/Executables/wolfram -subkernel -noinit -nopaclet -wstp, 207, 2], {/usr/local/Wolfram/Mathematica/12.0/Executables/wolfram -subkernel -noinit -nopaclet -wstp}, SubKernels`LocalKernels`Private`speed$21929, SubKernels`LocalKernels`Private`preemptive$21929]], Parallel`Kernels`Private`id$21939, Parallel`Kernels`Private`name$21939], Parallel`Kernels`Private`ek[Parallel`Kernels`Private`nev$21940, Parallel`Kernels`Private`pb$21940, Parallel`Kernels`Private`rd$21940], Parallel`Kernels`Private`sk[Parallel`Kernels`Private`q$21941, Parallel`Kernels`Private`n0$21941, Parallel`Kernels`Private`n1$21941]]]
                                                                                                                                                                                                -6
NIntegrate::ncvb: NIntegrate failed to converge to prescribed accuracy after 2 recursive bisections in yD near {xD, yD} = {0.0384577, -0.019111}. NIntegrate obtained 0.000964586 and 9.11044 10   for the integral and error estimates.
a = -1045e-4
Time consumption: 1.8765479369444444
MaxMemUse :144.2972869873047 MB
Configured Kernels: {SubKernels`LocalKernels`LocalMachine[4, SubKernels`LocalKernels`LowerPriority -> True]}
Processor Count: 4
Modules loaded ...
4 Kernels launched ...
Run started at Thu 30 Sep 2021 01:23:10, Bins: {107, 122}
StringForm[From `1`:, Parallel`Kernels`kernel[Parallel`Kernels`Private`bk[SubKernels`LocalKernels`localKernel[SubKernels`LocalKernels`Private`lk[LinkObject[/usr/local/Wolfram/Mathematica/12.0/Executables/wolfram -subkernel -noinit -nopaclet -wstp, 207, 2], {/usr/local/Wolfram/Mathematica/12.0/Executables/wolfram -subkernel -noinit -nopaclet -wstp}, SubKernels`LocalKernels`Private`speed$21806, SubKernels`LocalKernels`Private`preemptive$21806]], Parallel`Kernels`Private`id$21816, Parallel`Kernels`Private`name$21816], Parallel`Kernels`Private`ek[Parallel`Kernels`Private`nev$21817, Parallel`Kernels`Private`pb$21817, Parallel`Kernels`Private`rd$21817], Parallel`Kernels`Private`sk[Parallel`Kernels`Private`q$21818, Parallel`Kernels`Private`n0$21818, Parallel`Kernels`Private`n1$21818]]]
                                                                                                                                                                                               -6
NIntegrate::ncvb: NIntegrate failed to converge to prescribed accuracy after 2 recursive bisections in yD near {xD, yD} = {0.0404789, -0.019111}. NIntegrate obtained 0.00120651 and 9.39368 10   for the integral and error estimates.
StringForm[From `1`:, Parallel`Kernels`kernel[Parallel`Kernels`Private`bk[SubKernels`LocalKernels`localKernel[SubKernels`LocalKernels`Private`lk[LinkObject[/usr/local/Wolfram/Mathematica/12.0/Executables/wolfram -subkernel -noinit -nopaclet -wstp, 208, 3], {/usr/local/Wolfram/Mathematica/12.0/Executables/wolfram -subkernel -noinit -nopaclet -wstp}, SubKernels`LocalKernels`Private`speed$21807, SubKernels`LocalKernels`Private`preemptive$21807]], Parallel`Kernels`Private`id$21820, Parallel`Kernels`Private`name$21820], Parallel`Kernels`Private`ek[Parallel`Kernels`Private`nev$21821, Parallel`Kernels`Private`pb$21821, Parallel`Kernels`Private`rd$21821], Parallel`Kernels`Private`sk[Parallel`Kernels`Private`q$21822, Parallel`Kernels`Private`n0$21822, Parallel`Kernels`Private`n1$21822]]]
NIntegrate::ncvb: NIntegrate failed to converge to prescribed accuracy after 2 recursive bisections in yD near {xD, yD} = {0.0384577, 0.022255}. NIntegrate obtained 0.0125011 and 0.000115715 for the integral and error estimates.
StringForm[From `1`:, Parallel`Kernels`kernel[Parallel`Kernels`Private`bk[SubKernels`LocalKernels`localKernel[SubKernels`LocalKernels`Private`lk[LinkObject[/usr/local/Wolfram/Mathematica/12.0/Executables/wolfram -subkernel -noinit -nopaclet -wstp, 207, 2], {/usr/local/Wolfram/Mathematica/12.0/Executables/wolfram -subkernel -noinit -nopaclet -wstp}, SubKernels`LocalKernels`Private`speed$21806, SubKernels`LocalKernels`Private`preemptive$21806]], Parallel`Kernels`Private`id$21816, Parallel`Kernels`Private`name$21816], Parallel`Kernels`Private`ek[Parallel`Kernels`Private`nev$21817, Parallel`Kernels`Private`pb$21817, Parallel`Kernels`Private`rd$21817], Parallel`Kernels`Private`sk[Parallel`Kernels`Private`q$21818, Parallel`Kernels`Private`n0$21818, Parallel`Kernels`Private`n1$21818]]]
NIntegrate::ncvb: NIntegrate failed to converge to prescribed accuracy after 2 recursive bisections in yD near {xD, yD} = {0.0403327, 0.022255}. NIntegrate obtained 0.0142106 and 0.000181905 for the integral and error estimates.
a = -1045e-4
Time consumption: 4.658426970555555
MaxMemUse :144.29226684570312 MB
Configured Kernels: {SubKernels`LocalKernels`LocalMachine[4, SubKernels`LocalKernels`LowerPriority -> True]}
Processor Count: 4
Modules loaded ...
4 Kernels launched ...
Run started at Thu 30 Sep 2021 06:02:41, Bins: {123, 138}
StringForm[From `1`:, Parallel`Kernels`kernel[Parallel`Kernels`Private`bk[SubKernels`LocalKernels`localKernel[SubKernels`LocalKernels`Private`lk[LinkObject[/usr/local/Wolfram/Mathematica/12.0/Executables/wolfram -subkernel -noinit -nopaclet -wstp, 207, 2], {/usr/local/Wolfram/Mathematica/12.0/Executables/wolfram -subkernel -noinit -nopaclet -wstp}, SubKernels`LocalKernels`Private`speed$22255, SubKernels`LocalKernels`Private`preemptive$22255]], Parallel`Kernels`Private`id$22265, Parallel`Kernels`Private`name$22265], Parallel`Kernels`Private`ek[Parallel`Kernels`Private`nev$22266, Parallel`Kernels`Private`pb$22266, Parallel`Kernels`Private`rd$22266], Parallel`Kernels`Private`sk[Parallel`Kernels`Private`q$22267, Parallel`Kernels`Private`n0$22267, Parallel`Kernels`Private`n1$22267]]]
                                                                                                                                                                                              -6
NIntegrate::ncvb: NIntegrate failed to converge to prescribed accuracy after 2 recursive bisections in yD near {xD, yD} = {0.0440827, -0.019111}. NIntegrate obtained 0.00121358 and 8.3722 10   for the integral and error estimates.
StringForm[From `1`:, Parallel`Kernels`kernel[Parallel`Kernels`Private`bk[SubKernels`LocalKernels`localKernel[SubKernels`LocalKernels`Private`lk[LinkObject[/usr/local/Wolfram/Mathematica/12.0/Executables/wolfram -subkernel -noinit -nopaclet -wstp, 209, 4], {/usr/local/Wolfram/Mathematica/12.0/Executables/wolfram -subkernel -noinit -nopaclet -wstp}, SubKernels`LocalKernels`Private`speed$22257, SubKernels`LocalKernels`Private`preemptive$22257]], Parallel`Kernels`Private`id$22273, Parallel`Kernels`Private`name$22273], Parallel`Kernels`Private`ek[Parallel`Kernels`Private`nev$22274, Parallel`Kernels`Private`pb$22274, Parallel`Kernels`Private`rd$22274], Parallel`Kernels`Private`sk[Parallel`Kernels`Private`q$22275, Parallel`Kernels`Private`n0$22275, Parallel`Kernels`Private`n1$22275]]]
NIntegrate::ncvb: NIntegrate failed to converge to prescribed accuracy after 2 recursive bisections in yD near {xD, yD} = {0.0422077, 0.022255}. NIntegrate obtained 0.0139496 and 0.00020463 for the integral and error estimates.
StringForm[From `1`:, Parallel`Kernels`kernel[Parallel`Kernels`Private`bk[SubKernels`LocalKernels`localKernel[SubKernels`LocalKernels`Private`lk[LinkObject[/usr/local/Wolfram/Mathematica/12.0/Executables/wolfram -subkernel -noinit -nopaclet -wstp, 208, 3], {/usr/local/Wolfram/Mathematica/12.0/Executables/wolfram -subkernel -noinit -nopaclet -wstp}, SubKernels`LocalKernels`Private`speed$22256, SubKernels`LocalKernels`Private`preemptive$22256]], Parallel`Kernels`Private`id$22269, Parallel`Kernels`Private`name$22269], Parallel`Kernels`Private`ek[Parallel`Kernels`Private`nev$22270, Parallel`Kernels`Private`pb$22270, Parallel`Kernels`Private`rd$22270], Parallel`Kernels`Private`sk[Parallel`Kernels`Private`q$22271, Parallel`Kernels`Private`n0$22271, Parallel`Kernels`Private`n1$22271]]]
NIntegrate::ncvb: NIntegrate failed to converge to prescribed accuracy after 2 recursive bisections in yD near {xD, yD} = {0.0422077, -0.014338}. NIntegrate obtained 0.086217 and 0.000208779 for the integral and error estimates.
a = -1045e-4
Time consumption: 5.950664469444445
MaxMemUse :144.30211639404297 MB
Configured Kernels: {SubKernels`LocalKernels`LocalMachine[4, SubKernels`LocalKernels`LowerPriority -> True]}
Processor Count: 4
Modules loaded ...
4 Kernels launched ...
Run started at Thu 30 Sep 2021 11:59:44, Bins: {139, 154}
StringForm[From `1`:, Parallel`Kernels`kernel[Parallel`Kernels`Private`bk[SubKernels`LocalKernels`localKernel[SubKernels`LocalKernels`Private`lk[LinkObject[/usr/local/Wolfram/Mathematica/12.0/Executables/wolfram -subkernel -noinit -nopaclet -wstp, 206, 1], {/usr/local/Wolfram/Mathematica/12.0/Executables/wolfram -subkernel -noinit -nopaclet -wstp}, SubKernels`LocalKernels`Private`speed$21958, SubKernels`LocalKernels`Private`preemptive$21958]], Parallel`Kernels`Private`id$21965, Parallel`Kernels`Private`name$21965], Parallel`Kernels`Private`ek[Parallel`Kernels`Private`nev$21966, Parallel`Kernels`Private`pb$21966, Parallel`Kernels`Private`rd$21966], Parallel`Kernels`Private`sk[Parallel`Kernels`Private`q$21967, Parallel`Kernels`Private`n0$21967, Parallel`Kernels`Private`n1$21967]]]
NIntegrate::ncvb: NIntegrate failed to converge to prescribed accuracy after 2 recursive bisections in yD near {xD, yD} = {0.0459577, -0.019111}. NIntegrate obtained 0.000928798 and 0.0000101149 for the integral and error estimates.
StringForm[From `1`:, Parallel`Kernels`kernel[Parallel`Kernels`Private`bk[SubKernels`LocalKernels`localKernel[SubKernels`LocalKernels`Private`lk[LinkObject[/usr/local/Wolfram/Mathematica/12.0/Executables/wolfram -subkernel -noinit -nopaclet -wstp, 207, 2], {/usr/local/Wolfram/Mathematica/12.0/Executables/wolfram -subkernel -noinit -nopaclet -wstp}, SubKernels`LocalKernels`Private`speed$21959, SubKernels`LocalKernels`Private`preemptive$21959]], Parallel`Kernels`Private`id$21969, Parallel`Kernels`Private`name$21969], Parallel`Kernels`Private`ek[Parallel`Kernels`Private`nev$21970, Parallel`Kernels`Private`pb$21970, Parallel`Kernels`Private`rd$21970], Parallel`Kernels`Private`sk[Parallel`Kernels`Private`q$21971, Parallel`Kernels`Private`n0$21971, Parallel`Kernels`Private`n1$21971]]]
NIntegrate::ncvb: NIntegrate failed to converge to prescribed accuracy after 2 recursive bisections in yD near {xD, yD} = {0.0440827, 0.022255}. NIntegrate obtained 0.0118977 and 0.000169337 for the integral and error estimates.
StringForm[From `1`:, Parallel`Kernels`kernel[Parallel`Kernels`Private`bk[SubKernels`LocalKernels`localKernel[SubKernels`LocalKernels`Private`lk[LinkObject[/usr/local/Wolfram/Mathematica/12.0/Executables/wolfram -subkernel -noinit -nopaclet -wstp, 209, 4], {/usr/local/Wolfram/Mathematica/12.0/Executables/wolfram -subkernel -noinit -nopaclet -wstp}, SubKernels`LocalKernels`Private`speed$21961, SubKernels`LocalKernels`Private`preemptive$21961]], Parallel`Kernels`Private`id$21977, Parallel`Kernels`Private`name$21977], Parallel`Kernels`Private`ek[Parallel`Kernels`Private`nev$21978, Parallel`Kernels`Private`pb$21978, Parallel`Kernels`Private`rd$21978], Parallel`Kernels`Private`sk[Parallel`Kernels`Private`q$21979, Parallel`Kernels`Private`n0$21979, Parallel`Kernels`Private`n1$21979]]]
NIntegrate::ncvb: NIntegrate failed to converge to prescribed accuracy after 2 recursive bisections in yD near {xD, yD} = {0.0459577, -0.014338}. NIntegrate obtained 0.0417658 and 0.0000755433 for the integral and error estimates.
StringForm[From `1`:, Parallel`Kernels`kernel[Parallel`Kernels`Private`bk[SubKernels`LocalKernels`localKernel[SubKernels`LocalKernels`Private`lk[LinkObject[/usr/local/Wolfram/Mathematica/12.0/Executables/wolfram -subkernel -noinit -nopaclet -wstp, 206, 1], {/usr/local/Wolfram/Mathematica/12.0/Executables/wolfram -subkernel -noinit -nopaclet -wstp}, SubKernels`LocalKernels`Private`speed$21958, SubKernels`LocalKernels`Private`preemptive$21958]], Parallel`Kernels`Private`id$21965, Parallel`Kernels`Private`name$21965], Parallel`Kernels`Private`ek[Parallel`Kernels`Private`nev$21966, Parallel`Kernels`Private`pb$21966, Parallel`Kernels`Private`rd$21966], Parallel`Kernels`Private`sk[Parallel`Kernels`Private`q$21967, Parallel`Kernels`Private`n0$21967, Parallel`Kernels`Private`n1$21967]]]
NIntegrate::ncvb: NIntegrate failed to converge to prescribed accuracy after 2 recursive bisections in yD near {xD, yD} = {0.0459577, 0.022255}. NIntegrate obtained 0.00837079 and 0.0000998483 for the integral and error estimates.
a = -1045e-4
Time consumption: 5.252666811388889
MaxMemUse :144.30526733398438 MB
Configured Kernels: {SubKernels`LocalKernels`LocalMachine[4, SubKernels`LocalKernels`LowerPriority -> True]}
Processor Count: 4
Modules loaded ...
4 Kernels launched ...
Run started at Thu 30 Sep 2021 17:14:55, Bins: {155, 178}
StringForm[From `1`:, Parallel`Kernels`kernel[Parallel`Kernels`Private`bk[SubKernels`LocalKernels`localKernel[SubKernels`LocalKernels`Private`lk[LinkObject[/usr/local/Wolfram/Mathematica/12.0/Executables/wolfram -subkernel -noinit -nopaclet -wstp, 208, 3], {/usr/local/Wolfram/Mathematica/12.0/Executables/wolfram -subkernel -noinit -nopaclet -wstp}, SubKernels`LocalKernels`Private`speed$21925, SubKernels`LocalKernels`Private`preemptive$21925]], Parallel`Kernels`Private`id$21938, Parallel`Kernels`Private`name$21938], Parallel`Kernels`Private`ek[Parallel`Kernels`Private`nev$21939, Parallel`Kernels`Private`pb$21939, Parallel`Kernels`Private`rd$21939], Parallel`Kernels`Private`sk[Parallel`Kernels`Private`q$21940, Parallel`Kernels`Private`n0$21940, Parallel`Kernels`Private`n1$21940]]]
                                                                                                                                                                                               -6
NIntegrate::ncvb: NIntegrate failed to converge to prescribed accuracy after 2 recursive bisections in yD near {xD, yD} = {0.0470414, -0.019111}. NIntegrate obtained 0.00048571 and 5.43219 10   for the integral and error estimates.
StringForm[From `1`:, Parallel`Kernels`kernel[Parallel`Kernels`Private`bk[SubKernels`LocalKernels`localKernel[SubKernels`LocalKernels`Private`lk[LinkObject[/usr/local/Wolfram/Mathematica/12.0/Executables/wolfram -subkernel -noinit -nopaclet -wstp, 206, 1], {/usr/local/Wolfram/Mathematica/12.0/Executables/wolfram -subkernel -noinit -nopaclet -wstp}, SubKernels`LocalKernels`Private`speed$21923, SubKernels`LocalKernels`Private`preemptive$21923]], Parallel`Kernels`Private`id$21930, Parallel`Kernels`Private`name$21930], Parallel`Kernels`Private`ek[Parallel`Kernels`Private`nev$21931, Parallel`Kernels`Private`pb$21931, Parallel`Kernels`Private`rd$21931], Parallel`Kernels`Private`sk[Parallel`Kernels`Private`q$21932, Parallel`Kernels`Private`n0$21932, Parallel`Kernels`Private`n1$21932]]]
NIntegrate::ncvb: NIntegrate failed to converge to prescribed accuracy after 2 recursive bisections in yD near {xD, yD} = {0.0497077, -0.01752}. NIntegrate obtained 0.000111436 and 0.0000590827 for the integral and error estimates.
StringForm[From `1`:, Parallel`Kernels`kernel[Parallel`Kernels`Private`bk[SubKernels`LocalKernels`localKernel[SubKernels`LocalKernels`Private`lk[LinkObject[/usr/local/Wolfram/Mathematica/12.0/Executables/wolfram -subkernel -noinit -nopaclet -wstp, 209, 4], {/usr/local/Wolfram/Mathematica/12.0/Executables/wolfram -subkernel -noinit -nopaclet -wstp}, SubKernels`LocalKernels`Private`speed$21926, SubKernels`LocalKernels`Private`preemptive$21926]], Parallel`Kernels`Private`id$21942, Parallel`Kernels`Private`name$21942], Parallel`Kernels`Private`ek[Parallel`Kernels`Private`nev$21943, Parallel`Kernels`Private`pb$21943, Parallel`Kernels`Private`rd$21943], Parallel`Kernels`Private`sk[Parallel`Kernels`Private`q$21944, Parallel`Kernels`Private`n0$21944, Parallel`Kernels`Private`n1$21944]]]
NIntegrate::ncvb: NIntegrate failed to converge to prescribed accuracy after 2 recursive bisections in yD near {xD, yD} = {0.0478327, 0.022255}. NIntegrate obtained 0.00452642 and 0.0000125911 for the integral and error estimates.
StringForm[From `1`:, Parallel`Kernels`kernel[Parallel`Kernels`Private`bk[SubKernels`LocalKernels`localKernel[SubKernels`LocalKernels`Private`lk[LinkObject[/usr/local/Wolfram/Mathematica/12.0/Executables/wolfram -subkernel -noinit -nopaclet -wstp, 207, 2], {/usr/local/Wolfram/Mathematica/12.0/Executables/wolfram -subkernel -noinit -nopaclet -wstp}, SubKernels`LocalKernels`Private`speed$21924, SubKernels`LocalKernels`Private`preemptive$21924]], Parallel`Kernels`Private`id$21934, Parallel`Kernels`Private`name$21934], Parallel`Kernels`Private`ek[Parallel`Kernels`Private`nev$21935, Parallel`Kernels`Private`pb$21935, Parallel`Kernels`Private`rd$21935], Parallel`Kernels`Private`sk[Parallel`Kernels`Private`q$21936, Parallel`Kernels`Private`n0$21936, Parallel`Kernels`Private`n1$21936]]]
NIntegrate::ncvb: NIntegrate failed to converge to prescribed accuracy after 2 recursive bisections in yD near {xD, yD} = {0.0478327, -0.014338}. NIntegrate obtained 0.0190767 and 0.000078376 for the integral and error estimates.
StringForm[From `1`:, Parallel`Kernels`kernel[Parallel`Kernels`Private`bk[SubKernels`LocalKernels`localKernel[SubKernels`LocalKernels`Private`lk[LinkObject[/usr/local/Wolfram/Mathematica/12.0/Executables/wolfram -subkernel -noinit -nopaclet -wstp, 206, 1], {/usr/local/Wolfram/Mathematica/12.0/Executables/wolfram -subkernel -noinit -nopaclet -wstp}, SubKernels`LocalKernels`Private`speed$21923, SubKernels`LocalKernels`Private`preemptive$21923]], Parallel`Kernels`Private`id$21930, Parallel`Kernels`Private`name$21930], Parallel`Kernels`Private`ek[Parallel`Kernels`Private`nev$21931, Parallel`Kernels`Private`pb$21931, Parallel`Kernels`Private`rd$21931], Parallel`Kernels`Private`sk[Parallel`Kernels`Private`q$21932, Parallel`Kernels`Private`n0$21932, Parallel`Kernels`Private`n1$21932]]]
                                                                                                                                                                                                -6
NIntegrate::ncvb: NIntegrate failed to converge to prescribed accuracy after 2 recursive bisections in yD near {xD, yD} = {0.0515827, -0.01752}. NIntegrate obtained 0.0000111596 and 4.47969 10   for the integral and error estimates.
StringForm[From `1`:, Parallel`Kernels`kernel[Parallel`Kernels`Private`bk[SubKernels`LocalKernels`localKernel[SubKernels`LocalKernels`Private`lk[LinkObject[/usr/local/Wolfram/Mathematica/12.0/Executables/wolfram -subkernel -noinit -nopaclet -wstp, 208, 3], {/usr/local/Wolfram/Mathematica/12.0/Executables/wolfram -subkernel -noinit -nopaclet -wstp}, SubKernels`LocalKernels`Private`speed$21925, SubKernels`LocalKernels`Private`preemptive$21925]], Parallel`Kernels`Private`id$21938, Parallel`Kernels`Private`name$21938], Parallel`Kernels`Private`ek[Parallel`Kernels`Private`nev$21939, Parallel`Kernels`Private`pb$21939, Parallel`Kernels`Private`rd$21939], Parallel`Kernels`Private`sk[Parallel`Kernels`Private`q$21940, Parallel`Kernels`Private`n0$21940, Parallel`Kernels`Private`n1$21940]]]
NIntegrate::ncvb: NIntegrate failed to converge to prescribed accuracy after 2 recursive bisections in xD near {xD, yD} = {0.0499269, 0.026284}. NIntegrate obtained 0.00169853 and 0.000112374 for the integral and error estimates.
a = -1045e-4
Time consumption: 6.409634735277778
MaxMemUse :144.27884674072266 MB
Configured Kernels: {SubKernels`LocalKernels`LocalMachine[4, SubKernels`LocalKernels`LowerPriority -> True]}
Processor Count: 4
Modules loaded ...
4 Kernels launched ...
Run started at Thu 30 Sep 2021 23:39:30, Bins: {179, 264}
StringForm[From `1`:, Parallel`Kernels`kernel[Parallel`Kernels`Private`bk[SubKernels`LocalKernels`localKernel[SubKernels`LocalKernels`Private`lk[LinkObject[/usr/local/Wolfram/Mathematica/12.0/Executables/wolfram -subkernel -noinit -nopaclet -wstp, 209, 4], {/usr/local/Wolfram/Mathematica/12.0/Executables/wolfram -subkernel -noinit -nopaclet -wstp}, SubKernels`LocalKernels`Private`speed$21739, SubKernels`LocalKernels`Private`preemptive$21739]], Parallel`Kernels`Private`id$21755, Parallel`Kernels`Private`name$21755], Parallel`Kernels`Private`ek[Parallel`Kernels`Private`nev$21756, Parallel`Kernels`Private`pb$21756, Parallel`Kernels`Private`rd$21756], Parallel`Kernels`Private`sk[Parallel`Kernels`Private`q$21757, Parallel`Kernels`Private`n0$21757, Parallel`Kernels`Private`n1$21757]]]
                                                                                                                                                                                              -6
NIntegrate::ncvb: NIntegrate failed to converge to prescribed accuracy after 2 recursive bisections in yD near {xD, yD} = {0.0515827, -0.014338}. NIntegrate obtained 0.00128367 and 4.1962 10   for the integral and error estimates.
StringForm[From `1`:, Parallel`Kernels`kernel[Parallel`Kernels`Private`bk[SubKernels`LocalKernels`localKernel[SubKernels`LocalKernels`Private`lk[LinkObject[/usr/local/Wolfram/Mathematica/12.0/Executables/wolfram -subkernel -noinit -nopaclet -wstp, 206, 1], {/usr/local/Wolfram/Mathematica/12.0/Executables/wolfram -subkernel -noinit -nopaclet -wstp}, SubKernels`LocalKernels`Private`speed$21736, SubKernels`LocalKernels`Private`preemptive$21736]], Parallel`Kernels`Private`id$21743, Parallel`Kernels`Private`name$21743], Parallel`Kernels`Private`ek[Parallel`Kernels`Private`nev$21744, Parallel`Kernels`Private`pb$21744, Parallel`Kernels`Private`rd$21744], Parallel`Kernels`Private`sk[Parallel`Kernels`Private`q$21745, Parallel`Kernels`Private`n0$21745, Parallel`Kernels`Private`n1$21745]]]
                                                                                                                                                                                              -6
NIntegrate::ncvb: NIntegrate failed to converge to prescribed accuracy after 2 recursive bisections in yD near {xD, yD} = {0.0515827, 0.023846}. NIntegrate obtained 0.00039307 and 9.14104 10   for the integral and error estimates.
StringForm[From `1`:, Parallel`Kernels`kernel[Parallel`Kernels`Private`bk[SubKernels`LocalKernels`localKernel[SubKernels`LocalKernels`Private`lk[LinkObject[/usr/local/Wolfram/Mathematica/12.0/Executables/wolfram -subkernel -noinit -nopaclet -wstp, 209, 4], {/usr/local/Wolfram/Mathematica/12.0/Executables/wolfram -subkernel -noinit -nopaclet -wstp}, SubKernels`LocalKernels`Private`speed$21739, SubKernels`LocalKernels`Private`preemptive$21739]], Parallel`Kernels`Private`id$21755, Parallel`Kernels`Private`name$21755], Parallel`Kernels`Private`ek[Parallel`Kernels`Private`nev$21756, Parallel`Kernels`Private`pb$21756, Parallel`Kernels`Private`rd$21756], Parallel`Kernels`Private`sk[Parallel`Kernels`Private`q$21757, Parallel`Kernels`Private`n0$21757, Parallel`Kernels`Private`n1$21757]]]
                                                                                                                                                                                              -6
NIntegrate::ncvb: NIntegrate failed to converge to prescribed accuracy after 2 recursive bisections in yD near {xD, yD} = {0.0534577, 0.023846}. NIntegrate obtained 0.0000444085 and 2.359 10   for the integral and error estimates.
a = -1045e-4
Time consumption: 3.2357151894444445
MaxMemUse :144.29267120361328 MB
