Configured Kernels: {SubKernels`LocalKernels`LocalMachine[4, SubKernels`LocalKernels`LowerPriority -> True]}
Processor Count: 4
Modules loaded ...
4 Kernels launched ...
Run started at Thu 15 Apr 2021 15:32:42, Bins: {1, 49}
StringForm[From `1`:, Parallel`Kernels`kernel[Parallel`Kernels`Private`bk[SubKernels`LocalKernels`localKernel[SubKernels`LocalKernels`Private`lk[LinkObject[/usr/local/Wolfram/Mathematica/12.0/Executables/wolfram -subkernel -noinit -nopaclet -wstp, 205, 2], {/usr/local/Wolfram/Mathematica/12.0/Executables/wolfram -subkernel -noinit -nopaclet -wstp}, SubKernels`LocalKernels`Private`speed$18585, SubKernels`LocalKernels`Private`preemptive$18585]], Parallel`Kernels`Private`id$18595, Parallel`Kernels`Private`name$18595], Parallel`Kernels`Private`ek[Parallel`Kernels`Private`nev$18596, Parallel`Kernels`Private`pb$18596, Parallel`Kernels`Private`rd$18596], Parallel`Kernels`Private`sk[Parallel`Kernels`Private`q$18597, Parallel`Kernels`Private`n0$18597, Parallel`Kernels`Private`n1$18597]]]
                                                                                                                                                                                               -6
NIntegrate::ncvb: NIntegrate failed to converge to prescribed accuracy after 2 recursive bisections in yD near {xD, yD} = {0.0273052, -0.0139192}. NIntegrate obtained 0.0001947 and 3.88623 10   for the integral and error estimates.
a = -1045e-4
Time consumption: 1.1795178663888888
MaxMemUse :142.31832885742188 MB
Configured Kernels: {SubKernels`LocalKernels`LocalMachine[4, SubKernels`LocalKernels`LowerPriority -> True]}
Processor Count: 4
Modules loaded ...
4 Kernels launched ...
Run started at Thu 15 Apr 2021 16:43:28, Bins: {50, 98}
StringForm[From `1`:, Parallel`Kernels`kernel[Parallel`Kernels`Private`bk[SubKernels`LocalKernels`localKernel[SubKernels`LocalKernels`Private`lk[LinkObject[/usr/local/Wolfram/Mathematica/12.0/Executables/wolfram -subkernel -noinit -nopaclet -wstp, 205, 2], {/usr/local/Wolfram/Mathematica/12.0/Executables/wolfram -subkernel -noinit -nopaclet -wstp}, SubKernels`LocalKernels`Private`speed$21300, SubKernels`LocalKernels`Private`preemptive$21300]], Parallel`Kernels`Private`id$21310, Parallel`Kernels`Private`name$21310], Parallel`Kernels`Private`ek[Parallel`Kernels`Private`nev$21311, Parallel`Kernels`Private`pb$21311, Parallel`Kernels`Private`rd$21311], Parallel`Kernels`Private`sk[Parallel`Kernels`Private`q$21312, Parallel`Kernels`Private`n0$21312, Parallel`Kernels`Private`n1$21312]]]
                                                                                                                                                                                                 -6
NIntegrate::ncvb: NIntegrate failed to converge to prescribed accuracy after 2 recursive bisections in yD near {xD, yD} = {0.0271103, 0.0224458}. NIntegrate obtained 0.0000115012 and 3.20163 10   for the integral and error estimates.
StringForm[From `1`:, Parallel`Kernels`kernel[Parallel`Kernels`Private`bk[SubKernels`LocalKernels`localKernel[SubKernels`LocalKernels`Private`lk[LinkObject[/usr/local/Wolfram/Mathematica/12.0/Executables/wolfram -subkernel -noinit -nopaclet -wstp, 204, 1], {/usr/local/Wolfram/Mathematica/12.0/Executables/wolfram -subkernel -noinit -nopaclet -wstp}, SubKernels`LocalKernels`Private`speed$21299, SubKernels`LocalKernels`Private`preemptive$21299]], Parallel`Kernels`Private`id$21306, Parallel`Kernels`Private`name$21306], Parallel`Kernels`Private`ek[Parallel`Kernels`Private`nev$21307, Parallel`Kernels`Private`pb$21307, Parallel`Kernels`Private`rd$21307], Parallel`Kernels`Private`sk[Parallel`Kernels`Private`q$21308, Parallel`Kernels`Private`n0$21308, Parallel`Kernels`Private`n1$21308]]]
                                                                                                                                                                                                  -6
NIntegrate::ncvb: NIntegrate failed to converge to prescribed accuracy after 2 recursive bisections in yD near {xD, yD} = {0.0296103, -0.0157374}. NIntegrate obtained 0.0000248855 and 3.03821 10   for the integral and error estimates.
StringForm[From `1`:, Parallel`Kernels`kernel[Parallel`Kernels`Private`bk[SubKernels`LocalKernels`localKernel[SubKernels`LocalKernels`Private`lk[LinkObject[/usr/local/Wolfram/Mathematica/12.0/Executables/wolfram -subkernel -noinit -nopaclet -wstp, 207, 4], {/usr/local/Wolfram/Mathematica/12.0/Executables/wolfram -subkernel -noinit -nopaclet -wstp}, SubKernels`LocalKernels`Private`speed$21302, SubKernels`LocalKernels`Private`preemptive$21302]], Parallel`Kernels`Private`id$21318, Parallel`Kernels`Private`name$21318], Parallel`Kernels`Private`ek[Parallel`Kernels`Private`nev$21319, Parallel`Kernels`Private`pb$21319, Parallel`Kernels`Private`rd$21319], Parallel`Kernels`Private`sk[Parallel`Kernels`Private`q$21320, Parallel`Kernels`Private`n0$21320, Parallel`Kernels`Private`n1$21320]]]
NIntegrate::ncvb: NIntegrate failed to converge to prescribed accuracy after 2 recursive bisections in yD near {xD, yD} = {0.0296103, 0.0224458}. NIntegrate obtained 0.000421895 and 0.0000305909 for the integral and error estimates.
StringForm[From `1`:, Parallel`Kernels`kernel[Parallel`Kernels`Private`bk[SubKernels`LocalKernels`localKernel[SubKernels`LocalKernels`Private`lk[LinkObject[/usr/local/Wolfram/Mathematica/12.0/Executables/wolfram -subkernel -noinit -nopaclet -wstp, 204, 1], {/usr/local/Wolfram/Mathematica/12.0/Executables/wolfram -subkernel -noinit -nopaclet -wstp}, SubKernels`LocalKernels`Private`speed$21299, SubKernels`LocalKernels`Private`preemptive$21299]], Parallel`Kernels`Private`id$21306, Parallel`Kernels`Private`name$21306], Parallel`Kernels`Private`ek[Parallel`Kernels`Private`nev$21307, Parallel`Kernels`Private`pb$21307, Parallel`Kernels`Private`rd$21307], Parallel`Kernels`Private`sk[Parallel`Kernels`Private`q$21308, Parallel`Kernels`Private`n0$21308, Parallel`Kernels`Private`n1$21308]]]
                                                                                                                                                                                                 -6
NIntegrate::ncvb: NIntegrate failed to converge to prescribed accuracy after 2 recursive bisections in yD near {xD, yD} = {0.0321103, -0.0157374}. NIntegrate obtained 0.000526499 and 4.65421 10   for the integral and error estimates.
StringForm[From `1`:, Parallel`Kernels`kernel[Parallel`Kernels`Private`bk[SubKernels`LocalKernels`localKernel[SubKernels`LocalKernels`Private`lk[LinkObject[/usr/local/Wolfram/Mathematica/12.0/Executables/wolfram -subkernel -noinit -nopaclet -wstp, 206, 3], {/usr/local/Wolfram/Mathematica/12.0/Executables/wolfram -subkernel -noinit -nopaclet -wstp}, SubKernels`LocalKernels`Private`speed$21301, SubKernels`LocalKernels`Private`preemptive$21301]], Parallel`Kernels`Private`id$21314, Parallel`Kernels`Private`name$21314], Parallel`Kernels`Private`ek[Parallel`Kernels`Private`nev$21315, Parallel`Kernels`Private`pb$21315, Parallel`Kernels`Private`rd$21315], Parallel`Kernels`Private`sk[Parallel`Kernels`Private`q$21316, Parallel`Kernels`Private`n0$21316, Parallel`Kernels`Private`n1$21316]]]
NIntegrate::ncvb: NIntegrate failed to converge to prescribed accuracy after 2 recursive bisections in yD near {xD, yD} = {0.0296103, -0.0139192}. NIntegrate obtained 0.0068156 and 0.0000549681 for the integral and error estimates.
StringForm[From `1`:, Parallel`Kernels`kernel[Parallel`Kernels`Private`bk[SubKernels`LocalKernels`localKernel[SubKernels`LocalKernels`Private`lk[LinkObject[/usr/local/Wolfram/Mathematica/12.0/Executables/wolfram -subkernel -noinit -nopaclet -wstp, 206, 3], {/usr/local/Wolfram/Mathematica/12.0/Executables/wolfram -subkernel -noinit -nopaclet -wstp}, SubKernels`LocalKernels`Private`speed$21301, SubKernels`LocalKernels`Private`preemptive$21301]], Parallel`Kernels`Private`id$21314, Parallel`Kernels`Private`name$21314], Parallel`Kernels`Private`ek[Parallel`Kernels`Private`nev$21315, Parallel`Kernels`Private`pb$21315, Parallel`Kernels`Private`rd$21315], Parallel`Kernels`Private`sk[Parallel`Kernels`Private`q$21316, Parallel`Kernels`Private`n0$21316, Parallel`Kernels`Private`n1$21316]]]
NIntegrate::ncvb: NIntegrate failed to converge to prescribed accuracy after 2 recursive bisections in yD near {xD, yD} = {0.0346103, -0.0175557}. NIntegrate obtained 0.00268471 and 0.0000421731 for the integral and error estimates.
StringForm[From `1`:, Parallel`Kernels`kernel[Parallel`Kernels`Private`bk[SubKernels`LocalKernels`localKernel[SubKernels`LocalKernels`Private`lk[LinkObject[/usr/local/Wolfram/Mathematica/12.0/Executables/wolfram -subkernel -noinit -nopaclet -wstp, 204, 1], {/usr/local/Wolfram/Mathematica/12.0/Executables/wolfram -subkernel -noinit -nopaclet -wstp}, SubKernels`LocalKernels`Private`speed$21299, SubKernels`LocalKernels`Private`preemptive$21299]], Parallel`Kernels`Private`id$21306, Parallel`Kernels`Private`name$21306], Parallel`Kernels`Private`ek[Parallel`Kernels`Private`nev$21307, Parallel`Kernels`Private`pb$21307, Parallel`Kernels`Private`rd$21307], Parallel`Kernels`Private`sk[Parallel`Kernels`Private`q$21308, Parallel`Kernels`Private`n0$21308, Parallel`Kernels`Private`n1$21308]]]
NIntegrate::ncvb: NIntegrate failed to converge to prescribed accuracy after 2 recursive bisections in yD near {xD, yD} = {0.0321103, 0.0224458}. NIntegrate obtained 0.00263679 and 0.000118693 for the integral and error estimates.
StringForm[From `1`:, Parallel`Kernels`kernel[Parallel`Kernels`Private`bk[SubKernels`LocalKernels`localKernel[SubKernels`LocalKernels`Private`lk[LinkObject[/usr/local/Wolfram/Mathematica/12.0/Executables/wolfram -subkernel -noinit -nopaclet -wstp, 207, 4], {/usr/local/Wolfram/Mathematica/12.0/Executables/wolfram -subkernel -noinit -nopaclet -wstp}, SubKernels`LocalKernels`Private`speed$21302, SubKernels`LocalKernels`Private`preemptive$21302]], Parallel`Kernels`Private`id$21318, Parallel`Kernels`Private`name$21318], Parallel`Kernels`Private`ek[Parallel`Kernels`Private`nev$21319, Parallel`Kernels`Private`pb$21319, Parallel`Kernels`Private`rd$21319], Parallel`Kernels`Private`sk[Parallel`Kernels`Private`q$21320, Parallel`Kernels`Private`n0$21320, Parallel`Kernels`Private`n1$21320]]]
NIntegrate::ncvb: NIntegrate failed to converge to prescribed accuracy after 2 recursive bisections in yD near {xD, yD} = {0.0321103, -0.0139192}. NIntegrate obtained 0.0355988 and 0.000226503 for the integral and error estimates.
StringForm[From `1`:, Parallel`Kernels`kernel[Parallel`Kernels`Private`bk[SubKernels`LocalKernels`localKernel[SubKernels`LocalKernels`Private`lk[LinkObject[/usr/local/Wolfram/Mathematica/12.0/Executables/wolfram -subkernel -noinit -nopaclet -wstp, 205, 2], {/usr/local/Wolfram/Mathematica/12.0/Executables/wolfram -subkernel -noinit -nopaclet -wstp}, SubKernels`LocalKernels`Private`speed$21300, SubKernels`LocalKernels`Private`preemptive$21300]], Parallel`Kernels`Private`id$21310, Parallel`Kernels`Private`name$21310], Parallel`Kernels`Private`ek[Parallel`Kernels`Private`nev$21311, Parallel`Kernels`Private`pb$21311, Parallel`Kernels`Private`rd$21311], Parallel`Kernels`Private`sk[Parallel`Kernels`Private`q$21312, Parallel`Kernels`Private`n0$21312, Parallel`Kernels`Private`n1$21312]]]
NIntegrate::ncvb: NIntegrate failed to converge to prescribed accuracy after 2 recursive bisections in yD near {xD, yD} = {0.0346103, 0.0224458}. NIntegrate obtained 0.00836049 and 0.000263614 for the integral and error estimates.
StringForm[From `1`:, Parallel`Kernels`kernel[Parallel`Kernels`Private`bk[SubKernels`LocalKernels`localKernel[SubKernels`LocalKernels`Private`lk[LinkObject[/usr/local/Wolfram/Mathematica/12.0/Executables/wolfram -subkernel -noinit -nopaclet -wstp, 207, 4], {/usr/local/Wolfram/Mathematica/12.0/Executables/wolfram -subkernel -noinit -nopaclet -wstp}, SubKernels`LocalKernels`Private`speed$21302, SubKernels`LocalKernels`Private`preemptive$21302]], Parallel`Kernels`Private`id$21318, Parallel`Kernels`Private`name$21318], Parallel`Kernels`Private`ek[Parallel`Kernels`Private`nev$21319, Parallel`Kernels`Private`pb$21319, Parallel`Kernels`Private`rd$21319], Parallel`Kernels`Private`sk[Parallel`Kernels`Private`q$21320, Parallel`Kernels`Private`n0$21320, Parallel`Kernels`Private`n1$21320]]]
NIntegrate::ncvb: NIntegrate failed to converge to prescribed accuracy after 2 recursive bisections in yD near {xD, yD} = {0.0371103, -0.0157374}. NIntegrate obtained 0.0062196 and 0.0000157049 for the integral and error estimates.
StringForm[From `1`:, Parallel`Kernels`kernel[Parallel`Kernels`Private`bk[SubKernels`LocalKernels`localKernel[SubKernels`LocalKernels`Private`lk[LinkObject[/usr/local/Wolfram/Mathematica/12.0/Executables/wolfram -subkernel -noinit -nopaclet -wstp, 206, 3], {/usr/local/Wolfram/Mathematica/12.0/Executables/wolfram -subkernel -noinit -nopaclet -wstp}, SubKernels`LocalKernels`Private`speed$21301, SubKernels`LocalKernels`Private`preemptive$21301]], Parallel`Kernels`Private`id$21314, Parallel`Kernels`Private`name$21314], Parallel`Kernels`Private`ek[Parallel`Kernels`Private`nev$21315, Parallel`Kernels`Private`pb$21315, Parallel`Kernels`Private`rd$21315], Parallel`Kernels`Private`sk[Parallel`Kernels`Private`q$21316, Parallel`Kernels`Private`n0$21316, Parallel`Kernels`Private`n1$21316]]]
NIntegrate::ncvb: NIntegrate failed to converge to prescribed accuracy after 2 recursive bisections in yD near {xD, yD} = {0.0346103, -0.0139192}. NIntegrate obtained 0.0932281 and 0.000298678 for the integral and error estimates.
StringForm[From `1`:, Parallel`Kernels`kernel[Parallel`Kernels`Private`bk[SubKernels`LocalKernels`localKernel[SubKernels`LocalKernels`Private`lk[LinkObject[/usr/local/Wolfram/Mathematica/12.0/Executables/wolfram -subkernel -noinit -nopaclet -wstp, 205, 2], {/usr/local/Wolfram/Mathematica/12.0/Executables/wolfram -subkernel -noinit -nopaclet -wstp}, SubKernels`LocalKernels`Private`speed$21300, SubKernels`LocalKernels`Private`preemptive$21300]], Parallel`Kernels`Private`id$21310, Parallel`Kernels`Private`name$21310], Parallel`Kernels`Private`ek[Parallel`Kernels`Private`nev$21311, Parallel`Kernels`Private`pb$21311, Parallel`Kernels`Private`rd$21311], Parallel`Kernels`Private`sk[Parallel`Kernels`Private`q$21312, Parallel`Kernels`Private`n0$21312, Parallel`Kernels`Private`n1$21312]]]
NIntegrate::ncvb: NIntegrate failed to converge to prescribed accuracy after 2 recursive bisections in yD near {xD, yD} = {0.0371103, 0.0224458}. NIntegrate obtained 0.0167863 and 0.000349475 for the integral and error estimates.
StringForm[From `1`:, Parallel`Kernels`kernel[Parallel`Kernels`Private`bk[SubKernels`LocalKernels`localKernel[SubKernels`LocalKernels`Private`lk[LinkObject[/usr/local/Wolfram/Mathematica/12.0/Executables/wolfram -subkernel -noinit -nopaclet -wstp, 204, 1], {/usr/local/Wolfram/Mathematica/12.0/Executables/wolfram -subkernel -noinit -nopaclet -wstp}, SubKernels`LocalKernels`Private`speed$21299, SubKernels`LocalKernels`Private`preemptive$21299]], Parallel`Kernels`Private`id$21306, Parallel`Kernels`Private`name$21306], Parallel`Kernels`Private`ek[Parallel`Kernels`Private`nev$21307, Parallel`Kernels`Private`pb$21307, Parallel`Kernels`Private`rd$21307], Parallel`Kernels`Private`sk[Parallel`Kernels`Private`q$21308, Parallel`Kernels`Private`n0$21308, Parallel`Kernels`Private`n1$21308]]]
NIntegrate::ncvb: NIntegrate failed to converge to prescribed accuracy after 2 recursive bisections in yD near {xD, yD} = {0.0371103, -0.0139192}. NIntegrate obtained 0.159907 and 0.000495298 for the integral and error estimates.
a = -1045e-4
Time consumption: 17.41016202722222
MaxMemUse :142.46874237060547 MB
Configured Kernels: {SubKernels`LocalKernels`LocalMachine[4, SubKernels`LocalKernels`LowerPriority -> True]}
Processor Count: 4
Modules loaded ...
4 Kernels launched ...
Run started at Fri 16 Apr 2021 10:08:05, Bins: {99, 106}
StringForm[From `1`:, Parallel`Kernels`kernel[Parallel`Kernels`Private`bk[SubKernels`LocalKernels`localKernel[SubKernels`LocalKernels`Private`lk[LinkObject[/usr/local/Wolfram/Mathematica/12.0/Executables/wolfram -subkernel -noinit -nopaclet -wstp, 205, 2], {/usr/local/Wolfram/Mathematica/12.0/Executables/wolfram -subkernel -noinit -nopaclet -wstp}, SubKernels`LocalKernels`Private`speed$21358, SubKernels`LocalKernels`Private`preemptive$21358]], Parallel`Kernels`Private`id$21368, Parallel`Kernels`Private`name$21368], Parallel`Kernels`Private`ek[Parallel`Kernels`Private`nev$21369, Parallel`Kernels`Private`pb$21369, Parallel`Kernels`Private`rd$21369], Parallel`Kernels`Private`sk[Parallel`Kernels`Private`q$21370, Parallel`Kernels`Private`n0$21370, Parallel`Kernels`Private`n1$21370]]]
NIntegrate::ncvb: NIntegrate failed to converge to prescribed accuracy after 2 recursive bisections in yD near {xD, yD} = {0.0396103, -0.0157374}. NIntegrate obtained 0.00881043 and 0.0000336272 for the integral and error estimates.
StringForm[From `1`:, Parallel`Kernels`kernel[Parallel`Kernels`Private`bk[SubKernels`LocalKernels`localKernel[SubKernels`LocalKernels`Private`lk[LinkObject[/usr/local/Wolfram/Mathematica/12.0/Executables/wolfram -subkernel -noinit -nopaclet -wstp, 204, 1], {/usr/local/Wolfram/Mathematica/12.0/Executables/wolfram -subkernel -noinit -nopaclet -wstp}, SubKernels`LocalKernels`Private`speed$21357, SubKernels`LocalKernels`Private`preemptive$21357]], Parallel`Kernels`Private`id$21364, Parallel`Kernels`Private`name$21364], Parallel`Kernels`Private`ek[Parallel`Kernels`Private`nev$21365, Parallel`Kernels`Private`pb$21365, Parallel`Kernels`Private`rd$21365], Parallel`Kernels`Private`sk[Parallel`Kernels`Private`q$21366, Parallel`Kernels`Private`n0$21366, Parallel`Kernels`Private`n1$21366]]]
NIntegrate::ncvb: NIntegrate failed to converge to prescribed accuracy after 2 recursive bisections in yD near {xD, yD} = {0.0396103, -0.0139192}. NIntegrate obtained 0.196172 and 0.000305356 for the integral and error estimates.
a = -1045e-4
Time consumption: 2.793665745555556
MaxMemUse :142.59740447998047 MB
Configured Kernels: {SubKernels`LocalKernels`LocalMachine[4, SubKernels`LocalKernels`LowerPriority -> True]}
Processor Count: 4
Modules loaded ...
4 Kernels launched ...
Run started at Fri 16 Apr 2021 12:55:43, Bins: {107, 122}
StringForm[From `1`:, Parallel`Kernels`kernel[Parallel`Kernels`Private`bk[SubKernels`LocalKernels`localKernel[SubKernels`LocalKernels`Private`lk[LinkObject[/usr/local/Wolfram/Mathematica/12.0/Executables/wolfram -subkernel -noinit -nopaclet -wstp, 204, 1], {/usr/local/Wolfram/Mathematica/12.0/Executables/wolfram -subkernel -noinit -nopaclet -wstp}, SubKernels`LocalKernels`Private`speed$21412, SubKernels`LocalKernels`Private`preemptive$21412]], Parallel`Kernels`Private`id$21419, Parallel`Kernels`Private`name$21419], Parallel`Kernels`Private`ek[Parallel`Kernels`Private`nev$21420, Parallel`Kernels`Private`pb$21420, Parallel`Kernels`Private`rd$21420], Parallel`Kernels`Private`sk[Parallel`Kernels`Private`q$21421, Parallel`Kernels`Private`n0$21421, Parallel`Kernels`Private`n1$21421]]]
NIntegrate::ncvb: NIntegrate failed to converge to prescribed accuracy after 2 recursive bisections in yD near {xD, yD} = {0.0421103, -0.0157374}. NIntegrate obtained 0.00927648 and 0.0000323681 for the integral and error estimates.
StringForm[From `1`:, Parallel`Kernels`kernel[Parallel`Kernels`Private`bk[SubKernels`LocalKernels`localKernel[SubKernels`LocalKernels`Private`lk[LinkObject[/usr/local/Wolfram/Mathematica/12.0/Executables/wolfram -subkernel -noinit -nopaclet -wstp, 207, 4], {/usr/local/Wolfram/Mathematica/12.0/Executables/wolfram -subkernel -noinit -nopaclet -wstp}, SubKernels`LocalKernels`Private`speed$21415, SubKernels`LocalKernels`Private`preemptive$21415]], Parallel`Kernels`Private`id$21431, Parallel`Kernels`Private`name$21431], Parallel`Kernels`Private`ek[Parallel`Kernels`Private`nev$21432, Parallel`Kernels`Private`pb$21432, Parallel`Kernels`Private`rd$21432], Parallel`Kernels`Private`sk[Parallel`Kernels`Private`q$21433, Parallel`Kernels`Private`n0$21433, Parallel`Kernels`Private`n1$21433]]]
NIntegrate::ncvb: NIntegrate failed to converge to prescribed accuracy after 2 recursive bisections in yD near {xD, yD} = {0.0396103, 0.0224458}. NIntegrate obtained 0.0229617 and 0.000273424 for the integral and error estimates.
StringForm[From `1`:, Parallel`Kernels`kernel[Parallel`Kernels`Private`bk[SubKernels`LocalKernels`localKernel[SubKernels`LocalKernels`Private`lk[LinkObject[/usr/local/Wolfram/Mathematica/12.0/Executables/wolfram -subkernel -noinit -nopaclet -wstp, 205, 2], {/usr/local/Wolfram/Mathematica/12.0/Executables/wolfram -subkernel -noinit -nopaclet -wstp}, SubKernels`LocalKernels`Private`speed$21413, SubKernels`LocalKernels`Private`preemptive$21413]], Parallel`Kernels`Private`id$21423, Parallel`Kernels`Private`name$21423], Parallel`Kernels`Private`ek[Parallel`Kernels`Private`nev$21424, Parallel`Kernels`Private`pb$21424, Parallel`Kernels`Private`rd$21424], Parallel`Kernels`Private`sk[Parallel`Kernels`Private`q$21425, Parallel`Kernels`Private`n0$21425, Parallel`Kernels`Private`n1$21425]]]
NIntegrate::ncvb: NIntegrate failed to converge to prescribed accuracy after 2 recursive bisections in yD near {xD, yD} = {0.0421103, -0.0139192}. NIntegrate obtained 0.181942 and 0.000270203 for the integral and error estimates.
StringForm[From `1`:, Parallel`Kernels`kernel[Parallel`Kernels`Private`bk[SubKernels`LocalKernels`localKernel[SubKernels`LocalKernels`Private`lk[LinkObject[/usr/local/Wolfram/Mathematica/12.0/Executables/wolfram -subkernel -noinit -nopaclet -wstp, 206, 3], {/usr/local/Wolfram/Mathematica/12.0/Executables/wolfram -subkernel -noinit -nopaclet -wstp}, SubKernels`LocalKernels`Private`speed$21414, SubKernels`LocalKernels`Private`preemptive$21414]], Parallel`Kernels`Private`id$21427, Parallel`Kernels`Private`name$21427], Parallel`Kernels`Private`ek[Parallel`Kernels`Private`nev$21428, Parallel`Kernels`Private`pb$21428, Parallel`Kernels`Private`rd$21428], Parallel`Kernels`Private`sk[Parallel`Kernels`Private`q$21429, Parallel`Kernels`Private`n0$21429, Parallel`Kernels`Private`n1$21429]]]
NIntegrate::ncvb: NIntegrate failed to converge to prescribed accuracy after 2 recursive bisections in yD near {xD, yD} = {0.0421103, 0.0224458}. NIntegrate obtained 0.0233626 and 0.000135514 for the integral and error estimates.
a = -1045e-4
Time consumption: 3.895404161944444
MaxMemUse :142.59518432617188 MB
Configured Kernels: {SubKernels`LocalKernels`LocalMachine[4, SubKernels`LocalKernels`LowerPriority -> True]}
Processor Count: 4
Modules loaded ...
4 Kernels launched ...
Run started at Fri 16 Apr 2021 16:49:27, Bins: {123, 138}
StringForm[From `1`:, Parallel`Kernels`kernel[Parallel`Kernels`Private`bk[SubKernels`LocalKernels`localKernel[SubKernels`LocalKernels`Private`lk[LinkObject[/usr/local/Wolfram/Mathematica/12.0/Executables/wolfram -subkernel -noinit -nopaclet -wstp, 207, 4], {/usr/local/Wolfram/Mathematica/12.0/Executables/wolfram -subkernel -noinit -nopaclet -wstp}, SubKernels`LocalKernels`Private`speed$21381, SubKernels`LocalKernels`Private`preemptive$21381]], Parallel`Kernels`Private`id$21397, Parallel`Kernels`Private`name$21397], Parallel`Kernels`Private`ek[Parallel`Kernels`Private`nev$21398, Parallel`Kernels`Private`pb$21398, Parallel`Kernels`Private`rd$21398], Parallel`Kernels`Private`sk[Parallel`Kernels`Private`q$21399, Parallel`Kernels`Private`n0$21399, Parallel`Kernels`Private`n1$21399]]]
                                                                                                                                                                                                -6
NIntegrate::ncvb: NIntegrate failed to converge to prescribed accuracy after 2 recursive bisections in yD near {xD, yD} = {0.0446103, -0.0175557}. NIntegrate obtained 0.00746111 and 8.71937 10   for the integral and error estimates.
StringForm[From `1`:, Parallel`Kernels`kernel[Parallel`Kernels`Private`bk[SubKernels`LocalKernels`localKernel[SubKernels`LocalKernels`Private`lk[LinkObject[/usr/local/Wolfram/Mathematica/12.0/Executables/wolfram -subkernel -noinit -nopaclet -wstp, 204, 1], {/usr/local/Wolfram/Mathematica/12.0/Executables/wolfram -subkernel -noinit -nopaclet -wstp}, SubKernels`LocalKernels`Private`speed$21378, SubKernels`LocalKernels`Private`preemptive$21378]], Parallel`Kernels`Private`id$21385, Parallel`Kernels`Private`name$21385], Parallel`Kernels`Private`ek[Parallel`Kernels`Private`nev$21386, Parallel`Kernels`Private`pb$21386, Parallel`Kernels`Private`rd$21386], Parallel`Kernels`Private`sk[Parallel`Kernels`Private`q$21387, Parallel`Kernels`Private`n0$21387, Parallel`Kernels`Private`n1$21387]]]
NIntegrate::ncvb: NIntegrate failed to converge to prescribed accuracy after 2 recursive bisections in yD near {xD, yD} = {0.0446103, 0.0224458}. NIntegrate obtained 0.0185501 and 0.0000883459 for the integral and error estimates.
StringForm[From `1`:, Parallel`Kernels`kernel[Parallel`Kernels`Private`bk[SubKernels`LocalKernels`localKernel[SubKernels`LocalKernels`Private`lk[LinkObject[/usr/local/Wolfram/Mathematica/12.0/Executables/wolfram -subkernel -noinit -nopaclet -wstp, 206, 3], {/usr/local/Wolfram/Mathematica/12.0/Executables/wolfram -subkernel -noinit -nopaclet -wstp}, SubKernels`LocalKernels`Private`speed$21380, SubKernels`LocalKernels`Private`preemptive$21380]], Parallel`Kernels`Private`id$21393, Parallel`Kernels`Private`name$21393], Parallel`Kernels`Private`ek[Parallel`Kernels`Private`nev$21394, Parallel`Kernels`Private`pb$21394, Parallel`Kernels`Private`rd$21394], Parallel`Kernels`Private`sk[Parallel`Kernels`Private`q$21395, Parallel`Kernels`Private`n0$21395, Parallel`Kernels`Private`n1$21395]]]
NIntegrate::ncvb: NIntegrate failed to converge to prescribed accuracy after 2 recursive bisections in yD near {xD, yD} = {0.0446103, -0.0139192}. NIntegrate obtained 0.129222 and 0.000168403 for the integral and error estimates.
StringForm[From `1`:, Parallel`Kernels`kernel[Parallel`Kernels`Private`bk[SubKernels`LocalKernels`localKernel[SubKernels`LocalKernels`Private`lk[LinkObject[/usr/local/Wolfram/Mathematica/12.0/Executables/wolfram -subkernel -noinit -nopaclet -wstp, 207, 4], {/usr/local/Wolfram/Mathematica/12.0/Executables/wolfram -subkernel -noinit -nopaclet -wstp}, SubKernels`LocalKernels`Private`speed$21381, SubKernels`LocalKernels`Private`preemptive$21381]], Parallel`Kernels`Private`id$21397, Parallel`Kernels`Private`name$21397], Parallel`Kernels`Private`ek[Parallel`Kernels`Private`nev$21398, Parallel`Kernels`Private`pb$21398, Parallel`Kernels`Private`rd$21398], Parallel`Kernels`Private`sk[Parallel`Kernels`Private`q$21399, Parallel`Kernels`Private`n0$21399, Parallel`Kernels`Private`n1$21399]]]
                                                                                                                                                                                               -6
NIntegrate::ncvb: NIntegrate failed to converge to prescribed accuracy after 2 recursive bisections in yD near {xD, yD} = {0.0471103, -0.0175557}. NIntegrate obtained 0.00397697 and 7.6616 10   for the integral and error estimates.
a = -1045e-4
Time consumption: 5.707614104444445
MaxMemUse :142.5942611694336 MB
Configured Kernels: {SubKernels`LocalKernels`LocalMachine[4, SubKernels`LocalKernels`LowerPriority -> True]}
Processor Count: 4
Modules loaded ...
4 Kernels launched ...
Run started at Fri 16 Apr 2021 22:31:55, Bins: {139, 154}
StringForm[From `1`:, Parallel`Kernels`kernel[Parallel`Kernels`Private`bk[SubKernels`LocalKernels`localKernel[SubKernels`LocalKernels`Private`lk[LinkObject[/usr/local/Wolfram/Mathematica/12.0/Executables/wolfram -subkernel -noinit -nopaclet -wstp, 204, 1], {/usr/local/Wolfram/Mathematica/12.0/Executables/wolfram -subkernel -noinit -nopaclet -wstp}, SubKernels`LocalKernels`Private`speed$21514, SubKernels`LocalKernels`Private`preemptive$21514]], Parallel`Kernels`Private`id$21521, Parallel`Kernels`Private`name$21521], Parallel`Kernels`Private`ek[Parallel`Kernels`Private`nev$21522, Parallel`Kernels`Private`pb$21522, Parallel`Kernels`Private`rd$21522], Parallel`Kernels`Private`sk[Parallel`Kernels`Private`q$21523, Parallel`Kernels`Private`n0$21523, Parallel`Kernels`Private`n1$21523]]]
NIntegrate::ncvb: NIntegrate failed to converge to prescribed accuracy after 2 recursive bisections in yD near {xD, yD} = {0.0496103, -0.0175557}. NIntegrate obtained 0.00115074 and 0.000143073 for the integral and error estimates.
StringForm[From `1`:, Parallel`Kernels`kernel[Parallel`Kernels`Private`bk[SubKernels`LocalKernels`localKernel[SubKernels`LocalKernels`Private`lk[LinkObject[/usr/local/Wolfram/Mathematica/12.0/Executables/wolfram -subkernel -noinit -nopaclet -wstp, 204, 1], {/usr/local/Wolfram/Mathematica/12.0/Executables/wolfram -subkernel -noinit -nopaclet -wstp}, SubKernels`LocalKernels`Private`speed$21514, SubKernels`LocalKernels`Private`preemptive$21514]], Parallel`Kernels`Private`id$21521, Parallel`Kernels`Private`name$21521], Parallel`Kernels`Private`ek[Parallel`Kernels`Private`nev$21522, Parallel`Kernels`Private`pb$21522, Parallel`Kernels`Private`rd$21522], Parallel`Kernels`Private`sk[Parallel`Kernels`Private`q$21523, Parallel`Kernels`Private`n0$21523, Parallel`Kernels`Private`n1$21523]]]
NIntegrate::ncvb: NIntegrate failed to converge to prescribed accuracy after 2 recursive bisections in yD near {xD, yD} = {0.0496103, 0.0260823}. NIntegrate obtained 0.00332097 and 0.0000291075 for the integral and error estimates.
a = -1045e-4
Time consumption: 5.151789581666667
MaxMemUse :142.5931167602539 MB
Configured Kernels: {SubKernels`LocalKernels`LocalMachine[4, SubKernels`LocalKernels`LowerPriority -> True]}
Processor Count: 4
Modules loaded ...
4 Kernels launched ...
Run started at Sat 17 Apr 2021 03:41:03, Bins: {155, 178}
StringForm[From `1`:, Parallel`Kernels`kernel[Parallel`Kernels`Private`bk[SubKernels`LocalKernels`localKernel[SubKernels`LocalKernels`Private`lk[LinkObject[/usr/local/Wolfram/Mathematica/12.0/Executables/wolfram -subkernel -noinit -nopaclet -wstp, 206, 3], {/usr/local/Wolfram/Mathematica/12.0/Executables/wolfram -subkernel -noinit -nopaclet -wstp}, SubKernels`LocalKernels`Private`speed$21378, SubKernels`LocalKernels`Private`preemptive$21378]], Parallel`Kernels`Private`id$21391, Parallel`Kernels`Private`name$21391], Parallel`Kernels`Private`ek[Parallel`Kernels`Private`nev$21392, Parallel`Kernels`Private`pb$21392, Parallel`Kernels`Private`rd$21392], Parallel`Kernels`Private`sk[Parallel`Kernels`Private`q$21393, Parallel`Kernels`Private`n0$21393, Parallel`Kernels`Private`n1$21393]]]
                                                                                                                                                                                                 -6
NIntegrate::ncvb: NIntegrate failed to converge to prescribed accuracy after 2 recursive bisections in yD near {xD, yD} = {0.0523052, -0.0157374}. NIntegrate obtained 0.000127718 and 7.54404 10   for the integral and error estimates.
StringForm[From `1`:, Parallel`Kernels`kernel[Parallel`Kernels`Private`bk[SubKernels`LocalKernels`localKernel[SubKernels`LocalKernels`Private`lk[LinkObject[/usr/local/Wolfram/Mathematica/12.0/Executables/wolfram -subkernel -noinit -nopaclet -wstp, 206, 3], {/usr/local/Wolfram/Mathematica/12.0/Executables/wolfram -subkernel -noinit -nopaclet -wstp}, SubKernels`LocalKernels`Private`speed$21378, SubKernels`LocalKernels`Private`preemptive$21378]], Parallel`Kernels`Private`id$21391, Parallel`Kernels`Private`name$21391], Parallel`Kernels`Private`ek[Parallel`Kernels`Private`nev$21392, Parallel`Kernels`Private`pb$21392, Parallel`Kernels`Private`rd$21392], Parallel`Kernels`Private`sk[Parallel`Kernels`Private`q$21393, Parallel`Kernels`Private`n0$21393, Parallel`Kernels`Private`n1$21393]]]
NIntegrate::ncvb: NIntegrate failed to converge to prescribed accuracy after 2 recursive bisections in yD near {xD, yD} = {0.0521103, 0.0242641}. NIntegrate obtained 0.000511313 and 0.0000103138 for the integral and error estimates.
a = -1045e-4
Time consumption: 2.2144149158333333
MaxMemUse :142.58679962158203 MB
Configured Kernels: {SubKernels`LocalKernels`LocalMachine[4, SubKernels`LocalKernels`LowerPriority -> True]}
Processor Count: 4
Modules loaded ...
4 Kernels launched ...
Run started at Sat 17 Apr 2021 05:53:55, Bins: {179, 264}
StringForm[From `1`:, Parallel`Kernels`kernel[Parallel`Kernels`Private`bk[SubKernels`LocalKernels`localKernel[SubKernels`LocalKernels`Private`lk[LinkObject[/usr/local/Wolfram/Mathematica/12.0/Executables/wolfram -subkernel -noinit -nopaclet -wstp, 207, 4], {/usr/local/Wolfram/Mathematica/12.0/Executables/wolfram -subkernel -noinit -nopaclet -wstp}, SubKernels`LocalKernels`Private`speed$21394, SubKernels`LocalKernels`Private`preemptive$21394]], Parallel`Kernels`Private`id$21410, Parallel`Kernels`Private`name$21410], Parallel`Kernels`Private`ek[Parallel`Kernels`Private`nev$21411, Parallel`Kernels`Private`pb$21411, Parallel`Kernels`Private`rd$21411], Parallel`Kernels`Private`sk[Parallel`Kernels`Private`q$21412, Parallel`Kernels`Private`n0$21412, Parallel`Kernels`Private`n1$21412]]]
                                                                                                                                                                                   1    9                 3   1                    1    7    3
NIntegrate::inumr: The integrand Step1IntShift[-0.1045, -0.022727, 0.075, {phiDet, th0}, {3.14227, 0.976, 0.902, 0.937, 0.88, 1.29, 1.792}, {0, 0.002873, 0.001518, 0, 0.006234}, {--, ---, 0.9, 0, -0.9, --, --, 0.9, 0, -0.9}, {---, ---, ---, 0}, {GlobalAdaptive, Method -> MultidimensionalRule}, 4, 2, 0, 2] has evaluated to non-numerical values for all sampling points in the region with boundaries {{0., 0.776557}, {-3.14159, 3.14159}}.
                                                                                                                                                                                   10  100                50  20                  100  200  100
StringForm[From `1`:, Parallel`Kernels`kernel[Parallel`Kernels`Private`bk[SubKernels`LocalKernels`localKernel[SubKernels`LocalKernels`Private`lk[LinkObject[/usr/local/Wolfram/Mathematica/12.0/Executables/wolfram -subkernel -noinit -nopaclet -wstp, 207, 4], {/usr/local/Wolfram/Mathematica/12.0/Executables/wolfram -subkernel -noinit -nopaclet -wstp}, SubKernels`LocalKernels`Private`speed$21394, SubKernels`LocalKernels`Private`preemptive$21394]], Parallel`Kernels`Private`id$21410, Parallel`Kernels`Private`name$21410], Parallel`Kernels`Private`ek[Parallel`Kernels`Private`nev$21411, Parallel`Kernels`Private`pb$21411, Parallel`Kernels`Private`rd$21411], Parallel`Kernels`Private`sk[Parallel`Kernels`Private`q$21412, Parallel`Kernels`Private`n0$21412, Parallel`Kernels`Private`n1$21412]]]
                                                                                                                                                                                   1    9                 3   1                    1    7    3
NIntegrate::inumr: The integrand Step1IntShift[-0.1045, -0.022727, 0.075, {phiDet, th0}, {3.14227, 0.976, 0.902, 0.937, 0.88, 1.29, 1.792}, {0, 0.002873, 0.001518, 0, 0.006234}, {--, ---, 0.9, 0, -0.9, --, --, 0.9, 0, -0.9}, {---, ---, ---, 0}, {GlobalAdaptive, Method -> MultidimensionalRule}, 4, 2, 0, 2] has evaluated to non-numerical values for all sampling points in the region with boundaries {{0., 0.776557}, {-3.14159, 3.14159}}.
                                                                                                                                                                                   10  100                50  20                  100  200  100
StringForm[From `1`:, Parallel`Kernels`kernel[Parallel`Kernels`Private`bk[SubKernels`LocalKernels`localKernel[SubKernels`LocalKernels`Private`lk[LinkObject[/usr/local/Wolfram/Mathematica/12.0/Executables/wolfram -subkernel -noinit -nopaclet -wstp, 207, 4], {/usr/local/Wolfram/Mathematica/12.0/Executables/wolfram -subkernel -noinit -nopaclet -wstp}, SubKernels`LocalKernels`Private`speed$21394, SubKernels`LocalKernels`Private`preemptive$21394]], Parallel`Kernels`Private`id$21410, Parallel`Kernels`Private`name$21410], Parallel`Kernels`Private`ek[Parallel`Kernels`Private`nev$21411, Parallel`Kernels`Private`pb$21411, Parallel`Kernels`Private`rd$21411], Parallel`Kernels`Private`sk[Parallel`Kernels`Private`q$21412, Parallel`Kernels`Private`n0$21412, Parallel`Kernels`Private`n1$21412]]]
                                                                                                                                                                                   1    9                 3   1                    1    7    3
NIntegrate::inumr: The integrand Step1IntShift[-0.1045, -0.022727, 0.075, {phiDet, th0}, {3.14227, 0.976, 0.902, 0.937, 0.88, 1.29, 1.792}, {0, 0.002873, 0.001518, 0, 0.006234}, {--, ---, 0.9, 0, -0.9, --, --, 0.9, 0, -0.9}, {---, ---, ---, 0}, {GlobalAdaptive, Method -> MultidimensionalRule}, 4, 2, 0, 2] has evaluated to non-numerical values for all sampling points in the region with boundaries {{0., 0.776557}, {-3.14159, 3.14159}}.
                                                                                                                                                                                   10  100                50  20                  100  200  100
StringForm[From `1`:, Parallel`Kernels`kernel[Parallel`Kernels`Private`bk[SubKernels`LocalKernels`localKernel[SubKernels`LocalKernels`Private`lk[LinkObject[/usr/local/Wolfram/Mathematica/12.0/Executables/wolfram -subkernel -noinit -nopaclet -wstp, 207, 4], {/usr/local/Wolfram/Mathematica/12.0/Executables/wolfram -subkernel -noinit -nopaclet -wstp}, SubKernels`LocalKernels`Private`speed$21394, SubKernels`LocalKernels`Private`preemptive$21394]], Parallel`Kernels`Private`id$21410, Parallel`Kernels`Private`name$21410], Parallel`Kernels`Private`ek[Parallel`Kernels`Private`nev$21411, Parallel`Kernels`Private`pb$21411, Parallel`Kernels`Private`rd$21411], Parallel`Kernels`Private`sk[Parallel`Kernels`Private`q$21412, Parallel`Kernels`Private`n0$21412, Parallel`Kernels`Private`n1$21412]]]
General::stop: Further output of NIntegrate::inumr will be suppressed during this calculation.
StringForm[From `1`:, Parallel`Kernels`kernel[Parallel`Kernels`Private`bk[SubKernels`LocalKernels`localKernel[SubKernels`LocalKernels`Private`lk[LinkObject[/usr/local/Wolfram/Mathematica/12.0/Executables/wolfram -subkernel -noinit -nopaclet -wstp, 206, 3], {/usr/local/Wolfram/Mathematica/12.0/Executables/wolfram -subkernel -noinit -nopaclet -wstp}, SubKernels`LocalKernels`Private`speed$21393, SubKernels`LocalKernels`Private`preemptive$21393]], Parallel`Kernels`Private`id$21406, Parallel`Kernels`Private`name$21406], Parallel`Kernels`Private`ek[Parallel`Kernels`Private`nev$21407, Parallel`Kernels`Private`pb$21407, Parallel`Kernels`Private`rd$21407], Parallel`Kernels`Private`sk[Parallel`Kernels`Private`q$21408, Parallel`Kernels`Private`n0$21408, Parallel`Kernels`Private`n1$21408]]]
                                                                                                                                                                                   1    9                 3   1                    1    7    3
NIntegrate::inumr: The integrand Step1IntShift[-0.1045, -0.015454, 0.075, {phiDet, th0}, {3.14227, 0.976, 0.902, 0.937, 0.88, 1.29, 1.792}, {0, 0.002873, 0.001518, 0, 0.006234}, {--, ---, 0.9, 0, -0.9, --, --, 0.9, 0, -0.9}, {---, ---, ---, 0}, {GlobalAdaptive, Method -> MultidimensionalRule}, 4, 2, 0, 2] has evaluated to non-numerical values for all sampling points in the region with boundaries {{0., 0.776557}, {-3.14159, 3.14159}}.
                                                                                                                                                                                   10  100                50  20                  100  200  100
StringForm[From `1`:, Parallel`Kernels`kernel[Parallel`Kernels`Private`bk[SubKernels`LocalKernels`localKernel[SubKernels`LocalKernels`Private`lk[LinkObject[/usr/local/Wolfram/Mathematica/12.0/Executables/wolfram -subkernel -noinit -nopaclet -wstp, 206, 3], {/usr/local/Wolfram/Mathematica/12.0/Executables/wolfram -subkernel -noinit -nopaclet -wstp}, SubKernels`LocalKernels`Private`speed$21393, SubKernels`LocalKernels`Private`preemptive$21393]], Parallel`Kernels`Private`id$21406, Parallel`Kernels`Private`name$21406], Parallel`Kernels`Private`ek[Parallel`Kernels`Private`nev$21407, Parallel`Kernels`Private`pb$21407, Parallel`Kernels`Private`rd$21407], Parallel`Kernels`Private`sk[Parallel`Kernels`Private`q$21408, Parallel`Kernels`Private`n0$21408, Parallel`Kernels`Private`n1$21408]]]
                                                                                                                                                                                   1    9                 3   1                    1    7    3
NIntegrate::inumr: The integrand Step1IntShift[-0.1045, -0.015454, 0.075, {phiDet, th0}, {3.14227, 0.976, 0.902, 0.937, 0.88, 1.29, 1.792}, {0, 0.002873, 0.001518, 0, 0.006234}, {--, ---, 0.9, 0, -0.9, --, --, 0.9, 0, -0.9}, {---, ---, ---, 0}, {GlobalAdaptive, Method -> MultidimensionalRule}, 4, 2, 0, 2] has evaluated to non-numerical values for all sampling points in the region with boundaries {{0., 0.776557}, {-3.14159, 3.14159}}.
                                                                                                                                                                                   10  100                50  20                  100  200  100
StringForm[From `1`:, Parallel`Kernels`kernel[Parallel`Kernels`Private`bk[SubKernels`LocalKernels`localKernel[SubKernels`LocalKernels`Private`lk[LinkObject[/usr/local/Wolfram/Mathematica/12.0/Executables/wolfram -subkernel -noinit -nopaclet -wstp, 206, 3], {/usr/local/Wolfram/Mathematica/12.0/Executables/wolfram -subkernel -noinit -nopaclet -wstp}, SubKernels`LocalKernels`Private`speed$21393, SubKernels`LocalKernels`Private`preemptive$21393]], Parallel`Kernels`Private`id$21406, Parallel`Kernels`Private`name$21406], Parallel`Kernels`Private`ek[Parallel`Kernels`Private`nev$21407, Parallel`Kernels`Private`pb$21407, Parallel`Kernels`Private`rd$21407], Parallel`Kernels`Private`sk[Parallel`Kernels`Private`q$21408, Parallel`Kernels`Private`n0$21408, Parallel`Kernels`Private`n1$21408]]]
                                                                                                                                                                                   1    9                 3   1                    1    7    3
NIntegrate::inumr: The integrand Step1IntShift[-0.1045, -0.015454, 0.075, {phiDet, th0}, {3.14227, 0.976, 0.902, 0.937, 0.88, 1.29, 1.792}, {0, 0.002873, 0.001518, 0, 0.006234}, {--, ---, 0.9, 0, -0.9, --, --, 0.9, 0, -0.9}, {---, ---, ---, 0}, {GlobalAdaptive, Method -> MultidimensionalRule}, 4, 2, 0, 2] has evaluated to non-numerical values for all sampling points in the region with boundaries {{0., 0.776557}, {-3.14159, 3.14159}}.
                                                                                                                                                                                   10  100                50  20                  100  200  100
StringForm[From `1`:, Parallel`Kernels`kernel[Parallel`Kernels`Private`bk[SubKernels`LocalKernels`localKernel[SubKernels`LocalKernels`Private`lk[LinkObject[/usr/local/Wolfram/Mathematica/12.0/Executables/wolfram -subkernel -noinit -nopaclet -wstp, 206, 3], {/usr/local/Wolfram/Mathematica/12.0/Executables/wolfram -subkernel -noinit -nopaclet -wstp}, SubKernels`LocalKernels`Private`speed$21393, SubKernels`LocalKernels`Private`preemptive$21393]], Parallel`Kernels`Private`id$21406, Parallel`Kernels`Private`name$21406], Parallel`Kernels`Private`ek[Parallel`Kernels`Private`nev$21407, Parallel`Kernels`Private`pb$21407, Parallel`Kernels`Private`rd$21407], Parallel`Kernels`Private`sk[Parallel`Kernels`Private`q$21408, Parallel`Kernels`Private`n0$21408, Parallel`Kernels`Private`n1$21408]]]
General::stop: Further output of NIntegrate::inumr will be suppressed during this calculation.
StringForm[From `1`:, Parallel`Kernels`kernel[Parallel`Kernels`Private`bk[SubKernels`LocalKernels`localKernel[SubKernels`LocalKernels`Private`lk[LinkObject[/usr/local/Wolfram/Mathematica/12.0/Executables/wolfram -subkernel -noinit -nopaclet -wstp, 205, 2], {/usr/local/Wolfram/Mathematica/12.0/Executables/wolfram -subkernel -noinit -nopaclet -wstp}, SubKernels`LocalKernels`Private`speed$21392, SubKernels`LocalKernels`Private`preemptive$21392]], Parallel`Kernels`Private`id$21402, Parallel`Kernels`Private`name$21402], Parallel`Kernels`Private`ek[Parallel`Kernels`Private`nev$21403, Parallel`Kernels`Private`pb$21403, Parallel`Kernels`Private`rd$21403], Parallel`Kernels`Private`sk[Parallel`Kernels`Private`q$21404, Parallel`Kernels`Private`n0$21404, Parallel`Kernels`Private`n1$21404]]]
                                                                                                                                                                                   1    9                 3   1                    1    7    3
NIntegrate::inumr: The integrand Step1IntShift[-0.1045, -0.008181, 0.075, {phiDet, th0}, {3.14227, 0.976, 0.902, 0.937, 0.88, 1.29, 1.792}, {0, 0.002873, 0.001518, 0, 0.006234}, {--, ---, 0.9, 0, -0.9, --, --, 0.9, 0, -0.9}, {---, ---, ---, 0}, {GlobalAdaptive, Method -> MultidimensionalRule}, 4, 2, 0, 2] has evaluated to non-numerical values for all sampling points in the region with boundaries {{0., 0.776557}, {-3.14159, 3.14159}}.
                                                                                                                                                                                   10  100                50  20                  100  200  100
StringForm[From `1`:, Parallel`Kernels`kernel[Parallel`Kernels`Private`bk[SubKernels`LocalKernels`localKernel[SubKernels`LocalKernels`Private`lk[LinkObject[/usr/local/Wolfram/Mathematica/12.0/Executables/wolfram -subkernel -noinit -nopaclet -wstp, 205, 2], {/usr/local/Wolfram/Mathematica/12.0/Executables/wolfram -subkernel -noinit -nopaclet -wstp}, SubKernels`LocalKernels`Private`speed$21392, SubKernels`LocalKernels`Private`preemptive$21392]], Parallel`Kernels`Private`id$21402, Parallel`Kernels`Private`name$21402], Parallel`Kernels`Private`ek[Parallel`Kernels`Private`nev$21403, Parallel`Kernels`Private`pb$21403, Parallel`Kernels`Private`rd$21403], Parallel`Kernels`Private`sk[Parallel`Kernels`Private`q$21404, Parallel`Kernels`Private`n0$21404, Parallel`Kernels`Private`n1$21404]]]
                                                                                                                                                                                   1    9                 3   1                    1    7    3
NIntegrate::inumr: The integrand Step1IntShift[-0.1045, -0.008181, 0.075, {phiDet, th0}, {3.14227, 0.976, 0.902, 0.937, 0.88, 1.29, 1.792}, {0, 0.002873, 0.001518, 0, 0.006234}, {--, ---, 0.9, 0, -0.9, --, --, 0.9, 0, -0.9}, {---, ---, ---, 0}, {GlobalAdaptive, Method -> MultidimensionalRule}, 4, 2, 0, 2] has evaluated to non-numerical values for all sampling points in the region with boundaries {{0., 0.776557}, {-3.14159, 3.14159}}.
                                                                                                                                                                                   10  100                50  20                  100  200  100
StringForm[From `1`:, Parallel`Kernels`kernel[Parallel`Kernels`Private`bk[SubKernels`LocalKernels`localKernel[SubKernels`LocalKernels`Private`lk[LinkObject[/usr/local/Wolfram/Mathematica/12.0/Executables/wolfram -subkernel -noinit -nopaclet -wstp, 205, 2], {/usr/local/Wolfram/Mathematica/12.0/Executables/wolfram -subkernel -noinit -nopaclet -wstp}, SubKernels`LocalKernels`Private`speed$21392, SubKernels`LocalKernels`Private`preemptive$21392]], Parallel`Kernels`Private`id$21402, Parallel`Kernels`Private`name$21402], Parallel`Kernels`Private`ek[Parallel`Kernels`Private`nev$21403, Parallel`Kernels`Private`pb$21403, Parallel`Kernels`Private`rd$21403], Parallel`Kernels`Private`sk[Parallel`Kernels`Private`q$21404, Parallel`Kernels`Private`n0$21404, Parallel`Kernels`Private`n1$21404]]]
                                                                                                                                                                                   1    9                 3   1                    1    7    3
NIntegrate::inumr: The integrand Step1IntShift[-0.1045, -0.008181, 0.075, {phiDet, th0}, {3.14227, 0.976, 0.902, 0.937, 0.88, 1.29, 1.792}, {0, 0.002873, 0.001518, 0, 0.006234}, {--, ---, 0.9, 0, -0.9, --, --, 0.9, 0, -0.9}, {---, ---, ---, 0}, {GlobalAdaptive, Method -> MultidimensionalRule}, 4, 2, 0, 2] has evaluated to non-numerical values for all sampling points in the region with boundaries {{0., 0.776557}, {-3.14159, 3.14159}}.
                                                                                                                                                                                   10  100                50  20                  100  200  100
StringForm[From `1`:, Parallel`Kernels`kernel[Parallel`Kernels`Private`bk[SubKernels`LocalKernels`localKernel[SubKernels`LocalKernels`Private`lk[LinkObject[/usr/local/Wolfram/Mathematica/12.0/Executables/wolfram -subkernel -noinit -nopaclet -wstp, 205, 2], {/usr/local/Wolfram/Mathematica/12.0/Executables/wolfram -subkernel -noinit -nopaclet -wstp}, SubKernels`LocalKernels`Private`speed$21392, SubKernels`LocalKernels`Private`preemptive$21392]], Parallel`Kernels`Private`id$21402, Parallel`Kernels`Private`name$21402], Parallel`Kernels`Private`ek[Parallel`Kernels`Private`nev$21403, Parallel`Kernels`Private`pb$21403, Parallel`Kernels`Private`rd$21403], Parallel`Kernels`Private`sk[Parallel`Kernels`Private`q$21404, Parallel`Kernels`Private`n0$21404, Parallel`Kernels`Private`n1$21404]]]
General::stop: Further output of NIntegrate::inumr will be suppressed during this calculation.
StringForm[From `1`:, Parallel`Kernels`kernel[Parallel`Kernels`Private`bk[SubKernels`LocalKernels`localKernel[SubKernels`LocalKernels`Private`lk[LinkObject[/usr/local/Wolfram/Mathematica/12.0/Executables/wolfram -subkernel -noinit -nopaclet -wstp, 204, 1], {/usr/local/Wolfram/Mathematica/12.0/Executables/wolfram -subkernel -noinit -nopaclet -wstp}, SubKernels`LocalKernels`Private`speed$21391, SubKernels`LocalKernels`Private`preemptive$21391]], Parallel`Kernels`Private`id$21398, Parallel`Kernels`Private`name$21398], Parallel`Kernels`Private`ek[Parallel`Kernels`Private`nev$21399, Parallel`Kernels`Private`pb$21399, Parallel`Kernels`Private`rd$21399], Parallel`Kernels`Private`sk[Parallel`Kernels`Private`q$21400, Parallel`Kernels`Private`n0$21400, Parallel`Kernels`Private`n1$21400]]]
                                                                                                                                                                                   1    9                 3   1                    1    7    3
NIntegrate::inumr: The integrand Step1IntShift[-0.1045, -0.000908, 0.075, {phiDet, th0}, {3.14227, 0.976, 0.902, 0.937, 0.88, 1.29, 1.792}, {0, 0.002873, 0.001518, 0, 0.006234}, {--, ---, 0.9, 0, -0.9, --, --, 0.9, 0, -0.9}, {---, ---, ---, 0}, {GlobalAdaptive, Method -> MultidimensionalRule}, 4, 2, 0, 2] has evaluated to non-numerical values for all sampling points in the region with boundaries {{0., 0.776557}, {-3.14159, 3.14159}}.
                                                                                                                                                                                   10  100                50  20                  100  200  100
StringForm[From `1`:, Parallel`Kernels`kernel[Parallel`Kernels`Private`bk[SubKernels`LocalKernels`localKernel[SubKernels`LocalKernels`Private`lk[LinkObject[/usr/local/Wolfram/Mathematica/12.0/Executables/wolfram -subkernel -noinit -nopaclet -wstp, 204, 1], {/usr/local/Wolfram/Mathematica/12.0/Executables/wolfram -subkernel -noinit -nopaclet -wstp}, SubKernels`LocalKernels`Private`speed$21391, SubKernels`LocalKernels`Private`preemptive$21391]], Parallel`Kernels`Private`id$21398, Parallel`Kernels`Private`name$21398], Parallel`Kernels`Private`ek[Parallel`Kernels`Private`nev$21399, Parallel`Kernels`Private`pb$21399, Parallel`Kernels`Private`rd$21399], Parallel`Kernels`Private`sk[Parallel`Kernels`Private`q$21400, Parallel`Kernels`Private`n0$21400, Parallel`Kernels`Private`n1$21400]]]
                                                                                                                                                                                   1    9                 3   1                    1    7    3
NIntegrate::inumr: The integrand Step1IntShift[-0.1045, -0.000908, 0.075, {phiDet, th0}, {3.14227, 0.976, 0.902, 0.937, 0.88, 1.29, 1.792}, {0, 0.002873, 0.001518, 0, 0.006234}, {--, ---, 0.9, 0, -0.9, --, --, 0.9, 0, -0.9}, {---, ---, ---, 0}, {GlobalAdaptive, Method -> MultidimensionalRule}, 4, 2, 0, 2] has evaluated to non-numerical values for all sampling points in the region with boundaries {{0., 0.776557}, {-3.14159, 3.14159}}.
                                                                                                                                                                                   10  100                50  20                  100  200  100
StringForm[From `1`:, Parallel`Kernels`kernel[Parallel`Kernels`Private`bk[SubKernels`LocalKernels`localKernel[SubKernels`LocalKernels`Private`lk[LinkObject[/usr/local/Wolfram/Mathematica/12.0/Executables/wolfram -subkernel -noinit -nopaclet -wstp, 204, 1], {/usr/local/Wolfram/Mathematica/12.0/Executables/wolfram -subkernel -noinit -nopaclet -wstp}, SubKernels`LocalKernels`Private`speed$21391, SubKernels`LocalKernels`Private`preemptive$21391]], Parallel`Kernels`Private`id$21398, Parallel`Kernels`Private`name$21398], Parallel`Kernels`Private`ek[Parallel`Kernels`Private`nev$21399, Parallel`Kernels`Private`pb$21399, Parallel`Kernels`Private`rd$21399], Parallel`Kernels`Private`sk[Parallel`Kernels`Private`q$21400, Parallel`Kernels`Private`n0$21400, Parallel`Kernels`Private`n1$21400]]]
                                                                                                                                                                                   1    9                 3   1                    1    7    3
NIntegrate::inumr: The integrand Step1IntShift[-0.1045, -0.000908, 0.075, {phiDet, th0}, {3.14227, 0.976, 0.902, 0.937, 0.88, 1.29, 1.792}, {0, 0.002873, 0.001518, 0, 0.006234}, {--, ---, 0.9, 0, -0.9, --, --, 0.9, 0, -0.9}, {---, ---, ---, 0}, {GlobalAdaptive, Method -> MultidimensionalRule}, 4, 2, 0, 2] has evaluated to non-numerical values for all sampling points in the region with boundaries {{0., 0.776557}, {-3.14159, 3.14159}}.
                                                                                                                                                                                   10  100                50  20                  100  200  100
StringForm[From `1`:, Parallel`Kernels`kernel[Parallel`Kernels`Private`bk[SubKernels`LocalKernels`localKernel[SubKernels`LocalKernels`Private`lk[LinkObject[/usr/local/Wolfram/Mathematica/12.0/Executables/wolfram -subkernel -noinit -nopaclet -wstp, 204, 1], {/usr/local/Wolfram/Mathematica/12.0/Executables/wolfram -subkernel -noinit -nopaclet -wstp}, SubKernels`LocalKernels`Private`speed$21391, SubKernels`LocalKernels`Private`preemptive$21391]], Parallel`Kernels`Private`id$21398, Parallel`Kernels`Private`name$21398], Parallel`Kernels`Private`ek[Parallel`Kernels`Private`nev$21399, Parallel`Kernels`Private`pb$21399, Parallel`Kernels`Private`rd$21399], Parallel`Kernels`Private`sk[Parallel`Kernels`Private`q$21400, Parallel`Kernels`Private`n0$21400, Parallel`Kernels`Private`n1$21400]]]
General::stop: Further output of NIntegrate::inumr will be suppressed during this calculation.
StringForm[From `1`:, Parallel`Kernels`kernel[Parallel`Kernels`Private`bk[SubKernels`LocalKernels`localKernel[SubKernels`LocalKernels`Private`lk[LinkObject[/usr/local/Wolfram/Mathematica/12.0/Executables/wolfram -subkernel -noinit -nopaclet -wstp, 207, 4], {/usr/local/Wolfram/Mathematica/12.0/Executables/wolfram -subkernel -noinit -nopaclet -wstp}, SubKernels`LocalKernels`Private`speed$21394, SubKernels`LocalKernels`Private`preemptive$21394]], Parallel`Kernels`Private`id$21410, Parallel`Kernels`Private`name$21410], Parallel`Kernels`Private`ek[Parallel`Kernels`Private`nev$21411, Parallel`Kernels`Private`pb$21411, Parallel`Kernels`Private`rd$21411], Parallel`Kernels`Private`sk[Parallel`Kernels`Private`q$21412, Parallel`Kernels`Private`n0$21412, Parallel`Kernels`Private`n1$21412]]]
                                                                                                                                                                                  1    9                 3   1                    1    7    3
NIntegrate::inumr: The integrand Step1IntShift[-0.1045, 0.006365, 0.075, {phiDet, th0}, {3.14227, 0.976, 0.902, 0.937, 0.88, 1.29, 1.792}, {0, 0.002873, 0.001518, 0, 0.006234}, {--, ---, 0.9, 0, -0.9, --, --, 0.9, 0, -0.9}, {---, ---, ---, 0}, {GlobalAdaptive, Method -> MultidimensionalRule}, 4, 2, 0, 2] has evaluated to non-numerical values for all sampling points in the region with boundaries {{0., 0.776557}, {-3.14159, 3.14159}}.
                                                                                                                                                                                  10  100                50  20                  100  200  100
StringForm[From `1`:, Parallel`Kernels`kernel[Parallel`Kernels`Private`bk[SubKernels`LocalKernels`localKernel[SubKernels`LocalKernels`Private`lk[LinkObject[/usr/local/Wolfram/Mathematica/12.0/Executables/wolfram -subkernel -noinit -nopaclet -wstp, 207, 4], {/usr/local/Wolfram/Mathematica/12.0/Executables/wolfram -subkernel -noinit -nopaclet -wstp}, SubKernels`LocalKernels`Private`speed$21394, SubKernels`LocalKernels`Private`preemptive$21394]], Parallel`Kernels`Private`id$21410, Parallel`Kernels`Private`name$21410], Parallel`Kernels`Private`ek[Parallel`Kernels`Private`nev$21411, Parallel`Kernels`Private`pb$21411, Parallel`Kernels`Private`rd$21411], Parallel`Kernels`Private`sk[Parallel`Kernels`Private`q$21412, Parallel`Kernels`Private`n0$21412, Parallel`Kernels`Private`n1$21412]]]
                                                                                                                                                                                  1    9                 3   1                    1    7    3
NIntegrate::inumr: The integrand Step1IntShift[-0.1045, 0.006365, 0.075, {phiDet, th0}, {3.14227, 0.976, 0.902, 0.937, 0.88, 1.29, 1.792}, {0, 0.002873, 0.001518, 0, 0.006234}, {--, ---, 0.9, 0, -0.9, --, --, 0.9, 0, -0.9}, {---, ---, ---, 0}, {GlobalAdaptive, Method -> MultidimensionalRule}, 4, 2, 0, 2] has evaluated to non-numerical values for all sampling points in the region with boundaries {{0., 0.776557}, {-3.14159, 3.14159}}.
                                                                                                                                                                                  10  100                50  20                  100  200  100
StringForm[From `1`:, Parallel`Kernels`kernel[Parallel`Kernels`Private`bk[SubKernels`LocalKernels`localKernel[SubKernels`LocalKernels`Private`lk[LinkObject[/usr/local/Wolfram/Mathematica/12.0/Executables/wolfram -subkernel -noinit -nopaclet -wstp, 207, 4], {/usr/local/Wolfram/Mathematica/12.0/Executables/wolfram -subkernel -noinit -nopaclet -wstp}, SubKernels`LocalKernels`Private`speed$21394, SubKernels`LocalKernels`Private`preemptive$21394]], Parallel`Kernels`Private`id$21410, Parallel`Kernels`Private`name$21410], Parallel`Kernels`Private`ek[Parallel`Kernels`Private`nev$21411, Parallel`Kernels`Private`pb$21411, Parallel`Kernels`Private`rd$21411], Parallel`Kernels`Private`sk[Parallel`Kernels`Private`q$21412, Parallel`Kernels`Private`n0$21412, Parallel`Kernels`Private`n1$21412]]]
                                                                                                                                                                                  1    9                 3   1                    1    7    3
NIntegrate::inumr: The integrand Step1IntShift[-0.1045, 0.006365, 0.075, {phiDet, th0}, {3.14227, 0.976, 0.902, 0.937, 0.88, 1.29, 1.792}, {0, 0.002873, 0.001518, 0, 0.006234}, {--, ---, 0.9, 0, -0.9, --, --, 0.9, 0, -0.9}, {---, ---, ---, 0}, {GlobalAdaptive, Method -> MultidimensionalRule}, 4, 2, 0, 2] has evaluated to non-numerical values for all sampling points in the region with boundaries {{0., 0.776557}, {-3.14159, 3.14159}}.
                                                                                                                                                                                  10  100                50  20                  100  200  100
StringForm[From `1`:, Parallel`Kernels`kernel[Parallel`Kernels`Private`bk[SubKernels`LocalKernels`localKernel[SubKernels`LocalKernels`Private`lk[LinkObject[/usr/local/Wolfram/Mathematica/12.0/Executables/wolfram -subkernel -noinit -nopaclet -wstp, 207, 4], {/usr/local/Wolfram/Mathematica/12.0/Executables/wolfram -subkernel -noinit -nopaclet -wstp}, SubKernels`LocalKernels`Private`speed$21394, SubKernels`LocalKernels`Private`preemptive$21394]], Parallel`Kernels`Private`id$21410, Parallel`Kernels`Private`name$21410], Parallel`Kernels`Private`ek[Parallel`Kernels`Private`nev$21411, Parallel`Kernels`Private`pb$21411, Parallel`Kernels`Private`rd$21411], Parallel`Kernels`Private`sk[Parallel`Kernels`Private`q$21412, Parallel`Kernels`Private`n0$21412, Parallel`Kernels`Private`n1$21412]]]
General::stop: Further output of NIntegrate::inumr will be suppressed during this calculation.
StringForm[From `1`:, Parallel`Kernels`kernel[Parallel`Kernels`Private`bk[SubKernels`LocalKernels`localKernel[SubKernels`LocalKernels`Private`lk[LinkObject[/usr/local/Wolfram/Mathematica/12.0/Executables/wolfram -subkernel -noinit -nopaclet -wstp, 206, 3], {/usr/local/Wolfram/Mathematica/12.0/Executables/wolfram -subkernel -noinit -nopaclet -wstp}, SubKernels`LocalKernels`Private`speed$21393, SubKernels`LocalKernels`Private`preemptive$21393]], Parallel`Kernels`Private`id$21406, Parallel`Kernels`Private`name$21406], Parallel`Kernels`Private`ek[Parallel`Kernels`Private`nev$21407, Parallel`Kernels`Private`pb$21407, Parallel`Kernels`Private`rd$21407], Parallel`Kernels`Private`sk[Parallel`Kernels`Private`q$21408, Parallel`Kernels`Private`n0$21408, Parallel`Kernels`Private`n1$21408]]]
                                                                                                                                                                                  1    9                 3   1                    1    7    3
NIntegrate::inumr: The integrand Step1IntShift[-0.1045, 0.013638, 0.075, {phiDet, th0}, {3.14227, 0.976, 0.902, 0.937, 0.88, 1.29, 1.792}, {0, 0.002873, 0.001518, 0, 0.006234}, {--, ---, 0.9, 0, -0.9, --, --, 0.9, 0, -0.9}, {---, ---, ---, 0}, {GlobalAdaptive, Method -> MultidimensionalRule}, 4, 2, 0, 2] has evaluated to non-numerical values for all sampling points in the region with boundaries {{0., 0.776557}, {-3.14159, 3.14159}}.
                                                                                                                                                                                  10  100                50  20                  100  200  100
StringForm[From `1`:, Parallel`Kernels`kernel[Parallel`Kernels`Private`bk[SubKernels`LocalKernels`localKernel[SubKernels`LocalKernels`Private`lk[LinkObject[/usr/local/Wolfram/Mathematica/12.0/Executables/wolfram -subkernel -noinit -nopaclet -wstp, 206, 3], {/usr/local/Wolfram/Mathematica/12.0/Executables/wolfram -subkernel -noinit -nopaclet -wstp}, SubKernels`LocalKernels`Private`speed$21393, SubKernels`LocalKernels`Private`preemptive$21393]], Parallel`Kernels`Private`id$21406, Parallel`Kernels`Private`name$21406], Parallel`Kernels`Private`ek[Parallel`Kernels`Private`nev$21407, Parallel`Kernels`Private`pb$21407, Parallel`Kernels`Private`rd$21407], Parallel`Kernels`Private`sk[Parallel`Kernels`Private`q$21408, Parallel`Kernels`Private`n0$21408, Parallel`Kernels`Private`n1$21408]]]
                                                                                                                                                                                  1    9                 3   1                    1    7    3
NIntegrate::inumr: The integrand Step1IntShift[-0.1045, 0.013638, 0.075, {phiDet, th0}, {3.14227, 0.976, 0.902, 0.937, 0.88, 1.29, 1.792}, {0, 0.002873, 0.001518, 0, 0.006234}, {--, ---, 0.9, 0, -0.9, --, --, 0.9, 0, -0.9}, {---, ---, ---, 0}, {GlobalAdaptive, Method -> MultidimensionalRule}, 4, 2, 0, 2] has evaluated to non-numerical values for all sampling points in the region with boundaries {{0., 0.776557}, {-3.14159, 3.14159}}.
                                                                                                                                                                                  10  100                50  20                  100  200  100
StringForm[From `1`:, Parallel`Kernels`kernel[Parallel`Kernels`Private`bk[SubKernels`LocalKernels`localKernel[SubKernels`LocalKernels`Private`lk[LinkObject[/usr/local/Wolfram/Mathematica/12.0/Executables/wolfram -subkernel -noinit -nopaclet -wstp, 206, 3], {/usr/local/Wolfram/Mathematica/12.0/Executables/wolfram -subkernel -noinit -nopaclet -wstp}, SubKernels`LocalKernels`Private`speed$21393, SubKernels`LocalKernels`Private`preemptive$21393]], Parallel`Kernels`Private`id$21406, Parallel`Kernels`Private`name$21406], Parallel`Kernels`Private`ek[Parallel`Kernels`Private`nev$21407, Parallel`Kernels`Private`pb$21407, Parallel`Kernels`Private`rd$21407], Parallel`Kernels`Private`sk[Parallel`Kernels`Private`q$21408, Parallel`Kernels`Private`n0$21408, Parallel`Kernels`Private`n1$21408]]]
                                                                                                                                                                                  1    9                 3   1                    1    7    3
NIntegrate::inumr: The integrand Step1IntShift[-0.1045, 0.013638, 0.075, {phiDet, th0}, {3.14227, 0.976, 0.902, 0.937, 0.88, 1.29, 1.792}, {0, 0.002873, 0.001518, 0, 0.006234}, {--, ---, 0.9, 0, -0.9, --, --, 0.9, 0, -0.9}, {---, ---, ---, 0}, {GlobalAdaptive, Method -> MultidimensionalRule}, 4, 2, 0, 2] has evaluated to non-numerical values for all sampling points in the region with boundaries {{0., 0.776557}, {-3.14159, 3.14159}}.
                                                                                                                                                                                  10  100                50  20                  100  200  100
StringForm[From `1`:, Parallel`Kernels`kernel[Parallel`Kernels`Private`bk[SubKernels`LocalKernels`localKernel[SubKernels`LocalKernels`Private`lk[LinkObject[/usr/local/Wolfram/Mathematica/12.0/Executables/wolfram -subkernel -noinit -nopaclet -wstp, 206, 3], {/usr/local/Wolfram/Mathematica/12.0/Executables/wolfram -subkernel -noinit -nopaclet -wstp}, SubKernels`LocalKernels`Private`speed$21393, SubKernels`LocalKernels`Private`preemptive$21393]], Parallel`Kernels`Private`id$21406, Parallel`Kernels`Private`name$21406], Parallel`Kernels`Private`ek[Parallel`Kernels`Private`nev$21407, Parallel`Kernels`Private`pb$21407, Parallel`Kernels`Private`rd$21407], Parallel`Kernels`Private`sk[Parallel`Kernels`Private`q$21408, Parallel`Kernels`Private`n0$21408, Parallel`Kernels`Private`n1$21408]]]
General::stop: Further output of NIntegrate::inumr will be suppressed during this calculation.
StringForm[From `1`:, Parallel`Kernels`kernel[Parallel`Kernels`Private`bk[SubKernels`LocalKernels`localKernel[SubKernels`LocalKernels`Private`lk[LinkObject[/usr/local/Wolfram/Mathematica/12.0/Executables/wolfram -subkernel -noinit -nopaclet -wstp, 205, 2], {/usr/local/Wolfram/Mathematica/12.0/Executables/wolfram -subkernel -noinit -nopaclet -wstp}, SubKernels`LocalKernels`Private`speed$21392, SubKernels`LocalKernels`Private`preemptive$21392]], Parallel`Kernels`Private`id$21402, Parallel`Kernels`Private`name$21402], Parallel`Kernels`Private`ek[Parallel`Kernels`Private`nev$21403, Parallel`Kernels`Private`pb$21403, Parallel`Kernels`Private`rd$21403], Parallel`Kernels`Private`sk[Parallel`Kernels`Private`q$21404, Parallel`Kernels`Private`n0$21404, Parallel`Kernels`Private`n1$21404]]]
                                                                                                                                                                                  1    9                 3   1                    1    7    3
NIntegrate::inumr: The integrand Step1IntShift[-0.1045, 0.020911, 0.075, {phiDet, th0}, {3.14227, 0.976, 0.902, 0.937, 0.88, 1.29, 1.792}, {0, 0.002873, 0.001518, 0, 0.006234}, {--, ---, 0.9, 0, -0.9, --, --, 0.9, 0, -0.9}, {---, ---, ---, 0}, {GlobalAdaptive, Method -> MultidimensionalRule}, 4, 2, 0, 2] has evaluated to non-numerical values for all sampling points in the region with boundaries {{0., 0.776557}, {-3.14159, 3.14159}}.
                                                                                                                                                                                  10  100                50  20                  100  200  100
StringForm[From `1`:, Parallel`Kernels`kernel[Parallel`Kernels`Private`bk[SubKernels`LocalKernels`localKernel[SubKernels`LocalKernels`Private`lk[LinkObject[/usr/local/Wolfram/Mathematica/12.0/Executables/wolfram -subkernel -noinit -nopaclet -wstp, 205, 2], {/usr/local/Wolfram/Mathematica/12.0/Executables/wolfram -subkernel -noinit -nopaclet -wstp}, SubKernels`LocalKernels`Private`speed$21392, SubKernels`LocalKernels`Private`preemptive$21392]], Parallel`Kernels`Private`id$21402, Parallel`Kernels`Private`name$21402], Parallel`Kernels`Private`ek[Parallel`Kernels`Private`nev$21403, Parallel`Kernels`Private`pb$21403, Parallel`Kernels`Private`rd$21403], Parallel`Kernels`Private`sk[Parallel`Kernels`Private`q$21404, Parallel`Kernels`Private`n0$21404, Parallel`Kernels`Private`n1$21404]]]
                                                                                                                                                                                  1    9                 3   1                    1    7    3
NIntegrate::inumr: The integrand Step1IntShift[-0.1045, 0.020911, 0.075, {phiDet, th0}, {3.14227, 0.976, 0.902, 0.937, 0.88, 1.29, 1.792}, {0, 0.002873, 0.001518, 0, 0.006234}, {--, ---, 0.9, 0, -0.9, --, --, 0.9, 0, -0.9}, {---, ---, ---, 0}, {GlobalAdaptive, Method -> MultidimensionalRule}, 4, 2, 0, 2] has evaluated to non-numerical values for all sampling points in the region with boundaries {{0., 0.776557}, {-3.14159, 3.14159}}.
                                                                                                                                                                                  10  100                50  20                  100  200  100
StringForm[From `1`:, Parallel`Kernels`kernel[Parallel`Kernels`Private`bk[SubKernels`LocalKernels`localKernel[SubKernels`LocalKernels`Private`lk[LinkObject[/usr/local/Wolfram/Mathematica/12.0/Executables/wolfram -subkernel -noinit -nopaclet -wstp, 205, 2], {/usr/local/Wolfram/Mathematica/12.0/Executables/wolfram -subkernel -noinit -nopaclet -wstp}, SubKernels`LocalKernels`Private`speed$21392, SubKernels`LocalKernels`Private`preemptive$21392]], Parallel`Kernels`Private`id$21402, Parallel`Kernels`Private`name$21402], Parallel`Kernels`Private`ek[Parallel`Kernels`Private`nev$21403, Parallel`Kernels`Private`pb$21403, Parallel`Kernels`Private`rd$21403], Parallel`Kernels`Private`sk[Parallel`Kernels`Private`q$21404, Parallel`Kernels`Private`n0$21404, Parallel`Kernels`Private`n1$21404]]]
                                                                                                                                                                                  1    9                 3   1                    1    7    3
NIntegrate::inumr: The integrand Step1IntShift[-0.1045, 0.020911, 0.075, {phiDet, th0}, {3.14227, 0.976, 0.902, 0.937, 0.88, 1.29, 1.792}, {0, 0.002873, 0.001518, 0, 0.006234}, {--, ---, 0.9, 0, -0.9, --, --, 0.9, 0, -0.9}, {---, ---, ---, 0}, {GlobalAdaptive, Method -> MultidimensionalRule}, 4, 2, 0, 2] has evaluated to non-numerical values for all sampling points in the region with boundaries {{0., 0.776557}, {-3.14159, 3.14159}}.
                                                                                                                                                                                  10  100                50  20                  100  200  100
StringForm[From `1`:, Parallel`Kernels`kernel[Parallel`Kernels`Private`bk[SubKernels`LocalKernels`localKernel[SubKernels`LocalKernels`Private`lk[LinkObject[/usr/local/Wolfram/Mathematica/12.0/Executables/wolfram -subkernel -noinit -nopaclet -wstp, 205, 2], {/usr/local/Wolfram/Mathematica/12.0/Executables/wolfram -subkernel -noinit -nopaclet -wstp}, SubKernels`LocalKernels`Private`speed$21392, SubKernels`LocalKernels`Private`preemptive$21392]], Parallel`Kernels`Private`id$21402, Parallel`Kernels`Private`name$21402], Parallel`Kernels`Private`ek[Parallel`Kernels`Private`nev$21403, Parallel`Kernels`Private`pb$21403, Parallel`Kernels`Private`rd$21403], Parallel`Kernels`Private`sk[Parallel`Kernels`Private`q$21404, Parallel`Kernels`Private`n0$21404, Parallel`Kernels`Private`n1$21404]]]
General::stop: Further output of NIntegrate::inumr will be suppressed during this calculation.
StringForm[From `1`:, Parallel`Kernels`kernel[Parallel`Kernels`Private`bk[SubKernels`LocalKernels`localKernel[SubKernels`LocalKernels`Private`lk[LinkObject[/usr/local/Wolfram/Mathematica/12.0/Executables/wolfram -subkernel -noinit -nopaclet -wstp, 204, 1], {/usr/local/Wolfram/Mathematica/12.0/Executables/wolfram -subkernel -noinit -nopaclet -wstp}, SubKernels`LocalKernels`Private`speed$21391, SubKernels`LocalKernels`Private`preemptive$21391]], Parallel`Kernels`Private`id$21398, Parallel`Kernels`Private`name$21398], Parallel`Kernels`Private`ek[Parallel`Kernels`Private`nev$21399, Parallel`Kernels`Private`pb$21399, Parallel`Kernels`Private`rd$21399], Parallel`Kernels`Private`sk[Parallel`Kernels`Private`q$21400, Parallel`Kernels`Private`n0$21400, Parallel`Kernels`Private`n1$21400]]]
                                                                                                                                                                                  1    9                 3   1                    1    7    3
NIntegrate::inumr: The integrand Step1IntShift[-0.1045, 0.028184, 0.075, {phiDet, th0}, {3.14227, 0.976, 0.902, 0.937, 0.88, 1.29, 1.792}, {0, 0.002873, 0.001518, 0, 0.006234}, {--, ---, 0.9, 0, -0.9, --, --, 0.9, 0, -0.9}, {---, ---, ---, 0}, {GlobalAdaptive, Method -> MultidimensionalRule}, 4, 2, 0, 2] has evaluated to non-numerical values for all sampling points in the region with boundaries {{0., 0.776557}, {-3.14159, 3.14159}}.
                                                                                                                                                                                  10  100                50  20                  100  200  100
StringForm[From `1`:, Parallel`Kernels`kernel[Parallel`Kernels`Private`bk[SubKernels`LocalKernels`localKernel[SubKernels`LocalKernels`Private`lk[LinkObject[/usr/local/Wolfram/Mathematica/12.0/Executables/wolfram -subkernel -noinit -nopaclet -wstp, 204, 1], {/usr/local/Wolfram/Mathematica/12.0/Executables/wolfram -subkernel -noinit -nopaclet -wstp}, SubKernels`LocalKernels`Private`speed$21391, SubKernels`LocalKernels`Private`preemptive$21391]], Parallel`Kernels`Private`id$21398, Parallel`Kernels`Private`name$21398], Parallel`Kernels`Private`ek[Parallel`Kernels`Private`nev$21399, Parallel`Kernels`Private`pb$21399, Parallel`Kernels`Private`rd$21399], Parallel`Kernels`Private`sk[Parallel`Kernels`Private`q$21400, Parallel`Kernels`Private`n0$21400, Parallel`Kernels`Private`n1$21400]]]
                                                                                                                                                                                  1    9                 3   1                    1    7    3
NIntegrate::inumr: The integrand Step1IntShift[-0.1045, 0.028184, 0.075, {phiDet, th0}, {3.14227, 0.976, 0.902, 0.937, 0.88, 1.29, 1.792}, {0, 0.002873, 0.001518, 0, 0.006234}, {--, ---, 0.9, 0, -0.9, --, --, 0.9, 0, -0.9}, {---, ---, ---, 0}, {GlobalAdaptive, Method -> MultidimensionalRule}, 4, 2, 0, 2] has evaluated to non-numerical values for all sampling points in the region with boundaries {{0., 0.776557}, {-3.14159, 3.14159}}.
                                                                                                                                                                                  10  100                50  20                  100  200  100
StringForm[From `1`:, Parallel`Kernels`kernel[Parallel`Kernels`Private`bk[SubKernels`LocalKernels`localKernel[SubKernels`LocalKernels`Private`lk[LinkObject[/usr/local/Wolfram/Mathematica/12.0/Executables/wolfram -subkernel -noinit -nopaclet -wstp, 204, 1], {/usr/local/Wolfram/Mathematica/12.0/Executables/wolfram -subkernel -noinit -nopaclet -wstp}, SubKernels`LocalKernels`Private`speed$21391, SubKernels`LocalKernels`Private`preemptive$21391]], Parallel`Kernels`Private`id$21398, Parallel`Kernels`Private`name$21398], Parallel`Kernels`Private`ek[Parallel`Kernels`Private`nev$21399, Parallel`Kernels`Private`pb$21399, Parallel`Kernels`Private`rd$21399], Parallel`Kernels`Private`sk[Parallel`Kernels`Private`q$21400, Parallel`Kernels`Private`n0$21400, Parallel`Kernels`Private`n1$21400]]]
                                                                                                                                                                                  1    9                 3   1                    1    7    3
NIntegrate::inumr: The integrand Step1IntShift[-0.1045, 0.028184, 0.075, {phiDet, th0}, {3.14227, 0.976, 0.902, 0.937, 0.88, 1.29, 1.792}, {0, 0.002873, 0.001518, 0, 0.006234}, {--, ---, 0.9, 0, -0.9, --, --, 0.9, 0, -0.9}, {---, ---, ---, 0}, {GlobalAdaptive, Method -> MultidimensionalRule}, 4, 2, 0, 2] has evaluated to non-numerical values for all sampling points in the region with boundaries {{0., 0.776557}, {-3.14159, 3.14159}}.
                                                                                                                                                                                  10  100                50  20                  100  200  100
StringForm[From `1`:, Parallel`Kernels`kernel[Parallel`Kernels`Private`bk[SubKernels`LocalKernels`localKernel[SubKernels`LocalKernels`Private`lk[LinkObject[/usr/local/Wolfram/Mathematica/12.0/Executables/wolfram -subkernel -noinit -nopaclet -wstp, 204, 1], {/usr/local/Wolfram/Mathematica/12.0/Executables/wolfram -subkernel -noinit -nopaclet -wstp}, SubKernels`LocalKernels`Private`speed$21391, SubKernels`LocalKernels`Private`preemptive$21391]], Parallel`Kernels`Private`id$21398, Parallel`Kernels`Private`name$21398], Parallel`Kernels`Private`ek[Parallel`Kernels`Private`nev$21399, Parallel`Kernels`Private`pb$21399, Parallel`Kernels`Private`rd$21399], Parallel`Kernels`Private`sk[Parallel`Kernels`Private`q$21400, Parallel`Kernels`Private`n0$21400, Parallel`Kernels`Private`n1$21400]]]
General::stop: Further output of NIntegrate::inumr will be suppressed during this calculation.
a = -1045e-4
Time consumption: 0.13449795555555555
MaxMemUse :142.60227966308594 MB
