Configured Kernels: {SubKernels`LocalKernels`LocalMachine[4, SubKernels`LocalKernels`LowerPriority -> True]}
Processor Count: 4
Modules loaded ...
4 Kernels launched ...
Run started at Wed 27 Oct 2021 09:55:23, Bins: {1, 49}
StringForm[From `1`:, Parallel`Kernels`kernel[Parallel`Kernels`Private`bk[SubKernels`LocalKernels`localKernel[SubKernels`LocalKernels`Private`lk[LinkObject[/usr/local/Wolfram/Mathematica/12.0/Executables/wolfram -subkernel -noinit -nopaclet -wstp, 207, 2], {/usr/local/Wolfram/Mathematica/12.0/Executables/wolfram -subkernel -noinit -nopaclet -wstp}, SubKernels`LocalKernels`Private`speed$21430, SubKernels`LocalKernels`Private`preemptive$21430]], Parallel`Kernels`Private`id$21440, Parallel`Kernels`Private`name$21440], Parallel`Kernels`Private`ek[Parallel`Kernels`Private`nev$21441, Parallel`Kernels`Private`pb$21441, Parallel`Kernels`Private`rd$21441], Parallel`Kernels`Private`sk[Parallel`Kernels`Private`q$21442, Parallel`Kernels`Private`n0$21442, Parallel`Kernels`Private`n1$21442]]]
                                                                                                                                                                                                -6
NIntegrate::ncvb: NIntegrate failed to converge to prescribed accuracy after 2 recursive bisections in yD near {xD, yD} = {0.0272077, 0.022255}. NIntegrate obtained 0.0000187335 and 3.03314 10   for the integral and error estimates.
StringForm[From `1`:, Parallel`Kernels`kernel[Parallel`Kernels`Private`bk[SubKernels`LocalKernels`localKernel[SubKernels`LocalKernels`Private`lk[LinkObject[/usr/local/Wolfram/Mathematica/12.0/Executables/wolfram -subkernel -noinit -nopaclet -wstp, 206, 1], {/usr/local/Wolfram/Mathematica/12.0/Executables/wolfram -subkernel -noinit -nopaclet -wstp}, SubKernels`LocalKernels`Private`speed$21429, SubKernels`LocalKernels`Private`preemptive$21429]], Parallel`Kernels`Private`id$21436, Parallel`Kernels`Private`name$21436], Parallel`Kernels`Private`ek[Parallel`Kernels`Private`nev$21437, Parallel`Kernels`Private`pb$21437, Parallel`Kernels`Private`rd$21437], Parallel`Kernels`Private`sk[Parallel`Kernels`Private`q$21438, Parallel`Kernels`Private`n0$21438, Parallel`Kernels`Private`n1$21438]]]
                                                                                                                                                                                                -6
NIntegrate::ncvb: NIntegrate failed to converge to prescribed accuracy after 2 recursive bisections in yD near {xD, yD} = {0.0272077, -0.014338}. NIntegrate obtained 0.000200767 and 3.14017 10   for the integral and error estimates.
StringForm[From `1`:, Parallel`Kernels`kernel[Parallel`Kernels`Private`bk[SubKernels`LocalKernels`localKernel[SubKernels`LocalKernels`Private`lk[LinkObject[/usr/local/Wolfram/Mathematica/12.0/Executables/wolfram -subkernel -noinit -nopaclet -wstp, 208, 3], {/usr/local/Wolfram/Mathematica/12.0/Executables/wolfram -subkernel -noinit -nopaclet -wstp}, SubKernels`LocalKernels`Private`speed$21431, SubKernels`LocalKernels`Private`preemptive$21431]], Parallel`Kernels`Private`id$21444, Parallel`Kernels`Private`name$21444], Parallel`Kernels`Private`ek[Parallel`Kernels`Private`nev$21445, Parallel`Kernels`Private`pb$21445, Parallel`Kernels`Private`rd$21445], Parallel`Kernels`Private`sk[Parallel`Kernels`Private`q$21446, Parallel`Kernels`Private`n0$21446, Parallel`Kernels`Private`n1$21446]]]
NIntegrate::ncvb: NIntegrate failed to converge to prescribed accuracy after 2 recursive bisections in yD near {xD, yD} = {0.0290827, -0.014338}. NIntegrate obtained 0.00268781 and 0.0000388373 for the integral and error estimates.
a = -1030e-4
Time consumption: 2.1540138194444443
MaxMemUse :144.28636932373047 MB
Configured Kernels: {SubKernels`LocalKernels`LocalMachine[4, SubKernels`LocalKernels`LowerPriority -> True]}
Processor Count: 4
Modules loaded ...
4 Kernels launched ...
Run started at Wed 27 Oct 2021 12:04:38, Bins: {50, 98}
StringForm[From `1`:, Parallel`Kernels`kernel[Parallel`Kernels`Private`bk[SubKernels`LocalKernels`localKernel[SubKernels`LocalKernels`Private`lk[LinkObject[/usr/local/Wolfram/Mathematica/12.0/Executables/wolfram -subkernel -noinit -nopaclet -wstp, 206, 1], {/usr/local/Wolfram/Mathematica/12.0/Executables/wolfram -subkernel -noinit -nopaclet -wstp}, SubKernels`LocalKernels`Private`speed$21360, SubKernels`LocalKernels`Private`preemptive$21360]], Parallel`Kernels`Private`id$21367, Parallel`Kernels`Private`name$21367], Parallel`Kernels`Private`ek[Parallel`Kernels`Private`nev$21368, Parallel`Kernels`Private`pb$21368, Parallel`Kernels`Private`rd$21368], Parallel`Kernels`Private`sk[Parallel`Kernels`Private`q$21369, Parallel`Kernels`Private`n0$21369, Parallel`Kernels`Private`n1$21369]]]
NIntegrate::ncvb: NIntegrate failed to converge to prescribed accuracy after 2 recursive bisections in yD near {xD, yD} = {0.0290827, 0.022255}. NIntegrate obtained 0.000271546 and 0.000017274 for the integral and error estimates.
StringForm[From `1`:, Parallel`Kernels`kernel[Parallel`Kernels`Private`bk[SubKernels`LocalKernels`localKernel[SubKernels`LocalKernels`Private`lk[LinkObject[/usr/local/Wolfram/Mathematica/12.0/Executables/wolfram -subkernel -noinit -nopaclet -wstp, 207, 2], {/usr/local/Wolfram/Mathematica/12.0/Executables/wolfram -subkernel -noinit -nopaclet -wstp}, SubKernels`LocalKernels`Private`speed$21361, SubKernels`LocalKernels`Private`preemptive$21361]], Parallel`Kernels`Private`id$21371, Parallel`Kernels`Private`name$21371], Parallel`Kernels`Private`ek[Parallel`Kernels`Private`nev$21372, Parallel`Kernels`Private`pb$21372, Parallel`Kernels`Private`rd$21372], Parallel`Kernels`Private`sk[Parallel`Kernels`Private`q$21373, Parallel`Kernels`Private`n0$21373, Parallel`Kernels`Private`n1$21373]]]
                                                                                                                                                                                                -6
NIntegrate::ncvb: NIntegrate failed to converge to prescribed accuracy after 2 recursive bisections in yD near {xD, yD} = {0.0328327, -0.01752}. NIntegrate obtained 0.0000109582 and 2.46386 10   for the integral and error estimates.
StringForm[From `1`:, Parallel`Kernels`kernel[Parallel`Kernels`Private`bk[SubKernels`LocalKernels`localKernel[SubKernels`LocalKernels`Private`lk[LinkObject[/usr/local/Wolfram/Mathematica/12.0/Executables/wolfram -subkernel -noinit -nopaclet -wstp, 208, 3], {/usr/local/Wolfram/Mathematica/12.0/Executables/wolfram -subkernel -noinit -nopaclet -wstp}, SubKernels`LocalKernels`Private`speed$21362, SubKernels`LocalKernels`Private`preemptive$21362]], Parallel`Kernels`Private`id$21375, Parallel`Kernels`Private`name$21375], Parallel`Kernels`Private`ek[Parallel`Kernels`Private`nev$21376, Parallel`Kernels`Private`pb$21376, Parallel`Kernels`Private`rd$21376], Parallel`Kernels`Private`sk[Parallel`Kernels`Private`q$21377, Parallel`Kernels`Private`n0$21377, Parallel`Kernels`Private`n1$21377]]]
NIntegrate::ncvb: NIntegrate failed to converge to prescribed accuracy after 2 recursive bisections in yD near {xD, yD} = {0.0309577, -0.014338}. NIntegrate obtained 0.010841 and 0.00011632 for the integral and error estimates.
StringForm[From `1`:, Parallel`Kernels`kernel[Parallel`Kernels`Private`bk[SubKernels`LocalKernels`localKernel[SubKernels`LocalKernels`Private`lk[LinkObject[/usr/local/Wolfram/Mathematica/12.0/Executables/wolfram -subkernel -noinit -nopaclet -wstp, 206, 1], {/usr/local/Wolfram/Mathematica/12.0/Executables/wolfram -subkernel -noinit -nopaclet -wstp}, SubKernels`LocalKernels`Private`speed$21360, SubKernels`LocalKernels`Private`preemptive$21360]], Parallel`Kernels`Private`id$21367, Parallel`Kernels`Private`name$21367], Parallel`Kernels`Private`ek[Parallel`Kernels`Private`nev$21368, Parallel`Kernels`Private`pb$21368, Parallel`Kernels`Private`rd$21368], Parallel`Kernels`Private`sk[Parallel`Kernels`Private`q$21369, Parallel`Kernels`Private`n0$21369, Parallel`Kernels`Private`n1$21369]]]
NIntegrate::ncvb: NIntegrate failed to converge to prescribed accuracy after 2 recursive bisections in yD near {xD, yD} = {0.0309577, 0.022255}. NIntegrate obtained 0.00125558 and 0.0000538593 for the integral and error estimates.
StringForm[From `1`:, Parallel`Kernels`kernel[Parallel`Kernels`Private`bk[SubKernels`LocalKernels`localKernel[SubKernels`LocalKernels`Private`lk[LinkObject[/usr/local/Wolfram/Mathematica/12.0/Executables/wolfram -subkernel -noinit -nopaclet -wstp, 207, 2], {/usr/local/Wolfram/Mathematica/12.0/Executables/wolfram -subkernel -noinit -nopaclet -wstp}, SubKernels`LocalKernels`Private`speed$21361, SubKernels`LocalKernels`Private`preemptive$21361]], Parallel`Kernels`Private`id$21371, Parallel`Kernels`Private`name$21371], Parallel`Kernels`Private`ek[Parallel`Kernels`Private`nev$21372, Parallel`Kernels`Private`pb$21372, Parallel`Kernels`Private`rd$21372], Parallel`Kernels`Private`sk[Parallel`Kernels`Private`q$21373, Parallel`Kernels`Private`n0$21373, Parallel`Kernels`Private`n1$21373]]]
NIntegrate::ncvb: NIntegrate failed to converge to prescribed accuracy after 2 recursive bisections in yD near {xD, yD} = {0.0328327, -0.014338}. NIntegrate obtained 0.0268231 and 0.000193935 for the integral and error estimates.
StringForm[From `1`:, Parallel`Kernels`kernel[Parallel`Kernels`Private`bk[SubKernels`LocalKernels`localKernel[SubKernels`LocalKernels`Private`lk[LinkObject[/usr/local/Wolfram/Mathematica/12.0/Executables/wolfram -subkernel -noinit -nopaclet -wstp, 206, 1], {/usr/local/Wolfram/Mathematica/12.0/Executables/wolfram -subkernel -noinit -nopaclet -wstp}, SubKernels`LocalKernels`Private`speed$21360, SubKernels`LocalKernels`Private`preemptive$21360]], Parallel`Kernels`Private`id$21367, Parallel`Kernels`Private`name$21367], Parallel`Kernels`Private`ek[Parallel`Kernels`Private`nev$21368, Parallel`Kernels`Private`pb$21368, Parallel`Kernels`Private`rd$21368], Parallel`Kernels`Private`sk[Parallel`Kernels`Private`q$21369, Parallel`Kernels`Private`n0$21369, Parallel`Kernels`Private`n1$21369]]]
NIntegrate::ncvb: NIntegrate failed to converge to prescribed accuracy after 2 recursive bisections in yD near {xD, yD} = {0.0328327, 0.022255}. NIntegrate obtained 0.00358474 and 0.0000832717 for the integral and error estimates.
StringForm[From `1`:, Parallel`Kernels`kernel[Parallel`Kernels`Private`bk[SubKernels`LocalKernels`localKernel[SubKernels`LocalKernels`Private`lk[LinkObject[/usr/local/Wolfram/Mathematica/12.0/Executables/wolfram -subkernel -noinit -nopaclet -wstp, 209, 4], {/usr/local/Wolfram/Mathematica/12.0/Executables/wolfram -subkernel -noinit -nopaclet -wstp}, SubKernels`LocalKernels`Private`speed$21363, SubKernels`LocalKernels`Private`preemptive$21363]], Parallel`Kernels`Private`id$21379, Parallel`Kernels`Private`name$21379], Parallel`Kernels`Private`ek[Parallel`Kernels`Private`nev$21380, Parallel`Kernels`Private`pb$21380, Parallel`Kernels`Private`rd$21380], Parallel`Kernels`Private`sk[Parallel`Kernels`Private`q$21381, Parallel`Kernels`Private`n0$21381, Parallel`Kernels`Private`n1$21381]]]
NIntegrate::ncvb: NIntegrate failed to converge to prescribed accuracy after 2 recursive bisections in yD near {xD, yD} = {0.0347077, -0.014338}. NIntegrate obtained 0.0493723 and 0.000241291 for the integral and error estimates.
StringForm[From `1`:, Parallel`Kernels`kernel[Parallel`Kernels`Private`bk[SubKernels`LocalKernels`localKernel[SubKernels`LocalKernels`Private`lk[LinkObject[/usr/local/Wolfram/Mathematica/12.0/Executables/wolfram -subkernel -noinit -nopaclet -wstp, 206, 1], {/usr/local/Wolfram/Mathematica/12.0/Executables/wolfram -subkernel -noinit -nopaclet -wstp}, SubKernels`LocalKernels`Private`speed$21360, SubKernels`LocalKernels`Private`preemptive$21360]], Parallel`Kernels`Private`id$21367, Parallel`Kernels`Private`name$21367], Parallel`Kernels`Private`ek[Parallel`Kernels`Private`nev$21368, Parallel`Kernels`Private`pb$21368, Parallel`Kernels`Private`rd$21368], Parallel`Kernels`Private`sk[Parallel`Kernels`Private`q$21369, Parallel`Kernels`Private`n0$21369, Parallel`Kernels`Private`n1$21369]]]
NIntegrate::ncvb: NIntegrate failed to converge to prescribed accuracy after 2 recursive bisections in yD near {xD, yD} = {0.0347077, 0.022255}. NIntegrate obtained 0.00758773 and 0.0000928242 for the integral and error estimates.
StringForm[From `1`:, Parallel`Kernels`kernel[Parallel`Kernels`Private`bk[SubKernels`LocalKernels`localKernel[SubKernels`LocalKernels`Private`lk[LinkObject[/usr/local/Wolfram/Mathematica/12.0/Executables/wolfram -subkernel -noinit -nopaclet -wstp, 208, 3], {/usr/local/Wolfram/Mathematica/12.0/Executables/wolfram -subkernel -noinit -nopaclet -wstp}, SubKernels`LocalKernels`Private`speed$21362, SubKernels`LocalKernels`Private`preemptive$21362]], Parallel`Kernels`Private`id$21375, Parallel`Kernels`Private`name$21375], Parallel`Kernels`Private`ek[Parallel`Kernels`Private`nev$21376, Parallel`Kernels`Private`pb$21376, Parallel`Kernels`Private`rd$21376], Parallel`Kernels`Private`sk[Parallel`Kernels`Private`q$21377, Parallel`Kernels`Private`n0$21377, Parallel`Kernels`Private`n1$21377]]]
NIntegrate::ncvb: NIntegrate failed to converge to prescribed accuracy after 2 recursive bisections in yD near {xD, yD} = {0.0365827, -0.014338}. NIntegrate obtained 0.0723842 and 0.000279543 for the integral and error estimates.
StringForm[From `1`:, Parallel`Kernels`kernel[Parallel`Kernels`Private`bk[SubKernels`LocalKernels`localKernel[SubKernels`LocalKernels`Private`lk[LinkObject[/usr/local/Wolfram/Mathematica/12.0/Executables/wolfram -subkernel -noinit -nopaclet -wstp, 206, 1], {/usr/local/Wolfram/Mathematica/12.0/Executables/wolfram -subkernel -noinit -nopaclet -wstp}, SubKernels`LocalKernels`Private`speed$21360, SubKernels`LocalKernels`Private`preemptive$21360]], Parallel`Kernels`Private`id$21367, Parallel`Kernels`Private`name$21367], Parallel`Kernels`Private`ek[Parallel`Kernels`Private`nev$21368, Parallel`Kernels`Private`pb$21368, Parallel`Kernels`Private`rd$21368], Parallel`Kernels`Private`sk[Parallel`Kernels`Private`q$21369, Parallel`Kernels`Private`n0$21369, Parallel`Kernels`Private`n1$21369]]]
NIntegrate::ncvb: NIntegrate failed to converge to prescribed accuracy after 2 recursive bisections in yD near {xD, yD} = {0.0365827, 0.022255}. NIntegrate obtained 0.0124707 and 0.0000850742 for the integral and error estimates.
a = -1030e-4
Time consumption: 9.947234172222222
MaxMemUse :144.29344940185547 MB
Configured Kernels: {SubKernels`LocalKernels`LocalMachine[4, SubKernels`LocalKernels`LowerPriority -> True]}
Processor Count: 4
Modules loaded ...
4 Kernels launched ...
Run started at Wed 27 Oct 2021 22:01:29, Bins: {99, 106}
StringForm[From `1`:, Parallel`Kernels`kernel[Parallel`Kernels`Private`bk[SubKernels`LocalKernels`localKernel[SubKernels`LocalKernels`Private`lk[LinkObject[/usr/local/Wolfram/Mathematica/12.0/Executables/wolfram -subkernel -noinit -nopaclet -wstp, 207, 2], {/usr/local/Wolfram/Mathematica/12.0/Executables/wolfram -subkernel -noinit -nopaclet -wstp}, SubKernels`LocalKernels`Private`speed$21650, SubKernels`LocalKernels`Private`preemptive$21650]], Parallel`Kernels`Private`id$21660, Parallel`Kernels`Private`name$21660], Parallel`Kernels`Private`ek[Parallel`Kernels`Private`nev$21661, Parallel`Kernels`Private`pb$21661, Parallel`Kernels`Private`rd$21661], Parallel`Kernels`Private`sk[Parallel`Kernels`Private`q$21662, Parallel`Kernels`Private`n0$21662, Parallel`Kernels`Private`n1$21662]]]
                                                                                                                                                                                                -6
NIntegrate::ncvb: NIntegrate failed to converge to prescribed accuracy after 2 recursive bisections in yD near {xD, yD} = {0.0384577, -0.019111}. NIntegrate obtained 0.000677285 and 7.80645 10   for the integral and error estimates.
StringForm[From `1`:, Parallel`Kernels`kernel[Parallel`Kernels`Private`bk[SubKernels`LocalKernels`localKernel[SubKernels`LocalKernels`Private`lk[LinkObject[/usr/local/Wolfram/Mathematica/12.0/Executables/wolfram -subkernel -noinit -nopaclet -wstp, 206, 1], {/usr/local/Wolfram/Mathematica/12.0/Executables/wolfram -subkernel -noinit -nopaclet -wstp}, SubKernels`LocalKernels`Private`speed$21649, SubKernels`LocalKernels`Private`preemptive$21649]], Parallel`Kernels`Private`id$21656, Parallel`Kernels`Private`name$21656], Parallel`Kernels`Private`ek[Parallel`Kernels`Private`nev$21657, Parallel`Kernels`Private`pb$21657, Parallel`Kernels`Private`rd$21657], Parallel`Kernels`Private`sk[Parallel`Kernels`Private`q$21658, Parallel`Kernels`Private`n0$21658, Parallel`Kernels`Private`n1$21658]]]
NIntegrate::ncvb: NIntegrate failed to converge to prescribed accuracy after 2 recursive bisections in yD near {xD, yD} = {0.0384577, -0.014338}. NIntegrate obtained 0.0876478 and 0.000245606 for the integral and error estimates.
a = -1030e-4
Time consumption: 3.0347697219444445
MaxMemUse :144.30032348632812 MB
Configured Kernels: {SubKernels`LocalKernels`LocalMachine[4, SubKernels`LocalKernels`LowerPriority -> True]}
Processor Count: 4
Modules loaded ...
4 Kernels launched ...
Run started at Thu 28 Oct 2021 01:03:35, Bins: {107, 122}
StringForm[From `1`:, Parallel`Kernels`kernel[Parallel`Kernels`Private`bk[SubKernels`LocalKernels`localKernel[SubKernels`LocalKernels`Private`lk[LinkObject[/usr/local/Wolfram/Mathematica/12.0/Executables/wolfram -subkernel -noinit -nopaclet -wstp, 206, 1], {/usr/local/Wolfram/Mathematica/12.0/Executables/wolfram -subkernel -noinit -nopaclet -wstp}, SubKernels`LocalKernels`Private`speed$21568, SubKernels`LocalKernels`Private`preemptive$21568]], Parallel`Kernels`Private`id$21575, Parallel`Kernels`Private`name$21575], Parallel`Kernels`Private`ek[Parallel`Kernels`Private`nev$21576, Parallel`Kernels`Private`pb$21576, Parallel`Kernels`Private`rd$21576], Parallel`Kernels`Private`sk[Parallel`Kernels`Private`q$21577, Parallel`Kernels`Private`n0$21577, Parallel`Kernels`Private`n1$21577]]]
                                                                                                                                                                                                -6
NIntegrate::ncvb: NIntegrate failed to converge to prescribed accuracy after 2 recursive bisections in yD near {xD, yD} = {0.0403327, -0.019111}. NIntegrate obtained 0.000833844 and 7.26224 10   for the integral and error estimates.
StringForm[From `1`:, Parallel`Kernels`kernel[Parallel`Kernels`Private`bk[SubKernels`LocalKernels`localKernel[SubKernels`LocalKernels`Private`lk[LinkObject[/usr/local/Wolfram/Mathematica/12.0/Executables/wolfram -subkernel -noinit -nopaclet -wstp, 206, 1], {/usr/local/Wolfram/Mathematica/12.0/Executables/wolfram -subkernel -noinit -nopaclet -wstp}, SubKernels`LocalKernels`Private`speed$21568, SubKernels`LocalKernels`Private`preemptive$21568]], Parallel`Kernels`Private`id$21575, Parallel`Kernels`Private`name$21575], Parallel`Kernels`Private`ek[Parallel`Kernels`Private`nev$21576, Parallel`Kernels`Private`pb$21576, Parallel`Kernels`Private`rd$21576], Parallel`Kernels`Private`sk[Parallel`Kernels`Private`q$21577, Parallel`Kernels`Private`n0$21577, Parallel`Kernels`Private`n1$21577]]]
NIntegrate::ncvb: NIntegrate failed to converge to prescribed accuracy after 2 recursive bisections in yD near {xD, yD} = {0.0403327, 0.022255}. NIntegrate obtained 0.0179783 and 0.000139643 for the integral and error estimates.
a = -1030e-4
Time consumption: 4.196367761388888
MaxMemUse :144.29569244384766 MB
Configured Kernels: {SubKernels`LocalKernels`LocalMachine[4, SubKernels`LocalKernels`LowerPriority -> True]}
Processor Count: 4
Modules loaded ...
4 Kernels launched ...
Run started at Thu 28 Oct 2021 05:15:23, Bins: {123, 138}
StringForm[From `1`:, Parallel`Kernels`kernel[Parallel`Kernels`Private`bk[SubKernels`LocalKernels`localKernel[SubKernels`LocalKernels`Private`lk[LinkObject[/usr/local/Wolfram/Mathematica/12.0/Executables/wolfram -subkernel -noinit -nopaclet -wstp, 209, 4], {/usr/local/Wolfram/Mathematica/12.0/Executables/wolfram -subkernel -noinit -nopaclet -wstp}, SubKernels`LocalKernels`Private`speed$21517, SubKernels`LocalKernels`Private`preemptive$21517]], Parallel`Kernels`Private`id$21533, Parallel`Kernels`Private`name$21533], Parallel`Kernels`Private`ek[Parallel`Kernels`Private`nev$21534, Parallel`Kernels`Private`pb$21534, Parallel`Kernels`Private`rd$21534], Parallel`Kernels`Private`sk[Parallel`Kernels`Private`q$21535, Parallel`Kernels`Private`n0$21535, Parallel`Kernels`Private`n1$21535]]]
                                                                                                                                                                                                -6
NIntegrate::ncvb: NIntegrate failed to converge to prescribed accuracy after 2 recursive bisections in yD near {xD, yD} = {0.0422077, -0.019111}. NIntegrate obtained 0.000874791 and 8.73576 10   for the integral and error estimates.
StringForm[From `1`:, Parallel`Kernels`kernel[Parallel`Kernels`Private`bk[SubKernels`LocalKernels`localKernel[SubKernels`LocalKernels`Private`lk[LinkObject[/usr/local/Wolfram/Mathematica/12.0/Executables/wolfram -subkernel -noinit -nopaclet -wstp, 209, 4], {/usr/local/Wolfram/Mathematica/12.0/Executables/wolfram -subkernel -noinit -nopaclet -wstp}, SubKernels`LocalKernels`Private`speed$21517, SubKernels`LocalKernels`Private`preemptive$21517]], Parallel`Kernels`Private`id$21533, Parallel`Kernels`Private`name$21533], Parallel`Kernels`Private`ek[Parallel`Kernels`Private`nev$21534, Parallel`Kernels`Private`pb$21534, Parallel`Kernels`Private`rd$21534], Parallel`Kernels`Private`sk[Parallel`Kernels`Private`q$21535, Parallel`Kernels`Private`n0$21535, Parallel`Kernels`Private`n1$21535]]]
                                                                                                                                                                                                -6
NIntegrate::ncvb: NIntegrate failed to converge to prescribed accuracy after 2 recursive bisections in yD near {xD, yD} = {0.0440827, -0.019111}. NIntegrate obtained 0.000832111 and 6.66955 10   for the integral and error estimates.
StringForm[From `1`:, Parallel`Kernels`kernel[Parallel`Kernels`Private`bk[SubKernels`LocalKernels`localKernel[SubKernels`LocalKernels`Private`lk[LinkObject[/usr/local/Wolfram/Mathematica/12.0/Executables/wolfram -subkernel -noinit -nopaclet -wstp, 207, 2], {/usr/local/Wolfram/Mathematica/12.0/Executables/wolfram -subkernel -noinit -nopaclet -wstp}, SubKernels`LocalKernels`Private`speed$21515, SubKernels`LocalKernels`Private`preemptive$21515]], Parallel`Kernels`Private`id$21525, Parallel`Kernels`Private`name$21525], Parallel`Kernels`Private`ek[Parallel`Kernels`Private`nev$21526, Parallel`Kernels`Private`pb$21526, Parallel`Kernels`Private`rd$21526], Parallel`Kernels`Private`sk[Parallel`Kernels`Private`q$21527, Parallel`Kernels`Private`n0$21527, Parallel`Kernels`Private`n1$21527]]]
NIntegrate::ncvb: NIntegrate failed to converge to prescribed accuracy after 2 recursive bisections in yD near {xD, yD} = {0.0422077, 0.022255}. NIntegrate obtained 0.0171052 and 0.000250905 for the integral and error estimates.
StringForm[From `1`:, Parallel`Kernels`kernel[Parallel`Kernels`Private`bk[SubKernels`LocalKernels`localKernel[SubKernels`LocalKernels`Private`lk[LinkObject[/usr/local/Wolfram/Mathematica/12.0/Executables/wolfram -subkernel -noinit -nopaclet -wstp, 208, 3], {/usr/local/Wolfram/Mathematica/12.0/Executables/wolfram -subkernel -noinit -nopaclet -wstp}, SubKernels`LocalKernels`Private`speed$21516, SubKernels`LocalKernels`Private`preemptive$21516]], Parallel`Kernels`Private`id$21529, Parallel`Kernels`Private`name$21529], Parallel`Kernels`Private`ek[Parallel`Kernels`Private`nev$21530, Parallel`Kernels`Private`pb$21530, Parallel`Kernels`Private`rd$21530], Parallel`Kernels`Private`sk[Parallel`Kernels`Private`q$21531, Parallel`Kernels`Private`n0$21531, Parallel`Kernels`Private`n1$21531]]]
NIntegrate::ncvb: NIntegrate failed to converge to prescribed accuracy after 2 recursive bisections in yD near {xD, yD} = {0.0422077, -0.014338}. NIntegrate obtained 0.0792041 and 0.000125085 for the integral and error estimates.
StringForm[From `1`:, Parallel`Kernels`kernel[Parallel`Kernels`Private`bk[SubKernels`LocalKernels`localKernel[SubKernels`LocalKernels`Private`lk[LinkObject[/usr/local/Wolfram/Mathematica/12.0/Executables/wolfram -subkernel -noinit -nopaclet -wstp, 209, 4], {/usr/local/Wolfram/Mathematica/12.0/Executables/wolfram -subkernel -noinit -nopaclet -wstp}, SubKernels`LocalKernels`Private`speed$21517, SubKernels`LocalKernels`Private`preemptive$21517]], Parallel`Kernels`Private`id$21533, Parallel`Kernels`Private`name$21533], Parallel`Kernels`Private`ek[Parallel`Kernels`Private`nev$21534, Parallel`Kernels`Private`pb$21534, Parallel`Kernels`Private`rd$21534], Parallel`Kernels`Private`sk[Parallel`Kernels`Private`q$21535, Parallel`Kernels`Private`n0$21535, Parallel`Kernels`Private`n1$21535]]]
NIntegrate::ncvb: NIntegrate failed to converge to prescribed accuracy after 2 recursive bisections in yD near {xD, yD} = {0.0440827, -0.014338}. NIntegrate obtained 0.059799 and 0.000114259 for the integral and error estimates.
a = -1030e-4
Time consumption: 6.445135484166667
MaxMemUse :144.29393768310547 MB
Configured Kernels: {SubKernels`LocalKernels`LocalMachine[4, SubKernels`LocalKernels`LowerPriority -> True]}
Processor Count: 4
Modules loaded ...
4 Kernels launched ...
Run started at Thu 28 Oct 2021 11:42:06, Bins: {139, 154}
StringForm[From `1`:, Parallel`Kernels`kernel[Parallel`Kernels`Private`bk[SubKernels`LocalKernels`localKernel[SubKernels`LocalKernels`Private`lk[LinkObject[/usr/local/Wolfram/Mathematica/12.0/Executables/wolfram -subkernel -noinit -nopaclet -wstp, 206, 1], {/usr/local/Wolfram/Mathematica/12.0/Executables/wolfram -subkernel -noinit -nopaclet -wstp}, SubKernels`LocalKernels`Private`speed$21800, SubKernels`LocalKernels`Private`preemptive$21800]], Parallel`Kernels`Private`id$21807, Parallel`Kernels`Private`name$21807], Parallel`Kernels`Private`ek[Parallel`Kernels`Private`nev$21808, Parallel`Kernels`Private`pb$21808, Parallel`Kernels`Private`rd$21808], Parallel`Kernels`Private`sk[Parallel`Kernels`Private`q$21809, Parallel`Kernels`Private`n0$21809, Parallel`Kernels`Private`n1$21809]]]
                                                                                                                                                                                               -6
NIntegrate::ncvb: NIntegrate failed to converge to prescribed accuracy after 2 recursive bisections in yD near {xD, yD} = {0.0459577, -0.019111}. NIntegrate obtained 0.000627857 and 7.7911 10   for the integral and error estimates.
StringForm[From `1`:, Parallel`Kernels`kernel[Parallel`Kernels`Private`bk[SubKernels`LocalKernels`localKernel[SubKernels`LocalKernels`Private`lk[LinkObject[/usr/local/Wolfram/Mathematica/12.0/Executables/wolfram -subkernel -noinit -nopaclet -wstp, 207, 2], {/usr/local/Wolfram/Mathematica/12.0/Executables/wolfram -subkernel -noinit -nopaclet -wstp}, SubKernels`LocalKernels`Private`speed$21801, SubKernels`LocalKernels`Private`preemptive$21801]], Parallel`Kernels`Private`id$21811, Parallel`Kernels`Private`name$21811], Parallel`Kernels`Private`ek[Parallel`Kernels`Private`nev$21812, Parallel`Kernels`Private`pb$21812, Parallel`Kernels`Private`rd$21812], Parallel`Kernels`Private`sk[Parallel`Kernels`Private`q$21813, Parallel`Kernels`Private`n0$21813, Parallel`Kernels`Private`n1$21813]]]
NIntegrate::ncvb: NIntegrate failed to converge to prescribed accuracy after 2 recursive bisections in yD near {xD, yD} = {0.0440827, 0.022255}. NIntegrate obtained 0.0140997 and 0.000223258 for the integral and error estimates.
StringForm[From `1`:, Parallel`Kernels`kernel[Parallel`Kernels`Private`bk[SubKernels`LocalKernels`localKernel[SubKernels`LocalKernels`Private`lk[LinkObject[/usr/local/Wolfram/Mathematica/12.0/Executables/wolfram -subkernel -noinit -nopaclet -wstp, 209, 4], {/usr/local/Wolfram/Mathematica/12.0/Executables/wolfram -subkernel -noinit -nopaclet -wstp}, SubKernels`LocalKernels`Private`speed$21803, SubKernels`LocalKernels`Private`preemptive$21803]], Parallel`Kernels`Private`id$21819, Parallel`Kernels`Private`name$21819], Parallel`Kernels`Private`ek[Parallel`Kernels`Private`nev$21820, Parallel`Kernels`Private`pb$21820, Parallel`Kernels`Private`rd$21820], Parallel`Kernels`Private`sk[Parallel`Kernels`Private`q$21821, Parallel`Kernels`Private`n0$21821, Parallel`Kernels`Private`n1$21821]]]
NIntegrate::ncvb: NIntegrate failed to converge to prescribed accuracy after 2 recursive bisections in yD near {xD, yD} = {0.0459577, -0.014338}. NIntegrate obtained 0.0361845 and 0.0000772753 for the integral and error estimates.
StringForm[From `1`:, Parallel`Kernels`kernel[Parallel`Kernels`Private`bk[SubKernels`LocalKernels`localKernel[SubKernels`LocalKernels`Private`lk[LinkObject[/usr/local/Wolfram/Mathematica/12.0/Executables/wolfram -subkernel -noinit -nopaclet -wstp, 208, 3], {/usr/local/Wolfram/Mathematica/12.0/Executables/wolfram -subkernel -noinit -nopaclet -wstp}, SubKernels`LocalKernels`Private`speed$21802, SubKernels`LocalKernels`Private`preemptive$21802]], Parallel`Kernels`Private`id$21815, Parallel`Kernels`Private`name$21815], Parallel`Kernels`Private`ek[Parallel`Kernels`Private`nev$21816, Parallel`Kernels`Private`pb$21816, Parallel`Kernels`Private`rd$21816], Parallel`Kernels`Private`sk[Parallel`Kernels`Private`q$21817, Parallel`Kernels`Private`n0$21817, Parallel`Kernels`Private`n1$21817]]]
NIntegrate::ncvb: NIntegrate failed to converge to prescribed accuracy after 2 recursive bisections in yD near {xD, yD} = {0.0459577, 0.022255}. NIntegrate obtained 0.00950861 and 0.000203191 for the integral and error estimates.
a = -1030e-4
Time consumption: 5.1042824158333335
MaxMemUse :144.29021453857422 MB
Configured Kernels: {SubKernels`LocalKernels`LocalMachine[4, SubKernels`LocalKernels`LowerPriority -> True]}
Processor Count: 4
Modules loaded ...
4 Kernels launched ...
Run started at Thu 28 Oct 2021 16:48:23, Bins: {155, 178}
StringForm[From `1`:, Parallel`Kernels`kernel[Parallel`Kernels`Private`bk[SubKernels`LocalKernels`localKernel[SubKernels`LocalKernels`Private`lk[LinkObject[/usr/local/Wolfram/Mathematica/12.0/Executables/wolfram -subkernel -noinit -nopaclet -wstp, 231, 4], {/usr/local/Wolfram/Mathematica/12.0/Executables/wolfram -subkernel -noinit -nopaclet -wstp}, SubKernels`LocalKernels`Private`speed$22189, SubKernels`LocalKernels`Private`preemptive$22189]], Parallel`Kernels`Private`id$22202, Parallel`Kernels`Private`name$22202], Parallel`Kernels`Private`ek[Parallel`Kernels`Private`nev$22203, Parallel`Kernels`Private`pb$22203, Parallel`Kernels`Private`rd$22203], Parallel`Kernels`Private`sk[Parallel`Kernels`Private`q$22204, Parallel`Kernels`Private`n0$22204, Parallel`Kernels`Private`n1$22204]]]
                                                                                                                                                                                              -6
NIntegrate::ncvb: NIntegrate failed to converge to prescribed accuracy after 2 recursive bisections in yD near {xD, yD} = {0.0478327, -0.01752}. NIntegrate obtained 0.00030642 and 5.69335 10   for the integral and error estimates.
StringForm[From `1`:, Parallel`Kernels`kernel[Parallel`Kernels`Private`bk[SubKernels`LocalKernels`localKernel[SubKernels`LocalKernels`Private`lk[LinkObject[/usr/local/Wolfram/Mathematica/12.0/Executables/wolfram -subkernel -noinit -nopaclet -wstp, 232, 5], {/usr/local/Wolfram/Mathematica/12.0/Executables/wolfram -subkernel -noinit -nopaclet -wstp}, SubKernels`LocalKernels`Private`speed$22190, SubKernels`LocalKernels`Private`preemptive$22190]], Parallel`Kernels`Private`id$22206, Parallel`Kernels`Private`name$22206], Parallel`Kernels`Private`ek[Parallel`Kernels`Private`nev$22207, Parallel`Kernels`Private`pb$22207, Parallel`Kernels`Private`rd$22207], Parallel`Kernels`Private`sk[Parallel`Kernels`Private`q$22208, Parallel`Kernels`Private`n0$22208, Parallel`Kernels`Private`n1$22208]]]
NIntegrate::ncvb: NIntegrate failed to converge to prescribed accuracy after 2 recursive bisections in yD near {xD, yD} = {0.0497077, -0.01752}. NIntegrate obtained 0.0000454893 and 0.0000143959 for the integral and error estimates.
StringForm[From `1`:, Parallel`Kernels`kernel[Parallel`Kernels`Private`bk[SubKernels`LocalKernels`localKernel[SubKernels`LocalKernels`Private`lk[LinkObject[/usr/local/Wolfram/Mathematica/12.0/Executables/wolfram -subkernel -noinit -nopaclet -wstp, 231, 4], {/usr/local/Wolfram/Mathematica/12.0/Executables/wolfram -subkernel -noinit -nopaclet -wstp}, SubKernels`LocalKernels`Private`speed$22189, SubKernels`LocalKernels`Private`preemptive$22189]], Parallel`Kernels`Private`id$22202, Parallel`Kernels`Private`name$22202], Parallel`Kernels`Private`ek[Parallel`Kernels`Private`nev$22203, Parallel`Kernels`Private`pb$22203, Parallel`Kernels`Private`rd$22203], Parallel`Kernels`Private`sk[Parallel`Kernels`Private`q$22204, Parallel`Kernels`Private`n0$22204, Parallel`Kernels`Private`n1$22204]]]
                                                                                                                                                                                              -6
NIntegrate::ncvb: NIntegrate failed to converge to prescribed accuracy after 2 recursive bisections in yD near {xD, yD} = {0.0478327, 0.023846}. NIntegrate obtained 0.00483996 and 9.56275 10   for the integral and error estimates.
StringForm[From `1`:, Parallel`Kernels`kernel[Parallel`Kernels`Private`bk[SubKernels`LocalKernels`localKernel[SubKernels`LocalKernels`Private`lk[LinkObject[/usr/local/Wolfram/Mathematica/12.0/Executables/wolfram -subkernel -noinit -nopaclet -wstp, 230, 3], {/usr/local/Wolfram/Mathematica/12.0/Executables/wolfram -subkernel -noinit -nopaclet -wstp}, SubKernels`LocalKernels`Private`speed$22188, SubKernels`LocalKernels`Private`preemptive$22188]], Parallel`Kernels`Private`id$22198, Parallel`Kernels`Private`name$22198], Parallel`Kernels`Private`ek[Parallel`Kernels`Private`nev$22199, Parallel`Kernels`Private`pb$22199, Parallel`Kernels`Private`rd$22199], Parallel`Kernels`Private`sk[Parallel`Kernels`Private`q$22200, Parallel`Kernels`Private`n0$22200, Parallel`Kernels`Private`n1$22200]]]
NIntegrate::ncvb: NIntegrate failed to converge to prescribed accuracy after 2 recursive bisections in yD near {xD, yD} = {0.0478327, -0.014338}. NIntegrate obtained 0.0156763 and 0.0000429893 for the integral and error estimates.
StringForm[From `1`:, Parallel`Kernels`kernel[Parallel`Kernels`Private`bk[SubKernels`LocalKernels`localKernel[SubKernels`LocalKernels`Private`lk[LinkObject[/usr/local/Wolfram/Mathematica/12.0/Executables/wolfram -subkernel -noinit -nopaclet -wstp, 231, 4], {/usr/local/Wolfram/Mathematica/12.0/Executables/wolfram -subkernel -noinit -nopaclet -wstp}, SubKernels`LocalKernels`Private`speed$22189, SubKernels`LocalKernels`Private`preemptive$22189]], Parallel`Kernels`Private`id$22202, Parallel`Kernels`Private`name$22202], Parallel`Kernels`Private`ek[Parallel`Kernels`Private`nev$22203, Parallel`Kernels`Private`pb$22203, Parallel`Kernels`Private`rd$22203], Parallel`Kernels`Private`sk[Parallel`Kernels`Private`q$22204, Parallel`Kernels`Private`n0$22204, Parallel`Kernels`Private`n1$22204]]]
                                                                                                                                                                               -6               -6
NIntegrate::ncvb: NIntegrate failed to converge to prescribed accuracy after 2 recursive bisections in yD near {xD, yD} = {0.0515827, -0.01752}. NIntegrate obtained 2.14468 10   and 1.70382 10   for the integral and error estimates.
StringForm[From `1`:, Parallel`Kernels`kernel[Parallel`Kernels`Private`bk[SubKernels`LocalKernels`localKernel[SubKernels`LocalKernels`Private`lk[LinkObject[/usr/local/Wolfram/Mathematica/12.0/Executables/wolfram -subkernel -noinit -nopaclet -wstp, 232, 5], {/usr/local/Wolfram/Mathematica/12.0/Executables/wolfram -subkernel -noinit -nopaclet -wstp}, SubKernels`LocalKernels`Private`speed$22190, SubKernels`LocalKernels`Private`preemptive$22190]], Parallel`Kernels`Private`id$22206, Parallel`Kernels`Private`name$22206], Parallel`Kernels`Private`ek[Parallel`Kernels`Private`nev$22207, Parallel`Kernels`Private`pb$22207, Parallel`Kernels`Private`rd$22207], Parallel`Kernels`Private`sk[Parallel`Kernels`Private`q$22208, Parallel`Kernels`Private`n0$22208, Parallel`Kernels`Private`n1$22208]]]
NIntegrate::ncvb: NIntegrate failed to converge to prescribed accuracy after 2 recursive bisections in yD near {xD, yD} = {0.0489164, -0.015929}. NIntegrate obtained 0.00459915 and 0.0000104109 for the integral and error estimates.
StringForm[From `1`:, Parallel`Kernels`kernel[Parallel`Kernels`Private`bk[SubKernels`LocalKernels`localKernel[SubKernels`LocalKernels`Private`lk[LinkObject[/usr/local/Wolfram/Mathematica/12.0/Executables/wolfram -subkernel -noinit -nopaclet -wstp, 230, 3], {/usr/local/Wolfram/Mathematica/12.0/Executables/wolfram -subkernel -noinit -nopaclet -wstp}, SubKernels`LocalKernels`Private`speed$22188, SubKernels`LocalKernels`Private`preemptive$22188]], Parallel`Kernels`Private`id$22198, Parallel`Kernels`Private`name$22198], Parallel`Kernels`Private`ek[Parallel`Kernels`Private`nev$22199, Parallel`Kernels`Private`pb$22199, Parallel`Kernels`Private`rd$22199], Parallel`Kernels`Private`sk[Parallel`Kernels`Private`q$22200, Parallel`Kernels`Private`n0$22200, Parallel`Kernels`Private`n1$22200]]]
NIntegrate::ncvb: NIntegrate failed to converge to prescribed accuracy after 2 recursive bisections in yD near {xD, yD} = {0.0497077, 0.025437}. NIntegrate obtained 0.00166912 and 0.0000290021 for the integral and error estimates.
a = -1030e-4
Time consumption: 5.786982781666667
MaxMemUse :147.46434783935547 MB
Configured Kernels: {SubKernels`LocalKernels`LocalMachine[4, SubKernels`LocalKernels`LowerPriority -> True]}
Processor Count: 4
Modules loaded ...
4 Kernels launched ...
Run started at Thu 28 Oct 2021 22:35:36, Bins: {179, 264}
StringForm[From `1`:, Parallel`Kernels`kernel[Parallel`Kernels`Private`bk[SubKernels`LocalKernels`localKernel[SubKernels`LocalKernels`Private`lk[LinkObject[/usr/local/Wolfram/Mathematica/12.0/Executables/wolfram -subkernel -noinit -nopaclet -wstp, 206, 1], {/usr/local/Wolfram/Mathematica/12.0/Executables/wolfram -subkernel -noinit -nopaclet -wstp}, SubKernels`LocalKernels`Private`speed$21846, SubKernels`LocalKernels`Private`preemptive$21846]], Parallel`Kernels`Private`id$21853, Parallel`Kernels`Private`name$21853], Parallel`Kernels`Private`ek[Parallel`Kernels`Private`nev$21854, Parallel`Kernels`Private`pb$21854, Parallel`Kernels`Private`rd$21854], Parallel`Kernels`Private`sk[Parallel`Kernels`Private`q$21855, Parallel`Kernels`Private`n0$21855, Parallel`Kernels`Private`n1$21855]]]
                                                                                                                                                                                               -6
NIntegrate::ncvb: NIntegrate failed to converge to prescribed accuracy after 2 recursive bisections in yD near {xD, yD} = {0.0515827, 0.023846}. NIntegrate obtained 0.000371728 and 2.48248 10   for the integral and error estimates.
StringForm[From `1`:, Parallel`Kernels`kernel[Parallel`Kernels`Private`bk[SubKernels`LocalKernels`localKernel[SubKernels`LocalKernels`Private`lk[LinkObject[/usr/local/Wolfram/Mathematica/12.0/Executables/wolfram -subkernel -noinit -nopaclet -wstp, 209, 4], {/usr/local/Wolfram/Mathematica/12.0/Executables/wolfram -subkernel -noinit -nopaclet -wstp}, SubKernels`LocalKernels`Private`speed$21849, SubKernels`LocalKernels`Private`preemptive$21849]], Parallel`Kernels`Private`id$21865, Parallel`Kernels`Private`name$21865], Parallel`Kernels`Private`ek[Parallel`Kernels`Private`nev$21866, Parallel`Kernels`Private`pb$21866, Parallel`Kernels`Private`rd$21866], Parallel`Kernels`Private`sk[Parallel`Kernels`Private`q$21867, Parallel`Kernels`Private`n0$21867, Parallel`Kernels`Private`n1$21867]]]
                                                                                                                                                                                                -6
NIntegrate::ncvb: NIntegrate failed to converge to prescribed accuracy after 2 recursive bisections in yD near {xD, yD} = {0.0515827, -0.014338}. NIntegrate obtained 0.000940312 and 3.42126 10   for the integral and error estimates.
StringForm[From `1`:, Parallel`Kernels`kernel[Parallel`Kernels`Private`bk[SubKernels`LocalKernels`localKernel[SubKernels`LocalKernels`Private`lk[LinkObject[/usr/local/Wolfram/Mathematica/12.0/Executables/wolfram -subkernel -noinit -nopaclet -wstp, 207, 2], {/usr/local/Wolfram/Mathematica/12.0/Executables/wolfram -subkernel -noinit -nopaclet -wstp}, SubKernels`LocalKernels`Private`speed$21847, SubKernels`LocalKernels`Private`preemptive$21847]], Parallel`Kernels`Private`id$21857, Parallel`Kernels`Private`name$21857], Parallel`Kernels`Private`ek[Parallel`Kernels`Private`nev$21858, Parallel`Kernels`Private`pb$21858, Parallel`Kernels`Private`rd$21858], Parallel`Kernels`Private`sk[Parallel`Kernels`Private`q$21859, Parallel`Kernels`Private`n0$21859, Parallel`Kernels`Private`n1$21859]]]
                                                                                                                                                                                              -6
NIntegrate::ncvb: NIntegrate failed to converge to prescribed accuracy after 2 recursive bisections in xD near {xD, yD} = {0.0527394, -0.0119}. NIntegrate obtained 0.0000741593 and 1.3742 10   for the integral and error estimates.
a = -1030e-4
Time consumption: 2.704864733611111
MaxMemUse :144.2973175048828 MB
