
Get::noopen: Cannot open a-1055/Transfer_08-09-20_SC_Prot_opt_dAlpha_D_a-1055_P0.m.

Get::noopen: Cannot open a-1055/Transfer_08-09-20_SC_Prot_opt_dAlpha_D_a-1055_P1.m.

Get::noopen: Cannot open a-1055/Transfer_08-09-20_SC_Prot_opt_dAlpha_D_a-1055_P2.m.

Get::noopen: Cannot open a-1055/Transfer_08-09-20_SC_Prot_opt_dAlpha_D_a-1055_P3.m.

Get::noopen: Cannot open a-1055/Transfer_08-09-20_SC_Prot_opt_dAlpha_D_a-1055_P4.m.

Get::noopen: Cannot open a-1055/Transfer_08-09-20_SC_Prot_opt_dAlpha_D_a-1055_P5.m.

Get::noopen: Cannot open a-1055/Transfer_08-09-20_SC_Prot_opt_dAlpha_D_a-1055_P6.m.
Configured Kernels: {SubKernels`LocalKernels`LocalMachine[6, SubKernels`LocalKernels`LowerPriority -> True]}
Processor Count: 6
Modules loaded ...
6 Kernels launched ...
Run started at Wed 3 Mar 2021 12:57:43, Bins: {1, 98}
StringForm[From `1`:, Parallel`Kernels`kernel[Parallel`Kernels`Private`bk[SubKernels`LocalKernels`localKernel[SubKernels`LocalKernels`Private`lk[LinkObject[/usr/local/Wolfram/Mathematica/12.0/Executables/wolfram -subkernel -noinit -nopaclet -wstp, 218, 5], {/usr/local/Wolfram/Mathematica/12.0/Executables/wolfram -subkernel -noinit -nopaclet -wstp}, SubKernels`LocalKernels`Private`speed$55075, SubKernels`LocalKernels`Private`preemptive$55075]], Parallel`Kernels`Private`id$55096, Parallel`Kernels`Private`name$55096], Parallel`Kernels`Private`ek[Parallel`Kernels`Private`nev$55097, Parallel`Kernels`Private`pb$55097, Parallel`Kernels`Private`rd$55097], Parallel`Kernels`Private`sk[Parallel`Kernels`Private`q$55098, Parallel`Kernels`Private`n0$55098, Parallel`Kernels`Private`n1$55098]]]
                                                                                                                                                                                                 -6
NIntegrate::ncvb: NIntegrate failed to converge to prescribed accuracy after 2 recursive bisections in yD near {xD, yD} = {0.0273052, 0.0217733}. NIntegrate obtained 0.0000104937 and 1.05564 10   for the integral and error estimates.
StringForm[From `1`:, Parallel`Kernels`kernel[Parallel`Kernels`Private`bk[SubKernels`LocalKernels`localKernel[SubKernels`LocalKernels`Private`lk[LinkObject[/usr/local/Wolfram/Mathematica/12.0/Executables/wolfram -subkernel -noinit -nopaclet -wstp, 207, 4], {/usr/local/Wolfram/Mathematica/12.0/Executables/wolfram -subkernel -noinit -nopaclet -wstp}, SubKernels`LocalKernels`Private`speed$21376, SubKernels`LocalKernels`Private`preemptive$21376]], Parallel`Kernels`Private`id$21392, Parallel`Kernels`Private`name$21392], Parallel`Kernels`Private`ek[Parallel`Kernels`Private`nev$21393, Parallel`Kernels`Private`pb$21393, Parallel`Kernels`Private`rd$21393], Parallel`Kernels`Private`sk[Parallel`Kernels`Private`q$21394, Parallel`Kernels`Private`n0$21394, Parallel`Kernels`Private`n1$21394]]]
NIntegrate::ncvb: NIntegrate failed to converge to prescribed accuracy after 2 recursive bisections in yD near {xD, yD} = {0.0298052, 0.0218641}. NIntegrate obtained 0.000331498 and 0.0000164657 for the integral and error estimates.
StringForm[From `1`:, Parallel`Kernels`kernel[Parallel`Kernels`Private`bk[SubKernels`LocalKernels`localKernel[SubKernels`LocalKernels`Private`lk[LinkObject[/usr/local/Wolfram/Mathematica/12.0/Executables/wolfram -subkernel -noinit -nopaclet -wstp, 205, 2], {/usr/local/Wolfram/Mathematica/12.0/Executables/wolfram -subkernel -noinit -nopaclet -wstp}, SubKernels`LocalKernels`Private`speed$21374, SubKernels`LocalKernels`Private`preemptive$21374]], Parallel`Kernels`Private`id$21384, Parallel`Kernels`Private`name$21384], Parallel`Kernels`Private`ek[Parallel`Kernels`Private`nev$21385, Parallel`Kernels`Private`pb$21385, Parallel`Kernels`Private`rd$21385], Parallel`Kernels`Private`sk[Parallel`Kernels`Private`q$21386, Parallel`Kernels`Private`n0$21386, Parallel`Kernels`Private`n1$21386]]]
NIntegrate::ncvb: NIntegrate failed to converge to prescribed accuracy after 2 recursive bisections in yD near {xD, yD} = {0.0298052, -0.0144959}. NIntegrate obtained 0.00309898 and 0.0000224539 for the integral and error estimates.
StringForm[From `1`:, Parallel`Kernels`kernel[Parallel`Kernels`Private`bk[SubKernels`LocalKernels`localKernel[SubKernels`LocalKernels`Private`lk[LinkObject[/usr/local/Wolfram/Mathematica/12.0/Executables/wolfram -subkernel -noinit -nopaclet -wstp, 206, 3], {/usr/local/Wolfram/Mathematica/12.0/Executables/wolfram -subkernel -noinit -nopaclet -wstp}, SubKernels`LocalKernels`Private`speed$21375, SubKernels`LocalKernels`Private`preemptive$21375]], Parallel`Kernels`Private`id$21388, Parallel`Kernels`Private`name$21388], Parallel`Kernels`Private`ek[Parallel`Kernels`Private`nev$21389, Parallel`Kernels`Private`pb$21389, Parallel`Kernels`Private`rd$21389], Parallel`Kernels`Private`sk[Parallel`Kernels`Private`q$21390, Parallel`Kernels`Private`n0$21390, Parallel`Kernels`Private`n1$21390]]]
NIntegrate::ncvb: NIntegrate failed to converge to prescribed accuracy after 2 recursive bisections in yD near {xD, yD} = {0.0310552, -0.0144959}. NIntegrate obtained 0.00721637 and 0.0000362368 for the integral and error estimates.
a = -1055e-4
Time consumption: 9.259093602777778
MaxMemUse :142.51388549804688 MB
Configured Kernels: {SubKernels`LocalKernels`LocalMachine[4, SubKernels`LocalKernels`LowerPriority -> True]}
Processor Count: 4
Modules loaded ...
4 Kernels launched ...
Run started at Thu 15 Apr 2021 21:28:49, Bins: {50, 98}
StringForm[From `1`:, Parallel`Kernels`kernel[Parallel`Kernels`Private`bk[SubKernels`LocalKernels`localKernel[SubKernels`LocalKernels`Private`lk[LinkObject[/usr/local/Wolfram/Mathematica/12.0/Executables/wolfram -subkernel -noinit -nopaclet -wstp, 205, 2], {/usr/local/Wolfram/Mathematica/12.0/Executables/wolfram -subkernel -noinit -nopaclet -wstp}, SubKernels`LocalKernels`Private`speed$20302, SubKernels`LocalKernels`Private`preemptive$20302]], Parallel`Kernels`Private`id$20312, Parallel`Kernels`Private`name$20312], Parallel`Kernels`Private`ek[Parallel`Kernels`Private`nev$20313, Parallel`Kernels`Private`pb$20313, Parallel`Kernels`Private`rd$20313], Parallel`Kernels`Private`sk[Parallel`Kernels`Private`q$20314, Parallel`Kernels`Private`n0$20314, Parallel`Kernels`Private`n1$20314]]]
                                                                                                                                                                                                -6
NIntegrate::ncvb: NIntegrate failed to converge to prescribed accuracy after 2 recursive bisections in yD near {xD, yD} = {0.0271103, 0.0224458}. NIntegrate obtained 0.0000115089 and 3.2038 10   for the integral and error estimates.
StringForm[From `1`:, Parallel`Kernels`kernel[Parallel`Kernels`Private`bk[SubKernels`LocalKernels`localKernel[SubKernels`LocalKernels`Private`lk[LinkObject[/usr/local/Wolfram/Mathematica/12.0/Executables/wolfram -subkernel -noinit -nopaclet -wstp, 204, 1], {/usr/local/Wolfram/Mathematica/12.0/Executables/wolfram -subkernel -noinit -nopaclet -wstp}, SubKernels`LocalKernels`Private`speed$20301, SubKernels`LocalKernels`Private`preemptive$20301]], Parallel`Kernels`Private`id$20308, Parallel`Kernels`Private`name$20308], Parallel`Kernels`Private`ek[Parallel`Kernels`Private`nev$20309, Parallel`Kernels`Private`pb$20309, Parallel`Kernels`Private`rd$20309], Parallel`Kernels`Private`sk[Parallel`Kernels`Private`q$20310, Parallel`Kernels`Private`n0$20310, Parallel`Kernels`Private`n1$20310]]]
                                                                                                                                                                                                  -6
NIntegrate::ncvb: NIntegrate failed to converge to prescribed accuracy after 2 recursive bisections in yD near {xD, yD} = {0.0296103, -0.0157374}. NIntegrate obtained 0.0000248995 and 3.04002 10   for the integral and error estimates.
StringForm[From `1`:, Parallel`Kernels`kernel[Parallel`Kernels`Private`bk[SubKernels`LocalKernels`localKernel[SubKernels`LocalKernels`Private`lk[LinkObject[/usr/local/Wolfram/Mathematica/12.0/Executables/wolfram -subkernel -noinit -nopaclet -wstp, 205, 2], {/usr/local/Wolfram/Mathematica/12.0/Executables/wolfram -subkernel -noinit -nopaclet -wstp}, SubKernels`LocalKernels`Private`speed$20302, SubKernels`LocalKernels`Private`preemptive$20302]], Parallel`Kernels`Private`id$20312, Parallel`Kernels`Private`name$20312], Parallel`Kernels`Private`ek[Parallel`Kernels`Private`nev$20313, Parallel`Kernels`Private`pb$20313, Parallel`Kernels`Private`rd$20313], Parallel`Kernels`Private`sk[Parallel`Kernels`Private`q$20314, Parallel`Kernels`Private`n0$20314, Parallel`Kernels`Private`n1$20314]]]
NIntegrate::ncvb: NIntegrate failed to converge to prescribed accuracy after 2 recursive bisections in yD near {xD, yD} = {0.0296103, 0.0224458}. NIntegrate obtained 0.000422155 and 0.0000306104 for the integral and error estimates.
StringForm[From `1`:, Parallel`Kernels`kernel[Parallel`Kernels`Private`bk[SubKernels`LocalKernels`localKernel[SubKernels`LocalKernels`Private`lk[LinkObject[/usr/local/Wolfram/Mathematica/12.0/Executables/wolfram -subkernel -noinit -nopaclet -wstp, 204, 1], {/usr/local/Wolfram/Mathematica/12.0/Executables/wolfram -subkernel -noinit -nopaclet -wstp}, SubKernels`LocalKernels`Private`speed$20301, SubKernels`LocalKernels`Private`preemptive$20301]], Parallel`Kernels`Private`id$20308, Parallel`Kernels`Private`name$20308], Parallel`Kernels`Private`ek[Parallel`Kernels`Private`nev$20309, Parallel`Kernels`Private`pb$20309, Parallel`Kernels`Private`rd$20309], Parallel`Kernels`Private`sk[Parallel`Kernels`Private`q$20310, Parallel`Kernels`Private`n0$20310, Parallel`Kernels`Private`n1$20310]]]
                                                                                                                                                                                                 -6
NIntegrate::ncvb: NIntegrate failed to converge to prescribed accuracy after 2 recursive bisections in yD near {xD, yD} = {0.0321103, -0.0157374}. NIntegrate obtained 0.000526711 and 4.65591 10   for the integral and error estimates.
StringForm[From `1`:, Parallel`Kernels`kernel[Parallel`Kernels`Private`bk[SubKernels`LocalKernels`localKernel[SubKernels`LocalKernels`Private`lk[LinkObject[/usr/local/Wolfram/Mathematica/12.0/Executables/wolfram -subkernel -noinit -nopaclet -wstp, 206, 3], {/usr/local/Wolfram/Mathematica/12.0/Executables/wolfram -subkernel -noinit -nopaclet -wstp}, SubKernels`LocalKernels`Private`speed$20303, SubKernels`LocalKernels`Private`preemptive$20303]], Parallel`Kernels`Private`id$20316, Parallel`Kernels`Private`name$20316], Parallel`Kernels`Private`ek[Parallel`Kernels`Private`nev$20317, Parallel`Kernels`Private`pb$20317, Parallel`Kernels`Private`rd$20317], Parallel`Kernels`Private`sk[Parallel`Kernels`Private`q$20318, Parallel`Kernels`Private`n0$20318, Parallel`Kernels`Private`n1$20318]]]
NIntegrate::ncvb: NIntegrate failed to converge to prescribed accuracy after 2 recursive bisections in yD near {xD, yD} = {0.0296103, -0.0139192}. NIntegrate obtained 0.00681977 and 0.000055004 for the integral and error estimates.
StringForm[From `1`:, Parallel`Kernels`kernel[Parallel`Kernels`Private`bk[SubKernels`LocalKernels`localKernel[SubKernels`LocalKernels`Private`lk[LinkObject[/usr/local/Wolfram/Mathematica/12.0/Executables/wolfram -subkernel -noinit -nopaclet -wstp, 206, 3], {/usr/local/Wolfram/Mathematica/12.0/Executables/wolfram -subkernel -noinit -nopaclet -wstp}, SubKernels`LocalKernels`Private`speed$20303, SubKernels`LocalKernels`Private`preemptive$20303]], Parallel`Kernels`Private`id$20316, Parallel`Kernels`Private`name$20316], Parallel`Kernels`Private`ek[Parallel`Kernels`Private`nev$20317, Parallel`Kernels`Private`pb$20317, Parallel`Kernels`Private`rd$20317], Parallel`Kernels`Private`sk[Parallel`Kernels`Private`q$20318, Parallel`Kernels`Private`n0$20318, Parallel`Kernels`Private`n1$20318]]]
NIntegrate::ncvb: NIntegrate failed to converge to prescribed accuracy after 2 recursive bisections in yD near {xD, yD} = {0.0346103, -0.0175557}. NIntegrate obtained 0.00268335 and 0.0000464242 for the integral and error estimates.
StringForm[From `1`:, Parallel`Kernels`kernel[Parallel`Kernels`Private`bk[SubKernels`LocalKernels`localKernel[SubKernels`LocalKernels`Private`lk[LinkObject[/usr/local/Wolfram/Mathematica/12.0/Executables/wolfram -subkernel -noinit -nopaclet -wstp, 204, 1], {/usr/local/Wolfram/Mathematica/12.0/Executables/wolfram -subkernel -noinit -nopaclet -wstp}, SubKernels`LocalKernels`Private`speed$20301, SubKernels`LocalKernels`Private`preemptive$20301]], Parallel`Kernels`Private`id$20308, Parallel`Kernels`Private`name$20308], Parallel`Kernels`Private`ek[Parallel`Kernels`Private`nev$20309, Parallel`Kernels`Private`pb$20309, Parallel`Kernels`Private`rd$20309], Parallel`Kernels`Private`sk[Parallel`Kernels`Private`q$20310, Parallel`Kernels`Private`n0$20310, Parallel`Kernels`Private`n1$20310]]]
NIntegrate::ncvb: NIntegrate failed to converge to prescribed accuracy after 2 recursive bisections in yD near {xD, yD} = {0.0321103, 0.0224458}. NIntegrate obtained 0.00263809 and 0.000118761 for the integral and error estimates.
StringForm[From `1`:, Parallel`Kernels`kernel[Parallel`Kernels`Private`bk[SubKernels`LocalKernels`localKernel[SubKernels`LocalKernels`Private`lk[LinkObject[/usr/local/Wolfram/Mathematica/12.0/Executables/wolfram -subkernel -noinit -nopaclet -wstp, 205, 2], {/usr/local/Wolfram/Mathematica/12.0/Executables/wolfram -subkernel -noinit -nopaclet -wstp}, SubKernels`LocalKernels`Private`speed$20302, SubKernels`LocalKernels`Private`preemptive$20302]], Parallel`Kernels`Private`id$20312, Parallel`Kernels`Private`name$20312], Parallel`Kernels`Private`ek[Parallel`Kernels`Private`nev$20313, Parallel`Kernels`Private`pb$20313, Parallel`Kernels`Private`rd$20313], Parallel`Kernels`Private`sk[Parallel`Kernels`Private`q$20314, Parallel`Kernels`Private`n0$20314, Parallel`Kernels`Private`n1$20314]]]
NIntegrate::ncvb: NIntegrate failed to converge to prescribed accuracy after 2 recursive bisections in yD near {xD, yD} = {0.0321103, -0.0139192}. NIntegrate obtained 0.0356162 and 0.000226634 for the integral and error estimates.
Configured Kernels: {SubKernels`LocalKernels`LocalMachine[4, SubKernels`LocalKernels`LowerPriority -> True]}
Processor Count: 4
