Configured Kernels: {SubKernels`LocalKernels`LocalMachine[4, SubKernels`LocalKernels`LowerPriority -> True]}
Processor Count: 4
Modules loaded ...
4 Kernels launched ...
Run started at Wed 12 May 2021 14:16:02, Bins: {1, 49}
StringForm[From `1`:, Parallel`Kernels`kernel[Parallel`Kernels`Private`bk[SubKernels`LocalKernels`localKernel[SubKernels`LocalKernels`Private`lk[LinkObject[/usr/local/Wolfram/Mathematica/12.0/Executables/wolfram -subkernel -noinit -nopaclet -wstp, 204, 1], {/usr/local/Wolfram/Mathematica/12.0/Executables/wolfram -subkernel -noinit -nopaclet -wstp}, SubKernels`LocalKernels`Private`speed$21396, SubKernels`LocalKernels`Private`preemptive$21396]], Parallel`Kernels`Private`id$21403, Parallel`Kernels`Private`name$21403], Parallel`Kernels`Private`ek[Parallel`Kernels`Private`nev$21404, Parallel`Kernels`Private`pb$21404, Parallel`Kernels`Private`rd$21404], Parallel`Kernels`Private`sk[Parallel`Kernels`Private`q$21405, Parallel`Kernels`Private`n0$21405, Parallel`Kernels`Private`n1$21405]]]
                                                                                                                                                                                                -6
NIntegrate::ncvb: NIntegrate failed to converge to prescribed accuracy after 2 recursive bisections in yD near {xD, yD} = {0.0272077, 0.022255}. NIntegrate obtained 0.0000106202 and 2.67825 10   for the integral and error estimates.
StringForm[From `1`:, Parallel`Kernels`kernel[Parallel`Kernels`Private`bk[SubKernels`LocalKernels`localKernel[SubKernels`LocalKernels`Private`lk[LinkObject[/usr/local/Wolfram/Mathematica/12.0/Executables/wolfram -subkernel -noinit -nopaclet -wstp, 207, 4], {/usr/local/Wolfram/Mathematica/12.0/Executables/wolfram -subkernel -noinit -nopaclet -wstp}, SubKernels`LocalKernels`Private`speed$21399, SubKernels`LocalKernels`Private`preemptive$21399]], Parallel`Kernels`Private`id$21415, Parallel`Kernels`Private`name$21415], Parallel`Kernels`Private`ek[Parallel`Kernels`Private`nev$21416, Parallel`Kernels`Private`pb$21416, Parallel`Kernels`Private`rd$21416], Parallel`Kernels`Private`sk[Parallel`Kernels`Private`q$21417, Parallel`Kernels`Private`n0$21417, Parallel`Kernels`Private`n1$21417]]]
                                                                                                                                                                                                -6
NIntegrate::ncvb: NIntegrate failed to converge to prescribed accuracy after 2 recursive bisections in yD near {xD, yD} = {0.0272077, -0.014338}. NIntegrate obtained 0.000114399 and 1.37005 10   for the integral and error estimates.
StringForm[From `1`:, Parallel`Kernels`kernel[Parallel`Kernels`Private`bk[SubKernels`LocalKernels`localKernel[SubKernels`LocalKernels`Private`lk[LinkObject[/usr/local/Wolfram/Mathematica/12.0/Executables/wolfram -subkernel -noinit -nopaclet -wstp, 206, 3], {/usr/local/Wolfram/Mathematica/12.0/Executables/wolfram -subkernel -noinit -nopaclet -wstp}, SubKernels`LocalKernels`Private`speed$21398, SubKernels`LocalKernels`Private`preemptive$21398]], Parallel`Kernels`Private`id$21411, Parallel`Kernels`Private`name$21411], Parallel`Kernels`Private`ek[Parallel`Kernels`Private`nev$21412, Parallel`Kernels`Private`pb$21412, Parallel`Kernels`Private`rd$21412], Parallel`Kernels`Private`sk[Parallel`Kernels`Private`q$21413, Parallel`Kernels`Private`n0$21413, Parallel`Kernels`Private`n1$21413]]]
NIntegrate::ncvb: NIntegrate failed to converge to prescribed accuracy after 2 recursive bisections in yD near {xD, yD} = {0.0290827, -0.014338}. NIntegrate obtained 0.00208125 and 0.000030602 for the integral and error estimates.
a = -1040e-4
Time consumption: 1.9718970619444445
MaxMemUse :142.95996856689453 MB
Configured Kernels: {SubKernels`LocalKernels`LocalMachine[4, SubKernels`LocalKernels`LowerPriority -> True]}
Processor Count: 4
Modules loaded ...
4 Kernels launched ...
Run started at Wed 12 May 2021 16:14:21, Bins: {50, 98}
StringForm[From `1`:, Parallel`Kernels`kernel[Parallel`Kernels`Private`bk[SubKernels`LocalKernels`localKernel[SubKernels`LocalKernels`Private`lk[LinkObject[/usr/local/Wolfram/Mathematica/12.0/Executables/wolfram -subkernel -noinit -nopaclet -wstp, 204, 1], {/usr/local/Wolfram/Mathematica/12.0/Executables/wolfram -subkernel -noinit -nopaclet -wstp}, SubKernels`LocalKernels`Private`speed$21382, SubKernels`LocalKernels`Private`preemptive$21382]], Parallel`Kernels`Private`id$21389, Parallel`Kernels`Private`name$21389], Parallel`Kernels`Private`ek[Parallel`Kernels`Private`nev$21390, Parallel`Kernels`Private`pb$21390, Parallel`Kernels`Private`rd$21390], Parallel`Kernels`Private`sk[Parallel`Kernels`Private`q$21391, Parallel`Kernels`Private`n0$21391, Parallel`Kernels`Private`n1$21391]]]
NIntegrate::ncvb: NIntegrate failed to converge to prescribed accuracy after 2 recursive bisections in yD near {xD, yD} = {0.0290827, 0.022255}. NIntegrate obtained 0.000207026 and 0.0000136666 for the integral and error estimates.
StringForm[From `1`:, Parallel`Kernels`kernel[Parallel`Kernels`Private`bk[SubKernels`LocalKernels`localKernel[SubKernels`LocalKernels`Private`lk[LinkObject[/usr/local/Wolfram/Mathematica/12.0/Executables/wolfram -subkernel -noinit -nopaclet -wstp, 205, 2], {/usr/local/Wolfram/Mathematica/12.0/Executables/wolfram -subkernel -noinit -nopaclet -wstp}, SubKernels`LocalKernels`Private`speed$21383, SubKernels`LocalKernels`Private`preemptive$21383]], Parallel`Kernels`Private`id$21393, Parallel`Kernels`Private`name$21393], Parallel`Kernels`Private`ek[Parallel`Kernels`Private`nev$21394, Parallel`Kernels`Private`pb$21394, Parallel`Kernels`Private`rd$21394], Parallel`Kernels`Private`sk[Parallel`Kernels`Private`q$21395, Parallel`Kernels`Private`n0$21395, Parallel`Kernels`Private`n1$21395]]]
                                                                                                                                                                               -6             -6
NIntegrate::ncvb: NIntegrate failed to converge to prescribed accuracy after 2 recursive bisections in yD near {xD, yD} = {0.0328327, -0.01752}. NIntegrate obtained 7.86085 10   and 1.853 10   for the integral and error estimates.
StringForm[From `1`:, Parallel`Kernels`kernel[Parallel`Kernels`Private`bk[SubKernels`LocalKernels`localKernel[SubKernels`LocalKernels`Private`lk[LinkObject[/usr/local/Wolfram/Mathematica/12.0/Executables/wolfram -subkernel -noinit -nopaclet -wstp, 206, 3], {/usr/local/Wolfram/Mathematica/12.0/Executables/wolfram -subkernel -noinit -nopaclet -wstp}, SubKernels`LocalKernels`Private`speed$21384, SubKernels`LocalKernels`Private`preemptive$21384]], Parallel`Kernels`Private`id$21397, Parallel`Kernels`Private`name$21397], Parallel`Kernels`Private`ek[Parallel`Kernels`Private`nev$21398, Parallel`Kernels`Private`pb$21398, Parallel`Kernels`Private`rd$21398], Parallel`Kernels`Private`sk[Parallel`Kernels`Private`q$21399, Parallel`Kernels`Private`n0$21399, Parallel`Kernels`Private`n1$21399]]]
NIntegrate::ncvb: NIntegrate failed to converge to prescribed accuracy after 2 recursive bisections in yD near {xD, yD} = {0.0309577, -0.014338}. NIntegrate obtained 0.00928654 and 0.000109249 for the integral and error estimates.
StringForm[From `1`:, Parallel`Kernels`kernel[Parallel`Kernels`Private`bk[SubKernels`LocalKernels`localKernel[SubKernels`LocalKernels`Private`lk[LinkObject[/usr/local/Wolfram/Mathematica/12.0/Executables/wolfram -subkernel -noinit -nopaclet -wstp, 207, 4], {/usr/local/Wolfram/Mathematica/12.0/Executables/wolfram -subkernel -noinit -nopaclet -wstp}, SubKernels`LocalKernels`Private`speed$21385, SubKernels`LocalKernels`Private`preemptive$21385]], Parallel`Kernels`Private`id$21401, Parallel`Kernels`Private`name$21401], Parallel`Kernels`Private`ek[Parallel`Kernels`Private`nev$21402, Parallel`Kernels`Private`pb$21402, Parallel`Kernels`Private`rd$21402], Parallel`Kernels`Private`sk[Parallel`Kernels`Private`q$21403, Parallel`Kernels`Private`n0$21403, Parallel`Kernels`Private`n1$21403]]]
NIntegrate::ncvb: NIntegrate failed to converge to prescribed accuracy after 2 recursive bisections in yD near {xD, yD} = {0.0309577, 0.022255}. NIntegrate obtained 0.00105351 and 0.0000482343 for the integral and error estimates.
StringForm[From `1`:, Parallel`Kernels`kernel[Parallel`Kernels`Private`bk[SubKernels`LocalKernels`localKernel[SubKernels`LocalKernels`Private`lk[LinkObject[/usr/local/Wolfram/Mathematica/12.0/Executables/wolfram -subkernel -noinit -nopaclet -wstp, 206, 3], {/usr/local/Wolfram/Mathematica/12.0/Executables/wolfram -subkernel -noinit -nopaclet -wstp}, SubKernels`LocalKernels`Private`speed$21384, SubKernels`LocalKernels`Private`preemptive$21384]], Parallel`Kernels`Private`id$21397, Parallel`Kernels`Private`name$21397], Parallel`Kernels`Private`ek[Parallel`Kernels`Private`nev$21398, Parallel`Kernels`Private`pb$21398, Parallel`Kernels`Private`rd$21398], Parallel`Kernels`Private`sk[Parallel`Kernels`Private`q$21399, Parallel`Kernels`Private`n0$21399, Parallel`Kernels`Private`n1$21399]]]
                                                                                                                                                                                                -6
NIntegrate::ncvb: NIntegrate failed to converge to prescribed accuracy after 2 recursive bisections in yD near {xD, yD} = {0.0347077, -0.01752}. NIntegrate obtained 0.0000996622 and 8.06956 10   for the integral and error estimates.
StringForm[From `1`:, Parallel`Kernels`kernel[Parallel`Kernels`Private`bk[SubKernels`LocalKernels`localKernel[SubKernels`LocalKernels`Private`lk[LinkObject[/usr/local/Wolfram/Mathematica/12.0/Executables/wolfram -subkernel -noinit -nopaclet -wstp, 205, 2], {/usr/local/Wolfram/Mathematica/12.0/Executables/wolfram -subkernel -noinit -nopaclet -wstp}, SubKernels`LocalKernels`Private`speed$21383, SubKernels`LocalKernels`Private`preemptive$21383]], Parallel`Kernels`Private`id$21393, Parallel`Kernels`Private`name$21393], Parallel`Kernels`Private`ek[Parallel`Kernels`Private`nev$21394, Parallel`Kernels`Private`pb$21394, Parallel`Kernels`Private`rd$21394], Parallel`Kernels`Private`sk[Parallel`Kernels`Private`q$21395, Parallel`Kernels`Private`n0$21395, Parallel`Kernels`Private`n1$21395]]]
NIntegrate::ncvb: NIntegrate failed to converge to prescribed accuracy after 2 recursive bisections in yD near {xD, yD} = {0.0328327, -0.014338}. NIntegrate obtained 0.0241673 and 0.000189699 for the integral and error estimates.
StringForm[From `1`:, Parallel`Kernels`kernel[Parallel`Kernels`Private`bk[SubKernels`LocalKernels`localKernel[SubKernels`LocalKernels`Private`lk[LinkObject[/usr/local/Wolfram/Mathematica/12.0/Executables/wolfram -subkernel -noinit -nopaclet -wstp, 204, 1], {/usr/local/Wolfram/Mathematica/12.0/Executables/wolfram -subkernel -noinit -nopaclet -wstp}, SubKernels`LocalKernels`Private`speed$21382, SubKernels`LocalKernels`Private`preemptive$21382]], Parallel`Kernels`Private`id$21389, Parallel`Kernels`Private`name$21389], Parallel`Kernels`Private`ek[Parallel`Kernels`Private`nev$21390, Parallel`Kernels`Private`pb$21390, Parallel`Kernels`Private`rd$21390], Parallel`Kernels`Private`sk[Parallel`Kernels`Private`q$21391, Parallel`Kernels`Private`n0$21391, Parallel`Kernels`Private`n1$21391]]]
NIntegrate::ncvb: NIntegrate failed to converge to prescribed accuracy after 2 recursive bisections in yD near {xD, yD} = {0.0347077, -0.014338}. NIntegrate obtained 0.0460908 and 0.000249267 for the integral and error estimates.
StringForm[From `1`:, Parallel`Kernels`kernel[Parallel`Kernels`Private`bk[SubKernels`LocalKernels`localKernel[SubKernels`LocalKernels`Private`lk[LinkObject[/usr/local/Wolfram/Mathematica/12.0/Executables/wolfram -subkernel -noinit -nopaclet -wstp, 206, 3], {/usr/local/Wolfram/Mathematica/12.0/Executables/wolfram -subkernel -noinit -nopaclet -wstp}, SubKernels`LocalKernels`Private`speed$21384, SubKernels`LocalKernels`Private`preemptive$21384]], Parallel`Kernels`Private`id$21397, Parallel`Kernels`Private`name$21397], Parallel`Kernels`Private`ek[Parallel`Kernels`Private`nev$21398, Parallel`Kernels`Private`pb$21398, Parallel`Kernels`Private`rd$21398], Parallel`Kernels`Private`sk[Parallel`Kernels`Private`q$21399, Parallel`Kernels`Private`n0$21399, Parallel`Kernels`Private`n1$21399]]]
NIntegrate::ncvb: NIntegrate failed to converge to prescribed accuracy after 2 recursive bisections in yD near {xD, yD} = {0.0347077, 0.022255}. NIntegrate obtained 0.00696186 and 0.0000855628 for the integral and error estimates.
StringForm[From `1`:, Parallel`Kernels`kernel[Parallel`Kernels`Private`bk[SubKernels`LocalKernels`localKernel[SubKernels`LocalKernels`Private`lk[LinkObject[/usr/local/Wolfram/Mathematica/12.0/Executables/wolfram -subkernel -noinit -nopaclet -wstp, 207, 4], {/usr/local/Wolfram/Mathematica/12.0/Executables/wolfram -subkernel -noinit -nopaclet -wstp}, SubKernels`LocalKernels`Private`speed$21385, SubKernels`LocalKernels`Private`preemptive$21385]], Parallel`Kernels`Private`id$21401, Parallel`Kernels`Private`name$21401], Parallel`Kernels`Private`ek[Parallel`Kernels`Private`nev$21402, Parallel`Kernels`Private`pb$21402, Parallel`Kernels`Private`rd$21402], Parallel`Kernels`Private`sk[Parallel`Kernels`Private`q$21403, Parallel`Kernels`Private`n0$21403, Parallel`Kernels`Private`n1$21403]]]
NIntegrate::ncvb: NIntegrate failed to converge to prescribed accuracy after 2 recursive bisections in yD near {xD, yD} = {0.0365827, -0.014338}. NIntegrate obtained 0.0694962 and 0.000271332 for the integral and error estimates.
StringForm[From `1`:, Parallel`Kernels`kernel[Parallel`Kernels`Private`bk[SubKernels`LocalKernels`localKernel[SubKernels`LocalKernels`Private`lk[LinkObject[/usr/local/Wolfram/Mathematica/12.0/Executables/wolfram -subkernel -noinit -nopaclet -wstp, 205, 2], {/usr/local/Wolfram/Mathematica/12.0/Executables/wolfram -subkernel -noinit -nopaclet -wstp}, SubKernels`LocalKernels`Private`speed$21383, SubKernels`LocalKernels`Private`preemptive$21383]], Parallel`Kernels`Private`id$21393, Parallel`Kernels`Private`name$21393], Parallel`Kernels`Private`ek[Parallel`Kernels`Private`nev$21394, Parallel`Kernels`Private`pb$21394, Parallel`Kernels`Private`rd$21394], Parallel`Kernels`Private`sk[Parallel`Kernels`Private`q$21395, Parallel`Kernels`Private`n0$21395, Parallel`Kernels`Private`n1$21395]]]
NIntegrate::ncvb: NIntegrate failed to converge to prescribed accuracy after 2 recursive bisections in yD near {xD, yD} = {0.0365827, 0.022255}. NIntegrate obtained 0.011825 and 0.0000483681 for the integral and error estimates.
a = -1040e-4
Time consumption: 9.889128501666667
MaxMemUse :142.99000549316406 MB
Configured Kernels: {SubKernels`LocalKernels`LocalMachine[4, SubKernels`LocalKernels`LowerPriority -> True]}
Processor Count: 4
Modules loaded ...
4 Kernels launched ...
Run started at Thu 13 May 2021 02:07:43, Bins: {99, 106}
StringForm[From `1`:, Parallel`Kernels`kernel[Parallel`Kernels`Private`bk[SubKernels`LocalKernels`localKernel[SubKernels`LocalKernels`Private`lk[LinkObject[/usr/local/Wolfram/Mathematica/12.0/Executables/wolfram -subkernel -noinit -nopaclet -wstp, 205, 2], {/usr/local/Wolfram/Mathematica/12.0/Executables/wolfram -subkernel -noinit -nopaclet -wstp}, SubKernels`LocalKernels`Private`speed$21454, SubKernels`LocalKernels`Private`preemptive$21454]], Parallel`Kernels`Private`id$21464, Parallel`Kernels`Private`name$21464], Parallel`Kernels`Private`ek[Parallel`Kernels`Private`nev$21465, Parallel`Kernels`Private`pb$21465, Parallel`Kernels`Private`rd$21465], Parallel`Kernels`Private`sk[Parallel`Kernels`Private`q$21466, Parallel`Kernels`Private`n0$21466, Parallel`Kernels`Private`n1$21466]]]
                                                                                                                                                                                               -6
NIntegrate::ncvb: NIntegrate failed to converge to prescribed accuracy after 2 recursive bisections in yD near {xD, yD} = {0.0384577, -0.019111}. NIntegrate obtained 0.000645271 and 7.7011 10   for the integral and error estimates.
StringForm[From `1`:, Parallel`Kernels`kernel[Parallel`Kernels`Private`bk[SubKernels`LocalKernels`localKernel[SubKernels`LocalKernels`Private`lk[LinkObject[/usr/local/Wolfram/Mathematica/12.0/Executables/wolfram -subkernel -noinit -nopaclet -wstp, 204, 1], {/usr/local/Wolfram/Mathematica/12.0/Executables/wolfram -subkernel -noinit -nopaclet -wstp}, SubKernels`LocalKernels`Private`speed$21453, SubKernels`LocalKernels`Private`preemptive$21453]], Parallel`Kernels`Private`id$21460, Parallel`Kernels`Private`name$21460], Parallel`Kernels`Private`ek[Parallel`Kernels`Private`nev$21461, Parallel`Kernels`Private`pb$21461, Parallel`Kernels`Private`rd$21461], Parallel`Kernels`Private`sk[Parallel`Kernels`Private`q$21462, Parallel`Kernels`Private`n0$21462, Parallel`Kernels`Private`n1$21462]]]
NIntegrate::ncvb: NIntegrate failed to converge to prescribed accuracy after 2 recursive bisections in yD near {xD, yD} = {0.0384577, -0.014338}. NIntegrate obtained 0.0863308 and 0.000243016 for the integral and error estimates.
a = -1040e-4
Time consumption: 2.9904969861111113
MaxMemUse :143.00963592529297 MB
Configured Kernels: {SubKernels`LocalKernels`LocalMachine[4, SubKernels`LocalKernels`LowerPriority -> True]}
Processor Count: 4
Modules loaded ...
4 Kernels launched ...
Run started at Thu 13 May 2021 05:07:10, Bins: {107, 122}
StringForm[From `1`:, Parallel`Kernels`kernel[Parallel`Kernels`Private`bk[SubKernels`LocalKernels`localKernel[SubKernels`LocalKernels`Private`lk[LinkObject[/usr/local/Wolfram/Mathematica/12.0/Executables/wolfram -subkernel -noinit -nopaclet -wstp, 204, 1], {/usr/local/Wolfram/Mathematica/12.0/Executables/wolfram -subkernel -noinit -nopaclet -wstp}, SubKernels`LocalKernels`Private`speed$21397, SubKernels`LocalKernels`Private`preemptive$21397]], Parallel`Kernels`Private`id$21404, Parallel`Kernels`Private`name$21404], Parallel`Kernels`Private`ek[Parallel`Kernels`Private`nev$21405, Parallel`Kernels`Private`pb$21405, Parallel`Kernels`Private`rd$21405], Parallel`Kernels`Private`sk[Parallel`Kernels`Private`q$21406, Parallel`Kernels`Private`n0$21406, Parallel`Kernels`Private`n1$21406]]]
                                                                                                                                                                                                -6
NIntegrate::ncvb: NIntegrate failed to converge to prescribed accuracy after 2 recursive bisections in yD near {xD, yD} = {0.0403327, -0.019111}. NIntegrate obtained 0.000818944 and 9.95794 10   for the integral and error estimates.
StringForm[From `1`:, Parallel`Kernels`kernel[Parallel`Kernels`Private`bk[SubKernels`LocalKernels`localKernel[SubKernels`LocalKernels`Private`lk[LinkObject[/usr/local/Wolfram/Mathematica/12.0/Executables/wolfram -subkernel -noinit -nopaclet -wstp, 207, 4], {/usr/local/Wolfram/Mathematica/12.0/Executables/wolfram -subkernel -noinit -nopaclet -wstp}, SubKernels`LocalKernels`Private`speed$21400, SubKernels`LocalKernels`Private`preemptive$21400]], Parallel`Kernels`Private`id$21416, Parallel`Kernels`Private`name$21416], Parallel`Kernels`Private`ek[Parallel`Kernels`Private`nev$21417, Parallel`Kernels`Private`pb$21417, Parallel`Kernels`Private`rd$21417], Parallel`Kernels`Private`sk[Parallel`Kernels`Private`q$21418, Parallel`Kernels`Private`n0$21418, Parallel`Kernels`Private`n1$21418]]]
NIntegrate::ncvb: NIntegrate failed to converge to prescribed accuracy after 2 recursive bisections in yD near {xD, yD} = {0.0403327, 0.022255}. NIntegrate obtained 0.0179132 and 0.000107911 for the integral and error estimates.
StringForm[From `1`:, Parallel`Kernels`kernel[Parallel`Kernels`Private`bk[SubKernels`LocalKernels`localKernel[SubKernels`LocalKernels`Private`lk[LinkObject[/usr/local/Wolfram/Mathematica/12.0/Executables/wolfram -subkernel -noinit -nopaclet -wstp, 206, 3], {/usr/local/Wolfram/Mathematica/12.0/Executables/wolfram -subkernel -noinit -nopaclet -wstp}, SubKernels`LocalKernels`Private`speed$21399, SubKernels`LocalKernels`Private`preemptive$21399]], Parallel`Kernels`Private`id$21412, Parallel`Kernels`Private`name$21412], Parallel`Kernels`Private`ek[Parallel`Kernels`Private`nev$21413, Parallel`Kernels`Private`pb$21413, Parallel`Kernels`Private`rd$21413], Parallel`Kernels`Private`sk[Parallel`Kernels`Private`q$21414, Parallel`Kernels`Private`n0$21414, Parallel`Kernels`Private`n1$21414]]]
NIntegrate::ncvb: NIntegrate failed to converge to prescribed accuracy after 3 recursive bisections in yD near {xD, yD} = {0.0384577, 0.0215835}. NIntegrate obtained 0.0160067 and 0.0000316197 for the integral and error estimates.
a = -1040e-4
Time consumption: 5.335183827222223
MaxMemUse :143.01731872558594 MB
Configured Kernels: {SubKernels`LocalKernels`LocalMachine[4, SubKernels`LocalKernels`LowerPriority -> True]}
Processor Count: 4
Modules loaded ...
4 Kernels launched ...
Run started at Thu 13 May 2021 10:27:17, Bins: {123, 138}
StringForm[From `1`:, Parallel`Kernels`kernel[Parallel`Kernels`Private`bk[SubKernels`LocalKernels`localKernel[SubKernels`LocalKernels`Private`lk[LinkObject[/usr/local/Wolfram/Mathematica/12.0/Executables/wolfram -subkernel -noinit -nopaclet -wstp, 207, 4], {/usr/local/Wolfram/Mathematica/12.0/Executables/wolfram -subkernel -noinit -nopaclet -wstp}, SubKernels`LocalKernels`Private`speed$21350, SubKernels`LocalKernels`Private`preemptive$21350]], Parallel`Kernels`Private`id$21366, Parallel`Kernels`Private`name$21366], Parallel`Kernels`Private`ek[Parallel`Kernels`Private`nev$21367, Parallel`Kernels`Private`pb$21367, Parallel`Kernels`Private`rd$21367], Parallel`Kernels`Private`sk[Parallel`Kernels`Private`q$21368, Parallel`Kernels`Private`n0$21368, Parallel`Kernels`Private`n1$21368]]]
                                                                                                                                                                                                -6
NIntegrate::ncvb: NIntegrate failed to converge to prescribed accuracy after 2 recursive bisections in yD near {xD, yD} = {0.0422077, -0.019111}. NIntegrate obtained 0.000873021 and 8.88438 10   for the integral and error estimates.
StringForm[From `1`:, Parallel`Kernels`kernel[Parallel`Kernels`Private`bk[SubKernels`LocalKernels`localKernel[SubKernels`LocalKernels`Private`lk[LinkObject[/usr/local/Wolfram/Mathematica/12.0/Executables/wolfram -subkernel -noinit -nopaclet -wstp, 204, 1], {/usr/local/Wolfram/Mathematica/12.0/Executables/wolfram -subkernel -noinit -nopaclet -wstp}, SubKernels`LocalKernels`Private`speed$21347, SubKernels`LocalKernels`Private`preemptive$21347]], Parallel`Kernels`Private`id$21354, Parallel`Kernels`Private`name$21354], Parallel`Kernels`Private`ek[Parallel`Kernels`Private`nev$21355, Parallel`Kernels`Private`pb$21355, Parallel`Kernels`Private`rd$21355], Parallel`Kernels`Private`sk[Parallel`Kernels`Private`q$21356, Parallel`Kernels`Private`n0$21356, Parallel`Kernels`Private`n1$21356]]]
                                                                                                                                                                                                -6
NIntegrate::ncvb: NIntegrate failed to converge to prescribed accuracy after 2 recursive bisections in yD near {xD, yD} = {0.0440827, -0.019111}. NIntegrate obtained 0.000845819 and 7.51414 10   for the integral and error estimates.
StringForm[From `1`:, Parallel`Kernels`kernel[Parallel`Kernels`Private`bk[SubKernels`LocalKernels`localKernel[SubKernels`LocalKernels`Private`lk[LinkObject[/usr/local/Wolfram/Mathematica/12.0/Executables/wolfram -subkernel -noinit -nopaclet -wstp, 207, 4], {/usr/local/Wolfram/Mathematica/12.0/Executables/wolfram -subkernel -noinit -nopaclet -wstp}, SubKernels`LocalKernels`Private`speed$21350, SubKernels`LocalKernels`Private`preemptive$21350]], Parallel`Kernels`Private`id$21366, Parallel`Kernels`Private`name$21366], Parallel`Kernels`Private`ek[Parallel`Kernels`Private`nev$21367, Parallel`Kernels`Private`pb$21367, Parallel`Kernels`Private`rd$21367], Parallel`Kernels`Private`sk[Parallel`Kernels`Private`q$21368, Parallel`Kernels`Private`n0$21368, Parallel`Kernels`Private`n1$21368]]]
NIntegrate::ncvb: NIntegrate failed to converge to prescribed accuracy after 2 recursive bisections in yD near {xD, yD} = {0.0422077, 0.022255}. NIntegrate obtained 0.0173748 and 0.000256814 for the integral and error estimates.
StringForm[From `1`:, Parallel`Kernels`kernel[Parallel`Kernels`Private`bk[SubKernels`LocalKernels`localKernel[SubKernels`LocalKernels`Private`lk[LinkObject[/usr/local/Wolfram/Mathematica/12.0/Executables/wolfram -subkernel -noinit -nopaclet -wstp, 205, 2], {/usr/local/Wolfram/Mathematica/12.0/Executables/wolfram -subkernel -noinit -nopaclet -wstp}, SubKernels`LocalKernels`Private`speed$21348, SubKernels`LocalKernels`Private`preemptive$21348]], Parallel`Kernels`Private`id$21358, Parallel`Kernels`Private`name$21358], Parallel`Kernels`Private`ek[Parallel`Kernels`Private`nev$21359, Parallel`Kernels`Private`pb$21359, Parallel`Kernels`Private`rd$21359], Parallel`Kernels`Private`sk[Parallel`Kernels`Private`q$21360, Parallel`Kernels`Private`n0$21360, Parallel`Kernels`Private`n1$21360]]]
NIntegrate::ncvb: NIntegrate failed to converge to prescribed accuracy after 2 recursive bisections in yD near {xD, yD} = {0.0440827, -0.014338}. NIntegrate obtained 0.0628474 and 0.000143661 for the integral and error estimates.
a = -1040e-4
Time consumption: 5.253789055277777
MaxMemUse :143.00504302978516 MB
Configured Kernels: {SubKernels`LocalKernels`LocalMachine[4, SubKernels`LocalKernels`LowerPriority -> True]}
Processor Count: 4
Modules loaded ...
4 Kernels launched ...
Run started at Thu 13 May 2021 15:42:32, Bins: {139, 154}
StringForm[From `1`:, Parallel`Kernels`kernel[Parallel`Kernels`Private`bk[SubKernels`LocalKernels`localKernel[SubKernels`LocalKernels`Private`lk[LinkObject[/usr/local/Wolfram/Mathematica/12.0/Executables/wolfram -subkernel -noinit -nopaclet -wstp, 227, 2], {/usr/local/Wolfram/Mathematica/12.0/Executables/wolfram -subkernel -noinit -nopaclet -wstp}, SubKernels`LocalKernels`Private`speed$21644, SubKernels`LocalKernels`Private`preemptive$21644]], Parallel`Kernels`Private`id$21651, Parallel`Kernels`Private`name$21651], Parallel`Kernels`Private`ek[Parallel`Kernels`Private`nev$21652, Parallel`Kernels`Private`pb$21652, Parallel`Kernels`Private`rd$21652], Parallel`Kernels`Private`sk[Parallel`Kernels`Private`q$21653, Parallel`Kernels`Private`n0$21653, Parallel`Kernels`Private`n1$21653]]]
                                                                                                                                                                                                -6
NIntegrate::ncvb: NIntegrate failed to converge to prescribed accuracy after 2 recursive bisections in yD near {xD, yD} = {0.0459577, -0.019111}. NIntegrate obtained 0.000667603 and 7.00963 10   for the integral and error estimates.
StringForm[From `1`:, Parallel`Kernels`kernel[Parallel`Kernels`Private`bk[SubKernels`LocalKernels`localKernel[SubKernels`LocalKernels`Private`lk[LinkObject[/usr/local/Wolfram/Mathematica/12.0/Executables/wolfram -subkernel -noinit -nopaclet -wstp, 228, 3], {/usr/local/Wolfram/Mathematica/12.0/Executables/wolfram -subkernel -noinit -nopaclet -wstp}, SubKernels`LocalKernels`Private`speed$21645, SubKernels`LocalKernels`Private`preemptive$21645]], Parallel`Kernels`Private`id$21655, Parallel`Kernels`Private`name$21655], Parallel`Kernels`Private`ek[Parallel`Kernels`Private`nev$21656, Parallel`Kernels`Private`pb$21656, Parallel`Kernels`Private`rd$21656], Parallel`Kernels`Private`sk[Parallel`Kernels`Private`q$21657, Parallel`Kernels`Private`n0$21657, Parallel`Kernels`Private`n1$21657]]]
NIntegrate::ncvb: NIntegrate failed to converge to prescribed accuracy after 2 recursive bisections in yD near {xD, yD} = {0.0440827, 0.022255}. NIntegrate obtained 0.0146252 and 0.000230238 for the integral and error estimates.
StringForm[From `1`:, Parallel`Kernels`kernel[Parallel`Kernels`Private`bk[SubKernels`LocalKernels`localKernel[SubKernels`LocalKernels`Private`lk[LinkObject[/usr/local/Wolfram/Mathematica/12.0/Executables/wolfram -subkernel -noinit -nopaclet -wstp, 230, 5], {/usr/local/Wolfram/Mathematica/12.0/Executables/wolfram -subkernel -noinit -nopaclet -wstp}, SubKernels`LocalKernels`Private`speed$21647, SubKernels`LocalKernels`Private`preemptive$21647]], Parallel`Kernels`Private`id$21663, Parallel`Kernels`Private`name$21663], Parallel`Kernels`Private`ek[Parallel`Kernels`Private`nev$21664, Parallel`Kernels`Private`pb$21664, Parallel`Kernels`Private`rd$21664], Parallel`Kernels`Private`sk[Parallel`Kernels`Private`q$21665, Parallel`Kernels`Private`n0$21665, Parallel`Kernels`Private`n1$21665]]]
NIntegrate::ncvb: NIntegrate failed to converge to prescribed accuracy after 2 recursive bisections in yD near {xD, yD} = {0.0459577, -0.014338}. NIntegrate obtained 0.0393892 and 0.0000850508 for the integral and error estimates.
StringForm[From `1`:, Parallel`Kernels`kernel[Parallel`Kernels`Private`bk[SubKernels`LocalKernels`localKernel[SubKernels`LocalKernels`Private`lk[LinkObject[/usr/local/Wolfram/Mathematica/12.0/Executables/wolfram -subkernel -noinit -nopaclet -wstp, 227, 2], {/usr/local/Wolfram/Mathematica/12.0/Executables/wolfram -subkernel -noinit -nopaclet -wstp}, SubKernels`LocalKernels`Private`speed$21644, SubKernels`LocalKernels`Private`preemptive$21644]], Parallel`Kernels`Private`id$21651, Parallel`Kernels`Private`name$21651], Parallel`Kernels`Private`ek[Parallel`Kernels`Private`nev$21652, Parallel`Kernels`Private`pb$21652, Parallel`Kernels`Private`rd$21652], Parallel`Kernels`Private`sk[Parallel`Kernels`Private`q$21653, Parallel`Kernels`Private`n0$21653, Parallel`Kernels`Private`n1$21653]]]
NIntegrate::ncvb: NIntegrate failed to converge to prescribed accuracy after 2 recursive bisections in yD near {xD, yD} = {0.0459577, 0.022255}. NIntegrate obtained 0.0101158 and 0.00011151 for the integral and error estimates.
a = -1040e-4
Time consumption: 5.065828275555555
MaxMemUse :146.13653564453125 MB
Configured Kernels: {SubKernels`LocalKernels`LocalMachine[4, SubKernels`LocalKernels`LowerPriority -> True]}
Processor Count: 4
Modules loaded ...
4 Kernels launched ...
Run started at Thu 13 May 2021 20:46:29, Bins: {155, 178}
StringForm[From `1`:, Parallel`Kernels`kernel[Parallel`Kernels`Private`bk[SubKernels`LocalKernels`localKernel[SubKernels`LocalKernels`Private`lk[LinkObject[/usr/local/Wolfram/Mathematica/12.0/Executables/wolfram -subkernel -noinit -nopaclet -wstp, 206, 3], {/usr/local/Wolfram/Mathematica/12.0/Executables/wolfram -subkernel -noinit -nopaclet -wstp}, SubKernels`LocalKernels`Private`speed$21426, SubKernels`LocalKernels`Private`preemptive$21426]], Parallel`Kernels`Private`id$21439, Parallel`Kernels`Private`name$21439], Parallel`Kernels`Private`ek[Parallel`Kernels`Private`nev$21440, Parallel`Kernels`Private`pb$21440, Parallel`Kernels`Private`rd$21440], Parallel`Kernels`Private`sk[Parallel`Kernels`Private`q$21441, Parallel`Kernels`Private`n0$21441, Parallel`Kernels`Private`n1$21441]]]
NIntegrate::ncvb: NIntegrate failed to converge to prescribed accuracy after 2 recursive bisections in yD near {xD, yD} = {0.0479789, -0.01752}. NIntegrate obtained 0.000347077 and 0.0000108292 for the integral and error estimates.
StringForm[From `1`:, Parallel`Kernels`kernel[Parallel`Kernels`Private`bk[SubKernels`LocalKernels`localKernel[SubKernels`LocalKernels`Private`lk[LinkObject[/usr/local/Wolfram/Mathematica/12.0/Executables/wolfram -subkernel -noinit -nopaclet -wstp, 205, 2], {/usr/local/Wolfram/Mathematica/12.0/Executables/wolfram -subkernel -noinit -nopaclet -wstp}, SubKernels`LocalKernels`Private`speed$21425, SubKernels`LocalKernels`Private`preemptive$21425]], Parallel`Kernels`Private`id$21435, Parallel`Kernels`Private`name$21435], Parallel`Kernels`Private`ek[Parallel`Kernels`Private`nev$21436, Parallel`Kernels`Private`pb$21436, Parallel`Kernels`Private`rd$21436], Parallel`Kernels`Private`sk[Parallel`Kernels`Private`q$21437, Parallel`Kernels`Private`n0$21437, Parallel`Kernels`Private`n1$21437]]]
NIntegrate::ncvb: NIntegrate failed to converge to prescribed accuracy after 2 recursive bisections in yD near {xD, yD} = {0.0497077, -0.01752}. NIntegrate obtained 0.0000760114 and 0.0000346864 for the integral and error estimates.
StringForm[From `1`:, Parallel`Kernels`kernel[Parallel`Kernels`Private`bk[SubKernels`LocalKernels`localKernel[SubKernels`LocalKernels`Private`lk[LinkObject[/usr/local/Wolfram/Mathematica/12.0/Executables/wolfram -subkernel -noinit -nopaclet -wstp, 204, 1], {/usr/local/Wolfram/Mathematica/12.0/Executables/wolfram -subkernel -noinit -nopaclet -wstp}, SubKernels`LocalKernels`Private`speed$21424, SubKernels`LocalKernels`Private`preemptive$21424]], Parallel`Kernels`Private`id$21431, Parallel`Kernels`Private`name$21431], Parallel`Kernels`Private`ek[Parallel`Kernels`Private`nev$21432, Parallel`Kernels`Private`pb$21432, Parallel`Kernels`Private`rd$21432], Parallel`Kernels`Private`sk[Parallel`Kernels`Private`q$21433, Parallel`Kernels`Private`n0$21433, Parallel`Kernels`Private`n1$21433]]]
                                                                                                                                                                                              -6
NIntegrate::ncvb: NIntegrate failed to converge to prescribed accuracy after 2 recursive bisections in yD near {xD, yD} = {0.0478327, 0.023846}. NIntegrate obtained 0.00541095 and 9.14654 10   for the integral and error estimates.
StringForm[From `1`:, Parallel`Kernels`kernel[Parallel`Kernels`Private`bk[SubKernels`LocalKernels`localKernel[SubKernels`LocalKernels`Private`lk[LinkObject[/usr/local/Wolfram/Mathematica/12.0/Executables/wolfram -subkernel -noinit -nopaclet -wstp, 206, 3], {/usr/local/Wolfram/Mathematica/12.0/Executables/wolfram -subkernel -noinit -nopaclet -wstp}, SubKernels`LocalKernels`Private`speed$21426, SubKernels`LocalKernels`Private`preemptive$21426]], Parallel`Kernels`Private`id$21439, Parallel`Kernels`Private`name$21439], Parallel`Kernels`Private`ek[Parallel`Kernels`Private`nev$21440, Parallel`Kernels`Private`pb$21440, Parallel`Kernels`Private`rd$21440], Parallel`Kernels`Private`sk[Parallel`Kernels`Private`q$21441, Parallel`Kernels`Private`n0$21441, Parallel`Kernels`Private`n1$21441]]]
NIntegrate::ncvb: NIntegrate failed to converge to prescribed accuracy after 2 recursive bisections in yD near {xD, yD} = {0.0478327, 0.019073}. NIntegrate obtained 0.0342023 and 0.000189685 for the integral and error estimates.
StringForm[From `1`:, Parallel`Kernels`kernel[Parallel`Kernels`Private`bk[SubKernels`LocalKernels`localKernel[SubKernels`LocalKernels`Private`lk[LinkObject[/usr/local/Wolfram/Mathematica/12.0/Executables/wolfram -subkernel -noinit -nopaclet -wstp, 204, 1], {/usr/local/Wolfram/Mathematica/12.0/Executables/wolfram -subkernel -noinit -nopaclet -wstp}, SubKernels`LocalKernels`Private`speed$21424, SubKernels`LocalKernels`Private`preemptive$21424]], Parallel`Kernels`Private`id$21431, Parallel`Kernels`Private`name$21431], Parallel`Kernels`Private`ek[Parallel`Kernels`Private`nev$21432, Parallel`Kernels`Private`pb$21432, Parallel`Kernels`Private`rd$21432], Parallel`Kernels`Private`sk[Parallel`Kernels`Private`q$21433, Parallel`Kernels`Private`n0$21433, Parallel`Kernels`Private`n1$21433]]]
                                                                                                                                                                               -6              -6
NIntegrate::ncvb: NIntegrate failed to converge to prescribed accuracy after 2 recursive bisections in yD near {xD, yD} = {0.0515827, -0.01752}. NIntegrate obtained 2.96076 10   and 2.2046 10   for the integral and error estimates.
StringForm[From `1`:, Parallel`Kernels`kernel[Parallel`Kernels`Private`bk[SubKernels`LocalKernels`localKernel[SubKernels`LocalKernels`Private`lk[LinkObject[/usr/local/Wolfram/Mathematica/12.0/Executables/wolfram -subkernel -noinit -nopaclet -wstp, 207, 4], {/usr/local/Wolfram/Mathematica/12.0/Executables/wolfram -subkernel -noinit -nopaclet -wstp}, SubKernels`LocalKernels`Private`speed$21427, SubKernels`LocalKernels`Private`preemptive$21427]], Parallel`Kernels`Private`id$21443, Parallel`Kernels`Private`name$21443], Parallel`Kernels`Private`ek[Parallel`Kernels`Private`nev$21444, Parallel`Kernels`Private`pb$21444, Parallel`Kernels`Private`rd$21444], Parallel`Kernels`Private`sk[Parallel`Kernels`Private`q$21445, Parallel`Kernels`Private`n0$21445, Parallel`Kernels`Private`n1$21445]]]
NIntegrate::ncvb: NIntegrate failed to converge to prescribed accuracy after 2 recursive bisections in yD near {xD, yD} = {0.0497077, 0.025437}. NIntegrate obtained 0.00198845 and 0.0000338339 for the integral and error estimates.
StringForm[From `1`:, Parallel`Kernels`kernel[Parallel`Kernels`Private`bk[SubKernels`LocalKernels`localKernel[SubKernels`LocalKernels`Private`lk[LinkObject[/usr/local/Wolfram/Mathematica/12.0/Executables/wolfram -subkernel -noinit -nopaclet -wstp, 205, 2], {/usr/local/Wolfram/Mathematica/12.0/Executables/wolfram -subkernel -noinit -nopaclet -wstp}, SubKernels`LocalKernels`Private`speed$21425, SubKernels`LocalKernels`Private`preemptive$21425]], Parallel`Kernels`Private`id$21435, Parallel`Kernels`Private`name$21435], Parallel`Kernels`Private`ek[Parallel`Kernels`Private`nev$21436, Parallel`Kernels`Private`pb$21436, Parallel`Kernels`Private`rd$21436], Parallel`Kernels`Private`sk[Parallel`Kernels`Private`q$21437, Parallel`Kernels`Private`n0$21437, Parallel`Kernels`Private`n1$21437]]]
NIntegrate::ncvb: NIntegrate failed to converge to prescribed accuracy after 2 recursive bisections in yD near {xD, yD} = {0.0489164, -0.014338}. NIntegrate obtained 0.00552712 and 0.0000128731 for the integral and error estimates.
a = -1040e-4
Time consumption: 7.715361464444444
MaxMemUse :143.00399780273438 MB
Configured Kernels: {SubKernels`LocalKernels`LocalMachine[4, SubKernels`LocalKernels`LowerPriority -> True]}
Processor Count: 4
Modules loaded ...
4 Kernels launched ...
Run started at Fri 14 May 2021 04:29:25, Bins: {179, 264}
StringForm[From `1`:, Parallel`Kernels`kernel[Parallel`Kernels`Private`bk[SubKernels`LocalKernels`localKernel[SubKernels`LocalKernels`Private`lk[LinkObject[/usr/local/Wolfram/Mathematica/12.0/Executables/wolfram -subkernel -noinit -nopaclet -wstp, 207, 4], {/usr/local/Wolfram/Mathematica/12.0/Executables/wolfram -subkernel -noinit -nopaclet -wstp}, SubKernels`LocalKernels`Private`speed$21360, SubKernels`LocalKernels`Private`preemptive$21360]], Parallel`Kernels`Private`id$21376, Parallel`Kernels`Private`name$21376], Parallel`Kernels`Private`ek[Parallel`Kernels`Private`nev$21377, Parallel`Kernels`Private`pb$21377, Parallel`Kernels`Private`rd$21377], Parallel`Kernels`Private`sk[Parallel`Kernels`Private`q$21378, Parallel`Kernels`Private`n0$21378, Parallel`Kernels`Private`n1$21378]]]
                                                                                                                                                                                               -6
NIntegrate::ncvb: NIntegrate failed to converge to prescribed accuracy after 2 recursive bisections in yD near {xD, yD} = {0.0515827, -0.015929}. NIntegrate obtained 0.00121305 and 2.65414 10   for the integral and error estimates.
StringForm[From `1`:, Parallel`Kernels`kernel[Parallel`Kernels`Private`bk[SubKernels`LocalKernels`localKernel[SubKernels`LocalKernels`Private`lk[LinkObject[/usr/local/Wolfram/Mathematica/12.0/Executables/wolfram -subkernel -noinit -nopaclet -wstp, 204, 1], {/usr/local/Wolfram/Mathematica/12.0/Executables/wolfram -subkernel -noinit -nopaclet -wstp}, SubKernels`LocalKernels`Private`speed$21357, SubKernels`LocalKernels`Private`preemptive$21357]], Parallel`Kernels`Private`id$21364, Parallel`Kernels`Private`name$21364], Parallel`Kernels`Private`ek[Parallel`Kernels`Private`nev$21365, Parallel`Kernels`Private`pb$21365, Parallel`Kernels`Private`rd$21365], Parallel`Kernels`Private`sk[Parallel`Kernels`Private`q$21366, Parallel`Kernels`Private`n0$21366, Parallel`Kernels`Private`n1$21366]]]
                                                                                                                                                                                               -6
NIntegrate::ncvb: NIntegrate failed to converge to prescribed accuracy after 2 recursive bisections in xD near {xD, yD} = {0.0503957, 0.023598}. NIntegrate obtained 0.000474798 and 1.45395 10   for the integral and error estimates.
a = -1040e-4
Time consumption: 3.6996164641666667
MaxMemUse :143.00230407714844 MB
