Configured Kernels: {SubKernels`LocalKernels`LocalMachine[4, SubKernels`LocalKernels`LowerPriority -> True]}
Processor Count: 4
Modules loaded ...
4 Kernels launched ...
Run started at Thu 21 Oct 2021 11:16:33, Bins: {1, 49}
StringForm[From `1`:, Parallel`Kernels`kernel[Parallel`Kernels`Private`bk[SubKernels`LocalKernels`localKernel[SubKernels`LocalKernels`Private`lk[LinkObject[/usr/local/Wolfram/Mathematica/12.0/Executables/wolfram -subkernel -noinit -nopaclet -wstp, 208, 3], {/usr/local/Wolfram/Mathematica/12.0/Executables/wolfram -subkernel -noinit -nopaclet -wstp}, SubKernels`LocalKernels`Private`speed$21360, SubKernels`LocalKernels`Private`preemptive$21360]], Parallel`Kernels`Private`id$21373, Parallel`Kernels`Private`name$21373], Parallel`Kernels`Private`ek[Parallel`Kernels`Private`nev$21374, Parallel`Kernels`Private`pb$21374, Parallel`Kernels`Private`rd$21374], Parallel`Kernels`Private`sk[Parallel`Kernels`Private`q$21375, Parallel`Kernels`Private`n0$21375, Parallel`Kernels`Private`n1$21375]]]
                                                                                                                                                                                               -6
NIntegrate::ncvb: NIntegrate failed to converge to prescribed accuracy after 2 recursive bisections in yD near {xD, yD} = {0.0272077, 0.022255}. NIntegrate obtained 0.0000106322 and 2.6861 10   for the integral and error estimates.
StringForm[From `1`:, Parallel`Kernels`kernel[Parallel`Kernels`Private`bk[SubKernels`LocalKernels`localKernel[SubKernels`LocalKernels`Private`lk[LinkObject[/usr/local/Wolfram/Mathematica/12.0/Executables/wolfram -subkernel -noinit -nopaclet -wstp, 206, 1], {/usr/local/Wolfram/Mathematica/12.0/Executables/wolfram -subkernel -noinit -nopaclet -wstp}, SubKernels`LocalKernels`Private`speed$21358, SubKernels`LocalKernels`Private`preemptive$21358]], Parallel`Kernels`Private`id$21365, Parallel`Kernels`Private`name$21365], Parallel`Kernels`Private`ek[Parallel`Kernels`Private`nev$21366, Parallel`Kernels`Private`pb$21366, Parallel`Kernels`Private`rd$21366], Parallel`Kernels`Private`sk[Parallel`Kernels`Private`q$21367, Parallel`Kernels`Private`n0$21367, Parallel`Kernels`Private`n1$21367]]]
                                                                                                                                                                                               -6
NIntegrate::ncvb: NIntegrate failed to converge to prescribed accuracy after 2 recursive bisections in yD near {xD, yD} = {0.0272077, -0.014338}. NIntegrate obtained 0.00011462 and 1.39384 10   for the integral and error estimates.
StringForm[From `1`:, Parallel`Kernels`kernel[Parallel`Kernels`Private`bk[SubKernels`LocalKernels`localKernel[SubKernels`LocalKernels`Private`lk[LinkObject[/usr/local/Wolfram/Mathematica/12.0/Executables/wolfram -subkernel -noinit -nopaclet -wstp, 207, 2], {/usr/local/Wolfram/Mathematica/12.0/Executables/wolfram -subkernel -noinit -nopaclet -wstp}, SubKernels`LocalKernels`Private`speed$21359, SubKernels`LocalKernels`Private`preemptive$21359]], Parallel`Kernels`Private`id$21369, Parallel`Kernels`Private`name$21369], Parallel`Kernels`Private`ek[Parallel`Kernels`Private`nev$21370, Parallel`Kernels`Private`pb$21370, Parallel`Kernels`Private`rd$21370], Parallel`Kernels`Private`sk[Parallel`Kernels`Private`q$21371, Parallel`Kernels`Private`n0$21371, Parallel`Kernels`Private`n1$21371]]]
NIntegrate::ncvb: NIntegrate failed to converge to prescribed accuracy after 2 recursive bisections in yD near {xD, yD} = {0.0290827, -0.014338}. NIntegrate obtained 0.00208225 and 0.000030585 for the integral and error estimates.
a = -1030e-4
Time consumption: 1.9261109377777776
MaxMemUse :144.30288696289062 MB
Configured Kernels: {SubKernels`LocalKernels`LocalMachine[4, SubKernels`LocalKernels`LowerPriority -> True]}
Processor Count: 4
Modules loaded ...
4 Kernels launched ...
Run started at Thu 21 Oct 2021 13:12:07, Bins: {50, 98}
StringForm[From `1`:, Parallel`Kernels`kernel[Parallel`Kernels`Private`bk[SubKernels`LocalKernels`localKernel[SubKernels`LocalKernels`Private`lk[LinkObject[/usr/local/Wolfram/Mathematica/12.0/Executables/wolfram -subkernel -noinit -nopaclet -wstp, 206, 1], {/usr/local/Wolfram/Mathematica/12.0/Executables/wolfram -subkernel -noinit -nopaclet -wstp}, SubKernels`LocalKernels`Private`speed$21701, SubKernels`LocalKernels`Private`preemptive$21701]], Parallel`Kernels`Private`id$21708, Parallel`Kernels`Private`name$21708], Parallel`Kernels`Private`ek[Parallel`Kernels`Private`nev$21709, Parallel`Kernels`Private`pb$21709, Parallel`Kernels`Private`rd$21709], Parallel`Kernels`Private`sk[Parallel`Kernels`Private`q$21710, Parallel`Kernels`Private`n0$21710, Parallel`Kernels`Private`n1$21710]]]
NIntegrate::ncvb: NIntegrate failed to converge to prescribed accuracy after 2 recursive bisections in yD near {xD, yD} = {0.0290827, 0.022255}. NIntegrate obtained 0.000206914 and 0.0000136959 for the integral and error estimates.
StringForm[From `1`:, Parallel`Kernels`kernel[Parallel`Kernels`Private`bk[SubKernels`LocalKernels`localKernel[SubKernels`LocalKernels`Private`lk[LinkObject[/usr/local/Wolfram/Mathematica/12.0/Executables/wolfram -subkernel -noinit -nopaclet -wstp, 207, 2], {/usr/local/Wolfram/Mathematica/12.0/Executables/wolfram -subkernel -noinit -nopaclet -wstp}, SubKernels`LocalKernels`Private`speed$21702, SubKernels`LocalKernels`Private`preemptive$21702]], Parallel`Kernels`Private`id$21712, Parallel`Kernels`Private`name$21712], Parallel`Kernels`Private`ek[Parallel`Kernels`Private`nev$21713, Parallel`Kernels`Private`pb$21713, Parallel`Kernels`Private`rd$21713], Parallel`Kernels`Private`sk[Parallel`Kernels`Private`q$21714, Parallel`Kernels`Private`n0$21714, Parallel`Kernels`Private`n1$21714]]]
                                                                                                                                                                               -6               -6
NIntegrate::ncvb: NIntegrate failed to converge to prescribed accuracy after 2 recursive bisections in yD near {xD, yD} = {0.0328327, -0.01752}. NIntegrate obtained 7.83303 10   and 1.83357 10   for the integral and error estimates.
StringForm[From `1`:, Parallel`Kernels`kernel[Parallel`Kernels`Private`bk[SubKernels`LocalKernels`localKernel[SubKernels`LocalKernels`Private`lk[LinkObject[/usr/local/Wolfram/Mathematica/12.0/Executables/wolfram -subkernel -noinit -nopaclet -wstp, 209, 4], {/usr/local/Wolfram/Mathematica/12.0/Executables/wolfram -subkernel -noinit -nopaclet -wstp}, SubKernels`LocalKernels`Private`speed$21704, SubKernels`LocalKernels`Private`preemptive$21704]], Parallel`Kernels`Private`id$21720, Parallel`Kernels`Private`name$21720], Parallel`Kernels`Private`ek[Parallel`Kernels`Private`nev$21721, Parallel`Kernels`Private`pb$21721, Parallel`Kernels`Private`rd$21721], Parallel`Kernels`Private`sk[Parallel`Kernels`Private`q$21722, Parallel`Kernels`Private`n0$21722, Parallel`Kernels`Private`n1$21722]]]
NIntegrate::ncvb: NIntegrate failed to converge to prescribed accuracy after 2 recursive bisections in yD near {xD, yD} = {0.0309577, -0.014338}. NIntegrate obtained 0.00928711 and 0.000111625 for the integral and error estimates.
StringForm[From `1`:, Parallel`Kernels`kernel[Parallel`Kernels`Private`bk[SubKernels`LocalKernels`localKernel[SubKernels`LocalKernels`Private`lk[LinkObject[/usr/local/Wolfram/Mathematica/12.0/Executables/wolfram -subkernel -noinit -nopaclet -wstp, 208, 3], {/usr/local/Wolfram/Mathematica/12.0/Executables/wolfram -subkernel -noinit -nopaclet -wstp}, SubKernels`LocalKernels`Private`speed$21703, SubKernels`LocalKernels`Private`preemptive$21703]], Parallel`Kernels`Private`id$21716, Parallel`Kernels`Private`name$21716], Parallel`Kernels`Private`ek[Parallel`Kernels`Private`nev$21717, Parallel`Kernels`Private`pb$21717, Parallel`Kernels`Private`rd$21717], Parallel`Kernels`Private`sk[Parallel`Kernels`Private`q$21718, Parallel`Kernels`Private`n0$21718, Parallel`Kernels`Private`n1$21718]]]
NIntegrate::ncvb: NIntegrate failed to converge to prescribed accuracy after 2 recursive bisections in yD near {xD, yD} = {0.0309577, 0.022255}. NIntegrate obtained 0.00105505 and 0.0000428126 for the integral and error estimates.
StringForm[From `1`:, Parallel`Kernels`kernel[Parallel`Kernels`Private`bk[SubKernels`LocalKernels`localKernel[SubKernels`LocalKernels`Private`lk[LinkObject[/usr/local/Wolfram/Mathematica/12.0/Executables/wolfram -subkernel -noinit -nopaclet -wstp, 206, 1], {/usr/local/Wolfram/Mathematica/12.0/Executables/wolfram -subkernel -noinit -nopaclet -wstp}, SubKernels`LocalKernels`Private`speed$21701, SubKernels`LocalKernels`Private`preemptive$21701]], Parallel`Kernels`Private`id$21708, Parallel`Kernels`Private`name$21708], Parallel`Kernels`Private`ek[Parallel`Kernels`Private`nev$21709, Parallel`Kernels`Private`pb$21709, Parallel`Kernels`Private`rd$21709], Parallel`Kernels`Private`sk[Parallel`Kernels`Private`q$21710, Parallel`Kernels`Private`n0$21710, Parallel`Kernels`Private`n1$21710]]]
                                                                                                                                                                                                -6
NIntegrate::ncvb: NIntegrate failed to converge to prescribed accuracy after 2 recursive bisections in yD near {xD, yD} = {0.0347077, -0.01752}. NIntegrate obtained 0.0000994236 and 8.00447 10   for the integral and error estimates.
StringForm[From `1`:, Parallel`Kernels`kernel[Parallel`Kernels`Private`bk[SubKernels`LocalKernels`localKernel[SubKernels`LocalKernels`Private`lk[LinkObject[/usr/local/Wolfram/Mathematica/12.0/Executables/wolfram -subkernel -noinit -nopaclet -wstp, 207, 2], {/usr/local/Wolfram/Mathematica/12.0/Executables/wolfram -subkernel -noinit -nopaclet -wstp}, SubKernels`LocalKernels`Private`speed$21702, SubKernels`LocalKernels`Private`preemptive$21702]], Parallel`Kernels`Private`id$21712, Parallel`Kernels`Private`name$21712], Parallel`Kernels`Private`ek[Parallel`Kernels`Private`nev$21713, Parallel`Kernels`Private`pb$21713, Parallel`Kernels`Private`rd$21713], Parallel`Kernels`Private`sk[Parallel`Kernels`Private`q$21714, Parallel`Kernels`Private`n0$21714, Parallel`Kernels`Private`n1$21714]]]
NIntegrate::ncvb: NIntegrate failed to converge to prescribed accuracy after 2 recursive bisections in yD near {xD, yD} = {0.0328327, -0.014338}. NIntegrate obtained 0.0241565 and 0.000178355 for the integral and error estimates.
StringForm[From `1`:, Parallel`Kernels`kernel[Parallel`Kernels`Private`bk[SubKernels`LocalKernels`localKernel[SubKernels`LocalKernels`Private`lk[LinkObject[/usr/local/Wolfram/Mathematica/12.0/Executables/wolfram -subkernel -noinit -nopaclet -wstp, 209, 4], {/usr/local/Wolfram/Mathematica/12.0/Executables/wolfram -subkernel -noinit -nopaclet -wstp}, SubKernels`LocalKernels`Private`speed$21704, SubKernels`LocalKernels`Private`preemptive$21704]], Parallel`Kernels`Private`id$21720, Parallel`Kernels`Private`name$21720], Parallel`Kernels`Private`ek[Parallel`Kernels`Private`nev$21721, Parallel`Kernels`Private`pb$21721, Parallel`Kernels`Private`rd$21721], Parallel`Kernels`Private`sk[Parallel`Kernels`Private`q$21722, Parallel`Kernels`Private`n0$21722, Parallel`Kernels`Private`n1$21722]]]
NIntegrate::ncvb: NIntegrate failed to converge to prescribed accuracy after 2 recursive bisections in yD near {xD, yD} = {0.0347077, -0.014338}. NIntegrate obtained 0.0460843 and 0.000250208 for the integral and error estimates.
StringForm[From `1`:, Parallel`Kernels`kernel[Parallel`Kernels`Private`bk[SubKernels`LocalKernels`localKernel[SubKernels`LocalKernels`Private`lk[LinkObject[/usr/local/Wolfram/Mathematica/12.0/Executables/wolfram -subkernel -noinit -nopaclet -wstp, 208, 3], {/usr/local/Wolfram/Mathematica/12.0/Executables/wolfram -subkernel -noinit -nopaclet -wstp}, SubKernels`LocalKernels`Private`speed$21703, SubKernels`LocalKernels`Private`preemptive$21703]], Parallel`Kernels`Private`id$21716, Parallel`Kernels`Private`name$21716], Parallel`Kernels`Private`ek[Parallel`Kernels`Private`nev$21717, Parallel`Kernels`Private`pb$21717, Parallel`Kernels`Private`rd$21717], Parallel`Kernels`Private`sk[Parallel`Kernels`Private`q$21718, Parallel`Kernels`Private`n0$21718, Parallel`Kernels`Private`n1$21718]]]
NIntegrate::ncvb: NIntegrate failed to converge to prescribed accuracy after 2 recursive bisections in yD near {xD, yD} = {0.0347077, 0.022255}. NIntegrate obtained 0.00695528 and 0.0000950551 for the integral and error estimates.
StringForm[From `1`:, Parallel`Kernels`kernel[Parallel`Kernels`Private`bk[SubKernels`LocalKernels`localKernel[SubKernels`LocalKernels`Private`lk[LinkObject[/usr/local/Wolfram/Mathematica/12.0/Executables/wolfram -subkernel -noinit -nopaclet -wstp, 207, 2], {/usr/local/Wolfram/Mathematica/12.0/Executables/wolfram -subkernel -noinit -nopaclet -wstp}, SubKernels`LocalKernels`Private`speed$21702, SubKernels`LocalKernels`Private`preemptive$21702]], Parallel`Kernels`Private`id$21712, Parallel`Kernels`Private`name$21712], Parallel`Kernels`Private`ek[Parallel`Kernels`Private`nev$21713, Parallel`Kernels`Private`pb$21713, Parallel`Kernels`Private`rd$21713], Parallel`Kernels`Private`sk[Parallel`Kernels`Private`q$21714, Parallel`Kernels`Private`n0$21714, Parallel`Kernels`Private`n1$21714]]]
NIntegrate::ncvb: NIntegrate failed to converge to prescribed accuracy after 2 recursive bisections in yD near {xD, yD} = {0.0365827, -0.014338}. NIntegrate obtained 0.0694888 and 0.000269106 for the integral and error estimates.
StringForm[From `1`:, Parallel`Kernels`kernel[Parallel`Kernels`Private`bk[SubKernels`LocalKernels`localKernel[SubKernels`LocalKernels`Private`lk[LinkObject[/usr/local/Wolfram/Mathematica/12.0/Executables/wolfram -subkernel -noinit -nopaclet -wstp, 209, 4], {/usr/local/Wolfram/Mathematica/12.0/Executables/wolfram -subkernel -noinit -nopaclet -wstp}, SubKernels`LocalKernels`Private`speed$21704, SubKernels`LocalKernels`Private`preemptive$21704]], Parallel`Kernels`Private`id$21720, Parallel`Kernels`Private`name$21720], Parallel`Kernels`Private`ek[Parallel`Kernels`Private`nev$21721, Parallel`Kernels`Private`pb$21721, Parallel`Kernels`Private`rd$21721], Parallel`Kernels`Private`sk[Parallel`Kernels`Private`q$21722, Parallel`Kernels`Private`n0$21722, Parallel`Kernels`Private`n1$21722]]]
NIntegrate::ncvb: NIntegrate failed to converge to prescribed accuracy after 2 recursive bisections in yD near {xD, yD} = {0.0365827, 0.022255}. NIntegrate obtained 0.0118117 and 0.0000604791 for the integral and error estimates.
a = -1030e-4
Time consumption: 9.686376506666667
MaxMemUse :144.28157806396484 MB
Configured Kernels: {SubKernels`LocalKernels`LocalMachine[4, SubKernels`LocalKernels`LowerPriority -> True]}
Processor Count: 4
Modules loaded ...
4 Kernels launched ...
Run started at Thu 21 Oct 2021 22:53:19, Bins: {99, 106}
StringForm[From `1`:, Parallel`Kernels`kernel[Parallel`Kernels`Private`bk[SubKernels`LocalKernels`localKernel[SubKernels`LocalKernels`Private`lk[LinkObject[/usr/local/Wolfram/Mathematica/12.0/Executables/wolfram -subkernel -noinit -nopaclet -wstp, 207, 2], {/usr/local/Wolfram/Mathematica/12.0/Executables/wolfram -subkernel -noinit -nopaclet -wstp}, SubKernels`LocalKernels`Private`speed$21819, SubKernels`LocalKernels`Private`preemptive$21819]], Parallel`Kernels`Private`id$21829, Parallel`Kernels`Private`name$21829], Parallel`Kernels`Private`ek[Parallel`Kernels`Private`nev$21830, Parallel`Kernels`Private`pb$21830, Parallel`Kernels`Private`rd$21830], Parallel`Kernels`Private`sk[Parallel`Kernels`Private`q$21831, Parallel`Kernels`Private`n0$21831, Parallel`Kernels`Private`n1$21831]]]
                                                                                                                                                                                                -6
NIntegrate::ncvb: NIntegrate failed to converge to prescribed accuracy after 2 recursive bisections in yD near {xD, yD} = {0.0384577, -0.019111}. NIntegrate obtained 0.000644388 and 7.55448 10   for the integral and error estimates.
StringForm[From `1`:, Parallel`Kernels`kernel[Parallel`Kernels`Private`bk[SubKernels`LocalKernels`localKernel[SubKernels`LocalKernels`Private`lk[LinkObject[/usr/local/Wolfram/Mathematica/12.0/Executables/wolfram -subkernel -noinit -nopaclet -wstp, 206, 1], {/usr/local/Wolfram/Mathematica/12.0/Executables/wolfram -subkernel -noinit -nopaclet -wstp}, SubKernels`LocalKernels`Private`speed$21818, SubKernels`LocalKernels`Private`preemptive$21818]], Parallel`Kernels`Private`id$21825, Parallel`Kernels`Private`name$21825], Parallel`Kernels`Private`ek[Parallel`Kernels`Private`nev$21826, Parallel`Kernels`Private`pb$21826, Parallel`Kernels`Private`rd$21826], Parallel`Kernels`Private`sk[Parallel`Kernels`Private`q$21827, Parallel`Kernels`Private`n0$21827, Parallel`Kernels`Private`n1$21827]]]
NIntegrate::ncvb: NIntegrate failed to converge to prescribed accuracy after 2 recursive bisections in yD near {xD, yD} = {0.0384577, -0.014338}. NIntegrate obtained 0.0863072 and 0.000241898 for the integral and error estimates.
a = -1030e-4
Time consumption: 3.059724837777778
MaxMemUse :144.29309844970703 MB
Configured Kernels: {SubKernels`LocalKernels`LocalMachine[4, SubKernels`LocalKernels`LowerPriority -> True]}
Processor Count: 4
Modules loaded ...
4 Kernels launched ...
Run started at Fri 22 Oct 2021 01:56:55, Bins: {107, 122}
StringForm[From `1`:, Parallel`Kernels`kernel[Parallel`Kernels`Private`bk[SubKernels`LocalKernels`localKernel[SubKernels`LocalKernels`Private`lk[LinkObject[/usr/local/Wolfram/Mathematica/12.0/Executables/wolfram -subkernel -noinit -nopaclet -wstp, 206, 1], {/usr/local/Wolfram/Mathematica/12.0/Executables/wolfram -subkernel -noinit -nopaclet -wstp}, SubKernels`LocalKernels`Private`speed$21402, SubKernels`LocalKernels`Private`preemptive$21402]], Parallel`Kernels`Private`id$21409, Parallel`Kernels`Private`name$21409], Parallel`Kernels`Private`ek[Parallel`Kernels`Private`nev$21410, Parallel`Kernels`Private`pb$21410, Parallel`Kernels`Private`rd$21410], Parallel`Kernels`Private`sk[Parallel`Kernels`Private`q$21411, Parallel`Kernels`Private`n0$21411, Parallel`Kernels`Private`n1$21411]]]
                                                                                                                                                                                                -6
NIntegrate::ncvb: NIntegrate failed to converge to prescribed accuracy after 2 recursive bisections in yD near {xD, yD} = {0.0403327, -0.019111}. NIntegrate obtained 0.000818282 and 9.56703 10   for the integral and error estimates.
StringForm[From `1`:, Parallel`Kernels`kernel[Parallel`Kernels`Private`bk[SubKernels`LocalKernels`localKernel[SubKernels`LocalKernels`Private`lk[LinkObject[/usr/local/Wolfram/Mathematica/12.0/Executables/wolfram -subkernel -noinit -nopaclet -wstp, 208, 3], {/usr/local/Wolfram/Mathematica/12.0/Executables/wolfram -subkernel -noinit -nopaclet -wstp}, SubKernels`LocalKernels`Private`speed$21404, SubKernels`LocalKernels`Private`preemptive$21404]], Parallel`Kernels`Private`id$21417, Parallel`Kernels`Private`name$21417], Parallel`Kernels`Private`ek[Parallel`Kernels`Private`nev$21418, Parallel`Kernels`Private`pb$21418, Parallel`Kernels`Private`rd$21418], Parallel`Kernels`Private`sk[Parallel`Kernels`Private`q$21419, Parallel`Kernels`Private`n0$21419, Parallel`Kernels`Private`n1$21419]]]
NIntegrate::ncvb: NIntegrate failed to converge to prescribed accuracy after 3 recursive bisections in yD near {xD, yD} = {0.0384577, 0.0215835}. NIntegrate obtained 0.0159959 and 0.000074678 for the integral and error estimates.
StringForm[From `1`:, Parallel`Kernels`kernel[Parallel`Kernels`Private`bk[SubKernels`LocalKernels`localKernel[SubKernels`LocalKernels`Private`lk[LinkObject[/usr/local/Wolfram/Mathematica/12.0/Executables/wolfram -subkernel -noinit -nopaclet -wstp, 209, 4], {/usr/local/Wolfram/Mathematica/12.0/Executables/wolfram -subkernel -noinit -nopaclet -wstp}, SubKernels`LocalKernels`Private`speed$21405, SubKernels`LocalKernels`Private`preemptive$21405]], Parallel`Kernels`Private`id$21421, Parallel`Kernels`Private`name$21421], Parallel`Kernels`Private`ek[Parallel`Kernels`Private`nev$21422, Parallel`Kernels`Private`pb$21422, Parallel`Kernels`Private`rd$21422], Parallel`Kernels`Private`sk[Parallel`Kernels`Private`q$21423, Parallel`Kernels`Private`n0$21423, Parallel`Kernels`Private`n1$21423]]]
NIntegrate::ncvb: NIntegrate failed to converge to prescribed accuracy after 2 recursive bisections in yD near {xD, yD} = {0.0403327, 0.022255}. NIntegrate obtained 0.0179101 and 0.000124425 for the integral and error estimates.
a = -1030e-4
Time consumption: 4.363227502777778
MaxMemUse :144.2879638671875 MB
Configured Kernels: {SubKernels`LocalKernels`LocalMachine[4, SubKernels`LocalKernels`LowerPriority -> True]}
Processor Count: 4
Modules loaded ...
4 Kernels launched ...
Run started at Fri 22 Oct 2021 06:18:43, Bins: {123, 138}
StringForm[From `1`:, Parallel`Kernels`kernel[Parallel`Kernels`Private`bk[SubKernels`LocalKernels`localKernel[SubKernels`LocalKernels`Private`lk[LinkObject[/usr/local/Wolfram/Mathematica/12.0/Executables/wolfram -subkernel -noinit -nopaclet -wstp, 209, 4], {/usr/local/Wolfram/Mathematica/12.0/Executables/wolfram -subkernel -noinit -nopaclet -wstp}, SubKernels`LocalKernels`Private`speed$21691, SubKernels`LocalKernels`Private`preemptive$21691]], Parallel`Kernels`Private`id$21707, Parallel`Kernels`Private`name$21707], Parallel`Kernels`Private`ek[Parallel`Kernels`Private`nev$21708, Parallel`Kernels`Private`pb$21708, Parallel`Kernels`Private`rd$21708], Parallel`Kernels`Private`sk[Parallel`Kernels`Private`q$21709, Parallel`Kernels`Private`n0$21709, Parallel`Kernels`Private`n1$21709]]]
                                                                                                                                                                                                -6
NIntegrate::ncvb: NIntegrate failed to converge to prescribed accuracy after 2 recursive bisections in yD near {xD, yD} = {0.0422077, -0.019111}. NIntegrate obtained 0.000871715 and 8.38469 10   for the integral and error estimates.
StringForm[From `1`:, Parallel`Kernels`kernel[Parallel`Kernels`Private`bk[SubKernels`LocalKernels`localKernel[SubKernels`LocalKernels`Private`lk[LinkObject[/usr/local/Wolfram/Mathematica/12.0/Executables/wolfram -subkernel -noinit -nopaclet -wstp, 206, 1], {/usr/local/Wolfram/Mathematica/12.0/Executables/wolfram -subkernel -noinit -nopaclet -wstp}, SubKernels`LocalKernels`Private`speed$21688, SubKernels`LocalKernels`Private`preemptive$21688]], Parallel`Kernels`Private`id$21695, Parallel`Kernels`Private`name$21695], Parallel`Kernels`Private`ek[Parallel`Kernels`Private`nev$21696, Parallel`Kernels`Private`pb$21696, Parallel`Kernels`Private`rd$21696], Parallel`Kernels`Private`sk[Parallel`Kernels`Private`q$21697, Parallel`Kernels`Private`n0$21697, Parallel`Kernels`Private`n1$21697]]]
                                                                                                                                                                                                -6
NIntegrate::ncvb: NIntegrate failed to converge to prescribed accuracy after 2 recursive bisections in yD near {xD, yD} = {0.0440827, -0.019111}. NIntegrate obtained 0.000844901 and 7.27413 10   for the integral and error estimates.
StringForm[From `1`:, Parallel`Kernels`kernel[Parallel`Kernels`Private`bk[SubKernels`LocalKernels`localKernel[SubKernels`LocalKernels`Private`lk[LinkObject[/usr/local/Wolfram/Mathematica/12.0/Executables/wolfram -subkernel -noinit -nopaclet -wstp, 208, 3], {/usr/local/Wolfram/Mathematica/12.0/Executables/wolfram -subkernel -noinit -nopaclet -wstp}, SubKernels`LocalKernels`Private`speed$21690, SubKernels`LocalKernels`Private`preemptive$21690]], Parallel`Kernels`Private`id$21703, Parallel`Kernels`Private`name$21703], Parallel`Kernels`Private`ek[Parallel`Kernels`Private`nev$21704, Parallel`Kernels`Private`pb$21704, Parallel`Kernels`Private`rd$21704], Parallel`Kernels`Private`sk[Parallel`Kernels`Private`q$21705, Parallel`Kernels`Private`n0$21705, Parallel`Kernels`Private`n1$21705]]]
NIntegrate::ncvb: NIntegrate failed to converge to prescribed accuracy after 2 recursive bisections in yD near {xD, yD} = {0.0422077, -0.014338}. NIntegrate obtained 0.0811282 and 0.000158874 for the integral and error estimates.
StringForm[From `1`:, Parallel`Kernels`kernel[Parallel`Kernels`Private`bk[SubKernels`LocalKernels`localKernel[SubKernels`LocalKernels`Private`lk[LinkObject[/usr/local/Wolfram/Mathematica/12.0/Executables/wolfram -subkernel -noinit -nopaclet -wstp, 209, 4], {/usr/local/Wolfram/Mathematica/12.0/Executables/wolfram -subkernel -noinit -nopaclet -wstp}, SubKernels`LocalKernels`Private`speed$21691, SubKernels`LocalKernels`Private`preemptive$21691]], Parallel`Kernels`Private`id$21707, Parallel`Kernels`Private`name$21707], Parallel`Kernels`Private`ek[Parallel`Kernels`Private`nev$21708, Parallel`Kernels`Private`pb$21708, Parallel`Kernels`Private`rd$21708], Parallel`Kernels`Private`sk[Parallel`Kernels`Private`q$21709, Parallel`Kernels`Private`n0$21709, Parallel`Kernels`Private`n1$21709]]]
NIntegrate::ncvb: NIntegrate failed to converge to prescribed accuracy after 2 recursive bisections in yD near {xD, yD} = {0.0422077, 0.022255}. NIntegrate obtained 0.0173519 and 0.000174473 for the integral and error estimates.
StringForm[From `1`:, Parallel`Kernels`kernel[Parallel`Kernels`Private`bk[SubKernels`LocalKernels`localKernel[SubKernels`LocalKernels`Private`lk[LinkObject[/usr/local/Wolfram/Mathematica/12.0/Executables/wolfram -subkernel -noinit -nopaclet -wstp, 207, 2], {/usr/local/Wolfram/Mathematica/12.0/Executables/wolfram -subkernel -noinit -nopaclet -wstp}, SubKernels`LocalKernels`Private`speed$21689, SubKernels`LocalKernels`Private`preemptive$21689]], Parallel`Kernels`Private`id$21699, Parallel`Kernels`Private`name$21699], Parallel`Kernels`Private`ek[Parallel`Kernels`Private`nev$21700, Parallel`Kernels`Private`pb$21700, Parallel`Kernels`Private`rd$21700], Parallel`Kernels`Private`sk[Parallel`Kernels`Private`q$21701, Parallel`Kernels`Private`n0$21701, Parallel`Kernels`Private`n1$21701]]]
NIntegrate::ncvb: NIntegrate failed to converge to prescribed accuracy after 2 recursive bisections in yD near {xD, yD} = {0.0440827, -0.014338}. NIntegrate obtained 0.0628395 and 0.000255152 for the integral and error estimates.
a = -1030e-4
Time consumption: 5.206701391944445
MaxMemUse :144.2623519897461 MB
Configured Kernels: {SubKernels`LocalKernels`LocalMachine[4, SubKernels`LocalKernels`LowerPriority -> True]}
Processor Count: 4
Modules loaded ...
4 Kernels launched ...
Run started at Fri 22 Oct 2021 11:31:08, Bins: {139, 154}
StringForm[From `1`:, Parallel`Kernels`kernel[Parallel`Kernels`Private`bk[SubKernels`LocalKernels`localKernel[SubKernels`LocalKernels`Private`lk[LinkObject[/usr/local/Wolfram/Mathematica/12.0/Executables/wolfram -subkernel -noinit -nopaclet -wstp, 229, 2], {/usr/local/Wolfram/Mathematica/12.0/Executables/wolfram -subkernel -noinit -nopaclet -wstp}, SubKernels`LocalKernels`Private`speed$21902, SubKernels`LocalKernels`Private`preemptive$21902]], Parallel`Kernels`Private`id$21909, Parallel`Kernels`Private`name$21909], Parallel`Kernels`Private`ek[Parallel`Kernels`Private`nev$21910, Parallel`Kernels`Private`pb$21910, Parallel`Kernels`Private`rd$21910], Parallel`Kernels`Private`sk[Parallel`Kernels`Private`q$21911, Parallel`Kernels`Private`n0$21911, Parallel`Kernels`Private`n1$21911]]]
                                                                                                                                                                                                -6
NIntegrate::ncvb: NIntegrate failed to converge to prescribed accuracy after 2 recursive bisections in yD near {xD, yD} = {0.0459577, -0.019111}. NIntegrate obtained 0.000666336 and 6.10121 10   for the integral and error estimates.
StringForm[From `1`:, Parallel`Kernels`kernel[Parallel`Kernels`Private`bk[SubKernels`LocalKernels`localKernel[SubKernels`LocalKernels`Private`lk[LinkObject[/usr/local/Wolfram/Mathematica/12.0/Executables/wolfram -subkernel -noinit -nopaclet -wstp, 230, 3], {/usr/local/Wolfram/Mathematica/12.0/Executables/wolfram -subkernel -noinit -nopaclet -wstp}, SubKernels`LocalKernels`Private`speed$21903, SubKernels`LocalKernels`Private`preemptive$21903]], Parallel`Kernels`Private`id$21913, Parallel`Kernels`Private`name$21913], Parallel`Kernels`Private`ek[Parallel`Kernels`Private`nev$21914, Parallel`Kernels`Private`pb$21914, Parallel`Kernels`Private`rd$21914], Parallel`Kernels`Private`sk[Parallel`Kernels`Private`q$21915, Parallel`Kernels`Private`n0$21915, Parallel`Kernels`Private`n1$21915]]]
NIntegrate::ncvb: NIntegrate failed to converge to prescribed accuracy after 2 recursive bisections in yD near {xD, yD} = {0.0440827, 0.022255}. NIntegrate obtained 0.0146154 and 0.000228137 for the integral and error estimates.
StringForm[From `1`:, Parallel`Kernels`kernel[Parallel`Kernels`Private`bk[SubKernels`LocalKernels`localKernel[SubKernels`LocalKernels`Private`lk[LinkObject[/usr/local/Wolfram/Mathematica/12.0/Executables/wolfram -subkernel -noinit -nopaclet -wstp, 232, 5], {/usr/local/Wolfram/Mathematica/12.0/Executables/wolfram -subkernel -noinit -nopaclet -wstp}, SubKernels`LocalKernels`Private`speed$21905, SubKernels`LocalKernels`Private`preemptive$21905]], Parallel`Kernels`Private`id$21921, Parallel`Kernels`Private`name$21921], Parallel`Kernels`Private`ek[Parallel`Kernels`Private`nev$21922, Parallel`Kernels`Private`pb$21922, Parallel`Kernels`Private`rd$21922], Parallel`Kernels`Private`sk[Parallel`Kernels`Private`q$21923, Parallel`Kernels`Private`n0$21923, Parallel`Kernels`Private`n1$21923]]]
NIntegrate::ncvb: NIntegrate failed to converge to prescribed accuracy after 2 recursive bisections in yD near {xD, yD} = {0.0459577, -0.014338}. NIntegrate obtained 0.0393811 and 0.0000991065 for the integral and error estimates.
StringForm[From `1`:, Parallel`Kernels`kernel[Parallel`Kernels`Private`bk[SubKernels`LocalKernels`localKernel[SubKernels`LocalKernels`Private`lk[LinkObject[/usr/local/Wolfram/Mathematica/12.0/Executables/wolfram -subkernel -noinit -nopaclet -wstp, 231, 4], {/usr/local/Wolfram/Mathematica/12.0/Executables/wolfram -subkernel -noinit -nopaclet -wstp}, SubKernels`LocalKernels`Private`speed$21904, SubKernels`LocalKernels`Private`preemptive$21904]], Parallel`Kernels`Private`id$21917, Parallel`Kernels`Private`name$21917], Parallel`Kernels`Private`ek[Parallel`Kernels`Private`nev$21918, Parallel`Kernels`Private`pb$21918, Parallel`Kernels`Private`rd$21918], Parallel`Kernels`Private`sk[Parallel`Kernels`Private`q$21919, Parallel`Kernels`Private`n0$21919, Parallel`Kernels`Private`n1$21919]]]
NIntegrate::ncvb: NIntegrate failed to converge to prescribed accuracy after 2 recursive bisections in yD near {xD, yD} = {0.0459577, 0.022255}. NIntegrate obtained 0.0101172 and 0.0000929321 for the integral and error estimates.
a = -1030e-4
Time consumption: 5.0388367700000005
MaxMemUse :147.45063018798828 MB
Configured Kernels: {SubKernels`LocalKernels`LocalMachine[4, SubKernels`LocalKernels`LowerPriority -> True]}
Processor Count: 4
Modules loaded ...
4 Kernels launched ...
Run started at Fri 22 Oct 2021 16:33:28, Bins: {155, 178}
StringForm[From `1`:, Parallel`Kernels`kernel[Parallel`Kernels`Private`bk[SubKernels`LocalKernels`localKernel[SubKernels`LocalKernels`Private`lk[LinkObject[/usr/local/Wolfram/Mathematica/12.0/Executables/wolfram -subkernel -noinit -nopaclet -wstp, 208, 3], {/usr/local/Wolfram/Mathematica/12.0/Executables/wolfram -subkernel -noinit -nopaclet -wstp}, SubKernels`LocalKernels`Private`speed$22568, SubKernels`LocalKernels`Private`preemptive$22568]], Parallel`Kernels`Private`id$22581, Parallel`Kernels`Private`name$22581], Parallel`Kernels`Private`ek[Parallel`Kernels`Private`nev$22582, Parallel`Kernels`Private`pb$22582, Parallel`Kernels`Private`rd$22582], Parallel`Kernels`Private`sk[Parallel`Kernels`Private`q$22583, Parallel`Kernels`Private`n0$22583, Parallel`Kernels`Private`n1$22583]]]
NIntegrate::ncvb: NIntegrate failed to converge to prescribed accuracy after 2 recursive bisections in yD near {xD, yD} = {0.0479789, -0.01752}. NIntegrate obtained 0.000346441 and 0.0000112622 for the integral and error estimates.
StringForm[From `1`:, Parallel`Kernels`kernel[Parallel`Kernels`Private`bk[SubKernels`LocalKernels`localKernel[SubKernels`LocalKernels`Private`lk[LinkObject[/usr/local/Wolfram/Mathematica/12.0/Executables/wolfram -subkernel -noinit -nopaclet -wstp, 206, 1], {/usr/local/Wolfram/Mathematica/12.0/Executables/wolfram -subkernel -noinit -nopaclet -wstp}, SubKernels`LocalKernels`Private`speed$22566, SubKernels`LocalKernels`Private`preemptive$22566]], Parallel`Kernels`Private`id$22573, Parallel`Kernels`Private`name$22573], Parallel`Kernels`Private`ek[Parallel`Kernels`Private`nev$22574, Parallel`Kernels`Private`pb$22574, Parallel`Kernels`Private`rd$22574], Parallel`Kernels`Private`sk[Parallel`Kernels`Private`q$22575, Parallel`Kernels`Private`n0$22575, Parallel`Kernels`Private`n1$22575]]]
NIntegrate::ncvb: NIntegrate failed to converge to prescribed accuracy after 2 recursive bisections in yD near {xD, yD} = {0.0497077, -0.01752}. NIntegrate obtained 0.0000759348 and 0.0000348703 for the integral and error estimates.
StringForm[From `1`:, Parallel`Kernels`kernel[Parallel`Kernels`Private`bk[SubKernels`LocalKernels`localKernel[SubKernels`LocalKernels`Private`lk[LinkObject[/usr/local/Wolfram/Mathematica/12.0/Executables/wolfram -subkernel -noinit -nopaclet -wstp, 207, 2], {/usr/local/Wolfram/Mathematica/12.0/Executables/wolfram -subkernel -noinit -nopaclet -wstp}, SubKernels`LocalKernels`Private`speed$22567, SubKernels`LocalKernels`Private`preemptive$22567]], Parallel`Kernels`Private`id$22577, Parallel`Kernels`Private`name$22577], Parallel`Kernels`Private`ek[Parallel`Kernels`Private`nev$22578, Parallel`Kernels`Private`pb$22578, Parallel`Kernels`Private`rd$22578], Parallel`Kernels`Private`sk[Parallel`Kernels`Private`q$22579, Parallel`Kernels`Private`n0$22579, Parallel`Kernels`Private`n1$22579]]]
NIntegrate::ncvb: NIntegrate failed to converge to prescribed accuracy after 2 recursive bisections in yD near {xD, yD} = {0.0478327, -0.012747}. NIntegrate obtained 0.0180017 and 0.0000203433 for the integral and error estimates.
StringForm[From `1`:, Parallel`Kernels`kernel[Parallel`Kernels`Private`bk[SubKernels`LocalKernels`localKernel[SubKernels`LocalKernels`Private`lk[LinkObject[/usr/local/Wolfram/Mathematica/12.0/Executables/wolfram -subkernel -noinit -nopaclet -wstp, 209, 4], {/usr/local/Wolfram/Mathematica/12.0/Executables/wolfram -subkernel -noinit -nopaclet -wstp}, SubKernels`LocalKernels`Private`speed$22569, SubKernels`LocalKernels`Private`preemptive$22569]], Parallel`Kernels`Private`id$22585, Parallel`Kernels`Private`name$22585], Parallel`Kernels`Private`ek[Parallel`Kernels`Private`nev$22586, Parallel`Kernels`Private`pb$22586, Parallel`Kernels`Private`rd$22586], Parallel`Kernels`Private`sk[Parallel`Kernels`Private`q$22587, Parallel`Kernels`Private`n0$22587, Parallel`Kernels`Private`n1$22587]]]
NIntegrate::ncvb: NIntegrate failed to converge to prescribed accuracy after 2 recursive bisections in yD near {xD, yD} = {0.0478327, 0.022255}. NIntegrate obtained 0.00540619 and 0.0000119972 for the integral and error estimates.
StringForm[From `1`:, Parallel`Kernels`kernel[Parallel`Kernels`Private`bk[SubKernels`LocalKernels`localKernel[SubKernels`LocalKernels`Private`lk[LinkObject[/usr/local/Wolfram/Mathematica/12.0/Executables/wolfram -subkernel -noinit -nopaclet -wstp, 207, 2], {/usr/local/Wolfram/Mathematica/12.0/Executables/wolfram -subkernel -noinit -nopaclet -wstp}, SubKernels`LocalKernels`Private`speed$22567, SubKernels`LocalKernels`Private`preemptive$22567]], Parallel`Kernels`Private`id$22577, Parallel`Kernels`Private`name$22577], Parallel`Kernels`Private`ek[Parallel`Kernels`Private`nev$22578, Parallel`Kernels`Private`pb$22578, Parallel`Kernels`Private`rd$22578], Parallel`Kernels`Private`sk[Parallel`Kernels`Private`q$22579, Parallel`Kernels`Private`n0$22579, Parallel`Kernels`Private`n1$22579]]]
                                                                                                                                                                               -6              -6
NIntegrate::ncvb: NIntegrate failed to converge to prescribed accuracy after 2 recursive bisections in yD near {xD, yD} = {0.0515827, -0.01752}. NIntegrate obtained 2.95163 10   and 2.1979 10   for the integral and error estimates.
StringForm[From `1`:, Parallel`Kernels`kernel[Parallel`Kernels`Private`bk[SubKernels`LocalKernels`localKernel[SubKernels`LocalKernels`Private`lk[LinkObject[/usr/local/Wolfram/Mathematica/12.0/Executables/wolfram -subkernel -noinit -nopaclet -wstp, 206, 1], {/usr/local/Wolfram/Mathematica/12.0/Executables/wolfram -subkernel -noinit -nopaclet -wstp}, SubKernels`LocalKernels`Private`speed$22566, SubKernels`LocalKernels`Private`preemptive$22566]], Parallel`Kernels`Private`id$22573, Parallel`Kernels`Private`name$22573], Parallel`Kernels`Private`ek[Parallel`Kernels`Private`nev$22574, Parallel`Kernels`Private`pb$22574, Parallel`Kernels`Private`rd$22574], Parallel`Kernels`Private`sk[Parallel`Kernels`Private`q$22575, Parallel`Kernels`Private`n0$22575, Parallel`Kernels`Private`n1$22575]]]
NIntegrate::ncvb: NIntegrate failed to converge to prescribed accuracy after 2 recursive bisections in yD near {xD, yD} = {0.0489164, -0.015929}. NIntegrate obtained 0.0055196 and 0.0000137169 for the integral and error estimates.
StringForm[From `1`:, Parallel`Kernels`kernel[Parallel`Kernels`Private`bk[SubKernels`LocalKernels`localKernel[SubKernels`LocalKernels`Private`lk[LinkObject[/usr/local/Wolfram/Mathematica/12.0/Executables/wolfram -subkernel -noinit -nopaclet -wstp, 208, 3], {/usr/local/Wolfram/Mathematica/12.0/Executables/wolfram -subkernel -noinit -nopaclet -wstp}, SubKernels`LocalKernels`Private`speed$22568, SubKernels`LocalKernels`Private`preemptive$22568]], Parallel`Kernels`Private`id$22581, Parallel`Kernels`Private`name$22581], Parallel`Kernels`Private`ek[Parallel`Kernels`Private`nev$22582, Parallel`Kernels`Private`pb$22582, Parallel`Kernels`Private`rd$22582], Parallel`Kernels`Private`sk[Parallel`Kernels`Private`q$22583, Parallel`Kernels`Private`n0$22583, Parallel`Kernels`Private`n1$22583]]]
NIntegrate::ncvb: NIntegrate failed to converge to prescribed accuracy after 2 recursive bisections in yD near {xD, yD} = {0.0497077, 0.025437}. NIntegrate obtained 0.00198753 and 0.0000388749 for the integral and error estimates.
a = -1030e-4
Time consumption: 6.240245992222222
MaxMemUse :144.30577850341797 MB
Configured Kernels: {SubKernels`LocalKernels`LocalMachine[4, SubKernels`LocalKernels`LowerPriority -> True]}
Processor Count: 4
Modules loaded ...
4 Kernels launched ...
Run started at Fri 22 Oct 2021 22:47:54, Bins: {179, 264}
StringForm[From `1`:, Parallel`Kernels`kernel[Parallel`Kernels`Private`bk[SubKernels`LocalKernels`localKernel[SubKernels`LocalKernels`Private`lk[LinkObject[/usr/local/Wolfram/Mathematica/12.0/Executables/wolfram -subkernel -noinit -nopaclet -wstp, 209, 4], {/usr/local/Wolfram/Mathematica/12.0/Executables/wolfram -subkernel -noinit -nopaclet -wstp}, SubKernels`LocalKernels`Private`speed$22175, SubKernels`LocalKernels`Private`preemptive$22175]], Parallel`Kernels`Private`id$22191, Parallel`Kernels`Private`name$22191], Parallel`Kernels`Private`ek[Parallel`Kernels`Private`nev$22192, Parallel`Kernels`Private`pb$22192, Parallel`Kernels`Private`rd$22192], Parallel`Kernels`Private`sk[Parallel`Kernels`Private`q$22193, Parallel`Kernels`Private`n0$22193, Parallel`Kernels`Private`n1$22193]]]
                                                                                                                                                                                               -6
NIntegrate::ncvb: NIntegrate failed to converge to prescribed accuracy after 2 recursive bisections in yD near {xD, yD} = {0.0515827, -0.014338}. NIntegrate obtained 0.00121137 and 3.77927 10   for the integral and error estimates.
StringForm[From `1`:, Parallel`Kernels`kernel[Parallel`Kernels`Private`bk[SubKernels`LocalKernels`localKernel[SubKernels`LocalKernels`Private`lk[LinkObject[/usr/local/Wolfram/Mathematica/12.0/Executables/wolfram -subkernel -noinit -nopaclet -wstp, 206, 1], {/usr/local/Wolfram/Mathematica/12.0/Executables/wolfram -subkernel -noinit -nopaclet -wstp}, SubKernels`LocalKernels`Private`speed$22172, SubKernels`LocalKernels`Private`preemptive$22172]], Parallel`Kernels`Private`id$22179, Parallel`Kernels`Private`name$22179], Parallel`Kernels`Private`ek[Parallel`Kernels`Private`nev$22180, Parallel`Kernels`Private`pb$22180, Parallel`Kernels`Private`rd$22180], Parallel`Kernels`Private`sk[Parallel`Kernels`Private`q$22181, Parallel`Kernels`Private`n0$22181, Parallel`Kernels`Private`n1$22181]]]
                                                                                                                                                                                               -6
NIntegrate::ncvb: NIntegrate failed to converge to prescribed accuracy after 2 recursive bisections in xD near {xD, yD} = {0.0503957, 0.023598}. NIntegrate obtained 0.000474134 and 1.20588 10   for the integral and error estimates.
a = -1030e-4
Time consumption: 3.4094655008333334
MaxMemUse :144.295654296875 MB
