Configured Kernels: {SubKernels`LocalKernels`LocalMachine[4, SubKernels`LocalKernels`LowerPriority -> True]}
Processor Count: 4
Modules loaded ...
4 Kernels launched ...
Run started at Tue 21 Sep 2021 09:48:57, Bins: {1, 49}
StringForm[From `1`:, Parallel`Kernels`kernel[Parallel`Kernels`Private`bk[SubKernels`LocalKernels`localKernel[SubKernels`LocalKernels`Private`lk[LinkObject[/usr/local/Wolfram/Mathematica/12.0/Executables/wolfram -subkernel -noinit -nopaclet -wstp, 230, 3], {/usr/local/Wolfram/Mathematica/12.0/Executables/wolfram -subkernel -noinit -nopaclet -wstp}, SubKernels`LocalKernels`Private`speed$21635, SubKernels`LocalKernels`Private`preemptive$21635]], Parallel`Kernels`Private`id$21645, Parallel`Kernels`Private`name$21645], Parallel`Kernels`Private`ek[Parallel`Kernels`Private`nev$21646, Parallel`Kernels`Private`pb$21646, Parallel`Kernels`Private`rd$21646], Parallel`Kernels`Private`sk[Parallel`Kernels`Private`q$21647, Parallel`Kernels`Private`n0$21647, Parallel`Kernels`Private`n1$21647]]]
                                                                                                                                                                                                -6
NIntegrate::ncvb: NIntegrate failed to converge to prescribed accuracy after 2 recursive bisections in yD near {xD, yD} = {0.0272077, 0.022255}. NIntegrate obtained 0.0000106393 and 2.68791 10   for the integral and error estimates.
StringForm[From `1`:, Parallel`Kernels`kernel[Parallel`Kernels`Private`bk[SubKernels`LocalKernels`localKernel[SubKernels`LocalKernels`Private`lk[LinkObject[/usr/local/Wolfram/Mathematica/12.0/Executables/wolfram -subkernel -noinit -nopaclet -wstp, 229, 2], {/usr/local/Wolfram/Mathematica/12.0/Executables/wolfram -subkernel -noinit -nopaclet -wstp}, SubKernels`LocalKernels`Private`speed$21634, SubKernels`LocalKernels`Private`preemptive$21634]], Parallel`Kernels`Private`id$21641, Parallel`Kernels`Private`name$21641], Parallel`Kernels`Private`ek[Parallel`Kernels`Private`nev$21642, Parallel`Kernels`Private`pb$21642, Parallel`Kernels`Private`rd$21642], Parallel`Kernels`Private`sk[Parallel`Kernels`Private`q$21643, Parallel`Kernels`Private`n0$21643, Parallel`Kernels`Private`n1$21643]]]
                                                                                                                                                                                               -6
NIntegrate::ncvb: NIntegrate failed to converge to prescribed accuracy after 2 recursive bisections in yD near {xD, yD} = {0.0272077, -0.014338}. NIntegrate obtained 0.000114696 and 1.3948 10   for the integral and error estimates.
StringForm[From `1`:, Parallel`Kernels`kernel[Parallel`Kernels`Private`bk[SubKernels`LocalKernels`localKernel[SubKernels`LocalKernels`Private`lk[LinkObject[/usr/local/Wolfram/Mathematica/12.0/Executables/wolfram -subkernel -noinit -nopaclet -wstp, 231, 4], {/usr/local/Wolfram/Mathematica/12.0/Executables/wolfram -subkernel -noinit -nopaclet -wstp}, SubKernels`LocalKernels`Private`speed$21636, SubKernels`LocalKernels`Private`preemptive$21636]], Parallel`Kernels`Private`id$21649, Parallel`Kernels`Private`name$21649], Parallel`Kernels`Private`ek[Parallel`Kernels`Private`nev$21650, Parallel`Kernels`Private`pb$21650, Parallel`Kernels`Private`rd$21650], Parallel`Kernels`Private`sk[Parallel`Kernels`Private`q$21651, Parallel`Kernels`Private`n0$21651, Parallel`Kernels`Private`n1$21651]]]
NIntegrate::ncvb: NIntegrate failed to converge to prescribed accuracy after 2 recursive bisections in yD near {xD, yD} = {0.0290827, -0.014338}. NIntegrate obtained 0.00208356 and 0.0000306049 for the integral and error estimates.
a = -1040e-4
Time consumption: 1.9183470638888889
MaxMemUse :147.43809509277344 MB
Configured Kernels: {SubKernels`LocalKernels`LocalMachine[4, SubKernels`LocalKernels`LowerPriority -> True]}
Processor Count: 4
Modules loaded ...
4 Kernels launched ...
Run started at Tue 21 Sep 2021 11:44:03, Bins: {50, 98}
StringForm[From `1`:, Parallel`Kernels`kernel[Parallel`Kernels`Private`bk[SubKernels`LocalKernels`localKernel[SubKernels`LocalKernels`Private`lk[LinkObject[/usr/local/Wolfram/Mathematica/12.0/Executables/wolfram -subkernel -noinit -nopaclet -wstp, 206, 1], {/usr/local/Wolfram/Mathematica/12.0/Executables/wolfram -subkernel -noinit -nopaclet -wstp}, SubKernels`LocalKernels`Private`speed$21748, SubKernels`LocalKernels`Private`preemptive$21748]], Parallel`Kernels`Private`id$21755, Parallel`Kernels`Private`name$21755], Parallel`Kernels`Private`ek[Parallel`Kernels`Private`nev$21756, Parallel`Kernels`Private`pb$21756, Parallel`Kernels`Private`rd$21756], Parallel`Kernels`Private`sk[Parallel`Kernels`Private`q$21757, Parallel`Kernels`Private`n0$21757, Parallel`Kernels`Private`n1$21757]]]
NIntegrate::ncvb: NIntegrate failed to converge to prescribed accuracy after 2 recursive bisections in yD near {xD, yD} = {0.0290827, 0.022255}. NIntegrate obtained 0.000207045 and 0.0000137047 for the integral and error estimates.
StringForm[From `1`:, Parallel`Kernels`kernel[Parallel`Kernels`Private`bk[SubKernels`LocalKernels`localKernel[SubKernels`LocalKernels`Private`lk[LinkObject[/usr/local/Wolfram/Mathematica/12.0/Executables/wolfram -subkernel -noinit -nopaclet -wstp, 207, 2], {/usr/local/Wolfram/Mathematica/12.0/Executables/wolfram -subkernel -noinit -nopaclet -wstp}, SubKernels`LocalKernels`Private`speed$21749, SubKernels`LocalKernels`Private`preemptive$21749]], Parallel`Kernels`Private`id$21759, Parallel`Kernels`Private`name$21759], Parallel`Kernels`Private`ek[Parallel`Kernels`Private`nev$21760, Parallel`Kernels`Private`pb$21760, Parallel`Kernels`Private`rd$21760], Parallel`Kernels`Private`sk[Parallel`Kernels`Private`q$21761, Parallel`Kernels`Private`n0$21761, Parallel`Kernels`Private`n1$21761]]]
                                                                                                                                                                               -6               -6
NIntegrate::ncvb: NIntegrate failed to converge to prescribed accuracy after 2 recursive bisections in yD near {xD, yD} = {0.0328327, -0.01752}. NIntegrate obtained 7.83417 10   and 1.83375 10   for the integral and error estimates.
StringForm[From `1`:, Parallel`Kernels`kernel[Parallel`Kernels`Private`bk[SubKernels`LocalKernels`localKernel[SubKernels`LocalKernels`Private`lk[LinkObject[/usr/local/Wolfram/Mathematica/12.0/Executables/wolfram -subkernel -noinit -nopaclet -wstp, 208, 3], {/usr/local/Wolfram/Mathematica/12.0/Executables/wolfram -subkernel -noinit -nopaclet -wstp}, SubKernels`LocalKernels`Private`speed$21750, SubKernels`LocalKernels`Private`preemptive$21750]], Parallel`Kernels`Private`id$21763, Parallel`Kernels`Private`name$21763], Parallel`Kernels`Private`ek[Parallel`Kernels`Private`nev$21764, Parallel`Kernels`Private`pb$21764, Parallel`Kernels`Private`rd$21764], Parallel`Kernels`Private`sk[Parallel`Kernels`Private`q$21765, Parallel`Kernels`Private`n0$21765, Parallel`Kernels`Private`n1$21765]]]
NIntegrate::ncvb: NIntegrate failed to converge to prescribed accuracy after 2 recursive bisections in yD near {xD, yD} = {0.0309577, -0.014338}. NIntegrate obtained 0.00929223 and 0.000111691 for the integral and error estimates.
StringForm[From `1`:, Parallel`Kernels`kernel[Parallel`Kernels`Private`bk[SubKernels`LocalKernels`localKernel[SubKernels`LocalKernels`Private`lk[LinkObject[/usr/local/Wolfram/Mathematica/12.0/Executables/wolfram -subkernel -noinit -nopaclet -wstp, 209, 4], {/usr/local/Wolfram/Mathematica/12.0/Executables/wolfram -subkernel -noinit -nopaclet -wstp}, SubKernels`LocalKernels`Private`speed$21751, SubKernels`LocalKernels`Private`preemptive$21751]], Parallel`Kernels`Private`id$21767, Parallel`Kernels`Private`name$21767], Parallel`Kernels`Private`ek[Parallel`Kernels`Private`nev$21768, Parallel`Kernels`Private`pb$21768, Parallel`Kernels`Private`rd$21768], Parallel`Kernels`Private`sk[Parallel`Kernels`Private`q$21769, Parallel`Kernels`Private`n0$21769, Parallel`Kernels`Private`n1$21769]]]
NIntegrate::ncvb: NIntegrate failed to converge to prescribed accuracy after 2 recursive bisections in yD near {xD, yD} = {0.0309577, 0.022255}. NIntegrate obtained 0.00105564 and 0.0000428387 for the integral and error estimates.
StringForm[From `1`:, Parallel`Kernels`kernel[Parallel`Kernels`Private`bk[SubKernels`LocalKernels`localKernel[SubKernels`LocalKernels`Private`lk[LinkObject[/usr/local/Wolfram/Mathematica/12.0/Executables/wolfram -subkernel -noinit -nopaclet -wstp, 206, 1], {/usr/local/Wolfram/Mathematica/12.0/Executables/wolfram -subkernel -noinit -nopaclet -wstp}, SubKernels`LocalKernels`Private`speed$21748, SubKernels`LocalKernels`Private`preemptive$21748]], Parallel`Kernels`Private`id$21755, Parallel`Kernels`Private`name$21755], Parallel`Kernels`Private`ek[Parallel`Kernels`Private`nev$21756, Parallel`Kernels`Private`pb$21756, Parallel`Kernels`Private`rd$21756], Parallel`Kernels`Private`sk[Parallel`Kernels`Private`q$21757, Parallel`Kernels`Private`n0$21757, Parallel`Kernels`Private`n1$21757]]]
                                                                                                                                                                                                -6
NIntegrate::ncvb: NIntegrate failed to converge to prescribed accuracy after 2 recursive bisections in yD near {xD, yD} = {0.0347077, -0.01752}. NIntegrate obtained 0.0000994173 and 8.00297 10   for the integral and error estimates.
StringForm[From `1`:, Parallel`Kernels`kernel[Parallel`Kernels`Private`bk[SubKernels`LocalKernels`localKernel[SubKernels`LocalKernels`Private`lk[LinkObject[/usr/local/Wolfram/Mathematica/12.0/Executables/wolfram -subkernel -noinit -nopaclet -wstp, 207, 2], {/usr/local/Wolfram/Mathematica/12.0/Executables/wolfram -subkernel -noinit -nopaclet -wstp}, SubKernels`LocalKernels`Private`speed$21749, SubKernels`LocalKernels`Private`preemptive$21749]], Parallel`Kernels`Private`id$21759, Parallel`Kernels`Private`name$21759], Parallel`Kernels`Private`ek[Parallel`Kernels`Private`nev$21760, Parallel`Kernels`Private`pb$21760, Parallel`Kernels`Private`rd$21760], Parallel`Kernels`Private`sk[Parallel`Kernels`Private`q$21761, Parallel`Kernels`Private`n0$21761, Parallel`Kernels`Private`n1$21761]]]
NIntegrate::ncvb: NIntegrate failed to converge to prescribed accuracy after 2 recursive bisections in yD near {xD, yD} = {0.0328327, -0.014338}. NIntegrate obtained 0.0241669 and 0.000178503 for the integral and error estimates.
StringForm[From `1`:, Parallel`Kernels`kernel[Parallel`Kernels`Private`bk[SubKernels`LocalKernels`localKernel[SubKernels`LocalKernels`Private`lk[LinkObject[/usr/local/Wolfram/Mathematica/12.0/Executables/wolfram -subkernel -noinit -nopaclet -wstp, 208, 3], {/usr/local/Wolfram/Mathematica/12.0/Executables/wolfram -subkernel -noinit -nopaclet -wstp}, SubKernels`LocalKernels`Private`speed$21750, SubKernels`LocalKernels`Private`preemptive$21750]], Parallel`Kernels`Private`id$21763, Parallel`Kernels`Private`name$21763], Parallel`Kernels`Private`ek[Parallel`Kernels`Private`nev$21764, Parallel`Kernels`Private`pb$21764, Parallel`Kernels`Private`rd$21764], Parallel`Kernels`Private`sk[Parallel`Kernels`Private`q$21765, Parallel`Kernels`Private`n0$21765, Parallel`Kernels`Private`n1$21765]]]
NIntegrate::ncvb: NIntegrate failed to converge to prescribed accuracy after 2 recursive bisections in yD near {xD, yD} = {0.0347077, -0.014338}. NIntegrate obtained 0.0460975 and 0.000250318 for the integral and error estimates.
StringForm[From `1`:, Parallel`Kernels`kernel[Parallel`Kernels`Private`bk[SubKernels`LocalKernels`localKernel[SubKernels`LocalKernels`Private`lk[LinkObject[/usr/local/Wolfram/Mathematica/12.0/Executables/wolfram -subkernel -noinit -nopaclet -wstp, 209, 4], {/usr/local/Wolfram/Mathematica/12.0/Executables/wolfram -subkernel -noinit -nopaclet -wstp}, SubKernels`LocalKernels`Private`speed$21751, SubKernels`LocalKernels`Private`preemptive$21751]], Parallel`Kernels`Private`id$21767, Parallel`Kernels`Private`name$21767], Parallel`Kernels`Private`ek[Parallel`Kernels`Private`nev$21768, Parallel`Kernels`Private`pb$21768, Parallel`Kernels`Private`rd$21768], Parallel`Kernels`Private`sk[Parallel`Kernels`Private`q$21769, Parallel`Kernels`Private`n0$21769, Parallel`Kernels`Private`n1$21769]]]
NIntegrate::ncvb: NIntegrate failed to converge to prescribed accuracy after 2 recursive bisections in yD near {xD, yD} = {0.0347077, 0.022255}. NIntegrate obtained 0.00695721 and 0.0000950977 for the integral and error estimates.
StringForm[From `1`:, Parallel`Kernels`kernel[Parallel`Kernels`Private`bk[SubKernels`LocalKernels`localKernel[SubKernels`LocalKernels`Private`lk[LinkObject[/usr/local/Wolfram/Mathematica/12.0/Executables/wolfram -subkernel -noinit -nopaclet -wstp, 207, 2], {/usr/local/Wolfram/Mathematica/12.0/Executables/wolfram -subkernel -noinit -nopaclet -wstp}, SubKernels`LocalKernels`Private`speed$21749, SubKernels`LocalKernels`Private`preemptive$21749]], Parallel`Kernels`Private`id$21759, Parallel`Kernels`Private`name$21759], Parallel`Kernels`Private`ek[Parallel`Kernels`Private`nev$21760, Parallel`Kernels`Private`pb$21760, Parallel`Kernels`Private`rd$21760], Parallel`Kernels`Private`sk[Parallel`Kernels`Private`q$21761, Parallel`Kernels`Private`n0$21761, Parallel`Kernels`Private`n1$21761]]]
NIntegrate::ncvb: NIntegrate failed to converge to prescribed accuracy after 2 recursive bisections in yD near {xD, yD} = {0.0365827, -0.014338}. NIntegrate obtained 0.0694996 and 0.0002692 for the integral and error estimates.
StringForm[From `1`:, Parallel`Kernels`kernel[Parallel`Kernels`Private`bk[SubKernels`LocalKernels`localKernel[SubKernels`LocalKernels`Private`lk[LinkObject[/usr/local/Wolfram/Mathematica/12.0/Executables/wolfram -subkernel -noinit -nopaclet -wstp, 206, 1], {/usr/local/Wolfram/Mathematica/12.0/Executables/wolfram -subkernel -noinit -nopaclet -wstp}, SubKernels`LocalKernels`Private`speed$21748, SubKernels`LocalKernels`Private`preemptive$21748]], Parallel`Kernels`Private`id$21755, Parallel`Kernels`Private`name$21755], Parallel`Kernels`Private`ek[Parallel`Kernels`Private`nev$21756, Parallel`Kernels`Private`pb$21756, Parallel`Kernels`Private`rd$21756], Parallel`Kernels`Private`sk[Parallel`Kernels`Private`q$21757, Parallel`Kernels`Private`n0$21757, Parallel`Kernels`Private`n1$21757]]]
NIntegrate::ncvb: NIntegrate failed to converge to prescribed accuracy after 2 recursive bisections in yD near {xD, yD} = {0.0365827, 0.022255}. NIntegrate obtained 0.0118132 and 0.0000605154 for the integral and error estimates.
a = -1040e-4
Time consumption: 9.666911603611112
MaxMemUse :144.29300689697266 MB
Configured Kernels: {SubKernels`LocalKernels`LocalMachine[4, SubKernels`LocalKernels`LowerPriority -> True]}
Processor Count: 4
Modules loaded ...
4 Kernels launched ...
Run started at Tue 21 Sep 2021 21:24:05, Bins: {99, 106}
StringForm[From `1`:, Parallel`Kernels`kernel[Parallel`Kernels`Private`bk[SubKernels`LocalKernels`localKernel[SubKernels`LocalKernels`Private`lk[LinkObject[/usr/local/Wolfram/Mathematica/12.0/Executables/wolfram -subkernel -noinit -nopaclet -wstp, 207, 2], {/usr/local/Wolfram/Mathematica/12.0/Executables/wolfram -subkernel -noinit -nopaclet -wstp}, SubKernels`LocalKernels`Private`speed$21821, SubKernels`LocalKernels`Private`preemptive$21821]], Parallel`Kernels`Private`id$21831, Parallel`Kernels`Private`name$21831], Parallel`Kernels`Private`ek[Parallel`Kernels`Private`nev$21832, Parallel`Kernels`Private`pb$21832, Parallel`Kernels`Private`rd$21832], Parallel`Kernels`Private`sk[Parallel`Kernels`Private`q$21833, Parallel`Kernels`Private`n0$21833, Parallel`Kernels`Private`n1$21833]]]
                                                                                                                                                                                                -6
NIntegrate::ncvb: NIntegrate failed to converge to prescribed accuracy after 2 recursive bisections in yD near {xD, yD} = {0.0384577, -0.019111}. NIntegrate obtained 0.000644188 and 7.54999 10   for the integral and error estimates.
StringForm[From `1`:, Parallel`Kernels`kernel[Parallel`Kernels`Private`bk[SubKernels`LocalKernels`localKernel[SubKernels`LocalKernels`Private`lk[LinkObject[/usr/local/Wolfram/Mathematica/12.0/Executables/wolfram -subkernel -noinit -nopaclet -wstp, 206, 1], {/usr/local/Wolfram/Mathematica/12.0/Executables/wolfram -subkernel -noinit -nopaclet -wstp}, SubKernels`LocalKernels`Private`speed$21820, SubKernels`LocalKernels`Private`preemptive$21820]], Parallel`Kernels`Private`id$21827, Parallel`Kernels`Private`name$21827], Parallel`Kernels`Private`ek[Parallel`Kernels`Private`nev$21828, Parallel`Kernels`Private`pb$21828, Parallel`Kernels`Private`rd$21828], Parallel`Kernels`Private`sk[Parallel`Kernels`Private`q$21829, Parallel`Kernels`Private`n0$21829, Parallel`Kernels`Private`n1$21829]]]
NIntegrate::ncvb: NIntegrate failed to converge to prescribed accuracy after 2 recursive bisections in yD near {xD, yD} = {0.0384577, -0.014338}. NIntegrate obtained 0.086312 and 0.000242175 for the integral and error estimates.
a = -1040e-4
Time consumption: 3.0476709669444446
MaxMemUse :144.28241729736328 MB
Configured Kernels: {SubKernels`LocalKernels`LocalMachine[4, SubKernels`LocalKernels`LowerPriority -> True]}
Processor Count: 4
Modules loaded ...
4 Kernels launched ...
Run started at Wed 22 Sep 2021 00:26:57, Bins: {107, 122}
StringForm[From `1`:, Parallel`Kernels`kernel[Parallel`Kernels`Private`bk[SubKernels`LocalKernels`localKernel[SubKernels`LocalKernels`Private`lk[LinkObject[/usr/local/Wolfram/Mathematica/12.0/Executables/wolfram -subkernel -noinit -nopaclet -wstp, 206, 1], {/usr/local/Wolfram/Mathematica/12.0/Executables/wolfram -subkernel -noinit -nopaclet -wstp}, SubKernels`LocalKernels`Private`speed$21426, SubKernels`LocalKernels`Private`preemptive$21426]], Parallel`Kernels`Private`id$21433, Parallel`Kernels`Private`name$21433], Parallel`Kernels`Private`ek[Parallel`Kernels`Private`nev$21434, Parallel`Kernels`Private`pb$21434, Parallel`Kernels`Private`rd$21434], Parallel`Kernels`Private`sk[Parallel`Kernels`Private`q$21435, Parallel`Kernels`Private`n0$21435, Parallel`Kernels`Private`n1$21435]]]
                                                                                                                                                                                                -6
NIntegrate::ncvb: NIntegrate failed to converge to prescribed accuracy after 2 recursive bisections in yD near {xD, yD} = {0.0403327, -0.019111}. NIntegrate obtained 0.000817989 and 9.56108 10   for the integral and error estimates.
StringForm[From `1`:, Parallel`Kernels`kernel[Parallel`Kernels`Private`bk[SubKernels`LocalKernels`localKernel[SubKernels`LocalKernels`Private`lk[LinkObject[/usr/local/Wolfram/Mathematica/12.0/Executables/wolfram -subkernel -noinit -nopaclet -wstp, 208, 3], {/usr/local/Wolfram/Mathematica/12.0/Executables/wolfram -subkernel -noinit -nopaclet -wstp}, SubKernels`LocalKernels`Private`speed$21428, SubKernels`LocalKernels`Private`preemptive$21428]], Parallel`Kernels`Private`id$21441, Parallel`Kernels`Private`name$21441], Parallel`Kernels`Private`ek[Parallel`Kernels`Private`nev$21442, Parallel`Kernels`Private`pb$21442, Parallel`Kernels`Private`rd$21442], Parallel`Kernels`Private`sk[Parallel`Kernels`Private`q$21443, Parallel`Kernels`Private`n0$21443, Parallel`Kernels`Private`n1$21443]]]
NIntegrate::ncvb: NIntegrate failed to converge to prescribed accuracy after 3 recursive bisections in yD near {xD, yD} = {0.0384577, 0.0215835}. NIntegrate obtained 0.0159961 and 0.0000747583 for the integral and error estimates.
StringForm[From `1`:, Parallel`Kernels`kernel[Parallel`Kernels`Private`bk[SubKernels`LocalKernels`localKernel[SubKernels`LocalKernels`Private`lk[LinkObject[/usr/local/Wolfram/Mathematica/12.0/Executables/wolfram -subkernel -noinit -nopaclet -wstp, 209, 4], {/usr/local/Wolfram/Mathematica/12.0/Executables/wolfram -subkernel -noinit -nopaclet -wstp}, SubKernels`LocalKernels`Private`speed$21429, SubKernels`LocalKernels`Private`preemptive$21429]], Parallel`Kernels`Private`id$21445, Parallel`Kernels`Private`name$21445], Parallel`Kernels`Private`ek[Parallel`Kernels`Private`nev$21446, Parallel`Kernels`Private`pb$21446, Parallel`Kernels`Private`rd$21446], Parallel`Kernels`Private`sk[Parallel`Kernels`Private`q$21447, Parallel`Kernels`Private`n0$21447, Parallel`Kernels`Private`n1$21447]]]
NIntegrate::ncvb: NIntegrate failed to converge to prescribed accuracy after 2 recursive bisections in yD near {xD, yD} = {0.0403327, 0.022255}. NIntegrate obtained 0.017909 and 0.000124373 for the integral and error estimates.
a = -1040e-4
Time consumption: 4.390090999444444
MaxMemUse :144.2929458618164 MB
Configured Kernels: {SubKernels`LocalKernels`LocalMachine[4, SubKernels`LocalKernels`LowerPriority -> True]}
Processor Count: 4
Modules loaded ...
4 Kernels launched ...
Run started at Wed 22 Sep 2021 04:50:22, Bins: {123, 138}
StringForm[From `1`:, Parallel`Kernels`kernel[Parallel`Kernels`Private`bk[SubKernels`LocalKernels`localKernel[SubKernels`LocalKernels`Private`lk[LinkObject[/usr/local/Wolfram/Mathematica/12.0/Executables/wolfram -subkernel -noinit -nopaclet -wstp, 209, 4], {/usr/local/Wolfram/Mathematica/12.0/Executables/wolfram -subkernel -noinit -nopaclet -wstp}, SubKernels`LocalKernels`Private`speed$21668, SubKernels`LocalKernels`Private`preemptive$21668]], Parallel`Kernels`Private`id$21684, Parallel`Kernels`Private`name$21684], Parallel`Kernels`Private`ek[Parallel`Kernels`Private`nev$21685, Parallel`Kernels`Private`pb$21685, Parallel`Kernels`Private`rd$21685], Parallel`Kernels`Private`sk[Parallel`Kernels`Private`q$21686, Parallel`Kernels`Private`n0$21686, Parallel`Kernels`Private`n1$21686]]]
                                                                                                                                                                                                -6
NIntegrate::ncvb: NIntegrate failed to converge to prescribed accuracy after 2 recursive bisections in yD near {xD, yD} = {0.0422077, -0.019111}. NIntegrate obtained 0.000871387 and 8.37969 10   for the integral and error estimates.
StringForm[From `1`:, Parallel`Kernels`kernel[Parallel`Kernels`Private`bk[SubKernels`LocalKernels`localKernel[SubKernels`LocalKernels`Private`lk[LinkObject[/usr/local/Wolfram/Mathematica/12.0/Executables/wolfram -subkernel -noinit -nopaclet -wstp, 209, 4], {/usr/local/Wolfram/Mathematica/12.0/Executables/wolfram -subkernel -noinit -nopaclet -wstp}, SubKernels`LocalKernels`Private`speed$21668, SubKernels`LocalKernels`Private`preemptive$21668]], Parallel`Kernels`Private`id$21684, Parallel`Kernels`Private`name$21684], Parallel`Kernels`Private`ek[Parallel`Kernels`Private`nev$21685, Parallel`Kernels`Private`pb$21685, Parallel`Kernels`Private`rd$21685], Parallel`Kernels`Private`sk[Parallel`Kernels`Private`q$21686, Parallel`Kernels`Private`n0$21686, Parallel`Kernels`Private`n1$21686]]]
                                                                                                                                                                                                -6
NIntegrate::ncvb: NIntegrate failed to converge to prescribed accuracy after 2 recursive bisections in yD near {xD, yD} = {0.0440827, -0.019111}. NIntegrate obtained 0.000844569 and 7.26971 10   for the integral and error estimates.
StringForm[From `1`:, Parallel`Kernels`kernel[Parallel`Kernels`Private`bk[SubKernels`LocalKernels`localKernel[SubKernels`LocalKernels`Private`lk[LinkObject[/usr/local/Wolfram/Mathematica/12.0/Executables/wolfram -subkernel -noinit -nopaclet -wstp, 208, 3], {/usr/local/Wolfram/Mathematica/12.0/Executables/wolfram -subkernel -noinit -nopaclet -wstp}, SubKernels`LocalKernels`Private`speed$21667, SubKernels`LocalKernels`Private`preemptive$21667]], Parallel`Kernels`Private`id$21680, Parallel`Kernels`Private`name$21680], Parallel`Kernels`Private`ek[Parallel`Kernels`Private`nev$21681, Parallel`Kernels`Private`pb$21681, Parallel`Kernels`Private`rd$21681], Parallel`Kernels`Private`sk[Parallel`Kernels`Private`q$21682, Parallel`Kernels`Private`n0$21682, Parallel`Kernels`Private`n1$21682]]]
NIntegrate::ncvb: NIntegrate failed to converge to prescribed accuracy after 2 recursive bisections in yD near {xD, yD} = {0.0422077, -0.014338}. NIntegrate obtained 0.0811211 and 0.000158742 for the integral and error estimates.
StringForm[From `1`:, Parallel`Kernels`kernel[Parallel`Kernels`Private`bk[SubKernels`LocalKernels`localKernel[SubKernels`LocalKernels`Private`lk[LinkObject[/usr/local/Wolfram/Mathematica/12.0/Executables/wolfram -subkernel -noinit -nopaclet -wstp, 206, 1], {/usr/local/Wolfram/Mathematica/12.0/Executables/wolfram -subkernel -noinit -nopaclet -wstp}, SubKernels`LocalKernels`Private`speed$21665, SubKernels`LocalKernels`Private`preemptive$21665]], Parallel`Kernels`Private`id$21672, Parallel`Kernels`Private`name$21672], Parallel`Kernels`Private`ek[Parallel`Kernels`Private`nev$21673, Parallel`Kernels`Private`pb$21673, Parallel`Kernels`Private`rd$21673], Parallel`Kernels`Private`sk[Parallel`Kernels`Private`q$21674, Parallel`Kernels`Private`n0$21674, Parallel`Kernels`Private`n1$21674]]]
NIntegrate::ncvb: NIntegrate failed to converge to prescribed accuracy after 2 recursive bisections in yD near {xD, yD} = {0.0422077, 0.022255}. NIntegrate obtained 0.0173498 and 0.000174415 for the integral and error estimates.
StringForm[From `1`:, Parallel`Kernels`kernel[Parallel`Kernels`Private`bk[SubKernels`LocalKernels`localKernel[SubKernels`LocalKernels`Private`lk[LinkObject[/usr/local/Wolfram/Mathematica/12.0/Executables/wolfram -subkernel -noinit -nopaclet -wstp, 207, 2], {/usr/local/Wolfram/Mathematica/12.0/Executables/wolfram -subkernel -noinit -nopaclet -wstp}, SubKernels`LocalKernels`Private`speed$21666, SubKernels`LocalKernels`Private`preemptive$21666]], Parallel`Kernels`Private`id$21676, Parallel`Kernels`Private`name$21676], Parallel`Kernels`Private`ek[Parallel`Kernels`Private`nev$21677, Parallel`Kernels`Private`pb$21677, Parallel`Kernels`Private`rd$21677], Parallel`Kernels`Private`sk[Parallel`Kernels`Private`q$21678, Parallel`Kernels`Private`n0$21678, Parallel`Kernels`Private`n1$21678]]]
NIntegrate::ncvb: NIntegrate failed to converge to prescribed accuracy after 2 recursive bisections in yD near {xD, yD} = {0.0440827, -0.014338}. NIntegrate obtained 0.0628276 and 0.000255132 for the integral and error estimates.
a = -1040e-4
Time consumption: 5.218904555
MaxMemUse :144.29401397705078 MB
Configured Kernels: {SubKernels`LocalKernels`LocalMachine[4, SubKernels`LocalKernels`LowerPriority -> True]}
Processor Count: 4
Modules loaded ...
4 Kernels launched ...
Run started at Wed 22 Sep 2021 10:03:31, Bins: {139, 154}
StringForm[From `1`:, Parallel`Kernels`kernel[Parallel`Kernels`Private`bk[SubKernels`LocalKernels`localKernel[SubKernels`LocalKernels`Private`lk[LinkObject[/usr/local/Wolfram/Mathematica/12.0/Executables/wolfram -subkernel -noinit -nopaclet -wstp, 206, 1], {/usr/local/Wolfram/Mathematica/12.0/Executables/wolfram -subkernel -noinit -nopaclet -wstp}, SubKernels`LocalKernels`Private`speed$21922, SubKernels`LocalKernels`Private`preemptive$21922]], Parallel`Kernels`Private`id$21929, Parallel`Kernels`Private`name$21929], Parallel`Kernels`Private`ek[Parallel`Kernels`Private`nev$21930, Parallel`Kernels`Private`pb$21930, Parallel`Kernels`Private`rd$21930], Parallel`Kernels`Private`sk[Parallel`Kernels`Private`q$21931, Parallel`Kernels`Private`n0$21931, Parallel`Kernels`Private`n1$21931]]]
                                                                                                                                                                                                -6
NIntegrate::ncvb: NIntegrate failed to converge to prescribed accuracy after 2 recursive bisections in yD near {xD, yD} = {0.0459577, -0.019111}. NIntegrate obtained 0.000666038 and 6.09889 10   for the integral and error estimates.
StringForm[From `1`:, Parallel`Kernels`kernel[Parallel`Kernels`Private`bk[SubKernels`LocalKernels`localKernel[SubKernels`LocalKernels`Private`lk[LinkObject[/usr/local/Wolfram/Mathematica/12.0/Executables/wolfram -subkernel -noinit -nopaclet -wstp, 207, 2], {/usr/local/Wolfram/Mathematica/12.0/Executables/wolfram -subkernel -noinit -nopaclet -wstp}, SubKernels`LocalKernels`Private`speed$21923, SubKernels`LocalKernels`Private`preemptive$21923]], Parallel`Kernels`Private`id$21933, Parallel`Kernels`Private`name$21933], Parallel`Kernels`Private`ek[Parallel`Kernels`Private`nev$21934, Parallel`Kernels`Private`pb$21934, Parallel`Kernels`Private`rd$21934], Parallel`Kernels`Private`sk[Parallel`Kernels`Private`q$21935, Parallel`Kernels`Private`n0$21935, Parallel`Kernels`Private`n1$21935]]]
NIntegrate::ncvb: NIntegrate failed to converge to prescribed accuracy after 2 recursive bisections in yD near {xD, yD} = {0.0440827, 0.022255}. NIntegrate obtained 0.0146123 and 0.000228072 for the integral and error estimates.
StringForm[From `1`:, Parallel`Kernels`kernel[Parallel`Kernels`Private`bk[SubKernels`LocalKernels`localKernel[SubKernels`LocalKernels`Private`lk[LinkObject[/usr/local/Wolfram/Mathematica/12.0/Executables/wolfram -subkernel -noinit -nopaclet -wstp, 209, 4], {/usr/local/Wolfram/Mathematica/12.0/Executables/wolfram -subkernel -noinit -nopaclet -wstp}, SubKernels`LocalKernels`Private`speed$21925, SubKernels`LocalKernels`Private`preemptive$21925]], Parallel`Kernels`Private`id$21941, Parallel`Kernels`Private`name$21941], Parallel`Kernels`Private`ek[Parallel`Kernels`Private`nev$21942, Parallel`Kernels`Private`pb$21942, Parallel`Kernels`Private`rd$21942], Parallel`Kernels`Private`sk[Parallel`Kernels`Private`q$21943, Parallel`Kernels`Private`n0$21943, Parallel`Kernels`Private`n1$21943]]]
NIntegrate::ncvb: NIntegrate failed to converge to prescribed accuracy after 2 recursive bisections in yD near {xD, yD} = {0.0459577, -0.014338}. NIntegrate obtained 0.0393689 and 0.0000990261 for the integral and error estimates.
StringForm[From `1`:, Parallel`Kernels`kernel[Parallel`Kernels`Private`bk[SubKernels`LocalKernels`localKernel[SubKernels`LocalKernels`Private`lk[LinkObject[/usr/local/Wolfram/Mathematica/12.0/Executables/wolfram -subkernel -noinit -nopaclet -wstp, 208, 3], {/usr/local/Wolfram/Mathematica/12.0/Executables/wolfram -subkernel -noinit -nopaclet -wstp}, SubKernels`LocalKernels`Private`speed$21924, SubKernels`LocalKernels`Private`preemptive$21924]], Parallel`Kernels`Private`id$21937, Parallel`Kernels`Private`name$21937], Parallel`Kernels`Private`ek[Parallel`Kernels`Private`nev$21938, Parallel`Kernels`Private`pb$21938, Parallel`Kernels`Private`rd$21938], Parallel`Kernels`Private`sk[Parallel`Kernels`Private`q$21939, Parallel`Kernels`Private`n0$21939, Parallel`Kernels`Private`n1$21939]]]
NIntegrate::ncvb: NIntegrate failed to converge to prescribed accuracy after 2 recursive bisections in yD near {xD, yD} = {0.0459577, 0.022255}. NIntegrate obtained 0.0101144 and 0.0000931431 for the integral and error estimates.
a = -1040e-4
Time consumption: 5.0835965863888894
MaxMemUse :144.26976013183594 MB
Configured Kernels: {SubKernels`LocalKernels`LocalMachine[4, SubKernels`LocalKernels`LowerPriority -> True]}
Processor Count: 4
Modules loaded ...
4 Kernels launched ...
Run started at Wed 22 Sep 2021 15:08:33, Bins: {155, 178}
StringForm[From `1`:, Parallel`Kernels`kernel[Parallel`Kernels`Private`bk[SubKernels`LocalKernels`localKernel[SubKernels`LocalKernels`Private`lk[LinkObject[/usr/local/Wolfram/Mathematica/12.0/Executables/wolfram -subkernel -noinit -nopaclet -wstp, 208, 3], {/usr/local/Wolfram/Mathematica/12.0/Executables/wolfram -subkernel -noinit -nopaclet -wstp}, SubKernels`LocalKernels`Private`speed$21820, SubKernels`LocalKernels`Private`preemptive$21820]], Parallel`Kernels`Private`id$21833, Parallel`Kernels`Private`name$21833], Parallel`Kernels`Private`ek[Parallel`Kernels`Private`nev$21834, Parallel`Kernels`Private`pb$21834, Parallel`Kernels`Private`rd$21834], Parallel`Kernels`Private`sk[Parallel`Kernels`Private`q$21835, Parallel`Kernels`Private`n0$21835, Parallel`Kernels`Private`n1$21835]]]
NIntegrate::ncvb: NIntegrate failed to converge to prescribed accuracy after 2 recursive bisections in yD near {xD, yD} = {0.0479789, -0.01752}. NIntegrate obtained 0.00034622 and 0.0000112951 for the integral and error estimates.
StringForm[From `1`:, Parallel`Kernels`kernel[Parallel`Kernels`Private`bk[SubKernels`LocalKernels`localKernel[SubKernels`LocalKernels`Private`lk[LinkObject[/usr/local/Wolfram/Mathematica/12.0/Executables/wolfram -subkernel -noinit -nopaclet -wstp, 206, 1], {/usr/local/Wolfram/Mathematica/12.0/Executables/wolfram -subkernel -noinit -nopaclet -wstp}, SubKernels`LocalKernels`Private`speed$21818, SubKernels`LocalKernels`Private`preemptive$21818]], Parallel`Kernels`Private`id$21825, Parallel`Kernels`Private`name$21825], Parallel`Kernels`Private`ek[Parallel`Kernels`Private`nev$21826, Parallel`Kernels`Private`pb$21826, Parallel`Kernels`Private`rd$21826], Parallel`Kernels`Private`sk[Parallel`Kernels`Private`q$21827, Parallel`Kernels`Private`n0$21827, Parallel`Kernels`Private`n1$21827]]]
NIntegrate::ncvb: NIntegrate failed to converge to prescribed accuracy after 2 recursive bisections in yD near {xD, yD} = {0.0497077, -0.01752}. NIntegrate obtained 0.00007589 and 0.0000348479 for the integral and error estimates.
StringForm[From `1`:, Parallel`Kernels`kernel[Parallel`Kernels`Private`bk[SubKernels`LocalKernels`localKernel[SubKernels`LocalKernels`Private`lk[LinkObject[/usr/local/Wolfram/Mathematica/12.0/Executables/wolfram -subkernel -noinit -nopaclet -wstp, 209, 4], {/usr/local/Wolfram/Mathematica/12.0/Executables/wolfram -subkernel -noinit -nopaclet -wstp}, SubKernels`LocalKernels`Private`speed$21821, SubKernels`LocalKernels`Private`preemptive$21821]], Parallel`Kernels`Private`id$21837, Parallel`Kernels`Private`name$21837], Parallel`Kernels`Private`ek[Parallel`Kernels`Private`nev$21838, Parallel`Kernels`Private`pb$21838, Parallel`Kernels`Private`rd$21838], Parallel`Kernels`Private`sk[Parallel`Kernels`Private`q$21839, Parallel`Kernels`Private`n0$21839, Parallel`Kernels`Private`n1$21839]]]
NIntegrate::ncvb: NIntegrate failed to converge to prescribed accuracy after 2 recursive bisections in yD near {xD, yD} = {0.0478327, 0.022255}. NIntegrate obtained 0.00540377 and 0.000011975 for the integral and error estimates.
StringForm[From `1`:, Parallel`Kernels`kernel[Parallel`Kernels`Private`bk[SubKernels`LocalKernels`localKernel[SubKernels`LocalKernels`Private`lk[LinkObject[/usr/local/Wolfram/Mathematica/12.0/Executables/wolfram -subkernel -noinit -nopaclet -wstp, 209, 4], {/usr/local/Wolfram/Mathematica/12.0/Executables/wolfram -subkernel -noinit -nopaclet -wstp}, SubKernels`LocalKernels`Private`speed$21821, SubKernels`LocalKernels`Private`preemptive$21821]], Parallel`Kernels`Private`id$21837, Parallel`Kernels`Private`name$21837], Parallel`Kernels`Private`ek[Parallel`Kernels`Private`nev$21838, Parallel`Kernels`Private`pb$21838, Parallel`Kernels`Private`rd$21838], Parallel`Kernels`Private`sk[Parallel`Kernels`Private`q$21839, Parallel`Kernels`Private`n0$21839, Parallel`Kernels`Private`n1$21839]]]
                                                                                                                                                                               -6               -6
NIntegrate::ncvb: NIntegrate failed to converge to prescribed accuracy after 2 recursive bisections in yD near {xD, yD} = {0.0515827, -0.01752}. NIntegrate obtained 2.94962 10   and 2.19649 10   for the integral and error estimates.
StringForm[From `1`:, Parallel`Kernels`kernel[Parallel`Kernels`Private`bk[SubKernels`LocalKernels`localKernel[SubKernels`LocalKernels`Private`lk[LinkObject[/usr/local/Wolfram/Mathematica/12.0/Executables/wolfram -subkernel -noinit -nopaclet -wstp, 206, 1], {/usr/local/Wolfram/Mathematica/12.0/Executables/wolfram -subkernel -noinit -nopaclet -wstp}, SubKernels`LocalKernels`Private`speed$21818, SubKernels`LocalKernels`Private`preemptive$21818]], Parallel`Kernels`Private`id$21825, Parallel`Kernels`Private`name$21825], Parallel`Kernels`Private`ek[Parallel`Kernels`Private`nev$21826, Parallel`Kernels`Private`pb$21826, Parallel`Kernels`Private`rd$21826], Parallel`Kernels`Private`sk[Parallel`Kernels`Private`q$21827, Parallel`Kernels`Private`n0$21827, Parallel`Kernels`Private`n1$21827]]]
NIntegrate::ncvb: NIntegrate failed to converge to prescribed accuracy after 2 recursive bisections in yD near {xD, yD} = {0.0489164, -0.015929}. NIntegrate obtained 0.00551725 and 0.0000131924 for the integral and error estimates.
StringForm[From `1`:, Parallel`Kernels`kernel[Parallel`Kernels`Private`bk[SubKernels`LocalKernels`localKernel[SubKernels`LocalKernels`Private`lk[LinkObject[/usr/local/Wolfram/Mathematica/12.0/Executables/wolfram -subkernel -noinit -nopaclet -wstp, 208, 3], {/usr/local/Wolfram/Mathematica/12.0/Executables/wolfram -subkernel -noinit -nopaclet -wstp}, SubKernels`LocalKernels`Private`speed$21820, SubKernels`LocalKernels`Private`preemptive$21820]], Parallel`Kernels`Private`id$21833, Parallel`Kernels`Private`name$21833], Parallel`Kernels`Private`ek[Parallel`Kernels`Private`nev$21834, Parallel`Kernels`Private`pb$21834, Parallel`Kernels`Private`rd$21834], Parallel`Kernels`Private`sk[Parallel`Kernels`Private`q$21835, Parallel`Kernels`Private`n0$21835, Parallel`Kernels`Private`n1$21835]]]
NIntegrate::ncvb: NIntegrate failed to converge to prescribed accuracy after 2 recursive bisections in yD near {xD, yD} = {0.0497077, 0.025437}. NIntegrate obtained 0.00198651 and 0.000038859 for the integral and error estimates.
a = -1040e-4
Time consumption: 6.307708750833333
MaxMemUse :144.28618621826172 MB
Configured Kernels: {SubKernels`LocalKernels`LocalMachine[4, SubKernels`LocalKernels`LowerPriority -> True]}
Processor Count: 4
Modules loaded ...
4 Kernels launched ...
Run started at Wed 22 Sep 2021 21:27:01, Bins: {179, 264}
StringForm[From `1`:, Parallel`Kernels`kernel[Parallel`Kernels`Private`bk[SubKernels`LocalKernels`localKernel[SubKernels`LocalKernels`Private`lk[LinkObject[/usr/local/Wolfram/Mathematica/12.0/Executables/wolfram -subkernel -noinit -nopaclet -wstp, 209, 4], {/usr/local/Wolfram/Mathematica/12.0/Executables/wolfram -subkernel -noinit -nopaclet -wstp}, SubKernels`LocalKernels`Private`speed$21612, SubKernels`LocalKernels`Private`preemptive$21612]], Parallel`Kernels`Private`id$21628, Parallel`Kernels`Private`name$21628], Parallel`Kernels`Private`ek[Parallel`Kernels`Private`nev$21629, Parallel`Kernels`Private`pb$21629, Parallel`Kernels`Private`rd$21629], Parallel`Kernels`Private`sk[Parallel`Kernels`Private`q$21630, Parallel`Kernels`Private`n0$21630, Parallel`Kernels`Private`n1$21630]]]
                                                                                                                                                                                               -6
NIntegrate::ncvb: NIntegrate failed to converge to prescribed accuracy after 2 recursive bisections in yD near {xD, yD} = {0.0515827, -0.014338}. NIntegrate obtained 0.00121063 and 3.77626 10   for the integral and error estimates.
StringForm[From `1`:, Parallel`Kernels`kernel[Parallel`Kernels`Private`bk[SubKernels`LocalKernels`localKernel[SubKernels`LocalKernels`Private`lk[LinkObject[/usr/local/Wolfram/Mathematica/12.0/Executables/wolfram -subkernel -noinit -nopaclet -wstp, 206, 1], {/usr/local/Wolfram/Mathematica/12.0/Executables/wolfram -subkernel -noinit -nopaclet -wstp}, SubKernels`LocalKernels`Private`speed$21609, SubKernels`LocalKernels`Private`preemptive$21609]], Parallel`Kernels`Private`id$21616, Parallel`Kernels`Private`name$21616], Parallel`Kernels`Private`ek[Parallel`Kernels`Private`nev$21617, Parallel`Kernels`Private`pb$21617, Parallel`Kernels`Private`rd$21617], Parallel`Kernels`Private`sk[Parallel`Kernels`Private`q$21618, Parallel`Kernels`Private`n0$21618, Parallel`Kernels`Private`n1$21618]]]
                                                                                                                                                                                               -6
NIntegrate::ncvb: NIntegrate failed to converge to prescribed accuracy after 2 recursive bisections in xD near {xD, yD} = {0.0503957, 0.023598}. NIntegrate obtained 0.000473847 and 1.20468 10   for the integral and error estimates.
a = -1040e-4
Time consumption: 3.422593247777778
MaxMemUse :144.27821350097656 MB
