Configured Kernels: {SubKernels`LocalKernels`LocalMachine[4, SubKernels`LocalKernels`LowerPriority -> True]}
Processor Count: 4
Modules loaded ...
4 Kernels launched ...
Run started at Mon 25 Oct 2021 16:25:30, Bins: {1, 49}
StringForm[From `1`:, Parallel`Kernels`kernel[Parallel`Kernels`Private`bk[SubKernels`LocalKernels`localKernel[SubKernels`LocalKernels`Private`lk[LinkObject[/usr/local/Wolfram/Mathematica/12.0/Executables/wolfram -subkernel -noinit -nopaclet -wstp, 232, 5], {/usr/local/Wolfram/Mathematica/12.0/Executables/wolfram -subkernel -noinit -nopaclet -wstp}, SubKernels`LocalKernels`Private`speed$21719, SubKernels`LocalKernels`Private`preemptive$21719]], Parallel`Kernels`Private`id$21735, Parallel`Kernels`Private`name$21735], Parallel`Kernels`Private`ek[Parallel`Kernels`Private`nev$21736, Parallel`Kernels`Private`pb$21736, Parallel`Kernels`Private`rd$21736], Parallel`Kernels`Private`sk[Parallel`Kernels`Private`q$21737, Parallel`Kernels`Private`n0$21737, Parallel`Kernels`Private`n1$21737]]]
                                                                                                                                                                                                -6
NIntegrate::ncvb: NIntegrate failed to converge to prescribed accuracy after 2 recursive bisections in yD near {xD, yD} = {0.0272077, 0.022255}. NIntegrate obtained 0.0000187397 and 3.03416 10   for the integral and error estimates.
StringForm[From `1`:, Parallel`Kernels`kernel[Parallel`Kernels`Private`bk[SubKernels`LocalKernels`localKernel[SubKernels`LocalKernels`Private`lk[LinkObject[/usr/local/Wolfram/Mathematica/12.0/Executables/wolfram -subkernel -noinit -nopaclet -wstp, 229, 2], {/usr/local/Wolfram/Mathematica/12.0/Executables/wolfram -subkernel -noinit -nopaclet -wstp}, SubKernels`LocalKernels`Private`speed$21716, SubKernels`LocalKernels`Private`preemptive$21716]], Parallel`Kernels`Private`id$21723, Parallel`Kernels`Private`name$21723], Parallel`Kernels`Private`ek[Parallel`Kernels`Private`nev$21724, Parallel`Kernels`Private`pb$21724, Parallel`Kernels`Private`rd$21724], Parallel`Kernels`Private`sk[Parallel`Kernels`Private`q$21725, Parallel`Kernels`Private`n0$21725, Parallel`Kernels`Private`n1$21725]]]
                                                                                                                                                                                                -6
NIntegrate::ncvb: NIntegrate failed to converge to prescribed accuracy after 2 recursive bisections in yD near {xD, yD} = {0.0272077, -0.014338}. NIntegrate obtained 0.000200834 and 3.14124 10   for the integral and error estimates.
StringForm[From `1`:, Parallel`Kernels`kernel[Parallel`Kernels`Private`bk[SubKernels`LocalKernels`localKernel[SubKernels`LocalKernels`Private`lk[LinkObject[/usr/local/Wolfram/Mathematica/12.0/Executables/wolfram -subkernel -noinit -nopaclet -wstp, 230, 3], {/usr/local/Wolfram/Mathematica/12.0/Executables/wolfram -subkernel -noinit -nopaclet -wstp}, SubKernels`LocalKernels`Private`speed$21717, SubKernels`LocalKernels`Private`preemptive$21717]], Parallel`Kernels`Private`id$21727, Parallel`Kernels`Private`name$21727], Parallel`Kernels`Private`ek[Parallel`Kernels`Private`nev$21728, Parallel`Kernels`Private`pb$21728, Parallel`Kernels`Private`rd$21728], Parallel`Kernels`Private`sk[Parallel`Kernels`Private`q$21729, Parallel`Kernels`Private`n0$21729, Parallel`Kernels`Private`n1$21729]]]
NIntegrate::ncvb: NIntegrate failed to converge to prescribed accuracy after 2 recursive bisections in yD near {xD, yD} = {0.0290827, -0.014338}. NIntegrate obtained 0.00268865 and 0.0000388498 for the integral and error estimates.
a = -1035e-4
Time consumption: 2.153718386111111
MaxMemUse :147.4420394897461 MB
Configured Kernels: {SubKernels`LocalKernels`LocalMachine[4, SubKernels`LocalKernels`LowerPriority -> True]}
Processor Count: 4
Modules loaded ...
4 Kernels launched ...
Run started at Mon 25 Oct 2021 18:34:43, Bins: {50, 98}
StringForm[From `1`:, Parallel`Kernels`kernel[Parallel`Kernels`Private`bk[SubKernels`LocalKernels`localKernel[SubKernels`LocalKernels`Private`lk[LinkObject[/usr/local/Wolfram/Mathematica/12.0/Executables/wolfram -subkernel -noinit -nopaclet -wstp, 206, 1], {/usr/local/Wolfram/Mathematica/12.0/Executables/wolfram -subkernel -noinit -nopaclet -wstp}, SubKernels`LocalKernels`Private`speed$21510, SubKernels`LocalKernels`Private`preemptive$21510]], Parallel`Kernels`Private`id$21517, Parallel`Kernels`Private`name$21517], Parallel`Kernels`Private`ek[Parallel`Kernels`Private`nev$21518, Parallel`Kernels`Private`pb$21518, Parallel`Kernels`Private`rd$21518], Parallel`Kernels`Private`sk[Parallel`Kernels`Private`q$21519, Parallel`Kernels`Private`n0$21519, Parallel`Kernels`Private`n1$21519]]]
NIntegrate::ncvb: NIntegrate failed to converge to prescribed accuracy after 2 recursive bisections in yD near {xD, yD} = {0.0290827, 0.022255}. NIntegrate obtained 0.000271631 and 0.0000172796 for the integral and error estimates.
StringForm[From `1`:, Parallel`Kernels`kernel[Parallel`Kernels`Private`bk[SubKernels`LocalKernels`localKernel[SubKernels`LocalKernels`Private`lk[LinkObject[/usr/local/Wolfram/Mathematica/12.0/Executables/wolfram -subkernel -noinit -nopaclet -wstp, 207, 2], {/usr/local/Wolfram/Mathematica/12.0/Executables/wolfram -subkernel -noinit -nopaclet -wstp}, SubKernels`LocalKernels`Private`speed$21511, SubKernels`LocalKernels`Private`preemptive$21511]], Parallel`Kernels`Private`id$21521, Parallel`Kernels`Private`name$21521], Parallel`Kernels`Private`ek[Parallel`Kernels`Private`nev$21522, Parallel`Kernels`Private`pb$21522, Parallel`Kernels`Private`rd$21522], Parallel`Kernels`Private`sk[Parallel`Kernels`Private`q$21523, Parallel`Kernels`Private`n0$21523, Parallel`Kernels`Private`n1$21523]]]
                                                                                                                                                                                                -6
NIntegrate::ncvb: NIntegrate failed to converge to prescribed accuracy after 2 recursive bisections in yD near {xD, yD} = {0.0328327, -0.01752}. NIntegrate obtained 0.0000109589 and 2.46403 10   for the integral and error estimates.
StringForm[From `1`:, Parallel`Kernels`kernel[Parallel`Kernels`Private`bk[SubKernels`LocalKernels`localKernel[SubKernels`LocalKernels`Private`lk[LinkObject[/usr/local/Wolfram/Mathematica/12.0/Executables/wolfram -subkernel -noinit -nopaclet -wstp, 209, 4], {/usr/local/Wolfram/Mathematica/12.0/Executables/wolfram -subkernel -noinit -nopaclet -wstp}, SubKernels`LocalKernels`Private`speed$21513, SubKernels`LocalKernels`Private`preemptive$21513]], Parallel`Kernels`Private`id$21529, Parallel`Kernels`Private`name$21529], Parallel`Kernels`Private`ek[Parallel`Kernels`Private`nev$21530, Parallel`Kernels`Private`pb$21530, Parallel`Kernels`Private`rd$21530], Parallel`Kernels`Private`sk[Parallel`Kernels`Private`q$21531, Parallel`Kernels`Private`n0$21531, Parallel`Kernels`Private`n1$21531]]]
NIntegrate::ncvb: NIntegrate failed to converge to prescribed accuracy after 2 recursive bisections in yD near {xD, yD} = {0.0309577, -0.014338}. NIntegrate obtained 0.0108439 and 0.000116354 for the integral and error estimates.
StringForm[From `1`:, Parallel`Kernels`kernel[Parallel`Kernels`Private`bk[SubKernels`LocalKernels`localKernel[SubKernels`LocalKernels`Private`lk[LinkObject[/usr/local/Wolfram/Mathematica/12.0/Executables/wolfram -subkernel -noinit -nopaclet -wstp, 206, 1], {/usr/local/Wolfram/Mathematica/12.0/Executables/wolfram -subkernel -noinit -nopaclet -wstp}, SubKernels`LocalKernels`Private`speed$21510, SubKernels`LocalKernels`Private`preemptive$21510]], Parallel`Kernels`Private`id$21517, Parallel`Kernels`Private`name$21517], Parallel`Kernels`Private`ek[Parallel`Kernels`Private`nev$21518, Parallel`Kernels`Private`pb$21518, Parallel`Kernels`Private`rd$21518], Parallel`Kernels`Private`sk[Parallel`Kernels`Private`q$21519, Parallel`Kernels`Private`n0$21519, Parallel`Kernels`Private`n1$21519]]]
NIntegrate::ncvb: NIntegrate failed to converge to prescribed accuracy after 2 recursive bisections in yD near {xD, yD} = {0.0309577, 0.022255}. NIntegrate obtained 0.00125592 and 0.0000538752 for the integral and error estimates.
StringForm[From `1`:, Parallel`Kernels`kernel[Parallel`Kernels`Private`bk[SubKernels`LocalKernels`localKernel[SubKernels`LocalKernels`Private`lk[LinkObject[/usr/local/Wolfram/Mathematica/12.0/Executables/wolfram -subkernel -noinit -nopaclet -wstp, 207, 2], {/usr/local/Wolfram/Mathematica/12.0/Executables/wolfram -subkernel -noinit -nopaclet -wstp}, SubKernels`LocalKernels`Private`speed$21511, SubKernels`LocalKernels`Private`preemptive$21511]], Parallel`Kernels`Private`id$21521, Parallel`Kernels`Private`name$21521], Parallel`Kernels`Private`ek[Parallel`Kernels`Private`nev$21522, Parallel`Kernels`Private`pb$21522, Parallel`Kernels`Private`rd$21522], Parallel`Kernels`Private`sk[Parallel`Kernels`Private`q$21523, Parallel`Kernels`Private`n0$21523, Parallel`Kernels`Private`n1$21523]]]
NIntegrate::ncvb: NIntegrate failed to converge to prescribed accuracy after 2 recursive bisections in yD near {xD, yD} = {0.0328327, -0.014338}. NIntegrate obtained 0.0268287 and 0.000193987 for the integral and error estimates.
StringForm[From `1`:, Parallel`Kernels`kernel[Parallel`Kernels`Private`bk[SubKernels`LocalKernels`localKernel[SubKernels`LocalKernels`Private`lk[LinkObject[/usr/local/Wolfram/Mathematica/12.0/Executables/wolfram -subkernel -noinit -nopaclet -wstp, 206, 1], {/usr/local/Wolfram/Mathematica/12.0/Executables/wolfram -subkernel -noinit -nopaclet -wstp}, SubKernels`LocalKernels`Private`speed$21510, SubKernels`LocalKernels`Private`preemptive$21510]], Parallel`Kernels`Private`id$21517, Parallel`Kernels`Private`name$21517], Parallel`Kernels`Private`ek[Parallel`Kernels`Private`nev$21518, Parallel`Kernels`Private`pb$21518, Parallel`Kernels`Private`rd$21518], Parallel`Kernels`Private`sk[Parallel`Kernels`Private`q$21519, Parallel`Kernels`Private`n0$21519, Parallel`Kernels`Private`n1$21519]]]
NIntegrate::ncvb: NIntegrate failed to converge to prescribed accuracy after 2 recursive bisections in yD near {xD, yD} = {0.0328327, 0.022255}. NIntegrate obtained 0.00358548 and 0.0000832933 for the integral and error estimates.
StringForm[From `1`:, Parallel`Kernels`kernel[Parallel`Kernels`Private`bk[SubKernels`LocalKernels`localKernel[SubKernels`LocalKernels`Private`lk[LinkObject[/usr/local/Wolfram/Mathematica/12.0/Executables/wolfram -subkernel -noinit -nopaclet -wstp, 208, 3], {/usr/local/Wolfram/Mathematica/12.0/Executables/wolfram -subkernel -noinit -nopaclet -wstp}, SubKernels`LocalKernels`Private`speed$21512, SubKernels`LocalKernels`Private`preemptive$21512]], Parallel`Kernels`Private`id$21525, Parallel`Kernels`Private`name$21525], Parallel`Kernels`Private`ek[Parallel`Kernels`Private`nev$21526, Parallel`Kernels`Private`pb$21526, Parallel`Kernels`Private`rd$21526], Parallel`Kernels`Private`sk[Parallel`Kernels`Private`q$21527, Parallel`Kernels`Private`n0$21527, Parallel`Kernels`Private`n1$21527]]]
NIntegrate::ncvb: NIntegrate failed to converge to prescribed accuracy after 2 recursive bisections in yD near {xD, yD} = {0.0347077, -0.014338}. NIntegrate obtained 0.0493791 and 0.000240601 for the integral and error estimates.
StringForm[From `1`:, Parallel`Kernels`kernel[Parallel`Kernels`Private`bk[SubKernels`LocalKernels`localKernel[SubKernels`LocalKernels`Private`lk[LinkObject[/usr/local/Wolfram/Mathematica/12.0/Executables/wolfram -subkernel -noinit -nopaclet -wstp, 206, 1], {/usr/local/Wolfram/Mathematica/12.0/Executables/wolfram -subkernel -noinit -nopaclet -wstp}, SubKernels`LocalKernels`Private`speed$21510, SubKernels`LocalKernels`Private`preemptive$21510]], Parallel`Kernels`Private`id$21517, Parallel`Kernels`Private`name$21517], Parallel`Kernels`Private`ek[Parallel`Kernels`Private`nev$21518, Parallel`Kernels`Private`pb$21518, Parallel`Kernels`Private`rd$21518], Parallel`Kernels`Private`sk[Parallel`Kernels`Private`q$21519, Parallel`Kernels`Private`n0$21519, Parallel`Kernels`Private`n1$21519]]]
NIntegrate::ncvb: NIntegrate failed to converge to prescribed accuracy after 2 recursive bisections in yD near {xD, yD} = {0.0347077, 0.022255}. NIntegrate obtained 0.0075887 and 0.0000928395 for the integral and error estimates.
StringForm[From `1`:, Parallel`Kernels`kernel[Parallel`Kernels`Private`bk[SubKernels`LocalKernels`localKernel[SubKernels`LocalKernels`Private`lk[LinkObject[/usr/local/Wolfram/Mathematica/12.0/Executables/wolfram -subkernel -noinit -nopaclet -wstp, 209, 4], {/usr/local/Wolfram/Mathematica/12.0/Executables/wolfram -subkernel -noinit -nopaclet -wstp}, SubKernels`LocalKernels`Private`speed$21513, SubKernels`LocalKernels`Private`preemptive$21513]], Parallel`Kernels`Private`id$21529, Parallel`Kernels`Private`name$21529], Parallel`Kernels`Private`ek[Parallel`Kernels`Private`nev$21530, Parallel`Kernels`Private`pb$21530, Parallel`Kernels`Private`rd$21530], Parallel`Kernels`Private`sk[Parallel`Kernels`Private`q$21531, Parallel`Kernels`Private`n0$21531, Parallel`Kernels`Private`n1$21531]]]
NIntegrate::ncvb: NIntegrate failed to converge to prescribed accuracy after 2 recursive bisections in yD near {xD, yD} = {0.0365827, -0.014338}. NIntegrate obtained 0.0723893 and 0.000279588 for the integral and error estimates.
StringForm[From `1`:, Parallel`Kernels`kernel[Parallel`Kernels`Private`bk[SubKernels`LocalKernels`localKernel[SubKernels`LocalKernels`Private`lk[LinkObject[/usr/local/Wolfram/Mathematica/12.0/Executables/wolfram -subkernel -noinit -nopaclet -wstp, 206, 1], {/usr/local/Wolfram/Mathematica/12.0/Executables/wolfram -subkernel -noinit -nopaclet -wstp}, SubKernels`LocalKernels`Private`speed$21510, SubKernels`LocalKernels`Private`preemptive$21510]], Parallel`Kernels`Private`id$21517, Parallel`Kernels`Private`name$21517], Parallel`Kernels`Private`ek[Parallel`Kernels`Private`nev$21518, Parallel`Kernels`Private`pb$21518, Parallel`Kernels`Private`rd$21518], Parallel`Kernels`Private`sk[Parallel`Kernels`Private`q$21519, Parallel`Kernels`Private`n0$21519, Parallel`Kernels`Private`n1$21519]]]
NIntegrate::ncvb: NIntegrate failed to converge to prescribed accuracy after 2 recursive bisections in yD near {xD, yD} = {0.0365827, 0.022255}. NIntegrate obtained 0.0124714 and 0.0000850956 for the integral and error estimates.
a = -1035e-4
Time consumption: 9.971825348055557
MaxMemUse :144.30794525146484 MB
Configured Kernels: {SubKernels`LocalKernels`LocalMachine[4, SubKernels`LocalKernels`LowerPriority -> True]}
Processor Count: 4
Modules loaded ...
4 Kernels launched ...
Run started at Tue 26 Oct 2021 04:33:02, Bins: {99, 106}
StringForm[From `1`:, Parallel`Kernels`kernel[Parallel`Kernels`Private`bk[SubKernels`LocalKernels`localKernel[SubKernels`LocalKernels`Private`lk[LinkObject[/usr/local/Wolfram/Mathematica/12.0/Executables/wolfram -subkernel -noinit -nopaclet -wstp, 207, 2], {/usr/local/Wolfram/Mathematica/12.0/Executables/wolfram -subkernel -noinit -nopaclet -wstp}, SubKernels`LocalKernels`Private`speed$21726, SubKernels`LocalKernels`Private`preemptive$21726]], Parallel`Kernels`Private`id$21736, Parallel`Kernels`Private`name$21736], Parallel`Kernels`Private`ek[Parallel`Kernels`Private`nev$21737, Parallel`Kernels`Private`pb$21737, Parallel`Kernels`Private`rd$21737], Parallel`Kernels`Private`sk[Parallel`Kernels`Private`q$21738, Parallel`Kernels`Private`n0$21738, Parallel`Kernels`Private`n1$21738]]]
                                                                                                                                                                                                -6
NIntegrate::ncvb: NIntegrate failed to converge to prescribed accuracy after 2 recursive bisections in yD near {xD, yD} = {0.0384577, -0.019111}. NIntegrate obtained 0.000677178 and 7.80376 10   for the integral and error estimates.
StringForm[From `1`:, Parallel`Kernels`kernel[Parallel`Kernels`Private`bk[SubKernels`LocalKernels`localKernel[SubKernels`LocalKernels`Private`lk[LinkObject[/usr/local/Wolfram/Mathematica/12.0/Executables/wolfram -subkernel -noinit -nopaclet -wstp, 206, 1], {/usr/local/Wolfram/Mathematica/12.0/Executables/wolfram -subkernel -noinit -nopaclet -wstp}, SubKernels`LocalKernels`Private`speed$21725, SubKernels`LocalKernels`Private`preemptive$21725]], Parallel`Kernels`Private`id$21732, Parallel`Kernels`Private`name$21732], Parallel`Kernels`Private`ek[Parallel`Kernels`Private`nev$21733, Parallel`Kernels`Private`pb$21733, Parallel`Kernels`Private`rd$21733], Parallel`Kernels`Private`sk[Parallel`Kernels`Private`q$21734, Parallel`Kernels`Private`n0$21734, Parallel`Kernels`Private`n1$21734]]]
NIntegrate::ncvb: NIntegrate failed to converge to prescribed accuracy after 2 recursive bisections in yD near {xD, yD} = {0.0384577, -0.014338}. NIntegrate obtained 0.0876498 and 0.000245623 for the integral and error estimates.
a = -1035e-4
Time consumption: 3.0419921125
MaxMemUse :144.31148529052734 MB
Configured Kernels: {SubKernels`LocalKernels`LocalMachine[4, SubKernels`LocalKernels`LowerPriority -> True]}
Processor Count: 4
Modules loaded ...
4 Kernels launched ...
Run started at Tue 26 Oct 2021 07:35:34, Bins: {107, 122}
StringForm[From `1`:, Parallel`Kernels`kernel[Parallel`Kernels`Private`bk[SubKernels`LocalKernels`localKernel[SubKernels`LocalKernels`Private`lk[LinkObject[/usr/local/Wolfram/Mathematica/12.0/Executables/wolfram -subkernel -noinit -nopaclet -wstp, 207, 2], {/usr/local/Wolfram/Mathematica/12.0/Executables/wolfram -subkernel -noinit -nopaclet -wstp}, SubKernels`LocalKernels`Private`speed$21772, SubKernels`LocalKernels`Private`preemptive$21772]], Parallel`Kernels`Private`id$21782, Parallel`Kernels`Private`name$21782], Parallel`Kernels`Private`ek[Parallel`Kernels`Private`nev$21783, Parallel`Kernels`Private`pb$21783, Parallel`Kernels`Private`rd$21783], Parallel`Kernels`Private`sk[Parallel`Kernels`Private`q$21784, Parallel`Kernels`Private`n0$21784, Parallel`Kernels`Private`n1$21784]]]
                                                                                                                                                                                                -6
NIntegrate::ncvb: NIntegrate failed to converge to prescribed accuracy after 2 recursive bisections in yD near {xD, yD} = {0.0403327, -0.019111}. NIntegrate obtained 0.000833694 and 7.26038 10   for the integral and error estimates.
StringForm[From `1`:, Parallel`Kernels`kernel[Parallel`Kernels`Private`bk[SubKernels`LocalKernels`localKernel[SubKernels`LocalKernels`Private`lk[LinkObject[/usr/local/Wolfram/Mathematica/12.0/Executables/wolfram -subkernel -noinit -nopaclet -wstp, 209, 4], {/usr/local/Wolfram/Mathematica/12.0/Executables/wolfram -subkernel -noinit -nopaclet -wstp}, SubKernels`LocalKernels`Private`speed$21774, SubKernels`LocalKernels`Private`preemptive$21774]], Parallel`Kernels`Private`id$21790, Parallel`Kernels`Private`name$21790], Parallel`Kernels`Private`ek[Parallel`Kernels`Private`nev$21791, Parallel`Kernels`Private`pb$21791, Parallel`Kernels`Private`rd$21791], Parallel`Kernels`Private`sk[Parallel`Kernels`Private`q$21792, Parallel`Kernels`Private`n0$21792, Parallel`Kernels`Private`n1$21792]]]
NIntegrate::ncvb: NIntegrate failed to converge to prescribed accuracy after 2 recursive bisections in yD near {xD, yD} = {0.0403327, 0.022255}. NIntegrate obtained 0.0179777 and 0.000139635 for the integral and error estimates.
a = -1035e-4
Time consumption: 4.225868084722222
MaxMemUse :144.29002380371094 MB
Configured Kernels: {SubKernels`LocalKernels`LocalMachine[4, SubKernels`LocalKernels`LowerPriority -> True]}
Processor Count: 4
Modules loaded ...
4 Kernels launched ...
Run started at Tue 26 Oct 2021 11:49:08, Bins: {123, 138}
StringForm[From `1`:, Parallel`Kernels`kernel[Parallel`Kernels`Private`bk[SubKernels`LocalKernels`localKernel[SubKernels`LocalKernels`Private`lk[LinkObject[/usr/local/Wolfram/Mathematica/12.0/Executables/wolfram -subkernel -noinit -nopaclet -wstp, 209, 4], {/usr/local/Wolfram/Mathematica/12.0/Executables/wolfram -subkernel -noinit -nopaclet -wstp}, SubKernels`LocalKernels`Private`speed$21383, SubKernels`LocalKernels`Private`preemptive$21383]], Parallel`Kernels`Private`id$21399, Parallel`Kernels`Private`name$21399], Parallel`Kernels`Private`ek[Parallel`Kernels`Private`nev$21400, Parallel`Kernels`Private`pb$21400, Parallel`Kernels`Private`rd$21400], Parallel`Kernels`Private`sk[Parallel`Kernels`Private`q$21401, Parallel`Kernels`Private`n0$21401, Parallel`Kernels`Private`n1$21401]]]
                                                                                                                                                                                               -6
NIntegrate::ncvb: NIntegrate failed to converge to prescribed accuracy after 2 recursive bisections in yD near {xD, yD} = {0.0422077, -0.019111}. NIntegrate obtained 0.000874626 and 8.7336 10   for the integral and error estimates.
StringForm[From `1`:, Parallel`Kernels`kernel[Parallel`Kernels`Private`bk[SubKernels`LocalKernels`localKernel[SubKernels`LocalKernels`Private`lk[LinkObject[/usr/local/Wolfram/Mathematica/12.0/Executables/wolfram -subkernel -noinit -nopaclet -wstp, 209, 4], {/usr/local/Wolfram/Mathematica/12.0/Executables/wolfram -subkernel -noinit -nopaclet -wstp}, SubKernels`LocalKernels`Private`speed$21383, SubKernels`LocalKernels`Private`preemptive$21383]], Parallel`Kernels`Private`id$21399, Parallel`Kernels`Private`name$21399], Parallel`Kernels`Private`ek[Parallel`Kernels`Private`nev$21400, Parallel`Kernels`Private`pb$21400, Parallel`Kernels`Private`rd$21400], Parallel`Kernels`Private`sk[Parallel`Kernels`Private`q$21401, Parallel`Kernels`Private`n0$21401, Parallel`Kernels`Private`n1$21401]]]
                                                                                                                                                                                                -6
NIntegrate::ncvb: NIntegrate failed to converge to prescribed accuracy after 2 recursive bisections in yD near {xD, yD} = {0.0440827, -0.019111}. NIntegrate obtained 0.000831946 and 6.66805 10   for the integral and error estimates.
StringForm[From `1`:, Parallel`Kernels`kernel[Parallel`Kernels`Private`bk[SubKernels`LocalKernels`localKernel[SubKernels`LocalKernels`Private`lk[LinkObject[/usr/local/Wolfram/Mathematica/12.0/Executables/wolfram -subkernel -noinit -nopaclet -wstp, 207, 2], {/usr/local/Wolfram/Mathematica/12.0/Executables/wolfram -subkernel -noinit -nopaclet -wstp}, SubKernels`LocalKernels`Private`speed$21381, SubKernels`LocalKernels`Private`preemptive$21381]], Parallel`Kernels`Private`id$21391, Parallel`Kernels`Private`name$21391], Parallel`Kernels`Private`ek[Parallel`Kernels`Private`nev$21392, Parallel`Kernels`Private`pb$21392, Parallel`Kernels`Private`rd$21392], Parallel`Kernels`Private`sk[Parallel`Kernels`Private`q$21393, Parallel`Kernels`Private`n0$21393, Parallel`Kernels`Private`n1$21393]]]
NIntegrate::ncvb: NIntegrate failed to converge to prescribed accuracy after 2 recursive bisections in yD near {xD, yD} = {0.0422077, 0.022255}. NIntegrate obtained 0.0171041 and 0.000250914 for the integral and error estimates.
StringForm[From `1`:, Parallel`Kernels`kernel[Parallel`Kernels`Private`bk[SubKernels`LocalKernels`localKernel[SubKernels`LocalKernels`Private`lk[LinkObject[/usr/local/Wolfram/Mathematica/12.0/Executables/wolfram -subkernel -noinit -nopaclet -wstp, 208, 3], {/usr/local/Wolfram/Mathematica/12.0/Executables/wolfram -subkernel -noinit -nopaclet -wstp}, SubKernels`LocalKernels`Private`speed$21382, SubKernels`LocalKernels`Private`preemptive$21382]], Parallel`Kernels`Private`id$21395, Parallel`Kernels`Private`name$21395], Parallel`Kernels`Private`ek[Parallel`Kernels`Private`nev$21396, Parallel`Kernels`Private`pb$21396, Parallel`Kernels`Private`rd$21396], Parallel`Kernels`Private`sk[Parallel`Kernels`Private`q$21397, Parallel`Kernels`Private`n0$21397, Parallel`Kernels`Private`n1$21397]]]
NIntegrate::ncvb: NIntegrate failed to converge to prescribed accuracy after 2 recursive bisections in yD near {xD, yD} = {0.0422077, -0.014338}. NIntegrate obtained 0.0791999 and 0.000124614 for the integral and error estimates.
StringForm[From `1`:, Parallel`Kernels`kernel[Parallel`Kernels`Private`bk[SubKernels`LocalKernels`localKernel[SubKernels`LocalKernels`Private`lk[LinkObject[/usr/local/Wolfram/Mathematica/12.0/Executables/wolfram -subkernel -noinit -nopaclet -wstp, 209, 4], {/usr/local/Wolfram/Mathematica/12.0/Executables/wolfram -subkernel -noinit -nopaclet -wstp}, SubKernels`LocalKernels`Private`speed$21383, SubKernels`LocalKernels`Private`preemptive$21383]], Parallel`Kernels`Private`id$21399, Parallel`Kernels`Private`name$21399], Parallel`Kernels`Private`ek[Parallel`Kernels`Private`nev$21400, Parallel`Kernels`Private`pb$21400, Parallel`Kernels`Private`rd$21400], Parallel`Kernels`Private`sk[Parallel`Kernels`Private`q$21401, Parallel`Kernels`Private`n0$21401, Parallel`Kernels`Private`n1$21401]]]
NIntegrate::ncvb: NIntegrate failed to converge to prescribed accuracy after 2 recursive bisections in yD near {xD, yD} = {0.0440827, -0.014338}. NIntegrate obtained 0.0597929 and 0.000114243 for the integral and error estimates.
a = -1035e-4
Time consumption: 6.443161975
MaxMemUse :144.31219482421875 MB
Configured Kernels: {SubKernels`LocalKernels`LocalMachine[4, SubKernels`LocalKernels`LowerPriority -> True]}
Processor Count: 4
Modules loaded ...
4 Kernels launched ...
Run started at Tue 26 Oct 2021 18:15:44, Bins: {139, 154}
StringForm[From `1`:, Parallel`Kernels`kernel[Parallel`Kernels`Private`bk[SubKernels`LocalKernels`localKernel[SubKernels`LocalKernels`Private`lk[LinkObject[/usr/local/Wolfram/Mathematica/12.0/Executables/wolfram -subkernel -noinit -nopaclet -wstp, 206, 1], {/usr/local/Wolfram/Mathematica/12.0/Executables/wolfram -subkernel -noinit -nopaclet -wstp}, SubKernels`LocalKernels`Private`speed$21827, SubKernels`LocalKernels`Private`preemptive$21827]], Parallel`Kernels`Private`id$21834, Parallel`Kernels`Private`name$21834], Parallel`Kernels`Private`ek[Parallel`Kernels`Private`nev$21835, Parallel`Kernels`Private`pb$21835, Parallel`Kernels`Private`rd$21835], Parallel`Kernels`Private`sk[Parallel`Kernels`Private`q$21836, Parallel`Kernels`Private`n0$21836, Parallel`Kernels`Private`n1$21836]]]
                                                                                                                                                                                                -6
NIntegrate::ncvb: NIntegrate failed to converge to prescribed accuracy after 2 recursive bisections in yD near {xD, yD} = {0.0459577, -0.019111}. NIntegrate obtained 0.000627713 and 7.78867 10   for the integral and error estimates.
StringForm[From `1`:, Parallel`Kernels`kernel[Parallel`Kernels`Private`bk[SubKernels`LocalKernels`localKernel[SubKernels`LocalKernels`Private`lk[LinkObject[/usr/local/Wolfram/Mathematica/12.0/Executables/wolfram -subkernel -noinit -nopaclet -wstp, 207, 2], {/usr/local/Wolfram/Mathematica/12.0/Executables/wolfram -subkernel -noinit -nopaclet -wstp}, SubKernels`LocalKernels`Private`speed$21828, SubKernels`LocalKernels`Private`preemptive$21828]], Parallel`Kernels`Private`id$21838, Parallel`Kernels`Private`name$21838], Parallel`Kernels`Private`ek[Parallel`Kernels`Private`nev$21839, Parallel`Kernels`Private`pb$21839, Parallel`Kernels`Private`rd$21839], Parallel`Kernels`Private`sk[Parallel`Kernels`Private`q$21840, Parallel`Kernels`Private`n0$21840, Parallel`Kernels`Private`n1$21840]]]
NIntegrate::ncvb: NIntegrate failed to converge to prescribed accuracy after 2 recursive bisections in yD near {xD, yD} = {0.0440827, 0.022255}. NIntegrate obtained 0.0140982 and 0.000223228 for the integral and error estimates.
StringForm[From `1`:, Parallel`Kernels`kernel[Parallel`Kernels`Private`bk[SubKernels`LocalKernels`localKernel[SubKernels`LocalKernels`Private`lk[LinkObject[/usr/local/Wolfram/Mathematica/12.0/Executables/wolfram -subkernel -noinit -nopaclet -wstp, 209, 4], {/usr/local/Wolfram/Mathematica/12.0/Executables/wolfram -subkernel -noinit -nopaclet -wstp}, SubKernels`LocalKernels`Private`speed$21830, SubKernels`LocalKernels`Private`preemptive$21830]], Parallel`Kernels`Private`id$21846, Parallel`Kernels`Private`name$21846], Parallel`Kernels`Private`ek[Parallel`Kernels`Private`nev$21847, Parallel`Kernels`Private`pb$21847, Parallel`Kernels`Private`rd$21847], Parallel`Kernels`Private`sk[Parallel`Kernels`Private`q$21848, Parallel`Kernels`Private`n0$21848, Parallel`Kernels`Private`n1$21848]]]
NIntegrate::ncvb: NIntegrate failed to converge to prescribed accuracy after 2 recursive bisections in yD near {xD, yD} = {0.0459577, -0.014338}. NIntegrate obtained 0.0361786 and 0.0000772597 for the integral and error estimates.
StringForm[From `1`:, Parallel`Kernels`kernel[Parallel`Kernels`Private`bk[SubKernels`LocalKernels`localKernel[SubKernels`LocalKernels`Private`lk[LinkObject[/usr/local/Wolfram/Mathematica/12.0/Executables/wolfram -subkernel -noinit -nopaclet -wstp, 208, 3], {/usr/local/Wolfram/Mathematica/12.0/Executables/wolfram -subkernel -noinit -nopaclet -wstp}, SubKernels`LocalKernels`Private`speed$21829, SubKernels`LocalKernels`Private`preemptive$21829]], Parallel`Kernels`Private`id$21842, Parallel`Kernels`Private`name$21842], Parallel`Kernels`Private`ek[Parallel`Kernels`Private`nev$21843, Parallel`Kernels`Private`pb$21843, Parallel`Kernels`Private`rd$21843], Parallel`Kernels`Private`sk[Parallel`Kernels`Private`q$21844, Parallel`Kernels`Private`n0$21844, Parallel`Kernels`Private`n1$21844]]]
NIntegrate::ncvb: NIntegrate failed to converge to prescribed accuracy after 2 recursive bisections in yD near {xD, yD} = {0.0459577, 0.022255}. NIntegrate obtained 0.00950706 and 0.00020315 for the integral and error estimates.
a = -1035e-4
Time consumption: 5.113227291666666
MaxMemUse :144.28958892822266 MB
Configured Kernels: {SubKernels`LocalKernels`LocalMachine[4, SubKernels`LocalKernels`LowerPriority -> True]}
Processor Count: 4
Modules loaded ...
4 Kernels launched ...
Run started at Tue 26 Oct 2021 23:22:33, Bins: {155, 178}
StringForm[From `1`:, Parallel`Kernels`kernel[Parallel`Kernels`Private`bk[SubKernels`LocalKernels`localKernel[SubKernels`LocalKernels`Private`lk[LinkObject[/usr/local/Wolfram/Mathematica/12.0/Executables/wolfram -subkernel -noinit -nopaclet -wstp, 208, 3], {/usr/local/Wolfram/Mathematica/12.0/Executables/wolfram -subkernel -noinit -nopaclet -wstp}, SubKernels`LocalKernels`Private`speed$21880, SubKernels`LocalKernels`Private`preemptive$21880]], Parallel`Kernels`Private`id$21893, Parallel`Kernels`Private`name$21893], Parallel`Kernels`Private`ek[Parallel`Kernels`Private`nev$21894, Parallel`Kernels`Private`pb$21894, Parallel`Kernels`Private`rd$21894], Parallel`Kernels`Private`sk[Parallel`Kernels`Private`q$21895, Parallel`Kernels`Private`n0$21895, Parallel`Kernels`Private`n1$21895]]]
                                                                                                                                                                                               -6
NIntegrate::ncvb: NIntegrate failed to converge to prescribed accuracy after 2 recursive bisections in yD near {xD, yD} = {0.0478327, -0.01752}. NIntegrate obtained 0.000306338 and 5.69125 10   for the integral and error estimates.
StringForm[From `1`:, Parallel`Kernels`kernel[Parallel`Kernels`Private`bk[SubKernels`LocalKernels`localKernel[SubKernels`LocalKernels`Private`lk[LinkObject[/usr/local/Wolfram/Mathematica/12.0/Executables/wolfram -subkernel -noinit -nopaclet -wstp, 209, 4], {/usr/local/Wolfram/Mathematica/12.0/Executables/wolfram -subkernel -noinit -nopaclet -wstp}, SubKernels`LocalKernels`Private`speed$21881, SubKernels`LocalKernels`Private`preemptive$21881]], Parallel`Kernels`Private`id$21897, Parallel`Kernels`Private`name$21897], Parallel`Kernels`Private`ek[Parallel`Kernels`Private`nev$21898, Parallel`Kernels`Private`pb$21898, Parallel`Kernels`Private`rd$21898], Parallel`Kernels`Private`sk[Parallel`Kernels`Private`q$21899, Parallel`Kernels`Private`n0$21899, Parallel`Kernels`Private`n1$21899]]]
NIntegrate::ncvb: NIntegrate failed to converge to prescribed accuracy after 2 recursive bisections in yD near {xD, yD} = {0.0497077, -0.01752}. NIntegrate obtained 0.0000454759 and 0.0000143916 for the integral and error estimates.
StringForm[From `1`:, Parallel`Kernels`kernel[Parallel`Kernels`Private`bk[SubKernels`LocalKernels`localKernel[SubKernels`LocalKernels`Private`lk[LinkObject[/usr/local/Wolfram/Mathematica/12.0/Executables/wolfram -subkernel -noinit -nopaclet -wstp, 208, 3], {/usr/local/Wolfram/Mathematica/12.0/Executables/wolfram -subkernel -noinit -nopaclet -wstp}, SubKernels`LocalKernels`Private`speed$21880, SubKernels`LocalKernels`Private`preemptive$21880]], Parallel`Kernels`Private`id$21893, Parallel`Kernels`Private`name$21893], Parallel`Kernels`Private`ek[Parallel`Kernels`Private`nev$21894, Parallel`Kernels`Private`pb$21894, Parallel`Kernels`Private`rd$21894], Parallel`Kernels`Private`sk[Parallel`Kernels`Private`q$21895, Parallel`Kernels`Private`n0$21895, Parallel`Kernels`Private`n1$21895]]]
                                                                                                                                                                                             -6
NIntegrate::ncvb: NIntegrate failed to converge to prescribed accuracy after 2 recursive bisections in yD near {xD, yD} = {0.0478327, 0.023846}. NIntegrate obtained 0.0048389 and 9.56045 10   for the integral and error estimates.
StringForm[From `1`:, Parallel`Kernels`kernel[Parallel`Kernels`Private`bk[SubKernels`LocalKernels`localKernel[SubKernels`LocalKernels`Private`lk[LinkObject[/usr/local/Wolfram/Mathematica/12.0/Executables/wolfram -subkernel -noinit -nopaclet -wstp, 207, 2], {/usr/local/Wolfram/Mathematica/12.0/Executables/wolfram -subkernel -noinit -nopaclet -wstp}, SubKernels`LocalKernels`Private`speed$21879, SubKernels`LocalKernels`Private`preemptive$21879]], Parallel`Kernels`Private`id$21889, Parallel`Kernels`Private`name$21889], Parallel`Kernels`Private`ek[Parallel`Kernels`Private`nev$21890, Parallel`Kernels`Private`pb$21890, Parallel`Kernels`Private`rd$21890], Parallel`Kernels`Private`sk[Parallel`Kernels`Private`q$21891, Parallel`Kernels`Private`n0$21891, Parallel`Kernels`Private`n1$21891]]]
NIntegrate::ncvb: NIntegrate failed to converge to prescribed accuracy after 2 recursive bisections in yD near {xD, yD} = {0.0478327, -0.014338}. NIntegrate obtained 0.0156728 and 0.0000429766 for the integral and error estimates.
StringForm[From `1`:, Parallel`Kernels`kernel[Parallel`Kernels`Private`bk[SubKernels`LocalKernels`localKernel[SubKernels`LocalKernels`Private`lk[LinkObject[/usr/local/Wolfram/Mathematica/12.0/Executables/wolfram -subkernel -noinit -nopaclet -wstp, 207, 2], {/usr/local/Wolfram/Mathematica/12.0/Executables/wolfram -subkernel -noinit -nopaclet -wstp}, SubKernels`LocalKernels`Private`speed$21879, SubKernels`LocalKernels`Private`preemptive$21879]], Parallel`Kernels`Private`id$21889, Parallel`Kernels`Private`name$21889], Parallel`Kernels`Private`ek[Parallel`Kernels`Private`nev$21890, Parallel`Kernels`Private`pb$21890, Parallel`Kernels`Private`rd$21890], Parallel`Kernels`Private`sk[Parallel`Kernels`Private`q$21891, Parallel`Kernels`Private`n0$21891, Parallel`Kernels`Private`n1$21891]]]
                                                                                                                                                                               -6               -6
NIntegrate::ncvb: NIntegrate failed to converge to prescribed accuracy after 2 recursive bisections in yD near {xD, yD} = {0.0515827, -0.01752}. NIntegrate obtained 2.14394 10   and 1.70327 10   for the integral and error estimates.
StringForm[From `1`:, Parallel`Kernels`kernel[Parallel`Kernels`Private`bk[SubKernels`LocalKernels`localKernel[SubKernels`LocalKernels`Private`lk[LinkObject[/usr/local/Wolfram/Mathematica/12.0/Executables/wolfram -subkernel -noinit -nopaclet -wstp, 209, 4], {/usr/local/Wolfram/Mathematica/12.0/Executables/wolfram -subkernel -noinit -nopaclet -wstp}, SubKernels`LocalKernels`Private`speed$21881, SubKernels`LocalKernels`Private`preemptive$21881]], Parallel`Kernels`Private`id$21897, Parallel`Kernels`Private`name$21897], Parallel`Kernels`Private`ek[Parallel`Kernels`Private`nev$21898, Parallel`Kernels`Private`pb$21898, Parallel`Kernels`Private`rd$21898], Parallel`Kernels`Private`sk[Parallel`Kernels`Private`q$21899, Parallel`Kernels`Private`n0$21899, Parallel`Kernels`Private`n1$21899]]]
NIntegrate::ncvb: NIntegrate failed to converge to prescribed accuracy after 2 recursive bisections in yD near {xD, yD} = {0.0489164, -0.015929}. NIntegrate obtained 0.00459789 and 0.0000104018 for the integral and error estimates.
StringForm[From `1`:, Parallel`Kernels`kernel[Parallel`Kernels`Private`bk[SubKernels`LocalKernels`localKernel[SubKernels`LocalKernels`Private`lk[LinkObject[/usr/local/Wolfram/Mathematica/12.0/Executables/wolfram -subkernel -noinit -nopaclet -wstp, 208, 3], {/usr/local/Wolfram/Mathematica/12.0/Executables/wolfram -subkernel -noinit -nopaclet -wstp}, SubKernels`LocalKernels`Private`speed$21880, SubKernels`LocalKernels`Private`preemptive$21880]], Parallel`Kernels`Private`id$21893, Parallel`Kernels`Private`name$21893], Parallel`Kernels`Private`ek[Parallel`Kernels`Private`nev$21894, Parallel`Kernels`Private`pb$21894, Parallel`Kernels`Private`rd$21894], Parallel`Kernels`Private`sk[Parallel`Kernels`Private`q$21895, Parallel`Kernels`Private`n0$21895, Parallel`Kernels`Private`n1$21895]]]
NIntegrate::ncvb: NIntegrate failed to converge to prescribed accuracy after 2 recursive bisections in yD near {xD, yD} = {0.0497077, 0.025437}. NIntegrate obtained 0.00166868 and 0.0000289931 for the integral and error estimates.
a = -1035e-4
Time consumption: 5.836109829444444
MaxMemUse :144.3024444580078 MB
Configured Kernels: {SubKernels`LocalKernels`LocalMachine[4, SubKernels`LocalKernels`LowerPriority -> True]}
Processor Count: 4
Modules loaded ...
4 Kernels launched ...
Run started at Wed 27 Oct 2021 05:12:44, Bins: {179, 264}
StringForm[From `1`:, Parallel`Kernels`kernel[Parallel`Kernels`Private`bk[SubKernels`LocalKernels`localKernel[SubKernels`LocalKernels`Private`lk[LinkObject[/usr/local/Wolfram/Mathematica/12.0/Executables/wolfram -subkernel -noinit -nopaclet -wstp, 206, 1], {/usr/local/Wolfram/Mathematica/12.0/Executables/wolfram -subkernel -noinit -nopaclet -wstp}, SubKernels`LocalKernels`Private`speed$21697, SubKernels`LocalKernels`Private`preemptive$21697]], Parallel`Kernels`Private`id$21704, Parallel`Kernels`Private`name$21704], Parallel`Kernels`Private`ek[Parallel`Kernels`Private`nev$21705, Parallel`Kernels`Private`pb$21705, Parallel`Kernels`Private`rd$21705], Parallel`Kernels`Private`sk[Parallel`Kernels`Private`q$21706, Parallel`Kernels`Private`n0$21706, Parallel`Kernels`Private`n1$21706]]]
                                                                                                                                                                                               -6
NIntegrate::ncvb: NIntegrate failed to converge to prescribed accuracy after 2 recursive bisections in yD near {xD, yD} = {0.0515827, 0.023846}. NIntegrate obtained 0.000371613 and 2.48167 10   for the integral and error estimates.
StringForm[From `1`:, Parallel`Kernels`kernel[Parallel`Kernels`Private`bk[SubKernels`LocalKernels`localKernel[SubKernels`LocalKernels`Private`lk[LinkObject[/usr/local/Wolfram/Mathematica/12.0/Executables/wolfram -subkernel -noinit -nopaclet -wstp, 209, 4], {/usr/local/Wolfram/Mathematica/12.0/Executables/wolfram -subkernel -noinit -nopaclet -wstp}, SubKernels`LocalKernels`Private`speed$21700, SubKernels`LocalKernels`Private`preemptive$21700]], Parallel`Kernels`Private`id$21716, Parallel`Kernels`Private`name$21716], Parallel`Kernels`Private`ek[Parallel`Kernels`Private`nev$21717, Parallel`Kernels`Private`pb$21717, Parallel`Kernels`Private`rd$21717], Parallel`Kernels`Private`sk[Parallel`Kernels`Private`q$21718, Parallel`Kernels`Private`n0$21718, Parallel`Kernels`Private`n1$21718]]]
                                                                                                                                                                                                -6
NIntegrate::ncvb: NIntegrate failed to converge to prescribed accuracy after 2 recursive bisections in yD near {xD, yD} = {0.0515827, -0.014338}. NIntegrate obtained 0.000940017 and 3.41993 10   for the integral and error estimates.
StringForm[From `1`:, Parallel`Kernels`kernel[Parallel`Kernels`Private`bk[SubKernels`LocalKernels`localKernel[SubKernels`LocalKernels`Private`lk[LinkObject[/usr/local/Wolfram/Mathematica/12.0/Executables/wolfram -subkernel -noinit -nopaclet -wstp, 207, 2], {/usr/local/Wolfram/Mathematica/12.0/Executables/wolfram -subkernel -noinit -nopaclet -wstp}, SubKernels`LocalKernels`Private`speed$21698, SubKernels`LocalKernels`Private`preemptive$21698]], Parallel`Kernels`Private`id$21708, Parallel`Kernels`Private`name$21708], Parallel`Kernels`Private`ek[Parallel`Kernels`Private`nev$21709, Parallel`Kernels`Private`pb$21709, Parallel`Kernels`Private`rd$21709], Parallel`Kernels`Private`sk[Parallel`Kernels`Private`q$21710, Parallel`Kernels`Private`n0$21710, Parallel`Kernels`Private`n1$21710]]]
                                                                                                                                                                                              -6
NIntegrate::ncvb: NIntegrate failed to converge to prescribed accuracy after 2 recursive bisections in xD near {xD, yD} = {0.0527394, -0.0119}. NIntegrate obtained 0.000074132 and 1.37366 10   for the integral and error estimates.
a = -1035e-4
Time consumption: 2.7022643533333333
MaxMemUse :144.2919158935547 MB
