Configured Kernels: {SubKernels`LocalKernels`LocalMachine[4, SubKernels`LocalKernels`LowerPriority -> True]}
Processor Count: 4
Modules loaded ...
4 Kernels launched ...
Run started at Thu 18 Nov 2021 11:54:07, Bins: {1, 49}
StringForm[From `1`:, Parallel`Kernels`kernel[Parallel`Kernels`Private`bk[SubKernels`LocalKernels`localKernel[SubKernels`LocalKernels`Private`lk[LinkObject[/usr/local/Wolfram/Mathematica/12.0/Executables/wolfram -subkernel -noinit -nopaclet -wstp, 207, 4], {/usr/local/Wolfram/Mathematica/12.0/Executables/wolfram -subkernel -noinit -nopaclet -wstp}, SubKernels`LocalKernels`Private`speed$21415, SubKernels`LocalKernels`Private`preemptive$21415]], Parallel`Kernels`Private`id$21431, Parallel`Kernels`Private`name$21431], Parallel`Kernels`Private`ek[Parallel`Kernels`Private`nev$21432, Parallel`Kernels`Private`pb$21432, Parallel`Kernels`Private`rd$21432], Parallel`Kernels`Private`sk[Parallel`Kernels`Private`q$21433, Parallel`Kernels`Private`n0$21433, Parallel`Kernels`Private`n1$21433]]]
                                                                                                                                                                               -6               -6
NIntegrate::ncvb: NIntegrate failed to converge to prescribed accuracy after 2 recursive bisections in yD near {xD, yD} = {0.0272077, 0.022255}. NIntegrate obtained 7.31653 10   and 2.19859 10   for the integral and error estimates.
StringForm[From `1`:, Parallel`Kernels`kernel[Parallel`Kernels`Private`bk[SubKernels`LocalKernels`localKernel[SubKernels`LocalKernels`Private`lk[LinkObject[/usr/local/Wolfram/Mathematica/12.0/Executables/wolfram -subkernel -noinit -nopaclet -wstp, 206, 3], {/usr/local/Wolfram/Mathematica/12.0/Executables/wolfram -subkernel -noinit -nopaclet -wstp}, SubKernels`LocalKernels`Private`speed$21414, SubKernels`LocalKernels`Private`preemptive$21414]], Parallel`Kernels`Private`id$21427, Parallel`Kernels`Private`name$21427], Parallel`Kernels`Private`ek[Parallel`Kernels`Private`nev$21428, Parallel`Kernels`Private`pb$21428, Parallel`Kernels`Private`rd$21428], Parallel`Kernels`Private`sk[Parallel`Kernels`Private`q$21429, Parallel`Kernels`Private`n0$21429, Parallel`Kernels`Private`n1$21429]]]
NIntegrate::ncvb: NIntegrate failed to converge to prescribed accuracy after 2 recursive bisections in yD near {xD, yD} = {0.0290827, -0.014338}. NIntegrate obtained 0.00176739 and 0.0000277488 for the integral and error estimates.
a = -1060e-4
Time consumption: 2.026882179166667
MaxMemUse :144.38167572021484 MB
Configured Kernels: {SubKernels`LocalKernels`LocalMachine[4, SubKernels`LocalKernels`LowerPriority -> True]}
Processor Count: 4
Modules loaded ...
4 Kernels launched ...
Run started at Thu 18 Nov 2021 13:55:44, Bins: {50, 98}
StringForm[From `1`:, Parallel`Kernels`kernel[Parallel`Kernels`Private`bk[SubKernels`LocalKernels`localKernel[SubKernels`LocalKernels`Private`lk[LinkObject[/usr/local/Wolfram/Mathematica/12.0/Executables/wolfram -subkernel -noinit -nopaclet -wstp, 204, 1], {/usr/local/Wolfram/Mathematica/12.0/Executables/wolfram -subkernel -noinit -nopaclet -wstp}, SubKernels`LocalKernels`Private`speed$21438, SubKernels`LocalKernels`Private`preemptive$21438]], Parallel`Kernels`Private`id$21445, Parallel`Kernels`Private`name$21445], Parallel`Kernels`Private`ek[Parallel`Kernels`Private`nev$21446, Parallel`Kernels`Private`pb$21446, Parallel`Kernels`Private`rd$21446], Parallel`Kernels`Private`sk[Parallel`Kernels`Private`q$21447, Parallel`Kernels`Private`n0$21447, Parallel`Kernels`Private`n1$21447]]]
NIntegrate::ncvb: NIntegrate failed to converge to prescribed accuracy after 2 recursive bisections in yD near {xD, yD} = {0.0290827, 0.022255}. NIntegrate obtained 0.000174138 and 0.0000122715 for the integral and error estimates.
StringForm[From `1`:, Parallel`Kernels`kernel[Parallel`Kernels`Private`bk[SubKernels`LocalKernels`localKernel[SubKernels`LocalKernels`Private`lk[LinkObject[/usr/local/Wolfram/Mathematica/12.0/Executables/wolfram -subkernel -noinit -nopaclet -wstp, 207, 4], {/usr/local/Wolfram/Mathematica/12.0/Executables/wolfram -subkernel -noinit -nopaclet -wstp}, SubKernels`LocalKernels`Private`speed$21441, SubKernels`LocalKernels`Private`preemptive$21441]], Parallel`Kernels`Private`id$21457, Parallel`Kernels`Private`name$21457], Parallel`Kernels`Private`ek[Parallel`Kernels`Private`nev$21458, Parallel`Kernels`Private`pb$21458, Parallel`Kernels`Private`rd$21458], Parallel`Kernels`Private`sk[Parallel`Kernels`Private`q$21459, Parallel`Kernels`Private`n0$21459, Parallel`Kernels`Private`n1$21459]]]
NIntegrate::ncvb: NIntegrate failed to converge to prescribed accuracy after 2 recursive bisections in yD near {xD, yD} = {0.0309577, -0.014338}. NIntegrate obtained 0.00843138 and 0.000105372 for the integral and error estimates.
StringForm[From `1`:, Parallel`Kernels`kernel[Parallel`Kernels`Private`bk[SubKernels`LocalKernels`localKernel[SubKernels`LocalKernels`Private`lk[LinkObject[/usr/local/Wolfram/Mathematica/12.0/Executables/wolfram -subkernel -noinit -nopaclet -wstp, 204, 1], {/usr/local/Wolfram/Mathematica/12.0/Executables/wolfram -subkernel -noinit -nopaclet -wstp}, SubKernels`LocalKernels`Private`speed$21438, SubKernels`LocalKernels`Private`preemptive$21438]], Parallel`Kernels`Private`id$21445, Parallel`Kernels`Private`name$21445], Parallel`Kernels`Private`ek[Parallel`Kernels`Private`nev$21446, Parallel`Kernels`Private`pb$21446, Parallel`Kernels`Private`rd$21446], Parallel`Kernels`Private`sk[Parallel`Kernels`Private`q$21447, Parallel`Kernels`Private`n0$21447, Parallel`Kernels`Private`n1$21447]]]
NIntegrate::ncvb: NIntegrate failed to converge to prescribed accuracy after 2 recursive bisections in yD near {xD, yD} = {0.0347077, -0.01752}. NIntegrate obtained 0.0000832947 and 0.0000146136 for the integral and error estimates.
StringForm[From `1`:, Parallel`Kernels`kernel[Parallel`Kernels`Private`bk[SubKernels`LocalKernels`localKernel[SubKernels`LocalKernels`Private`lk[LinkObject[/usr/local/Wolfram/Mathematica/12.0/Executables/wolfram -subkernel -noinit -nopaclet -wstp, 205, 2], {/usr/local/Wolfram/Mathematica/12.0/Executables/wolfram -subkernel -noinit -nopaclet -wstp}, SubKernels`LocalKernels`Private`speed$21439, SubKernels`LocalKernels`Private`preemptive$21439]], Parallel`Kernels`Private`id$21449, Parallel`Kernels`Private`name$21449], Parallel`Kernels`Private`ek[Parallel`Kernels`Private`nev$21450, Parallel`Kernels`Private`pb$21450, Parallel`Kernels`Private`rd$21450], Parallel`Kernels`Private`sk[Parallel`Kernels`Private`q$21451, Parallel`Kernels`Private`n0$21451, Parallel`Kernels`Private`n1$21451]]]
NIntegrate::ncvb: NIntegrate failed to converge to prescribed accuracy after 2 recursive bisections in yD near {xD, yD} = {0.0328327, -0.014338}. NIntegrate obtained 0.0226413 and 0.000173745 for the integral and error estimates.
StringForm[From `1`:, Parallel`Kernels`kernel[Parallel`Kernels`Private`bk[SubKernels`LocalKernels`localKernel[SubKernels`LocalKernels`Private`lk[LinkObject[/usr/local/Wolfram/Mathematica/12.0/Executables/wolfram -subkernel -noinit -nopaclet -wstp, 206, 3], {/usr/local/Wolfram/Mathematica/12.0/Executables/wolfram -subkernel -noinit -nopaclet -wstp}, SubKernels`LocalKernels`Private`speed$21440, SubKernels`LocalKernels`Private`preemptive$21440]], Parallel`Kernels`Private`id$21453, Parallel`Kernels`Private`name$21453], Parallel`Kernels`Private`ek[Parallel`Kernels`Private`nev$21454, Parallel`Kernels`Private`pb$21454, Parallel`Kernels`Private`rd$21454], Parallel`Kernels`Private`sk[Parallel`Kernels`Private`q$21455, Parallel`Kernels`Private`n0$21455, Parallel`Kernels`Private`n1$21455]]]
NIntegrate::ncvb: NIntegrate failed to converge to prescribed accuracy after 2 recursive bisections in yD near {xD, yD} = {0.0347077, -0.014338}. NIntegrate obtained 0.0441466 and 0.000259627 for the integral and error estimates.
StringForm[From `1`:, Parallel`Kernels`kernel[Parallel`Kernels`Private`bk[SubKernels`LocalKernels`localKernel[SubKernels`LocalKernels`Private`lk[LinkObject[/usr/local/Wolfram/Mathematica/12.0/Executables/wolfram -subkernel -noinit -nopaclet -wstp, 205, 2], {/usr/local/Wolfram/Mathematica/12.0/Executables/wolfram -subkernel -noinit -nopaclet -wstp}, SubKernels`LocalKernels`Private`speed$21439, SubKernels`LocalKernels`Private`preemptive$21439]], Parallel`Kernels`Private`id$21449, Parallel`Kernels`Private`name$21449], Parallel`Kernels`Private`ek[Parallel`Kernels`Private`nev$21450, Parallel`Kernels`Private`pb$21450, Parallel`Kernels`Private`rd$21450], Parallel`Kernels`Private`sk[Parallel`Kernels`Private`q$21451, Parallel`Kernels`Private`n0$21451, Parallel`Kernels`Private`n1$21451]]]
                                                                                                                                                                                               -6
NIntegrate::ncvb: NIntegrate failed to converge to prescribed accuracy after 2 recursive bisections in yD near {xD, yD} = {0.0357914, -0.01752}. NIntegrate obtained 0.000334491 and 1.62106 10   for the integral and error estimates.
StringForm[From `1`:, Parallel`Kernels`kernel[Parallel`Kernels`Private`bk[SubKernels`LocalKernels`localKernel[SubKernels`LocalKernels`Private`lk[LinkObject[/usr/local/Wolfram/Mathematica/12.0/Executables/wolfram -subkernel -noinit -nopaclet -wstp, 207, 4], {/usr/local/Wolfram/Mathematica/12.0/Executables/wolfram -subkernel -noinit -nopaclet -wstp}, SubKernels`LocalKernels`Private`speed$21441, SubKernels`LocalKernels`Private`preemptive$21441]], Parallel`Kernels`Private`id$21457, Parallel`Kernels`Private`name$21457], Parallel`Kernels`Private`ek[Parallel`Kernels`Private`nev$21458, Parallel`Kernels`Private`pb$21458, Parallel`Kernels`Private`rd$21458], Parallel`Kernels`Private`sk[Parallel`Kernels`Private`q$21459, Parallel`Kernels`Private`n0$21459, Parallel`Kernels`Private`n1$21459]]]
NIntegrate::ncvb: NIntegrate failed to converge to prescribed accuracy after 2 recursive bisections in yD near {xD, yD} = {0.0347077, 0.022255}. NIntegrate obtained 0.00658975 and 0.0000910797 for the integral and error estimates.
StringForm[From `1`:, Parallel`Kernels`kernel[Parallel`Kernels`Private`bk[SubKernels`LocalKernels`localKernel[SubKernels`LocalKernels`Private`lk[LinkObject[/usr/local/Wolfram/Mathematica/12.0/Executables/wolfram -subkernel -noinit -nopaclet -wstp, 204, 1], {/usr/local/Wolfram/Mathematica/12.0/Executables/wolfram -subkernel -noinit -nopaclet -wstp}, SubKernels`LocalKernels`Private`speed$21438, SubKernels`LocalKernels`Private`preemptive$21438]], Parallel`Kernels`Private`id$21445, Parallel`Kernels`Private`name$21445], Parallel`Kernels`Private`ek[Parallel`Kernels`Private`nev$21446, Parallel`Kernels`Private`pb$21446, Parallel`Kernels`Private`rd$21446], Parallel`Kernels`Private`sk[Parallel`Kernels`Private`q$21447, Parallel`Kernels`Private`n0$21447, Parallel`Kernels`Private`n1$21447]]]
NIntegrate::ncvb: NIntegrate failed to converge to prescribed accuracy after 2 recursive bisections in yD near {xD, yD} = {0.0365827, -0.014338}. NIntegrate obtained 0.0677026 and 0.00024715 for the integral and error estimates.
StringForm[From `1`:, Parallel`Kernels`kernel[Parallel`Kernels`Private`bk[SubKernels`LocalKernels`localKernel[SubKernels`LocalKernels`Private`lk[LinkObject[/usr/local/Wolfram/Mathematica/12.0/Executables/wolfram -subkernel -noinit -nopaclet -wstp, 207, 4], {/usr/local/Wolfram/Mathematica/12.0/Executables/wolfram -subkernel -noinit -nopaclet -wstp}, SubKernels`LocalKernels`Private`speed$21441, SubKernels`LocalKernels`Private`preemptive$21441]], Parallel`Kernels`Private`id$21457, Parallel`Kernels`Private`name$21457], Parallel`Kernels`Private`ek[Parallel`Kernels`Private`nev$21458, Parallel`Kernels`Private`pb$21458, Parallel`Kernels`Private`rd$21458], Parallel`Kernels`Private`sk[Parallel`Kernels`Private`q$21459, Parallel`Kernels`Private`n0$21459, Parallel`Kernels`Private`n1$21459]]]
NIntegrate::ncvb: NIntegrate failed to converge to prescribed accuracy after 2 recursive bisections in yD near {xD, yD} = {0.0365827, 0.022255}. NIntegrate obtained 0.0114117 and 0.0000791453 for the integral and error estimates.
a = -1060e-4
Time consumption: 9.457728380833334
MaxMemUse :144.40473175048828 MB
Configured Kernels: {SubKernels`LocalKernels`LocalMachine[4, SubKernels`LocalKernels`LowerPriority -> True]}
Processor Count: 4
Modules loaded ...
4 Kernels launched ...
Run started at Thu 18 Nov 2021 23:23:13, Bins: {99, 106}
StringForm[From `1`:, Parallel`Kernels`kernel[Parallel`Kernels`Private`bk[SubKernels`LocalKernels`localKernel[SubKernels`LocalKernels`Private`lk[LinkObject[/usr/local/Wolfram/Mathematica/12.0/Executables/wolfram -subkernel -noinit -nopaclet -wstp, 205, 2], {/usr/local/Wolfram/Mathematica/12.0/Executables/wolfram -subkernel -noinit -nopaclet -wstp}, SubKernels`LocalKernels`Private`speed$21741, SubKernels`LocalKernels`Private`preemptive$21741]], Parallel`Kernels`Private`id$21751, Parallel`Kernels`Private`name$21751], Parallel`Kernels`Private`ek[Parallel`Kernels`Private`nev$21752, Parallel`Kernels`Private`pb$21752, Parallel`Kernels`Private`rd$21752], Parallel`Kernels`Private`sk[Parallel`Kernels`Private`q$21753, Parallel`Kernels`Private`n0$21753, Parallel`Kernels`Private`n1$21753]]]
                                                                                                                                                                                                -6
NIntegrate::ncvb: NIntegrate failed to converge to prescribed accuracy after 2 recursive bisections in yD near {xD, yD} = {0.0384577, -0.019111}. NIntegrate obtained 0.000624296 and 7.09725 10   for the integral and error estimates.
StringForm[From `1`:, Parallel`Kernels`kernel[Parallel`Kernels`Private`bk[SubKernels`LocalKernels`localKernel[SubKernels`LocalKernels`Private`lk[LinkObject[/usr/local/Wolfram/Mathematica/12.0/Executables/wolfram -subkernel -noinit -nopaclet -wstp, 204, 1], {/usr/local/Wolfram/Mathematica/12.0/Executables/wolfram -subkernel -noinit -nopaclet -wstp}, SubKernels`LocalKernels`Private`speed$21740, SubKernels`LocalKernels`Private`preemptive$21740]], Parallel`Kernels`Private`id$21747, Parallel`Kernels`Private`name$21747], Parallel`Kernels`Private`ek[Parallel`Kernels`Private`nev$21748, Parallel`Kernels`Private`pb$21748, Parallel`Kernels`Private`rd$21748], Parallel`Kernels`Private`sk[Parallel`Kernels`Private`q$21749, Parallel`Kernels`Private`n0$21749, Parallel`Kernels`Private`n1$21749]]]
NIntegrate::ncvb: NIntegrate failed to converge to prescribed accuracy after 2 recursive bisections in yD near {xD, yD} = {0.0384577, -0.014338}. NIntegrate obtained 0.0854283 and 0.000226906 for the integral and error estimates.
a = -1060e-4
Time consumption: 3.1675944358333337
MaxMemUse :144.38975524902344 MB
Configured Kernels: {SubKernels`LocalKernels`LocalMachine[4, SubKernels`LocalKernels`LowerPriority -> True]}
Processor Count: 4
Modules loaded ...
4 Kernels launched ...
Run started at Fri 19 Nov 2021 02:33:17, Bins: {107, 122}
StringForm[From `1`:, Parallel`Kernels`kernel[Parallel`Kernels`Private`bk[SubKernels`LocalKernels`localKernel[SubKernels`LocalKernels`Private`lk[LinkObject[/usr/local/Wolfram/Mathematica/12.0/Executables/wolfram -subkernel -noinit -nopaclet -wstp, 227, 2], {/usr/local/Wolfram/Mathematica/12.0/Executables/wolfram -subkernel -noinit -nopaclet -wstp}, SubKernels`LocalKernels`Private`speed$21797, SubKernels`LocalKernels`Private`preemptive$21797]], Parallel`Kernels`Private`id$21804, Parallel`Kernels`Private`name$21804], Parallel`Kernels`Private`ek[Parallel`Kernels`Private`nev$21805, Parallel`Kernels`Private`pb$21805, Parallel`Kernels`Private`rd$21805], Parallel`Kernels`Private`sk[Parallel`Kernels`Private`q$21806, Parallel`Kernels`Private`n0$21806, Parallel`Kernels`Private`n1$21806]]]
                                                                                                                                                                                               -6
NIntegrate::ncvb: NIntegrate failed to converge to prescribed accuracy after 2 recursive bisections in yD near {xD, yD} = {0.0403327, -0.019111}. NIntegrate obtained 0.000810473 and 8.9313 10   for the integral and error estimates.
StringForm[From `1`:, Parallel`Kernels`kernel[Parallel`Kernels`Private`bk[SubKernels`LocalKernels`localKernel[SubKernels`LocalKernels`Private`lk[LinkObject[/usr/local/Wolfram/Mathematica/12.0/Executables/wolfram -subkernel -noinit -nopaclet -wstp, 229, 4], {/usr/local/Wolfram/Mathematica/12.0/Executables/wolfram -subkernel -noinit -nopaclet -wstp}, SubKernels`LocalKernels`Private`speed$21799, SubKernels`LocalKernels`Private`preemptive$21799]], Parallel`Kernels`Private`id$21812, Parallel`Kernels`Private`name$21812], Parallel`Kernels`Private`ek[Parallel`Kernels`Private`nev$21813, Parallel`Kernels`Private`pb$21813, Parallel`Kernels`Private`rd$21813], Parallel`Kernels`Private`sk[Parallel`Kernels`Private`q$21814, Parallel`Kernels`Private`n0$21814, Parallel`Kernels`Private`n1$21814]]]
NIntegrate::ncvb: NIntegrate failed to converge to prescribed accuracy after 2 recursive bisections in yD near {xD, yD} = {0.0384577, 0.022255}. NIntegrate obtained 0.0157411 and 0.0000475856 for the integral and error estimates.
StringForm[From `1`:, Parallel`Kernels`kernel[Parallel`Kernels`Private`bk[SubKernels`LocalKernels`localKernel[SubKernels`LocalKernels`Private`lk[LinkObject[/usr/local/Wolfram/Mathematica/12.0/Executables/wolfram -subkernel -noinit -nopaclet -wstp, 230, 5], {/usr/local/Wolfram/Mathematica/12.0/Executables/wolfram -subkernel -noinit -nopaclet -wstp}, SubKernels`LocalKernels`Private`speed$21800, SubKernels`LocalKernels`Private`preemptive$21800]], Parallel`Kernels`Private`id$21816, Parallel`Kernels`Private`name$21816], Parallel`Kernels`Private`ek[Parallel`Kernels`Private`nev$21817, Parallel`Kernels`Private`pb$21817, Parallel`Kernels`Private`rd$21817], Parallel`Kernels`Private`sk[Parallel`Kernels`Private`q$21818, Parallel`Kernels`Private`n0$21818, Parallel`Kernels`Private`n1$21818]]]
NIntegrate::ncvb: NIntegrate failed to converge to prescribed accuracy after 2 recursive bisections in yD near {xD, yD} = {0.0403327, 0.022255}. NIntegrate obtained 0.0178517 and 0.000106422 for the integral and error estimates.
a = -1060e-4
Time consumption: 4.073597193333334
MaxMemUse :147.53267669677734 MB
Configured Kernels: {SubKernels`LocalKernels`LocalMachine[4, SubKernels`LocalKernels`LowerPriority -> True]}
Processor Count: 4
Modules loaded ...
4 Kernels launched ...
Run started at Fri 19 Nov 2021 06:37:43, Bins: {123, 138}
StringForm[From `1`:, Parallel`Kernels`kernel[Parallel`Kernels`Private`bk[SubKernels`LocalKernels`localKernel[SubKernels`LocalKernels`Private`lk[LinkObject[/usr/local/Wolfram/Mathematica/12.0/Executables/wolfram -subkernel -noinit -nopaclet -wstp, 207, 4], {/usr/local/Wolfram/Mathematica/12.0/Executables/wolfram -subkernel -noinit -nopaclet -wstp}, SubKernels`LocalKernels`Private`speed$21349, SubKernels`LocalKernels`Private`preemptive$21349]], Parallel`Kernels`Private`id$21365, Parallel`Kernels`Private`name$21365], Parallel`Kernels`Private`ek[Parallel`Kernels`Private`nev$21366, Parallel`Kernels`Private`pb$21366, Parallel`Kernels`Private`rd$21366], Parallel`Kernels`Private`sk[Parallel`Kernels`Private`q$21367, Parallel`Kernels`Private`n0$21367, Parallel`Kernels`Private`n1$21367]]]
                                                                                                                                                                                                -6
NIntegrate::ncvb: NIntegrate failed to converge to prescribed accuracy after 2 recursive bisections in yD near {xD, yD} = {0.0422077, -0.019111}. NIntegrate obtained 0.000872295 and 7.03329 10   for the integral and error estimates.
StringForm[From `1`:, Parallel`Kernels`kernel[Parallel`Kernels`Private`bk[SubKernels`LocalKernels`localKernel[SubKernels`LocalKernels`Private`lk[LinkObject[/usr/local/Wolfram/Mathematica/12.0/Executables/wolfram -subkernel -noinit -nopaclet -wstp, 207, 4], {/usr/local/Wolfram/Mathematica/12.0/Executables/wolfram -subkernel -noinit -nopaclet -wstp}, SubKernels`LocalKernels`Private`speed$21349, SubKernels`LocalKernels`Private`preemptive$21349]], Parallel`Kernels`Private`id$21365, Parallel`Kernels`Private`name$21365], Parallel`Kernels`Private`ek[Parallel`Kernels`Private`nev$21366, Parallel`Kernels`Private`pb$21366, Parallel`Kernels`Private`rd$21366], Parallel`Kernels`Private`sk[Parallel`Kernels`Private`q$21367, Parallel`Kernels`Private`n0$21367, Parallel`Kernels`Private`n1$21367]]]
                                                                                                                                                                                               -6
NIntegrate::ncvb: NIntegrate failed to converge to prescribed accuracy after 2 recursive bisections in yD near {xD, yD} = {0.0440827, -0.019111}. NIntegrate obtained 0.000852466 and 7.8901 10   for the integral and error estimates.
StringForm[From `1`:, Parallel`Kernels`kernel[Parallel`Kernels`Private`bk[SubKernels`LocalKernels`localKernel[SubKernels`LocalKernels`Private`lk[LinkObject[/usr/local/Wolfram/Mathematica/12.0/Executables/wolfram -subkernel -noinit -nopaclet -wstp, 205, 2], {/usr/local/Wolfram/Mathematica/12.0/Executables/wolfram -subkernel -noinit -nopaclet -wstp}, SubKernels`LocalKernels`Private`speed$21347, SubKernels`LocalKernels`Private`preemptive$21347]], Parallel`Kernels`Private`id$21357, Parallel`Kernels`Private`name$21357], Parallel`Kernels`Private`ek[Parallel`Kernels`Private`nev$21358, Parallel`Kernels`Private`pb$21358, Parallel`Kernels`Private`rd$21358], Parallel`Kernels`Private`sk[Parallel`Kernels`Private`q$21359, Parallel`Kernels`Private`n0$21359, Parallel`Kernels`Private`n1$21359]]]
NIntegrate::ncvb: NIntegrate failed to converge to prescribed accuracy after 2 recursive bisections in yD near {xD, yD} = {0.0422077, 0.022255}. NIntegrate obtained 0.0174992 and 0.000240377 for the integral and error estimates.
StringForm[From `1`:, Parallel`Kernels`kernel[Parallel`Kernels`Private`bk[SubKernels`LocalKernels`localKernel[SubKernels`LocalKernels`Private`lk[LinkObject[/usr/local/Wolfram/Mathematica/12.0/Executables/wolfram -subkernel -noinit -nopaclet -wstp, 204, 1], {/usr/local/Wolfram/Mathematica/12.0/Executables/wolfram -subkernel -noinit -nopaclet -wstp}, SubKernels`LocalKernels`Private`speed$21346, SubKernels`LocalKernels`Private`preemptive$21346]], Parallel`Kernels`Private`id$21353, Parallel`Kernels`Private`name$21353], Parallel`Kernels`Private`ek[Parallel`Kernels`Private`nev$21354, Parallel`Kernels`Private`pb$21354, Parallel`Kernels`Private`rd$21354], Parallel`Kernels`Private`sk[Parallel`Kernels`Private`q$21355, Parallel`Kernels`Private`n0$21355, Parallel`Kernels`Private`n1$21355]]]
NIntegrate::ncvb: NIntegrate failed to converge to prescribed accuracy after 2 recursive bisections in yD near {xD, yD} = {0.0440827, -0.014338}. NIntegrate obtained 0.0646136 and 0.000155626 for the integral and error estimates.
a = -1060e-4
Time consumption: 4.481770416388889
MaxMemUse :144.36547088623047 MB
Configured Kernels: {SubKernels`LocalKernels`LocalMachine[4, SubKernels`LocalKernels`LowerPriority -> True]}
Processor Count: 4
Modules loaded ...
4 Kernels launched ...
Run started at Fri 19 Nov 2021 11:06:38, Bins: {139, 154}
StringForm[From `1`:, Parallel`Kernels`kernel[Parallel`Kernels`Private`bk[SubKernels`LocalKernels`localKernel[SubKernels`LocalKernels`Private`lk[LinkObject[/usr/local/Wolfram/Mathematica/12.0/Executables/wolfram -subkernel -noinit -nopaclet -wstp, 204, 1], {/usr/local/Wolfram/Mathematica/12.0/Executables/wolfram -subkernel -noinit -nopaclet -wstp}, SubKernels`LocalKernels`Private`speed$21450, SubKernels`LocalKernels`Private`preemptive$21450]], Parallel`Kernels`Private`id$21457, Parallel`Kernels`Private`name$21457], Parallel`Kernels`Private`ek[Parallel`Kernels`Private`nev$21458, Parallel`Kernels`Private`pb$21458, Parallel`Kernels`Private`rd$21458], Parallel`Kernels`Private`sk[Parallel`Kernels`Private`q$21459, Parallel`Kernels`Private`n0$21459, Parallel`Kernels`Private`n1$21459]]]
                                                                                                                                                                                                -6
NIntegrate::ncvb: NIntegrate failed to converge to prescribed accuracy after 2 recursive bisections in yD near {xD, yD} = {0.0459577, -0.019111}. NIntegrate obtained 0.000687721 and 8.05878 10   for the integral and error estimates.
StringForm[From `1`:, Parallel`Kernels`kernel[Parallel`Kernels`Private`bk[SubKernels`LocalKernels`localKernel[SubKernels`LocalKernels`Private`lk[LinkObject[/usr/local/Wolfram/Mathematica/12.0/Executables/wolfram -subkernel -noinit -nopaclet -wstp, 205, 2], {/usr/local/Wolfram/Mathematica/12.0/Executables/wolfram -subkernel -noinit -nopaclet -wstp}, SubKernels`LocalKernels`Private`speed$21451, SubKernels`LocalKernels`Private`preemptive$21451]], Parallel`Kernels`Private`id$21461, Parallel`Kernels`Private`name$21461], Parallel`Kernels`Private`ek[Parallel`Kernels`Private`nev$21462, Parallel`Kernels`Private`pb$21462, Parallel`Kernels`Private`rd$21462], Parallel`Kernels`Private`sk[Parallel`Kernels`Private`q$21463, Parallel`Kernels`Private`n0$21463, Parallel`Kernels`Private`n1$21463]]]
NIntegrate::ncvb: NIntegrate failed to converge to prescribed accuracy after 2 recursive bisections in yD near {xD, yD} = {0.0440827, 0.022255}. NIntegrate obtained 0.0149327 and 0.000271084 for the integral and error estimates.
StringForm[From `1`:, Parallel`Kernels`kernel[Parallel`Kernels`Private`bk[SubKernels`LocalKernels`localKernel[SubKernels`LocalKernels`Private`lk[LinkObject[/usr/local/Wolfram/Mathematica/12.0/Executables/wolfram -subkernel -noinit -nopaclet -wstp, 207, 4], {/usr/local/Wolfram/Mathematica/12.0/Executables/wolfram -subkernel -noinit -nopaclet -wstp}, SubKernels`LocalKernels`Private`speed$21453, SubKernels`LocalKernels`Private`preemptive$21453]], Parallel`Kernels`Private`id$21469, Parallel`Kernels`Private`name$21469], Parallel`Kernels`Private`ek[Parallel`Kernels`Private`nev$21470, Parallel`Kernels`Private`pb$21470, Parallel`Kernels`Private`rd$21470], Parallel`Kernels`Private`sk[Parallel`Kernels`Private`q$21471, Parallel`Kernels`Private`n0$21471, Parallel`Kernels`Private`n1$21471]]]
NIntegrate::ncvb: NIntegrate failed to converge to prescribed accuracy after 2 recursive bisections in yD near {xD, yD} = {0.0459577, -0.014338}. NIntegrate obtained 0.0413267 and 0.000135592 for the integral and error estimates.
StringForm[From `1`:, Parallel`Kernels`kernel[Parallel`Kernels`Private`bk[SubKernels`LocalKernels`localKernel[SubKernels`LocalKernels`Private`lk[LinkObject[/usr/local/Wolfram/Mathematica/12.0/Executables/wolfram -subkernel -noinit -nopaclet -wstp, 206, 3], {/usr/local/Wolfram/Mathematica/12.0/Executables/wolfram -subkernel -noinit -nopaclet -wstp}, SubKernels`LocalKernels`Private`speed$21452, SubKernels`LocalKernels`Private`preemptive$21452]], Parallel`Kernels`Private`id$21465, Parallel`Kernels`Private`name$21465], Parallel`Kernels`Private`ek[Parallel`Kernels`Private`nev$21466, Parallel`Kernels`Private`pb$21466, Parallel`Kernels`Private`rd$21466], Parallel`Kernels`Private`sk[Parallel`Kernels`Private`q$21467, Parallel`Kernels`Private`n0$21467, Parallel`Kernels`Private`n1$21467]]]
NIntegrate::ncvb: NIntegrate failed to converge to prescribed accuracy after 2 recursive bisections in yD near {xD, yD} = {0.0459577, 0.022255}. NIntegrate obtained 0.0105088 and 0.0000917896 for the integral and error estimates.
StringForm[From `1`:, Parallel`Kernels`kernel[Parallel`Kernels`Private`bk[SubKernels`LocalKernels`localKernel[SubKernels`LocalKernels`Private`lk[LinkObject[/usr/local/Wolfram/Mathematica/12.0/Executables/wolfram -subkernel -noinit -nopaclet -wstp, 204, 1], {/usr/local/Wolfram/Mathematica/12.0/Executables/wolfram -subkernel -noinit -nopaclet -wstp}, SubKernels`LocalKernels`Private`speed$21450, SubKernels`LocalKernels`Private`preemptive$21450]], Parallel`Kernels`Private`id$21457, Parallel`Kernels`Private`name$21457], Parallel`Kernels`Private`ek[Parallel`Kernels`Private`nev$21458, Parallel`Kernels`Private`pb$21458, Parallel`Kernels`Private`rd$21458], Parallel`Kernels`Private`sk[Parallel`Kernels`Private`q$21459, Parallel`Kernels`Private`n0$21459, Parallel`Kernels`Private`n1$21459]]]
NIntegrate::ncvb: NIntegrate failed to converge to prescribed accuracy after 2 recursive bisections in yD near {xD, yD} = {0.0459577, 0.019073}. NIntegrate obtained 0.071283 and 0.0000924381 for the integral and error estimates.
a = -1060e-4
Time consumption: 6.266337706388889
MaxMemUse :144.3716812133789 MB
Configured Kernels: {SubKernels`LocalKernels`LocalMachine[4, SubKernels`LocalKernels`LowerPriority -> True]}
Processor Count: 4
Modules loaded ...
4 Kernels launched ...
Run started at Fri 19 Nov 2021 17:22:37, Bins: {155, 178}
StringForm[From `1`:, Parallel`Kernels`kernel[Parallel`Kernels`Private`bk[SubKernels`LocalKernels`localKernel[SubKernels`LocalKernels`Private`lk[LinkObject[/usr/local/Wolfram/Mathematica/12.0/Executables/wolfram -subkernel -noinit -nopaclet -wstp, 206, 3], {/usr/local/Wolfram/Mathematica/12.0/Executables/wolfram -subkernel -noinit -nopaclet -wstp}, SubKernels`LocalKernels`Private`speed$21866, SubKernels`LocalKernels`Private`preemptive$21866]], Parallel`Kernels`Private`id$21879, Parallel`Kernels`Private`name$21879], Parallel`Kernels`Private`ek[Parallel`Kernels`Private`nev$21880, Parallel`Kernels`Private`pb$21880, Parallel`Kernels`Private`rd$21880], Parallel`Kernels`Private`sk[Parallel`Kernels`Private`q$21881, Parallel`Kernels`Private`n0$21881, Parallel`Kernels`Private`n1$21881]]]
                                                                                                                                                                                              -6
NIntegrate::ncvb: NIntegrate failed to converge to prescribed accuracy after 2 recursive bisections in yD near {xD, yD} = {0.0479789, -0.01752}. NIntegrate obtained 0.00037787 and 5.65896 10   for the integral and error estimates.
StringForm[From `1`:, Parallel`Kernels`kernel[Parallel`Kernels`Private`bk[SubKernels`LocalKernels`localKernel[SubKernels`LocalKernels`Private`lk[LinkObject[/usr/local/Wolfram/Mathematica/12.0/Executables/wolfram -subkernel -noinit -nopaclet -wstp, 207, 4], {/usr/local/Wolfram/Mathematica/12.0/Executables/wolfram -subkernel -noinit -nopaclet -wstp}, SubKernels`LocalKernels`Private`speed$21867, SubKernels`LocalKernels`Private`preemptive$21867]], Parallel`Kernels`Private`id$21883, Parallel`Kernels`Private`name$21883], Parallel`Kernels`Private`ek[Parallel`Kernels`Private`nev$21884, Parallel`Kernels`Private`pb$21884, Parallel`Kernels`Private`rd$21884], Parallel`Kernels`Private`sk[Parallel`Kernels`Private`q$21885, Parallel`Kernels`Private`n0$21885, Parallel`Kernels`Private`n1$21885]]]
NIntegrate::ncvb: NIntegrate failed to converge to prescribed accuracy after 2 recursive bisections in yD near {xD, yD} = {0.0497077, -0.01752}. NIntegrate obtained 0.000117565 and 0.0000787594 for the integral and error estimates.
StringForm[From `1`:, Parallel`Kernels`kernel[Parallel`Kernels`Private`bk[SubKernels`LocalKernels`localKernel[SubKernels`LocalKernels`Private`lk[LinkObject[/usr/local/Wolfram/Mathematica/12.0/Executables/wolfram -subkernel -noinit -nopaclet -wstp, 204, 1], {/usr/local/Wolfram/Mathematica/12.0/Executables/wolfram -subkernel -noinit -nopaclet -wstp}, SubKernels`LocalKernels`Private`speed$21864, SubKernels`LocalKernels`Private`preemptive$21864]], Parallel`Kernels`Private`id$21871, Parallel`Kernels`Private`name$21871], Parallel`Kernels`Private`ek[Parallel`Kernels`Private`nev$21872, Parallel`Kernels`Private`pb$21872, Parallel`Kernels`Private`rd$21872], Parallel`Kernels`Private`sk[Parallel`Kernels`Private`q$21873, Parallel`Kernels`Private`n0$21873, Parallel`Kernels`Private`n1$21873]]]
NIntegrate::ncvb: NIntegrate failed to converge to prescribed accuracy after 2 recursive bisections in yD near {xD, yD} = {0.0478327, 0.022255}. NIntegrate obtained 0.00575363 and 0.0000446128 for the integral and error estimates.
StringForm[From `1`:, Parallel`Kernels`kernel[Parallel`Kernels`Private`bk[SubKernels`LocalKernels`localKernel[SubKernels`LocalKernels`Private`lk[LinkObject[/usr/local/Wolfram/Mathematica/12.0/Executables/wolfram -subkernel -noinit -nopaclet -wstp, 205, 2], {/usr/local/Wolfram/Mathematica/12.0/Executables/wolfram -subkernel -noinit -nopaclet -wstp}, SubKernels`LocalKernels`Private`speed$21865, SubKernels`LocalKernels`Private`preemptive$21865]], Parallel`Kernels`Private`id$21875, Parallel`Kernels`Private`name$21875], Parallel`Kernels`Private`ek[Parallel`Kernels`Private`nev$21876, Parallel`Kernels`Private`pb$21876, Parallel`Kernels`Private`rd$21876], Parallel`Kernels`Private`sk[Parallel`Kernels`Private`q$21877, Parallel`Kernels`Private`n0$21877, Parallel`Kernels`Private`n1$21877]]]
NIntegrate::ncvb: NIntegrate failed to converge to prescribed accuracy after 2 recursive bisections in yD near {xD, yD} = {0.0478327, -0.014338}. NIntegrate obtained 0.0195034 and 0.0000705894 for the integral and error estimates.
StringForm[From `1`:, Parallel`Kernels`kernel[Parallel`Kernels`Private`bk[SubKernels`LocalKernels`localKernel[SubKernels`LocalKernels`Private`lk[LinkObject[/usr/local/Wolfram/Mathematica/12.0/Executables/wolfram -subkernel -noinit -nopaclet -wstp, 205, 2], {/usr/local/Wolfram/Mathematica/12.0/Executables/wolfram -subkernel -noinit -nopaclet -wstp}, SubKernels`LocalKernels`Private`speed$21865, SubKernels`LocalKernels`Private`preemptive$21865]], Parallel`Kernels`Private`id$21875, Parallel`Kernels`Private`name$21875], Parallel`Kernels`Private`ek[Parallel`Kernels`Private`nev$21876, Parallel`Kernels`Private`pb$21876, Parallel`Kernels`Private`rd$21876], Parallel`Kernels`Private`sk[Parallel`Kernels`Private`q$21877, Parallel`Kernels`Private`n0$21877, Parallel`Kernels`Private`n1$21877]]]
                                                                                                                                                                               -6               -6
NIntegrate::ncvb: NIntegrate failed to converge to prescribed accuracy after 2 recursive bisections in yD near {xD, yD} = {0.0515827, -0.01752}. NIntegrate obtained 3.54651 10   and 2.54382 10   for the integral and error estimates.
StringForm[From `1`:, Parallel`Kernels`kernel[Parallel`Kernels`Private`bk[SubKernels`LocalKernels`localKernel[SubKernels`LocalKernels`Private`lk[LinkObject[/usr/local/Wolfram/Mathematica/12.0/Executables/wolfram -subkernel -noinit -nopaclet -wstp, 207, 4], {/usr/local/Wolfram/Mathematica/12.0/Executables/wolfram -subkernel -noinit -nopaclet -wstp}, SubKernels`LocalKernels`Private`speed$21867, SubKernels`LocalKernels`Private`preemptive$21867]], Parallel`Kernels`Private`id$21883, Parallel`Kernels`Private`name$21883], Parallel`Kernels`Private`ek[Parallel`Kernels`Private`nev$21884, Parallel`Kernels`Private`pb$21884, Parallel`Kernels`Private`rd$21884], Parallel`Kernels`Private`sk[Parallel`Kernels`Private`q$21885, Parallel`Kernels`Private`n0$21885, Parallel`Kernels`Private`n1$21885]]]
NIntegrate::ncvb: NIntegrate failed to converge to prescribed accuracy after 2 recursive bisections in yD near {xD, yD} = {0.0497077, 0.025437}. NIntegrate obtained 0.00221161 and 0.0000826631 for the integral and error estimates.
a = -1060e-4
Time consumption: 6.7254561375
MaxMemUse :144.37860870361328 MB
Configured Kernels: {SubKernels`LocalKernels`LocalMachine[4, SubKernels`LocalKernels`LowerPriority -> True]}
Processor Count: 4
Modules loaded ...
4 Kernels launched ...
Run started at Sat 20 Nov 2021 00:06:10, Bins: {179, 264}
StringForm[From `1`:, Parallel`Kernels`kernel[Parallel`Kernels`Private`bk[SubKernels`LocalKernels`localKernel[SubKernels`LocalKernels`Private`lk[LinkObject[/usr/local/Wolfram/Mathematica/12.0/Executables/wolfram -subkernel -noinit -nopaclet -wstp, 204, 1], {/usr/local/Wolfram/Mathematica/12.0/Executables/wolfram -subkernel -noinit -nopaclet -wstp}, SubKernels`LocalKernels`Private`speed$21391, SubKernels`LocalKernels`Private`preemptive$21391]], Parallel`Kernels`Private`id$21398, Parallel`Kernels`Private`name$21398], Parallel`Kernels`Private`ek[Parallel`Kernels`Private`nev$21399, Parallel`Kernels`Private`pb$21399, Parallel`Kernels`Private`rd$21399], Parallel`Kernels`Private`sk[Parallel`Kernels`Private`q$21400, Parallel`Kernels`Private`n0$21400, Parallel`Kernels`Private`n1$21400]]]
                                                                                                                                                                                              -6
NIntegrate::ncvb: NIntegrate failed to converge to prescribed accuracy after 2 recursive bisections in xD near {xD, yD} = {0.0503957, 0.02678}. NIntegrate obtained 0.000543586 and 2.97511 10   for the integral and error estimates.
a = -1060e-4
Time consumption: 2.0975436941666668
MaxMemUse :144.37674713134766 MB
