Configured Kernels: {SubKernels`LocalKernels`LocalMachine[4, SubKernels`LocalKernels`LowerPriority -> True]}
Processor Count: 4

Set::wrsym: Symbol pmax is Protected.
Modules loaded ...
3 Kernels launched ...
Run started at Tue 8 Sep 2020 17:23:35, Bins: {1, 110}
b = 0e-4
Time consumption: 11.248964983611112
MaxMemUse :142.6571044921875 MB
Configured Kernels: {SubKernels`LocalKernels`LocalMachine[4, SubKernels`LocalKernels`LowerPriority -> True]}
Processor Count: 4

Set::wrsym: Symbol pmax is Protected.
Modules loaded ...
3 Kernels launched ...
Run started at Wed 9 Sep 2020 04:38:34, Bins: {111, 128}
StringForm[From `1`:, Parallel`Kernels`kernel[Parallel`Kernels`Private`bk[SubKernels`LocalKernels`localKernel[SubKernels`LocalKernels`Private`lk[LinkObject[/usr/local/Wolfram/Mathematica/12.0/Executables/wolfram -subkernel -noinit -nopaclet -wstp, 219, 2], {/usr/local/Wolfram/Mathematica/12.0/Executables/wolfram -subkernel -noinit -nopaclet -wstp}, SubKernels`LocalKernels`Private`speed$58065, SubKernels`LocalKernels`Private`preemptive$58065]], Parallel`Kernels`Private`id$58071, Parallel`Kernels`Private`name$58071], Parallel`Kernels`Private`ek[Parallel`Kernels`Private`nev$58072, Parallel`Kernels`Private`pb$58072, Parallel`Kernels`Private`rd$58072], Parallel`Kernels`Private`sk[Parallel`Kernels`Private`q$58073, Parallel`Kernels`Private`n0$58073, Parallel`Kernels`Private`n1$58073]]]
NIntegrate::ncvb: NIntegrate failed to converge to prescribed accuracy after 2 recursive bisections in yD near {xD, yD} = {-0.0107794, 0.0421083}. NIntegrate obtained 0.116582 and 0.00918307 for the integral and error estimates.
StringForm[From `1`:, Parallel`Kernels`kernel[Parallel`Kernels`Private`bk[SubKernels`LocalKernels`localKernel[SubKernels`LocalKernels`Private`lk[LinkObject[/usr/local/Wolfram/Mathematica/12.0/Executables/wolfram -subkernel -noinit -nopaclet -wstp, 221, 4], {/usr/local/Wolfram/Mathematica/12.0/Executables/wolfram -subkernel -noinit -nopaclet -wstp}, SubKernels`LocalKernels`Private`speed$58067, SubKernels`LocalKernels`Private`preemptive$58067]], Parallel`Kernels`Private`id$58079, Parallel`Kernels`Private`name$58079], Parallel`Kernels`Private`ek[Parallel`Kernels`Private`nev$58080, Parallel`Kernels`Private`pb$58080, Parallel`Kernels`Private`rd$58080], Parallel`Kernels`Private`sk[Parallel`Kernels`Private`q$58081, Parallel`Kernels`Private`n0$58081, Parallel`Kernels`Private`n1$58081]]]
NIntegrate::ncvb: NIntegrate failed to converge to prescribed accuracy after 2 recursive bisections in yD near {xD, yD} = {-0.0153897, -0.00788969}. NIntegrate obtained 1.00657 and 0.00169689 for the integral and error estimates.
StringForm[From `1`:, Parallel`Kernels`kernel[Parallel`Kernels`Private`bk[SubKernels`LocalKernels`localKernel[SubKernels`LocalKernels`Private`lk[LinkObject[/usr/local/Wolfram/Mathematica/12.0/Executables/wolfram -subkernel -noinit -nopaclet -wstp, 219, 2], {/usr/local/Wolfram/Mathematica/12.0/Executables/wolfram -subkernel -noinit -nopaclet -wstp}, SubKernels`LocalKernels`Private`speed$58065, SubKernels`LocalKernels`Private`preemptive$58065]], Parallel`Kernels`Private`id$58071, Parallel`Kernels`Private`name$58071], Parallel`Kernels`Private`ek[Parallel`Kernels`Private`nev$58072, Parallel`Kernels`Private`pb$58072, Parallel`Kernels`Private`rd$58072], Parallel`Kernels`Private`sk[Parallel`Kernels`Private`q$58073, Parallel`Kernels`Private`n0$58073, Parallel`Kernels`Private`n1$58073]]]
NIntegrate::ncvb: NIntegrate failed to converge to prescribed accuracy after 2 recursive bisections in yD near {xD, yD} = {-0.0128897, 0.0271083}. NIntegrate obtained 0.96661 and 0.00224754 for the integral and error estimates.
b = 0e-4
Time consumption: 13.985245205555556
MaxMemUse :145.95907592773438 MB
Configured Kernels: {SubKernels`LocalKernels`LocalMachine[4, SubKernels`LocalKernels`LowerPriority -> True]}
Processor Count: 4

Set::wrsym: Symbol pmax is Protected.
Modules loaded ...
3 Kernels launched ...
Run started at Wed 9 Sep 2020 18:37:41, Bins: {129, 144}
StringForm[From `1`:, Parallel`Kernels`kernel[Parallel`Kernels`Private`bk[SubKernels`LocalKernels`localKernel[SubKernels`LocalKernels`Private`lk[LinkObject[/usr/local/Wolfram/Mathematica/12.0/Executables/wolfram -subkernel -noinit -nopaclet -wstp, 198, 3], {/usr/local/Wolfram/Mathematica/12.0/Executables/wolfram -subkernel -noinit -nopaclet -wstp}, SubKernels`LocalKernels`Private`speed$57334, SubKernels`LocalKernels`Private`preemptive$57334]], Parallel`Kernels`Private`id$57346, Parallel`Kernels`Private`name$57346], Parallel`Kernels`Private`ek[Parallel`Kernels`Private`nev$57347, Parallel`Kernels`Private`pb$57347, Parallel`Kernels`Private`rd$57347], Parallel`Kernels`Private`sk[Parallel`Kernels`Private`q$57348, Parallel`Kernels`Private`n0$57348, Parallel`Kernels`Private`n1$57348]]]
NIntegrate::ncvb: NIntegrate failed to converge to prescribed accuracy after 2 recursive bisections in yD near {xD, yD} = {-0.0107794, -0.0178897}. NIntegrate obtained 0.250301 and 0.00122751 for the integral and error estimates.
StringForm[From `1`:, Parallel`Kernels`kernel[Parallel`Kernels`Private`bk[SubKernels`LocalKernels`localKernel[SubKernels`LocalKernels`Private`lk[LinkObject[/usr/local/Wolfram/Mathematica/12.0/Executables/wolfram -subkernel -noinit -nopaclet -wstp, 197, 2], {/usr/local/Wolfram/Mathematica/12.0/Executables/wolfram -subkernel -noinit -nopaclet -wstp}, SubKernels`LocalKernels`Private`speed$57333, SubKernels`LocalKernels`Private`preemptive$57333]], Parallel`Kernels`Private`id$57342, Parallel`Kernels`Private`name$57342], Parallel`Kernels`Private`ek[Parallel`Kernels`Private`nev$57343, Parallel`Kernels`Private`pb$57343, Parallel`Kernels`Private`rd$57343], Parallel`Kernels`Private`sk[Parallel`Kernels`Private`q$57344, Parallel`Kernels`Private`n0$57344, Parallel`Kernels`Private`n1$57344]]]
NIntegrate::ncvb: NIntegrate failed to converge to prescribed accuracy after 2 recursive bisections in yD near {xD, yD} = {-0.00577938, 0.0271083}. NIntegrate obtained 1.0991 and 0.00374232 for the integral and error estimates.
StringForm[From `1`:, Parallel`Kernels`kernel[Parallel`Kernels`Private`bk[SubKernels`LocalKernels`localKernel[SubKernels`LocalKernels`Private`lk[LinkObject[/usr/local/Wolfram/Mathematica/12.0/Executables/wolfram -subkernel -noinit -nopaclet -wstp, 198, 3], {/usr/local/Wolfram/Mathematica/12.0/Executables/wolfram -subkernel -noinit -nopaclet -wstp}, SubKernels`LocalKernels`Private`speed$57334, SubKernels`LocalKernels`Private`preemptive$57334]], Parallel`Kernels`Private`id$57346, Parallel`Kernels`Private`name$57346], Parallel`Kernels`Private`ek[Parallel`Kernels`Private`nev$57347, Parallel`Kernels`Private`pb$57347, Parallel`Kernels`Private`rd$57347], Parallel`Kernels`Private`sk[Parallel`Kernels`Private`q$57348, Parallel`Kernels`Private`n0$57348, Parallel`Kernels`Private`n1$57348]]]
NIntegrate::ncvb: NIntegrate failed to converge to prescribed accuracy after 2 recursive bisections in yD near {xD, yD} = {-0.00577938, -0.0228897}. NIntegrate obtained 0.257537 and 0.00305553 for the integral and error estimates.
StringForm[From `1`:, Parallel`Kernels`kernel[Parallel`Kernels`Private`bk[SubKernels`LocalKernels`localKernel[SubKernels`LocalKernels`Private`lk[LinkObject[/usr/local/Wolfram/Mathematica/12.0/Executables/wolfram -subkernel -noinit -nopaclet -wstp, 197, 2], {/usr/local/Wolfram/Mathematica/12.0/Executables/wolfram -subkernel -noinit -nopaclet -wstp}, SubKernels`LocalKernels`Private`speed$57333, SubKernels`LocalKernels`Private`preemptive$57333]], Parallel`Kernels`Private`id$57342, Parallel`Kernels`Private`name$57342], Parallel`Kernels`Private`ek[Parallel`Kernels`Private`nev$57343, Parallel`Kernels`Private`pb$57343, Parallel`Kernels`Private`rd$57343], Parallel`Kernels`Private`sk[Parallel`Kernels`Private`q$57344, Parallel`Kernels`Private`n0$57344, Parallel`Kernels`Private`n1$57344]]]
NIntegrate::ncvb: NIntegrate failed to converge to prescribed accuracy after 2 recursive bisections in yD near {xD, yD} = {-0.00577938, -0.0128897}. NIntegrate obtained 1.73243 and 0.00290105 for the integral and error estimates.
b = 0e-4
Time consumption: 6.328413150555556
MaxMemUse :142.90787506103516 MB
Configured Kernels: {SubKernels`LocalKernels`LocalMachine[4, SubKernels`LocalKernels`LowerPriority -> True]}
Processor Count: 4

Set::wrsym: Symbol pmax is Protected.
Modules loaded ...
3 Kernels launched ...
Run started at Thu 10 Sep 2020 00:57:25, Bins: {145, 170}
StringForm[From `1`:, Parallel`Kernels`kernel[Parallel`Kernels`Private`bk[SubKernels`LocalKernels`localKernel[SubKernels`LocalKernels`Private`lk[LinkObject[/usr/local/Wolfram/Mathematica/12.0/Executables/wolfram -subkernel -noinit -nopaclet -wstp, 198, 3], {/usr/local/Wolfram/Mathematica/12.0/Executables/wolfram -subkernel -noinit -nopaclet -wstp}, SubKernels`LocalKernels`Private`speed$56880, SubKernels`LocalKernels`Private`preemptive$56880]], Parallel`Kernels`Private`id$56892, Parallel`Kernels`Private`name$56892], Parallel`Kernels`Private`ek[Parallel`Kernels`Private`nev$56893, Parallel`Kernels`Private`pb$56893, Parallel`Kernels`Private`rd$56893], Parallel`Kernels`Private`sk[Parallel`Kernels`Private`q$56894, Parallel`Kernels`Private`n0$56894, Parallel`Kernels`Private`n1$56894]]]
NIntegrate::ncvb: NIntegrate failed to converge to prescribed accuracy after 2 recursive bisections in yD near {xD, yD} = {-0.000779382, 0.0396083}. NIntegrate obtained 0.0600896 and 0.00443879 for the integral and error estimates.
StringForm[From `1`:, Parallel`Kernels`kernel[Parallel`Kernels`Private`bk[SubKernels`LocalKernels`localKernel[SubKernels`LocalKernels`Private`lk[LinkObject[/usr/local/Wolfram/Mathematica/12.0/Executables/wolfram -subkernel -noinit -nopaclet -wstp, 197, 2], {/usr/local/Wolfram/Mathematica/12.0/Executables/wolfram -subkernel -noinit -nopaclet -wstp}, SubKernels`LocalKernels`Private`speed$56879, SubKernels`LocalKernels`Private`preemptive$56879]], Parallel`Kernels`Private`id$56888, Parallel`Kernels`Private`name$56888], Parallel`Kernels`Private`ek[Parallel`Kernels`Private`nev$56889, Parallel`Kernels`Private`pb$56889, Parallel`Kernels`Private`rd$56889], Parallel`Kernels`Private`sk[Parallel`Kernels`Private`q$56890, Parallel`Kernels`Private`n0$56890, Parallel`Kernels`Private`n1$56890]]]
NIntegrate::ncvb: NIntegrate failed to converge to prescribed accuracy after 2 recursive bisections in yD near {xD, yD} = {-0.000779382, 0.0271083}. NIntegrate obtained 1.06822 and 0.00550248 for the integral and error estimates.
StringForm[From `1`:, Parallel`Kernels`kernel[Parallel`Kernels`Private`bk[SubKernels`LocalKernels`localKernel[SubKernels`LocalKernels`Private`lk[LinkObject[/usr/local/Wolfram/Mathematica/12.0/Executables/wolfram -subkernel -noinit -nopaclet -wstp, 196, 1], {/usr/local/Wolfram/Mathematica/12.0/Executables/wolfram -subkernel -noinit -nopaclet -wstp}, SubKernels`LocalKernels`Private`speed$56878, SubKernels`LocalKernels`Private`preemptive$56878]], Parallel`Kernels`Private`id$56884, Parallel`Kernels`Private`name$56884], Parallel`Kernels`Private`ek[Parallel`Kernels`Private`nev$56885, Parallel`Kernels`Private`pb$56885, Parallel`Kernels`Private`rd$56885], Parallel`Kernels`Private`sk[Parallel`Kernels`Private`q$56886, Parallel`Kernels`Private`n0$56886, Parallel`Kernels`Private`n1$56886]]]
NIntegrate::ncvb: NIntegrate failed to converge to prescribed accuracy after 2 recursive bisections in yD near {xD, yD} = {-0.000779382, 0.0221083}. NIntegrate obtained 3.24571 and 0.00518438 for the integral and error estimates.
StringForm[From `1`:, Parallel`Kernels`kernel[Parallel`Kernels`Private`bk[SubKernels`LocalKernels`localKernel[SubKernels`LocalKernels`Private`lk[LinkObject[/usr/local/Wolfram/Mathematica/12.0/Executables/wolfram -subkernel -noinit -nopaclet -wstp, 196, 1], {/usr/local/Wolfram/Mathematica/12.0/Executables/wolfram -subkernel -noinit -nopaclet -wstp}, SubKernels`LocalKernels`Private`speed$56878, SubKernels`LocalKernels`Private`preemptive$56878]], Parallel`Kernels`Private`id$56884, Parallel`Kernels`Private`name$56884], Parallel`Kernels`Private`ek[Parallel`Kernels`Private`nev$56885, Parallel`Kernels`Private`pb$56885, Parallel`Kernels`Private`rd$56885], Parallel`Kernels`Private`sk[Parallel`Kernels`Private`q$56886, Parallel`Kernels`Private`n0$56886, Parallel`Kernels`Private`n1$56886]]]
NIntegrate::ncvb: NIntegrate failed to converge to prescribed accuracy after 2 recursive bisections in yD near {xD, yD} = {-0.000779382, -0.0203897}. NIntegrate obtained 0.218601 and 0.00367023 for the integral and error estimates.
StringForm[From `1`:, Parallel`Kernels`kernel[Parallel`Kernels`Private`bk[SubKernels`LocalKernels`localKernel[SubKernels`LocalKernels`Private`lk[LinkObject[/usr/local/Wolfram/Mathematica/12.0/Executables/wolfram -subkernel -noinit -nopaclet -wstp, 196, 1], {/usr/local/Wolfram/Mathematica/12.0/Executables/wolfram -subkernel -noinit -nopaclet -wstp}, SubKernels`LocalKernels`Private`speed$56878, SubKernels`LocalKernels`Private`preemptive$56878]], Parallel`Kernels`Private`id$56884, Parallel`Kernels`Private`name$56884], Parallel`Kernels`Private`ek[Parallel`Kernels`Private`nev$56885, Parallel`Kernels`Private`pb$56885, Parallel`Kernels`Private`rd$56885], Parallel`Kernels`Private`sk[Parallel`Kernels`Private`q$56886, Parallel`Kernels`Private`n0$56886, Parallel`Kernels`Private`n1$56886]]]
NIntegrate::ncvb: NIntegrate failed to converge to prescribed accuracy after 2 recursive bisections in yD near {xD, yD} = {0.00422062, 0.0371083}. NIntegrate obtained 0.0199092 and 0.00483984 for the integral and error estimates.
StringForm[From `1`:, Parallel`Kernels`kernel[Parallel`Kernels`Private`bk[SubKernels`LocalKernels`localKernel[SubKernels`LocalKernels`Private`lk[LinkObject[/usr/local/Wolfram/Mathematica/12.0/Executables/wolfram -subkernel -noinit -nopaclet -wstp, 198, 3], {/usr/local/Wolfram/Mathematica/12.0/Executables/wolfram -subkernel -noinit -nopaclet -wstp}, SubKernels`LocalKernels`Private`speed$56880, SubKernels`LocalKernels`Private`preemptive$56880]], Parallel`Kernels`Private`id$56892, Parallel`Kernels`Private`name$56892], Parallel`Kernels`Private`ek[Parallel`Kernels`Private`nev$56893, Parallel`Kernels`Private`pb$56893, Parallel`Kernels`Private`rd$56893], Parallel`Kernels`Private`sk[Parallel`Kernels`Private`q$56894, Parallel`Kernels`Private`n0$56894, Parallel`Kernels`Private`n1$56894]]]
NIntegrate::ncvb: NIntegrate failed to converge to prescribed accuracy after 2 recursive bisections in yD near {xD, yD} = {0.00422062, 0.0271083}. NIntegrate obtained 0.869414 and 0.00439219 for the integral and error estimates.
StringForm[From `1`:, Parallel`Kernels`kernel[Parallel`Kernels`Private`bk[SubKernels`LocalKernels`localKernel[SubKernels`LocalKernels`Private`lk[LinkObject[/usr/local/Wolfram/Mathematica/12.0/Executables/wolfram -subkernel -noinit -nopaclet -wstp, 197, 2], {/usr/local/Wolfram/Mathematica/12.0/Executables/wolfram -subkernel -noinit -nopaclet -wstp}, SubKernels`LocalKernels`Private`speed$56879, SubKernels`LocalKernels`Private`preemptive$56879]], Parallel`Kernels`Private`id$56888, Parallel`Kernels`Private`name$56888], Parallel`Kernels`Private`ek[Parallel`Kernels`Private`nev$56889, Parallel`Kernels`Private`pb$56889, Parallel`Kernels`Private`rd$56889], Parallel`Kernels`Private`sk[Parallel`Kernels`Private`q$56890, Parallel`Kernels`Private`n0$56890, Parallel`Kernels`Private`n1$56890]]]
NIntegrate::ncvb: NIntegrate failed to converge to prescribed accuracy after 2 recursive bisections in yD near {xD, yD} = {-0.000779382, -0.0103897}. NIntegrate obtained 1.79559 and 0.00407632 for the integral and error estimates.
StringForm[From `1`:, Parallel`Kernels`kernel[Parallel`Kernels`Private`bk[SubKernels`LocalKernels`localKernel[SubKernels`LocalKernels`Private`lk[LinkObject[/usr/local/Wolfram/Mathematica/12.0/Executables/wolfram -subkernel -noinit -nopaclet -wstp, 196, 1], {/usr/local/Wolfram/Mathematica/12.0/Executables/wolfram -subkernel -noinit -nopaclet -wstp}, SubKernels`LocalKernels`Private`speed$56878, SubKernels`LocalKernels`Private`preemptive$56878]], Parallel`Kernels`Private`id$56884, Parallel`Kernels`Private`name$56884], Parallel`Kernels`Private`ek[Parallel`Kernels`Private`nev$56885, Parallel`Kernels`Private`pb$56885, Parallel`Kernels`Private`rd$56885], Parallel`Kernels`Private`sk[Parallel`Kernels`Private`q$56886, Parallel`Kernels`Private`n0$56886, Parallel`Kernels`Private`n1$56886]]]
NIntegrate::ncvb: NIntegrate failed to converge to prescribed accuracy after 2 recursive bisections in yD near {xD, yD} = {0.00422062, -0.0178897}. NIntegrate obtained 0.135467 and 0.00210647 for the integral and error estimates.
StringForm[From `1`:, Parallel`Kernels`kernel[Parallel`Kernels`Private`bk[SubKernels`LocalKernels`localKernel[SubKernels`LocalKernels`Private`lk[LinkObject[/usr/local/Wolfram/Mathematica/12.0/Executables/wolfram -subkernel -noinit -nopaclet -wstp, 198, 3], {/usr/local/Wolfram/Mathematica/12.0/Executables/wolfram -subkernel -noinit -nopaclet -wstp}, SubKernels`LocalKernels`Private`speed$56880, SubKernels`LocalKernels`Private`preemptive$56880]], Parallel`Kernels`Private`id$56892, Parallel`Kernels`Private`name$56892], Parallel`Kernels`Private`ek[Parallel`Kernels`Private`nev$56893, Parallel`Kernels`Private`pb$56893, Parallel`Kernels`Private`rd$56893], Parallel`Kernels`Private`sk[Parallel`Kernels`Private`q$56894, Parallel`Kernels`Private`n0$56894, Parallel`Kernels`Private`n1$56894]]]
NIntegrate::ncvb: NIntegrate failed to converge to prescribed accuracy after 2 recursive bisections in yD near {xD, yD} = {0.00922062, 0.0271083}. NIntegrate obtained 0.57617 and 0.00327096 for the integral and error estimates.
b = 0e-4
Time consumption: 14.718391189444445
MaxMemUse :142.87181854248047 MB
Configured Kernels: {SubKernels`LocalKernels`LocalMachine[4, SubKernels`LocalKernels`LowerPriority -> True]}
Processor Count: 4

Set::wrsym: Symbol pmax is Protected.
Modules loaded ...
3 Kernels launched ...
Run started at Thu 10 Sep 2020 15:40:29, Bins: {171, 253}
StringForm[From `1`:, Parallel`Kernels`kernel[Parallel`Kernels`Private`bk[SubKernels`LocalKernels`localKernel[SubKernels`LocalKernels`Private`lk[LinkObject[/usr/local/Wolfram/Mathematica/12.0/Executables/wolfram -subkernel -noinit -nopaclet -wstp, 196, 1], {/usr/local/Wolfram/Mathematica/12.0/Executables/wolfram -subkernel -noinit -nopaclet -wstp}, SubKernels`LocalKernels`Private`speed$45200, SubKernels`LocalKernels`Private`preemptive$45200]], Parallel`Kernels`Private`id$45206, Parallel`Kernels`Private`name$45206], Parallel`Kernels`Private`ek[Parallel`Kernels`Private`nev$45207, Parallel`Kernels`Private`pb$45207, Parallel`Kernels`Private`rd$45207], Parallel`Kernels`Private`sk[Parallel`Kernels`Private`q$45208, Parallel`Kernels`Private`n0$45208, Parallel`Kernels`Private`n1$45208]]]
NIntegrate::ncvb: NIntegrate failed to converge to prescribed accuracy after 2 recursive bisections in yD near {xD, yD} = {0.00922062, -0.0178897}. NIntegrate obtained 0.0570015 and 0.00230573 for the integral and error estimates.
StringForm[From `1`:, Parallel`Kernels`kernel[Parallel`Kernels`Private`bk[SubKernels`LocalKernels`localKernel[SubKernels`LocalKernels`Private`lk[LinkObject[/usr/local/Wolfram/Mathematica/12.0/Executables/wolfram -subkernel -noinit -nopaclet -wstp, 196, 1], {/usr/local/Wolfram/Mathematica/12.0/Executables/wolfram -subkernel -noinit -nopaclet -wstp}, SubKernels`LocalKernels`Private`speed$45200, SubKernels`LocalKernels`Private`preemptive$45200]], Parallel`Kernels`Private`id$45206, Parallel`Kernels`Private`name$45206], Parallel`Kernels`Private`ek[Parallel`Kernels`Private`nev$45207, Parallel`Kernels`Private`pb$45207, Parallel`Kernels`Private`rd$45207], Parallel`Kernels`Private`sk[Parallel`Kernels`Private`q$45208, Parallel`Kernels`Private`n0$45208, Parallel`Kernels`Private`n1$45208]]]
NIntegrate::ncvb: NIntegrate failed to converge to prescribed accuracy after 2 recursive bisections in yD near {xD, yD} = {0.0142206, 0.0296083}. NIntegrate obtained 0.296975 and 0.00450193 for the integral and error estimates.
StringForm[From `1`:, Parallel`Kernels`kernel[Parallel`Kernels`Private`bk[SubKernels`LocalKernels`localKernel[SubKernels`LocalKernels`Private`lk[LinkObject[/usr/local/Wolfram/Mathematica/12.0/Executables/wolfram -subkernel -noinit -nopaclet -wstp, 198, 3], {/usr/local/Wolfram/Mathematica/12.0/Executables/wolfram -subkernel -noinit -nopaclet -wstp}, SubKernels`LocalKernels`Private`speed$45202, SubKernels`LocalKernels`Private`preemptive$45202]], Parallel`Kernels`Private`id$45214, Parallel`Kernels`Private`name$45214], Parallel`Kernels`Private`ek[Parallel`Kernels`Private`nev$45215, Parallel`Kernels`Private`pb$45215, Parallel`Kernels`Private`rd$45215], Parallel`Kernels`Private`sk[Parallel`Kernels`Private`q$45216, Parallel`Kernels`Private`n0$45216, Parallel`Kernels`Private`n1$45216]]]
NIntegrate::ncvb: NIntegrate failed to converge to prescribed accuracy after 2 recursive bisections in yD near {xD, yD} = {0.00922062, -0.00289011}. NIntegrate obtained 2.3897 and 0.00253463 for the integral and error estimates.
StringForm[From `1`:, Parallel`Kernels`kernel[Parallel`Kernels`Private`bk[SubKernels`LocalKernels`localKernel[SubKernels`LocalKernels`Private`lk[LinkObject[/usr/local/Wolfram/Mathematica/12.0/Executables/wolfram -subkernel -noinit -nopaclet -wstp, 197, 2], {/usr/local/Wolfram/Mathematica/12.0/Executables/wolfram -subkernel -noinit -nopaclet -wstp}, SubKernels`LocalKernels`Private`speed$45201, SubKernels`LocalKernels`Private`preemptive$45201]], Parallel`Kernels`Private`id$45210, Parallel`Kernels`Private`name$45210], Parallel`Kernels`Private`ek[Parallel`Kernels`Private`nev$45211, Parallel`Kernels`Private`pb$45211, Parallel`Kernels`Private`rd$45211], Parallel`Kernels`Private`sk[Parallel`Kernels`Private`q$45212, Parallel`Kernels`Private`n0$45212, Parallel`Kernels`Private`n1$45212]]]
NIntegrate::ncvb: NIntegrate failed to converge to prescribed accuracy after 2 recursive bisections in yD near {xD, yD} = {0.00922062, -0.00788969}. NIntegrate obtained 1.15291 and 0.00378759 for the integral and error estimates.
StringForm[From `1`:, Parallel`Kernels`kernel[Parallel`Kernels`Private`bk[SubKernels`LocalKernels`localKernel[SubKernels`LocalKernels`Private`lk[LinkObject[/usr/local/Wolfram/Mathematica/12.0/Executables/wolfram -subkernel -noinit -nopaclet -wstp, 198, 3], {/usr/local/Wolfram/Mathematica/12.0/Executables/wolfram -subkernel -noinit -nopaclet -wstp}, SubKernels`LocalKernels`Private`speed$45202, SubKernels`LocalKernels`Private`preemptive$45202]], Parallel`Kernels`Private`id$45214, Parallel`Kernels`Private`name$45214], Parallel`Kernels`Private`ek[Parallel`Kernels`Private`nev$45215, Parallel`Kernels`Private`pb$45215, Parallel`Kernels`Private`rd$45215], Parallel`Kernels`Private`sk[Parallel`Kernels`Private`q$45216, Parallel`Kernels`Private`n0$45216, Parallel`Kernels`Private`n1$45216]]]
NIntegrate::ncvb: NIntegrate failed to converge to prescribed accuracy after 2 recursive bisections in yD near {xD, yD} = {0.0142206, -0.00538969}. NIntegrate obtained 0.66938 and 0.00139099 for the integral and error estimates.
b = 0e-4
Time consumption: 11.132646248055554
MaxMemUse :142.61981201171875 MB
