Configured Kernels: {SubKernels`LocalKernels`LocalMachine[6, SubKernels`LocalKernels`LowerPriority -> True]}
Processor Count: 6
Modules loaded ...
Updating from Wolfram Research server ...
4 Kernels launched ...
Run started at Fri 3 Dec 2021 10:55:22, Bins: {1, 49}
StringForm[From `1`:, Parallel`Kernels`kernel[Parallel`Kernels`Private`bk[SubKernels`LocalKernels`localKernel[SubKernels`LocalKernels`Private`lk[LinkObject[/usr/local/Wolfram/Mathematica/12.0/Executables/wolfram -subkernel -noinit -nopaclet -wstp, 238, 3], {/usr/local/Wolfram/Mathematica/12.0/Executables/wolfram -subkernel -noinit -nopaclet -wstp}, SubKernels`LocalKernels`Private`speed$55299, SubKernels`LocalKernels`Private`preemptive$55299]], Parallel`Kernels`Private`id$55309, Parallel`Kernels`Private`name$55309], Parallel`Kernels`Private`ek[Parallel`Kernels`Private`nev$55310, Parallel`Kernels`Private`pb$55310, Parallel`Kernels`Private`rd$55310], Parallel`Kernels`Private`sk[Parallel`Kernels`Private`q$55311, Parallel`Kernels`Private`n0$55311, Parallel`Kernels`Private`n1$55311]]]
                                                                                                                                                                                                -6
NIntegrate::ncvb: NIntegrate failed to converge to prescribed accuracy after 2 recursive bisections in yD near {xD, yD} = {0.0272077, 0.022255}. NIntegrate obtained 0.0000106186 and 2.67784 10   for the integral and error estimates.
StringForm[From `1`:, Parallel`Kernels`kernel[Parallel`Kernels`Private`bk[SubKernels`LocalKernels`localKernel[SubKernels`LocalKernels`Private`lk[LinkObject[/usr/local/Wolfram/Mathematica/12.0/Executables/wolfram -subkernel -noinit -nopaclet -wstp, 237, 2], {/usr/local/Wolfram/Mathematica/12.0/Executables/wolfram -subkernel -noinit -nopaclet -wstp}, SubKernels`LocalKernels`Private`speed$55298, SubKernels`LocalKernels`Private`preemptive$55298]], Parallel`Kernels`Private`id$55305, Parallel`Kernels`Private`name$55305], Parallel`Kernels`Private`ek[Parallel`Kernels`Private`nev$55306, Parallel`Kernels`Private`pb$55306, Parallel`Kernels`Private`rd$55306], Parallel`Kernels`Private`sk[Parallel`Kernels`Private`q$55307, Parallel`Kernels`Private`n0$55307, Parallel`Kernels`Private`n1$55307]]]
                                                                                                                                                                                                -6
NIntegrate::ncvb: NIntegrate failed to converge to prescribed accuracy after 2 recursive bisections in yD near {xD, yD} = {0.0272077, -0.014338}. NIntegrate obtained 0.000114382 and 1.36984 10   for the integral and error estimates.
StringForm[From `1`:, Parallel`Kernels`kernel[Parallel`Kernels`Private`bk[SubKernels`LocalKernels`localKernel[SubKernels`LocalKernels`Private`lk[LinkObject[/usr/local/Wolfram/Mathematica/12.0/Executables/wolfram -subkernel -noinit -nopaclet -wstp, 240, 5], {/usr/local/Wolfram/Mathematica/12.0/Executables/wolfram -subkernel -noinit -nopaclet -wstp}, SubKernels`LocalKernels`Private`speed$55301, SubKernels`LocalKernels`Private`preemptive$55301]], Parallel`Kernels`Private`id$55317, Parallel`Kernels`Private`name$55317], Parallel`Kernels`Private`ek[Parallel`Kernels`Private`nev$55318, Parallel`Kernels`Private`pb$55318, Parallel`Kernels`Private`rd$55318], Parallel`Kernels`Private`sk[Parallel`Kernels`Private`q$55319, Parallel`Kernels`Private`n0$55319, Parallel`Kernels`Private`n1$55319]]]
NIntegrate::ncvb: NIntegrate failed to converge to prescribed accuracy after 2 recursive bisections in yD near {xD, yD} = {0.0290827, -0.014338}. NIntegrate obtained 0.00208095 and 0.0000305974 for the integral and error estimates.
a = -1040e-4
Time consumption: 1.2943576994444446
MaxMemUse :149.52997589111328 MB
Configured Kernels: {SubKernels`LocalKernels`LocalMachine[6, SubKernels`LocalKernels`LowerPriority -> True]}
Processor Count: 6
Modules loaded ...
4 Kernels launched ...
Run started at Fri 3 Dec 2021 12:13:01, Bins: {50, 98}
StringForm[From `1`:, Parallel`Kernels`kernel[Parallel`Kernels`Private`bk[SubKernels`LocalKernels`localKernel[SubKernels`LocalKernels`Private`lk[LinkObject[/usr/local/Wolfram/Mathematica/12.0/Executables/wolfram -subkernel -noinit -nopaclet -wstp, 214, 1], {/usr/local/Wolfram/Mathematica/12.0/Executables/wolfram -subkernel -noinit -nopaclet -wstp}, SubKernels`LocalKernels`Private`speed$55116, SubKernels`LocalKernels`Private`preemptive$55116]], Parallel`Kernels`Private`id$55123, Parallel`Kernels`Private`name$55123], Parallel`Kernels`Private`ek[Parallel`Kernels`Private`nev$55124, Parallel`Kernels`Private`pb$55124, Parallel`Kernels`Private`rd$55124], Parallel`Kernels`Private`sk[Parallel`Kernels`Private`q$55125, Parallel`Kernels`Private`n0$55125, Parallel`Kernels`Private`n1$55125]]]
NIntegrate::ncvb: NIntegrate failed to converge to prescribed accuracy after 2 recursive bisections in yD near {xD, yD} = {0.0290827, 0.022255}. NIntegrate obtained 0.000206995 and 0.0000136645 for the integral and error estimates.
StringForm[From `1`:, Parallel`Kernels`kernel[Parallel`Kernels`Private`bk[SubKernels`LocalKernels`localKernel[SubKernels`LocalKernels`Private`lk[LinkObject[/usr/local/Wolfram/Mathematica/12.0/Executables/wolfram -subkernel -noinit -nopaclet -wstp, 215, 2], {/usr/local/Wolfram/Mathematica/12.0/Executables/wolfram -subkernel -noinit -nopaclet -wstp}, SubKernels`LocalKernels`Private`speed$55117, SubKernels`LocalKernels`Private`preemptive$55117]], Parallel`Kernels`Private`id$55127, Parallel`Kernels`Private`name$55127], Parallel`Kernels`Private`ek[Parallel`Kernels`Private`nev$55128, Parallel`Kernels`Private`pb$55128, Parallel`Kernels`Private`rd$55128], Parallel`Kernels`Private`sk[Parallel`Kernels`Private`q$55129, Parallel`Kernels`Private`n0$55129, Parallel`Kernels`Private`n1$55129]]]
                                                                                                                                                                               -6               -6
NIntegrate::ncvb: NIntegrate failed to converge to prescribed accuracy after 2 recursive bisections in yD near {xD, yD} = {0.0328327, -0.01752}. NIntegrate obtained 7.85995 10   and 1.85279 10   for the integral and error estimates.
StringForm[From `1`:, Parallel`Kernels`kernel[Parallel`Kernels`Private`bk[SubKernels`LocalKernels`localKernel[SubKernels`LocalKernels`Private`lk[LinkObject[/usr/local/Wolfram/Mathematica/12.0/Executables/wolfram -subkernel -noinit -nopaclet -wstp, 216, 3], {/usr/local/Wolfram/Mathematica/12.0/Executables/wolfram -subkernel -noinit -nopaclet -wstp}, SubKernels`LocalKernels`Private`speed$55118, SubKernels`LocalKernels`Private`preemptive$55118]], Parallel`Kernels`Private`id$55131, Parallel`Kernels`Private`name$55131], Parallel`Kernels`Private`ek[Parallel`Kernels`Private`nev$55132, Parallel`Kernels`Private`pb$55132, Parallel`Kernels`Private`rd$55132], Parallel`Kernels`Private`sk[Parallel`Kernels`Private`q$55133, Parallel`Kernels`Private`n0$55133, Parallel`Kernels`Private`n1$55133]]]
NIntegrate::ncvb: NIntegrate failed to converge to prescribed accuracy after 2 recursive bisections in yD near {xD, yD} = {0.0309577, -0.014338}. NIntegrate obtained 0.00928521 and 0.000109233 for the integral and error estimates.
StringForm[From `1`:, Parallel`Kernels`kernel[Parallel`Kernels`Private`bk[SubKernels`LocalKernels`localKernel[SubKernels`LocalKernels`Private`lk[LinkObject[/usr/local/Wolfram/Mathematica/12.0/Executables/wolfram -subkernel -noinit -nopaclet -wstp, 217, 4], {/usr/local/Wolfram/Mathematica/12.0/Executables/wolfram -subkernel -noinit -nopaclet -wstp}, SubKernels`LocalKernels`Private`speed$55119, SubKernels`LocalKernels`Private`preemptive$55119]], Parallel`Kernels`Private`id$55135, Parallel`Kernels`Private`name$55135], Parallel`Kernels`Private`ek[Parallel`Kernels`Private`nev$55136, Parallel`Kernels`Private`pb$55136, Parallel`Kernels`Private`rd$55136], Parallel`Kernels`Private`sk[Parallel`Kernels`Private`q$55137, Parallel`Kernels`Private`n0$55137, Parallel`Kernels`Private`n1$55137]]]
NIntegrate::ncvb: NIntegrate failed to converge to prescribed accuracy after 2 recursive bisections in yD near {xD, yD} = {0.0309577, 0.022255}. NIntegrate obtained 0.00105336 and 0.0000482273 for the integral and error estimates.
StringForm[From `1`:, Parallel`Kernels`kernel[Parallel`Kernels`Private`bk[SubKernels`LocalKernels`localKernel[SubKernels`LocalKernels`Private`lk[LinkObject[/usr/local/Wolfram/Mathematica/12.0/Executables/wolfram -subkernel -noinit -nopaclet -wstp, 216, 3], {/usr/local/Wolfram/Mathematica/12.0/Executables/wolfram -subkernel -noinit -nopaclet -wstp}, SubKernels`LocalKernels`Private`speed$55118, SubKernels`LocalKernels`Private`preemptive$55118]], Parallel`Kernels`Private`id$55131, Parallel`Kernels`Private`name$55131], Parallel`Kernels`Private`ek[Parallel`Kernels`Private`nev$55132, Parallel`Kernels`Private`pb$55132, Parallel`Kernels`Private`rd$55132], Parallel`Kernels`Private`sk[Parallel`Kernels`Private`q$55133, Parallel`Kernels`Private`n0$55133, Parallel`Kernels`Private`n1$55133]]]
                                                                                                                                                                                                -6
NIntegrate::ncvb: NIntegrate failed to converge to prescribed accuracy after 2 recursive bisections in yD near {xD, yD} = {0.0347077, -0.01752}. NIntegrate obtained 0.0000996474 and 8.09359 10   for the integral and error estimates.
StringForm[From `1`:, Parallel`Kernels`kernel[Parallel`Kernels`Private`bk[SubKernels`LocalKernels`localKernel[SubKernels`LocalKernels`Private`lk[LinkObject[/usr/local/Wolfram/Mathematica/12.0/Executables/wolfram -subkernel -noinit -nopaclet -wstp, 215, 2], {/usr/local/Wolfram/Mathematica/12.0/Executables/wolfram -subkernel -noinit -nopaclet -wstp}, SubKernels`LocalKernels`Private`speed$55117, SubKernels`LocalKernels`Private`preemptive$55117]], Parallel`Kernels`Private`id$55127, Parallel`Kernels`Private`name$55127], Parallel`Kernels`Private`ek[Parallel`Kernels`Private`nev$55128, Parallel`Kernels`Private`pb$55128, Parallel`Kernels`Private`rd$55128], Parallel`Kernels`Private`sk[Parallel`Kernels`Private`q$55129, Parallel`Kernels`Private`n0$55129, Parallel`Kernels`Private`n1$55129]]]
NIntegrate::ncvb: NIntegrate failed to converge to prescribed accuracy after 2 recursive bisections in yD near {xD, yD} = {0.0328327, -0.014338}. NIntegrate obtained 0.024164 and 0.000189672 for the integral and error estimates.
StringForm[From `1`:, Parallel`Kernels`kernel[Parallel`Kernels`Private`bk[SubKernels`LocalKernels`localKernel[SubKernels`LocalKernels`Private`lk[LinkObject[/usr/local/Wolfram/Mathematica/12.0/Executables/wolfram -subkernel -noinit -nopaclet -wstp, 214, 1], {/usr/local/Wolfram/Mathematica/12.0/Executables/wolfram -subkernel -noinit -nopaclet -wstp}, SubKernels`LocalKernels`Private`speed$55116, SubKernels`LocalKernels`Private`preemptive$55116]], Parallel`Kernels`Private`id$55123, Parallel`Kernels`Private`name$55123], Parallel`Kernels`Private`ek[Parallel`Kernels`Private`nev$55124, Parallel`Kernels`Private`pb$55124, Parallel`Kernels`Private`rd$55124], Parallel`Kernels`Private`sk[Parallel`Kernels`Private`q$55125, Parallel`Kernels`Private`n0$55125, Parallel`Kernels`Private`n1$55125]]]
NIntegrate::ncvb: NIntegrate failed to converge to prescribed accuracy after 2 recursive bisections in yD near {xD, yD} = {0.0347077, -0.014338}. NIntegrate obtained 0.0460855 and 0.000249211 for the integral and error estimates.
StringForm[From `1`:, Parallel`Kernels`kernel[Parallel`Kernels`Private`bk[SubKernels`LocalKernels`localKernel[SubKernels`LocalKernels`Private`lk[LinkObject[/usr/local/Wolfram/Mathematica/12.0/Executables/wolfram -subkernel -noinit -nopaclet -wstp, 216, 3], {/usr/local/Wolfram/Mathematica/12.0/Executables/wolfram -subkernel -noinit -nopaclet -wstp}, SubKernels`LocalKernels`Private`speed$55118, SubKernels`LocalKernels`Private`preemptive$55118]], Parallel`Kernels`Private`id$55131, Parallel`Kernels`Private`name$55131], Parallel`Kernels`Private`ek[Parallel`Kernels`Private`nev$55132, Parallel`Kernels`Private`pb$55132, Parallel`Kernels`Private`rd$55132], Parallel`Kernels`Private`sk[Parallel`Kernels`Private`q$55133, Parallel`Kernels`Private`n0$55133, Parallel`Kernels`Private`n1$55133]]]
NIntegrate::ncvb: NIntegrate failed to converge to prescribed accuracy after 2 recursive bisections in yD near {xD, yD} = {0.0347077, 0.022255}. NIntegrate obtained 0.00696108 and 0.0000854697 for the integral and error estimates.
StringForm[From `1`:, Parallel`Kernels`kernel[Parallel`Kernels`Private`bk[SubKernels`LocalKernels`localKernel[SubKernels`LocalKernels`Private`lk[LinkObject[/usr/local/Wolfram/Mathematica/12.0/Executables/wolfram -subkernel -noinit -nopaclet -wstp, 217, 4], {/usr/local/Wolfram/Mathematica/12.0/Executables/wolfram -subkernel -noinit -nopaclet -wstp}, SubKernels`LocalKernels`Private`speed$55119, SubKernels`LocalKernels`Private`preemptive$55119]], Parallel`Kernels`Private`id$55135, Parallel`Kernels`Private`name$55135], Parallel`Kernels`Private`ek[Parallel`Kernels`Private`nev$55136, Parallel`Kernels`Private`pb$55136, Parallel`Kernels`Private`rd$55136], Parallel`Kernels`Private`sk[Parallel`Kernels`Private`q$55137, Parallel`Kernels`Private`n0$55137, Parallel`Kernels`Private`n1$55137]]]
NIntegrate::ncvb: NIntegrate failed to converge to prescribed accuracy after 2 recursive bisections in yD near {xD, yD} = {0.0365827, -0.014338}. NIntegrate obtained 0.0694903 and 0.000271334 for the integral and error estimates.
StringForm[From `1`:, Parallel`Kernels`kernel[Parallel`Kernels`Private`bk[SubKernels`LocalKernels`localKernel[SubKernels`LocalKernels`Private`lk[LinkObject[/usr/local/Wolfram/Mathematica/12.0/Executables/wolfram -subkernel -noinit -nopaclet -wstp, 215, 2], {/usr/local/Wolfram/Mathematica/12.0/Executables/wolfram -subkernel -noinit -nopaclet -wstp}, SubKernels`LocalKernels`Private`speed$55117, SubKernels`LocalKernels`Private`preemptive$55117]], Parallel`Kernels`Private`id$55127, Parallel`Kernels`Private`name$55127], Parallel`Kernels`Private`ek[Parallel`Kernels`Private`nev$55128, Parallel`Kernels`Private`pb$55128, Parallel`Kernels`Private`rd$55128], Parallel`Kernels`Private`sk[Parallel`Kernels`Private`q$55129, Parallel`Kernels`Private`n0$55129, Parallel`Kernels`Private`n1$55129]]]
NIntegrate::ncvb: NIntegrate failed to converge to prescribed accuracy after 2 recursive bisections in yD near {xD, yD} = {0.0365827, 0.022255}. NIntegrate obtained 0.011824 and 0.0000480606 for the integral and error estimates.
a = -1040e-4
Time consumption: 6.662021100277777
MaxMemUse :146.35557556152344 MB
Configured Kernels: {SubKernels`LocalKernels`LocalMachine[6, SubKernels`LocalKernels`LowerPriority -> True]}
Processor Count: 6
Modules loaded ...
4 Kernels launched ...
Run started at Fri 3 Dec 2021 18:52:46, Bins: {99, 106}
StringForm[From `1`:, Parallel`Kernels`kernel[Parallel`Kernels`Private`bk[SubKernels`LocalKernels`localKernel[SubKernels`LocalKernels`Private`lk[LinkObject[/usr/local/Wolfram/Mathematica/12.0/Executables/wolfram -subkernel -noinit -nopaclet -wstp, 215, 2], {/usr/local/Wolfram/Mathematica/12.0/Executables/wolfram -subkernel -noinit -nopaclet -wstp}, SubKernels`LocalKernels`Private`speed$55139, SubKernels`LocalKernels`Private`preemptive$55139]], Parallel`Kernels`Private`id$55149, Parallel`Kernels`Private`name$55149], Parallel`Kernels`Private`ek[Parallel`Kernels`Private`nev$55150, Parallel`Kernels`Private`pb$55150, Parallel`Kernels`Private`rd$55150], Parallel`Kernels`Private`sk[Parallel`Kernels`Private`q$55151, Parallel`Kernels`Private`n0$55151, Parallel`Kernels`Private`n1$55151]]]
                                                                                                                                                                                                -6
NIntegrate::ncvb: NIntegrate failed to converge to prescribed accuracy after 2 recursive bisections in yD near {xD, yD} = {0.0384577, -0.019111}. NIntegrate obtained 0.000644741 and 7.59968 10   for the integral and error estimates.
StringForm[From `1`:, Parallel`Kernels`kernel[Parallel`Kernels`Private`bk[SubKernels`LocalKernels`localKernel[SubKernels`LocalKernels`Private`lk[LinkObject[/usr/local/Wolfram/Mathematica/12.0/Executables/wolfram -subkernel -noinit -nopaclet -wstp, 214, 1], {/usr/local/Wolfram/Mathematica/12.0/Executables/wolfram -subkernel -noinit -nopaclet -wstp}, SubKernels`LocalKernels`Private`speed$55138, SubKernels`LocalKernels`Private`preemptive$55138]], Parallel`Kernels`Private`id$55145, Parallel`Kernels`Private`name$55145], Parallel`Kernels`Private`ek[Parallel`Kernels`Private`nev$55146, Parallel`Kernels`Private`pb$55146, Parallel`Kernels`Private`rd$55146], Parallel`Kernels`Private`sk[Parallel`Kernels`Private`q$55147, Parallel`Kernels`Private`n0$55147, Parallel`Kernels`Private`n1$55147]]]
NIntegrate::ncvb: NIntegrate failed to converge to prescribed accuracy after 2 recursive bisections in yD near {xD, yD} = {0.0384577, -0.014338}. NIntegrate obtained 0.0863274 and 0.000242354 for the integral and error estimates.
a = -1040e-4
Time consumption: 1.9717307641666666
MaxMemUse :146.36927795410156 MB
Configured Kernels: {SubKernels`LocalKernels`LocalMachine[6, SubKernels`LocalKernels`LowerPriority -> True]}
Processor Count: 6
Modules loaded ...
4 Kernels launched ...
Run started at Fri 3 Dec 2021 20:51:04, Bins: {107, 122}
StringForm[From `1`:, Parallel`Kernels`kernel[Parallel`Kernels`Private`bk[SubKernels`LocalKernels`localKernel[SubKernels`LocalKernels`Private`lk[LinkObject[/usr/local/Wolfram/Mathematica/12.0/Executables/wolfram -subkernel -noinit -nopaclet -wstp, 215, 2], {/usr/local/Wolfram/Mathematica/12.0/Executables/wolfram -subkernel -noinit -nopaclet -wstp}, SubKernels`LocalKernels`Private`speed$55093, SubKernels`LocalKernels`Private`preemptive$55093]], Parallel`Kernels`Private`id$55103, Parallel`Kernels`Private`name$55103], Parallel`Kernels`Private`ek[Parallel`Kernels`Private`nev$55104, Parallel`Kernels`Private`pb$55104, Parallel`Kernels`Private`rd$55104], Parallel`Kernels`Private`sk[Parallel`Kernels`Private`q$55105, Parallel`Kernels`Private`n0$55105, Parallel`Kernels`Private`n1$55105]]]
                                                                                                                                                                                                -6
NIntegrate::ncvb: NIntegrate failed to converge to prescribed accuracy after 2 recursive bisections in yD near {xD, yD} = {0.0403327, -0.019111}. NIntegrate obtained 0.000819106 and 9.91649 10   for the integral and error estimates.
StringForm[From `1`:, Parallel`Kernels`kernel[Parallel`Kernels`Private`bk[SubKernels`LocalKernels`localKernel[SubKernels`LocalKernels`Private`lk[LinkObject[/usr/local/Wolfram/Mathematica/12.0/Executables/wolfram -subkernel -noinit -nopaclet -wstp, 217, 4], {/usr/local/Wolfram/Mathematica/12.0/Executables/wolfram -subkernel -noinit -nopaclet -wstp}, SubKernels`LocalKernels`Private`speed$55095, SubKernels`LocalKernels`Private`preemptive$55095]], Parallel`Kernels`Private`id$55111, Parallel`Kernels`Private`name$55111], Parallel`Kernels`Private`ek[Parallel`Kernels`Private`nev$55112, Parallel`Kernels`Private`pb$55112, Parallel`Kernels`Private`rd$55112], Parallel`Kernels`Private`sk[Parallel`Kernels`Private`q$55113, Parallel`Kernels`Private`n0$55113, Parallel`Kernels`Private`n1$55113]]]
NIntegrate::ncvb: NIntegrate failed to converge to prescribed accuracy after 2 recursive bisections in yD near {xD, yD} = {0.0403327, 0.022255}. NIntegrate obtained 0.0179133 and 0.000107975 for the integral and error estimates.
StringForm[From `1`:, Parallel`Kernels`kernel[Parallel`Kernels`Private`bk[SubKernels`LocalKernels`localKernel[SubKernels`LocalKernels`Private`lk[LinkObject[/usr/local/Wolfram/Mathematica/12.0/Executables/wolfram -subkernel -noinit -nopaclet -wstp, 216, 3], {/usr/local/Wolfram/Mathematica/12.0/Executables/wolfram -subkernel -noinit -nopaclet -wstp}, SubKernels`LocalKernels`Private`speed$55094, SubKernels`LocalKernels`Private`preemptive$55094]], Parallel`Kernels`Private`id$55107, Parallel`Kernels`Private`name$55107], Parallel`Kernels`Private`ek[Parallel`Kernels`Private`nev$55108, Parallel`Kernels`Private`pb$55108, Parallel`Kernels`Private`rd$55108], Parallel`Kernels`Private`sk[Parallel`Kernels`Private`q$55109, Parallel`Kernels`Private`n0$55109, Parallel`Kernels`Private`n1$55109]]]
NIntegrate::ncvb: NIntegrate failed to converge to prescribed accuracy after 3 recursive bisections in yD near {xD, yD} = {0.0384577, 0.0215835}. NIntegrate obtained 0.0160061 and 0.0000316182 for the integral and error estimates.
a = -1040e-4
Time consumption: 3.4666525738888887
MaxMemUse :146.352294921875 MB
Configured Kernels: {SubKernels`LocalKernels`LocalMachine[6, SubKernels`LocalKernels`LowerPriority -> True]}
Processor Count: 6
Modules loaded ...
4 Kernels launched ...
Run started at Sat 4 Dec 2021 00:19:04, Bins: {123, 138}
StringForm[From `1`:, Parallel`Kernels`kernel[Parallel`Kernels`Private`bk[SubKernels`LocalKernels`localKernel[SubKernels`LocalKernels`Private`lk[LinkObject[/usr/local/Wolfram/Mathematica/12.0/Executables/wolfram -subkernel -noinit -nopaclet -wstp, 217, 4], {/usr/local/Wolfram/Mathematica/12.0/Executables/wolfram -subkernel -noinit -nopaclet -wstp}, SubKernels`LocalKernels`Private`speed$55089, SubKernels`LocalKernels`Private`preemptive$55089]], Parallel`Kernels`Private`id$55105, Parallel`Kernels`Private`name$55105], Parallel`Kernels`Private`ek[Parallel`Kernels`Private`nev$55106, Parallel`Kernels`Private`pb$55106, Parallel`Kernels`Private`rd$55106], Parallel`Kernels`Private`sk[Parallel`Kernels`Private`q$55107, Parallel`Kernels`Private`n0$55107, Parallel`Kernels`Private`n1$55107]]]
                                                                                                                                                                                               -6
NIntegrate::ncvb: NIntegrate failed to converge to prescribed accuracy after 2 recursive bisections in yD near {xD, yD} = {0.0422077, -0.019111}. NIntegrate obtained 0.00087332 and 8.70092 10   for the integral and error estimates.
StringForm[From `1`:, Parallel`Kernels`kernel[Parallel`Kernels`Private`bk[SubKernels`LocalKernels`localKernel[SubKernels`LocalKernels`Private`lk[LinkObject[/usr/local/Wolfram/Mathematica/12.0/Executables/wolfram -subkernel -noinit -nopaclet -wstp, 214, 1], {/usr/local/Wolfram/Mathematica/12.0/Executables/wolfram -subkernel -noinit -nopaclet -wstp}, SubKernels`LocalKernels`Private`speed$55086, SubKernels`LocalKernels`Private`preemptive$55086]], Parallel`Kernels`Private`id$55093, Parallel`Kernels`Private`name$55093], Parallel`Kernels`Private`ek[Parallel`Kernels`Private`nev$55094, Parallel`Kernels`Private`pb$55094, Parallel`Kernels`Private`rd$55094], Parallel`Kernels`Private`sk[Parallel`Kernels`Private`q$55095, Parallel`Kernels`Private`n0$55095, Parallel`Kernels`Private`n1$55095]]]
                                                                                                                                                                                                -6
NIntegrate::ncvb: NIntegrate failed to converge to prescribed accuracy after 2 recursive bisections in yD near {xD, yD} = {0.0440827, -0.019111}. NIntegrate obtained 0.000846174 and 7.06737 10   for the integral and error estimates.
StringForm[From `1`:, Parallel`Kernels`kernel[Parallel`Kernels`Private`bk[SubKernels`LocalKernels`localKernel[SubKernels`LocalKernels`Private`lk[LinkObject[/usr/local/Wolfram/Mathematica/12.0/Executables/wolfram -subkernel -noinit -nopaclet -wstp, 217, 4], {/usr/local/Wolfram/Mathematica/12.0/Executables/wolfram -subkernel -noinit -nopaclet -wstp}, SubKernels`LocalKernels`Private`speed$55089, SubKernels`LocalKernels`Private`preemptive$55089]], Parallel`Kernels`Private`id$55105, Parallel`Kernels`Private`name$55105], Parallel`Kernels`Private`ek[Parallel`Kernels`Private`nev$55106, Parallel`Kernels`Private`pb$55106, Parallel`Kernels`Private`rd$55106], Parallel`Kernels`Private`sk[Parallel`Kernels`Private`q$55107, Parallel`Kernels`Private`n0$55107, Parallel`Kernels`Private`n1$55107]]]
NIntegrate::ncvb: NIntegrate failed to converge to prescribed accuracy after 2 recursive bisections in yD near {xD, yD} = {0.0422077, 0.022255}. NIntegrate obtained 0.0173756 and 0.000257145 for the integral and error estimates.
StringForm[From `1`:, Parallel`Kernels`kernel[Parallel`Kernels`Private`bk[SubKernels`LocalKernels`localKernel[SubKernels`LocalKernels`Private`lk[LinkObject[/usr/local/Wolfram/Mathematica/12.0/Executables/wolfram -subkernel -noinit -nopaclet -wstp, 215, 2], {/usr/local/Wolfram/Mathematica/12.0/Executables/wolfram -subkernel -noinit -nopaclet -wstp}, SubKernels`LocalKernels`Private`speed$55087, SubKernels`LocalKernels`Private`preemptive$55087]], Parallel`Kernels`Private`id$55097, Parallel`Kernels`Private`name$55097], Parallel`Kernels`Private`ek[Parallel`Kernels`Private`nev$55098, Parallel`Kernels`Private`pb$55098, Parallel`Kernels`Private`rd$55098], Parallel`Kernels`Private`sk[Parallel`Kernels`Private`q$55099, Parallel`Kernels`Private`n0$55099, Parallel`Kernels`Private`n1$55099]]]
NIntegrate::ncvb: NIntegrate failed to converge to prescribed accuracy after 2 recursive bisections in yD near {xD, yD} = {0.0440827, -0.014338}. NIntegrate obtained 0.0628515 and 0.000143706 for the integral and error estimates.
a = -1040e-4
Time consumption: 3.3455529022222223
MaxMemUse :146.35025024414062 MB
Configured Kernels: {SubKernels`LocalKernels`LocalMachine[6, SubKernels`LocalKernels`LowerPriority -> True]}
Processor Count: 6
Modules loaded ...
4 Kernels launched ...
Run started at Sat 4 Dec 2021 03:39:49, Bins: {139, 154}
StringForm[From `1`:, Parallel`Kernels`kernel[Parallel`Kernels`Private`bk[SubKernels`LocalKernels`localKernel[SubKernels`LocalKernels`Private`lk[LinkObject[/usr/local/Wolfram/Mathematica/12.0/Executables/wolfram -subkernel -noinit -nopaclet -wstp, 214, 1], {/usr/local/Wolfram/Mathematica/12.0/Executables/wolfram -subkernel -noinit -nopaclet -wstp}, SubKernels`LocalKernels`Private`speed$55092, SubKernels`LocalKernels`Private`preemptive$55092]], Parallel`Kernels`Private`id$55099, Parallel`Kernels`Private`name$55099], Parallel`Kernels`Private`ek[Parallel`Kernels`Private`nev$55100, Parallel`Kernels`Private`pb$55100, Parallel`Kernels`Private`rd$55100], Parallel`Kernels`Private`sk[Parallel`Kernels`Private`q$55101, Parallel`Kernels`Private`n0$55101, Parallel`Kernels`Private`n1$55101]]]
                                                                                                                                                                                               -6
NIntegrate::ncvb: NIntegrate failed to converge to prescribed accuracy after 2 recursive bisections in yD near {xD, yD} = {0.0459577, -0.019111}. NIntegrate obtained 0.000667802 and 7.0318 10   for the integral and error estimates.
StringForm[From `1`:, Parallel`Kernels`kernel[Parallel`Kernels`Private`bk[SubKernels`LocalKernels`localKernel[SubKernels`LocalKernels`Private`lk[LinkObject[/usr/local/Wolfram/Mathematica/12.0/Executables/wolfram -subkernel -noinit -nopaclet -wstp, 215, 2], {/usr/local/Wolfram/Mathematica/12.0/Executables/wolfram -subkernel -noinit -nopaclet -wstp}, SubKernels`LocalKernels`Private`speed$55093, SubKernels`LocalKernels`Private`preemptive$55093]], Parallel`Kernels`Private`id$55103, Parallel`Kernels`Private`name$55103], Parallel`Kernels`Private`ek[Parallel`Kernels`Private`nev$55104, Parallel`Kernels`Private`pb$55104, Parallel`Kernels`Private`rd$55104], Parallel`Kernels`Private`sk[Parallel`Kernels`Private`q$55105, Parallel`Kernels`Private`n0$55105, Parallel`Kernels`Private`n1$55105]]]
NIntegrate::ncvb: NIntegrate failed to converge to prescribed accuracy after 2 recursive bisections in yD near {xD, yD} = {0.0440827, 0.022255}. NIntegrate obtained 0.0146265 and 0.000230365 for the integral and error estimates.
StringForm[From `1`:, Parallel`Kernels`kernel[Parallel`Kernels`Private`bk[SubKernels`LocalKernels`localKernel[SubKernels`LocalKernels`Private`lk[LinkObject[/usr/local/Wolfram/Mathematica/12.0/Executables/wolfram -subkernel -noinit -nopaclet -wstp, 217, 4], {/usr/local/Wolfram/Mathematica/12.0/Executables/wolfram -subkernel -noinit -nopaclet -wstp}, SubKernels`LocalKernels`Private`speed$55095, SubKernels`LocalKernels`Private`preemptive$55095]], Parallel`Kernels`Private`id$55111, Parallel`Kernels`Private`name$55111], Parallel`Kernels`Private`ek[Parallel`Kernels`Private`nev$55112, Parallel`Kernels`Private`pb$55112, Parallel`Kernels`Private`rd$55112], Parallel`Kernels`Private`sk[Parallel`Kernels`Private`q$55113, Parallel`Kernels`Private`n0$55113, Parallel`Kernels`Private`n1$55113]]]
NIntegrate::ncvb: NIntegrate failed to converge to prescribed accuracy after 2 recursive bisections in yD near {xD, yD} = {0.0459577, -0.014338}. NIntegrate obtained 0.039394 and 0.0000881772 for the integral and error estimates.
StringForm[From `1`:, Parallel`Kernels`kernel[Parallel`Kernels`Private`bk[SubKernels`LocalKernels`localKernel[SubKernels`LocalKernels`Private`lk[LinkObject[/usr/local/Wolfram/Mathematica/12.0/Executables/wolfram -subkernel -noinit -nopaclet -wstp, 214, 1], {/usr/local/Wolfram/Mathematica/12.0/Executables/wolfram -subkernel -noinit -nopaclet -wstp}, SubKernels`LocalKernels`Private`speed$55092, SubKernels`LocalKernels`Private`preemptive$55092]], Parallel`Kernels`Private`id$55099, Parallel`Kernels`Private`name$55099], Parallel`Kernels`Private`ek[Parallel`Kernels`Private`nev$55100, Parallel`Kernels`Private`pb$55100, Parallel`Kernels`Private`rd$55100], Parallel`Kernels`Private`sk[Parallel`Kernels`Private`q$55101, Parallel`Kernels`Private`n0$55101, Parallel`Kernels`Private`n1$55101]]]
NIntegrate::ncvb: NIntegrate failed to converge to prescribed accuracy after 2 recursive bisections in yD near {xD, yD} = {0.0459577, 0.022255}. NIntegrate obtained 0.0101173 and 0.000111613 for the integral and error estimates.
a = -1040e-4
Time consumption: 3.2258831572222224
MaxMemUse :146.34766387939453 MB
Configured Kernels: {SubKernels`LocalKernels`LocalMachine[6, SubKernels`LocalKernels`LowerPriority -> True]}
Processor Count: 6
Modules loaded ...
4 Kernels launched ...
Run started at Sat 4 Dec 2021 06:53:22, Bins: {155, 178}
StringForm[From `1`:, Parallel`Kernels`kernel[Parallel`Kernels`Private`bk[SubKernels`LocalKernels`localKernel[SubKernels`LocalKernels`Private`lk[LinkObject[/usr/local/Wolfram/Mathematica/12.0/Executables/wolfram -subkernel -noinit -nopaclet -wstp, 216, 3], {/usr/local/Wolfram/Mathematica/12.0/Executables/wolfram -subkernel -noinit -nopaclet -wstp}, SubKernels`LocalKernels`Private`speed$55104, SubKernels`LocalKernels`Private`preemptive$55104]], Parallel`Kernels`Private`id$55117, Parallel`Kernels`Private`name$55117], Parallel`Kernels`Private`ek[Parallel`Kernels`Private`nev$55118, Parallel`Kernels`Private`pb$55118, Parallel`Kernels`Private`rd$55118], Parallel`Kernels`Private`sk[Parallel`Kernels`Private`q$55119, Parallel`Kernels`Private`n0$55119, Parallel`Kernels`Private`n1$55119]]]
NIntegrate::ncvb: NIntegrate failed to converge to prescribed accuracy after 2 recursive bisections in yD near {xD, yD} = {0.0479789, -0.01752}. NIntegrate obtained 0.000347197 and 0.0000108328 for the integral and error estimates.
StringForm[From `1`:, Parallel`Kernels`kernel[Parallel`Kernels`Private`bk[SubKernels`LocalKernels`localKernel[SubKernels`LocalKernels`Private`lk[LinkObject[/usr/local/Wolfram/Mathematica/12.0/Executables/wolfram -subkernel -noinit -nopaclet -wstp, 215, 2], {/usr/local/Wolfram/Mathematica/12.0/Executables/wolfram -subkernel -noinit -nopaclet -wstp}, SubKernels`LocalKernels`Private`speed$55103, SubKernels`LocalKernels`Private`preemptive$55103]], Parallel`Kernels`Private`id$55113, Parallel`Kernels`Private`name$55113], Parallel`Kernels`Private`ek[Parallel`Kernels`Private`nev$55114, Parallel`Kernels`Private`pb$55114, Parallel`Kernels`Private`rd$55114], Parallel`Kernels`Private`sk[Parallel`Kernels`Private`q$55115, Parallel`Kernels`Private`n0$55115, Parallel`Kernels`Private`n1$55115]]]
NIntegrate::ncvb: NIntegrate failed to converge to prescribed accuracy after 2 recursive bisections in yD near {xD, yD} = {0.0497077, -0.01752}. NIntegrate obtained 0.0000760532 and 0.0000347052 for the integral and error estimates.
StringForm[From `1`:, Parallel`Kernels`kernel[Parallel`Kernels`Private`bk[SubKernels`LocalKernels`localKernel[SubKernels`LocalKernels`Private`lk[LinkObject[/usr/local/Wolfram/Mathematica/12.0/Executables/wolfram -subkernel -noinit -nopaclet -wstp, 214, 1], {/usr/local/Wolfram/Mathematica/12.0/Executables/wolfram -subkernel -noinit -nopaclet -wstp}, SubKernels`LocalKernels`Private`speed$55102, SubKernels`LocalKernels`Private`preemptive$55102]], Parallel`Kernels`Private`id$55109, Parallel`Kernels`Private`name$55109], Parallel`Kernels`Private`ek[Parallel`Kernels`Private`nev$55110, Parallel`Kernels`Private`pb$55110, Parallel`Kernels`Private`rd$55110], Parallel`Kernels`Private`sk[Parallel`Kernels`Private`q$55111, Parallel`Kernels`Private`n0$55111, Parallel`Kernels`Private`n1$55111]]]
                                                                                                                                                                                              -6
NIntegrate::ncvb: NIntegrate failed to converge to prescribed accuracy after 2 recursive bisections in yD near {xD, yD} = {0.0478327, 0.023846}. NIntegrate obtained 0.00541234 and 9.18889 10   for the integral and error estimates.
StringForm[From `1`:, Parallel`Kernels`kernel[Parallel`Kernels`Private`bk[SubKernels`LocalKernels`localKernel[SubKernels`LocalKernels`Private`lk[LinkObject[/usr/local/Wolfram/Mathematica/12.0/Executables/wolfram -subkernel -noinit -nopaclet -wstp, 214, 1], {/usr/local/Wolfram/Mathematica/12.0/Executables/wolfram -subkernel -noinit -nopaclet -wstp}, SubKernels`LocalKernels`Private`speed$55102, SubKernels`LocalKernels`Private`preemptive$55102]], Parallel`Kernels`Private`id$55109, Parallel`Kernels`Private`name$55109], Parallel`Kernels`Private`ek[Parallel`Kernels`Private`nev$55110, Parallel`Kernels`Private`pb$55110, Parallel`Kernels`Private`rd$55110], Parallel`Kernels`Private`sk[Parallel`Kernels`Private`q$55111, Parallel`Kernels`Private`n0$55111, Parallel`Kernels`Private`n1$55111]]]
                                                                                                                                                                               -6               -6
NIntegrate::ncvb: NIntegrate failed to converge to prescribed accuracy after 2 recursive bisections in yD near {xD, yD} = {0.0515827, -0.01752}. NIntegrate obtained 2.96317 10   and 2.20597 10   for the integral and error estimates.
StringForm[From `1`:, Parallel`Kernels`kernel[Parallel`Kernels`Private`bk[SubKernels`LocalKernels`localKernel[SubKernels`LocalKernels`Private`lk[LinkObject[/usr/local/Wolfram/Mathematica/12.0/Executables/wolfram -subkernel -noinit -nopaclet -wstp, 216, 3], {/usr/local/Wolfram/Mathematica/12.0/Executables/wolfram -subkernel -noinit -nopaclet -wstp}, SubKernels`LocalKernels`Private`speed$55104, SubKernels`LocalKernels`Private`preemptive$55104]], Parallel`Kernels`Private`id$55117, Parallel`Kernels`Private`name$55117], Parallel`Kernels`Private`ek[Parallel`Kernels`Private`nev$55118, Parallel`Kernels`Private`pb$55118, Parallel`Kernels`Private`rd$55118], Parallel`Kernels`Private`sk[Parallel`Kernels`Private`q$55119, Parallel`Kernels`Private`n0$55119, Parallel`Kernels`Private`n1$55119]]]
NIntegrate::ncvb: NIntegrate failed to converge to prescribed accuracy after 2 recursive bisections in yD near {xD, yD} = {0.0497077, 0.025437}. NIntegrate obtained 0.00198954 and 0.0000339217 for the integral and error estimates.
StringForm[From `1`:, Parallel`Kernels`kernel[Parallel`Kernels`Private`bk[SubKernels`LocalKernels`localKernel[SubKernels`LocalKernels`Private`lk[LinkObject[/usr/local/Wolfram/Mathematica/12.0/Executables/wolfram -subkernel -noinit -nopaclet -wstp, 215, 2], {/usr/local/Wolfram/Mathematica/12.0/Executables/wolfram -subkernel -noinit -nopaclet -wstp}, SubKernels`LocalKernels`Private`speed$55103, SubKernels`LocalKernels`Private`preemptive$55103]], Parallel`Kernels`Private`id$55113, Parallel`Kernels`Private`name$55113], Parallel`Kernels`Private`ek[Parallel`Kernels`Private`nev$55114, Parallel`Kernels`Private`pb$55114, Parallel`Kernels`Private`rd$55114], Parallel`Kernels`Private`sk[Parallel`Kernels`Private`q$55115, Parallel`Kernels`Private`n0$55115, Parallel`Kernels`Private`n1$55115]]]
NIntegrate::ncvb: NIntegrate failed to converge to prescribed accuracy after 2 recursive bisections in yD near {xD, yD} = {0.0489164, -0.014338}. NIntegrate obtained 0.0055297 and 0.0000127849 for the integral and error estimates.
a = -1040e-4
Time consumption: 4.985081708888888
MaxMemUse :146.3587188720703 MB
Configured Kernels: {SubKernels`LocalKernels`LocalMachine[6, SubKernels`LocalKernels`LowerPriority -> True]}
Processor Count: 6
Modules loaded ...
4 Kernels launched ...
Run started at Sat 4 Dec 2021 11:52:29, Bins: {179, 264}
StringForm[From `1`:, Parallel`Kernels`kernel[Parallel`Kernels`Private`bk[SubKernels`LocalKernels`localKernel[SubKernels`LocalKernels`Private`lk[LinkObject[/usr/local/Wolfram/Mathematica/12.0/Executables/wolfram -subkernel -noinit -nopaclet -wstp, 217, 4], {/usr/local/Wolfram/Mathematica/12.0/Executables/wolfram -subkernel -noinit -nopaclet -wstp}, SubKernels`LocalKernels`Private`speed$55099, SubKernels`LocalKernels`Private`preemptive$55099]], Parallel`Kernels`Private`id$55115, Parallel`Kernels`Private`name$55115], Parallel`Kernels`Private`ek[Parallel`Kernels`Private`nev$55116, Parallel`Kernels`Private`pb$55116, Parallel`Kernels`Private`rd$55116], Parallel`Kernels`Private`sk[Parallel`Kernels`Private`q$55117, Parallel`Kernels`Private`n0$55117, Parallel`Kernels`Private`n1$55117]]]
                                                                                                                                                                                              -6
NIntegrate::ncvb: NIntegrate failed to converge to prescribed accuracy after 2 recursive bisections in yD near {xD, yD} = {0.0515827, -0.015929}. NIntegrate obtained 0.00121392 and 2.6568 10   for the integral and error estimates.
StringForm[From `1`:, Parallel`Kernels`kernel[Parallel`Kernels`Private`bk[SubKernels`LocalKernels`localKernel[SubKernels`LocalKernels`Private`lk[LinkObject[/usr/local/Wolfram/Mathematica/12.0/Executables/wolfram -subkernel -noinit -nopaclet -wstp, 214, 1], {/usr/local/Wolfram/Mathematica/12.0/Executables/wolfram -subkernel -noinit -nopaclet -wstp}, SubKernels`LocalKernels`Private`speed$55096, SubKernels`LocalKernels`Private`preemptive$55096]], Parallel`Kernels`Private`id$55103, Parallel`Kernels`Private`name$55103], Parallel`Kernels`Private`ek[Parallel`Kernels`Private`nev$55104, Parallel`Kernels`Private`pb$55104, Parallel`Kernels`Private`rd$55104], Parallel`Kernels`Private`sk[Parallel`Kernels`Private`q$55105, Parallel`Kernels`Private`n0$55105, Parallel`Kernels`Private`n1$55105]]]
                                                                                                                                                                                               -6
NIntegrate::ncvb: NIntegrate failed to converge to prescribed accuracy after 2 recursive bisections in xD near {xD, yD} = {0.0503957, 0.023598}. NIntegrate obtained 0.000475137 and 1.46109 10   for the integral and error estimates.
a = -1040e-4
Time consumption: 2.301008236388889
MaxMemUse :146.33212280273438 MB
