Configured Kernels: {SubKernels`LocalKernels`LocalMachine[4, SubKernels`LocalKernels`LowerPriority -> True]}
Processor Count: 4
Modules loaded ...
4 Kernels launched ...
Run started at Tue 9 Nov 2021 11:46:24, Bins: {1, 49}
StringForm[From `1`:, Parallel`Kernels`kernel[Parallel`Kernels`Private`bk[SubKernels`LocalKernels`localKernel[SubKernels`LocalKernels`Private`lk[LinkObject[/usr/local/Wolfram/Mathematica/12.0/Executables/wolfram -subkernel -noinit -nopaclet -wstp, 230, 5], {/usr/local/Wolfram/Mathematica/12.0/Executables/wolfram -subkernel -noinit -nopaclet -wstp}, SubKernels`LocalKernels`Private`speed$21608, SubKernels`LocalKernels`Private`preemptive$21608]], Parallel`Kernels`Private`id$21624, Parallel`Kernels`Private`name$21624], Parallel`Kernels`Private`ek[Parallel`Kernels`Private`nev$21625, Parallel`Kernels`Private`pb$21625, Parallel`Kernels`Private`rd$21625], Parallel`Kernels`Private`sk[Parallel`Kernels`Private`q$21626, Parallel`Kernels`Private`n0$21626, Parallel`Kernels`Private`n1$21626]]]
                                                                                                                                                                                                -6
NIntegrate::ncvb: NIntegrate failed to converge to prescribed accuracy after 2 recursive bisections in yD near {xD, yD} = {0.0272077, 0.022255}. NIntegrate obtained 0.0000119526 and 2.78169 10   for the integral and error estimates.
StringForm[From `1`:, Parallel`Kernels`kernel[Parallel`Kernels`Private`bk[SubKernels`LocalKernels`localKernel[SubKernels`LocalKernels`Private`lk[LinkObject[/usr/local/Wolfram/Mathematica/12.0/Executables/wolfram -subkernel -noinit -nopaclet -wstp, 227, 2], {/usr/local/Wolfram/Mathematica/12.0/Executables/wolfram -subkernel -noinit -nopaclet -wstp}, SubKernels`LocalKernels`Private`speed$21605, SubKernels`LocalKernels`Private`preemptive$21605]], Parallel`Kernels`Private`id$21612, Parallel`Kernels`Private`name$21612], Parallel`Kernels`Private`ek[Parallel`Kernels`Private`nev$21613, Parallel`Kernels`Private`pb$21613, Parallel`Kernels`Private`rd$21613], Parallel`Kernels`Private`sk[Parallel`Kernels`Private`q$21614, Parallel`Kernels`Private`n0$21614, Parallel`Kernels`Private`n1$21614]]]
                                                                                                                                                                                                -6
NIntegrate::ncvb: NIntegrate failed to converge to prescribed accuracy after 2 recursive bisections in yD near {xD, yD} = {0.0272077, -0.014338}. NIntegrate obtained 0.000128852 and 1.71834 10   for the integral and error estimates.
StringForm[From `1`:, Parallel`Kernels`kernel[Parallel`Kernels`Private`bk[SubKernels`LocalKernels`localKernel[SubKernels`LocalKernels`Private`lk[LinkObject[/usr/local/Wolfram/Mathematica/12.0/Executables/wolfram -subkernel -noinit -nopaclet -wstp, 229, 4], {/usr/local/Wolfram/Mathematica/12.0/Executables/wolfram -subkernel -noinit -nopaclet -wstp}, SubKernels`LocalKernels`Private`speed$21607, SubKernels`LocalKernels`Private`preemptive$21607]], Parallel`Kernels`Private`id$21620, Parallel`Kernels`Private`name$21620], Parallel`Kernels`Private`ek[Parallel`Kernels`Private`nev$21621, Parallel`Kernels`Private`pb$21621, Parallel`Kernels`Private`rd$21621], Parallel`Kernels`Private`sk[Parallel`Kernels`Private`q$21622, Parallel`Kernels`Private`n0$21622, Parallel`Kernels`Private`n1$21622]]]
NIntegrate::ncvb: NIntegrate failed to converge to prescribed accuracy after 2 recursive bisections in yD near {xD, yD} = {0.0290827, -0.014338}. NIntegrate obtained 0.00219423 and 0.0000325418 for the integral and error estimates.
a = -1040e-4
Time consumption: 2.1470960638888887
MaxMemUse :147.52494049072266 MB
Configured Kernels: {SubKernels`LocalKernels`LocalMachine[4, SubKernels`LocalKernels`LowerPriority -> True]}
Processor Count: 4
Modules loaded ...
4 Kernels launched ...
Run started at Tue 9 Nov 2021 13:55:14, Bins: {50, 98}
StringForm[From `1`:, Parallel`Kernels`kernel[Parallel`Kernels`Private`bk[SubKernels`LocalKernels`localKernel[SubKernels`LocalKernels`Private`lk[LinkObject[/usr/local/Wolfram/Mathematica/12.0/Executables/wolfram -subkernel -noinit -nopaclet -wstp, 204, 1], {/usr/local/Wolfram/Mathematica/12.0/Executables/wolfram -subkernel -noinit -nopaclet -wstp}, SubKernels`LocalKernels`Private`speed$21396, SubKernels`LocalKernels`Private`preemptive$21396]], Parallel`Kernels`Private`id$21403, Parallel`Kernels`Private`name$21403], Parallel`Kernels`Private`ek[Parallel`Kernels`Private`nev$21404, Parallel`Kernels`Private`pb$21404, Parallel`Kernels`Private`rd$21404], Parallel`Kernels`Private`sk[Parallel`Kernels`Private`q$21405, Parallel`Kernels`Private`n0$21405, Parallel`Kernels`Private`n1$21405]]]
NIntegrate::ncvb: NIntegrate failed to converge to prescribed accuracy after 2 recursive bisections in yD near {xD, yD} = {0.0290827, 0.022255}. NIntegrate obtained 0.00021896 and 0.0000140141 for the integral and error estimates.
StringForm[From `1`:, Parallel`Kernels`kernel[Parallel`Kernels`Private`bk[SubKernels`LocalKernels`localKernel[SubKernels`LocalKernels`Private`lk[LinkObject[/usr/local/Wolfram/Mathematica/12.0/Executables/wolfram -subkernel -noinit -nopaclet -wstp, 205, 2], {/usr/local/Wolfram/Mathematica/12.0/Executables/wolfram -subkernel -noinit -nopaclet -wstp}, SubKernels`LocalKernels`Private`speed$21397, SubKernels`LocalKernels`Private`preemptive$21397]], Parallel`Kernels`Private`id$21407, Parallel`Kernels`Private`name$21407], Parallel`Kernels`Private`ek[Parallel`Kernels`Private`nev$21408, Parallel`Kernels`Private`pb$21408, Parallel`Kernels`Private`rd$21408], Parallel`Kernels`Private`sk[Parallel`Kernels`Private`q$21409, Parallel`Kernels`Private`n0$21409, Parallel`Kernels`Private`n1$21409]]]
                                                                                                                                                                               -6               -6
NIntegrate::ncvb: NIntegrate failed to converge to prescribed accuracy after 2 recursive bisections in yD near {xD, yD} = {0.0328327, -0.01752}. NIntegrate obtained 8.53443 10   and 2.05577 10   for the integral and error estimates.
StringForm[From `1`:, Parallel`Kernels`kernel[Parallel`Kernels`Private`bk[SubKernels`LocalKernels`localKernel[SubKernels`LocalKernels`Private`lk[LinkObject[/usr/local/Wolfram/Mathematica/12.0/Executables/wolfram -subkernel -noinit -nopaclet -wstp, 206, 3], {/usr/local/Wolfram/Mathematica/12.0/Executables/wolfram -subkernel -noinit -nopaclet -wstp}, SubKernels`LocalKernels`Private`speed$21398, SubKernels`LocalKernels`Private`preemptive$21398]], Parallel`Kernels`Private`id$21411, Parallel`Kernels`Private`name$21411], Parallel`Kernels`Private`ek[Parallel`Kernels`Private`nev$21412, Parallel`Kernels`Private`pb$21412, Parallel`Kernels`Private`rd$21412], Parallel`Kernels`Private`sk[Parallel`Kernels`Private`q$21413, Parallel`Kernels`Private`n0$21413, Parallel`Kernels`Private`n1$21413]]]
NIntegrate::ncvb: NIntegrate failed to converge to prescribed accuracy after 2 recursive bisections in yD near {xD, yD} = {0.0309577, -0.014338}. NIntegrate obtained 0.00958432 and 0.00010663 for the integral and error estimates.
StringForm[From `1`:, Parallel`Kernels`kernel[Parallel`Kernels`Private`bk[SubKernels`LocalKernels`localKernel[SubKernels`LocalKernels`Private`lk[LinkObject[/usr/local/Wolfram/Mathematica/12.0/Executables/wolfram -subkernel -noinit -nopaclet -wstp, 207, 4], {/usr/local/Wolfram/Mathematica/12.0/Executables/wolfram -subkernel -noinit -nopaclet -wstp}, SubKernels`LocalKernels`Private`speed$21399, SubKernels`LocalKernels`Private`preemptive$21399]], Parallel`Kernels`Private`id$21415, Parallel`Kernels`Private`name$21415], Parallel`Kernels`Private`ek[Parallel`Kernels`Private`nev$21416, Parallel`Kernels`Private`pb$21416, Parallel`Kernels`Private`rd$21416], Parallel`Kernels`Private`sk[Parallel`Kernels`Private`q$21417, Parallel`Kernels`Private`n0$21417, Parallel`Kernels`Private`n1$21417]]]
NIntegrate::ncvb: NIntegrate failed to converge to prescribed accuracy after 2 recursive bisections in yD near {xD, yD} = {0.0309577, 0.022255}. NIntegrate obtained 0.00109189 and 0.000049787 for the integral and error estimates.
StringForm[From `1`:, Parallel`Kernels`kernel[Parallel`Kernels`Private`bk[SubKernels`LocalKernels`localKernel[SubKernels`LocalKernels`Private`lk[LinkObject[/usr/local/Wolfram/Mathematica/12.0/Executables/wolfram -subkernel -noinit -nopaclet -wstp, 206, 3], {/usr/local/Wolfram/Mathematica/12.0/Executables/wolfram -subkernel -noinit -nopaclet -wstp}, SubKernels`LocalKernels`Private`speed$21398, SubKernels`LocalKernels`Private`preemptive$21398]], Parallel`Kernels`Private`id$21411, Parallel`Kernels`Private`name$21411], Parallel`Kernels`Private`ek[Parallel`Kernels`Private`nev$21412, Parallel`Kernels`Private`pb$21412, Parallel`Kernels`Private`rd$21412], Parallel`Kernels`Private`sk[Parallel`Kernels`Private`q$21413, Parallel`Kernels`Private`n0$21413, Parallel`Kernels`Private`n1$21413]]]
                                                                                                                                                                                               -6
NIntegrate::ncvb: NIntegrate failed to converge to prescribed accuracy after 2 recursive bisections in yD near {xD, yD} = {0.0347077, -0.01752}. NIntegrate obtained 0.000104215 and 8.07688 10   for the integral and error estimates.
StringForm[From `1`:, Parallel`Kernels`kernel[Parallel`Kernels`Private`bk[SubKernels`LocalKernels`localKernel[SubKernels`LocalKernels`Private`lk[LinkObject[/usr/local/Wolfram/Mathematica/12.0/Executables/wolfram -subkernel -noinit -nopaclet -wstp, 207, 4], {/usr/local/Wolfram/Mathematica/12.0/Executables/wolfram -subkernel -noinit -nopaclet -wstp}, SubKernels`LocalKernels`Private`speed$21399, SubKernels`LocalKernels`Private`preemptive$21399]], Parallel`Kernels`Private`id$21415, Parallel`Kernels`Private`name$21415], Parallel`Kernels`Private`ek[Parallel`Kernels`Private`nev$21416, Parallel`Kernels`Private`pb$21416, Parallel`Kernels`Private`rd$21416], Parallel`Kernels`Private`sk[Parallel`Kernels`Private`q$21417, Parallel`Kernels`Private`n0$21417, Parallel`Kernels`Private`n1$21417]]]
NIntegrate::ncvb: NIntegrate failed to converge to prescribed accuracy after 2 recursive bisections in yD near {xD, yD} = {0.0328327, 0.022255}. NIntegrate obtained 0.00324913 and 0.0000789563 for the integral and error estimates.
StringForm[From `1`:, Parallel`Kernels`kernel[Parallel`Kernels`Private`bk[SubKernels`LocalKernels`localKernel[SubKernels`LocalKernels`Private`lk[LinkObject[/usr/local/Wolfram/Mathematica/12.0/Executables/wolfram -subkernel -noinit -nopaclet -wstp, 205, 2], {/usr/local/Wolfram/Mathematica/12.0/Executables/wolfram -subkernel -noinit -nopaclet -wstp}, SubKernels`LocalKernels`Private`speed$21397, SubKernels`LocalKernels`Private`preemptive$21397]], Parallel`Kernels`Private`id$21407, Parallel`Kernels`Private`name$21407], Parallel`Kernels`Private`ek[Parallel`Kernels`Private`nev$21408, Parallel`Kernels`Private`pb$21408, Parallel`Kernels`Private`rd$21408], Parallel`Kernels`Private`sk[Parallel`Kernels`Private`q$21409, Parallel`Kernels`Private`n0$21409, Parallel`Kernels`Private`n1$21409]]]
NIntegrate::ncvb: NIntegrate failed to converge to prescribed accuracy after 2 recursive bisections in yD near {xD, yD} = {0.0328327, -0.014338}. NIntegrate obtained 0.024685 and 0.000184316 for the integral and error estimates.
StringForm[From `1`:, Parallel`Kernels`kernel[Parallel`Kernels`Private`bk[SubKernels`LocalKernels`localKernel[SubKernels`LocalKernels`Private`lk[LinkObject[/usr/local/Wolfram/Mathematica/12.0/Executables/wolfram -subkernel -noinit -nopaclet -wstp, 204, 1], {/usr/local/Wolfram/Mathematica/12.0/Executables/wolfram -subkernel -noinit -nopaclet -wstp}, SubKernels`LocalKernels`Private`speed$21396, SubKernels`LocalKernels`Private`preemptive$21396]], Parallel`Kernels`Private`id$21403, Parallel`Kernels`Private`name$21403], Parallel`Kernels`Private`ek[Parallel`Kernels`Private`nev$21404, Parallel`Kernels`Private`pb$21404, Parallel`Kernels`Private`rd$21404], Parallel`Kernels`Private`sk[Parallel`Kernels`Private`q$21405, Parallel`Kernels`Private`n0$21405, Parallel`Kernels`Private`n1$21405]]]
                                                                                                                                                                                               -6
NIntegrate::ncvb: NIntegrate failed to converge to prescribed accuracy after 2 recursive bisections in yD near {xD, yD} = {0.0365827, -0.01752}. NIntegrate obtained 0.000368723 and 2.71008 10   for the integral and error estimates.
StringForm[From `1`:, Parallel`Kernels`kernel[Parallel`Kernels`Private`bk[SubKernels`LocalKernels`localKernel[SubKernels`LocalKernels`Private`lk[LinkObject[/usr/local/Wolfram/Mathematica/12.0/Executables/wolfram -subkernel -noinit -nopaclet -wstp, 206, 3], {/usr/local/Wolfram/Mathematica/12.0/Executables/wolfram -subkernel -noinit -nopaclet -wstp}, SubKernels`LocalKernels`Private`speed$21398, SubKernels`LocalKernels`Private`preemptive$21398]], Parallel`Kernels`Private`id$21411, Parallel`Kernels`Private`name$21411], Parallel`Kernels`Private`ek[Parallel`Kernels`Private`nev$21412, Parallel`Kernels`Private`pb$21412, Parallel`Kernels`Private`rd$21412], Parallel`Kernels`Private`sk[Parallel`Kernels`Private`q$21413, Parallel`Kernels`Private`n0$21413, Parallel`Kernels`Private`n1$21413]]]
NIntegrate::ncvb: NIntegrate failed to converge to prescribed accuracy after 2 recursive bisections in yD near {xD, yD} = {0.0347077, -0.014338}. NIntegrate obtained 0.0467457 and 0.000251519 for the integral and error estimates.
StringForm[From `1`:, Parallel`Kernels`kernel[Parallel`Kernels`Private`bk[SubKernels`LocalKernels`localKernel[SubKernels`LocalKernels`Private`lk[LinkObject[/usr/local/Wolfram/Mathematica/12.0/Executables/wolfram -subkernel -noinit -nopaclet -wstp, 207, 4], {/usr/local/Wolfram/Mathematica/12.0/Executables/wolfram -subkernel -noinit -nopaclet -wstp}, SubKernels`LocalKernels`Private`speed$21399, SubKernels`LocalKernels`Private`preemptive$21399]], Parallel`Kernels`Private`id$21415, Parallel`Kernels`Private`name$21415], Parallel`Kernels`Private`ek[Parallel`Kernels`Private`nev$21416, Parallel`Kernels`Private`pb$21416, Parallel`Kernels`Private`rd$21416], Parallel`Kernels`Private`sk[Parallel`Kernels`Private`q$21417, Parallel`Kernels`Private`n0$21417, Parallel`Kernels`Private`n1$21417]]]
NIntegrate::ncvb: NIntegrate failed to converge to prescribed accuracy after 2 recursive bisections in yD near {xD, yD} = {0.0347077, 0.022255}. NIntegrate obtained 0.00708627 and 0.0000883937 for the integral and error estimates.
StringForm[From `1`:, Parallel`Kernels`kernel[Parallel`Kernels`Private`bk[SubKernels`LocalKernels`localKernel[SubKernels`LocalKernels`Private`lk[LinkObject[/usr/local/Wolfram/Mathematica/12.0/Executables/wolfram -subkernel -noinit -nopaclet -wstp, 204, 1], {/usr/local/Wolfram/Mathematica/12.0/Executables/wolfram -subkernel -noinit -nopaclet -wstp}, SubKernels`LocalKernels`Private`speed$21396, SubKernels`LocalKernels`Private`preemptive$21396]], Parallel`Kernels`Private`id$21403, Parallel`Kernels`Private`name$21403], Parallel`Kernels`Private`ek[Parallel`Kernels`Private`nev$21404, Parallel`Kernels`Private`pb$21404, Parallel`Kernels`Private`rd$21404], Parallel`Kernels`Private`sk[Parallel`Kernels`Private`q$21405, Parallel`Kernels`Private`n0$21405, Parallel`Kernels`Private`n1$21405]]]
NIntegrate::ncvb: NIntegrate failed to converge to prescribed accuracy after 2 recursive bisections in yD near {xD, yD} = {0.0365827, -0.014338}. NIntegrate obtained 0.070076 and 0.000263441 for the integral and error estimates.
StringForm[From `1`:, Parallel`Kernels`kernel[Parallel`Kernels`Private`bk[SubKernels`LocalKernels`localKernel[SubKernels`LocalKernels`Private`lk[LinkObject[/usr/local/Wolfram/Mathematica/12.0/Executables/wolfram -subkernel -noinit -nopaclet -wstp, 206, 3], {/usr/local/Wolfram/Mathematica/12.0/Executables/wolfram -subkernel -noinit -nopaclet -wstp}, SubKernels`LocalKernels`Private`speed$21398, SubKernels`LocalKernels`Private`preemptive$21398]], Parallel`Kernels`Private`id$21411, Parallel`Kernels`Private`name$21411], Parallel`Kernels`Private`ek[Parallel`Kernels`Private`nev$21412, Parallel`Kernels`Private`pb$21412, Parallel`Kernels`Private`rd$21412], Parallel`Kernels`Private`sk[Parallel`Kernels`Private`q$21413, Parallel`Kernels`Private`n0$21413, Parallel`Kernels`Private`n1$21413]]]
NIntegrate::ncvb: NIntegrate failed to converge to prescribed accuracy after 2 recursive bisections in yD near {xD, yD} = {0.0365827, 0.022255}. NIntegrate obtained 0.0119492 and 0.000061147 for the integral and error estimates.
a = -1040e-4
Time consumption: 10.173954986388889
MaxMemUse :144.38085174560547 MB
Configured Kernels: {SubKernels`LocalKernels`LocalMachine[4, SubKernels`LocalKernels`LowerPriority -> True]}
Processor Count: 4
Modules loaded ...
4 Kernels launched ...
Run started at Wed 10 Nov 2021 00:05:41, Bins: {99, 106}
StringForm[From `1`:, Parallel`Kernels`kernel[Parallel`Kernels`Private`bk[SubKernels`LocalKernels`localKernel[SubKernels`LocalKernels`Private`lk[LinkObject[/usr/local/Wolfram/Mathematica/12.0/Executables/wolfram -subkernel -noinit -nopaclet -wstp, 205, 2], {/usr/local/Wolfram/Mathematica/12.0/Executables/wolfram -subkernel -noinit -nopaclet -wstp}, SubKernels`LocalKernels`Private`speed$21432, SubKernels`LocalKernels`Private`preemptive$21432]], Parallel`Kernels`Private`id$21442, Parallel`Kernels`Private`name$21442], Parallel`Kernels`Private`ek[Parallel`Kernels`Private`nev$21443, Parallel`Kernels`Private`pb$21443, Parallel`Kernels`Private`rd$21443], Parallel`Kernels`Private`sk[Parallel`Kernels`Private`q$21444, Parallel`Kernels`Private`n0$21444, Parallel`Kernels`Private`n1$21444]]]
                                                                                                                                                                                                -6
NIntegrate::ncvb: NIntegrate failed to converge to prescribed accuracy after 2 recursive bisections in yD near {xD, yD} = {0.0384577, -0.019111}. NIntegrate obtained 0.000651326 and 5.38269 10   for the integral and error estimates.
StringForm[From `1`:, Parallel`Kernels`kernel[Parallel`Kernels`Private`bk[SubKernels`LocalKernels`localKernel[SubKernels`LocalKernels`Private`lk[LinkObject[/usr/local/Wolfram/Mathematica/12.0/Executables/wolfram -subkernel -noinit -nopaclet -wstp, 204, 1], {/usr/local/Wolfram/Mathematica/12.0/Executables/wolfram -subkernel -noinit -nopaclet -wstp}, SubKernels`LocalKernels`Private`speed$21431, SubKernels`LocalKernels`Private`preemptive$21431]], Parallel`Kernels`Private`id$21438, Parallel`Kernels`Private`name$21438], Parallel`Kernels`Private`ek[Parallel`Kernels`Private`nev$21439, Parallel`Kernels`Private`pb$21439, Parallel`Kernels`Private`rd$21439], Parallel`Kernels`Private`sk[Parallel`Kernels`Private`q$21440, Parallel`Kernels`Private`n0$21440, Parallel`Kernels`Private`n1$21440]]]
NIntegrate::ncvb: NIntegrate failed to converge to prescribed accuracy after 2 recursive bisections in yD near {xD, yD} = {0.0384577, -0.014338}. NIntegrate obtained 0.0866181 and 0.000224272 for the integral and error estimates.
a = -1040e-4
Time consumption: 3.1676552969444445
MaxMemUse :144.3838653564453 MB
Configured Kernels: {SubKernels`LocalKernels`LocalMachine[4, SubKernels`LocalKernels`LowerPriority -> True]}
Processor Count: 4
Modules loaded ...
4 Kernels launched ...
Run started at Wed 10 Nov 2021 03:15:45, Bins: {107, 122}
StringForm[From `1`:, Parallel`Kernels`kernel[Parallel`Kernels`Private`bk[SubKernels`LocalKernels`localKernel[SubKernels`LocalKernels`Private`lk[LinkObject[/usr/local/Wolfram/Mathematica/12.0/Executables/wolfram -subkernel -noinit -nopaclet -wstp, 205, 2], {/usr/local/Wolfram/Mathematica/12.0/Executables/wolfram -subkernel -noinit -nopaclet -wstp}, SubKernels`LocalKernels`Private`speed$21401, SubKernels`LocalKernels`Private`preemptive$21401]], Parallel`Kernels`Private`id$21411, Parallel`Kernels`Private`name$21411], Parallel`Kernels`Private`ek[Parallel`Kernels`Private`nev$21412, Parallel`Kernels`Private`pb$21412, Parallel`Kernels`Private`rd$21412], Parallel`Kernels`Private`sk[Parallel`Kernels`Private`q$21413, Parallel`Kernels`Private`n0$21413, Parallel`Kernels`Private`n1$21413]]]
                                                                                                                                                                                                -6
NIntegrate::ncvb: NIntegrate failed to converge to prescribed accuracy after 2 recursive bisections in yD near {xD, yD} = {0.0403327, -0.019111}. NIntegrate obtained 0.000824212 and 7.00274 10   for the integral and error estimates.
StringForm[From `1`:, Parallel`Kernels`kernel[Parallel`Kernels`Private`bk[SubKernels`LocalKernels`localKernel[SubKernels`LocalKernels`Private`lk[LinkObject[/usr/local/Wolfram/Mathematica/12.0/Executables/wolfram -subkernel -noinit -nopaclet -wstp, 207, 4], {/usr/local/Wolfram/Mathematica/12.0/Executables/wolfram -subkernel -noinit -nopaclet -wstp}, SubKernels`LocalKernels`Private`speed$21403, SubKernels`LocalKernels`Private`preemptive$21403]], Parallel`Kernels`Private`id$21419, Parallel`Kernels`Private`name$21419], Parallel`Kernels`Private`ek[Parallel`Kernels`Private`nev$21420, Parallel`Kernels`Private`pb$21420, Parallel`Kernels`Private`rd$21420], Parallel`Kernels`Private`sk[Parallel`Kernels`Private`q$21421, Parallel`Kernels`Private`n0$21421, Parallel`Kernels`Private`n1$21421]]]
NIntegrate::ncvb: NIntegrate failed to converge to prescribed accuracy after 2 recursive bisections in yD near {xD, yD} = {0.0403327, 0.022255}. NIntegrate obtained 0.0179363 and 0.000130425 for the integral and error estimates.
StringForm[From `1`:, Parallel`Kernels`kernel[Parallel`Kernels`Private`bk[SubKernels`LocalKernels`localKernel[SubKernels`LocalKernels`Private`lk[LinkObject[/usr/local/Wolfram/Mathematica/12.0/Executables/wolfram -subkernel -noinit -nopaclet -wstp, 206, 3], {/usr/local/Wolfram/Mathematica/12.0/Executables/wolfram -subkernel -noinit -nopaclet -wstp}, SubKernels`LocalKernels`Private`speed$21402, SubKernels`LocalKernels`Private`preemptive$21402]], Parallel`Kernels`Private`id$21415, Parallel`Kernels`Private`name$21415], Parallel`Kernels`Private`ek[Parallel`Kernels`Private`nev$21416, Parallel`Kernels`Private`pb$21416, Parallel`Kernels`Private`rd$21416], Parallel`Kernels`Private`sk[Parallel`Kernels`Private`q$21417, Parallel`Kernels`Private`n0$21417, Parallel`Kernels`Private`n1$21417]]]
NIntegrate::ncvb: NIntegrate failed to converge to prescribed accuracy after 2 recursive bisections in yD near {xD, yD} = {0.0384577, 0.022255}. NIntegrate obtained 0.0161049 and 0.0000184577 for the integral and error estimates.
a = -1040e-4
Time consumption: 4.0284018716666665
MaxMemUse :144.39147186279297 MB
Configured Kernels: {SubKernels`LocalKernels`LocalMachine[4, SubKernels`LocalKernels`LowerPriority -> True]}
Processor Count: 4
Modules loaded ...
4 Kernels launched ...
Run started at Wed 10 Nov 2021 07:17:28, Bins: {123, 138}
StringForm[From `1`:, Parallel`Kernels`kernel[Parallel`Kernels`Private`bk[SubKernels`LocalKernels`localKernel[SubKernels`LocalKernels`Private`lk[LinkObject[/usr/local/Wolfram/Mathematica/12.0/Executables/wolfram -subkernel -noinit -nopaclet -wstp, 207, 4], {/usr/local/Wolfram/Mathematica/12.0/Executables/wolfram -subkernel -noinit -nopaclet -wstp}, SubKernels`LocalKernels`Private`speed$21837, SubKernels`LocalKernels`Private`preemptive$21837]], Parallel`Kernels`Private`id$21853, Parallel`Kernels`Private`name$21853], Parallel`Kernels`Private`ek[Parallel`Kernels`Private`nev$21854, Parallel`Kernels`Private`pb$21854, Parallel`Kernels`Private`rd$21854], Parallel`Kernels`Private`sk[Parallel`Kernels`Private`q$21855, Parallel`Kernels`Private`n0$21855, Parallel`Kernels`Private`n1$21855]]]
                                                                                                                                                                                                -6
NIntegrate::ncvb: NIntegrate failed to converge to prescribed accuracy after 2 recursive bisections in yD near {xD, yD} = {0.0422077, -0.019111}. NIntegrate obtained 0.000873686 and 7.22032 10   for the integral and error estimates.
StringForm[From `1`:, Parallel`Kernels`kernel[Parallel`Kernels`Private`bk[SubKernels`LocalKernels`localKernel[SubKernels`LocalKernels`Private`lk[LinkObject[/usr/local/Wolfram/Mathematica/12.0/Executables/wolfram -subkernel -noinit -nopaclet -wstp, 207, 4], {/usr/local/Wolfram/Mathematica/12.0/Executables/wolfram -subkernel -noinit -nopaclet -wstp}, SubKernels`LocalKernels`Private`speed$21837, SubKernels`LocalKernels`Private`preemptive$21837]], Parallel`Kernels`Private`id$21853, Parallel`Kernels`Private`name$21853], Parallel`Kernels`Private`ek[Parallel`Kernels`Private`nev$21854, Parallel`Kernels`Private`pb$21854, Parallel`Kernels`Private`rd$21854], Parallel`Kernels`Private`sk[Parallel`Kernels`Private`q$21855, Parallel`Kernels`Private`n0$21855, Parallel`Kernels`Private`n1$21855]]]
                                                                                                                                                                                               -6
NIntegrate::ncvb: NIntegrate failed to converge to prescribed accuracy after 2 recursive bisections in yD near {xD, yD} = {0.0440827, -0.019111}. NIntegrate obtained 0.00084417 and 6.76374 10   for the integral and error estimates.
StringForm[From `1`:, Parallel`Kernels`kernel[Parallel`Kernels`Private`bk[SubKernels`LocalKernels`localKernel[SubKernels`LocalKernels`Private`lk[LinkObject[/usr/local/Wolfram/Mathematica/12.0/Executables/wolfram -subkernel -noinit -nopaclet -wstp, 205, 2], {/usr/local/Wolfram/Mathematica/12.0/Executables/wolfram -subkernel -noinit -nopaclet -wstp}, SubKernels`LocalKernels`Private`speed$21835, SubKernels`LocalKernels`Private`preemptive$21835]], Parallel`Kernels`Private`id$21845, Parallel`Kernels`Private`name$21845], Parallel`Kernels`Private`ek[Parallel`Kernels`Private`nev$21846, Parallel`Kernels`Private`pb$21846, Parallel`Kernels`Private`rd$21846], Parallel`Kernels`Private`sk[Parallel`Kernels`Private`q$21847, Parallel`Kernels`Private`n0$21847, Parallel`Kernels`Private`n1$21847]]]
NIntegrate::ncvb: NIntegrate failed to converge to prescribed accuracy after 2 recursive bisections in yD near {xD, yD} = {0.0422077, 0.022255}. NIntegrate obtained 0.0173244 and 0.000191478 for the integral and error estimates.
StringForm[From `1`:, Parallel`Kernels`kernel[Parallel`Kernels`Private`bk[SubKernels`LocalKernels`localKernel[SubKernels`LocalKernels`Private`lk[LinkObject[/usr/local/Wolfram/Mathematica/12.0/Executables/wolfram -subkernel -noinit -nopaclet -wstp, 206, 3], {/usr/local/Wolfram/Mathematica/12.0/Executables/wolfram -subkernel -noinit -nopaclet -wstp}, SubKernels`LocalKernels`Private`speed$21836, SubKernels`LocalKernels`Private`preemptive$21836]], Parallel`Kernels`Private`id$21849, Parallel`Kernels`Private`name$21849], Parallel`Kernels`Private`ek[Parallel`Kernels`Private`nev$21850, Parallel`Kernels`Private`pb$21850, Parallel`Kernels`Private`rd$21850], Parallel`Kernels`Private`sk[Parallel`Kernels`Private`q$21851, Parallel`Kernels`Private`n0$21851, Parallel`Kernels`Private`n1$21851]]]
NIntegrate::ncvb: NIntegrate failed to converge to prescribed accuracy after 2 recursive bisections in yD near {xD, yD} = {0.0422077, -0.014338}. NIntegrate obtained 0.080797 and 0.000083599 for the integral and error estimates.
StringForm[From `1`:, Parallel`Kernels`kernel[Parallel`Kernels`Private`bk[SubKernels`LocalKernels`localKernel[SubKernels`LocalKernels`Private`lk[LinkObject[/usr/local/Wolfram/Mathematica/12.0/Executables/wolfram -subkernel -noinit -nopaclet -wstp, 204, 1], {/usr/local/Wolfram/Mathematica/12.0/Executables/wolfram -subkernel -noinit -nopaclet -wstp}, SubKernels`LocalKernels`Private`speed$21834, SubKernels`LocalKernels`Private`preemptive$21834]], Parallel`Kernels`Private`id$21841, Parallel`Kernels`Private`name$21841], Parallel`Kernels`Private`ek[Parallel`Kernels`Private`nev$21842, Parallel`Kernels`Private`pb$21842, Parallel`Kernels`Private`rd$21842], Parallel`Kernels`Private`sk[Parallel`Kernels`Private`q$21843, Parallel`Kernels`Private`n0$21843, Parallel`Kernels`Private`n1$21843]]]
NIntegrate::ncvb: NIntegrate failed to converge to prescribed accuracy after 2 recursive bisections in yD near {xD, yD} = {0.0440827, -0.014338}. NIntegrate obtained 0.0622623 and 0.000220237 for the integral and error estimates.
a = -1040e-4
Time consumption: 4.695463586111111
MaxMemUse :144.37164306640625 MB
Configured Kernels: {SubKernels`LocalKernels`LocalMachine[4, SubKernels`LocalKernels`LowerPriority -> True]}
Processor Count: 4
Modules loaded ...
4 Kernels launched ...
Run started at Wed 10 Nov 2021 11:59:13, Bins: {139, 154}
StringForm[From `1`:, Parallel`Kernels`kernel[Parallel`Kernels`Private`bk[SubKernels`LocalKernels`localKernel[SubKernels`LocalKernels`Private`lk[LinkObject[/usr/local/Wolfram/Mathematica/12.0/Executables/wolfram -subkernel -noinit -nopaclet -wstp, 204, 1], {/usr/local/Wolfram/Mathematica/12.0/Executables/wolfram -subkernel -noinit -nopaclet -wstp}, SubKernels`LocalKernels`Private`speed$21349, SubKernels`LocalKernels`Private`preemptive$21349]], Parallel`Kernels`Private`id$21356, Parallel`Kernels`Private`name$21356], Parallel`Kernels`Private`ek[Parallel`Kernels`Private`nev$21357, Parallel`Kernels`Private`pb$21357, Parallel`Kernels`Private`rd$21357], Parallel`Kernels`Private`sk[Parallel`Kernels`Private`q$21358, Parallel`Kernels`Private`n0$21358, Parallel`Kernels`Private`n1$21358]]]
                                                                                                                                                                                                -6
NIntegrate::ncvb: NIntegrate failed to converge to prescribed accuracy after 2 recursive bisections in yD near {xD, yD} = {0.0459577, -0.019111}. NIntegrate obtained 0.000659082 and 7.25088 10   for the integral and error estimates.
StringForm[From `1`:, Parallel`Kernels`kernel[Parallel`Kernels`Private`bk[SubKernels`LocalKernels`localKernel[SubKernels`LocalKernels`Private`lk[LinkObject[/usr/local/Wolfram/Mathematica/12.0/Executables/wolfram -subkernel -noinit -nopaclet -wstp, 205, 2], {/usr/local/Wolfram/Mathematica/12.0/Executables/wolfram -subkernel -noinit -nopaclet -wstp}, SubKernels`LocalKernels`Private`speed$21350, SubKernels`LocalKernels`Private`preemptive$21350]], Parallel`Kernels`Private`id$21360, Parallel`Kernels`Private`name$21360], Parallel`Kernels`Private`ek[Parallel`Kernels`Private`nev$21361, Parallel`Kernels`Private`pb$21361, Parallel`Kernels`Private`rd$21361], Parallel`Kernels`Private`sk[Parallel`Kernels`Private`q$21362, Parallel`Kernels`Private`n0$21362, Parallel`Kernels`Private`n1$21362]]]
NIntegrate::ncvb: NIntegrate failed to converge to prescribed accuracy after 2 recursive bisections in yD near {xD, yD} = {0.0440827, 0.022255}. NIntegrate obtained 0.0145196 and 0.000232975 for the integral and error estimates.
StringForm[From `1`:, Parallel`Kernels`kernel[Parallel`Kernels`Private`bk[SubKernels`LocalKernels`localKernel[SubKernels`LocalKernels`Private`lk[LinkObject[/usr/local/Wolfram/Mathematica/12.0/Executables/wolfram -subkernel -noinit -nopaclet -wstp, 207, 4], {/usr/local/Wolfram/Mathematica/12.0/Executables/wolfram -subkernel -noinit -nopaclet -wstp}, SubKernels`LocalKernels`Private`speed$21352, SubKernels`LocalKernels`Private`preemptive$21352]], Parallel`Kernels`Private`id$21368, Parallel`Kernels`Private`name$21368], Parallel`Kernels`Private`ek[Parallel`Kernels`Private`nev$21369, Parallel`Kernels`Private`pb$21369, Parallel`Kernels`Private`rd$21369], Parallel`Kernels`Private`sk[Parallel`Kernels`Private`q$21370, Parallel`Kernels`Private`n0$21370, Parallel`Kernels`Private`n1$21370]]]
NIntegrate::ncvb: NIntegrate failed to converge to prescribed accuracy after 2 recursive bisections in yD near {xD, yD} = {0.0459577, -0.014338}. NIntegrate obtained 0.0387494 and 0.0000918937 for the integral and error estimates.
StringForm[From `1`:, Parallel`Kernels`kernel[Parallel`Kernels`Private`bk[SubKernels`LocalKernels`localKernel[SubKernels`LocalKernels`Private`lk[LinkObject[/usr/local/Wolfram/Mathematica/12.0/Executables/wolfram -subkernel -noinit -nopaclet -wstp, 204, 1], {/usr/local/Wolfram/Mathematica/12.0/Executables/wolfram -subkernel -noinit -nopaclet -wstp}, SubKernels`LocalKernels`Private`speed$21349, SubKernels`LocalKernels`Private`preemptive$21349]], Parallel`Kernels`Private`id$21356, Parallel`Kernels`Private`name$21356], Parallel`Kernels`Private`ek[Parallel`Kernels`Private`nev$21357, Parallel`Kernels`Private`pb$21357, Parallel`Kernels`Private`rd$21357], Parallel`Kernels`Private`sk[Parallel`Kernels`Private`q$21358, Parallel`Kernels`Private`n0$21358, Parallel`Kernels`Private`n1$21358]]]
NIntegrate::ncvb: NIntegrate failed to converge to prescribed accuracy after 2 recursive bisections in yD near {xD, yD} = {0.0459577, 0.022255}. NIntegrate obtained 0.0100263 and 0.000134574 for the integral and error estimates.
a = -1040e-4
Time consumption: 5.086780745
MaxMemUse :144.38556671142578 MB
Configured Kernels: {SubKernels`LocalKernels`LocalMachine[4, SubKernels`LocalKernels`LowerPriority -> True]}
Processor Count: 4
Modules loaded ...
4 Kernels launched ...
Run started at Wed 10 Nov 2021 17:04:26, Bins: {155, 178}
StringForm[From `1`:, Parallel`Kernels`kernel[Parallel`Kernels`Private`bk[SubKernels`LocalKernels`localKernel[SubKernels`LocalKernels`Private`lk[LinkObject[/usr/local/Wolfram/Mathematica/12.0/Executables/wolfram -subkernel -noinit -nopaclet -wstp, 206, 3], {/usr/local/Wolfram/Mathematica/12.0/Executables/wolfram -subkernel -noinit -nopaclet -wstp}, SubKernels`LocalKernels`Private`speed$21587, SubKernels`LocalKernels`Private`preemptive$21587]], Parallel`Kernels`Private`id$21600, Parallel`Kernels`Private`name$21600], Parallel`Kernels`Private`ek[Parallel`Kernels`Private`nev$21601, Parallel`Kernels`Private`pb$21601, Parallel`Kernels`Private`rd$21601], Parallel`Kernels`Private`sk[Parallel`Kernels`Private`q$21602, Parallel`Kernels`Private`n0$21602, Parallel`Kernels`Private`n1$21602]]]
NIntegrate::ncvb: NIntegrate failed to converge to prescribed accuracy after 2 recursive bisections in yD near {xD, yD} = {0.0479789, -0.01752}. NIntegrate obtained 0.000339166 and 0.0000106258 for the integral and error estimates.
StringForm[From `1`:, Parallel`Kernels`kernel[Parallel`Kernels`Private`bk[SubKernels`LocalKernels`localKernel[SubKernels`LocalKernels`Private`lk[LinkObject[/usr/local/Wolfram/Mathematica/12.0/Executables/wolfram -subkernel -noinit -nopaclet -wstp, 204, 1], {/usr/local/Wolfram/Mathematica/12.0/Executables/wolfram -subkernel -noinit -nopaclet -wstp}, SubKernels`LocalKernels`Private`speed$21585, SubKernels`LocalKernels`Private`preemptive$21585]], Parallel`Kernels`Private`id$21592, Parallel`Kernels`Private`name$21592], Parallel`Kernels`Private`ek[Parallel`Kernels`Private`nev$21593, Parallel`Kernels`Private`pb$21593, Parallel`Kernels`Private`rd$21593], Parallel`Kernels`Private`sk[Parallel`Kernels`Private`q$21594, Parallel`Kernels`Private`n0$21594, Parallel`Kernels`Private`n1$21594]]]
NIntegrate::ncvb: NIntegrate failed to converge to prescribed accuracy after 2 recursive bisections in yD near {xD, yD} = {0.0497077, -0.01752}. NIntegrate obtained 0.0000734832 and 0.000033346 for the integral and error estimates.
StringForm[From `1`:, Parallel`Kernels`kernel[Parallel`Kernels`Private`bk[SubKernels`LocalKernels`localKernel[SubKernels`LocalKernels`Private`lk[LinkObject[/usr/local/Wolfram/Mathematica/12.0/Executables/wolfram -subkernel -noinit -nopaclet -wstp, 207, 4], {/usr/local/Wolfram/Mathematica/12.0/Executables/wolfram -subkernel -noinit -nopaclet -wstp}, SubKernels`LocalKernels`Private`speed$21588, SubKernels`LocalKernels`Private`preemptive$21588]], Parallel`Kernels`Private`id$21604, Parallel`Kernels`Private`name$21604], Parallel`Kernels`Private`ek[Parallel`Kernels`Private`nev$21605, Parallel`Kernels`Private`pb$21605, Parallel`Kernels`Private`rd$21605], Parallel`Kernels`Private`sk[Parallel`Kernels`Private`q$21606, Parallel`Kernels`Private`n0$21606, Parallel`Kernels`Private`n1$21606]]]
                                                                                                                                                                                               -6
NIntegrate::ncvb: NIntegrate failed to converge to prescribed accuracy after 2 recursive bisections in yD near {xD, yD} = {0.0497077, -0.015929}. NIntegrate obtained 0.00532857 and 8.35443 10   for the integral and error estimates.
StringForm[From `1`:, Parallel`Kernels`kernel[Parallel`Kernels`Private`bk[SubKernels`LocalKernels`localKernel[SubKernels`LocalKernels`Private`lk[LinkObject[/usr/local/Wolfram/Mathematica/12.0/Executables/wolfram -subkernel -noinit -nopaclet -wstp, 205, 2], {/usr/local/Wolfram/Mathematica/12.0/Executables/wolfram -subkernel -noinit -nopaclet -wstp}, SubKernels`LocalKernels`Private`speed$21586, SubKernels`LocalKernels`Private`preemptive$21586]], Parallel`Kernels`Private`id$21596, Parallel`Kernels`Private`name$21596], Parallel`Kernels`Private`ek[Parallel`Kernels`Private`nev$21597, Parallel`Kernels`Private`pb$21597, Parallel`Kernels`Private`rd$21597], Parallel`Kernels`Private`sk[Parallel`Kernels`Private`q$21598, Parallel`Kernels`Private`n0$21598, Parallel`Kernels`Private`n1$21598]]]
                                                                                                                                                                                              -6
NIntegrate::ncvb: NIntegrate failed to converge to prescribed accuracy after 2 recursive bisections in yD near {xD, yD} = {0.0478327, 0.023846}. NIntegrate obtained 0.00529979 and 7.79473 10   for the integral and error estimates.
StringForm[From `1`:, Parallel`Kernels`kernel[Parallel`Kernels`Private`bk[SubKernels`LocalKernels`localKernel[SubKernels`LocalKernels`Private`lk[LinkObject[/usr/local/Wolfram/Mathematica/12.0/Executables/wolfram -subkernel -noinit -nopaclet -wstp, 207, 4], {/usr/local/Wolfram/Mathematica/12.0/Executables/wolfram -subkernel -noinit -nopaclet -wstp}, SubKernels`LocalKernels`Private`speed$21588, SubKernels`LocalKernels`Private`preemptive$21588]], Parallel`Kernels`Private`id$21604, Parallel`Kernels`Private`name$21604], Parallel`Kernels`Private`ek[Parallel`Kernels`Private`nev$21605, Parallel`Kernels`Private`pb$21605, Parallel`Kernels`Private`rd$21605], Parallel`Kernels`Private`sk[Parallel`Kernels`Private`q$21606, Parallel`Kernels`Private`n0$21606, Parallel`Kernels`Private`n1$21606]]]
                                                                                                                                                                               -6               -6
NIntegrate::ncvb: NIntegrate failed to converge to prescribed accuracy after 2 recursive bisections in yD near {xD, yD} = {0.0515827, -0.01752}. NIntegrate obtained 2.77606 10   and 2.10559 10   for the integral and error estimates.
StringForm[From `1`:, Parallel`Kernels`kernel[Parallel`Kernels`Private`bk[SubKernels`LocalKernels`localKernel[SubKernels`LocalKernels`Private`lk[LinkObject[/usr/local/Wolfram/Mathematica/12.0/Executables/wolfram -subkernel -noinit -nopaclet -wstp, 204, 1], {/usr/local/Wolfram/Mathematica/12.0/Executables/wolfram -subkernel -noinit -nopaclet -wstp}, SubKernels`LocalKernels`Private`speed$21585, SubKernels`LocalKernels`Private`preemptive$21585]], Parallel`Kernels`Private`id$21592, Parallel`Kernels`Private`name$21592], Parallel`Kernels`Private`ek[Parallel`Kernels`Private`nev$21593, Parallel`Kernels`Private`pb$21593, Parallel`Kernels`Private`rd$21593], Parallel`Kernels`Private`sk[Parallel`Kernels`Private`q$21594, Parallel`Kernels`Private`n0$21594, Parallel`Kernels`Private`n1$21594]]]
NIntegrate::ncvb: NIntegrate failed to converge to prescribed accuracy after 2 recursive bisections in yD near {xD, yD} = {0.0497077, 0.025437}. NIntegrate obtained 0.00191423 and 0.0000274086 for the integral and error estimates.
a = -1040e-4
Time consumption: 5.399212290277778
MaxMemUse :144.36966705322266 MB
Configured Kernels: {SubKernels`LocalKernels`LocalMachine[4, SubKernels`LocalKernels`LowerPriority -> True]}
Processor Count: 4
Modules loaded ...
4 Kernels launched ...
Run started at Wed 10 Nov 2021 22:28:24, Bins: {179, 264}
StringForm[From `1`:, Parallel`Kernels`kernel[Parallel`Kernels`Private`bk[SubKernels`LocalKernels`localKernel[SubKernels`LocalKernels`Private`lk[LinkObject[/usr/local/Wolfram/Mathematica/12.0/Executables/wolfram -subkernel -noinit -nopaclet -wstp, 205, 2], {/usr/local/Wolfram/Mathematica/12.0/Executables/wolfram -subkernel -noinit -nopaclet -wstp}, SubKernels`LocalKernels`Private`speed$21740, SubKernels`LocalKernels`Private`preemptive$21740]], Parallel`Kernels`Private`id$21750, Parallel`Kernels`Private`name$21750], Parallel`Kernels`Private`ek[Parallel`Kernels`Private`nev$21751, Parallel`Kernels`Private`pb$21751, Parallel`Kernels`Private`rd$21751], Parallel`Kernels`Private`sk[Parallel`Kernels`Private`q$21752, Parallel`Kernels`Private`n0$21752, Parallel`Kernels`Private`n1$21752]]]
                                                                                                                                                                                              -6
NIntegrate::ncvb: NIntegrate failed to converge to prescribed accuracy after 2 recursive bisections in xD near {xD, yD} = {0.0503957, 0.023598}. NIntegrate obtained 0.000453833 and 1.4701 10   for the integral and error estimates.
a = -1040e-4
Time consumption: 2.3004485591666666
MaxMemUse :144.38314056396484 MB
