Configured Kernels: {SubKernels`LocalKernels`LocalMachine[4, SubKernels`LocalKernels`LowerPriority -> True]}
Processor Count: 4

Set::wrsym: Symbol pmax is Protected.
Modules loaded ...
3 Kernels launched ...
Run started at Thu 8 Oct 2020 14:28:47, Bins: {1, 98}
StringForm[From `1`:, Parallel`Kernels`kernel[Parallel`Kernels`Private`bk[SubKernels`LocalKernels`localKernel[SubKernels`LocalKernels`Private`lk[LinkObject[/usr/local/Wolfram/Mathematica/12.0/Executables/wolfram -subkernel -noinit -nopaclet -wstp, 209, 2], {/usr/local/Wolfram/Mathematica/12.0/Executables/wolfram -subkernel -noinit -nopaclet -wstp}, SubKernels`LocalKernels`Private`speed$45486, SubKernels`LocalKernels`Private`preemptive$45486]], Parallel`Kernels`Private`id$45495, Parallel`Kernels`Private`name$45495], Parallel`Kernels`Private`ek[Parallel`Kernels`Private`nev$45496, Parallel`Kernels`Private`pb$45496, Parallel`Kernels`Private`rd$45496], Parallel`Kernels`Private`sk[Parallel`Kernels`Private`q$45497, Parallel`Kernels`Private`n0$45497, Parallel`Kernels`Private`n1$45497]]]
                                                                                                                                                                                                 -6
NIntegrate::ncvb: NIntegrate failed to converge to prescribed accuracy after 2 recursive bisections in yD near {xD, yD} = {-0.0307794, 0.0371083}. NIntegrate obtained 0.000600451 and 1.20536 10   for the integral and error estimates.
StringForm[From `1`:, Parallel`Kernels`kernel[Parallel`Kernels`Private`bk[SubKernels`LocalKernels`localKernel[SubKernels`LocalKernels`Private`lk[LinkObject[/usr/local/Wolfram/Mathematica/12.0/Executables/wolfram -subkernel -noinit -nopaclet -wstp, 209, 2], {/usr/local/Wolfram/Mathematica/12.0/Executables/wolfram -subkernel -noinit -nopaclet -wstp}, SubKernels`LocalKernels`Private`speed$45486, SubKernels`LocalKernels`Private`preemptive$45486]], Parallel`Kernels`Private`id$45495, Parallel`Kernels`Private`name$45495], Parallel`Kernels`Private`ek[Parallel`Kernels`Private`nev$45496, Parallel`Kernels`Private`pb$45496, Parallel`Kernels`Private`rd$45496], Parallel`Kernels`Private`sk[Parallel`Kernels`Private`q$45497, Parallel`Kernels`Private`n0$45497, Parallel`Kernels`Private`n1$45497]]]
                                                                                                                                                                                                  -6
NIntegrate::ncvb: NIntegrate failed to converge to prescribed accuracy after 2 recursive bisections in yD near {xD, yD} = {-0.0257794, 0.0471083}. NIntegrate obtained 0.0000152765 and 5.87825 10   for the integral and error estimates.
StringForm[From `1`:, Parallel`Kernels`kernel[Parallel`Kernels`Private`bk[SubKernels`LocalKernels`localKernel[SubKernels`LocalKernels`Private`lk[LinkObject[/usr/local/Wolfram/Mathematica/12.0/Executables/wolfram -subkernel -noinit -nopaclet -wstp, 208, 1], {/usr/local/Wolfram/Mathematica/12.0/Executables/wolfram -subkernel -noinit -nopaclet -wstp}, SubKernels`LocalKernels`Private`speed$45485, SubKernels`LocalKernels`Private`preemptive$45485]], Parallel`Kernels`Private`id$45491, Parallel`Kernels`Private`name$45491], Parallel`Kernels`Private`ek[Parallel`Kernels`Private`nev$45492, Parallel`Kernels`Private`pb$45492, Parallel`Kernels`Private`rd$45492], Parallel`Kernels`Private`sk[Parallel`Kernels`Private`q$45493, Parallel`Kernels`Private`n0$45493, Parallel`Kernels`Private`n1$45493]]]
                                                                                                                                                                                                  -6
NIntegrate::ncvb: NIntegrate failed to converge to prescribed accuracy after 2 recursive bisections in yD near {xD, yD} = {-0.0303897, -0.0153897}. NIntegrate obtained 0.000786516 and 2.26132 10   for the integral and error estimates.
StringForm[From `1`:, Parallel`Kernels`kernel[Parallel`Kernels`Private`bk[SubKernels`LocalKernels`localKernel[SubKernels`LocalKernels`Private`lk[LinkObject[/usr/local/Wolfram/Mathematica/12.0/Executables/wolfram -subkernel -noinit -nopaclet -wstp, 209, 2], {/usr/local/Wolfram/Mathematica/12.0/Executables/wolfram -subkernel -noinit -nopaclet -wstp}, SubKernels`LocalKernels`Private`speed$45486, SubKernels`LocalKernels`Private`preemptive$45486]], Parallel`Kernels`Private`id$45495, Parallel`Kernels`Private`name$45495], Parallel`Kernels`Private`ek[Parallel`Kernels`Private`nev$45496, Parallel`Kernels`Private`pb$45496, Parallel`Kernels`Private`rd$45496], Parallel`Kernels`Private`sk[Parallel`Kernels`Private`q$45497, Parallel`Kernels`Private`n0$45497, Parallel`Kernels`Private`n1$45497]]]
NIntegrate::ncvb: NIntegrate failed to converge to prescribed accuracy after 2 recursive bisections in yD near {xD, yD} = {-0.0257794, 0.0346083}. NIntegrate obtained 0.00664364 and 0.0000122467 for the integral and error estimates.
StringForm[From `1`:, Parallel`Kernels`kernel[Parallel`Kernels`Private`bk[SubKernels`LocalKernels`localKernel[SubKernels`LocalKernels`Private`lk[LinkObject[/usr/local/Wolfram/Mathematica/12.0/Executables/wolfram -subkernel -noinit -nopaclet -wstp, 208, 1], {/usr/local/Wolfram/Mathematica/12.0/Executables/wolfram -subkernel -noinit -nopaclet -wstp}, SubKernels`LocalKernels`Private`speed$45485, SubKernels`LocalKernels`Private`preemptive$45485]], Parallel`Kernels`Private`id$45491, Parallel`Kernels`Private`name$45491], Parallel`Kernels`Private`ek[Parallel`Kernels`Private`nev$45492, Parallel`Kernels`Private`pb$45492, Parallel`Kernels`Private`rd$45492], Parallel`Kernels`Private`sk[Parallel`Kernels`Private`q$45493, Parallel`Kernels`Private`n0$45493, Parallel`Kernels`Private`n1$45493]]]
                                                                                                                                                                                                   -6
NIntegrate::ncvb: NIntegrate failed to converge to prescribed accuracy after 2 recursive bisections in yD near {xD, yD} = {-0.0257794, -0.0253897}. NIntegrate obtained 0.0000885776 and 6.02639 10   for the integral and error estimates.
StringForm[From `1`:, Parallel`Kernels`kernel[Parallel`Kernels`Private`bk[SubKernels`LocalKernels`localKernel[SubKernels`LocalKernels`Private`lk[LinkObject[/usr/local/Wolfram/Mathematica/12.0/Executables/wolfram -subkernel -noinit -nopaclet -wstp, 209, 2], {/usr/local/Wolfram/Mathematica/12.0/Executables/wolfram -subkernel -noinit -nopaclet -wstp}, SubKernels`LocalKernels`Private`speed$45486, SubKernels`LocalKernels`Private`preemptive$45486]], Parallel`Kernels`Private`id$45495, Parallel`Kernels`Private`name$45495], Parallel`Kernels`Private`ek[Parallel`Kernels`Private`nev$45496, Parallel`Kernels`Private`pb$45496, Parallel`Kernels`Private`rd$45496], Parallel`Kernels`Private`sk[Parallel`Kernels`Private`q$45497, Parallel`Kernels`Private`n0$45497, Parallel`Kernels`Private`n1$45497]]]
                                                                                                                                                                                                 -6
NIntegrate::ncvb: NIntegrate failed to converge to prescribed accuracy after 2 recursive bisections in xD near {xD, yD} = {-0.0251948, -0.0157794}. NIntegrate obtained 0.00176893 and 8.12316 10   for the integral and error estimates.
b = 0e-4
Time consumption: 14.360292970277778
MaxMemUse :142.66151428222656 MB
Configured Kernels: {SubKernels`LocalKernels`LocalMachine[4, SubKernels`LocalKernels`LowerPriority -> True]}
Processor Count: 4

Set::wrsym: Symbol pmax is Protected.
Modules loaded ...
3 Kernels launched ...
Run started at Fri 9 Oct 2020 04:50:26, Bins: {99, 106}
StringForm[From `1`:, Parallel`Kernels`kernel[Parallel`Kernels`Private`bk[SubKernels`LocalKernels`localKernel[SubKernels`LocalKernels`Private`lk[LinkObject[/usr/local/Wolfram/Mathematica/12.0/Executables/wolfram -subkernel -noinit -nopaclet -wstp, 208, 1], {/usr/local/Wolfram/Mathematica/12.0/Executables/wolfram -subkernel -noinit -nopaclet -wstp}, SubKernels`LocalKernels`Private`speed$60054, SubKernels`LocalKernels`Private`preemptive$60054]], Parallel`Kernels`Private`id$60060, Parallel`Kernels`Private`name$60060], Parallel`Kernels`Private`ek[Parallel`Kernels`Private`nev$60061, Parallel`Kernels`Private`pb$60061, Parallel`Kernels`Private`rd$60061], Parallel`Kernels`Private`sk[Parallel`Kernels`Private`q$60062, Parallel`Kernels`Private`n0$60062, Parallel`Kernels`Private`n1$60062]]]
NIntegrate::ncvb: NIntegrate failed to converge to prescribed accuracy after 2 recursive bisections in yD near {xD, yD} = {-0.0207794, 0.0446083}. NIntegrate obtained 0.00208832 and 0.0000134483 for the integral and error estimates.
b = 0e-4
Time consumption: 11.015286796111111
MaxMemUse :142.9518814086914 MB
Configured Kernels: {SubKernels`LocalKernels`LocalMachine[4, SubKernels`LocalKernels`LowerPriority -> True]}
Processor Count: 4

Set::wrsym: Symbol pmax is Protected.
Modules loaded ...
3 Kernels launched ...
Run started at Fri 9 Oct 2020 15:51:23, Bins: {107, 122}
StringForm[From `1`:, Parallel`Kernels`kernel[Parallel`Kernels`Private`bk[SubKernels`LocalKernels`localKernel[SubKernels`LocalKernels`Private`lk[LinkObject[/usr/local/Wolfram/Mathematica/12.0/Executables/wolfram -subkernel -noinit -nopaclet -wstp, 209, 2], {/usr/local/Wolfram/Mathematica/12.0/Executables/wolfram -subkernel -noinit -nopaclet -wstp}, SubKernels`LocalKernels`Private`speed$58664, SubKernels`LocalKernels`Private`preemptive$58664]], Parallel`Kernels`Private`id$58673, Parallel`Kernels`Private`name$58673], Parallel`Kernels`Private`ek[Parallel`Kernels`Private`nev$58674, Parallel`Kernels`Private`pb$58674, Parallel`Kernels`Private`rd$58674], Parallel`Kernels`Private`sk[Parallel`Kernels`Private`q$58675, Parallel`Kernels`Private`n0$58675, Parallel`Kernels`Private`n1$58675]]]
                                                                                                                                                                                                  -6
NIntegrate::ncvb: NIntegrate failed to converge to prescribed accuracy after 2 recursive bisections in yD near {xD, yD} = {-0.0228897, -0.0278897}. NIntegrate obtained 0.000141131 and 8.29462 10   for the integral and error estimates.
StringForm[From `1`:, Parallel`Kernels`kernel[Parallel`Kernels`Private`bk[SubKernels`LocalKernels`localKernel[SubKernels`LocalKernels`Private`lk[LinkObject[/usr/local/Wolfram/Mathematica/12.0/Executables/wolfram -subkernel -noinit -nopaclet -wstp, 210, 3], {/usr/local/Wolfram/Mathematica/12.0/Executables/wolfram -subkernel -noinit -nopaclet -wstp}, SubKernels`LocalKernels`Private`speed$58665, SubKernels`LocalKernels`Private`preemptive$58665]], Parallel`Kernels`Private`id$58677, Parallel`Kernels`Private`name$58677], Parallel`Kernels`Private`ek[Parallel`Kernels`Private`nev$58678, Parallel`Kernels`Private`pb$58678, Parallel`Kernels`Private`rd$58678], Parallel`Kernels`Private`sk[Parallel`Kernels`Private`q$58679, Parallel`Kernels`Private`n0$58679, Parallel`Kernels`Private`n1$58679]]]
NIntegrate::ncvb: NIntegrate failed to converge to prescribed accuracy after 2 recursive bisections in yD near {xD, yD} = {-0.0207794, -0.0203897}. NIntegrate obtained 0.00332565 and 0.0000135607 for the integral and error estimates.
StringForm[From `1`:, Parallel`Kernels`kernel[Parallel`Kernels`Private`bk[SubKernels`LocalKernels`localKernel[SubKernels`LocalKernels`Private`lk[LinkObject[/usr/local/Wolfram/Mathematica/12.0/Executables/wolfram -subkernel -noinit -nopaclet -wstp, 209, 2], {/usr/local/Wolfram/Mathematica/12.0/Executables/wolfram -subkernel -noinit -nopaclet -wstp}, SubKernels`LocalKernels`Private`speed$58664, SubKernels`LocalKernels`Private`preemptive$58664]], Parallel`Kernels`Private`id$58673, Parallel`Kernels`Private`name$58673], Parallel`Kernels`Private`ek[Parallel`Kernels`Private`nev$58674, Parallel`Kernels`Private`pb$58674, Parallel`Kernels`Private`rd$58674], Parallel`Kernels`Private`sk[Parallel`Kernels`Private`q$58675, Parallel`Kernels`Private`n0$58675, Parallel`Kernels`Private`n1$58675]]]
NIntegrate::ncvb: NIntegrate failed to converge to prescribed accuracy after 2 recursive bisections in yD near {xD, yD} = {-0.0157794, 0.0271083}. NIntegrate obtained 0.021069 and 0.0000699593 for the integral and error estimates.
StringForm[From `1`:, Parallel`Kernels`kernel[Parallel`Kernels`Private`bk[SubKernels`LocalKernels`localKernel[SubKernels`LocalKernels`Private`lk[LinkObject[/usr/local/Wolfram/Mathematica/12.0/Executables/wolfram -subkernel -noinit -nopaclet -wstp, 208, 1], {/usr/local/Wolfram/Mathematica/12.0/Executables/wolfram -subkernel -noinit -nopaclet -wstp}, SubKernels`LocalKernels`Private`speed$58663, SubKernels`LocalKernels`Private`preemptive$58663]], Parallel`Kernels`Private`id$58669, Parallel`Kernels`Private`name$58669], Parallel`Kernels`Private`ek[Parallel`Kernels`Private`nev$58670, Parallel`Kernels`Private`pb$58670, Parallel`Kernels`Private`rd$58670], Parallel`Kernels`Private`sk[Parallel`Kernels`Private`q$58671, Parallel`Kernels`Private`n0$58671, Parallel`Kernels`Private`n1$58671]]]
NIntegrate::ncvb: NIntegrate failed to converge to prescribed accuracy after 2 recursive bisections in yD near {xD, yD} = {-0.0178897, 0.0396083}. NIntegrate obtained 0.0029075 and 0.0000232145 for the integral and error estimates.
StringForm[From `1`:, Parallel`Kernels`kernel[Parallel`Kernels`Private`bk[SubKernels`LocalKernels`localKernel[SubKernels`LocalKernels`Private`lk[LinkObject[/usr/local/Wolfram/Mathematica/12.0/Executables/wolfram -subkernel -noinit -nopaclet -wstp, 208, 1], {/usr/local/Wolfram/Mathematica/12.0/Executables/wolfram -subkernel -noinit -nopaclet -wstp}, SubKernels`LocalKernels`Private`speed$58663, SubKernels`LocalKernels`Private`preemptive$58663]], Parallel`Kernels`Private`id$58669, Parallel`Kernels`Private`name$58669], Parallel`Kernels`Private`ek[Parallel`Kernels`Private`nev$58670, Parallel`Kernels`Private`pb$58670, Parallel`Kernels`Private`rd$58670], Parallel`Kernels`Private`sk[Parallel`Kernels`Private`q$58671, Parallel`Kernels`Private`n0$58671, Parallel`Kernels`Private`n1$58671]]]
NIntegrate::ncvb: NIntegrate failed to converge to prescribed accuracy after 2 recursive bisections in yD near {xD, yD} = {-0.0157794, -0.0253897}. NIntegrate obtained 0.0000887632 and 0.0000959895 for the integral and error estimates.
StringForm[From `1`:, Parallel`Kernels`kernel[Parallel`Kernels`Private`bk[SubKernels`LocalKernels`localKernel[SubKernels`LocalKernels`Private`lk[LinkObject[/usr/local/Wolfram/Mathematica/12.0/Executables/wolfram -subkernel -noinit -nopaclet -wstp, 210, 3], {/usr/local/Wolfram/Mathematica/12.0/Executables/wolfram -subkernel -noinit -nopaclet -wstp}, SubKernels`LocalKernels`Private`speed$58665, SubKernels`LocalKernels`Private`preemptive$58665]], Parallel`Kernels`Private`id$58677, Parallel`Kernels`Private`name$58677], Parallel`Kernels`Private`ek[Parallel`Kernels`Private`nev$58678, Parallel`Kernels`Private`pb$58678, Parallel`Kernels`Private`rd$58678], Parallel`Kernels`Private`sk[Parallel`Kernels`Private`q$58679, Parallel`Kernels`Private`n0$58679, Parallel`Kernels`Private`n1$58679]]]
NIntegrate::ncvb: NIntegrate failed to converge to prescribed accuracy after 2 recursive bisections in yD near {xD, yD} = {-0.0157794, -0.0203897}. NIntegrate obtained 0.00530796 and 0.0000158967 for the integral and error estimates.
b = 0e-4
Time consumption: 12.901761283055556
MaxMemUse :142.94146728515625 MB
Configured Kernels: {SubKernels`LocalKernels`LocalMachine[4, SubKernels`LocalKernels`LowerPriority -> True]}
Processor Count: 4

Set::wrsym: Symbol pmax is Protected.
Modules loaded ...
3 Kernels launched ...
Run started at Sat 10 Oct 2020 04:45:30, Bins: {123, 138}
StringForm[From `1`:, Parallel`Kernels`kernel[Parallel`Kernels`Private`bk[SubKernels`LocalKernels`localKernel[SubKernels`LocalKernels`Private`lk[LinkObject[/usr/local/Wolfram/Mathematica/12.0/Executables/wolfram -subkernel -noinit -nopaclet -wstp, 210, 3], {/usr/local/Wolfram/Mathematica/12.0/Executables/wolfram -subkernel -noinit -nopaclet -wstp}, SubKernels`LocalKernels`Private`speed$58028, SubKernels`LocalKernels`Private`preemptive$58028]], Parallel`Kernels`Private`id$58040, Parallel`Kernels`Private`name$58040], Parallel`Kernels`Private`ek[Parallel`Kernels`Private`nev$58041, Parallel`Kernels`Private`pb$58041, Parallel`Kernels`Private`rd$58041], Parallel`Kernels`Private`sk[Parallel`Kernels`Private`q$58042, Parallel`Kernels`Private`n0$58042, Parallel`Kernels`Private`n1$58042]]]
NIntegrate::ncvb: NIntegrate failed to converge to prescribed accuracy after 2 recursive bisections in yD near {xD, yD} = {-0.0107794, 0.0421083}. NIntegrate obtained 0.0033942 and 0.000232955 for the integral and error estimates.
StringForm[From `1`:, Parallel`Kernels`kernel[Parallel`Kernels`Private`bk[SubKernels`LocalKernels`localKernel[SubKernels`LocalKernels`Private`lk[LinkObject[/usr/local/Wolfram/Mathematica/12.0/Executables/wolfram -subkernel -noinit -nopaclet -wstp, 209, 2], {/usr/local/Wolfram/Mathematica/12.0/Executables/wolfram -subkernel -noinit -nopaclet -wstp}, SubKernels`LocalKernels`Private`speed$58027, SubKernels`LocalKernels`Private`preemptive$58027]], Parallel`Kernels`Private`id$58036, Parallel`Kernels`Private`name$58036], Parallel`Kernels`Private`ek[Parallel`Kernels`Private`nev$58037, Parallel`Kernels`Private`pb$58037, Parallel`Kernels`Private`rd$58037], Parallel`Kernels`Private`sk[Parallel`Kernels`Private`q$58038, Parallel`Kernels`Private`n0$58038, Parallel`Kernels`Private`n1$58038]]]
NIntegrate::ncvb: NIntegrate failed to converge to prescribed accuracy after 2 recursive bisections in yD near {xD, yD} = {-0.0107794, 0.0296083}. NIntegrate obtained 0.0304779 and 0.0000760934 for the integral and error estimates.
StringForm[From `1`:, Parallel`Kernels`kernel[Parallel`Kernels`Private`bk[SubKernels`LocalKernels`localKernel[SubKernels`LocalKernels`Private`lk[LinkObject[/usr/local/Wolfram/Mathematica/12.0/Executables/wolfram -subkernel -noinit -nopaclet -wstp, 210, 3], {/usr/local/Wolfram/Mathematica/12.0/Executables/wolfram -subkernel -noinit -nopaclet -wstp}, SubKernels`LocalKernels`Private`speed$58028, SubKernels`LocalKernels`Private`preemptive$58028]], Parallel`Kernels`Private`id$58040, Parallel`Kernels`Private`name$58040], Parallel`Kernels`Private`ek[Parallel`Kernels`Private`nev$58041, Parallel`Kernels`Private`pb$58041, Parallel`Kernels`Private`rd$58041], Parallel`Kernels`Private`sk[Parallel`Kernels`Private`q$58042, Parallel`Kernels`Private`n0$58042, Parallel`Kernels`Private`n1$58042]]]
                                                                                                                                                                                  -6               -6
NIntegrate::ncvb: NIntegrate failed to converge to prescribed accuracy after 2 recursive bisections in xD near {xD, yD} = {-0.0139448, -0.0265588}. NIntegrate obtained 2.77941 10   and 6.60109 10   for the integral and error estimates.
StringForm[From `1`:, Parallel`Kernels`kernel[Parallel`Kernels`Private`bk[SubKernels`LocalKernels`localKernel[SubKernels`LocalKernels`Private`lk[LinkObject[/usr/local/Wolfram/Mathematica/12.0/Executables/wolfram -subkernel -noinit -nopaclet -wstp, 209, 2], {/usr/local/Wolfram/Mathematica/12.0/Executables/wolfram -subkernel -noinit -nopaclet -wstp}, SubKernels`LocalKernels`Private`speed$58027, SubKernels`LocalKernels`Private`preemptive$58027]], Parallel`Kernels`Private`id$58036, Parallel`Kernels`Private`name$58036], Parallel`Kernels`Private`ek[Parallel`Kernels`Private`nev$58037, Parallel`Kernels`Private`pb$58037, Parallel`Kernels`Private`rd$58037], Parallel`Kernels`Private`sk[Parallel`Kernels`Private`q$58038, Parallel`Kernels`Private`n0$58038, Parallel`Kernels`Private`n1$58038]]]
NIntegrate::ncvb: NIntegrate failed to converge to prescribed accuracy after 2 recursive bisections in yD near {xD, yD} = {-0.0107794, -0.0178897}. NIntegrate obtained 0.00728705 and 0.0000245103 for the integral and error estimates.
StringForm[From `1`:, Parallel`Kernels`kernel[Parallel`Kernels`Private`bk[SubKernels`LocalKernels`localKernel[SubKernels`LocalKernels`Private`lk[LinkObject[/usr/local/Wolfram/Mathematica/12.0/Executables/wolfram -subkernel -noinit -nopaclet -wstp, 210, 3], {/usr/local/Wolfram/Mathematica/12.0/Executables/wolfram -subkernel -noinit -nopaclet -wstp}, SubKernels`LocalKernels`Private`speed$58028, SubKernels`LocalKernels`Private`preemptive$58028]], Parallel`Kernels`Private`id$58040, Parallel`Kernels`Private`name$58040], Parallel`Kernels`Private`ek[Parallel`Kernels`Private`nev$58041, Parallel`Kernels`Private`pb$58041, Parallel`Kernels`Private`rd$58041], Parallel`Kernels`Private`sk[Parallel`Kernels`Private`q$58042, Parallel`Kernels`Private`n0$58042, Parallel`Kernels`Private`n1$58042]]]
                                                                                                                                                                                                -6
NIntegrate::ncvb: NIntegrate failed to converge to prescribed accuracy after 2 recursive bisections in xD near {xD, yD} = {-0.00894485, 0.0442186}. NIntegrate obtained 0.00305545 and 6.0642 10   for the integral and error estimates.
StringForm[From `1`:, Parallel`Kernels`kernel[Parallel`Kernels`Private`bk[SubKernels`LocalKernels`localKernel[SubKernels`LocalKernels`Private`lk[LinkObject[/usr/local/Wolfram/Mathematica/12.0/Executables/wolfram -subkernel -noinit -nopaclet -wstp, 208, 1], {/usr/local/Wolfram/Mathematica/12.0/Executables/wolfram -subkernel -noinit -nopaclet -wstp}, SubKernels`LocalKernels`Private`speed$58026, SubKernels`LocalKernels`Private`preemptive$58026]], Parallel`Kernels`Private`id$58032, Parallel`Kernels`Private`name$58032], Parallel`Kernels`Private`ek[Parallel`Kernels`Private`nev$58033, Parallel`Kernels`Private`pb$58033, Parallel`Kernels`Private`rd$58033], Parallel`Kernels`Private`sk[Parallel`Kernels`Private`q$58034, Parallel`Kernels`Private`n0$58034, Parallel`Kernels`Private`n1$58034]]]
NIntegrate::ncvb: NIntegrate failed to converge to prescribed accuracy after 2 recursive bisections in yD near {xD, yD} = {-0.0103897, -0.00788969}. NIntegrate obtained 0.0443556 and 0.0000984445 for the integral and error estimates.
StringForm[From `1`:, Parallel`Kernels`kernel[Parallel`Kernels`Private`bk[SubKernels`LocalKernels`localKernel[SubKernels`LocalKernels`Private`lk[LinkObject[/usr/local/Wolfram/Mathematica/12.0/Executables/wolfram -subkernel -noinit -nopaclet -wstp, 209, 2], {/usr/local/Wolfram/Mathematica/12.0/Executables/wolfram -subkernel -noinit -nopaclet -wstp}, SubKernels`LocalKernels`Private`speed$58027, SubKernels`LocalKernels`Private`preemptive$58027]], Parallel`Kernels`Private`id$58036, Parallel`Kernels`Private`name$58036], Parallel`Kernels`Private`ek[Parallel`Kernels`Private`nev$58037, Parallel`Kernels`Private`pb$58037, Parallel`Kernels`Private`rd$58037], Parallel`Kernels`Private`sk[Parallel`Kernels`Private`q$58038, Parallel`Kernels`Private`n0$58038, Parallel`Kernels`Private`n1$58038]]]
NIntegrate::ncvb: NIntegrate failed to converge to prescribed accuracy after 2 recursive bisections in yD near {xD, yD} = {-0.00577938, 0.0271083}. NIntegrate obtained 0.0388112 and 0.000224747 for the integral and error estimates.
b = 0e-4
Time consumption: 14.859607701666667
MaxMemUse :142.95848846435547 MB
Configured Kernels: {SubKernels`LocalKernels`LocalMachine[4, SubKernels`LocalKernels`LowerPriority -> True]}
Processor Count: 4

Set::wrsym: Symbol pmax is Protected.
Modules loaded ...
3 Kernels launched ...
Run started at Sat 10 Oct 2020 19:37:06, Bins: {139, 154}
StringForm[From `1`:, Parallel`Kernels`kernel[Parallel`Kernels`Private`bk[SubKernels`LocalKernels`localKernel[SubKernels`LocalKernels`Private`lk[LinkObject[/usr/local/Wolfram/Mathematica/12.0/Executables/wolfram -subkernel -noinit -nopaclet -wstp, 208, 1], {/usr/local/Wolfram/Mathematica/12.0/Executables/wolfram -subkernel -noinit -nopaclet -wstp}, SubKernels`LocalKernels`Private`speed$58609, SubKernels`LocalKernels`Private`preemptive$58609]], Parallel`Kernels`Private`id$58615, Parallel`Kernels`Private`name$58615], Parallel`Kernels`Private`ek[Parallel`Kernels`Private`nev$58616, Parallel`Kernels`Private`pb$58616, Parallel`Kernels`Private`rd$58616], Parallel`Kernels`Private`sk[Parallel`Kernels`Private`q$58617, Parallel`Kernels`Private`n0$58617, Parallel`Kernels`Private`n1$58617]]]
NIntegrate::ncvb: NIntegrate failed to converge to prescribed accuracy after 2 recursive bisections in yD near {xD, yD} = {-0.000779382, 0.0396083}. NIntegrate obtained 0.00214266 and 0.000102806 for the integral and error estimates.
StringForm[From `1`:, Parallel`Kernels`kernel[Parallel`Kernels`Private`bk[SubKernels`LocalKernels`localKernel[SubKernels`LocalKernels`Private`lk[LinkObject[/usr/local/Wolfram/Mathematica/12.0/Executables/wolfram -subkernel -noinit -nopaclet -wstp, 209, 2], {/usr/local/Wolfram/Mathematica/12.0/Executables/wolfram -subkernel -noinit -nopaclet -wstp}, SubKernels`LocalKernels`Private`speed$58610, SubKernels`LocalKernels`Private`preemptive$58610]], Parallel`Kernels`Private`id$58619, Parallel`Kernels`Private`name$58619], Parallel`Kernels`Private`ek[Parallel`Kernels`Private`nev$58620, Parallel`Kernels`Private`pb$58620, Parallel`Kernels`Private`rd$58620], Parallel`Kernels`Private`sk[Parallel`Kernels`Private`q$58621, Parallel`Kernels`Private`n0$58621, Parallel`Kernels`Private`n1$58621]]]
NIntegrate::ncvb: NIntegrate failed to converge to prescribed accuracy after 3 recursive bisections in yD near {xD, yD} = {-0.00577938, -0.0226948}. NIntegrate obtained 0.00829626 and 0.000274831 for the integral and error estimates.
StringForm[From `1`:, Parallel`Kernels`kernel[Parallel`Kernels`Private`bk[SubKernels`LocalKernels`localKernel[SubKernels`LocalKernels`Private`lk[LinkObject[/usr/local/Wolfram/Mathematica/12.0/Executables/wolfram -subkernel -noinit -nopaclet -wstp, 210, 3], {/usr/local/Wolfram/Mathematica/12.0/Executables/wolfram -subkernel -noinit -nopaclet -wstp}, SubKernels`LocalKernels`Private`speed$58611, SubKernels`LocalKernels`Private`preemptive$58611]], Parallel`Kernels`Private`id$58623, Parallel`Kernels`Private`name$58623], Parallel`Kernels`Private`ek[Parallel`Kernels`Private`nev$58624, Parallel`Kernels`Private`pb$58624, Parallel`Kernels`Private`rd$58624], Parallel`Kernels`Private`sk[Parallel`Kernels`Private`q$58625, Parallel`Kernels`Private`n0$58625, Parallel`Kernels`Private`n1$58625]]]
NIntegrate::ncvb: NIntegrate failed to converge to prescribed accuracy after 2 recursive bisections in yD near {xD, yD} = {-0.00577938, -0.00788969}. NIntegrate obtained 0.0602458 and 0.000137145 for the integral and error estimates.
StringForm[From `1`:, Parallel`Kernels`kernel[Parallel`Kernels`Private`bk[SubKernels`LocalKernels`localKernel[SubKernels`LocalKernels`Private`lk[LinkObject[/usr/local/Wolfram/Mathematica/12.0/Executables/wolfram -subkernel -noinit -nopaclet -wstp, 208, 1], {/usr/local/Wolfram/Mathematica/12.0/Executables/wolfram -subkernel -noinit -nopaclet -wstp}, SubKernels`LocalKernels`Private`speed$58609, SubKernels`LocalKernels`Private`preemptive$58609]], Parallel`Kernels`Private`id$58615, Parallel`Kernels`Private`name$58615], Parallel`Kernels`Private`ek[Parallel`Kernels`Private`nev$58616, Parallel`Kernels`Private`pb$58616, Parallel`Kernels`Private`rd$58616], Parallel`Kernels`Private`sk[Parallel`Kernels`Private`q$58617, Parallel`Kernels`Private`n0$58617, Parallel`Kernels`Private`n1$58617]]]
NIntegrate::ncvb: NIntegrate failed to converge to prescribed accuracy after 2 recursive bisections in yD near {xD, yD} = {-0.000779382, 0.0271083}. NIntegrate obtained 0.0435088 and 0.000119826 for the integral and error estimates.
StringForm[From `1`:, Parallel`Kernels`kernel[Parallel`Kernels`Private`bk[SubKernels`LocalKernels`localKernel[SubKernels`LocalKernels`Private`lk[LinkObject[/usr/local/Wolfram/Mathematica/12.0/Executables/wolfram -subkernel -noinit -nopaclet -wstp, 209, 2], {/usr/local/Wolfram/Mathematica/12.0/Executables/wolfram -subkernel -noinit -nopaclet -wstp}, SubKernels`LocalKernels`Private`speed$58610, SubKernels`LocalKernels`Private`preemptive$58610]], Parallel`Kernels`Private`id$58619, Parallel`Kernels`Private`name$58619], Parallel`Kernels`Private`ek[Parallel`Kernels`Private`nev$58620, Parallel`Kernels`Private`pb$58620, Parallel`Kernels`Private`rd$58620], Parallel`Kernels`Private`sk[Parallel`Kernels`Private`q$58621, Parallel`Kernels`Private`n0$58621, Parallel`Kernels`Private`n1$58621]]]
NIntegrate::ncvb: NIntegrate failed to converge to prescribed accuracy after 2 recursive bisections in yD near {xD, yD} = {-0.000779382, 0.0221083}. NIntegrate obtained 0.13592 and 0.000194867 for the integral and error estimates.
StringForm[From `1`:, Parallel`Kernels`kernel[Parallel`Kernels`Private`bk[SubKernels`LocalKernels`localKernel[SubKernels`LocalKernels`Private`lk[LinkObject[/usr/local/Wolfram/Mathematica/12.0/Executables/wolfram -subkernel -noinit -nopaclet -wstp, 210, 3], {/usr/local/Wolfram/Mathematica/12.0/Executables/wolfram -subkernel -noinit -nopaclet -wstp}, SubKernels`LocalKernels`Private`speed$58611, SubKernels`LocalKernels`Private`preemptive$58611]], Parallel`Kernels`Private`id$58623, Parallel`Kernels`Private`name$58623], Parallel`Kernels`Private`ek[Parallel`Kernels`Private`nev$58624, Parallel`Kernels`Private`pb$58624, Parallel`Kernels`Private`rd$58624], Parallel`Kernels`Private`sk[Parallel`Kernels`Private`q$58625, Parallel`Kernels`Private`n0$58625, Parallel`Kernels`Private`n1$58625]]]
NIntegrate::ncvb: NIntegrate failed to converge to prescribed accuracy after 2 recursive bisections in yD near {xD, yD} = {-0.000779382, -0.0203897}. NIntegrate obtained 0.00780039 and 0.0000986303 for the integral and error estimates.
StringForm[From `1`:, Parallel`Kernels`kernel[Parallel`Kernels`Private`bk[SubKernels`LocalKernels`localKernel[SubKernels`LocalKernels`Private`lk[LinkObject[/usr/local/Wolfram/Mathematica/12.0/Executables/wolfram -subkernel -noinit -nopaclet -wstp, 208, 1], {/usr/local/Wolfram/Mathematica/12.0/Executables/wolfram -subkernel -noinit -nopaclet -wstp}, SubKernels`LocalKernels`Private`speed$58609, SubKernels`LocalKernels`Private`preemptive$58609]], Parallel`Kernels`Private`id$58615, Parallel`Kernels`Private`name$58615], Parallel`Kernels`Private`ek[Parallel`Kernels`Private`nev$58616, Parallel`Kernels`Private`pb$58616, Parallel`Kernels`Private`rd$58616], Parallel`Kernels`Private`sk[Parallel`Kernels`Private`q$58617, Parallel`Kernels`Private`n0$58617, Parallel`Kernels`Private`n1$58617]]]
NIntegrate::ncvb: NIntegrate failed to converge to prescribed accuracy after 2 recursive bisections in yD near {xD, yD} = {-0.000779382, -0.00788969}. NIntegrate obtained 0.0722754 and 0.000186867 for the integral and error estimates.
b = 0e-4
Time consumption: 12.41400121611111
MaxMemUse :142.935546875 MB
Configured Kernels: {SubKernels`LocalKernels`LocalMachine[4, SubKernels`LocalKernels`LowerPriority -> True]}
Processor Count: 4

Set::wrsym: Symbol pmax is Protected.
Modules loaded ...
3 Kernels launched ...
Run started at Sun 11 Oct 2020 08:01:58, Bins: {155, 170}
StringForm[From `1`:, Parallel`Kernels`kernel[Parallel`Kernels`Private`bk[SubKernels`LocalKernels`localKernel[SubKernels`LocalKernels`Private`lk[LinkObject[/usr/local/Wolfram/Mathematica/12.0/Executables/wolfram -subkernel -noinit -nopaclet -wstp, 232, 3], {/usr/local/Wolfram/Mathematica/12.0/Executables/wolfram -subkernel -noinit -nopaclet -wstp}, SubKernels`LocalKernels`Private`speed$59053, SubKernels`LocalKernels`Private`preemptive$59053]], Parallel`Kernels`Private`id$59062, Parallel`Kernels`Private`name$59062], Parallel`Kernels`Private`ek[Parallel`Kernels`Private`nev$59063, Parallel`Kernels`Private`pb$59063, Parallel`Kernels`Private`rd$59063], Parallel`Kernels`Private`sk[Parallel`Kernels`Private`q$59064, Parallel`Kernels`Private`n0$59064, Parallel`Kernels`Private`n1$59064]]]
NIntegrate::ncvb: NIntegrate failed to converge to prescribed accuracy after 2 recursive bisections in yD near {xD, yD} = {0.00422062, 0.0371083}. NIntegrate obtained 0.000812041 and 0.000214316 for the integral and error estimates.
StringForm[From `1`:, Parallel`Kernels`kernel[Parallel`Kernels`Private`bk[SubKernels`LocalKernels`localKernel[SubKernels`LocalKernels`Private`lk[LinkObject[/usr/local/Wolfram/Mathematica/12.0/Executables/wolfram -subkernel -noinit -nopaclet -wstp, 231, 2], {/usr/local/Wolfram/Mathematica/12.0/Executables/wolfram -subkernel -noinit -nopaclet -wstp}, SubKernels`LocalKernels`Private`speed$59052, SubKernels`LocalKernels`Private`preemptive$59052]], Parallel`Kernels`Private`id$59058, Parallel`Kernels`Private`name$59058], Parallel`Kernels`Private`ek[Parallel`Kernels`Private`nev$59059, Parallel`Kernels`Private`pb$59059, Parallel`Kernels`Private`rd$59059], Parallel`Kernels`Private`sk[Parallel`Kernels`Private`q$59060, Parallel`Kernels`Private`n0$59060, Parallel`Kernels`Private`n1$59060]]]
NIntegrate::ncvb: NIntegrate failed to converge to prescribed accuracy after 2 recursive bisections in yD near {xD, yD} = {0.00422062, 0.0271083}. NIntegrate obtained 0.0425695 and 0.000287571 for the integral and error estimates.
StringForm[From `1`:, Parallel`Kernels`kernel[Parallel`Kernels`Private`bk[SubKernels`LocalKernels`localKernel[SubKernels`LocalKernels`Private`lk[LinkObject[/usr/local/Wolfram/Mathematica/12.0/Executables/wolfram -subkernel -noinit -nopaclet -wstp, 233, 4], {/usr/local/Wolfram/Mathematica/12.0/Executables/wolfram -subkernel -noinit -nopaclet -wstp}, SubKernels`LocalKernels`Private`speed$59054, SubKernels`LocalKernels`Private`preemptive$59054]], Parallel`Kernels`Private`id$59066, Parallel`Kernels`Private`name$59066], Parallel`Kernels`Private`ek[Parallel`Kernels`Private`nev$59067, Parallel`Kernels`Private`pb$59067, Parallel`Kernels`Private`rd$59067], Parallel`Kernels`Private`sk[Parallel`Kernels`Private`q$59068, Parallel`Kernels`Private`n0$59068, Parallel`Kernels`Private`n1$59068]]]
NIntegrate::ncvb: NIntegrate failed to converge to prescribed accuracy after 2 recursive bisections in xD near {xD, yD} = {0.00230515, 0.00343955}. NIntegrate obtained 0.158538 and 0.000185287 for the integral and error estimates.
StringForm[From `1`:, Parallel`Kernels`kernel[Parallel`Kernels`Private`bk[SubKernels`LocalKernels`localKernel[SubKernels`LocalKernels`Private`lk[LinkObject[/usr/local/Wolfram/Mathematica/12.0/Executables/wolfram -subkernel -noinit -nopaclet -wstp, 233, 4], {/usr/local/Wolfram/Mathematica/12.0/Executables/wolfram -subkernel -noinit -nopaclet -wstp}, SubKernels`LocalKernels`Private`speed$59054, SubKernels`LocalKernels`Private`preemptive$59054]], Parallel`Kernels`Private`id$59066, Parallel`Kernels`Private`name$59066], Parallel`Kernels`Private`ek[Parallel`Kernels`Private`nev$59067, Parallel`Kernels`Private`pb$59067, Parallel`Kernels`Private`rd$59067], Parallel`Kernels`Private`sk[Parallel`Kernels`Private`q$59068, Parallel`Kernels`Private`n0$59068, Parallel`Kernels`Private`n1$59068]]]
NIntegrate::ncvb: NIntegrate failed to converge to prescribed accuracy after 2 recursive bisections in yD near {xD, yD} = {0.00711031, 0.0371083}. NIntegrate obtained 0.0000801547 and 0.0000230305 for the integral and error estimates.
StringForm[From `1`:, Parallel`Kernels`kernel[Parallel`Kernels`Private`bk[SubKernels`LocalKernels`localKernel[SubKernels`LocalKernels`Private`lk[LinkObject[/usr/local/Wolfram/Mathematica/12.0/Executables/wolfram -subkernel -noinit -nopaclet -wstp, 232, 3], {/usr/local/Wolfram/Mathematica/12.0/Executables/wolfram -subkernel -noinit -nopaclet -wstp}, SubKernels`LocalKernels`Private`speed$59053, SubKernels`LocalKernels`Private`preemptive$59053]], Parallel`Kernels`Private`id$59062, Parallel`Kernels`Private`name$59062], Parallel`Kernels`Private`ek[Parallel`Kernels`Private`nev$59063, Parallel`Kernels`Private`pb$59063, Parallel`Kernels`Private`rd$59063], Parallel`Kernels`Private`sk[Parallel`Kernels`Private`q$59064, Parallel`Kernels`Private`n0$59064, Parallel`Kernels`Private`n1$59064]]]
NIntegrate::ncvb: NIntegrate failed to converge to prescribed accuracy after 2 recursive bisections in yD near {xD, yD} = {0.00422062, -0.00788969}. NIntegrate obtained 0.0765588 and 0.000130217 for the integral and error estimates.
StringForm[From `1`:, Parallel`Kernels`kernel[Parallel`Kernels`Private`bk[SubKernels`LocalKernels`localKernel[SubKernels`LocalKernels`Private`lk[LinkObject[/usr/local/Wolfram/Mathematica/12.0/Executables/wolfram -subkernel -noinit -nopaclet -wstp, 231, 2], {/usr/local/Wolfram/Mathematica/12.0/Executables/wolfram -subkernel -noinit -nopaclet -wstp}, SubKernels`LocalKernels`Private`speed$59052, SubKernels`LocalKernels`Private`preemptive$59052]], Parallel`Kernels`Private`id$59058, Parallel`Kernels`Private`name$59058], Parallel`Kernels`Private`ek[Parallel`Kernels`Private`nev$59059, Parallel`Kernels`Private`pb$59059, Parallel`Kernels`Private`rd$59059], Parallel`Kernels`Private`sk[Parallel`Kernels`Private`q$59060, Parallel`Kernels`Private`n0$59060, Parallel`Kernels`Private`n1$59060]]]
NIntegrate::ncvb: NIntegrate failed to converge to prescribed accuracy after 2 recursive bisections in yD near {xD, yD} = {0.00422062, -0.0178897}. NIntegrate obtained 0.00561384 and 0.000119762 for the integral and error estimates.
StringForm[From `1`:, Parallel`Kernels`kernel[Parallel`Kernels`Private`bk[SubKernels`LocalKernels`localKernel[SubKernels`LocalKernels`Private`lk[LinkObject[/usr/local/Wolfram/Mathematica/12.0/Executables/wolfram -subkernel -noinit -nopaclet -wstp, 233, 4], {/usr/local/Wolfram/Mathematica/12.0/Executables/wolfram -subkernel -noinit -nopaclet -wstp}, SubKernels`LocalKernels`Private`speed$59054, SubKernels`LocalKernels`Private`preemptive$59054]], Parallel`Kernels`Private`id$59066, Parallel`Kernels`Private`name$59066], Parallel`Kernels`Private`ek[Parallel`Kernels`Private`nev$59067, Parallel`Kernels`Private`pb$59067, Parallel`Kernels`Private`rd$59067], Parallel`Kernels`Private`sk[Parallel`Kernels`Private`q$59068, Parallel`Kernels`Private`n0$59068, Parallel`Kernels`Private`n1$59068]]]
NIntegrate::ncvb: NIntegrate failed to converge to prescribed accuracy after 2 recursive bisections in yD near {xD, yD} = {0.00922062, 0.0271083}. NIntegrate obtained 0.0359109 and 0.000155157 for the integral and error estimates.
StringForm[From `1`:, Parallel`Kernels`kernel[Parallel`Kernels`Private`bk[SubKernels`LocalKernels`localKernel[SubKernels`LocalKernels`Private`lk[LinkObject[/usr/local/Wolfram/Mathematica/12.0/Executables/wolfram -subkernel -noinit -nopaclet -wstp, 232, 3], {/usr/local/Wolfram/Mathematica/12.0/Executables/wolfram -subkernel -noinit -nopaclet -wstp}, SubKernels`LocalKernels`Private`speed$59053, SubKernels`LocalKernels`Private`preemptive$59053]], Parallel`Kernels`Private`id$59062, Parallel`Kernels`Private`name$59062], Parallel`Kernels`Private`ek[Parallel`Kernels`Private`nev$59063, Parallel`Kernels`Private`pb$59063, Parallel`Kernels`Private`rd$59063], Parallel`Kernels`Private`sk[Parallel`Kernels`Private`q$59064, Parallel`Kernels`Private`n0$59064, Parallel`Kernels`Private`n1$59064]]]
NIntegrate::ncvb: NIntegrate failed to converge to prescribed accuracy after 2 recursive bisections in yD near {xD, yD} = {0.00922062, 0.0196083}. NIntegrate obtained 0.136758 and 0.0013071 for the integral and error estimates.
b = 0e-4
Time consumption: 10.544014963888888
MaxMemUse :145.94812774658203 MB
Configured Kernels: {SubKernels`LocalKernels`LocalMachine[4, SubKernels`LocalKernels`LowerPriority -> True]}
Processor Count: 4

Set::wrsym: Symbol pmax is Protected.
Modules loaded ...
3 Kernels launched ...
Run started at Sun 11 Oct 2020 18:34:36, Bins: {171, 253}
StringForm[From `1`:, Parallel`Kernels`kernel[Parallel`Kernels`Private`bk[SubKernels`LocalKernels`localKernel[SubKernels`LocalKernels`Private`lk[LinkObject[/usr/local/Wolfram/Mathematica/12.0/Executables/wolfram -subkernel -noinit -nopaclet -wstp, 208, 1], {/usr/local/Wolfram/Mathematica/12.0/Executables/wolfram -subkernel -noinit -nopaclet -wstp}, SubKernels`LocalKernels`Private`speed$58910, SubKernels`LocalKernels`Private`preemptive$58910]], Parallel`Kernels`Private`id$58916, Parallel`Kernels`Private`name$58916], Parallel`Kernels`Private`ek[Parallel`Kernels`Private`nev$58917, Parallel`Kernels`Private`pb$58917, Parallel`Kernels`Private`rd$58917], Parallel`Kernels`Private`sk[Parallel`Kernels`Private`q$58918, Parallel`Kernels`Private`n0$58918, Parallel`Kernels`Private`n1$58918]]]
NIntegrate::ncvb: NIntegrate failed to converge to prescribed accuracy after 2 recursive bisections in yD near {xD, yD} = {0.00922062, -0.0178897}. NIntegrate obtained 0.00288341 and 0.000111973 for the integral and error estimates.
StringForm[From `1`:, Parallel`Kernels`kernel[Parallel`Kernels`Private`bk[SubKernels`LocalKernels`localKernel[SubKernels`LocalKernels`Private`lk[LinkObject[/usr/local/Wolfram/Mathematica/12.0/Executables/wolfram -subkernel -noinit -nopaclet -wstp, 210, 3], {/usr/local/Wolfram/Mathematica/12.0/Executables/wolfram -subkernel -noinit -nopaclet -wstp}, SubKernels`LocalKernels`Private`speed$58912, SubKernels`LocalKernels`Private`preemptive$58912]], Parallel`Kernels`Private`id$58924, Parallel`Kernels`Private`name$58924], Parallel`Kernels`Private`ek[Parallel`Kernels`Private`nev$58925, Parallel`Kernels`Private`pb$58925, Parallel`Kernels`Private`rd$58925], Parallel`Kernels`Private`sk[Parallel`Kernels`Private`q$58926, Parallel`Kernels`Private`n0$58926, Parallel`Kernels`Private`n1$58926]]]
NIntegrate::ncvb: NIntegrate failed to converge to prescribed accuracy after 2 recursive bisections in yD near {xD, yD} = {0.0142206, 0.0271083}. NIntegrate obtained 0.0253733 and 0.00019384 for the integral and error estimates.
StringForm[From `1`:, Parallel`Kernels`kernel[Parallel`Kernels`Private`bk[SubKernels`LocalKernels`localKernel[SubKernels`LocalKernels`Private`lk[LinkObject[/usr/local/Wolfram/Mathematica/12.0/Executables/wolfram -subkernel -noinit -nopaclet -wstp, 210, 3], {/usr/local/Wolfram/Mathematica/12.0/Executables/wolfram -subkernel -noinit -nopaclet -wstp}, SubKernels`LocalKernels`Private`speed$58912, SubKernels`LocalKernels`Private`preemptive$58912]], Parallel`Kernels`Private`id$58924, Parallel`Kernels`Private`name$58924], Parallel`Kernels`Private`ek[Parallel`Kernels`Private`nev$58925, Parallel`Kernels`Private`pb$58925, Parallel`Kernels`Private`rd$58925], Parallel`Kernels`Private`sk[Parallel`Kernels`Private`q$58926, Parallel`Kernels`Private`n0$58926, Parallel`Kernels`Private`n1$58926]]]
NIntegrate::ncvb: NIntegrate failed to converge to prescribed accuracy after 2 recursive bisections in yD near {xD, yD} = {0.0142206, -0.0153897}. NIntegrate obtained 0.000951333 and 0.0000450135 for the integral and error estimates.
StringForm[From `1`:, Parallel`Kernels`kernel[Parallel`Kernels`Private`bk[SubKernels`LocalKernels`localKernel[SubKernels`LocalKernels`Private`lk[LinkObject[/usr/local/Wolfram/Mathematica/12.0/Executables/wolfram -subkernel -noinit -nopaclet -wstp, 208, 1], {/usr/local/Wolfram/Mathematica/12.0/Executables/wolfram -subkernel -noinit -nopaclet -wstp}, SubKernels`LocalKernels`Private`speed$58910, SubKernels`LocalKernels`Private`preemptive$58910]], Parallel`Kernels`Private`id$58916, Parallel`Kernels`Private`name$58916], Parallel`Kernels`Private`ek[Parallel`Kernels`Private`nev$58917, Parallel`Kernels`Private`pb$58917, Parallel`Kernels`Private`rd$58917], Parallel`Kernels`Private`sk[Parallel`Kernels`Private`q$58918, Parallel`Kernels`Private`n0$58918, Parallel`Kernels`Private`n1$58918]]]
NIntegrate::ncvb: NIntegrate failed to converge to prescribed accuracy after 2 recursive bisections in yD near {xD, yD} = {0.0142206, -0.0128897}. NIntegrate obtained 0.0564861 and 0.000109931 for the integral and error estimates.
StringForm[From `1`:, Parallel`Kernels`kernel[Parallel`Kernels`Private`bk[SubKernels`LocalKernels`localKernel[SubKernels`LocalKernels`Private`lk[LinkObject[/usr/local/Wolfram/Mathematica/12.0/Executables/wolfram -subkernel -noinit -nopaclet -wstp, 210, 3], {/usr/local/Wolfram/Mathematica/12.0/Executables/wolfram -subkernel -noinit -nopaclet -wstp}, SubKernels`LocalKernels`Private`speed$58912, SubKernels`LocalKernels`Private`preemptive$58912]], Parallel`Kernels`Private`id$58924, Parallel`Kernels`Private`name$58924], Parallel`Kernels`Private`ek[Parallel`Kernels`Private`nev$58925, Parallel`Kernels`Private`pb$58925, Parallel`Kernels`Private`rd$58925], Parallel`Kernels`Private`sk[Parallel`Kernels`Private`q$58926, Parallel`Kernels`Private`n0$58926, Parallel`Kernels`Private`n1$58926]]]
NIntegrate::ncvb: NIntegrate failed to converge to prescribed accuracy after 2 recursive bisections in yD near {xD, yD} = {0.0192206, 0.0271083}. NIntegrate obtained 0.0147579 and 0.000028667 for the integral and error estimates.
StringForm[From `1`:, Parallel`Kernels`kernel[Parallel`Kernels`Private`bk[SubKernels`LocalKernels`localKernel[SubKernels`LocalKernels`Private`lk[LinkObject[/usr/local/Wolfram/Mathematica/12.0/Executables/wolfram -subkernel -noinit -nopaclet -wstp, 209, 2], {/usr/local/Wolfram/Mathematica/12.0/Executables/wolfram -subkernel -noinit -nopaclet -wstp}, SubKernels`LocalKernels`Private`speed$58911, SubKernels`LocalKernels`Private`preemptive$58911]], Parallel`Kernels`Private`id$58920, Parallel`Kernels`Private`name$58920], Parallel`Kernels`Private`ek[Parallel`Kernels`Private`nev$58921, Parallel`Kernels`Private`pb$58921, Parallel`Kernels`Private`rd$58921], Parallel`Kernels`Private`sk[Parallel`Kernels`Private`q$58922, Parallel`Kernels`Private`n0$58922, Parallel`Kernels`Private`n1$58922]]]
NIntegrate::ncvb: NIntegrate failed to converge to prescribed accuracy after 2 recursive bisections in xD near {xD, yD} = {0.00730515, -0.00577938}. NIntegrate obtained 0.0710517 and 0.000138269 for the integral and error estimates.
StringForm[From `1`:, Parallel`Kernels`kernel[Parallel`Kernels`Private`bk[SubKernels`LocalKernels`localKernel[SubKernels`LocalKernels`Private`lk[LinkObject[/usr/local/Wolfram/Mathematica/12.0/Executables/wolfram -subkernel -noinit -nopaclet -wstp, 209, 2], {/usr/local/Wolfram/Mathematica/12.0/Executables/wolfram -subkernel -noinit -nopaclet -wstp}, SubKernels`LocalKernels`Private`speed$58911, SubKernels`LocalKernels`Private`preemptive$58911]], Parallel`Kernels`Private`id$58920, Parallel`Kernels`Private`name$58920], Parallel`Kernels`Private`ek[Parallel`Kernels`Private`nev$58921, Parallel`Kernels`Private`pb$58921, Parallel`Kernels`Private`rd$58921], Parallel`Kernels`Private`sk[Parallel`Kernels`Private`q$58922, Parallel`Kernels`Private`n0$58922, Parallel`Kernels`Private`n1$58922]]]
NIntegrate::ncvb: NIntegrate failed to converge to prescribed accuracy after 2 recursive bisections in yD near {xD, yD} = {0.0171103, -0.0153897}. NIntegrate obtained 0.000053179 and 0.0000146304 for the integral and error estimates.
StringForm[From `1`:, Parallel`Kernels`kernel[Parallel`Kernels`Private`bk[SubKernels`LocalKernels`localKernel[SubKernels`LocalKernels`Private`lk[LinkObject[/usr/local/Wolfram/Mathematica/12.0/Executables/wolfram -subkernel -noinit -nopaclet -wstp, 210, 3], {/usr/local/Wolfram/Mathematica/12.0/Executables/wolfram -subkernel -noinit -nopaclet -wstp}, SubKernels`LocalKernels`Private`speed$58912, SubKernels`LocalKernels`Private`preemptive$58912]], Parallel`Kernels`Private`id$58924, Parallel`Kernels`Private`name$58924], Parallel`Kernels`Private`ek[Parallel`Kernels`Private`nev$58925, Parallel`Kernels`Private`pb$58925, Parallel`Kernels`Private`rd$58925], Parallel`Kernels`Private`sk[Parallel`Kernels`Private`q$58926, Parallel`Kernels`Private`n0$58926, Parallel`Kernels`Private`n1$58926]]]
NIntegrate::ncvb: NIntegrate failed to converge to prescribed accuracy after 2 recursive bisections in yD near {xD, yD} = {0.0242206, 0.0271083}. NIntegrate obtained 0.00642504 and 0.000130839 for the integral and error estimates.
StringForm[From `1`:, Parallel`Kernels`kernel[Parallel`Kernels`Private`bk[SubKernels`LocalKernels`localKernel[SubKernels`LocalKernels`Private`lk[LinkObject[/usr/local/Wolfram/Mathematica/12.0/Executables/wolfram -subkernel -noinit -nopaclet -wstp, 208, 1], {/usr/local/Wolfram/Mathematica/12.0/Executables/wolfram -subkernel -noinit -nopaclet -wstp}, SubKernels`LocalKernels`Private`speed$58910, SubKernels`LocalKernels`Private`preemptive$58910]], Parallel`Kernels`Private`id$58916, Parallel`Kernels`Private`name$58916], Parallel`Kernels`Private`ek[Parallel`Kernels`Private`nev$58917, Parallel`Kernels`Private`pb$58917, Parallel`Kernels`Private`rd$58917], Parallel`Kernels`Private`sk[Parallel`Kernels`Private`q$58918, Parallel`Kernels`Private`n0$58918, Parallel`Kernels`Private`n1$58918]]]
NIntegrate::ncvb: NIntegrate failed to converge to prescribed accuracy after 2 recursive bisections in yD near {xD, yD} = {0.0192206, -0.00788969}. NIntegrate obtained 0.036831 and 0.000102099 for the integral and error estimates.
StringForm[From `1`:, Parallel`Kernels`kernel[Parallel`Kernels`Private`bk[SubKernels`LocalKernels`localKernel[SubKernels`LocalKernels`Private`lk[LinkObject[/usr/local/Wolfram/Mathematica/12.0/Executables/wolfram -subkernel -noinit -nopaclet -wstp, 210, 3], {/usr/local/Wolfram/Mathematica/12.0/Executables/wolfram -subkernel -noinit -nopaclet -wstp}, SubKernels`LocalKernels`Private`speed$58912, SubKernels`LocalKernels`Private`preemptive$58912]], Parallel`Kernels`Private`id$58924, Parallel`Kernels`Private`name$58924], Parallel`Kernels`Private`ek[Parallel`Kernels`Private`nev$58925, Parallel`Kernels`Private`pb$58925, Parallel`Kernels`Private`rd$58925], Parallel`Kernels`Private`sk[Parallel`Kernels`Private`q$58926, Parallel`Kernels`Private`n0$58926, Parallel`Kernels`Private`n1$58926]]]
NIntegrate::ncvb: NIntegrate failed to converge to prescribed accuracy after 2 recursive bisections in yD near {xD, yD} = {0.0292206, 0.0271083}. NIntegrate obtained 0.00172923 and 0.000061155 for the integral and error estimates.
StringForm[From `1`:, Parallel`Kernels`kernel[Parallel`Kernels`Private`bk[SubKernels`LocalKernels`localKernel[SubKernels`LocalKernels`Private`lk[LinkObject[/usr/local/Wolfram/Mathematica/12.0/Executables/wolfram -subkernel -noinit -nopaclet -wstp, 209, 2], {/usr/local/Wolfram/Mathematica/12.0/Executables/wolfram -subkernel -noinit -nopaclet -wstp}, SubKernels`LocalKernels`Private`speed$58911, SubKernels`LocalKernels`Private`preemptive$58911]], Parallel`Kernels`Private`id$58920, Parallel`Kernels`Private`name$58920], Parallel`Kernels`Private`ek[Parallel`Kernels`Private`nev$58921, Parallel`Kernels`Private`pb$58921, Parallel`Kernels`Private`rd$58921], Parallel`Kernels`Private`sk[Parallel`Kernels`Private`q$58922, Parallel`Kernels`Private`n0$58922, Parallel`Kernels`Private`n1$58922]]]
NIntegrate::ncvb: NIntegrate failed to converge to prescribed accuracy after 2 recursive bisections in yD near {xD, yD} = {0.0242206, -0.00788969}. NIntegrate obtained 0.0179696 and 0.0000486746 for the integral and error estimates.
StringForm[From `1`:, Parallel`Kernels`kernel[Parallel`Kernels`Private`bk[SubKernels`LocalKernels`localKernel[SubKernels`LocalKernels`Private`lk[LinkObject[/usr/local/Wolfram/Mathematica/12.0/Executables/wolfram -subkernel -noinit -nopaclet -wstp, 209, 2], {/usr/local/Wolfram/Mathematica/12.0/Executables/wolfram -subkernel -noinit -nopaclet -wstp}, SubKernels`LocalKernels`Private`speed$58911, SubKernels`LocalKernels`Private`preemptive$58911]], Parallel`Kernels`Private`id$58920, Parallel`Kernels`Private`name$58920], Parallel`Kernels`Private`ek[Parallel`Kernels`Private`nev$58921, Parallel`Kernels`Private`pb$58921, Parallel`Kernels`Private`rd$58921], Parallel`Kernels`Private`sk[Parallel`Kernels`Private`q$58922, Parallel`Kernels`Private`n0$58922, Parallel`Kernels`Private`n1$58922]]]
NIntegrate::ncvb: NIntegrate failed to converge to prescribed accuracy after 2 recursive bisections in yD near {xD, yD} = {0.0342206, -0.00788969}. NIntegrate obtained 0.00057488 and 0.0000109071 for the integral and error estimates.
StringForm[From `1`:, Parallel`Kernels`kernel[Parallel`Kernels`Private`bk[SubKernels`LocalKernels`localKernel[SubKernels`LocalKernels`Private`lk[LinkObject[/usr/local/Wolfram/Mathematica/12.0/Executables/wolfram -subkernel -noinit -nopaclet -wstp, 210, 3], {/usr/local/Wolfram/Mathematica/12.0/Executables/wolfram -subkernel -noinit -nopaclet -wstp}, SubKernels`LocalKernels`Private`speed$58912, SubKernels`LocalKernels`Private`preemptive$58912]], Parallel`Kernels`Private`id$58924, Parallel`Kernels`Private`name$58924], Parallel`Kernels`Private`ek[Parallel`Kernels`Private`nev$58925, Parallel`Kernels`Private`pb$58925, Parallel`Kernels`Private`rd$58925], Parallel`Kernels`Private`sk[Parallel`Kernels`Private`q$58926, Parallel`Kernels`Private`n0$58926, Parallel`Kernels`Private`n1$58926]]]
NIntegrate::ncvb: NIntegrate failed to converge to prescribed accuracy after 2 recursive bisections in yD near {xD, yD} = {0.0292206, -0.00788969}. NIntegrate obtained 0.00534782 and 0.0000294672 for the integral and error estimates.
b = 0e-4
Time consumption: 16.37910578416667
MaxMemUse :142.92847442626953 MB
