Configured Kernels: {SubKernels`LocalKernels`LocalMachine[4, SubKernels`LocalKernels`LowerPriority -> True]}
Processor Count: 4
Modules loaded ...
4 Kernels launched ...
Run started at Wed 24 Nov 2021 13:27:41, Bins: {1, 49}
StringForm[From `1`:, Parallel`Kernels`kernel[Parallel`Kernels`Private`bk[SubKernels`LocalKernels`localKernel[SubKernels`LocalKernels`Private`lk[LinkObject[/usr/local/Wolfram/Mathematica/12.0/Executables/wolfram -subkernel -noinit -nopaclet -wstp, 207, 4], {/usr/local/Wolfram/Mathematica/12.0/Executables/wolfram -subkernel -noinit -nopaclet -wstp}, SubKernels`LocalKernels`Private`speed$21764, SubKernels`LocalKernels`Private`preemptive$21764]], Parallel`Kernels`Private`id$21780, Parallel`Kernels`Private`name$21780], Parallel`Kernels`Private`ek[Parallel`Kernels`Private`nev$21781, Parallel`Kernels`Private`pb$21781, Parallel`Kernels`Private`rd$21781], Parallel`Kernels`Private`sk[Parallel`Kernels`Private`q$21782, Parallel`Kernels`Private`n0$21782, Parallel`Kernels`Private`n1$21782]]]
                                                                                                                                                                            -6               -6
NIntegrate::ncvb: NIntegrate failed to converge to prescribed accuracy after 2 recursive bisections in yD near {xD, yD} = {0.0272077, 0.022255}. NIntegrate obtained 6.42 10   and 1.98705 10   for the integral and error estimates.
StringForm[From `1`:, Parallel`Kernels`kernel[Parallel`Kernels`Private`bk[SubKernels`LocalKernels`localKernel[SubKernels`LocalKernels`Private`lk[LinkObject[/usr/local/Wolfram/Mathematica/12.0/Executables/wolfram -subkernel -noinit -nopaclet -wstp, 206, 3], {/usr/local/Wolfram/Mathematica/12.0/Executables/wolfram -subkernel -noinit -nopaclet -wstp}, SubKernels`LocalKernels`Private`speed$21763, SubKernels`LocalKernels`Private`preemptive$21763]], Parallel`Kernels`Private`id$21776, Parallel`Kernels`Private`name$21776], Parallel`Kernels`Private`ek[Parallel`Kernels`Private`nev$21777, Parallel`Kernels`Private`pb$21777, Parallel`Kernels`Private`rd$21777], Parallel`Kernels`Private`sk[Parallel`Kernels`Private`q$21778, Parallel`Kernels`Private`n0$21778, Parallel`Kernels`Private`n1$21778]]]
NIntegrate::ncvb: NIntegrate failed to converge to prescribed accuracy after 2 recursive bisections in yD near {xD, yD} = {0.0290827, -0.014338}. NIntegrate obtained 0.00166958 and 0.0000262685 for the integral and error estimates.
a = -1060e-4
Time consumption: 1.7531863475
MaxMemUse :144.3912582397461 MB
Configured Kernels: {SubKernels`LocalKernels`LocalMachine[4, SubKernels`LocalKernels`LowerPriority -> True]}
Processor Count: 4
Modules loaded ...
4 Kernels launched ...
Run started at Wed 24 Nov 2021 15:12:53, Bins: {50, 98}
StringForm[From `1`:, Parallel`Kernels`kernel[Parallel`Kernels`Private`bk[SubKernels`LocalKernels`localKernel[SubKernels`LocalKernels`Private`lk[LinkObject[/usr/local/Wolfram/Mathematica/12.0/Executables/wolfram -subkernel -noinit -nopaclet -wstp, 204, 1], {/usr/local/Wolfram/Mathematica/12.0/Executables/wolfram -subkernel -noinit -nopaclet -wstp}, SubKernels`LocalKernels`Private`speed$21830, SubKernels`LocalKernels`Private`preemptive$21830]], Parallel`Kernels`Private`id$21837, Parallel`Kernels`Private`name$21837], Parallel`Kernels`Private`ek[Parallel`Kernels`Private`nev$21838, Parallel`Kernels`Private`pb$21838, Parallel`Kernels`Private`rd$21838], Parallel`Kernels`Private`sk[Parallel`Kernels`Private`q$21839, Parallel`Kernels`Private`n0$21839, Parallel`Kernels`Private`n1$21839]]]
NIntegrate::ncvb: NIntegrate failed to converge to prescribed accuracy after 2 recursive bisections in yD near {xD, yD} = {0.0290827, 0.022255}. NIntegrate obtained 0.000164222 and 0.0000110387 for the integral and error estimates.
StringForm[From `1`:, Parallel`Kernels`kernel[Parallel`Kernels`Private`bk[SubKernels`LocalKernels`localKernel[SubKernels`LocalKernels`Private`lk[LinkObject[/usr/local/Wolfram/Mathematica/12.0/Executables/wolfram -subkernel -noinit -nopaclet -wstp, 206, 3], {/usr/local/Wolfram/Mathematica/12.0/Executables/wolfram -subkernel -noinit -nopaclet -wstp}, SubKernels`LocalKernels`Private`speed$21832, SubKernels`LocalKernels`Private`preemptive$21832]], Parallel`Kernels`Private`id$21845, Parallel`Kernels`Private`name$21845], Parallel`Kernels`Private`ek[Parallel`Kernels`Private`nev$21846, Parallel`Kernels`Private`pb$21846, Parallel`Kernels`Private`rd$21846], Parallel`Kernels`Private`sk[Parallel`Kernels`Private`q$21847, Parallel`Kernels`Private`n0$21847, Parallel`Kernels`Private`n1$21847]]]
NIntegrate::ncvb: NIntegrate failed to converge to prescribed accuracy after 2 recursive bisections in yD near {xD, yD} = {0.0309577, -0.014338}. NIntegrate obtained 0.00815405 and 0.000100968 for the integral and error estimates.
StringForm[From `1`:, Parallel`Kernels`kernel[Parallel`Kernels`Private`bk[SubKernels`LocalKernels`localKernel[SubKernels`LocalKernels`Private`lk[LinkObject[/usr/local/Wolfram/Mathematica/12.0/Executables/wolfram -subkernel -noinit -nopaclet -wstp, 207, 4], {/usr/local/Wolfram/Mathematica/12.0/Executables/wolfram -subkernel -noinit -nopaclet -wstp}, SubKernels`LocalKernels`Private`speed$21833, SubKernels`LocalKernels`Private`preemptive$21833]], Parallel`Kernels`Private`id$21849, Parallel`Kernels`Private`name$21849], Parallel`Kernels`Private`ek[Parallel`Kernels`Private`nev$21850, Parallel`Kernels`Private`pb$21850, Parallel`Kernels`Private`rd$21850], Parallel`Kernels`Private`sk[Parallel`Kernels`Private`q$21851, Parallel`Kernels`Private`n0$21851, Parallel`Kernels`Private`n1$21851]]]
NIntegrate::ncvb: NIntegrate failed to converge to prescribed accuracy after 2 recursive bisections in yD near {xD, yD} = {0.0309577, 0.022255}. NIntegrate obtained 0.000910483 and 0.0000450322 for the integral and error estimates.
StringForm[From `1`:, Parallel`Kernels`kernel[Parallel`Kernels`Private`bk[SubKernels`LocalKernels`localKernel[SubKernels`LocalKernels`Private`lk[LinkObject[/usr/local/Wolfram/Mathematica/12.0/Executables/wolfram -subkernel -noinit -nopaclet -wstp, 206, 3], {/usr/local/Wolfram/Mathematica/12.0/Executables/wolfram -subkernel -noinit -nopaclet -wstp}, SubKernels`LocalKernels`Private`speed$21832, SubKernels`LocalKernels`Private`preemptive$21832]], Parallel`Kernels`Private`id$21845, Parallel`Kernels`Private`name$21845], Parallel`Kernels`Private`ek[Parallel`Kernels`Private`nev$21846, Parallel`Kernels`Private`pb$21846, Parallel`Kernels`Private`rd$21846], Parallel`Kernels`Private`sk[Parallel`Kernels`Private`q$21847, Parallel`Kernels`Private`n0$21847, Parallel`Kernels`Private`n1$21847]]]
NIntegrate::ncvb: NIntegrate failed to converge to prescribed accuracy after 2 recursive bisections in yD near {xD, yD} = {0.0347077, -0.01752}. NIntegrate obtained 0.000078686 and 0.0000120785 for the integral and error estimates.
StringForm[From `1`:, Parallel`Kernels`kernel[Parallel`Kernels`Private`bk[SubKernels`LocalKernels`localKernel[SubKernels`LocalKernels`Private`lk[LinkObject[/usr/local/Wolfram/Mathematica/12.0/Executables/wolfram -subkernel -noinit -nopaclet -wstp, 205, 2], {/usr/local/Wolfram/Mathematica/12.0/Executables/wolfram -subkernel -noinit -nopaclet -wstp}, SubKernels`LocalKernels`Private`speed$21831, SubKernels`LocalKernels`Private`preemptive$21831]], Parallel`Kernels`Private`id$21841, Parallel`Kernels`Private`name$21841], Parallel`Kernels`Private`ek[Parallel`Kernels`Private`nev$21842, Parallel`Kernels`Private`pb$21842, Parallel`Kernels`Private`rd$21842], Parallel`Kernels`Private`sk[Parallel`Kernels`Private`q$21843, Parallel`Kernels`Private`n0$21843, Parallel`Kernels`Private`n1$21843]]]
NIntegrate::ncvb: NIntegrate failed to converge to prescribed accuracy after 2 recursive bisections in yD near {xD, yD} = {0.0328327, -0.014338}. NIntegrate obtained 0.0221399 and 0.000169685 for the integral and error estimates.
StringForm[From `1`:, Parallel`Kernels`kernel[Parallel`Kernels`Private`bk[SubKernels`LocalKernels`localKernel[SubKernels`LocalKernels`Private`lk[LinkObject[/usr/local/Wolfram/Mathematica/12.0/Executables/wolfram -subkernel -noinit -nopaclet -wstp, 207, 4], {/usr/local/Wolfram/Mathematica/12.0/Executables/wolfram -subkernel -noinit -nopaclet -wstp}, SubKernels`LocalKernels`Private`speed$21833, SubKernels`LocalKernels`Private`preemptive$21833]], Parallel`Kernels`Private`id$21849, Parallel`Kernels`Private`name$21849], Parallel`Kernels`Private`ek[Parallel`Kernels`Private`nev$21850, Parallel`Kernels`Private`pb$21850, Parallel`Kernels`Private`rd$21850], Parallel`Kernels`Private`sk[Parallel`Kernels`Private`q$21851, Parallel`Kernels`Private`n0$21851, Parallel`Kernels`Private`n1$21851]]]
                                                                                                                                                                                               -6
NIntegrate::ncvb: NIntegrate failed to converge to prescribed accuracy after 2 recursive bisections in yD near {xD, yD} = {0.0365827, -0.01752}. NIntegrate obtained 0.000327713 and 1.96748 10   for the integral and error estimates.
StringForm[From `1`:, Parallel`Kernels`kernel[Parallel`Kernels`Private`bk[SubKernels`LocalKernels`localKernel[SubKernels`LocalKernels`Private`lk[LinkObject[/usr/local/Wolfram/Mathematica/12.0/Executables/wolfram -subkernel -noinit -nopaclet -wstp, 204, 1], {/usr/local/Wolfram/Mathematica/12.0/Executables/wolfram -subkernel -noinit -nopaclet -wstp}, SubKernels`LocalKernels`Private`speed$21830, SubKernels`LocalKernels`Private`preemptive$21830]], Parallel`Kernels`Private`id$21837, Parallel`Kernels`Private`name$21837], Parallel`Kernels`Private`ek[Parallel`Kernels`Private`nev$21838, Parallel`Kernels`Private`pb$21838, Parallel`Kernels`Private`rd$21838], Parallel`Kernels`Private`sk[Parallel`Kernels`Private`q$21839, Parallel`Kernels`Private`n0$21839, Parallel`Kernels`Private`n1$21839]]]
NIntegrate::ncvb: NIntegrate failed to converge to prescribed accuracy after 2 recursive bisections in yD near {xD, yD} = {0.0347077, -0.014338}. NIntegrate obtained 0.0434936 and 0.000250315 for the integral and error estimates.
StringForm[From `1`:, Parallel`Kernels`kernel[Parallel`Kernels`Private`bk[SubKernels`LocalKernels`localKernel[SubKernels`LocalKernels`Private`lk[LinkObject[/usr/local/Wolfram/Mathematica/12.0/Executables/wolfram -subkernel -noinit -nopaclet -wstp, 206, 3], {/usr/local/Wolfram/Mathematica/12.0/Executables/wolfram -subkernel -noinit -nopaclet -wstp}, SubKernels`LocalKernels`Private`speed$21832, SubKernels`LocalKernels`Private`preemptive$21832]], Parallel`Kernels`Private`id$21845, Parallel`Kernels`Private`name$21845], Parallel`Kernels`Private`ek[Parallel`Kernels`Private`nev$21846, Parallel`Kernels`Private`pb$21846, Parallel`Kernels`Private`rd$21846], Parallel`Kernels`Private`sk[Parallel`Kernels`Private`q$21847, Parallel`Kernels`Private`n0$21847, Parallel`Kernels`Private`n1$21847]]]
NIntegrate::ncvb: NIntegrate failed to converge to prescribed accuracy after 2 recursive bisections in yD near {xD, yD} = {0.0347077, 0.022255}. NIntegrate obtained 0.00647095 and 0.0000977829 for the integral and error estimates.
StringForm[From `1`:, Parallel`Kernels`kernel[Parallel`Kernels`Private`bk[SubKernels`LocalKernels`localKernel[SubKernels`LocalKernels`Private`lk[LinkObject[/usr/local/Wolfram/Mathematica/12.0/Executables/wolfram -subkernel -noinit -nopaclet -wstp, 207, 4], {/usr/local/Wolfram/Mathematica/12.0/Executables/wolfram -subkernel -noinit -nopaclet -wstp}, SubKernels`LocalKernels`Private`speed$21833, SubKernels`LocalKernels`Private`preemptive$21833]], Parallel`Kernels`Private`id$21849, Parallel`Kernels`Private`name$21849], Parallel`Kernels`Private`ek[Parallel`Kernels`Private`nev$21850, Parallel`Kernels`Private`pb$21850, Parallel`Kernels`Private`rd$21850], Parallel`Kernels`Private`sk[Parallel`Kernels`Private`q$21851, Parallel`Kernels`Private`n0$21851, Parallel`Kernels`Private`n1$21851]]]
NIntegrate::ncvb: NIntegrate failed to converge to prescribed accuracy after 2 recursive bisections in yD near {xD, yD} = {0.0365827, -0.014338}. NIntegrate obtained 0.0670893 and 0.000259955 for the integral and error estimates.
StringForm[From `1`:, Parallel`Kernels`kernel[Parallel`Kernels`Private`bk[SubKernels`LocalKernels`localKernel[SubKernels`LocalKernels`Private`lk[LinkObject[/usr/local/Wolfram/Mathematica/12.0/Executables/wolfram -subkernel -noinit -nopaclet -wstp, 205, 2], {/usr/local/Wolfram/Mathematica/12.0/Executables/wolfram -subkernel -noinit -nopaclet -wstp}, SubKernels`LocalKernels`Private`speed$21831, SubKernels`LocalKernels`Private`preemptive$21831]], Parallel`Kernels`Private`id$21841, Parallel`Kernels`Private`name$21841], Parallel`Kernels`Private`ek[Parallel`Kernels`Private`nev$21842, Parallel`Kernels`Private`pb$21842, Parallel`Kernels`Private`rd$21842], Parallel`Kernels`Private`sk[Parallel`Kernels`Private`q$21843, Parallel`Kernels`Private`n0$21843, Parallel`Kernels`Private`n1$21843]]]
NIntegrate::ncvb: NIntegrate failed to converge to prescribed accuracy after 2 recursive bisections in yD near {xD, yD} = {0.0365827, 0.022255}. NIntegrate obtained 0.0112734 and 0.0000769249 for the integral and error estimates.
a = -1060e-4
Time consumption: 9.481203208611111
MaxMemUse :144.39523315429688 MB
Configured Kernels: {SubKernels`LocalKernels`LocalMachine[4, SubKernels`LocalKernels`LowerPriority -> True]}
Processor Count: 4
Modules loaded ...
4 Kernels launched ...
Run started at Thu 25 Nov 2021 00:41:47, Bins: {99, 106}
StringForm[From `1`:, Parallel`Kernels`kernel[Parallel`Kernels`Private`bk[SubKernels`LocalKernels`localKernel[SubKernels`LocalKernels`Private`lk[LinkObject[/usr/local/Wolfram/Mathematica/12.0/Executables/wolfram -subkernel -noinit -nopaclet -wstp, 205, 2], {/usr/local/Wolfram/Mathematica/12.0/Executables/wolfram -subkernel -noinit -nopaclet -wstp}, SubKernels`LocalKernels`Private`speed$21923, SubKernels`LocalKernels`Private`preemptive$21923]], Parallel`Kernels`Private`id$21933, Parallel`Kernels`Private`name$21933], Parallel`Kernels`Private`ek[Parallel`Kernels`Private`nev$21934, Parallel`Kernels`Private`pb$21934, Parallel`Kernels`Private`rd$21934], Parallel`Kernels`Private`sk[Parallel`Kernels`Private`q$21935, Parallel`Kernels`Private`n0$21935, Parallel`Kernels`Private`n1$21935]]]
NIntegrate::ncvb: NIntegrate failed to converge to prescribed accuracy after 2 recursive bisections in yD near {xD, yD} = {0.0384577, -0.01752}. NIntegrate obtained 0.000615461 and 0.0000105633 for the integral and error estimates.
StringForm[From `1`:, Parallel`Kernels`kernel[Parallel`Kernels`Private`bk[SubKernels`LocalKernels`localKernel[SubKernels`LocalKernels`Private`lk[LinkObject[/usr/local/Wolfram/Mathematica/12.0/Executables/wolfram -subkernel -noinit -nopaclet -wstp, 204, 1], {/usr/local/Wolfram/Mathematica/12.0/Executables/wolfram -subkernel -noinit -nopaclet -wstp}, SubKernels`LocalKernels`Private`speed$21922, SubKernels`LocalKernels`Private`preemptive$21922]], Parallel`Kernels`Private`id$21929, Parallel`Kernels`Private`name$21929], Parallel`Kernels`Private`ek[Parallel`Kernels`Private`nev$21930, Parallel`Kernels`Private`pb$21930, Parallel`Kernels`Private`rd$21930], Parallel`Kernels`Private`sk[Parallel`Kernels`Private`q$21931, Parallel`Kernels`Private`n0$21931, Parallel`Kernels`Private`n1$21931]]]
NIntegrate::ncvb: NIntegrate failed to converge to prescribed accuracy after 2 recursive bisections in yD near {xD, yD} = {0.0384577, -0.014338}. NIntegrate obtained 0.0851044 and 0.00022989 for the integral and error estimates.
a = -1060e-4
Time consumption: 3.1967971883333335
MaxMemUse :144.38957977294922 MB
Configured Kernels: {SubKernels`LocalKernels`LocalMachine[4, SubKernels`LocalKernels`LowerPriority -> True]}
Processor Count: 4
Modules loaded ...
4 Kernels launched ...
Run started at Thu 25 Nov 2021 03:53:36, Bins: {107, 122}
StringForm[From `1`:, Parallel`Kernels`kernel[Parallel`Kernels`Private`bk[SubKernels`LocalKernels`localKernel[SubKernels`LocalKernels`Private`lk[LinkObject[/usr/local/Wolfram/Mathematica/12.0/Executables/wolfram -subkernel -noinit -nopaclet -wstp, 204, 1], {/usr/local/Wolfram/Mathematica/12.0/Executables/wolfram -subkernel -noinit -nopaclet -wstp}, SubKernels`LocalKernels`Private`speed$22064, SubKernels`LocalKernels`Private`preemptive$22064]], Parallel`Kernels`Private`id$22071, Parallel`Kernels`Private`name$22071], Parallel`Kernels`Private`ek[Parallel`Kernels`Private`nev$22072, Parallel`Kernels`Private`pb$22072, Parallel`Kernels`Private`rd$22072], Parallel`Kernels`Private`sk[Parallel`Kernels`Private`q$22073, Parallel`Kernels`Private`n0$22073, Parallel`Kernels`Private`n1$22073]]]
                                                                                                                                                                                                -6
NIntegrate::ncvb: NIntegrate failed to converge to prescribed accuracy after 2 recursive bisections in yD near {xD, yD} = {0.0403327, -0.019111}. NIntegrate obtained 0.000807865 and 7.08333 10   for the integral and error estimates.
StringForm[From `1`:, Parallel`Kernels`kernel[Parallel`Kernels`Private`bk[SubKernels`LocalKernels`localKernel[SubKernels`LocalKernels`Private`lk[LinkObject[/usr/local/Wolfram/Mathematica/12.0/Executables/wolfram -subkernel -noinit -nopaclet -wstp, 206, 3], {/usr/local/Wolfram/Mathematica/12.0/Executables/wolfram -subkernel -noinit -nopaclet -wstp}, SubKernels`LocalKernels`Private`speed$22066, SubKernels`LocalKernels`Private`preemptive$22066]], Parallel`Kernels`Private`id$22079, Parallel`Kernels`Private`name$22079], Parallel`Kernels`Private`ek[Parallel`Kernels`Private`nev$22080, Parallel`Kernels`Private`pb$22080, Parallel`Kernels`Private`rd$22080], Parallel`Kernels`Private`sk[Parallel`Kernels`Private`q$22081, Parallel`Kernels`Private`n0$22081, Parallel`Kernels`Private`n1$22081]]]
NIntegrate::ncvb: NIntegrate failed to converge to prescribed accuracy after 2 recursive bisections in yD near {xD, yD} = {0.0384577, 0.022255}. NIntegrate obtained 0.0156451 and 0.0000476472 for the integral and error estimates.
StringForm[From `1`:, Parallel`Kernels`kernel[Parallel`Kernels`Private`bk[SubKernels`LocalKernels`localKernel[SubKernels`LocalKernels`Private`lk[LinkObject[/usr/local/Wolfram/Mathematica/12.0/Executables/wolfram -subkernel -noinit -nopaclet -wstp, 205, 2], {/usr/local/Wolfram/Mathematica/12.0/Executables/wolfram -subkernel -noinit -nopaclet -wstp}, SubKernels`LocalKernels`Private`speed$22065, SubKernels`LocalKernels`Private`preemptive$22065]], Parallel`Kernels`Private`id$22075, Parallel`Kernels`Private`name$22075], Parallel`Kernels`Private`ek[Parallel`Kernels`Private`nev$22076, Parallel`Kernels`Private`pb$22076, Parallel`Kernels`Private`rd$22076], Parallel`Kernels`Private`sk[Parallel`Kernels`Private`q$22077, Parallel`Kernels`Private`n0$22077, Parallel`Kernels`Private`n1$22077]]]
NIntegrate::ncvb: NIntegrate failed to converge to prescribed accuracy after 2 recursive bisections in yD near {xD, yD} = {0.0403327, -0.014338}. NIntegrate obtained 0.0900011 and 0.0000918639 for the integral and error estimates.
StringForm[From `1`:, Parallel`Kernels`kernel[Parallel`Kernels`Private`bk[SubKernels`LocalKernels`localKernel[SubKernels`LocalKernels`Private`lk[LinkObject[/usr/local/Wolfram/Mathematica/12.0/Executables/wolfram -subkernel -noinit -nopaclet -wstp, 204, 1], {/usr/local/Wolfram/Mathematica/12.0/Executables/wolfram -subkernel -noinit -nopaclet -wstp}, SubKernels`LocalKernels`Private`speed$22064, SubKernels`LocalKernels`Private`preemptive$22064]], Parallel`Kernels`Private`id$22071, Parallel`Kernels`Private`name$22071], Parallel`Kernels`Private`ek[Parallel`Kernels`Private`nev$22072, Parallel`Kernels`Private`pb$22072, Parallel`Kernels`Private`rd$22072], Parallel`Kernels`Private`sk[Parallel`Kernels`Private`q$22073, Parallel`Kernels`Private`n0$22073, Parallel`Kernels`Private`n1$22073]]]
NIntegrate::ncvb: NIntegrate failed to converge to prescribed accuracy after 2 recursive bisections in yD near {xD, yD} = {0.0403327, 0.022255}. NIntegrate obtained 0.0178302 and 0.0000991342 for the integral and error estimates.
a = -1060e-4
Time consumption: 4.0654090386111115
MaxMemUse :144.38106536865234 MB
Configured Kernels: {SubKernels`LocalKernels`LocalMachine[4, SubKernels`LocalKernels`LowerPriority -> True]}
Processor Count: 4
Modules loaded ...
4 Kernels launched ...
Run started at Thu 25 Nov 2021 07:57:32, Bins: {123, 138}
StringForm[From `1`:, Parallel`Kernels`kernel[Parallel`Kernels`Private`bk[SubKernels`LocalKernels`localKernel[SubKernels`LocalKernels`Private`lk[LinkObject[/usr/local/Wolfram/Mathematica/12.0/Executables/wolfram -subkernel -noinit -nopaclet -wstp, 207, 4], {/usr/local/Wolfram/Mathematica/12.0/Executables/wolfram -subkernel -noinit -nopaclet -wstp}, SubKernels`LocalKernels`Private`speed$22276, SubKernels`LocalKernels`Private`preemptive$22276]], Parallel`Kernels`Private`id$22292, Parallel`Kernels`Private`name$22292], Parallel`Kernels`Private`ek[Parallel`Kernels`Private`nev$22293, Parallel`Kernels`Private`pb$22293, Parallel`Kernels`Private`rd$22293], Parallel`Kernels`Private`sk[Parallel`Kernels`Private`q$22294, Parallel`Kernels`Private`n0$22294, Parallel`Kernels`Private`n1$22294]]]
                                                                                                                                                                                                -6
NIntegrate::ncvb: NIntegrate failed to converge to prescribed accuracy after 2 recursive bisections in yD near {xD, yD} = {0.0422077, -0.019111}. NIntegrate obtained 0.000871125 and 8.63426 10   for the integral and error estimates.
StringForm[From `1`:, Parallel`Kernels`kernel[Parallel`Kernels`Private`bk[SubKernels`LocalKernels`localKernel[SubKernels`LocalKernels`Private`lk[LinkObject[/usr/local/Wolfram/Mathematica/12.0/Executables/wolfram -subkernel -noinit -nopaclet -wstp, 207, 4], {/usr/local/Wolfram/Mathematica/12.0/Executables/wolfram -subkernel -noinit -nopaclet -wstp}, SubKernels`LocalKernels`Private`speed$22276, SubKernels`LocalKernels`Private`preemptive$22276]], Parallel`Kernels`Private`id$22292, Parallel`Kernels`Private`name$22292], Parallel`Kernels`Private`ek[Parallel`Kernels`Private`nev$22293, Parallel`Kernels`Private`pb$22293, Parallel`Kernels`Private`rd$22293], Parallel`Kernels`Private`sk[Parallel`Kernels`Private`q$22294, Parallel`Kernels`Private`n0$22294, Parallel`Kernels`Private`n1$22294]]]
                                                                                                                                                                                                -6
NIntegrate::ncvb: NIntegrate failed to converge to prescribed accuracy after 2 recursive bisections in yD near {xD, yD} = {0.0440827, -0.019111}. NIntegrate obtained 0.000854254 and 6.98621 10   for the integral and error estimates.
StringForm[From `1`:, Parallel`Kernels`kernel[Parallel`Kernels`Private`bk[SubKernels`LocalKernels`localKernel[SubKernels`LocalKernels`Private`lk[LinkObject[/usr/local/Wolfram/Mathematica/12.0/Executables/wolfram -subkernel -noinit -nopaclet -wstp, 206, 3], {/usr/local/Wolfram/Mathematica/12.0/Executables/wolfram -subkernel -noinit -nopaclet -wstp}, SubKernels`LocalKernels`Private`speed$22275, SubKernels`LocalKernels`Private`preemptive$22275]], Parallel`Kernels`Private`id$22288, Parallel`Kernels`Private`name$22288], Parallel`Kernels`Private`ek[Parallel`Kernels`Private`nev$22289, Parallel`Kernels`Private`pb$22289, Parallel`Kernels`Private`rd$22289], Parallel`Kernels`Private`sk[Parallel`Kernels`Private`q$22290, Parallel`Kernels`Private`n0$22290, Parallel`Kernels`Private`n1$22290]]]
NIntegrate::ncvb: NIntegrate failed to converge to prescribed accuracy after 2 recursive bisections in yD near {xD, yD} = {0.0422077, -0.014338}. NIntegrate obtained 0.0826397 and 0.0000927038 for the integral and error estimates.
StringForm[From `1`:, Parallel`Kernels`kernel[Parallel`Kernels`Private`bk[SubKernels`LocalKernels`localKernel[SubKernels`LocalKernels`Private`lk[LinkObject[/usr/local/Wolfram/Mathematica/12.0/Executables/wolfram -subkernel -noinit -nopaclet -wstp, 205, 2], {/usr/local/Wolfram/Mathematica/12.0/Executables/wolfram -subkernel -noinit -nopaclet -wstp}, SubKernels`LocalKernels`Private`speed$22274, SubKernels`LocalKernels`Private`preemptive$22274]], Parallel`Kernels`Private`id$22284, Parallel`Kernels`Private`name$22284], Parallel`Kernels`Private`ek[Parallel`Kernels`Private`nev$22285, Parallel`Kernels`Private`pb$22285, Parallel`Kernels`Private`rd$22285], Parallel`Kernels`Private`sk[Parallel`Kernels`Private`q$22286, Parallel`Kernels`Private`n0$22286, Parallel`Kernels`Private`n1$22286]]]
NIntegrate::ncvb: NIntegrate failed to converge to prescribed accuracy after 2 recursive bisections in yD near {xD, yD} = {0.0422077, 0.022255}. NIntegrate obtained 0.0175283 and 0.000143827 for the integral and error estimates.
StringForm[From `1`:, Parallel`Kernels`kernel[Parallel`Kernels`Private`bk[SubKernels`LocalKernels`localKernel[SubKernels`LocalKernels`Private`lk[LinkObject[/usr/local/Wolfram/Mathematica/12.0/Executables/wolfram -subkernel -noinit -nopaclet -wstp, 204, 1], {/usr/local/Wolfram/Mathematica/12.0/Executables/wolfram -subkernel -noinit -nopaclet -wstp}, SubKernels`LocalKernels`Private`speed$22273, SubKernels`LocalKernels`Private`preemptive$22273]], Parallel`Kernels`Private`id$22280, Parallel`Kernels`Private`name$22280], Parallel`Kernels`Private`ek[Parallel`Kernels`Private`nev$22281, Parallel`Kernels`Private`pb$22281, Parallel`Kernels`Private`rd$22281], Parallel`Kernels`Private`sk[Parallel`Kernels`Private`q$22282, Parallel`Kernels`Private`n0$22282, Parallel`Kernels`Private`n1$22282]]]
NIntegrate::ncvb: NIntegrate failed to converge to prescribed accuracy after 2 recursive bisections in yD near {xD, yD} = {0.0440827, -0.014338}. NIntegrate obtained 0.0651974 and 0.000155281 for the integral and error estimates.
a = -1060e-4
Time consumption: 4.5190362494444445
MaxMemUse :144.39854431152344 MB
Configured Kernels: {SubKernels`LocalKernels`LocalMachine[4, SubKernels`LocalKernels`LowerPriority -> True]}
Processor Count: 4
Modules loaded ...
4 Kernels launched ...
Run started at Thu 25 Nov 2021 12:28:41, Bins: {139, 154}
StringForm[From `1`:, Parallel`Kernels`kernel[Parallel`Kernels`Private`bk[SubKernels`LocalKernels`localKernel[SubKernels`LocalKernels`Private`lk[LinkObject[/usr/local/Wolfram/Mathematica/12.0/Executables/wolfram -subkernel -noinit -nopaclet -wstp, 204, 1], {/usr/local/Wolfram/Mathematica/12.0/Executables/wolfram -subkernel -noinit -nopaclet -wstp}, SubKernels`LocalKernels`Private`speed$21875, SubKernels`LocalKernels`Private`preemptive$21875]], Parallel`Kernels`Private`id$21882, Parallel`Kernels`Private`name$21882], Parallel`Kernels`Private`ek[Parallel`Kernels`Private`nev$21883, Parallel`Kernels`Private`pb$21883, Parallel`Kernels`Private`rd$21883], Parallel`Kernels`Private`sk[Parallel`Kernels`Private`q$21884, Parallel`Kernels`Private`n0$21884, Parallel`Kernels`Private`n1$21884]]]
                                                                                                                                                                                                -6
NIntegrate::ncvb: NIntegrate failed to converge to prescribed accuracy after 2 recursive bisections in yD near {xD, yD} = {0.0459577, -0.019111}. NIntegrate obtained 0.000695459 and 8.72993 10   for the integral and error estimates.
StringForm[From `1`:, Parallel`Kernels`kernel[Parallel`Kernels`Private`bk[SubKernels`LocalKernels`localKernel[SubKernels`LocalKernels`Private`lk[LinkObject[/usr/local/Wolfram/Mathematica/12.0/Executables/wolfram -subkernel -noinit -nopaclet -wstp, 205, 2], {/usr/local/Wolfram/Mathematica/12.0/Executables/wolfram -subkernel -noinit -nopaclet -wstp}, SubKernels`LocalKernels`Private`speed$21876, SubKernels`LocalKernels`Private`preemptive$21876]], Parallel`Kernels`Private`id$21886, Parallel`Kernels`Private`name$21886], Parallel`Kernels`Private`ek[Parallel`Kernels`Private`nev$21887, Parallel`Kernels`Private`pb$21887, Parallel`Kernels`Private`rd$21887], Parallel`Kernels`Private`sk[Parallel`Kernels`Private`q$21888, Parallel`Kernels`Private`n0$21888, Parallel`Kernels`Private`n1$21888]]]
NIntegrate::ncvb: NIntegrate failed to converge to prescribed accuracy after 2 recursive bisections in yD near {xD, yD} = {0.0440827, 0.022255}. NIntegrate obtained 0.0150322 and 0.000240328 for the integral and error estimates.
StringForm[From `1`:, Parallel`Kernels`kernel[Parallel`Kernels`Private`bk[SubKernels`LocalKernels`localKernel[SubKernels`LocalKernels`Private`lk[LinkObject[/usr/local/Wolfram/Mathematica/12.0/Executables/wolfram -subkernel -noinit -nopaclet -wstp, 207, 4], {/usr/local/Wolfram/Mathematica/12.0/Executables/wolfram -subkernel -noinit -nopaclet -wstp}, SubKernels`LocalKernels`Private`speed$21878, SubKernels`LocalKernels`Private`preemptive$21878]], Parallel`Kernels`Private`id$21894, Parallel`Kernels`Private`name$21894], Parallel`Kernels`Private`ek[Parallel`Kernels`Private`nev$21895, Parallel`Kernels`Private`pb$21895, Parallel`Kernels`Private`rd$21895], Parallel`Kernels`Private`sk[Parallel`Kernels`Private`q$21896, Parallel`Kernels`Private`n0$21896, Parallel`Kernels`Private`n1$21896]]]
NIntegrate::ncvb: NIntegrate failed to converge to prescribed accuracy after 2 recursive bisections in yD near {xD, yD} = {0.0459577, -0.014338}. NIntegrate obtained 0.0419944 and 0.0000767193 for the integral and error estimates.
StringForm[From `1`:, Parallel`Kernels`kernel[Parallel`Kernels`Private`bk[SubKernels`LocalKernels`localKernel[SubKernels`LocalKernels`Private`lk[LinkObject[/usr/local/Wolfram/Mathematica/12.0/Executables/wolfram -subkernel -noinit -nopaclet -wstp, 205, 2], {/usr/local/Wolfram/Mathematica/12.0/Executables/wolfram -subkernel -noinit -nopaclet -wstp}, SubKernels`LocalKernels`Private`speed$21876, SubKernels`LocalKernels`Private`preemptive$21876]], Parallel`Kernels`Private`id$21886, Parallel`Kernels`Private`name$21886], Parallel`Kernels`Private`ek[Parallel`Kernels`Private`nev$21887, Parallel`Kernels`Private`pb$21887, Parallel`Kernels`Private`rd$21887], Parallel`Kernels`Private`sk[Parallel`Kernels`Private`q$21888, Parallel`Kernels`Private`n0$21888, Parallel`Kernels`Private`n1$21888]]]
NIntegrate::ncvb: NIntegrate failed to converge to prescribed accuracy after 2 recursive bisections in yD near {xD, yD} = {0.0459577, 0.022255}. NIntegrate obtained 0.0106447 and 0.000068992 for the integral and error estimates.
a = -1060e-4
Time consumption: 6.372349861666667
MaxMemUse :144.39218139648438 MB
Configured Kernels: {SubKernels`LocalKernels`LocalMachine[4, SubKernels`LocalKernels`LowerPriority -> True]}
Processor Count: 4
Modules loaded ...
4 Kernels launched ...
Run started at Thu 25 Nov 2021 18:51:03, Bins: {155, 178}
StringForm[From `1`:, Parallel`Kernels`kernel[Parallel`Kernels`Private`bk[SubKernels`LocalKernels`localKernel[SubKernels`LocalKernels`Private`lk[LinkObject[/usr/local/Wolfram/Mathematica/12.0/Executables/wolfram -subkernel -noinit -nopaclet -wstp, 229, 4], {/usr/local/Wolfram/Mathematica/12.0/Executables/wolfram -subkernel -noinit -nopaclet -wstp}, SubKernels`LocalKernels`Private`speed$21987, SubKernels`LocalKernels`Private`preemptive$21987]], Parallel`Kernels`Private`id$22000, Parallel`Kernels`Private`name$22000], Parallel`Kernels`Private`ek[Parallel`Kernels`Private`nev$22001, Parallel`Kernels`Private`pb$22001, Parallel`Kernels`Private`rd$22001], Parallel`Kernels`Private`sk[Parallel`Kernels`Private`q$22002, Parallel`Kernels`Private`n0$22002, Parallel`Kernels`Private`n1$22002]]]
                                                                                                                                                                                               -6
NIntegrate::ncvb: NIntegrate failed to converge to prescribed accuracy after 2 recursive bisections in yD near {xD, yD} = {0.0479789, -0.01752}. NIntegrate obtained 0.000385787 and 5.14966 10   for the integral and error estimates.
StringForm[From `1`:, Parallel`Kernels`kernel[Parallel`Kernels`Private`bk[SubKernels`LocalKernels`localKernel[SubKernels`LocalKernels`Private`lk[LinkObject[/usr/local/Wolfram/Mathematica/12.0/Executables/wolfram -subkernel -noinit -nopaclet -wstp, 228, 3], {/usr/local/Wolfram/Mathematica/12.0/Executables/wolfram -subkernel -noinit -nopaclet -wstp}, SubKernels`LocalKernels`Private`speed$21986, SubKernels`LocalKernels`Private`preemptive$21986]], Parallel`Kernels`Private`id$21996, Parallel`Kernels`Private`name$21996], Parallel`Kernels`Private`ek[Parallel`Kernels`Private`nev$21997, Parallel`Kernels`Private`pb$21997, Parallel`Kernels`Private`rd$21997], Parallel`Kernels`Private`sk[Parallel`Kernels`Private`q$21998, Parallel`Kernels`Private`n0$21998, Parallel`Kernels`Private`n1$21998]]]
NIntegrate::ncvb: NIntegrate failed to converge to prescribed accuracy after 2 recursive bisections in yD near {xD, yD} = {0.0478327, -0.014338}. NIntegrate obtained 0.0200073 and 0.0000810149 for the integral and error estimates.
StringForm[From `1`:, Parallel`Kernels`kernel[Parallel`Kernels`Private`bk[SubKernels`LocalKernels`localKernel[SubKernels`LocalKernels`Private`lk[LinkObject[/usr/local/Wolfram/Mathematica/12.0/Executables/wolfram -subkernel -noinit -nopaclet -wstp, 227, 2], {/usr/local/Wolfram/Mathematica/12.0/Executables/wolfram -subkernel -noinit -nopaclet -wstp}, SubKernels`LocalKernels`Private`speed$21985, SubKernels`LocalKernels`Private`preemptive$21985]], Parallel`Kernels`Private`id$21992, Parallel`Kernels`Private`name$21992], Parallel`Kernels`Private`ek[Parallel`Kernels`Private`nev$21993, Parallel`Kernels`Private`pb$21993, Parallel`Kernels`Private`rd$21993], Parallel`Kernels`Private`sk[Parallel`Kernels`Private`q$21994, Parallel`Kernels`Private`n0$21994, Parallel`Kernels`Private`n1$21994]]]
NIntegrate::ncvb: NIntegrate failed to converge to prescribed accuracy after 2 recursive bisections in yD near {xD, yD} = {0.0478327, 0.022255}. NIntegrate obtained 0.00590105 and 0.0000417334 for the integral and error estimates.
StringForm[From `1`:, Parallel`Kernels`kernel[Parallel`Kernels`Private`bk[SubKernels`LocalKernels`localKernel[SubKernels`LocalKernels`Private`lk[LinkObject[/usr/local/Wolfram/Mathematica/12.0/Executables/wolfram -subkernel -noinit -nopaclet -wstp, 228, 3], {/usr/local/Wolfram/Mathematica/12.0/Executables/wolfram -subkernel -noinit -nopaclet -wstp}, SubKernels`LocalKernels`Private`speed$21986, SubKernels`LocalKernels`Private`preemptive$21986]], Parallel`Kernels`Private`id$21996, Parallel`Kernels`Private`name$21996], Parallel`Kernels`Private`ek[Parallel`Kernels`Private`nev$21997, Parallel`Kernels`Private`pb$21997, Parallel`Kernels`Private`rd$21997], Parallel`Kernels`Private`sk[Parallel`Kernels`Private`q$21998, Parallel`Kernels`Private`n0$21998, Parallel`Kernels`Private`n1$21998]]]
                                                                                                                                                                               -6               -6
NIntegrate::ncvb: NIntegrate failed to converge to prescribed accuracy after 2 recursive bisections in yD near {xD, yD} = {0.0515827, -0.01752}. NIntegrate obtained 3.78046 10   and 2.67081 10   for the integral and error estimates.
StringForm[From `1`:, Parallel`Kernels`kernel[Parallel`Kernels`Private`bk[SubKernels`LocalKernels`localKernel[SubKernels`LocalKernels`Private`lk[LinkObject[/usr/local/Wolfram/Mathematica/12.0/Executables/wolfram -subkernel -noinit -nopaclet -wstp, 230, 5], {/usr/local/Wolfram/Mathematica/12.0/Executables/wolfram -subkernel -noinit -nopaclet -wstp}, SubKernels`LocalKernels`Private`speed$21988, SubKernels`LocalKernels`Private`preemptive$21988]], Parallel`Kernels`Private`id$22004, Parallel`Kernels`Private`name$22004], Parallel`Kernels`Private`ek[Parallel`Kernels`Private`nev$22005, Parallel`Kernels`Private`pb$22005, Parallel`Kernels`Private`rd$22005], Parallel`Kernels`Private`sk[Parallel`Kernels`Private`q$22006, Parallel`Kernels`Private`n0$22006, Parallel`Kernels`Private`n1$22006]]]
NIntegrate::ncvb: NIntegrate failed to converge to prescribed accuracy after 2 recursive bisections in yD near {xD, yD} = {0.0497077, 0.025437}. NIntegrate obtained 0.00228166 and 0.0000890913 for the integral and error estimates.
a = -1060e-4
Time consumption: 6.5991891986111115
MaxMemUse :147.55807495117188 MB
Configured Kernels: {SubKernels`LocalKernels`LocalMachine[4, SubKernels`LocalKernels`LowerPriority -> True]}
Processor Count: 4
Modules loaded ...
4 Kernels launched ...
Run started at Fri 26 Nov 2021 01:27:00, Bins: {179, 264}
StringForm[From `1`:, Parallel`Kernels`kernel[Parallel`Kernels`Private`bk[SubKernels`LocalKernels`localKernel[SubKernels`LocalKernels`Private`lk[LinkObject[/usr/local/Wolfram/Mathematica/12.0/Executables/wolfram -subkernel -noinit -nopaclet -wstp, 204, 1], {/usr/local/Wolfram/Mathematica/12.0/Executables/wolfram -subkernel -noinit -nopaclet -wstp}, SubKernels`LocalKernels`Private`speed$21874, SubKernels`LocalKernels`Private`preemptive$21874]], Parallel`Kernels`Private`id$21881, Parallel`Kernels`Private`name$21881], Parallel`Kernels`Private`ek[Parallel`Kernels`Private`nev$21882, Parallel`Kernels`Private`pb$21882, Parallel`Kernels`Private`rd$21882], Parallel`Kernels`Private`sk[Parallel`Kernels`Private`q$21883, Parallel`Kernels`Private`n0$21883, Parallel`Kernels`Private`n1$21883]]]
                                                                                                                                                                                              -6
NIntegrate::ncvb: NIntegrate failed to converge to prescribed accuracy after 2 recursive bisections in yD near {xD, yD} = {0.0503957, 0.025437}. NIntegrate obtained 0.000566694 and 1.9307 10   for the integral and error estimates.
a = -1060e-4
Time consumption: 2.792603351388889
MaxMemUse :144.38512420654297 MB
