Configured Kernels: {SubKernels`LocalKernels`LocalMachine[4, SubKernels`LocalKernels`LowerPriority -> True]}
Processor Count: 4

Set::wrsym: Symbol pmax is Protected.
Modules loaded ...
3 Kernels launched ...
Run started at Sat 21 Nov 2020 22:46:27, Bins: {1, 98}
StringForm[From `1`:, Parallel`Kernels`kernel[Parallel`Kernels`Private`bk[SubKernels`LocalKernels`localKernel[SubKernels`LocalKernels`Private`lk[LinkObject[/usr/local/Wolfram/Mathematica/12.0/Executables/wolfram -subkernel -noinit -nopaclet -wstp, 233, 4], {/usr/local/Wolfram/Mathematica/12.0/Executables/wolfram -subkernel -noinit -nopaclet -wstp}, SubKernels`LocalKernels`Private`speed$45858, SubKernels`LocalKernels`Private`preemptive$45858]], Parallel`Kernels`Private`id$45870, Parallel`Kernels`Private`name$45870], Parallel`Kernels`Private`ek[Parallel`Kernels`Private`nev$45871, Parallel`Kernels`Private`pb$45871, Parallel`Kernels`Private`rd$45871], Parallel`Kernels`Private`sk[Parallel`Kernels`Private`q$45872, Parallel`Kernels`Private`n0$45872, Parallel`Kernels`Private`n1$45872]]]
                                                                                                                                                                                                   -6
NIntegrate::ncvb: NIntegrate failed to converge to prescribed accuracy after 2 recursive bisections in yD near {xD, yD} = {-0.0357794, -0.0278897}. NIntegrate obtained 0.0000122896 and 1.55277 10   for the integral and error estimates.
StringForm[From `1`:, Parallel`Kernels`kernel[Parallel`Kernels`Private`bk[SubKernels`LocalKernels`localKernel[SubKernels`LocalKernels`Private`lk[LinkObject[/usr/local/Wolfram/Mathematica/12.0/Executables/wolfram -subkernel -noinit -nopaclet -wstp, 232, 3], {/usr/local/Wolfram/Mathematica/12.0/Executables/wolfram -subkernel -noinit -nopaclet -wstp}, SubKernels`LocalKernels`Private`speed$45857, SubKernels`LocalKernels`Private`preemptive$45857]], Parallel`Kernels`Private`id$45866, Parallel`Kernels`Private`name$45866], Parallel`Kernels`Private`ek[Parallel`Kernels`Private`nev$45867, Parallel`Kernels`Private`pb$45867, Parallel`Kernels`Private`rd$45867], Parallel`Kernels`Private`sk[Parallel`Kernels`Private`q$45868, Parallel`Kernels`Private`n0$45868, Parallel`Kernels`Private`n1$45868]]]
                                                                                                                                                                                 -6               -6
NIntegrate::ncvb: NIntegrate failed to converge to prescribed accuracy after 2 recursive bisections in yD near {xD, yD} = {-0.0257794, 0.0471083}. NIntegrate obtained 7.09721 10   and 1.05991 10   for the integral and error estimates.
StringForm[From `1`:, Parallel`Kernels`kernel[Parallel`Kernels`Private`bk[SubKernels`LocalKernels`localKernel[SubKernels`LocalKernels`Private`lk[LinkObject[/usr/local/Wolfram/Mathematica/12.0/Executables/wolfram -subkernel -noinit -nopaclet -wstp, 231, 2], {/usr/local/Wolfram/Mathematica/12.0/Executables/wolfram -subkernel -noinit -nopaclet -wstp}, SubKernels`LocalKernels`Private`speed$45856, SubKernels`LocalKernels`Private`preemptive$45856]], Parallel`Kernels`Private`id$45862, Parallel`Kernels`Private`name$45862], Parallel`Kernels`Private`ek[Parallel`Kernels`Private`nev$45863, Parallel`Kernels`Private`pb$45863, Parallel`Kernels`Private`rd$45863], Parallel`Kernels`Private`sk[Parallel`Kernels`Private`q$45864, Parallel`Kernels`Private`n0$45864, Parallel`Kernels`Private`n1$45864]]]
                                                                                                                                                                                                  -6
NIntegrate::ncvb: NIntegrate failed to converge to prescribed accuracy after 2 recursive bisections in yD near {xD, yD} = {-0.0307794, -0.0178897}. NIntegrate obtained 0.000822892 and 1.80643 10   for the integral and error estimates.
StringForm[From `1`:, Parallel`Kernels`kernel[Parallel`Kernels`Private`bk[SubKernels`LocalKernels`localKernel[SubKernels`LocalKernels`Private`lk[LinkObject[/usr/local/Wolfram/Mathematica/12.0/Executables/wolfram -subkernel -noinit -nopaclet -wstp, 233, 4], {/usr/local/Wolfram/Mathematica/12.0/Executables/wolfram -subkernel -noinit -nopaclet -wstp}, SubKernels`LocalKernels`Private`speed$45858, SubKernels`LocalKernels`Private`preemptive$45858]], Parallel`Kernels`Private`id$45870, Parallel`Kernels`Private`name$45870], Parallel`Kernels`Private`ek[Parallel`Kernels`Private`nev$45871, Parallel`Kernels`Private`pb$45871, Parallel`Kernels`Private`rd$45871], Parallel`Kernels`Private`sk[Parallel`Kernels`Private`q$45872, Parallel`Kernels`Private`n0$45872, Parallel`Kernels`Private`n1$45872]]]
                                                                                                                                                                                                -6
NIntegrate::ncvb: NIntegrate failed to converge to prescribed accuracy after 2 recursive bisections in xD near {xD, yD} = {-0.0276948, 0.0392186}. NIntegrate obtained 0.00127227 and 6.65869 10   for the integral and error estimates.
StringForm[From `1`:, Parallel`Kernels`kernel[Parallel`Kernels`Private`bk[SubKernels`LocalKernels`localKernel[SubKernels`LocalKernels`Private`lk[LinkObject[/usr/local/Wolfram/Mathematica/12.0/Executables/wolfram -subkernel -noinit -nopaclet -wstp, 232, 3], {/usr/local/Wolfram/Mathematica/12.0/Executables/wolfram -subkernel -noinit -nopaclet -wstp}, SubKernels`LocalKernels`Private`speed$45857, SubKernels`LocalKernels`Private`preemptive$45857]], Parallel`Kernels`Private`id$45866, Parallel`Kernels`Private`name$45866], Parallel`Kernels`Private`ek[Parallel`Kernels`Private`nev$45867, Parallel`Kernels`Private`pb$45867, Parallel`Kernels`Private`rd$45867], Parallel`Kernels`Private`sk[Parallel`Kernels`Private`q$45868, Parallel`Kernels`Private`n0$45868, Parallel`Kernels`Private`n1$45868]]]
                                                                                                                                                                                                   -6
NIntegrate::ncvb: NIntegrate failed to converge to prescribed accuracy after 2 recursive bisections in yD near {xD, yD} = {-0.0257794, -0.0278897}. NIntegrate obtained 0.0000925101 and 1.47429 10   for the integral and error estimates.
StringForm[From `1`:, Parallel`Kernels`kernel[Parallel`Kernels`Private`bk[SubKernels`LocalKernels`localKernel[SubKernels`LocalKernels`Private`lk[LinkObject[/usr/local/Wolfram/Mathematica/12.0/Executables/wolfram -subkernel -noinit -nopaclet -wstp, 233, 4], {/usr/local/Wolfram/Mathematica/12.0/Executables/wolfram -subkernel -noinit -nopaclet -wstp}, SubKernels`LocalKernels`Private`speed$45858, SubKernels`LocalKernels`Private`preemptive$45858]], Parallel`Kernels`Private`id$45870, Parallel`Kernels`Private`name$45870], Parallel`Kernels`Private`ek[Parallel`Kernels`Private`nev$45871, Parallel`Kernels`Private`pb$45871, Parallel`Kernels`Private`rd$45871], Parallel`Kernels`Private`sk[Parallel`Kernels`Private`q$45872, Parallel`Kernels`Private`n0$45872, Parallel`Kernels`Private`n1$45872]]]
                                                                                                                                                                                                -6
NIntegrate::ncvb: NIntegrate failed to converge to prescribed accuracy after 2 recursive bisections in xD near {xD, yD} = {-0.0251948, -0.0165588}. NIntegrate obtained 0.00183096 and 3.8655 10   for the integral and error estimates.
b = 0e-4
Time consumption: 13.555806248055555
MaxMemUse :146.16812896728516 MB
Configured Kernels: {SubKernels`LocalKernels`LocalMachine[4, SubKernels`LocalKernels`LowerPriority -> True]}
Processor Count: 4

Set::wrsym: Symbol pmax is Protected.
Modules loaded ...
3 Kernels launched ...
Run started at Sun 22 Nov 2020 12:19:49, Bins: {99, 106}
StringForm[From `1`:, Parallel`Kernels`kernel[Parallel`Kernels`Private`bk[SubKernels`LocalKernels`localKernel[SubKernels`LocalKernels`Private`lk[LinkObject[/usr/local/Wolfram/Mathematica/12.0/Executables/wolfram -subkernel -noinit -nopaclet -wstp, 208, 1], {/usr/local/Wolfram/Mathematica/12.0/Executables/wolfram -subkernel -noinit -nopaclet -wstp}, SubKernels`LocalKernels`Private`speed$58525, SubKernels`LocalKernels`Private`preemptive$58525]], Parallel`Kernels`Private`id$58531, Parallel`Kernels`Private`name$58531], Parallel`Kernels`Private`ek[Parallel`Kernels`Private`nev$58532, Parallel`Kernels`Private`pb$58532, Parallel`Kernels`Private`rd$58532], Parallel`Kernels`Private`sk[Parallel`Kernels`Private`q$58533, Parallel`Kernels`Private`n0$58533, Parallel`Kernels`Private`n1$58533]]]
NIntegrate::ncvb: NIntegrate failed to converge to prescribed accuracy after 2 recursive bisections in yD near {xD, yD} = {-0.0203897, 0.0446083}. NIntegrate obtained 0.00212711 and 0.0000281694 for the integral and error estimates.
StringForm[From `1`:, Parallel`Kernels`kernel[Parallel`Kernels`Private`bk[SubKernels`LocalKernels`localKernel[SubKernels`LocalKernels`Private`lk[LinkObject[/usr/local/Wolfram/Mathematica/12.0/Executables/wolfram -subkernel -noinit -nopaclet -wstp, 210, 3], {/usr/local/Wolfram/Mathematica/12.0/Executables/wolfram -subkernel -noinit -nopaclet -wstp}, SubKernels`LocalKernels`Private`speed$58527, SubKernels`LocalKernels`Private`preemptive$58527]], Parallel`Kernels`Private`id$58539, Parallel`Kernels`Private`name$58539], Parallel`Kernels`Private`ek[Parallel`Kernels`Private`nev$58540, Parallel`Kernels`Private`pb$58540, Parallel`Kernels`Private`rd$58540], Parallel`Kernels`Private`sk[Parallel`Kernels`Private`q$58541, Parallel`Kernels`Private`n0$58541, Parallel`Kernels`Private`n1$58541]]]
NIntegrate::ncvb: NIntegrate failed to converge to prescribed accuracy after 2 recursive bisections in yD near {xD, yD} = {-0.0207794, -0.00538969}. NIntegrate obtained 0.0161977 and 0.0000190182 for the integral and error estimates.
b = 0e-4
Time consumption: 10.601078239166666
MaxMemUse :143.40711975097656 MB
Configured Kernels: {SubKernels`LocalKernels`LocalMachine[4, SubKernels`LocalKernels`LowerPriority -> True]}
Processor Count: 4

Set::wrsym: Symbol pmax is Protected.
Modules loaded ...
3 Kernels launched ...
Run started at Sun 22 Nov 2020 22:55:53, Bins: {107, 122}
StringForm[From `1`:, Parallel`Kernels`kernel[Parallel`Kernels`Private`bk[SubKernels`LocalKernels`localKernel[SubKernels`LocalKernels`Private`lk[LinkObject[/usr/local/Wolfram/Mathematica/12.0/Executables/wolfram -subkernel -noinit -nopaclet -wstp, 209, 2], {/usr/local/Wolfram/Mathematica/12.0/Executables/wolfram -subkernel -noinit -nopaclet -wstp}, SubKernels`LocalKernels`Private`speed$59017, SubKernels`LocalKernels`Private`preemptive$59017]], Parallel`Kernels`Private`id$59026, Parallel`Kernels`Private`name$59026], Parallel`Kernels`Private`ek[Parallel`Kernels`Private`nev$59027, Parallel`Kernels`Private`pb$59027, Parallel`Kernels`Private`rd$59027], Parallel`Kernels`Private`sk[Parallel`Kernels`Private`q$59028, Parallel`Kernels`Private`n0$59028, Parallel`Kernels`Private`n1$59028]]]
                                                                                                                                                                                                  -6
NIntegrate::ncvb: NIntegrate failed to converge to prescribed accuracy after 2 recursive bisections in yD near {xD, yD} = {-0.0207794, -0.0278897}. NIntegrate obtained 0.000135639 and 7.41283 10   for the integral and error estimates.
StringForm[From `1`:, Parallel`Kernels`kernel[Parallel`Kernels`Private`bk[SubKernels`LocalKernels`localKernel[SubKernels`LocalKernels`Private`lk[LinkObject[/usr/local/Wolfram/Mathematica/12.0/Executables/wolfram -subkernel -noinit -nopaclet -wstp, 210, 3], {/usr/local/Wolfram/Mathematica/12.0/Executables/wolfram -subkernel -noinit -nopaclet -wstp}, SubKernels`LocalKernels`Private`speed$59018, SubKernels`LocalKernels`Private`preemptive$59018]], Parallel`Kernels`Private`id$59030, Parallel`Kernels`Private`name$59030], Parallel`Kernels`Private`ek[Parallel`Kernels`Private`nev$59031, Parallel`Kernels`Private`pb$59031, Parallel`Kernels`Private`rd$59031], Parallel`Kernels`Private`sk[Parallel`Kernels`Private`q$59032, Parallel`Kernels`Private`n0$59032, Parallel`Kernels`Private`n1$59032]]]
                                                                                                                                                                                                -6
NIntegrate::ncvb: NIntegrate failed to converge to prescribed accuracy after 2 recursive bisections in yD near {xD, yD} = {-0.0207794, -0.0153897}. NIntegrate obtained 0.0034104 and 7.38131 10   for the integral and error estimates.
StringForm[From `1`:, Parallel`Kernels`kernel[Parallel`Kernels`Private`bk[SubKernels`LocalKernels`localKernel[SubKernels`LocalKernels`Private`lk[LinkObject[/usr/local/Wolfram/Mathematica/12.0/Executables/wolfram -subkernel -noinit -nopaclet -wstp, 208, 1], {/usr/local/Wolfram/Mathematica/12.0/Executables/wolfram -subkernel -noinit -nopaclet -wstp}, SubKernels`LocalKernels`Private`speed$59016, SubKernels`LocalKernels`Private`preemptive$59016]], Parallel`Kernels`Private`id$59022, Parallel`Kernels`Private`name$59022], Parallel`Kernels`Private`ek[Parallel`Kernels`Private`nev$59023, Parallel`Kernels`Private`pb$59023, Parallel`Kernels`Private`rd$59023], Parallel`Kernels`Private`sk[Parallel`Kernels`Private`q$59024, Parallel`Kernels`Private`n0$59024, Parallel`Kernels`Private`n1$59024]]]
NIntegrate::ncvb: NIntegrate failed to converge to prescribed accuracy after 2 recursive bisections in yD near {xD, yD} = {-0.0178897, 0.0396083}. NIntegrate obtained 0.00295195 and 0.0000252142 for the integral and error estimates.
StringForm[From `1`:, Parallel`Kernels`kernel[Parallel`Kernels`Private`bk[SubKernels`LocalKernels`localKernel[SubKernels`LocalKernels`Private`lk[LinkObject[/usr/local/Wolfram/Mathematica/12.0/Executables/wolfram -subkernel -noinit -nopaclet -wstp, 208, 1], {/usr/local/Wolfram/Mathematica/12.0/Executables/wolfram -subkernel -noinit -nopaclet -wstp}, SubKernels`LocalKernels`Private`speed$59016, SubKernels`LocalKernels`Private`preemptive$59016]], Parallel`Kernels`Private`id$59022, Parallel`Kernels`Private`name$59022], Parallel`Kernels`Private`ek[Parallel`Kernels`Private`nev$59023, Parallel`Kernels`Private`pb$59023, Parallel`Kernels`Private`rd$59023], Parallel`Kernels`Private`sk[Parallel`Kernels`Private`q$59024, Parallel`Kernels`Private`n0$59024, Parallel`Kernels`Private`n1$59024]]]
NIntegrate::ncvb: NIntegrate failed to converge to prescribed accuracy after 2 recursive bisections in yD near {xD, yD} = {-0.0157794, -0.0253897}. NIntegrate obtained 0.0000908305 and 0.0000938438 for the integral and error estimates.
StringForm[From `1`:, Parallel`Kernels`kernel[Parallel`Kernels`Private`bk[SubKernels`LocalKernels`localKernel[SubKernels`LocalKernels`Private`lk[LinkObject[/usr/local/Wolfram/Mathematica/12.0/Executables/wolfram -subkernel -noinit -nopaclet -wstp, 209, 2], {/usr/local/Wolfram/Mathematica/12.0/Executables/wolfram -subkernel -noinit -nopaclet -wstp}, SubKernels`LocalKernels`Private`speed$59017, SubKernels`LocalKernels`Private`preemptive$59017]], Parallel`Kernels`Private`id$59026, Parallel`Kernels`Private`name$59026], Parallel`Kernels`Private`ek[Parallel`Kernels`Private`nev$59027, Parallel`Kernels`Private`pb$59027, Parallel`Kernels`Private`rd$59027], Parallel`Kernels`Private`sk[Parallel`Kernels`Private`q$59028, Parallel`Kernels`Private`n0$59028, Parallel`Kernels`Private`n1$59028]]]
NIntegrate::ncvb: NIntegrate failed to converge to prescribed accuracy after 2 recursive bisections in yD near {xD, yD} = {-0.0178897, 0.0271083}. NIntegrate obtained 0.0215415 and 0.0000317866 for the integral and error estimates.
StringForm[From `1`:, Parallel`Kernels`kernel[Parallel`Kernels`Private`bk[SubKernels`LocalKernels`localKernel[SubKernels`LocalKernels`Private`lk[LinkObject[/usr/local/Wolfram/Mathematica/12.0/Executables/wolfram -subkernel -noinit -nopaclet -wstp, 210, 3], {/usr/local/Wolfram/Mathematica/12.0/Executables/wolfram -subkernel -noinit -nopaclet -wstp}, SubKernels`LocalKernels`Private`speed$59018, SubKernels`LocalKernels`Private`preemptive$59018]], Parallel`Kernels`Private`id$59030, Parallel`Kernels`Private`name$59030], Parallel`Kernels`Private`ek[Parallel`Kernels`Private`nev$59031, Parallel`Kernels`Private`pb$59031, Parallel`Kernels`Private`rd$59031], Parallel`Kernels`Private`sk[Parallel`Kernels`Private`q$59032, Parallel`Kernels`Private`n0$59032, Parallel`Kernels`Private`n1$59032]]]
NIntegrate::ncvb: NIntegrate failed to converge to prescribed accuracy after 2 recursive bisections in yD near {xD, yD} = {-0.0153897, -0.0178897}. NIntegrate obtained 0.00541437 and 0.0000216049 for the integral and error estimates.
b = 0e-4
Time consumption: 15.654793100833334
MaxMemUse :143.37256622314453 MB
Configured Kernels: {SubKernels`LocalKernels`LocalMachine[4, SubKernels`LocalKernels`LowerPriority -> True]}
Processor Count: 4

Set::wrsym: Symbol pmax is Protected.
Modules loaded ...
3 Kernels launched ...
Run started at Mon 23 Nov 2020 14:35:11, Bins: {123, 138}
StringForm[From `1`:, Parallel`Kernels`kernel[Parallel`Kernels`Private`bk[SubKernels`LocalKernels`localKernel[SubKernels`LocalKernels`Private`lk[LinkObject[/usr/local/Wolfram/Mathematica/12.0/Executables/wolfram -subkernel -noinit -nopaclet -wstp, 210, 3], {/usr/local/Wolfram/Mathematica/12.0/Executables/wolfram -subkernel -noinit -nopaclet -wstp}, SubKernels`LocalKernels`Private`speed$58323, SubKernels`LocalKernels`Private`preemptive$58323]], Parallel`Kernels`Private`id$58335, Parallel`Kernels`Private`name$58335], Parallel`Kernels`Private`ek[Parallel`Kernels`Private`nev$58336, Parallel`Kernels`Private`pb$58336, Parallel`Kernels`Private`rd$58336], Parallel`Kernels`Private`sk[Parallel`Kernels`Private`q$58337, Parallel`Kernels`Private`n0$58337, Parallel`Kernels`Private`n1$58337]]]
NIntegrate::ncvb: NIntegrate failed to converge to prescribed accuracy after 2 recursive bisections in yD near {xD, yD} = {-0.0107794, 0.0421083}. NIntegrate obtained 0.00347864 and 0.000292703 for the integral and error estimates.
StringForm[From `1`:, Parallel`Kernels`kernel[Parallel`Kernels`Private`bk[SubKernels`LocalKernels`localKernel[SubKernels`LocalKernels`Private`lk[LinkObject[/usr/local/Wolfram/Mathematica/12.0/Executables/wolfram -subkernel -noinit -nopaclet -wstp, 210, 3], {/usr/local/Wolfram/Mathematica/12.0/Executables/wolfram -subkernel -noinit -nopaclet -wstp}, SubKernels`LocalKernels`Private`speed$58323, SubKernels`LocalKernels`Private`preemptive$58323]], Parallel`Kernels`Private`id$58335, Parallel`Kernels`Private`name$58335], Parallel`Kernels`Private`ek[Parallel`Kernels`Private`nev$58336, Parallel`Kernels`Private`pb$58336, Parallel`Kernels`Private`rd$58336], Parallel`Kernels`Private`sk[Parallel`Kernels`Private`q$58337, Parallel`Kernels`Private`n0$58337, Parallel`Kernels`Private`n1$58337]]]
                                                                                                                                                                                  -6               -6
NIntegrate::ncvb: NIntegrate failed to converge to prescribed accuracy after 2 recursive bisections in xD near {xD, yD} = {-0.0139448, -0.0265588}. NIntegrate obtained 2.79134 10   and 6.62942 10   for the integral and error estimates.
StringForm[From `1`:, Parallel`Kernels`kernel[Parallel`Kernels`Private`bk[SubKernels`LocalKernels`localKernel[SubKernels`LocalKernels`Private`lk[LinkObject[/usr/local/Wolfram/Mathematica/12.0/Executables/wolfram -subkernel -noinit -nopaclet -wstp, 209, 2], {/usr/local/Wolfram/Mathematica/12.0/Executables/wolfram -subkernel -noinit -nopaclet -wstp}, SubKernels`LocalKernels`Private`speed$58322, SubKernels`LocalKernels`Private`preemptive$58322]], Parallel`Kernels`Private`id$58331, Parallel`Kernels`Private`name$58331], Parallel`Kernels`Private`ek[Parallel`Kernels`Private`nev$58332, Parallel`Kernels`Private`pb$58332, Parallel`Kernels`Private`rd$58332], Parallel`Kernels`Private`sk[Parallel`Kernels`Private`q$58333, Parallel`Kernels`Private`n0$58333, Parallel`Kernels`Private`n1$58333]]]
NIntegrate::ncvb: NIntegrate failed to converge to prescribed accuracy after 2 recursive bisections in yD near {xD, yD} = {-0.0107794, 0.0296083}. NIntegrate obtained 0.0309562 and 0.0000950206 for the integral and error estimates.
StringForm[From `1`:, Parallel`Kernels`kernel[Parallel`Kernels`Private`bk[SubKernels`LocalKernels`localKernel[SubKernels`LocalKernels`Private`lk[LinkObject[/usr/local/Wolfram/Mathematica/12.0/Executables/wolfram -subkernel -noinit -nopaclet -wstp, 210, 3], {/usr/local/Wolfram/Mathematica/12.0/Executables/wolfram -subkernel -noinit -nopaclet -wstp}, SubKernels`LocalKernels`Private`speed$58323, SubKernels`LocalKernels`Private`preemptive$58323]], Parallel`Kernels`Private`id$58335, Parallel`Kernels`Private`name$58335], Parallel`Kernels`Private`ek[Parallel`Kernels`Private`nev$58336, Parallel`Kernels`Private`pb$58336, Parallel`Kernels`Private`rd$58336], Parallel`Kernels`Private`sk[Parallel`Kernels`Private`q$58337, Parallel`Kernels`Private`n0$58337, Parallel`Kernels`Private`n1$58337]]]
NIntegrate::ncvb: NIntegrate failed to converge to prescribed accuracy after 2 recursive bisections in yD near {xD, yD} = {-0.00577938, 0.0396083}. NIntegrate obtained 0.00315432 and 0.0000897185 for the integral and error estimates.
StringForm[From `1`:, Parallel`Kernels`kernel[Parallel`Kernels`Private`bk[SubKernels`LocalKernels`localKernel[SubKernels`LocalKernels`Private`lk[LinkObject[/usr/local/Wolfram/Mathematica/12.0/Executables/wolfram -subkernel -noinit -nopaclet -wstp, 209, 2], {/usr/local/Wolfram/Mathematica/12.0/Executables/wolfram -subkernel -noinit -nopaclet -wstp}, SubKernels`LocalKernels`Private`speed$58322, SubKernels`LocalKernels`Private`preemptive$58322]], Parallel`Kernels`Private`id$58331, Parallel`Kernels`Private`name$58331], Parallel`Kernels`Private`ek[Parallel`Kernels`Private`nev$58332, Parallel`Kernels`Private`pb$58332, Parallel`Kernels`Private`rd$58332], Parallel`Kernels`Private`sk[Parallel`Kernels`Private`q$58333, Parallel`Kernels`Private`n0$58333, Parallel`Kernels`Private`n1$58333]]]
NIntegrate::ncvb: NIntegrate failed to converge to prescribed accuracy after 2 recursive bisections in yD near {xD, yD} = {-0.00577938, 0.0271083}. NIntegrate obtained 0.0391738 and 0.000158806 for the integral and error estimates.
b = 0e-4
Time consumption: 10.507164974444445
MaxMemUse :143.36992645263672 MB
Configured Kernels: {SubKernels`LocalKernels`LocalMachine[4, SubKernels`LocalKernels`LowerPriority -> True]}
Processor Count: 4

Set::wrsym: Symbol pmax is Protected.
Modules loaded ...
3 Kernels launched ...
Run started at Tue 24 Nov 2020 01:05:38, Bins: {139, 154}
StringForm[From `1`:, Parallel`Kernels`kernel[Parallel`Kernels`Private`bk[SubKernels`LocalKernels`localKernel[SubKernels`LocalKernels`Private`lk[LinkObject[/usr/local/Wolfram/Mathematica/12.0/Executables/wolfram -subkernel -noinit -nopaclet -wstp, 208, 1], {/usr/local/Wolfram/Mathematica/12.0/Executables/wolfram -subkernel -noinit -nopaclet -wstp}, SubKernels`LocalKernels`Private`speed$59388, SubKernels`LocalKernels`Private`preemptive$59388]], Parallel`Kernels`Private`id$59394, Parallel`Kernels`Private`name$59394], Parallel`Kernels`Private`ek[Parallel`Kernels`Private`nev$59395, Parallel`Kernels`Private`pb$59395, Parallel`Kernels`Private`rd$59395], Parallel`Kernels`Private`sk[Parallel`Kernels`Private`q$59396, Parallel`Kernels`Private`n0$59396, Parallel`Kernels`Private`n1$59396]]]
NIntegrate::ncvb: NIntegrate failed to converge to prescribed accuracy after 2 recursive bisections in yD near {xD, yD} = {-0.000779382, 0.0396083}. NIntegrate obtained 0.00210984 and 0.0000875145 for the integral and error estimates.
StringForm[From `1`:, Parallel`Kernels`kernel[Parallel`Kernels`Private`bk[SubKernels`LocalKernels`localKernel[SubKernels`LocalKernels`Private`lk[LinkObject[/usr/local/Wolfram/Mathematica/12.0/Executables/wolfram -subkernel -noinit -nopaclet -wstp, 210, 3], {/usr/local/Wolfram/Mathematica/12.0/Executables/wolfram -subkernel -noinit -nopaclet -wstp}, SubKernels`LocalKernels`Private`speed$59390, SubKernels`LocalKernels`Private`preemptive$59390]], Parallel`Kernels`Private`id$59402, Parallel`Kernels`Private`name$59402], Parallel`Kernels`Private`ek[Parallel`Kernels`Private`nev$59403, Parallel`Kernels`Private`pb$59403, Parallel`Kernels`Private`rd$59403], Parallel`Kernels`Private`sk[Parallel`Kernels`Private`q$59404, Parallel`Kernels`Private`n0$59404, Parallel`Kernels`Private`n1$59404]]]
NIntegrate::ncvb: NIntegrate failed to converge to prescribed accuracy after 2 recursive bisections in yD near {xD, yD} = {-0.00577938, -0.00788969}. NIntegrate obtained 0.0609877 and 0.00020365 for the integral and error estimates.
StringForm[From `1`:, Parallel`Kernels`kernel[Parallel`Kernels`Private`bk[SubKernels`LocalKernels`localKernel[SubKernels`LocalKernels`Private`lk[LinkObject[/usr/local/Wolfram/Mathematica/12.0/Executables/wolfram -subkernel -noinit -nopaclet -wstp, 209, 2], {/usr/local/Wolfram/Mathematica/12.0/Executables/wolfram -subkernel -noinit -nopaclet -wstp}, SubKernels`LocalKernels`Private`speed$59389, SubKernels`LocalKernels`Private`preemptive$59389]], Parallel`Kernels`Private`id$59398, Parallel`Kernels`Private`name$59398], Parallel`Kernels`Private`ek[Parallel`Kernels`Private`nev$59399, Parallel`Kernels`Private`pb$59399, Parallel`Kernels`Private`rd$59399], Parallel`Kernels`Private`sk[Parallel`Kernels`Private`q$59400, Parallel`Kernels`Private`n0$59400, Parallel`Kernels`Private`n1$59400]]]
NIntegrate::ncvb: NIntegrate failed to converge to prescribed accuracy after 2 recursive bisections in yD near {xD, yD} = {-0.00788969, -0.0228897}. NIntegrate obtained 0.00824382 and 0.0000782372 for the integral and error estimates.
StringForm[From `1`:, Parallel`Kernels`kernel[Parallel`Kernels`Private`bk[SubKernels`LocalKernels`localKernel[SubKernels`LocalKernels`Private`lk[LinkObject[/usr/local/Wolfram/Mathematica/12.0/Executables/wolfram -subkernel -noinit -nopaclet -wstp, 208, 1], {/usr/local/Wolfram/Mathematica/12.0/Executables/wolfram -subkernel -noinit -nopaclet -wstp}, SubKernels`LocalKernels`Private`speed$59388, SubKernels`LocalKernels`Private`preemptive$59388]], Parallel`Kernels`Private`id$59394, Parallel`Kernels`Private`name$59394], Parallel`Kernels`Private`ek[Parallel`Kernels`Private`nev$59395, Parallel`Kernels`Private`pb$59395, Parallel`Kernels`Private`rd$59395], Parallel`Kernels`Private`sk[Parallel`Kernels`Private`q$59396, Parallel`Kernels`Private`n0$59396, Parallel`Kernels`Private`n1$59396]]]
NIntegrate::ncvb: NIntegrate failed to converge to prescribed accuracy after 2 recursive bisections in yD near {xD, yD} = {-0.000779382, 0.0271083}. NIntegrate obtained 0.043628 and 0.000157781 for the integral and error estimates.
StringForm[From `1`:, Parallel`Kernels`kernel[Parallel`Kernels`Private`bk[SubKernels`LocalKernels`localKernel[SubKernels`LocalKernels`Private`lk[LinkObject[/usr/local/Wolfram/Mathematica/12.0/Executables/wolfram -subkernel -noinit -nopaclet -wstp, 208, 1], {/usr/local/Wolfram/Mathematica/12.0/Executables/wolfram -subkernel -noinit -nopaclet -wstp}, SubKernels`LocalKernels`Private`speed$59388, SubKernels`LocalKernels`Private`preemptive$59388]], Parallel`Kernels`Private`id$59394, Parallel`Kernels`Private`name$59394], Parallel`Kernels`Private`ek[Parallel`Kernels`Private`nev$59395, Parallel`Kernels`Private`pb$59395, Parallel`Kernels`Private`rd$59395], Parallel`Kernels`Private`sk[Parallel`Kernels`Private`q$59396, Parallel`Kernels`Private`n0$59396, Parallel`Kernels`Private`n1$59396]]]
NIntegrate::ncvb: NIntegrate failed to converge to prescribed accuracy after 2 recursive bisections in yD near {xD, yD} = {-0.000779382, -0.0203897}. NIntegrate obtained 0.00764711 and 0.000196791 for the integral and error estimates.
StringForm[From `1`:, Parallel`Kernels`kernel[Parallel`Kernels`Private`bk[SubKernels`LocalKernels`localKernel[SubKernels`LocalKernels`Private`lk[LinkObject[/usr/local/Wolfram/Mathematica/12.0/Executables/wolfram -subkernel -noinit -nopaclet -wstp, 210, 3], {/usr/local/Wolfram/Mathematica/12.0/Executables/wolfram -subkernel -noinit -nopaclet -wstp}, SubKernels`LocalKernels`Private`speed$59390, SubKernels`LocalKernels`Private`preemptive$59390]], Parallel`Kernels`Private`id$59402, Parallel`Kernels`Private`name$59402], Parallel`Kernels`Private`ek[Parallel`Kernels`Private`nev$59403, Parallel`Kernels`Private`pb$59403, Parallel`Kernels`Private`rd$59403], Parallel`Kernels`Private`sk[Parallel`Kernels`Private`q$59404, Parallel`Kernels`Private`n0$59404, Parallel`Kernels`Private`n1$59404]]]
NIntegrate::ncvb: NIntegrate failed to converge to prescribed accuracy after 2 recursive bisections in yD near {xD, yD} = {-0.000779382, 0.0221083}. NIntegrate obtained 0.136715 and 0.000254893 for the integral and error estimates.
b = 0e-4
Time consumption: 44.917348062777776
MaxMemUse :143.3629150390625 MB
Configured Kernels: {SubKernels`LocalKernels`LocalMachine[4, SubKernels`LocalKernels`LowerPriority -> True]}
Processor Count: 4

Set::wrsym: Symbol pmax is Protected.
Modules loaded ...
3 Kernels launched ...
Run started at Wed 25 Nov 2020 22:00:42, Bins: {155, 178}
StringForm[From `1`:, Parallel`Kernels`kernel[Parallel`Kernels`Private`bk[SubKernels`LocalKernels`localKernel[SubKernels`LocalKernels`Private`lk[LinkObject[/usr/local/Wolfram/Mathematica/12.0/Executables/wolfram -subkernel -noinit -nopaclet -wstp, 232, 3], {/usr/local/Wolfram/Mathematica/12.0/Executables/wolfram -subkernel -noinit -nopaclet -wstp}, SubKernels`LocalKernels`Private`speed$58355, SubKernels`LocalKernels`Private`preemptive$58355]], Parallel`Kernels`Private`id$58364, Parallel`Kernels`Private`name$58364], Parallel`Kernels`Private`ek[Parallel`Kernels`Private`nev$58365, Parallel`Kernels`Private`pb$58365, Parallel`Kernels`Private`rd$58365], Parallel`Kernels`Private`sk[Parallel`Kernels`Private`q$58366, Parallel`Kernels`Private`n0$58366, Parallel`Kernels`Private`n1$58366]]]
NIntegrate::ncvb: NIntegrate failed to converge to prescribed accuracy after 2 recursive bisections in yD near {xD, yD} = {0.00422062, 0.0371083}. NIntegrate obtained 0.000670954 and 0.000474886 for the integral and error estimates.
Configured Kernels: {SubKernels`LocalKernels`LocalMachine[4, SubKernels`LocalKernels`LowerPriority -> True]}
Processor Count: 4
