Configured Kernels: {SubKernels`LocalKernels`LocalMachine[4, SubKernels`LocalKernels`LowerPriority -> True]}
Processor Count: 4
Modules loaded ...
4 Kernels launched ...
Run started at Fri 24 Sep 2021 09:29:34, Bins: {1, 49}
StringForm[From `1`:, Parallel`Kernels`kernel[Parallel`Kernels`Private`bk[SubKernels`LocalKernels`localKernel[SubKernels`LocalKernels`Private`lk[LinkObject[/usr/local/Wolfram/Mathematica/12.0/Executables/wolfram -subkernel -noinit -nopaclet -wstp, 206, 1], {/usr/local/Wolfram/Mathematica/12.0/Executables/wolfram -subkernel -noinit -nopaclet -wstp}, SubKernels`LocalKernels`Private`speed$21451, SubKernels`LocalKernels`Private`preemptive$21451]], Parallel`Kernels`Private`id$21458, Parallel`Kernels`Private`name$21458], Parallel`Kernels`Private`ek[Parallel`Kernels`Private`nev$21459, Parallel`Kernels`Private`pb$21459, Parallel`Kernels`Private`rd$21459], Parallel`Kernels`Private`sk[Parallel`Kernels`Private`q$21460, Parallel`Kernels`Private`n0$21460, Parallel`Kernels`Private`n1$21460]]]
                                                                                                                                                                                                -6
NIntegrate::ncvb: NIntegrate failed to converge to prescribed accuracy after 2 recursive bisections in yD near {xD, yD} = {0.0272077, 0.022255}. NIntegrate obtained 0.0000187459 and 3.03517 10   for the integral and error estimates.
StringForm[From `1`:, Parallel`Kernels`kernel[Parallel`Kernels`Private`bk[SubKernels`LocalKernels`localKernel[SubKernels`LocalKernels`Private`lk[LinkObject[/usr/local/Wolfram/Mathematica/12.0/Executables/wolfram -subkernel -noinit -nopaclet -wstp, 209, 4], {/usr/local/Wolfram/Mathematica/12.0/Executables/wolfram -subkernel -noinit -nopaclet -wstp}, SubKernels`LocalKernels`Private`speed$21454, SubKernels`LocalKernels`Private`preemptive$21454]], Parallel`Kernels`Private`id$21470, Parallel`Kernels`Private`name$21470], Parallel`Kernels`Private`ek[Parallel`Kernels`Private`nev$21471, Parallel`Kernels`Private`pb$21471, Parallel`Kernels`Private`rd$21471], Parallel`Kernels`Private`sk[Parallel`Kernels`Private`q$21472, Parallel`Kernels`Private`n0$21472, Parallel`Kernels`Private`n1$21472]]]
                                                                                                                                                                                              -6
NIntegrate::ncvb: NIntegrate failed to converge to prescribed accuracy after 2 recursive bisections in yD near {xD, yD} = {0.0272077, -0.014338}. NIntegrate obtained 0.0002009 and 3.14227 10   for the integral and error estimates.
StringForm[From `1`:, Parallel`Kernels`kernel[Parallel`Kernels`Private`bk[SubKernels`LocalKernels`localKernel[SubKernels`LocalKernels`Private`lk[LinkObject[/usr/local/Wolfram/Mathematica/12.0/Executables/wolfram -subkernel -noinit -nopaclet -wstp, 207, 2], {/usr/local/Wolfram/Mathematica/12.0/Executables/wolfram -subkernel -noinit -nopaclet -wstp}, SubKernels`LocalKernels`Private`speed$21452, SubKernels`LocalKernels`Private`preemptive$21452]], Parallel`Kernels`Private`id$21462, Parallel`Kernels`Private`name$21462], Parallel`Kernels`Private`ek[Parallel`Kernels`Private`nev$21463, Parallel`Kernels`Private`pb$21463, Parallel`Kernels`Private`rd$21463], Parallel`Kernels`Private`sk[Parallel`Kernels`Private`q$21464, Parallel`Kernels`Private`n0$21464, Parallel`Kernels`Private`n1$21464]]]
NIntegrate::ncvb: NIntegrate failed to converge to prescribed accuracy after 2 recursive bisections in yD near {xD, yD} = {0.0290827, -0.014338}. NIntegrate obtained 0.00268948 and 0.0000388623 for the integral and error estimates.
a = -1040e-4
Time consumption: 2.150037835277778
MaxMemUse :144.28048706054688 MB
Configured Kernels: {SubKernels`LocalKernels`LocalMachine[4, SubKernels`LocalKernels`LowerPriority -> True]}
Processor Count: 4
Modules loaded ...
4 Kernels launched ...
Run started at Fri 24 Sep 2021 11:38:35, Bins: {50, 98}
StringForm[From `1`:, Parallel`Kernels`kernel[Parallel`Kernels`Private`bk[SubKernels`LocalKernels`localKernel[SubKernels`LocalKernels`Private`lk[LinkObject[/usr/local/Wolfram/Mathematica/12.0/Executables/wolfram -subkernel -noinit -nopaclet -wstp, 229, 2], {/usr/local/Wolfram/Mathematica/12.0/Executables/wolfram -subkernel -noinit -nopaclet -wstp}, SubKernels`LocalKernels`Private`speed$21902, SubKernels`LocalKernels`Private`preemptive$21902]], Parallel`Kernels`Private`id$21909, Parallel`Kernels`Private`name$21909], Parallel`Kernels`Private`ek[Parallel`Kernels`Private`nev$21910, Parallel`Kernels`Private`pb$21910, Parallel`Kernels`Private`rd$21910], Parallel`Kernels`Private`sk[Parallel`Kernels`Private`q$21911, Parallel`Kernels`Private`n0$21911, Parallel`Kernels`Private`n1$21911]]]
NIntegrate::ncvb: NIntegrate failed to converge to prescribed accuracy after 2 recursive bisections in yD near {xD, yD} = {0.0290827, 0.022255}. NIntegrate obtained 0.000271716 and 0.0000172851 for the integral and error estimates.
StringForm[From `1`:, Parallel`Kernels`kernel[Parallel`Kernels`Private`bk[SubKernels`LocalKernels`localKernel[SubKernels`LocalKernels`Private`lk[LinkObject[/usr/local/Wolfram/Mathematica/12.0/Executables/wolfram -subkernel -noinit -nopaclet -wstp, 230, 3], {/usr/local/Wolfram/Mathematica/12.0/Executables/wolfram -subkernel -noinit -nopaclet -wstp}, SubKernels`LocalKernels`Private`speed$21903, SubKernels`LocalKernels`Private`preemptive$21903]], Parallel`Kernels`Private`id$21913, Parallel`Kernels`Private`name$21913], Parallel`Kernels`Private`ek[Parallel`Kernels`Private`nev$21914, Parallel`Kernels`Private`pb$21914, Parallel`Kernels`Private`rd$21914], Parallel`Kernels`Private`sk[Parallel`Kernels`Private`q$21915, Parallel`Kernels`Private`n0$21915, Parallel`Kernels`Private`n1$21915]]]
                                                                                                                                                                                               -6
NIntegrate::ncvb: NIntegrate failed to converge to prescribed accuracy after 2 recursive bisections in yD near {xD, yD} = {0.0328327, -0.01752}. NIntegrate obtained 0.0000109596 and 2.4642 10   for the integral and error estimates.
StringForm[From `1`:, Parallel`Kernels`kernel[Parallel`Kernels`Private`bk[SubKernels`LocalKernels`localKernel[SubKernels`LocalKernels`Private`lk[LinkObject[/usr/local/Wolfram/Mathematica/12.0/Executables/wolfram -subkernel -noinit -nopaclet -wstp, 232, 5], {/usr/local/Wolfram/Mathematica/12.0/Executables/wolfram -subkernel -noinit -nopaclet -wstp}, SubKernels`LocalKernels`Private`speed$21905, SubKernels`LocalKernels`Private`preemptive$21905]], Parallel`Kernels`Private`id$21921, Parallel`Kernels`Private`name$21921], Parallel`Kernels`Private`ek[Parallel`Kernels`Private`nev$21922, Parallel`Kernels`Private`pb$21922, Parallel`Kernels`Private`rd$21922], Parallel`Kernels`Private`sk[Parallel`Kernels`Private`q$21923, Parallel`Kernels`Private`n0$21923, Parallel`Kernels`Private`n1$21923]]]
NIntegrate::ncvb: NIntegrate failed to converge to prescribed accuracy after 2 recursive bisections in yD near {xD, yD} = {0.0309577, -0.014338}. NIntegrate obtained 0.0108468 and 0.000116388 for the integral and error estimates.
StringForm[From `1`:, Parallel`Kernels`kernel[Parallel`Kernels`Private`bk[SubKernels`LocalKernels`localKernel[SubKernels`LocalKernels`Private`lk[LinkObject[/usr/local/Wolfram/Mathematica/12.0/Executables/wolfram -subkernel -noinit -nopaclet -wstp, 229, 2], {/usr/local/Wolfram/Mathematica/12.0/Executables/wolfram -subkernel -noinit -nopaclet -wstp}, SubKernels`LocalKernels`Private`speed$21902, SubKernels`LocalKernels`Private`preemptive$21902]], Parallel`Kernels`Private`id$21909, Parallel`Kernels`Private`name$21909], Parallel`Kernels`Private`ek[Parallel`Kernels`Private`nev$21910, Parallel`Kernels`Private`pb$21910, Parallel`Kernels`Private`rd$21910], Parallel`Kernels`Private`sk[Parallel`Kernels`Private`q$21911, Parallel`Kernels`Private`n0$21911, Parallel`Kernels`Private`n1$21911]]]
NIntegrate::ncvb: NIntegrate failed to converge to prescribed accuracy after 2 recursive bisections in yD near {xD, yD} = {0.0309577, 0.022255}. NIntegrate obtained 0.00125626 and 0.000053891 for the integral and error estimates.
StringForm[From `1`:, Parallel`Kernels`kernel[Parallel`Kernels`Private`bk[SubKernels`LocalKernels`localKernel[SubKernels`LocalKernels`Private`lk[LinkObject[/usr/local/Wolfram/Mathematica/12.0/Executables/wolfram -subkernel -noinit -nopaclet -wstp, 230, 3], {/usr/local/Wolfram/Mathematica/12.0/Executables/wolfram -subkernel -noinit -nopaclet -wstp}, SubKernels`LocalKernels`Private`speed$21903, SubKernels`LocalKernels`Private`preemptive$21903]], Parallel`Kernels`Private`id$21913, Parallel`Kernels`Private`name$21913], Parallel`Kernels`Private`ek[Parallel`Kernels`Private`nev$21914, Parallel`Kernels`Private`pb$21914, Parallel`Kernels`Private`rd$21914], Parallel`Kernels`Private`sk[Parallel`Kernels`Private`q$21915, Parallel`Kernels`Private`n0$21915, Parallel`Kernels`Private`n1$21915]]]
NIntegrate::ncvb: NIntegrate failed to converge to prescribed accuracy after 2 recursive bisections in yD near {xD, yD} = {0.0328327, -0.014338}. NIntegrate obtained 0.0268342 and 0.000194039 for the integral and error estimates.
StringForm[From `1`:, Parallel`Kernels`kernel[Parallel`Kernels`Private`bk[SubKernels`LocalKernels`localKernel[SubKernels`LocalKernels`Private`lk[LinkObject[/usr/local/Wolfram/Mathematica/12.0/Executables/wolfram -subkernel -noinit -nopaclet -wstp, 229, 2], {/usr/local/Wolfram/Mathematica/12.0/Executables/wolfram -subkernel -noinit -nopaclet -wstp}, SubKernels`LocalKernels`Private`speed$21902, SubKernels`LocalKernels`Private`preemptive$21902]], Parallel`Kernels`Private`id$21909, Parallel`Kernels`Private`name$21909], Parallel`Kernels`Private`ek[Parallel`Kernels`Private`nev$21910, Parallel`Kernels`Private`pb$21910, Parallel`Kernels`Private`rd$21910], Parallel`Kernels`Private`sk[Parallel`Kernels`Private`q$21911, Parallel`Kernels`Private`n0$21911, Parallel`Kernels`Private`n1$21911]]]
NIntegrate::ncvb: NIntegrate failed to converge to prescribed accuracy after 2 recursive bisections in yD near {xD, yD} = {0.0328327, 0.022255}. NIntegrate obtained 0.00358623 and 0.0000833149 for the integral and error estimates.
StringForm[From `1`:, Parallel`Kernels`kernel[Parallel`Kernels`Private`bk[SubKernels`LocalKernels`localKernel[SubKernels`LocalKernels`Private`lk[LinkObject[/usr/local/Wolfram/Mathematica/12.0/Executables/wolfram -subkernel -noinit -nopaclet -wstp, 231, 4], {/usr/local/Wolfram/Mathematica/12.0/Executables/wolfram -subkernel -noinit -nopaclet -wstp}, SubKernels`LocalKernels`Private`speed$21904, SubKernels`LocalKernels`Private`preemptive$21904]], Parallel`Kernels`Private`id$21917, Parallel`Kernels`Private`name$21917], Parallel`Kernels`Private`ek[Parallel`Kernels`Private`nev$21918, Parallel`Kernels`Private`pb$21918, Parallel`Kernels`Private`rd$21918], Parallel`Kernels`Private`sk[Parallel`Kernels`Private`q$21919, Parallel`Kernels`Private`n0$21919, Parallel`Kernels`Private`n1$21919]]]
NIntegrate::ncvb: NIntegrate failed to converge to prescribed accuracy after 2 recursive bisections in yD near {xD, yD} = {0.0347077, -0.014338}. NIntegrate obtained 0.0493857 and 0.000240653 for the integral and error estimates.
StringForm[From `1`:, Parallel`Kernels`kernel[Parallel`Kernels`Private`bk[SubKernels`LocalKernels`localKernel[SubKernels`LocalKernels`Private`lk[LinkObject[/usr/local/Wolfram/Mathematica/12.0/Executables/wolfram -subkernel -noinit -nopaclet -wstp, 229, 2], {/usr/local/Wolfram/Mathematica/12.0/Executables/wolfram -subkernel -noinit -nopaclet -wstp}, SubKernels`LocalKernels`Private`speed$21902, SubKernels`LocalKernels`Private`preemptive$21902]], Parallel`Kernels`Private`id$21909, Parallel`Kernels`Private`name$21909], Parallel`Kernels`Private`ek[Parallel`Kernels`Private`nev$21910, Parallel`Kernels`Private`pb$21910, Parallel`Kernels`Private`rd$21910], Parallel`Kernels`Private`sk[Parallel`Kernels`Private`q$21911, Parallel`Kernels`Private`n0$21911, Parallel`Kernels`Private`n1$21911]]]
NIntegrate::ncvb: NIntegrate failed to converge to prescribed accuracy after 2 recursive bisections in yD near {xD, yD} = {0.0347077, 0.022255}. NIntegrate obtained 0.00758966 and 0.0000928928 for the integral and error estimates.
StringForm[From `1`:, Parallel`Kernels`kernel[Parallel`Kernels`Private`bk[SubKernels`LocalKernels`localKernel[SubKernels`LocalKernels`Private`lk[LinkObject[/usr/local/Wolfram/Mathematica/12.0/Executables/wolfram -subkernel -noinit -nopaclet -wstp, 230, 3], {/usr/local/Wolfram/Mathematica/12.0/Executables/wolfram -subkernel -noinit -nopaclet -wstp}, SubKernels`LocalKernels`Private`speed$21903, SubKernels`LocalKernels`Private`preemptive$21903]], Parallel`Kernels`Private`id$21913, Parallel`Kernels`Private`name$21913], Parallel`Kernels`Private`ek[Parallel`Kernels`Private`nev$21914, Parallel`Kernels`Private`pb$21914, Parallel`Kernels`Private`rd$21914], Parallel`Kernels`Private`sk[Parallel`Kernels`Private`q$21915, Parallel`Kernels`Private`n0$21915, Parallel`Kernels`Private`n1$21915]]]
NIntegrate::ncvb: NIntegrate failed to converge to prescribed accuracy after 2 recursive bisections in yD near {xD, yD} = {0.0365827, -0.014338}. NIntegrate obtained 0.0723942 and 0.000279656 for the integral and error estimates.
StringForm[From `1`:, Parallel`Kernels`kernel[Parallel`Kernels`Private`bk[SubKernels`LocalKernels`localKernel[SubKernels`LocalKernels`Private`lk[LinkObject[/usr/local/Wolfram/Mathematica/12.0/Executables/wolfram -subkernel -noinit -nopaclet -wstp, 229, 2], {/usr/local/Wolfram/Mathematica/12.0/Executables/wolfram -subkernel -noinit -nopaclet -wstp}, SubKernels`LocalKernels`Private`speed$21902, SubKernels`LocalKernels`Private`preemptive$21902]], Parallel`Kernels`Private`id$21909, Parallel`Kernels`Private`name$21909], Parallel`Kernels`Private`ek[Parallel`Kernels`Private`nev$21910, Parallel`Kernels`Private`pb$21910, Parallel`Kernels`Private`rd$21910], Parallel`Kernels`Private`sk[Parallel`Kernels`Private`q$21911, Parallel`Kernels`Private`n0$21911, Parallel`Kernels`Private`n1$21911]]]
NIntegrate::ncvb: NIntegrate failed to converge to prescribed accuracy after 2 recursive bisections in yD near {xD, yD} = {0.0365827, 0.022255}. NIntegrate obtained 0.0124718 and 0.000086623 for the integral and error estimates.
a = -1040e-4
Time consumption: 9.8988575475
MaxMemUse :147.44991302490234 MB
Configured Kernels: {SubKernels`LocalKernels`LocalMachine[4, SubKernels`LocalKernels`LowerPriority -> True]}
Processor Count: 4
Modules loaded ...
4 Kernels launched ...
Run started at Fri 24 Sep 2021 21:32:31, Bins: {99, 106}
StringForm[From `1`:, Parallel`Kernels`kernel[Parallel`Kernels`Private`bk[SubKernels`LocalKernels`localKernel[SubKernels`LocalKernels`Private`lk[LinkObject[/usr/local/Wolfram/Mathematica/12.0/Executables/wolfram -subkernel -noinit -nopaclet -wstp, 207, 2], {/usr/local/Wolfram/Mathematica/12.0/Executables/wolfram -subkernel -noinit -nopaclet -wstp}, SubKernels`LocalKernels`Private`speed$21753, SubKernels`LocalKernels`Private`preemptive$21753]], Parallel`Kernels`Private`id$21763, Parallel`Kernels`Private`name$21763], Parallel`Kernels`Private`ek[Parallel`Kernels`Private`nev$21764, Parallel`Kernels`Private`pb$21764, Parallel`Kernels`Private`rd$21764], Parallel`Kernels`Private`sk[Parallel`Kernels`Private`q$21765, Parallel`Kernels`Private`n0$21765, Parallel`Kernels`Private`n1$21765]]]
                                                                                                                                                                                               -6
NIntegrate::ncvb: NIntegrate failed to converge to prescribed accuracy after 2 recursive bisections in yD near {xD, yD} = {0.0384577, -0.019111}. NIntegrate obtained 0.00067707 and 7.80124 10   for the integral and error estimates.
StringForm[From `1`:, Parallel`Kernels`kernel[Parallel`Kernels`Private`bk[SubKernels`LocalKernels`localKernel[SubKernels`LocalKernels`Private`lk[LinkObject[/usr/local/Wolfram/Mathematica/12.0/Executables/wolfram -subkernel -noinit -nopaclet -wstp, 206, 1], {/usr/local/Wolfram/Mathematica/12.0/Executables/wolfram -subkernel -noinit -nopaclet -wstp}, SubKernels`LocalKernels`Private`speed$21752, SubKernels`LocalKernels`Private`preemptive$21752]], Parallel`Kernels`Private`id$21759, Parallel`Kernels`Private`name$21759], Parallel`Kernels`Private`ek[Parallel`Kernels`Private`nev$21760, Parallel`Kernels`Private`pb$21760, Parallel`Kernels`Private`rd$21760], Parallel`Kernels`Private`sk[Parallel`Kernels`Private`q$21761, Parallel`Kernels`Private`n0$21761, Parallel`Kernels`Private`n1$21761]]]
NIntegrate::ncvb: NIntegrate failed to converge to prescribed accuracy after 2 recursive bisections in yD near {xD, yD} = {0.0384577, -0.014338}. NIntegrate obtained 0.0876518 and 0.00024564 for the integral and error estimates.
a = -1040e-4
Time consumption: 3.0286968816666664
MaxMemUse :144.29518127441406 MB
Configured Kernels: {SubKernels`LocalKernels`LocalMachine[4, SubKernels`LocalKernels`LowerPriority -> True]}
Processor Count: 4
Modules loaded ...
4 Kernels launched ...
Run started at Sat 25 Sep 2021 00:34:15, Bins: {107, 122}
StringForm[From `1`:, Parallel`Kernels`kernel[Parallel`Kernels`Private`bk[SubKernels`LocalKernels`localKernel[SubKernels`LocalKernels`Private`lk[LinkObject[/usr/local/Wolfram/Mathematica/12.0/Executables/wolfram -subkernel -noinit -nopaclet -wstp, 206, 1], {/usr/local/Wolfram/Mathematica/12.0/Executables/wolfram -subkernel -noinit -nopaclet -wstp}, SubKernels`LocalKernels`Private`speed$21978, SubKernels`LocalKernels`Private`preemptive$21978]], Parallel`Kernels`Private`id$21985, Parallel`Kernels`Private`name$21985], Parallel`Kernels`Private`ek[Parallel`Kernels`Private`nev$21986, Parallel`Kernels`Private`pb$21986, Parallel`Kernels`Private`rd$21986], Parallel`Kernels`Private`sk[Parallel`Kernels`Private`q$21987, Parallel`Kernels`Private`n0$21987, Parallel`Kernels`Private`n1$21987]]]
                                                                                                                                                                                                -6
NIntegrate::ncvb: NIntegrate failed to converge to prescribed accuracy after 2 recursive bisections in yD near {xD, yD} = {0.0403327, -0.019111}. NIntegrate obtained 0.000833566 and 7.26174 10   for the integral and error estimates.
StringForm[From `1`:, Parallel`Kernels`kernel[Parallel`Kernels`Private`bk[SubKernels`LocalKernels`localKernel[SubKernels`LocalKernels`Private`lk[LinkObject[/usr/local/Wolfram/Mathematica/12.0/Executables/wolfram -subkernel -noinit -nopaclet -wstp, 209, 4], {/usr/local/Wolfram/Mathematica/12.0/Executables/wolfram -subkernel -noinit -nopaclet -wstp}, SubKernels`LocalKernels`Private`speed$21981, SubKernels`LocalKernels`Private`preemptive$21981]], Parallel`Kernels`Private`id$21997, Parallel`Kernels`Private`name$21997], Parallel`Kernels`Private`ek[Parallel`Kernels`Private`nev$21998, Parallel`Kernels`Private`pb$21998, Parallel`Kernels`Private`rd$21998], Parallel`Kernels`Private`sk[Parallel`Kernels`Private`q$21999, Parallel`Kernels`Private`n0$21999, Parallel`Kernels`Private`n1$21999]]]
NIntegrate::ncvb: NIntegrate failed to converge to prescribed accuracy after 2 recursive bisections in yD near {xD, yD} = {0.0403327, 0.022255}. NIntegrate obtained 0.0179771 and 0.000139627 for the integral and error estimates.
a = -1040e-4
Time consumption: 4.220432626388889
MaxMemUse :144.2729263305664 MB
Configured Kernels: {SubKernels`LocalKernels`LocalMachine[4, SubKernels`LocalKernels`LowerPriority -> True]}
Processor Count: 4
Modules loaded ...
4 Kernels launched ...
Run started at Sat 25 Sep 2021 04:47:30, Bins: {123, 138}
StringForm[From `1`:, Parallel`Kernels`kernel[Parallel`Kernels`Private`bk[SubKernels`LocalKernels`localKernel[SubKernels`LocalKernels`Private`lk[LinkObject[/usr/local/Wolfram/Mathematica/12.0/Executables/wolfram -subkernel -noinit -nopaclet -wstp, 209, 4], {/usr/local/Wolfram/Mathematica/12.0/Executables/wolfram -subkernel -noinit -nopaclet -wstp}, SubKernels`LocalKernels`Private`speed$21919, SubKernels`LocalKernels`Private`preemptive$21919]], Parallel`Kernels`Private`id$21935, Parallel`Kernels`Private`name$21935], Parallel`Kernels`Private`ek[Parallel`Kernels`Private`nev$21936, Parallel`Kernels`Private`pb$21936, Parallel`Kernels`Private`rd$21936], Parallel`Kernels`Private`sk[Parallel`Kernels`Private`q$21937, Parallel`Kernels`Private`n0$21937, Parallel`Kernels`Private`n1$21937]]]
                                                                                                                                                                                                -6
NIntegrate::ncvb: NIntegrate failed to converge to prescribed accuracy after 2 recursive bisections in yD near {xD, yD} = {0.0422077, -0.019111}. NIntegrate obtained 0.000874461 and 8.73144 10   for the integral and error estimates.
StringForm[From `1`:, Parallel`Kernels`kernel[Parallel`Kernels`Private`bk[SubKernels`LocalKernels`localKernel[SubKernels`LocalKernels`Private`lk[LinkObject[/usr/local/Wolfram/Mathematica/12.0/Executables/wolfram -subkernel -noinit -nopaclet -wstp, 209, 4], {/usr/local/Wolfram/Mathematica/12.0/Executables/wolfram -subkernel -noinit -nopaclet -wstp}, SubKernels`LocalKernels`Private`speed$21919, SubKernels`LocalKernels`Private`preemptive$21919]], Parallel`Kernels`Private`id$21935, Parallel`Kernels`Private`name$21935], Parallel`Kernels`Private`ek[Parallel`Kernels`Private`nev$21936, Parallel`Kernels`Private`pb$21936, Parallel`Kernels`Private`rd$21936], Parallel`Kernels`Private`sk[Parallel`Kernels`Private`q$21937, Parallel`Kernels`Private`n0$21937, Parallel`Kernels`Private`n1$21937]]]
                                                                                                                                                                                               -6
NIntegrate::ncvb: NIntegrate failed to converge to prescribed accuracy after 2 recursive bisections in yD near {xD, yD} = {0.0440827, -0.019111}. NIntegrate obtained 0.00083178 and 6.66656 10   for the integral and error estimates.
StringForm[From `1`:, Parallel`Kernels`kernel[Parallel`Kernels`Private`bk[SubKernels`LocalKernels`localKernel[SubKernels`LocalKernels`Private`lk[LinkObject[/usr/local/Wolfram/Mathematica/12.0/Executables/wolfram -subkernel -noinit -nopaclet -wstp, 208, 3], {/usr/local/Wolfram/Mathematica/12.0/Executables/wolfram -subkernel -noinit -nopaclet -wstp}, SubKernels`LocalKernels`Private`speed$21918, SubKernels`LocalKernels`Private`preemptive$21918]], Parallel`Kernels`Private`id$21931, Parallel`Kernels`Private`name$21931], Parallel`Kernels`Private`ek[Parallel`Kernels`Private`nev$21932, Parallel`Kernels`Private`pb$21932, Parallel`Kernels`Private`rd$21932], Parallel`Kernels`Private`sk[Parallel`Kernels`Private`q$21933, Parallel`Kernels`Private`n0$21933, Parallel`Kernels`Private`n1$21933]]]
NIntegrate::ncvb: NIntegrate failed to converge to prescribed accuracy after 2 recursive bisections in yD near {xD, yD} = {0.0422077, -0.014338}. NIntegrate obtained 0.0791959 and 0.00012459 for the integral and error estimates.
StringForm[From `1`:, Parallel`Kernels`kernel[Parallel`Kernels`Private`bk[SubKernels`LocalKernels`localKernel[SubKernels`LocalKernels`Private`lk[LinkObject[/usr/local/Wolfram/Mathematica/12.0/Executables/wolfram -subkernel -noinit -nopaclet -wstp, 207, 2], {/usr/local/Wolfram/Mathematica/12.0/Executables/wolfram -subkernel -noinit -nopaclet -wstp}, SubKernels`LocalKernels`Private`speed$21917, SubKernels`LocalKernels`Private`preemptive$21917]], Parallel`Kernels`Private`id$21927, Parallel`Kernels`Private`name$21927], Parallel`Kernels`Private`ek[Parallel`Kernels`Private`nev$21928, Parallel`Kernels`Private`pb$21928, Parallel`Kernels`Private`rd$21928], Parallel`Kernels`Private`sk[Parallel`Kernels`Private`q$21929, Parallel`Kernels`Private`n0$21929, Parallel`Kernels`Private`n1$21929]]]
NIntegrate::ncvb: NIntegrate failed to converge to prescribed accuracy after 2 recursive bisections in yD near {xD, yD} = {0.0422077, 0.022255}. NIntegrate obtained 0.0171029 and 0.000250913 for the integral and error estimates.
StringForm[From `1`:, Parallel`Kernels`kernel[Parallel`Kernels`Private`bk[SubKernels`LocalKernels`localKernel[SubKernels`LocalKernels`Private`lk[LinkObject[/usr/local/Wolfram/Mathematica/12.0/Executables/wolfram -subkernel -noinit -nopaclet -wstp, 209, 4], {/usr/local/Wolfram/Mathematica/12.0/Executables/wolfram -subkernel -noinit -nopaclet -wstp}, SubKernels`LocalKernels`Private`speed$21919, SubKernels`LocalKernels`Private`preemptive$21919]], Parallel`Kernels`Private`id$21935, Parallel`Kernels`Private`name$21935], Parallel`Kernels`Private`ek[Parallel`Kernels`Private`nev$21936, Parallel`Kernels`Private`pb$21936, Parallel`Kernels`Private`rd$21936], Parallel`Kernels`Private`sk[Parallel`Kernels`Private`q$21937, Parallel`Kernels`Private`n0$21937, Parallel`Kernels`Private`n1$21937]]]
NIntegrate::ncvb: NIntegrate failed to converge to prescribed accuracy after 2 recursive bisections in yD near {xD, yD} = {0.0440827, -0.014338}. NIntegrate obtained 0.0597867 and 0.000114227 for the integral and error estimates.
a = -1040e-4
Time consumption: 6.443873529444444
MaxMemUse :144.27769470214844 MB
Configured Kernels: {SubKernels`LocalKernels`LocalMachine[4, SubKernels`LocalKernels`LowerPriority -> True]}
Processor Count: 4
Modules loaded ...
4 Kernels launched ...
Run started at Sat 25 Sep 2021 11:14:08, Bins: {139, 154}
StringForm[From `1`:, Parallel`Kernels`kernel[Parallel`Kernels`Private`bk[SubKernels`LocalKernels`localKernel[SubKernels`LocalKernels`Private`lk[LinkObject[/usr/local/Wolfram/Mathematica/12.0/Executables/wolfram -subkernel -noinit -nopaclet -wstp, 206, 1], {/usr/local/Wolfram/Mathematica/12.0/Executables/wolfram -subkernel -noinit -nopaclet -wstp}, SubKernels`LocalKernels`Private`speed$21675, SubKernels`LocalKernels`Private`preemptive$21675]], Parallel`Kernels`Private`id$21682, Parallel`Kernels`Private`name$21682], Parallel`Kernels`Private`ek[Parallel`Kernels`Private`nev$21683, Parallel`Kernels`Private`pb$21683, Parallel`Kernels`Private`rd$21683], Parallel`Kernels`Private`sk[Parallel`Kernels`Private`q$21684, Parallel`Kernels`Private`n0$21684, Parallel`Kernels`Private`n1$21684]]]
                                                                                                                                                                                                -6
NIntegrate::ncvb: NIntegrate failed to converge to prescribed accuracy after 2 recursive bisections in yD near {xD, yD} = {0.0459577, -0.019111}. NIntegrate obtained 0.000627569 and 7.78624 10   for the integral and error estimates.
StringForm[From `1`:, Parallel`Kernels`kernel[Parallel`Kernels`Private`bk[SubKernels`LocalKernels`localKernel[SubKernels`LocalKernels`Private`lk[LinkObject[/usr/local/Wolfram/Mathematica/12.0/Executables/wolfram -subkernel -noinit -nopaclet -wstp, 207, 2], {/usr/local/Wolfram/Mathematica/12.0/Executables/wolfram -subkernel -noinit -nopaclet -wstp}, SubKernels`LocalKernels`Private`speed$21676, SubKernels`LocalKernels`Private`preemptive$21676]], Parallel`Kernels`Private`id$21686, Parallel`Kernels`Private`name$21686], Parallel`Kernels`Private`ek[Parallel`Kernels`Private`nev$21687, Parallel`Kernels`Private`pb$21687, Parallel`Kernels`Private`rd$21687], Parallel`Kernels`Private`sk[Parallel`Kernels`Private`q$21688, Parallel`Kernels`Private`n0$21688, Parallel`Kernels`Private`n1$21688]]]
NIntegrate::ncvb: NIntegrate failed to converge to prescribed accuracy after 2 recursive bisections in yD near {xD, yD} = {0.0440827, 0.022255}. NIntegrate obtained 0.0140966 and 0.000223198 for the integral and error estimates.
StringForm[From `1`:, Parallel`Kernels`kernel[Parallel`Kernels`Private`bk[SubKernels`LocalKernels`localKernel[SubKernels`LocalKernels`Private`lk[LinkObject[/usr/local/Wolfram/Mathematica/12.0/Executables/wolfram -subkernel -noinit -nopaclet -wstp, 209, 4], {/usr/local/Wolfram/Mathematica/12.0/Executables/wolfram -subkernel -noinit -nopaclet -wstp}, SubKernels`LocalKernels`Private`speed$21678, SubKernels`LocalKernels`Private`preemptive$21678]], Parallel`Kernels`Private`id$21694, Parallel`Kernels`Private`name$21694], Parallel`Kernels`Private`ek[Parallel`Kernels`Private`nev$21695, Parallel`Kernels`Private`pb$21695, Parallel`Kernels`Private`rd$21695], Parallel`Kernels`Private`sk[Parallel`Kernels`Private`q$21696, Parallel`Kernels`Private`n0$21696, Parallel`Kernels`Private`n1$21696]]]
NIntegrate::ncvb: NIntegrate failed to converge to prescribed accuracy after 2 recursive bisections in yD near {xD, yD} = {0.0459577, -0.014338}. NIntegrate obtained 0.0361726 and 0.0000772421 for the integral and error estimates.
StringForm[From `1`:, Parallel`Kernels`kernel[Parallel`Kernels`Private`bk[SubKernels`LocalKernels`localKernel[SubKernels`LocalKernels`Private`lk[LinkObject[/usr/local/Wolfram/Mathematica/12.0/Executables/wolfram -subkernel -noinit -nopaclet -wstp, 208, 3], {/usr/local/Wolfram/Mathematica/12.0/Executables/wolfram -subkernel -noinit -nopaclet -wstp}, SubKernels`LocalKernels`Private`speed$21677, SubKernels`LocalKernels`Private`preemptive$21677]], Parallel`Kernels`Private`id$21690, Parallel`Kernels`Private`name$21690], Parallel`Kernels`Private`ek[Parallel`Kernels`Private`nev$21691, Parallel`Kernels`Private`pb$21691, Parallel`Kernels`Private`rd$21691], Parallel`Kernels`Private`sk[Parallel`Kernels`Private`q$21692, Parallel`Kernels`Private`n0$21692, Parallel`Kernels`Private`n1$21692]]]
NIntegrate::ncvb: NIntegrate failed to converge to prescribed accuracy after 2 recursive bisections in yD near {xD, yD} = {0.0459577, 0.022255}. NIntegrate obtained 0.0095034 and 0.000205214 for the integral and error estimates.
a = -1040e-4
Time consumption: 5.112786756944445
MaxMemUse :144.2936553955078 MB
Configured Kernels: {SubKernels`LocalKernels`LocalMachine[4, SubKernels`LocalKernels`LowerPriority -> True]}
Processor Count: 4
Modules loaded ...
4 Kernels launched ...
Run started at Sat 25 Sep 2021 16:20:55, Bins: {155, 178}
StringForm[From `1`:, Parallel`Kernels`kernel[Parallel`Kernels`Private`bk[SubKernels`LocalKernels`localKernel[SubKernels`LocalKernels`Private`lk[LinkObject[/usr/local/Wolfram/Mathematica/12.0/Executables/wolfram -subkernel -noinit -nopaclet -wstp, 208, 3], {/usr/local/Wolfram/Mathematica/12.0/Executables/wolfram -subkernel -noinit -nopaclet -wstp}, SubKernels`LocalKernels`Private`speed$21957, SubKernels`LocalKernels`Private`preemptive$21957]], Parallel`Kernels`Private`id$21970, Parallel`Kernels`Private`name$21970], Parallel`Kernels`Private`ek[Parallel`Kernels`Private`nev$21971, Parallel`Kernels`Private`pb$21971, Parallel`Kernels`Private`rd$21971], Parallel`Kernels`Private`sk[Parallel`Kernels`Private`q$21972, Parallel`Kernels`Private`n0$21972, Parallel`Kernels`Private`n1$21972]]]
                                                                                                                                                                                               -6
NIntegrate::ncvb: NIntegrate failed to converge to prescribed accuracy after 2 recursive bisections in yD near {xD, yD} = {0.0478327, -0.01752}. NIntegrate obtained 0.000306257 and 5.68916 10   for the integral and error estimates.
StringForm[From `1`:, Parallel`Kernels`kernel[Parallel`Kernels`Private`bk[SubKernels`LocalKernels`localKernel[SubKernels`LocalKernels`Private`lk[LinkObject[/usr/local/Wolfram/Mathematica/12.0/Executables/wolfram -subkernel -noinit -nopaclet -wstp, 206, 1], {/usr/local/Wolfram/Mathematica/12.0/Executables/wolfram -subkernel -noinit -nopaclet -wstp}, SubKernels`LocalKernels`Private`speed$21955, SubKernels`LocalKernels`Private`preemptive$21955]], Parallel`Kernels`Private`id$21962, Parallel`Kernels`Private`name$21962], Parallel`Kernels`Private`ek[Parallel`Kernels`Private`nev$21963, Parallel`Kernels`Private`pb$21963, Parallel`Kernels`Private`rd$21963], Parallel`Kernels`Private`sk[Parallel`Kernels`Private`q$21964, Parallel`Kernels`Private`n0$21964, Parallel`Kernels`Private`n1$21964]]]
NIntegrate::ncvb: NIntegrate failed to converge to prescribed accuracy after 2 recursive bisections in yD near {xD, yD} = {0.0497077, -0.01752}. NIntegrate obtained 0.0000454624 and 0.0000143873 for the integral and error estimates.
StringForm[From `1`:, Parallel`Kernels`kernel[Parallel`Kernels`Private`bk[SubKernels`LocalKernels`localKernel[SubKernels`LocalKernels`Private`lk[LinkObject[/usr/local/Wolfram/Mathematica/12.0/Executables/wolfram -subkernel -noinit -nopaclet -wstp, 208, 3], {/usr/local/Wolfram/Mathematica/12.0/Executables/wolfram -subkernel -noinit -nopaclet -wstp}, SubKernels`LocalKernels`Private`speed$21957, SubKernels`LocalKernels`Private`preemptive$21957]], Parallel`Kernels`Private`id$21970, Parallel`Kernels`Private`name$21970], Parallel`Kernels`Private`ek[Parallel`Kernels`Private`nev$21971, Parallel`Kernels`Private`pb$21971, Parallel`Kernels`Private`rd$21971], Parallel`Kernels`Private`sk[Parallel`Kernels`Private`q$21972, Parallel`Kernels`Private`n0$21972, Parallel`Kernels`Private`n1$21972]]]
                                                                                                                                                                                              -6
NIntegrate::ncvb: NIntegrate failed to converge to prescribed accuracy after 2 recursive bisections in yD near {xD, yD} = {0.0478327, 0.023846}. NIntegrate obtained 0.00483785 and 9.55816 10   for the integral and error estimates.
StringForm[From `1`:, Parallel`Kernels`kernel[Parallel`Kernels`Private`bk[SubKernels`LocalKernels`localKernel[SubKernels`LocalKernels`Private`lk[LinkObject[/usr/local/Wolfram/Mathematica/12.0/Executables/wolfram -subkernel -noinit -nopaclet -wstp, 207, 2], {/usr/local/Wolfram/Mathematica/12.0/Executables/wolfram -subkernel -noinit -nopaclet -wstp}, SubKernels`LocalKernels`Private`speed$21956, SubKernels`LocalKernels`Private`preemptive$21956]], Parallel`Kernels`Private`id$21966, Parallel`Kernels`Private`name$21966], Parallel`Kernels`Private`ek[Parallel`Kernels`Private`nev$21967, Parallel`Kernels`Private`pb$21967, Parallel`Kernels`Private`rd$21967], Parallel`Kernels`Private`sk[Parallel`Kernels`Private`q$21968, Parallel`Kernels`Private`n0$21968, Parallel`Kernels`Private`n1$21968]]]
NIntegrate::ncvb: NIntegrate failed to converge to prescribed accuracy after 2 recursive bisections in yD near {xD, yD} = {0.0478327, -0.014338}. NIntegrate obtained 0.0156693 and 0.0000429461 for the integral and error estimates.
StringForm[From `1`:, Parallel`Kernels`kernel[Parallel`Kernels`Private`bk[SubKernels`LocalKernels`localKernel[SubKernels`LocalKernels`Private`lk[LinkObject[/usr/local/Wolfram/Mathematica/12.0/Executables/wolfram -subkernel -noinit -nopaclet -wstp, 208, 3], {/usr/local/Wolfram/Mathematica/12.0/Executables/wolfram -subkernel -noinit -nopaclet -wstp}, SubKernels`LocalKernels`Private`speed$21957, SubKernels`LocalKernels`Private`preemptive$21957]], Parallel`Kernels`Private`id$21970, Parallel`Kernels`Private`name$21970], Parallel`Kernels`Private`ek[Parallel`Kernels`Private`nev$21971, Parallel`Kernels`Private`pb$21971, Parallel`Kernels`Private`rd$21971], Parallel`Kernels`Private`sk[Parallel`Kernels`Private`q$21972, Parallel`Kernels`Private`n0$21972, Parallel`Kernels`Private`n1$21972]]]
                                                                                                                                                                               -6               -6
NIntegrate::ncvb: NIntegrate failed to converge to prescribed accuracy after 2 recursive bisections in yD near {xD, yD} = {0.0515827, -0.01752}. NIntegrate obtained 2.14319 10   and 1.70271 10   for the integral and error estimates.
StringForm[From `1`:, Parallel`Kernels`kernel[Parallel`Kernels`Private`bk[SubKernels`LocalKernels`localKernel[SubKernels`LocalKernels`Private`lk[LinkObject[/usr/local/Wolfram/Mathematica/12.0/Executables/wolfram -subkernel -noinit -nopaclet -wstp, 206, 1], {/usr/local/Wolfram/Mathematica/12.0/Executables/wolfram -subkernel -noinit -nopaclet -wstp}, SubKernels`LocalKernels`Private`speed$21955, SubKernels`LocalKernels`Private`preemptive$21955]], Parallel`Kernels`Private`id$21962, Parallel`Kernels`Private`name$21962], Parallel`Kernels`Private`ek[Parallel`Kernels`Private`nev$21963, Parallel`Kernels`Private`pb$21963, Parallel`Kernels`Private`rd$21963], Parallel`Kernels`Private`sk[Parallel`Kernels`Private`q$21964, Parallel`Kernels`Private`n0$21964, Parallel`Kernels`Private`n1$21964]]]
NIntegrate::ncvb: NIntegrate failed to converge to prescribed accuracy after 2 recursive bisections in yD near {xD, yD} = {0.0489164, -0.015929}. NIntegrate obtained 0.00459667 and 0.0000104061 for the integral and error estimates.
StringForm[From `1`:, Parallel`Kernels`kernel[Parallel`Kernels`Private`bk[SubKernels`LocalKernels`localKernel[SubKernels`LocalKernels`Private`lk[LinkObject[/usr/local/Wolfram/Mathematica/12.0/Executables/wolfram -subkernel -noinit -nopaclet -wstp, 207, 2], {/usr/local/Wolfram/Mathematica/12.0/Executables/wolfram -subkernel -noinit -nopaclet -wstp}, SubKernels`LocalKernels`Private`speed$21956, SubKernels`LocalKernels`Private`preemptive$21956]], Parallel`Kernels`Private`id$21966, Parallel`Kernels`Private`name$21966], Parallel`Kernels`Private`ek[Parallel`Kernels`Private`nev$21967, Parallel`Kernels`Private`pb$21967, Parallel`Kernels`Private`rd$21967], Parallel`Kernels`Private`sk[Parallel`Kernels`Private`q$21968, Parallel`Kernels`Private`n0$21968, Parallel`Kernels`Private`n1$21968]]]
NIntegrate::ncvb: NIntegrate failed to converge to prescribed accuracy after 2 recursive bisections in yD near {xD, yD} = {0.0497077, 0.025437}. NIntegrate obtained 0.00166824 and 0.0000289842 for the integral and error estimates.
a = -1040e-4
Time consumption: 5.808420917222222
MaxMemUse :144.29074096679688 MB
Configured Kernels: {SubKernels`LocalKernels`LocalMachine[4, SubKernels`LocalKernels`LowerPriority -> True]}
Processor Count: 4
Modules loaded ...
4 Kernels launched ...
Run started at Sat 25 Sep 2021 22:09:26, Bins: {179, 264}
StringForm[From `1`:, Parallel`Kernels`kernel[Parallel`Kernels`Private`bk[SubKernels`LocalKernels`localKernel[SubKernels`LocalKernels`Private`lk[LinkObject[/usr/local/Wolfram/Mathematica/12.0/Executables/wolfram -subkernel -noinit -nopaclet -wstp, 206, 1], {/usr/local/Wolfram/Mathematica/12.0/Executables/wolfram -subkernel -noinit -nopaclet -wstp}, SubKernels`LocalKernels`Private`speed$21633, SubKernels`LocalKernels`Private`preemptive$21633]], Parallel`Kernels`Private`id$21640, Parallel`Kernels`Private`name$21640], Parallel`Kernels`Private`ek[Parallel`Kernels`Private`nev$21641, Parallel`Kernels`Private`pb$21641, Parallel`Kernels`Private`rd$21641], Parallel`Kernels`Private`sk[Parallel`Kernels`Private`q$21642, Parallel`Kernels`Private`n0$21642, Parallel`Kernels`Private`n1$21642]]]
                                                                                                                                                                                               -6
NIntegrate::ncvb: NIntegrate failed to converge to prescribed accuracy after 2 recursive bisections in yD near {xD, yD} = {0.0515827, 0.023846}. NIntegrate obtained 0.000371499 and 2.48087 10   for the integral and error estimates.
StringForm[From `1`:, Parallel`Kernels`kernel[Parallel`Kernels`Private`bk[SubKernels`LocalKernels`localKernel[SubKernels`LocalKernels`Private`lk[LinkObject[/usr/local/Wolfram/Mathematica/12.0/Executables/wolfram -subkernel -noinit -nopaclet -wstp, 209, 4], {/usr/local/Wolfram/Mathematica/12.0/Executables/wolfram -subkernel -noinit -nopaclet -wstp}, SubKernels`LocalKernels`Private`speed$21636, SubKernels`LocalKernels`Private`preemptive$21636]], Parallel`Kernels`Private`id$21652, Parallel`Kernels`Private`name$21652], Parallel`Kernels`Private`ek[Parallel`Kernels`Private`nev$21653, Parallel`Kernels`Private`pb$21653, Parallel`Kernels`Private`rd$21653], Parallel`Kernels`Private`sk[Parallel`Kernels`Private`q$21654, Parallel`Kernels`Private`n0$21654, Parallel`Kernels`Private`n1$21654]]]
                                                                                                                                                                                                -6
NIntegrate::ncvb: NIntegrate failed to converge to prescribed accuracy after 2 recursive bisections in yD near {xD, yD} = {0.0515827, -0.014338}. NIntegrate obtained 0.000939721 and 3.41854 10   for the integral and error estimates.
StringForm[From `1`:, Parallel`Kernels`kernel[Parallel`Kernels`Private`bk[SubKernels`LocalKernels`localKernel[SubKernels`LocalKernels`Private`lk[LinkObject[/usr/local/Wolfram/Mathematica/12.0/Executables/wolfram -subkernel -noinit -nopaclet -wstp, 207, 2], {/usr/local/Wolfram/Mathematica/12.0/Executables/wolfram -subkernel -noinit -nopaclet -wstp}, SubKernels`LocalKernels`Private`speed$21634, SubKernels`LocalKernels`Private`preemptive$21634]], Parallel`Kernels`Private`id$21644, Parallel`Kernels`Private`name$21644], Parallel`Kernels`Private`ek[Parallel`Kernels`Private`nev$21645, Parallel`Kernels`Private`pb$21645, Parallel`Kernels`Private`rd$21645], Parallel`Kernels`Private`sk[Parallel`Kernels`Private`q$21646, Parallel`Kernels`Private`n0$21646, Parallel`Kernels`Private`n1$21646]]]
                                                                                                                                                                                               -6
NIntegrate::ncvb: NIntegrate failed to converge to prescribed accuracy after 2 recursive bisections in xD near {xD, yD} = {0.0527394, -0.0119}. NIntegrate obtained 0.0000741047 and 1.37312 10   for the integral and error estimates.
a = -1040e-4
Time consumption: 2.690715871388889
MaxMemUse :144.28086853027344 MB
