Configured Kernels: {SubKernels`LocalKernels`LocalMachine[6, SubKernels`LocalKernels`LowerPriority -> True]}
Processor Count: 6
Modules loaded ...
4 Kernels launched ...
Run started at Mon 26 Apr 2021 15:21:57, Bins: {1, 49}
StringForm[From `1`:, Parallel`Kernels`kernel[Parallel`Kernels`Private`bk[SubKernels`LocalKernels`localKernel[SubKernels`LocalKernels`Private`lk[LinkObject[/usr/local/Wolfram/Mathematica/12.0/Executables/wolfram -subkernel -noinit -nopaclet -wstp, 214, 1], {/usr/local/Wolfram/Mathematica/12.0/Executables/wolfram -subkernel -noinit -nopaclet -wstp}, SubKernels`LocalKernels`Private`speed$55081, SubKernels`LocalKernels`Private`preemptive$55081]], Parallel`Kernels`Private`id$55088, Parallel`Kernels`Private`name$55088], Parallel`Kernels`Private`ek[Parallel`Kernels`Private`nev$55089, Parallel`Kernels`Private`pb$55089, Parallel`Kernels`Private`rd$55089], Parallel`Kernels`Private`sk[Parallel`Kernels`Private`q$55090, Parallel`Kernels`Private`n0$55090, Parallel`Kernels`Private`n1$55090]]]
                                                                                                                                                                                                -6
NIntegrate::ncvb: NIntegrate failed to converge to prescribed accuracy after 2 recursive bisections in yD near {xD, yD} = {0.0272077, 0.022255}. NIntegrate obtained 0.0000106275 and 2.68027 10   for the integral and error estimates.
StringForm[From `1`:, Parallel`Kernels`kernel[Parallel`Kernels`Private`bk[SubKernels`LocalKernels`localKernel[SubKernels`LocalKernels`Private`lk[LinkObject[/usr/local/Wolfram/Mathematica/12.0/Executables/wolfram -subkernel -noinit -nopaclet -wstp, 215, 2], {/usr/local/Wolfram/Mathematica/12.0/Executables/wolfram -subkernel -noinit -nopaclet -wstp}, SubKernels`LocalKernels`Private`speed$55082, SubKernels`LocalKernels`Private`preemptive$55082]], Parallel`Kernels`Private`id$55092, Parallel`Kernels`Private`name$55092], Parallel`Kernels`Private`ek[Parallel`Kernels`Private`nev$55093, Parallel`Kernels`Private`pb$55093, Parallel`Kernels`Private`rd$55093], Parallel`Kernels`Private`sk[Parallel`Kernels`Private`q$55094, Parallel`Kernels`Private`n0$55094, Parallel`Kernels`Private`n1$55094]]]
                                                                                                                                                                                                -6
NIntegrate::ncvb: NIntegrate failed to converge to prescribed accuracy after 2 recursive bisections in yD near {xD, yD} = {0.0272077, -0.014338}. NIntegrate obtained 0.000114477 and 1.37111 10   for the integral and error estimates.
StringForm[From `1`:, Parallel`Kernels`kernel[Parallel`Kernels`Private`bk[SubKernels`LocalKernels`localKernel[SubKernels`LocalKernels`Private`lk[LinkObject[/usr/local/Wolfram/Mathematica/12.0/Executables/wolfram -subkernel -noinit -nopaclet -wstp, 216, 3], {/usr/local/Wolfram/Mathematica/12.0/Executables/wolfram -subkernel -noinit -nopaclet -wstp}, SubKernels`LocalKernels`Private`speed$55083, SubKernels`LocalKernels`Private`preemptive$55083]], Parallel`Kernels`Private`id$55096, Parallel`Kernels`Private`name$55096], Parallel`Kernels`Private`ek[Parallel`Kernels`Private`nev$55097, Parallel`Kernels`Private`pb$55097, Parallel`Kernels`Private`rd$55097], Parallel`Kernels`Private`sk[Parallel`Kernels`Private`q$55098, Parallel`Kernels`Private`n0$55098, Parallel`Kernels`Private`n1$55098]]]
NIntegrate::ncvb: NIntegrate failed to converge to prescribed accuracy after 2 recursive bisections in yD near {xD, yD} = {0.0290827, -0.014338}. NIntegrate obtained 0.00208256 and 0.0000306196 for the integral and error estimates.
a = -1055e-4
Time consumption: 1.2975798319444445
MaxMemUse :144.41967010498047 MB
Configured Kernels: {SubKernels`LocalKernels`LocalMachine[6, SubKernels`LocalKernels`LowerPriority -> True]}
Processor Count: 6
Modules loaded ...
4 Kernels launched ...
Run started at Mon 26 Apr 2021 16:39:49, Bins: {50, 98}
StringForm[From `1`:, Parallel`Kernels`kernel[Parallel`Kernels`Private`bk[SubKernels`LocalKernels`localKernel[SubKernels`LocalKernels`Private`lk[LinkObject[/usr/local/Wolfram/Mathematica/12.0/Executables/wolfram -subkernel -noinit -nopaclet -wstp, 214, 1], {/usr/local/Wolfram/Mathematica/12.0/Executables/wolfram -subkernel -noinit -nopaclet -wstp}, SubKernels`LocalKernels`Private`speed$55120, SubKernels`LocalKernels`Private`preemptive$55120]], Parallel`Kernels`Private`id$55127, Parallel`Kernels`Private`name$55127], Parallel`Kernels`Private`ek[Parallel`Kernels`Private`nev$55128, Parallel`Kernels`Private`pb$55128, Parallel`Kernels`Private`rd$55128], Parallel`Kernels`Private`sk[Parallel`Kernels`Private`q$55129, Parallel`Kernels`Private`n0$55129, Parallel`Kernels`Private`n1$55129]]]
NIntegrate::ncvb: NIntegrate failed to converge to prescribed accuracy after 2 recursive bisections in yD near {xD, yD} = {0.0290827, 0.022255}. NIntegrate obtained 0.000207152 and 0.0000136823 for the integral and error estimates.
StringForm[From `1`:, Parallel`Kernels`kernel[Parallel`Kernels`Private`bk[SubKernels`LocalKernels`localKernel[SubKernels`LocalKernels`Private`lk[LinkObject[/usr/local/Wolfram/Mathematica/12.0/Executables/wolfram -subkernel -noinit -nopaclet -wstp, 215, 2], {/usr/local/Wolfram/Mathematica/12.0/Executables/wolfram -subkernel -noinit -nopaclet -wstp}, SubKernels`LocalKernels`Private`speed$55121, SubKernels`LocalKernels`Private`preemptive$55121]], Parallel`Kernels`Private`id$55131, Parallel`Kernels`Private`name$55131], Parallel`Kernels`Private`ek[Parallel`Kernels`Private`nev$55132, Parallel`Kernels`Private`pb$55132, Parallel`Kernels`Private`rd$55132], Parallel`Kernels`Private`sk[Parallel`Kernels`Private`q$55133, Parallel`Kernels`Private`n0$55133, Parallel`Kernels`Private`n1$55133]]]
                                                                                                                                                                              -6               -6
NIntegrate::ncvb: NIntegrate failed to converge to prescribed accuracy after 2 recursive bisections in yD near {xD, yD} = {0.0328327, -0.01752}. NIntegrate obtained 7.8569 10   and 1.85156 10   for the integral and error estimates.
StringForm[From `1`:, Parallel`Kernels`kernel[Parallel`Kernels`Private`bk[SubKernels`LocalKernels`localKernel[SubKernels`LocalKernels`Private`lk[LinkObject[/usr/local/Wolfram/Mathematica/12.0/Executables/wolfram -subkernel -noinit -nopaclet -wstp, 217, 4], {/usr/local/Wolfram/Mathematica/12.0/Executables/wolfram -subkernel -noinit -nopaclet -wstp}, SubKernels`LocalKernels`Private`speed$55123, SubKernels`LocalKernels`Private`preemptive$55123]], Parallel`Kernels`Private`id$55139, Parallel`Kernels`Private`name$55139], Parallel`Kernels`Private`ek[Parallel`Kernels`Private`nev$55140, Parallel`Kernels`Private`pb$55140, Parallel`Kernels`Private`rd$55140], Parallel`Kernels`Private`sk[Parallel`Kernels`Private`q$55141, Parallel`Kernels`Private`n0$55141, Parallel`Kernels`Private`n1$55141]]]
NIntegrate::ncvb: NIntegrate failed to converge to prescribed accuracy after 2 recursive bisections in yD near {xD, yD} = {0.0309577, -0.014338}. NIntegrate obtained 0.00929136 and 0.000109357 for the integral and error estimates.
StringForm[From `1`:, Parallel`Kernels`kernel[Parallel`Kernels`Private`bk[SubKernels`LocalKernels`localKernel[SubKernels`LocalKernels`Private`lk[LinkObject[/usr/local/Wolfram/Mathematica/12.0/Executables/wolfram -subkernel -noinit -nopaclet -wstp, 216, 3], {/usr/local/Wolfram/Mathematica/12.0/Executables/wolfram -subkernel -noinit -nopaclet -wstp}, SubKernels`LocalKernels`Private`speed$55122, SubKernels`LocalKernels`Private`preemptive$55122]], Parallel`Kernels`Private`id$55135, Parallel`Kernels`Private`name$55135], Parallel`Kernels`Private`ek[Parallel`Kernels`Private`nev$55136, Parallel`Kernels`Private`pb$55136, Parallel`Kernels`Private`rd$55136], Parallel`Kernels`Private`sk[Parallel`Kernels`Private`q$55137, Parallel`Kernels`Private`n0$55137, Parallel`Kernels`Private`n1$55137]]]
NIntegrate::ncvb: NIntegrate failed to converge to prescribed accuracy after 2 recursive bisections in yD near {xD, yD} = {0.0309577, 0.022255}. NIntegrate obtained 0.00105402 and 0.0000482361 for the integral and error estimates.
StringForm[From `1`:, Parallel`Kernels`kernel[Parallel`Kernels`Private`bk[SubKernels`LocalKernels`localKernel[SubKernels`LocalKernels`Private`lk[LinkObject[/usr/local/Wolfram/Mathematica/12.0/Executables/wolfram -subkernel -noinit -nopaclet -wstp, 217, 4], {/usr/local/Wolfram/Mathematica/12.0/Executables/wolfram -subkernel -noinit -nopaclet -wstp}, SubKernels`LocalKernels`Private`speed$55123, SubKernels`LocalKernels`Private`preemptive$55123]], Parallel`Kernels`Private`id$55139, Parallel`Kernels`Private`name$55139], Parallel`Kernels`Private`ek[Parallel`Kernels`Private`nev$55140, Parallel`Kernels`Private`pb$55140, Parallel`Kernels`Private`rd$55140], Parallel`Kernels`Private`sk[Parallel`Kernels`Private`q$55141, Parallel`Kernels`Private`n0$55141, Parallel`Kernels`Private`n1$55141]]]
                                                                                                                                                                                                -6
NIntegrate::ncvb: NIntegrate failed to converge to prescribed accuracy after 2 recursive bisections in yD near {xD, yD} = {0.0347077, -0.01752}. NIntegrate obtained 0.0000994774 and 8.01923 10   for the integral and error estimates.
StringForm[From `1`:, Parallel`Kernels`kernel[Parallel`Kernels`Private`bk[SubKernels`LocalKernels`localKernel[SubKernels`LocalKernels`Private`lk[LinkObject[/usr/local/Wolfram/Mathematica/12.0/Executables/wolfram -subkernel -noinit -nopaclet -wstp, 215, 2], {/usr/local/Wolfram/Mathematica/12.0/Executables/wolfram -subkernel -noinit -nopaclet -wstp}, SubKernels`LocalKernels`Private`speed$55121, SubKernels`LocalKernels`Private`preemptive$55121]], Parallel`Kernels`Private`id$55131, Parallel`Kernels`Private`name$55131], Parallel`Kernels`Private`ek[Parallel`Kernels`Private`nev$55132, Parallel`Kernels`Private`pb$55132, Parallel`Kernels`Private`rd$55132], Parallel`Kernels`Private`sk[Parallel`Kernels`Private`q$55133, Parallel`Kernels`Private`n0$55133, Parallel`Kernels`Private`n1$55133]]]
NIntegrate::ncvb: NIntegrate failed to converge to prescribed accuracy after 2 recursive bisections in yD near {xD, yD} = {0.0328327, -0.014338}. NIntegrate obtained 0.0241762 and 0.000189646 for the integral and error estimates.
StringForm[From `1`:, Parallel`Kernels`kernel[Parallel`Kernels`Private`bk[SubKernels`LocalKernels`localKernel[SubKernels`LocalKernels`Private`lk[LinkObject[/usr/local/Wolfram/Mathematica/12.0/Executables/wolfram -subkernel -noinit -nopaclet -wstp, 214, 1], {/usr/local/Wolfram/Mathematica/12.0/Executables/wolfram -subkernel -noinit -nopaclet -wstp}, SubKernels`LocalKernels`Private`speed$55120, SubKernels`LocalKernels`Private`preemptive$55120]], Parallel`Kernels`Private`id$55127, Parallel`Kernels`Private`name$55127], Parallel`Kernels`Private`ek[Parallel`Kernels`Private`nev$55128, Parallel`Kernels`Private`pb$55128, Parallel`Kernels`Private`rd$55128], Parallel`Kernels`Private`sk[Parallel`Kernels`Private`q$55129, Parallel`Kernels`Private`n0$55129, Parallel`Kernels`Private`n1$55129]]]
NIntegrate::ncvb: NIntegrate failed to converge to prescribed accuracy after 2 recursive bisections in yD near {xD, yD} = {0.0347077, -0.014338}. NIntegrate obtained 0.0460999 and 0.000248605 for the integral and error estimates.
StringForm[From `1`:, Parallel`Kernels`kernel[Parallel`Kernels`Private`bk[SubKernels`LocalKernels`localKernel[SubKernels`LocalKernels`Private`lk[LinkObject[/usr/local/Wolfram/Mathematica/12.0/Executables/wolfram -subkernel -noinit -nopaclet -wstp, 216, 3], {/usr/local/Wolfram/Mathematica/12.0/Executables/wolfram -subkernel -noinit -nopaclet -wstp}, SubKernels`LocalKernels`Private`speed$55122, SubKernels`LocalKernels`Private`preemptive$55122]], Parallel`Kernels`Private`id$55135, Parallel`Kernels`Private`name$55135], Parallel`Kernels`Private`ek[Parallel`Kernels`Private`nev$55136, Parallel`Kernels`Private`pb$55136, Parallel`Kernels`Private`rd$55136], Parallel`Kernels`Private`sk[Parallel`Kernels`Private`q$55137, Parallel`Kernels`Private`n0$55137, Parallel`Kernels`Private`n1$55137]]]
NIntegrate::ncvb: NIntegrate failed to converge to prescribed accuracy after 2 recursive bisections in yD near {xD, yD} = {0.0347077, 0.022255}. NIntegrate obtained 0.00696279 and 0.0000857941 for the integral and error estimates.
StringForm[From `1`:, Parallel`Kernels`kernel[Parallel`Kernels`Private`bk[SubKernels`LocalKernels`localKernel[SubKernels`LocalKernels`Private`lk[LinkObject[/usr/local/Wolfram/Mathematica/12.0/Executables/wolfram -subkernel -noinit -nopaclet -wstp, 217, 4], {/usr/local/Wolfram/Mathematica/12.0/Executables/wolfram -subkernel -noinit -nopaclet -wstp}, SubKernels`LocalKernels`Private`speed$55123, SubKernels`LocalKernels`Private`preemptive$55123]], Parallel`Kernels`Private`id$55139, Parallel`Kernels`Private`name$55139], Parallel`Kernels`Private`ek[Parallel`Kernels`Private`nev$55140, Parallel`Kernels`Private`pb$55140, Parallel`Kernels`Private`rd$55140], Parallel`Kernels`Private`sk[Parallel`Kernels`Private`q$55141, Parallel`Kernels`Private`n0$55141, Parallel`Kernels`Private`n1$55141]]]
NIntegrate::ncvb: NIntegrate failed to converge to prescribed accuracy after 2 recursive bisections in yD near {xD, yD} = {0.0365827, -0.014338}. NIntegrate obtained 0.0695055 and 0.000266919 for the integral and error estimates.
StringForm[From `1`:, Parallel`Kernels`kernel[Parallel`Kernels`Private`bk[SubKernels`LocalKernels`localKernel[SubKernels`LocalKernels`Private`lk[LinkObject[/usr/local/Wolfram/Mathematica/12.0/Executables/wolfram -subkernel -noinit -nopaclet -wstp, 215, 2], {/usr/local/Wolfram/Mathematica/12.0/Executables/wolfram -subkernel -noinit -nopaclet -wstp}, SubKernels`LocalKernels`Private`speed$55121, SubKernels`LocalKernels`Private`preemptive$55121]], Parallel`Kernels`Private`id$55131, Parallel`Kernels`Private`name$55131], Parallel`Kernels`Private`ek[Parallel`Kernels`Private`nev$55132, Parallel`Kernels`Private`pb$55132, Parallel`Kernels`Private`rd$55132], Parallel`Kernels`Private`sk[Parallel`Kernels`Private`q$55133, Parallel`Kernels`Private`n0$55133, Parallel`Kernels`Private`n1$55133]]]
NIntegrate::ncvb: NIntegrate failed to converge to prescribed accuracy after 2 recursive bisections in yD near {xD, yD} = {0.0365827, 0.022255}. NIntegrate obtained 0.0118246 and 0.000048027 for the integral and error estimates.
a = -1055e-4
Time consumption: 6.339954073888888
MaxMemUse :144.41546630859375 MB
Configured Kernels: {SubKernels`LocalKernels`LocalMachine[6, SubKernels`LocalKernels`LowerPriority -> True]}
Processor Count: 6
Modules loaded ...
4 Kernels launched ...
Run started at Mon 26 Apr 2021 23:00:13, Bins: {99, 106}
StringForm[From `1`:, Parallel`Kernels`kernel[Parallel`Kernels`Private`bk[SubKernels`LocalKernels`localKernel[SubKernels`LocalKernels`Private`lk[LinkObject[/usr/local/Wolfram/Mathematica/12.0/Executables/wolfram -subkernel -noinit -nopaclet -wstp, 215, 2], {/usr/local/Wolfram/Mathematica/12.0/Executables/wolfram -subkernel -noinit -nopaclet -wstp}, SubKernels`LocalKernels`Private`speed$55082, SubKernels`LocalKernels`Private`preemptive$55082]], Parallel`Kernels`Private`id$55092, Parallel`Kernels`Private`name$55092], Parallel`Kernels`Private`ek[Parallel`Kernels`Private`nev$55093, Parallel`Kernels`Private`pb$55093, Parallel`Kernels`Private`rd$55093], Parallel`Kernels`Private`sk[Parallel`Kernels`Private`q$55094, Parallel`Kernels`Private`n0$55094, Parallel`Kernels`Private`n1$55094]]]
                                                                                                                                                                                                -6
NIntegrate::ncvb: NIntegrate failed to converge to prescribed accuracy after 2 recursive bisections in yD near {xD, yD} = {0.0384577, -0.019111}. NIntegrate obtained 0.000644183 and 8.08878 10   for the integral and error estimates.
StringForm[From `1`:, Parallel`Kernels`kernel[Parallel`Kernels`Private`bk[SubKernels`LocalKernels`localKernel[SubKernels`LocalKernels`Private`lk[LinkObject[/usr/local/Wolfram/Mathematica/12.0/Executables/wolfram -subkernel -noinit -nopaclet -wstp, 214, 1], {/usr/local/Wolfram/Mathematica/12.0/Executables/wolfram -subkernel -noinit -nopaclet -wstp}, SubKernels`LocalKernels`Private`speed$55081, SubKernels`LocalKernels`Private`preemptive$55081]], Parallel`Kernels`Private`id$55088, Parallel`Kernels`Private`name$55088], Parallel`Kernels`Private`ek[Parallel`Kernels`Private`nev$55089, Parallel`Kernels`Private`pb$55089, Parallel`Kernels`Private`rd$55089], Parallel`Kernels`Private`sk[Parallel`Kernels`Private`q$55090, Parallel`Kernels`Private`n0$55090, Parallel`Kernels`Private`n1$55090]]]
NIntegrate::ncvb: NIntegrate failed to converge to prescribed accuracy after 2 recursive bisections in yD near {xD, yD} = {0.0384577, -0.014338}. NIntegrate obtained 0.0863304 and 0.000240774 for the integral and error estimates.
a = -1055e-4
Time consumption: 1.9851033702777778
MaxMemUse :144.42271423339844 MB
Configured Kernels: {SubKernels`LocalKernels`LocalMachine[6, SubKernels`LocalKernels`LowerPriority -> True]}
Processor Count: 6
Modules loaded ...
4 Kernels launched ...
Run started at Tue 27 Apr 2021 00:59:20, Bins: {107, 122}
StringForm[From `1`:, Parallel`Kernels`kernel[Parallel`Kernels`Private`bk[SubKernels`LocalKernels`localKernel[SubKernels`LocalKernels`Private`lk[LinkObject[/usr/local/Wolfram/Mathematica/12.0/Executables/wolfram -subkernel -noinit -nopaclet -wstp, 214, 1], {/usr/local/Wolfram/Mathematica/12.0/Executables/wolfram -subkernel -noinit -nopaclet -wstp}, SubKernels`LocalKernels`Private`speed$55088, SubKernels`LocalKernels`Private`preemptive$55088]], Parallel`Kernels`Private`id$55095, Parallel`Kernels`Private`name$55095], Parallel`Kernels`Private`ek[Parallel`Kernels`Private`nev$55096, Parallel`Kernels`Private`pb$55096, Parallel`Kernels`Private`rd$55096], Parallel`Kernels`Private`sk[Parallel`Kernels`Private`q$55097, Parallel`Kernels`Private`n0$55097, Parallel`Kernels`Private`n1$55097]]]
                                                                                                                                                                                                -6
NIntegrate::ncvb: NIntegrate failed to converge to prescribed accuracy after 2 recursive bisections in yD near {xD, yD} = {0.0403327, -0.019111}. NIntegrate obtained 0.000818714 and 9.62679 10   for the integral and error estimates.
StringForm[From `1`:, Parallel`Kernels`kernel[Parallel`Kernels`Private`bk[SubKernels`LocalKernels`localKernel[SubKernels`LocalKernels`Private`lk[LinkObject[/usr/local/Wolfram/Mathematica/12.0/Executables/wolfram -subkernel -noinit -nopaclet -wstp, 216, 3], {/usr/local/Wolfram/Mathematica/12.0/Executables/wolfram -subkernel -noinit -nopaclet -wstp}, SubKernels`LocalKernels`Private`speed$55090, SubKernels`LocalKernels`Private`preemptive$55090]], Parallel`Kernels`Private`id$55103, Parallel`Kernels`Private`name$55103], Parallel`Kernels`Private`ek[Parallel`Kernels`Private`nev$55104, Parallel`Kernels`Private`pb$55104, Parallel`Kernels`Private`rd$55104], Parallel`Kernels`Private`sk[Parallel`Kernels`Private`q$55105, Parallel`Kernels`Private`n0$55105, Parallel`Kernels`Private`n1$55105]]]
NIntegrate::ncvb: NIntegrate failed to converge to prescribed accuracy after 3 recursive bisections in yD near {xD, yD} = {0.0384577, 0.0215835}. NIntegrate obtained 0.0160069 and 0.0000317955 for the integral and error estimates.
StringForm[From `1`:, Parallel`Kernels`kernel[Parallel`Kernels`Private`bk[SubKernels`LocalKernels`localKernel[SubKernels`LocalKernels`Private`lk[LinkObject[/usr/local/Wolfram/Mathematica/12.0/Executables/wolfram -subkernel -noinit -nopaclet -wstp, 217, 4], {/usr/local/Wolfram/Mathematica/12.0/Executables/wolfram -subkernel -noinit -nopaclet -wstp}, SubKernels`LocalKernels`Private`speed$55091, SubKernels`LocalKernels`Private`preemptive$55091]], Parallel`Kernels`Private`id$55107, Parallel`Kernels`Private`name$55107], Parallel`Kernels`Private`ek[Parallel`Kernels`Private`nev$55108, Parallel`Kernels`Private`pb$55108, Parallel`Kernels`Private`rd$55108], Parallel`Kernels`Private`sk[Parallel`Kernels`Private`q$55109, Parallel`Kernels`Private`n0$55109, Parallel`Kernels`Private`n1$55109]]]
NIntegrate::ncvb: NIntegrate failed to converge to prescribed accuracy after 2 recursive bisections in yD near {xD, yD} = {0.0403327, 0.022255}. NIntegrate obtained 0.017911 and 0.000107723 for the integral and error estimates.
a = -1055e-4
Time consumption: 2.8135174941666667
MaxMemUse :144.42462158203125 MB
Configured Kernels: {SubKernels`LocalKernels`LocalMachine[6, SubKernels`LocalKernels`LowerPriority -> True]}
Processor Count: 6
Modules loaded ...
4 Kernels launched ...
Run started at Tue 27 Apr 2021 03:48:09, Bins: {123, 138}
StringForm[From `1`:, Parallel`Kernels`kernel[Parallel`Kernels`Private`bk[SubKernels`LocalKernels`localKernel[SubKernels`LocalKernels`Private`lk[LinkObject[/usr/local/Wolfram/Mathematica/12.0/Executables/wolfram -subkernel -noinit -nopaclet -wstp, 217, 4], {/usr/local/Wolfram/Mathematica/12.0/Executables/wolfram -subkernel -noinit -nopaclet -wstp}, SubKernels`LocalKernels`Private`speed$55097, SubKernels`LocalKernels`Private`preemptive$55097]], Parallel`Kernels`Private`id$55113, Parallel`Kernels`Private`name$55113], Parallel`Kernels`Private`ek[Parallel`Kernels`Private`nev$55114, Parallel`Kernels`Private`pb$55114, Parallel`Kernels`Private`rd$55114], Parallel`Kernels`Private`sk[Parallel`Kernels`Private`q$55115, Parallel`Kernels`Private`n0$55115, Parallel`Kernels`Private`n1$55115]]]
                                                                                                                                                                                               -6
NIntegrate::ncvb: NIntegrate failed to converge to prescribed accuracy after 2 recursive bisections in yD near {xD, yD} = {0.0422077, -0.019111}. NIntegrate obtained 0.000872751 and 8.5945 10   for the integral and error estimates.
StringForm[From `1`:, Parallel`Kernels`kernel[Parallel`Kernels`Private`bk[SubKernels`LocalKernels`localKernel[SubKernels`LocalKernels`Private`lk[LinkObject[/usr/local/Wolfram/Mathematica/12.0/Executables/wolfram -subkernel -noinit -nopaclet -wstp, 214, 1], {/usr/local/Wolfram/Mathematica/12.0/Executables/wolfram -subkernel -noinit -nopaclet -wstp}, SubKernels`LocalKernels`Private`speed$55094, SubKernels`LocalKernels`Private`preemptive$55094]], Parallel`Kernels`Private`id$55101, Parallel`Kernels`Private`name$55101], Parallel`Kernels`Private`ek[Parallel`Kernels`Private`nev$55102, Parallel`Kernels`Private`pb$55102, Parallel`Kernels`Private`rd$55102], Parallel`Kernels`Private`sk[Parallel`Kernels`Private`q$55103, Parallel`Kernels`Private`n0$55103, Parallel`Kernels`Private`n1$55103]]]
                                                                                                                                                                                                -6
NIntegrate::ncvb: NIntegrate failed to converge to prescribed accuracy after 2 recursive bisections in yD near {xD, yD} = {0.0440827, -0.019111}. NIntegrate obtained 0.000845603 and 7.38987 10   for the integral and error estimates.
StringForm[From `1`:, Parallel`Kernels`kernel[Parallel`Kernels`Private`bk[SubKernels`LocalKernels`localKernel[SubKernels`LocalKernels`Private`lk[LinkObject[/usr/local/Wolfram/Mathematica/12.0/Executables/wolfram -subkernel -noinit -nopaclet -wstp, 217, 4], {/usr/local/Wolfram/Mathematica/12.0/Executables/wolfram -subkernel -noinit -nopaclet -wstp}, SubKernels`LocalKernels`Private`speed$55097, SubKernels`LocalKernels`Private`preemptive$55097]], Parallel`Kernels`Private`id$55113, Parallel`Kernels`Private`name$55113], Parallel`Kernels`Private`ek[Parallel`Kernels`Private`nev$55114, Parallel`Kernels`Private`pb$55114, Parallel`Kernels`Private`rd$55114], Parallel`Kernels`Private`sk[Parallel`Kernels`Private`q$55115, Parallel`Kernels`Private`n0$55115, Parallel`Kernels`Private`n1$55115]]]
NIntegrate::ncvb: NIntegrate failed to converge to prescribed accuracy after 2 recursive bisections in yD near {xD, yD} = {0.0422077, 0.022255}. NIntegrate obtained 0.0173728 and 0.000257072 for the integral and error estimates.
StringForm[From `1`:, Parallel`Kernels`kernel[Parallel`Kernels`Private`bk[SubKernels`LocalKernels`localKernel[SubKernels`LocalKernels`Private`lk[LinkObject[/usr/local/Wolfram/Mathematica/12.0/Executables/wolfram -subkernel -noinit -nopaclet -wstp, 215, 2], {/usr/local/Wolfram/Mathematica/12.0/Executables/wolfram -subkernel -noinit -nopaclet -wstp}, SubKernels`LocalKernels`Private`speed$55095, SubKernels`LocalKernels`Private`preemptive$55095]], Parallel`Kernels`Private`id$55105, Parallel`Kernels`Private`name$55105], Parallel`Kernels`Private`ek[Parallel`Kernels`Private`nev$55106, Parallel`Kernels`Private`pb$55106, Parallel`Kernels`Private`rd$55106], Parallel`Kernels`Private`sk[Parallel`Kernels`Private`q$55107, Parallel`Kernels`Private`n0$55107, Parallel`Kernels`Private`n1$55107]]]
NIntegrate::ncvb: NIntegrate failed to converge to prescribed accuracy after 2 recursive bisections in yD near {xD, yD} = {0.0440827, -0.014338}. NIntegrate obtained 0.0628397 and 0.000144605 for the integral and error estimates.
a = -1055e-4
Time consumption: 3.3534704047222226
MaxMemUse :144.4236297607422 MB
Configured Kernels: {SubKernels`LocalKernels`LocalMachine[6, SubKernels`LocalKernels`LowerPriority -> True]}
Processor Count: 6
Modules loaded ...
4 Kernels launched ...
Run started at Tue 27 Apr 2021 07:09:22, Bins: {139, 154}
StringForm[From `1`:, Parallel`Kernels`kernel[Parallel`Kernels`Private`bk[SubKernels`LocalKernels`localKernel[SubKernels`LocalKernels`Private`lk[LinkObject[/usr/local/Wolfram/Mathematica/12.0/Executables/wolfram -subkernel -noinit -nopaclet -wstp, 214, 1], {/usr/local/Wolfram/Mathematica/12.0/Executables/wolfram -subkernel -noinit -nopaclet -wstp}, SubKernels`LocalKernels`Private`speed$55106, SubKernels`LocalKernels`Private`preemptive$55106]], Parallel`Kernels`Private`id$55113, Parallel`Kernels`Private`name$55113], Parallel`Kernels`Private`ek[Parallel`Kernels`Private`nev$55114, Parallel`Kernels`Private`pb$55114, Parallel`Kernels`Private`rd$55114], Parallel`Kernels`Private`sk[Parallel`Kernels`Private`q$55115, Parallel`Kernels`Private`n0$55115, Parallel`Kernels`Private`n1$55115]]]
                                                                                                                                                                                                -6
NIntegrate::ncvb: NIntegrate failed to converge to prescribed accuracy after 2 recursive bisections in yD near {xD, yD} = {0.0459577, -0.019111}. NIntegrate obtained 0.000667442 and 6.93919 10   for the integral and error estimates.
StringForm[From `1`:, Parallel`Kernels`kernel[Parallel`Kernels`Private`bk[SubKernels`LocalKernels`localKernel[SubKernels`LocalKernels`Private`lk[LinkObject[/usr/local/Wolfram/Mathematica/12.0/Executables/wolfram -subkernel -noinit -nopaclet -wstp, 215, 2], {/usr/local/Wolfram/Mathematica/12.0/Executables/wolfram -subkernel -noinit -nopaclet -wstp}, SubKernels`LocalKernels`Private`speed$55107, SubKernels`LocalKernels`Private`preemptive$55107]], Parallel`Kernels`Private`id$55117, Parallel`Kernels`Private`name$55117], Parallel`Kernels`Private`ek[Parallel`Kernels`Private`nev$55118, Parallel`Kernels`Private`pb$55118, Parallel`Kernels`Private`rd$55118], Parallel`Kernels`Private`sk[Parallel`Kernels`Private`q$55119, Parallel`Kernels`Private`n0$55119, Parallel`Kernels`Private`n1$55119]]]
NIntegrate::ncvb: NIntegrate failed to converge to prescribed accuracy after 2 recursive bisections in yD near {xD, yD} = {0.0440827, 0.022255}. NIntegrate obtained 0.0146225 and 0.000229409 for the integral and error estimates.
StringForm[From `1`:, Parallel`Kernels`kernel[Parallel`Kernels`Private`bk[SubKernels`LocalKernels`localKernel[SubKernels`LocalKernels`Private`lk[LinkObject[/usr/local/Wolfram/Mathematica/12.0/Executables/wolfram -subkernel -noinit -nopaclet -wstp, 217, 4], {/usr/local/Wolfram/Mathematica/12.0/Executables/wolfram -subkernel -noinit -nopaclet -wstp}, SubKernels`LocalKernels`Private`speed$55109, SubKernels`LocalKernels`Private`preemptive$55109]], Parallel`Kernels`Private`id$55125, Parallel`Kernels`Private`name$55125], Parallel`Kernels`Private`ek[Parallel`Kernels`Private`nev$55126, Parallel`Kernels`Private`pb$55126, Parallel`Kernels`Private`rd$55126], Parallel`Kernels`Private`sk[Parallel`Kernels`Private`q$55127, Parallel`Kernels`Private`n0$55127, Parallel`Kernels`Private`n1$55127]]]
NIntegrate::ncvb: NIntegrate failed to converge to prescribed accuracy after 2 recursive bisections in yD near {xD, yD} = {0.0459577, -0.014338}. NIntegrate obtained 0.0393824 and 0.0000872021 for the integral and error estimates.
StringForm[From `1`:, Parallel`Kernels`kernel[Parallel`Kernels`Private`bk[SubKernels`LocalKernels`localKernel[SubKernels`LocalKernels`Private`lk[LinkObject[/usr/local/Wolfram/Mathematica/12.0/Executables/wolfram -subkernel -noinit -nopaclet -wstp, 214, 1], {/usr/local/Wolfram/Mathematica/12.0/Executables/wolfram -subkernel -noinit -nopaclet -wstp}, SubKernels`LocalKernels`Private`speed$55106, SubKernels`LocalKernels`Private`preemptive$55106]], Parallel`Kernels`Private`id$55113, Parallel`Kernels`Private`name$55113], Parallel`Kernels`Private`ek[Parallel`Kernels`Private`nev$55114, Parallel`Kernels`Private`pb$55114, Parallel`Kernels`Private`rd$55114], Parallel`Kernels`Private`sk[Parallel`Kernels`Private`q$55115, Parallel`Kernels`Private`n0$55115, Parallel`Kernels`Private`n1$55115]]]
NIntegrate::ncvb: NIntegrate failed to converge to prescribed accuracy after 2 recursive bisections in yD near {xD, yD} = {0.0459577, 0.022255}. NIntegrate obtained 0.010114 and 0.000111823 for the integral and error estimates.
a = -1055e-4
Time consumption: 3.2522270891666665
MaxMemUse :144.4005355834961 MB
Configured Kernels: {SubKernels`LocalKernels`LocalMachine[6, SubKernels`LocalKernels`LowerPriority -> True]}
Processor Count: 6
Modules loaded ...
4 Kernels launched ...
Run started at Tue 27 Apr 2021 10:24:31, Bins: {155, 178}
StringForm[From `1`:, Parallel`Kernels`kernel[Parallel`Kernels`Private`bk[SubKernels`LocalKernels`localKernel[SubKernels`LocalKernels`Private`lk[LinkObject[/usr/local/Wolfram/Mathematica/12.0/Executables/wolfram -subkernel -noinit -nopaclet -wstp, 216, 3], {/usr/local/Wolfram/Mathematica/12.0/Executables/wolfram -subkernel -noinit -nopaclet -wstp}, SubKernels`LocalKernels`Private`speed$55102, SubKernels`LocalKernels`Private`preemptive$55102]], Parallel`Kernels`Private`id$55115, Parallel`Kernels`Private`name$55115], Parallel`Kernels`Private`ek[Parallel`Kernels`Private`nev$55116, Parallel`Kernels`Private`pb$55116, Parallel`Kernels`Private`rd$55116], Parallel`Kernels`Private`sk[Parallel`Kernels`Private`q$55117, Parallel`Kernels`Private`n0$55117, Parallel`Kernels`Private`n1$55117]]]
NIntegrate::ncvb: NIntegrate failed to converge to prescribed accuracy after 2 recursive bisections in yD near {xD, yD} = {0.0479789, -0.01752}. NIntegrate obtained 0.000347081 and 0.0000106309 for the integral and error estimates.
StringForm[From `1`:, Parallel`Kernels`kernel[Parallel`Kernels`Private`bk[SubKernels`LocalKernels`localKernel[SubKernels`LocalKernels`Private`lk[LinkObject[/usr/local/Wolfram/Mathematica/12.0/Executables/wolfram -subkernel -noinit -nopaclet -wstp, 215, 2], {/usr/local/Wolfram/Mathematica/12.0/Executables/wolfram -subkernel -noinit -nopaclet -wstp}, SubKernels`LocalKernels`Private`speed$55101, SubKernels`LocalKernels`Private`preemptive$55101]], Parallel`Kernels`Private`id$55111, Parallel`Kernels`Private`name$55111], Parallel`Kernels`Private`ek[Parallel`Kernels`Private`nev$55112, Parallel`Kernels`Private`pb$55112, Parallel`Kernels`Private`rd$55112], Parallel`Kernels`Private`sk[Parallel`Kernels`Private`q$55113, Parallel`Kernels`Private`n0$55113, Parallel`Kernels`Private`n1$55113]]]
NIntegrate::ncvb: NIntegrate failed to converge to prescribed accuracy after 2 recursive bisections in yD near {xD, yD} = {0.0497077, -0.01752}. NIntegrate obtained 0.0000760172 and 0.0000346927 for the integral and error estimates.
StringForm[From `1`:, Parallel`Kernels`kernel[Parallel`Kernels`Private`bk[SubKernels`LocalKernels`localKernel[SubKernels`LocalKernels`Private`lk[LinkObject[/usr/local/Wolfram/Mathematica/12.0/Executables/wolfram -subkernel -noinit -nopaclet -wstp, 217, 4], {/usr/local/Wolfram/Mathematica/12.0/Executables/wolfram -subkernel -noinit -nopaclet -wstp}, SubKernels`LocalKernels`Private`speed$55103, SubKernels`LocalKernels`Private`preemptive$55103]], Parallel`Kernels`Private`id$55119, Parallel`Kernels`Private`name$55119], Parallel`Kernels`Private`ek[Parallel`Kernels`Private`nev$55120, Parallel`Kernels`Private`pb$55120, Parallel`Kernels`Private`rd$55120], Parallel`Kernels`Private`sk[Parallel`Kernels`Private`q$55121, Parallel`Kernels`Private`n0$55121, Parallel`Kernels`Private`n1$55121]]]
                                                                                                                                                                                              -6
NIntegrate::ncvb: NIntegrate failed to converge to prescribed accuracy after 2 recursive bisections in yD near {xD, yD} = {0.0478327, 0.023846}. NIntegrate obtained 0.00541038 and 9.06853 10   for the integral and error estimates.
StringForm[From `1`:, Parallel`Kernels`kernel[Parallel`Kernels`Private`bk[SubKernels`LocalKernels`localKernel[SubKernels`LocalKernels`Private`lk[LinkObject[/usr/local/Wolfram/Mathematica/12.0/Executables/wolfram -subkernel -noinit -nopaclet -wstp, 216, 3], {/usr/local/Wolfram/Mathematica/12.0/Executables/wolfram -subkernel -noinit -nopaclet -wstp}, SubKernels`LocalKernels`Private`speed$55102, SubKernels`LocalKernels`Private`preemptive$55102]], Parallel`Kernels`Private`id$55115, Parallel`Kernels`Private`name$55115], Parallel`Kernels`Private`ek[Parallel`Kernels`Private`nev$55116, Parallel`Kernels`Private`pb$55116, Parallel`Kernels`Private`rd$55116], Parallel`Kernels`Private`sk[Parallel`Kernels`Private`q$55117, Parallel`Kernels`Private`n0$55117, Parallel`Kernels`Private`n1$55117]]]
NIntegrate::ncvb: NIntegrate failed to converge to prescribed accuracy after 2 recursive bisections in yD near {xD, yD} = {0.0478327, 0.019073}. NIntegrate obtained 0.0341983 and 0.000193416 for the integral and error estimates.
StringForm[From `1`:, Parallel`Kernels`kernel[Parallel`Kernels`Private`bk[SubKernels`LocalKernels`localKernel[SubKernels`LocalKernels`Private`lk[LinkObject[/usr/local/Wolfram/Mathematica/12.0/Executables/wolfram -subkernel -noinit -nopaclet -wstp, 217, 4], {/usr/local/Wolfram/Mathematica/12.0/Executables/wolfram -subkernel -noinit -nopaclet -wstp}, SubKernels`LocalKernels`Private`speed$55103, SubKernels`LocalKernels`Private`preemptive$55103]], Parallel`Kernels`Private`id$55119, Parallel`Kernels`Private`name$55119], Parallel`Kernels`Private`ek[Parallel`Kernels`Private`nev$55120, Parallel`Kernels`Private`pb$55120, Parallel`Kernels`Private`rd$55120], Parallel`Kernels`Private`sk[Parallel`Kernels`Private`q$55121, Parallel`Kernels`Private`n0$55121, Parallel`Kernels`Private`n1$55121]]]
                                                                                                                                                                               -6               -6
NIntegrate::ncvb: NIntegrate failed to converge to prescribed accuracy after 2 recursive bisections in yD near {xD, yD} = {0.0515827, -0.01752}. NIntegrate obtained 2.96295 10   and 2.20728 10   for the integral and error estimates.
StringForm[From `1`:, Parallel`Kernels`kernel[Parallel`Kernels`Private`bk[SubKernels`LocalKernels`localKernel[SubKernels`LocalKernels`Private`lk[LinkObject[/usr/local/Wolfram/Mathematica/12.0/Executables/wolfram -subkernel -noinit -nopaclet -wstp, 215, 2], {/usr/local/Wolfram/Mathematica/12.0/Executables/wolfram -subkernel -noinit -nopaclet -wstp}, SubKernels`LocalKernels`Private`speed$55101, SubKernels`LocalKernels`Private`preemptive$55101]], Parallel`Kernels`Private`id$55111, Parallel`Kernels`Private`name$55111], Parallel`Kernels`Private`ek[Parallel`Kernels`Private`nev$55112, Parallel`Kernels`Private`pb$55112, Parallel`Kernels`Private`rd$55112], Parallel`Kernels`Private`sk[Parallel`Kernels`Private`q$55113, Parallel`Kernels`Private`n0$55113, Parallel`Kernels`Private`n1$55113]]]
NIntegrate::ncvb: NIntegrate failed to converge to prescribed accuracy after 2 recursive bisections in yD near {xD, yD} = {0.0489164, -0.015929}. NIntegrate obtained 0.00552694 and 0.0000109764 for the integral and error estimates.
StringForm[From `1`:, Parallel`Kernels`kernel[Parallel`Kernels`Private`bk[SubKernels`LocalKernels`localKernel[SubKernels`LocalKernels`Private`lk[LinkObject[/usr/local/Wolfram/Mathematica/12.0/Executables/wolfram -subkernel -noinit -nopaclet -wstp, 214, 1], {/usr/local/Wolfram/Mathematica/12.0/Executables/wolfram -subkernel -noinit -nopaclet -wstp}, SubKernels`LocalKernels`Private`speed$55100, SubKernels`LocalKernels`Private`preemptive$55100]], Parallel`Kernels`Private`id$55107, Parallel`Kernels`Private`name$55107], Parallel`Kernels`Private`ek[Parallel`Kernels`Private`nev$55108, Parallel`Kernels`Private`pb$55108, Parallel`Kernels`Private`rd$55108], Parallel`Kernels`Private`sk[Parallel`Kernels`Private`q$55109, Parallel`Kernels`Private`n0$55109, Parallel`Kernels`Private`n1$55109]]]
NIntegrate::ncvb: NIntegrate failed to converge to prescribed accuracy after 2 recursive bisections in yD near {xD, yD} = {0.0497077, 0.025437}. NIntegrate obtained 0.00198881 and 0.0000339311 for the integral and error estimates.
a = -1055e-4
Time consumption: 5.005901275277777
MaxMemUse :144.41242218017578 MB
Configured Kernels: {SubKernels`LocalKernels`LocalMachine[6, SubKernels`LocalKernels`LowerPriority -> True]}
Processor Count: 6
Modules loaded ...
4 Kernels launched ...
Run started at Tue 27 Apr 2021 15:24:52, Bins: {179, 264}
StringForm[From `1`:, Parallel`Kernels`kernel[Parallel`Kernels`Private`bk[SubKernels`LocalKernels`localKernel[SubKernels`LocalKernels`Private`lk[LinkObject[/usr/local/Wolfram/Mathematica/12.0/Executables/wolfram -subkernel -noinit -nopaclet -wstp, 217, 4], {/usr/local/Wolfram/Mathematica/12.0/Executables/wolfram -subkernel -noinit -nopaclet -wstp}, SubKernels`LocalKernels`Private`speed$55091, SubKernels`LocalKernels`Private`preemptive$55091]], Parallel`Kernels`Private`id$55107, Parallel`Kernels`Private`name$55107], Parallel`Kernels`Private`ek[Parallel`Kernels`Private`nev$55108, Parallel`Kernels`Private`pb$55108, Parallel`Kernels`Private`rd$55108], Parallel`Kernels`Private`sk[Parallel`Kernels`Private`q$55109, Parallel`Kernels`Private`n0$55109, Parallel`Kernels`Private`n1$55109]]]
                                                                                                                                                                                               -6
NIntegrate::ncvb: NIntegrate failed to converge to prescribed accuracy after 2 recursive bisections in yD near {xD, yD} = {0.0515827, -0.015929}. NIntegrate obtained 0.00121356 and 2.70673 10   for the integral and error estimates.
StringForm[From `1`:, Parallel`Kernels`kernel[Parallel`Kernels`Private`bk[SubKernels`LocalKernels`localKernel[SubKernels`LocalKernels`Private`lk[LinkObject[/usr/local/Wolfram/Mathematica/12.0/Executables/wolfram -subkernel -noinit -nopaclet -wstp, 215, 2], {/usr/local/Wolfram/Mathematica/12.0/Executables/wolfram -subkernel -noinit -nopaclet -wstp}, SubKernels`LocalKernels`Private`speed$55089, SubKernels`LocalKernels`Private`preemptive$55089]], Parallel`Kernels`Private`id$55099, Parallel`Kernels`Private`name$55099], Parallel`Kernels`Private`ek[Parallel`Kernels`Private`nev$55100, Parallel`Kernels`Private`pb$55100, Parallel`Kernels`Private`rd$55100], Parallel`Kernels`Private`sk[Parallel`Kernels`Private`q$55101, Parallel`Kernels`Private`n0$55101, Parallel`Kernels`Private`n1$55101]]]
                                                                                                                                                                                              -6
NIntegrate::ncvb: NIntegrate failed to converge to prescribed accuracy after 2 recursive bisections in xD near {xD, yD} = {0.0503957, 0.02678}. NIntegrate obtained 0.000475622 and 3.05623 10   for the integral and error estimates.
a = -1055e-4
Time consumption: 2.155365329722222
MaxMemUse :144.41992950439453 MB
