Configured Kernels: {SubKernels`LocalKernels`LocalMachine[6, SubKernels`LocalKernels`LowerPriority -> True]}
Processor Count: 6
Modules loaded ...
4 Kernels launched ...
Run started at Sun 5 Dec 2021 09:13:07, Bins: {1, 49}
StringForm[From `1`:, Parallel`Kernels`kernel[Parallel`Kernels`Private`bk[SubKernels`LocalKernels`localKernel[SubKernels`LocalKernels`Private`lk[LinkObject[/usr/local/Wolfram/Mathematica/12.0/Executables/wolfram -subkernel -noinit -nopaclet -wstp, 215, 2], {/usr/local/Wolfram/Mathematica/12.0/Executables/wolfram -subkernel -noinit -nopaclet -wstp}, SubKernels`LocalKernels`Private`speed$55077, SubKernels`LocalKernels`Private`preemptive$55077]], Parallel`Kernels`Private`id$55087, Parallel`Kernels`Private`name$55087], Parallel`Kernels`Private`ek[Parallel`Kernels`Private`nev$55088, Parallel`Kernels`Private`pb$55088, Parallel`Kernels`Private`rd$55088], Parallel`Kernels`Private`sk[Parallel`Kernels`Private`q$55089, Parallel`Kernels`Private`n0$55089, Parallel`Kernels`Private`n1$55089]]]
                                                                                                                                                                                                -6
NIntegrate::ncvb: NIntegrate failed to converge to prescribed accuracy after 2 recursive bisections in yD near {xD, yD} = {0.0272077, 0.022255}. NIntegrate obtained 0.0000106257 and 2.67965 10   for the integral and error estimates.
StringForm[From `1`:, Parallel`Kernels`kernel[Parallel`Kernels`Private`bk[SubKernels`LocalKernels`localKernel[SubKernels`LocalKernels`Private`lk[LinkObject[/usr/local/Wolfram/Mathematica/12.0/Executables/wolfram -subkernel -noinit -nopaclet -wstp, 214, 1], {/usr/local/Wolfram/Mathematica/12.0/Executables/wolfram -subkernel -noinit -nopaclet -wstp}, SubKernels`LocalKernels`Private`speed$55076, SubKernels`LocalKernels`Private`preemptive$55076]], Parallel`Kernels`Private`id$55083, Parallel`Kernels`Private`name$55083], Parallel`Kernels`Private`ek[Parallel`Kernels`Private`nev$55084, Parallel`Kernels`Private`pb$55084, Parallel`Kernels`Private`rd$55084], Parallel`Kernels`Private`sk[Parallel`Kernels`Private`q$55085, Parallel`Kernels`Private`n0$55085, Parallel`Kernels`Private`n1$55085]]]
                                                                                                                                                                                                -6
NIntegrate::ncvb: NIntegrate failed to converge to prescribed accuracy after 2 recursive bisections in yD near {xD, yD} = {0.0272077, -0.014338}. NIntegrate obtained 0.000114458 and 1.37078 10   for the integral and error estimates.
StringForm[From `1`:, Parallel`Kernels`kernel[Parallel`Kernels`Private`bk[SubKernels`LocalKernels`localKernel[SubKernels`LocalKernels`Private`lk[LinkObject[/usr/local/Wolfram/Mathematica/12.0/Executables/wolfram -subkernel -noinit -nopaclet -wstp, 216, 3], {/usr/local/Wolfram/Mathematica/12.0/Executables/wolfram -subkernel -noinit -nopaclet -wstp}, SubKernels`LocalKernels`Private`speed$55078, SubKernels`LocalKernels`Private`preemptive$55078]], Parallel`Kernels`Private`id$55091, Parallel`Kernels`Private`name$55091], Parallel`Kernels`Private`ek[Parallel`Kernels`Private`nev$55092, Parallel`Kernels`Private`pb$55092, Parallel`Kernels`Private`rd$55092], Parallel`Kernels`Private`sk[Parallel`Kernels`Private`q$55093, Parallel`Kernels`Private`n0$55093, Parallel`Kernels`Private`n1$55093]]]
NIntegrate::ncvb: NIntegrate failed to converge to prescribed accuracy after 2 recursive bisections in yD near {xD, yD} = {0.0290827, -0.014338}. NIntegrate obtained 0.00208226 and 0.0000306172 for the integral and error estimates.
a = -1050e-4
Time consumption: 1.2901091991666667
MaxMemUse :146.3504409790039 MB
Configured Kernels: {SubKernels`LocalKernels`LocalMachine[6, SubKernels`LocalKernels`LowerPriority -> True]}
Processor Count: 6
Modules loaded ...
4 Kernels launched ...
Run started at Sun 5 Dec 2021 10:30:32, Bins: {50, 98}
StringForm[From `1`:, Parallel`Kernels`kernel[Parallel`Kernels`Private`bk[SubKernels`LocalKernels`localKernel[SubKernels`LocalKernels`Private`lk[LinkObject[/usr/local/Wolfram/Mathematica/12.0/Executables/wolfram -subkernel -noinit -nopaclet -wstp, 214, 1], {/usr/local/Wolfram/Mathematica/12.0/Executables/wolfram -subkernel -noinit -nopaclet -wstp}, SubKernels`LocalKernels`Private`speed$55114, SubKernels`LocalKernels`Private`preemptive$55114]], Parallel`Kernels`Private`id$55121, Parallel`Kernels`Private`name$55121], Parallel`Kernels`Private`ek[Parallel`Kernels`Private`nev$55122, Parallel`Kernels`Private`pb$55122, Parallel`Kernels`Private`rd$55122], Parallel`Kernels`Private`sk[Parallel`Kernels`Private`q$55123, Parallel`Kernels`Private`n0$55123, Parallel`Kernels`Private`n1$55123]]]
NIntegrate::ncvb: NIntegrate failed to converge to prescribed accuracy after 2 recursive bisections in yD near {xD, yD} = {0.0290827, 0.022255}. NIntegrate obtained 0.000207126 and 0.0000136734 for the integral and error estimates.
StringForm[From `1`:, Parallel`Kernels`kernel[Parallel`Kernels`Private`bk[SubKernels`LocalKernels`localKernel[SubKernels`LocalKernels`Private`lk[LinkObject[/usr/local/Wolfram/Mathematica/12.0/Executables/wolfram -subkernel -noinit -nopaclet -wstp, 215, 2], {/usr/local/Wolfram/Mathematica/12.0/Executables/wolfram -subkernel -noinit -nopaclet -wstp}, SubKernels`LocalKernels`Private`speed$55115, SubKernels`LocalKernels`Private`preemptive$55115]], Parallel`Kernels`Private`id$55125, Parallel`Kernels`Private`name$55125], Parallel`Kernels`Private`ek[Parallel`Kernels`Private`nev$55126, Parallel`Kernels`Private`pb$55126, Parallel`Kernels`Private`rd$55126], Parallel`Kernels`Private`sk[Parallel`Kernels`Private`q$55127, Parallel`Kernels`Private`n0$55127, Parallel`Kernels`Private`n1$55127]]]
                                                                                                                                                                               -6               -6
NIntegrate::ncvb: NIntegrate failed to converge to prescribed accuracy after 2 recursive bisections in yD near {xD, yD} = {0.0328327, -0.01752}. NIntegrate obtained 7.86109 10   and 1.85298 10   for the integral and error estimates.
StringForm[From `1`:, Parallel`Kernels`kernel[Parallel`Kernels`Private`bk[SubKernels`LocalKernels`localKernel[SubKernels`LocalKernels`Private`lk[LinkObject[/usr/local/Wolfram/Mathematica/12.0/Executables/wolfram -subkernel -noinit -nopaclet -wstp, 216, 3], {/usr/local/Wolfram/Mathematica/12.0/Executables/wolfram -subkernel -noinit -nopaclet -wstp}, SubKernels`LocalKernels`Private`speed$55116, SubKernels`LocalKernels`Private`preemptive$55116]], Parallel`Kernels`Private`id$55129, Parallel`Kernels`Private`name$55129], Parallel`Kernels`Private`ek[Parallel`Kernels`Private`nev$55130, Parallel`Kernels`Private`pb$55130, Parallel`Kernels`Private`rd$55130], Parallel`Kernels`Private`sk[Parallel`Kernels`Private`q$55131, Parallel`Kernels`Private`n0$55131, Parallel`Kernels`Private`n1$55131]]]
NIntegrate::ncvb: NIntegrate failed to converge to prescribed accuracy after 2 recursive bisections in yD near {xD, yD} = {0.0309577, -0.014338}. NIntegrate obtained 0.00929033 and 0.000109298 for the integral and error estimates.
StringForm[From `1`:, Parallel`Kernels`kernel[Parallel`Kernels`Private`bk[SubKernels`LocalKernels`localKernel[SubKernels`LocalKernels`Private`lk[LinkObject[/usr/local/Wolfram/Mathematica/12.0/Executables/wolfram -subkernel -noinit -nopaclet -wstp, 217, 4], {/usr/local/Wolfram/Mathematica/12.0/Executables/wolfram -subkernel -noinit -nopaclet -wstp}, SubKernels`LocalKernels`Private`speed$55117, SubKernels`LocalKernels`Private`preemptive$55117]], Parallel`Kernels`Private`id$55133, Parallel`Kernels`Private`name$55133], Parallel`Kernels`Private`ek[Parallel`Kernels`Private`nev$55134, Parallel`Kernels`Private`pb$55134, Parallel`Kernels`Private`rd$55134], Parallel`Kernels`Private`sk[Parallel`Kernels`Private`q$55135, Parallel`Kernels`Private`n0$55135, Parallel`Kernels`Private`n1$55135]]]
NIntegrate::ncvb: NIntegrate failed to converge to prescribed accuracy after 2 recursive bisections in yD near {xD, yD} = {0.0309577, 0.022255}. NIntegrate obtained 0.00105395 and 0.0000482563 for the integral and error estimates.
StringForm[From `1`:, Parallel`Kernels`kernel[Parallel`Kernels`Private`bk[SubKernels`LocalKernels`localKernel[SubKernels`LocalKernels`Private`lk[LinkObject[/usr/local/Wolfram/Mathematica/12.0/Executables/wolfram -subkernel -noinit -nopaclet -wstp, 216, 3], {/usr/local/Wolfram/Mathematica/12.0/Executables/wolfram -subkernel -noinit -nopaclet -wstp}, SubKernels`LocalKernels`Private`speed$55116, SubKernels`LocalKernels`Private`preemptive$55116]], Parallel`Kernels`Private`id$55129, Parallel`Kernels`Private`name$55129], Parallel`Kernels`Private`ek[Parallel`Kernels`Private`nev$55130, Parallel`Kernels`Private`pb$55130, Parallel`Kernels`Private`rd$55130], Parallel`Kernels`Private`sk[Parallel`Kernels`Private`q$55131, Parallel`Kernels`Private`n0$55131, Parallel`Kernels`Private`n1$55131]]]
                                                                                                                                                                                                -6
NIntegrate::ncvb: NIntegrate failed to converge to prescribed accuracy after 2 recursive bisections in yD near {xD, yD} = {0.0347077, -0.01752}. NIntegrate obtained 0.0000996513 and 8.06803 10   for the integral and error estimates.
StringForm[From `1`:, Parallel`Kernels`kernel[Parallel`Kernels`Private`bk[SubKernels`LocalKernels`localKernel[SubKernels`LocalKernels`Private`lk[LinkObject[/usr/local/Wolfram/Mathematica/12.0/Executables/wolfram -subkernel -noinit -nopaclet -wstp, 215, 2], {/usr/local/Wolfram/Mathematica/12.0/Executables/wolfram -subkernel -noinit -nopaclet -wstp}, SubKernels`LocalKernels`Private`speed$55115, SubKernels`LocalKernels`Private`preemptive$55115]], Parallel`Kernels`Private`id$55125, Parallel`Kernels`Private`name$55125], Parallel`Kernels`Private`ek[Parallel`Kernels`Private`nev$55126, Parallel`Kernels`Private`pb$55126, Parallel`Kernels`Private`rd$55126], Parallel`Kernels`Private`sk[Parallel`Kernels`Private`q$55127, Parallel`Kernels`Private`n0$55127, Parallel`Kernels`Private`n1$55127]]]
NIntegrate::ncvb: NIntegrate failed to converge to prescribed accuracy after 2 recursive bisections in yD near {xD, yD} = {0.0328327, -0.014338}. NIntegrate obtained 0.0241745 and 0.00018977 for the integral and error estimates.
StringForm[From `1`:, Parallel`Kernels`kernel[Parallel`Kernels`Private`bk[SubKernels`LocalKernels`localKernel[SubKernels`LocalKernels`Private`lk[LinkObject[/usr/local/Wolfram/Mathematica/12.0/Executables/wolfram -subkernel -noinit -nopaclet -wstp, 214, 1], {/usr/local/Wolfram/Mathematica/12.0/Executables/wolfram -subkernel -noinit -nopaclet -wstp}, SubKernels`LocalKernels`Private`speed$55114, SubKernels`LocalKernels`Private`preemptive$55114]], Parallel`Kernels`Private`id$55121, Parallel`Kernels`Private`name$55121], Parallel`Kernels`Private`ek[Parallel`Kernels`Private`nev$55122, Parallel`Kernels`Private`pb$55122, Parallel`Kernels`Private`rd$55122], Parallel`Kernels`Private`sk[Parallel`Kernels`Private`q$55123, Parallel`Kernels`Private`n0$55123, Parallel`Kernels`Private`n1$55123]]]
NIntegrate::ncvb: NIntegrate failed to converge to prescribed accuracy after 2 recursive bisections in yD near {xD, yD} = {0.0347077, -0.014338}. NIntegrate obtained 0.0460986 and 0.000249316 for the integral and error estimates.
StringForm[From `1`:, Parallel`Kernels`kernel[Parallel`Kernels`Private`bk[SubKernels`LocalKernels`localKernel[SubKernels`LocalKernels`Private`lk[LinkObject[/usr/local/Wolfram/Mathematica/12.0/Executables/wolfram -subkernel -noinit -nopaclet -wstp, 216, 3], {/usr/local/Wolfram/Mathematica/12.0/Executables/wolfram -subkernel -noinit -nopaclet -wstp}, SubKernels`LocalKernels`Private`speed$55116, SubKernels`LocalKernels`Private`preemptive$55116]], Parallel`Kernels`Private`id$55129, Parallel`Kernels`Private`name$55129], Parallel`Kernels`Private`ek[Parallel`Kernels`Private`nev$55130, Parallel`Kernels`Private`pb$55130, Parallel`Kernels`Private`rd$55130], Parallel`Kernels`Private`sk[Parallel`Kernels`Private`q$55131, Parallel`Kernels`Private`n0$55131, Parallel`Kernels`Private`n1$55131]]]
NIntegrate::ncvb: NIntegrate failed to converge to prescribed accuracy after 2 recursive bisections in yD near {xD, yD} = {0.0347077, 0.022255}. NIntegrate obtained 0.00696302 and 0.0000854946 for the integral and error estimates.
StringForm[From `1`:, Parallel`Kernels`kernel[Parallel`Kernels`Private`bk[SubKernels`LocalKernels`localKernel[SubKernels`LocalKernels`Private`lk[LinkObject[/usr/local/Wolfram/Mathematica/12.0/Executables/wolfram -subkernel -noinit -nopaclet -wstp, 217, 4], {/usr/local/Wolfram/Mathematica/12.0/Executables/wolfram -subkernel -noinit -nopaclet -wstp}, SubKernels`LocalKernels`Private`speed$55117, SubKernels`LocalKernels`Private`preemptive$55117]], Parallel`Kernels`Private`id$55133, Parallel`Kernels`Private`name$55133], Parallel`Kernels`Private`ek[Parallel`Kernels`Private`nev$55134, Parallel`Kernels`Private`pb$55134, Parallel`Kernels`Private`rd$55134], Parallel`Kernels`Private`sk[Parallel`Kernels`Private`q$55135, Parallel`Kernels`Private`n0$55135, Parallel`Kernels`Private`n1$55135]]]
NIntegrate::ncvb: NIntegrate failed to converge to prescribed accuracy after 2 recursive bisections in yD near {xD, yD} = {0.0365827, -0.014338}. NIntegrate obtained 0.0695057 and 0.000266815 for the integral and error estimates.
StringForm[From `1`:, Parallel`Kernels`kernel[Parallel`Kernels`Private`bk[SubKernels`LocalKernels`localKernel[SubKernels`LocalKernels`Private`lk[LinkObject[/usr/local/Wolfram/Mathematica/12.0/Executables/wolfram -subkernel -noinit -nopaclet -wstp, 215, 2], {/usr/local/Wolfram/Mathematica/12.0/Executables/wolfram -subkernel -noinit -nopaclet -wstp}, SubKernels`LocalKernels`Private`speed$55115, SubKernels`LocalKernels`Private`preemptive$55115]], Parallel`Kernels`Private`id$55125, Parallel`Kernels`Private`name$55125], Parallel`Kernels`Private`ek[Parallel`Kernels`Private`nev$55126, Parallel`Kernels`Private`pb$55126, Parallel`Kernels`Private`rd$55126], Parallel`Kernels`Private`sk[Parallel`Kernels`Private`q$55127, Parallel`Kernels`Private`n0$55127, Parallel`Kernels`Private`n1$55127]]]
NIntegrate::ncvb: NIntegrate failed to converge to prescribed accuracy after 2 recursive bisections in yD near {xD, yD} = {0.0365827, 0.022255}. NIntegrate obtained 0.0118255 and 0.0000480684 for the integral and error estimates.
a = -1050e-4
Time consumption: 9.336091348333333
MaxMemUse :146.36981964111328 MB
Configured Kernels: {SubKernels`LocalKernels`LocalMachine[6, SubKernels`LocalKernels`LowerPriority -> True]}
Processor Count: 6
Modules loaded ...
4 Kernels launched ...
Run started at Sun 5 Dec 2021 19:50:43, Bins: {99, 106}
StringForm[From `1`:, Parallel`Kernels`kernel[Parallel`Kernels`Private`bk[SubKernels`LocalKernels`localKernel[SubKernels`LocalKernels`Private`lk[LinkObject[/usr/local/Wolfram/Mathematica/12.0/Executables/wolfram -subkernel -noinit -nopaclet -wstp, 215, 2], {/usr/local/Wolfram/Mathematica/12.0/Executables/wolfram -subkernel -noinit -nopaclet -wstp}, SubKernels`LocalKernels`Private`speed$55153, SubKernels`LocalKernels`Private`preemptive$55153]], Parallel`Kernels`Private`id$55163, Parallel`Kernels`Private`name$55163], Parallel`Kernels`Private`ek[Parallel`Kernels`Private`nev$55164, Parallel`Kernels`Private`pb$55164, Parallel`Kernels`Private`rd$55164], Parallel`Kernels`Private`sk[Parallel`Kernels`Private`q$55165, Parallel`Kernels`Private`n0$55165, Parallel`Kernels`Private`n1$55165]]]
                                                                                                                                                                                                -6
NIntegrate::ncvb: NIntegrate failed to converge to prescribed accuracy after 2 recursive bisections in yD near {xD, yD} = {0.0384577, -0.019111}. NIntegrate obtained 0.000644542 and 7.59568 10   for the integral and error estimates.
StringForm[From `1`:, Parallel`Kernels`kernel[Parallel`Kernels`Private`bk[SubKernels`LocalKernels`localKernel[SubKernels`LocalKernels`Private`lk[LinkObject[/usr/local/Wolfram/Mathematica/12.0/Executables/wolfram -subkernel -noinit -nopaclet -wstp, 214, 1], {/usr/local/Wolfram/Mathematica/12.0/Executables/wolfram -subkernel -noinit -nopaclet -wstp}, SubKernels`LocalKernels`Private`speed$55152, SubKernels`LocalKernels`Private`preemptive$55152]], Parallel`Kernels`Private`id$55159, Parallel`Kernels`Private`name$55159], Parallel`Kernels`Private`ek[Parallel`Kernels`Private`nev$55160, Parallel`Kernels`Private`pb$55160, Parallel`Kernels`Private`rd$55160], Parallel`Kernels`Private`sk[Parallel`Kernels`Private`q$55161, Parallel`Kernels`Private`n0$55161, Parallel`Kernels`Private`n1$55161]]]
NIntegrate::ncvb: NIntegrate failed to converge to prescribed accuracy after 2 recursive bisections in yD near {xD, yD} = {0.0384577, -0.014338}. NIntegrate obtained 0.0863323 and 0.000242402 for the integral and error estimates.
a = -1050e-4
Time consumption: 1.9839458644444443
MaxMemUse :146.33740234375 MB
Configured Kernels: {SubKernels`LocalKernels`LocalMachine[6, SubKernels`LocalKernels`LowerPriority -> True]}
Processor Count: 6
Modules loaded ...
4 Kernels launched ...
Run started at Sun 5 Dec 2021 21:49:45, Bins: {107, 122}
StringForm[From `1`:, Parallel`Kernels`kernel[Parallel`Kernels`Private`bk[SubKernels`LocalKernels`localKernel[SubKernels`LocalKernels`Private`lk[LinkObject[/usr/local/Wolfram/Mathematica/12.0/Executables/wolfram -subkernel -noinit -nopaclet -wstp, 215, 2], {/usr/local/Wolfram/Mathematica/12.0/Executables/wolfram -subkernel -noinit -nopaclet -wstp}, SubKernels`LocalKernels`Private`speed$55124, SubKernels`LocalKernels`Private`preemptive$55124]], Parallel`Kernels`Private`id$55134, Parallel`Kernels`Private`name$55134], Parallel`Kernels`Private`ek[Parallel`Kernels`Private`nev$55135, Parallel`Kernels`Private`pb$55135, Parallel`Kernels`Private`rd$55135], Parallel`Kernels`Private`sk[Parallel`Kernels`Private`q$55136, Parallel`Kernels`Private`n0$55136, Parallel`Kernels`Private`n1$55136]]]
                                                                                                                                                                                                -6
NIntegrate::ncvb: NIntegrate failed to converge to prescribed accuracy after 2 recursive bisections in yD near {xD, yD} = {0.0403327, -0.019111}. NIntegrate obtained 0.000818812 and 9.91237 10   for the integral and error estimates.
StringForm[From `1`:, Parallel`Kernels`kernel[Parallel`Kernels`Private`bk[SubKernels`LocalKernels`localKernel[SubKernels`LocalKernels`Private`lk[LinkObject[/usr/local/Wolfram/Mathematica/12.0/Executables/wolfram -subkernel -noinit -nopaclet -wstp, 216, 3], {/usr/local/Wolfram/Mathematica/12.0/Executables/wolfram -subkernel -noinit -nopaclet -wstp}, SubKernels`LocalKernels`Private`speed$55125, SubKernels`LocalKernels`Private`preemptive$55125]], Parallel`Kernels`Private`id$55138, Parallel`Kernels`Private`name$55138], Parallel`Kernels`Private`ek[Parallel`Kernels`Private`nev$55139, Parallel`Kernels`Private`pb$55139, Parallel`Kernels`Private`rd$55139], Parallel`Kernels`Private`sk[Parallel`Kernels`Private`q$55140, Parallel`Kernels`Private`n0$55140, Parallel`Kernels`Private`n1$55140]]]
NIntegrate::ncvb: NIntegrate failed to converge to prescribed accuracy after 3 recursive bisections in yD near {xD, yD} = {0.0384577, 0.0215835}. NIntegrate obtained 0.0160079 and 0.00003175 for the integral and error estimates.
StringForm[From `1`:, Parallel`Kernels`kernel[Parallel`Kernels`Private`bk[SubKernels`LocalKernels`localKernel[SubKernels`LocalKernels`Private`lk[LinkObject[/usr/local/Wolfram/Mathematica/12.0/Executables/wolfram -subkernel -noinit -nopaclet -wstp, 217, 4], {/usr/local/Wolfram/Mathematica/12.0/Executables/wolfram -subkernel -noinit -nopaclet -wstp}, SubKernels`LocalKernels`Private`speed$55126, SubKernels`LocalKernels`Private`preemptive$55126]], Parallel`Kernels`Private`id$55142, Parallel`Kernels`Private`name$55142], Parallel`Kernels`Private`ek[Parallel`Kernels`Private`nev$55143, Parallel`Kernels`Private`pb$55143, Parallel`Kernels`Private`rd$55143], Parallel`Kernels`Private`sk[Parallel`Kernels`Private`q$55144, Parallel`Kernels`Private`n0$55144, Parallel`Kernels`Private`n1$55144]]]
NIntegrate::ncvb: NIntegrate failed to converge to prescribed accuracy after 2 recursive bisections in yD near {xD, yD} = {0.0403327, 0.022255}. NIntegrate obtained 0.017912 and 0.000108287 for the integral and error estimates.
a = -1050e-4
Time consumption: 2.7936302816666667
MaxMemUse :146.3521728515625 MB
Configured Kernels: {SubKernels`LocalKernels`LocalMachine[6, SubKernels`LocalKernels`LowerPriority -> True]}
Processor Count: 6
Modules loaded ...
4 Kernels launched ...
Run started at Mon 6 Dec 2021 00:37:23, Bins: {123, 138}
StringForm[From `1`:, Parallel`Kernels`kernel[Parallel`Kernels`Private`bk[SubKernels`LocalKernels`localKernel[SubKernels`LocalKernels`Private`lk[LinkObject[/usr/local/Wolfram/Mathematica/12.0/Executables/wolfram -subkernel -noinit -nopaclet -wstp, 217, 4], {/usr/local/Wolfram/Mathematica/12.0/Executables/wolfram -subkernel -noinit -nopaclet -wstp}, SubKernels`LocalKernels`Private`speed$55083, SubKernels`LocalKernels`Private`preemptive$55083]], Parallel`Kernels`Private`id$55099, Parallel`Kernels`Private`name$55099], Parallel`Kernels`Private`ek[Parallel`Kernels`Private`nev$55100, Parallel`Kernels`Private`pb$55100, Parallel`Kernels`Private`rd$55100], Parallel`Kernels`Private`sk[Parallel`Kernels`Private`q$55101, Parallel`Kernels`Private`n0$55101, Parallel`Kernels`Private`n1$55101]]]
                                                                                                                                                                                                -6
NIntegrate::ncvb: NIntegrate failed to converge to prescribed accuracy after 2 recursive bisections in yD near {xD, yD} = {0.0422077, -0.019111}. NIntegrate obtained 0.000872991 and 8.69639 10   for the integral and error estimates.
StringForm[From `1`:, Parallel`Kernels`kernel[Parallel`Kernels`Private`bk[SubKernels`LocalKernels`localKernel[SubKernels`LocalKernels`Private`lk[LinkObject[/usr/local/Wolfram/Mathematica/12.0/Executables/wolfram -subkernel -noinit -nopaclet -wstp, 214, 1], {/usr/local/Wolfram/Mathematica/12.0/Executables/wolfram -subkernel -noinit -nopaclet -wstp}, SubKernels`LocalKernels`Private`speed$55080, SubKernels`LocalKernels`Private`preemptive$55080]], Parallel`Kernels`Private`id$55087, Parallel`Kernels`Private`name$55087], Parallel`Kernels`Private`ek[Parallel`Kernels`Private`nev$55088, Parallel`Kernels`Private`pb$55088, Parallel`Kernels`Private`rd$55088], Parallel`Kernels`Private`sk[Parallel`Kernels`Private`q$55089, Parallel`Kernels`Private`n0$55089, Parallel`Kernels`Private`n1$55089]]]
                                                                                                                                                                                                -6
NIntegrate::ncvb: NIntegrate failed to converge to prescribed accuracy after 2 recursive bisections in yD near {xD, yD} = {0.0440827, -0.019111}. NIntegrate obtained 0.000845842 and 7.06323 10   for the integral and error estimates.
StringForm[From `1`:, Parallel`Kernels`kernel[Parallel`Kernels`Private`bk[SubKernels`LocalKernels`localKernel[SubKernels`LocalKernels`Private`lk[LinkObject[/usr/local/Wolfram/Mathematica/12.0/Executables/wolfram -subkernel -noinit -nopaclet -wstp, 217, 4], {/usr/local/Wolfram/Mathematica/12.0/Executables/wolfram -subkernel -noinit -nopaclet -wstp}, SubKernels`LocalKernels`Private`speed$55083, SubKernels`LocalKernels`Private`preemptive$55083]], Parallel`Kernels`Private`id$55099, Parallel`Kernels`Private`name$55099], Parallel`Kernels`Private`ek[Parallel`Kernels`Private`nev$55100, Parallel`Kernels`Private`pb$55100, Parallel`Kernels`Private`rd$55100], Parallel`Kernels`Private`sk[Parallel`Kernels`Private`q$55101, Parallel`Kernels`Private`n0$55101, Parallel`Kernels`Private`n1$55101]]]
NIntegrate::ncvb: NIntegrate failed to converge to prescribed accuracy after 2 recursive bisections in yD near {xD, yD} = {0.0422077, 0.022255}. NIntegrate obtained 0.0173738 and 0.000257108 for the integral and error estimates.
StringForm[From `1`:, Parallel`Kernels`kernel[Parallel`Kernels`Private`bk[SubKernels`LocalKernels`localKernel[SubKernels`LocalKernels`Private`lk[LinkObject[/usr/local/Wolfram/Mathematica/12.0/Executables/wolfram -subkernel -noinit -nopaclet -wstp, 215, 2], {/usr/local/Wolfram/Mathematica/12.0/Executables/wolfram -subkernel -noinit -nopaclet -wstp}, SubKernels`LocalKernels`Private`speed$55081, SubKernels`LocalKernels`Private`preemptive$55081]], Parallel`Kernels`Private`id$55091, Parallel`Kernels`Private`name$55091], Parallel`Kernels`Private`ek[Parallel`Kernels`Private`nev$55092, Parallel`Kernels`Private`pb$55092, Parallel`Kernels`Private`rd$55092], Parallel`Kernels`Private`sk[Parallel`Kernels`Private`q$55093, Parallel`Kernels`Private`n0$55093, Parallel`Kernels`Private`n1$55093]]]
NIntegrate::ncvb: NIntegrate failed to converge to prescribed accuracy after 2 recursive bisections in yD near {xD, yD} = {0.0440827, -0.014338}. NIntegrate obtained 0.0628396 and 0.000143714 for the integral and error estimates.
a = -1050e-4
Time consumption: 3.350691101111111
MaxMemUse :146.35690307617188 MB
Configured Kernels: {SubKernels`LocalKernels`LocalMachine[6, SubKernels`LocalKernels`LowerPriority -> True]}
Processor Count: 6
Modules loaded ...
4 Kernels launched ...
Run started at Mon 6 Dec 2021 03:58:26, Bins: {139, 154}
StringForm[From `1`:, Parallel`Kernels`kernel[Parallel`Kernels`Private`bk[SubKernels`LocalKernels`localKernel[SubKernels`LocalKernels`Private`lk[LinkObject[/usr/local/Wolfram/Mathematica/12.0/Executables/wolfram -subkernel -noinit -nopaclet -wstp, 214, 1], {/usr/local/Wolfram/Mathematica/12.0/Executables/wolfram -subkernel -noinit -nopaclet -wstp}, SubKernels`LocalKernels`Private`speed$55113, SubKernels`LocalKernels`Private`preemptive$55113]], Parallel`Kernels`Private`id$55120, Parallel`Kernels`Private`name$55120], Parallel`Kernels`Private`ek[Parallel`Kernels`Private`nev$55121, Parallel`Kernels`Private`pb$55121, Parallel`Kernels`Private`rd$55121], Parallel`Kernels`Private`sk[Parallel`Kernels`Private`q$55122, Parallel`Kernels`Private`n0$55122, Parallel`Kernels`Private`n1$55122]]]
                                                                                                                                                                                                -6
NIntegrate::ncvb: NIntegrate failed to converge to prescribed accuracy after 2 recursive bisections in yD near {xD, yD} = {0.0459577, -0.019111}. NIntegrate obtained 0.000667503 and 7.02752 10   for the integral and error estimates.
StringForm[From `1`:, Parallel`Kernels`kernel[Parallel`Kernels`Private`bk[SubKernels`LocalKernels`localKernel[SubKernels`LocalKernels`Private`lk[LinkObject[/usr/local/Wolfram/Mathematica/12.0/Executables/wolfram -subkernel -noinit -nopaclet -wstp, 215, 2], {/usr/local/Wolfram/Mathematica/12.0/Executables/wolfram -subkernel -noinit -nopaclet -wstp}, SubKernels`LocalKernels`Private`speed$55114, SubKernels`LocalKernels`Private`preemptive$55114]], Parallel`Kernels`Private`id$55124, Parallel`Kernels`Private`name$55124], Parallel`Kernels`Private`ek[Parallel`Kernels`Private`nev$55125, Parallel`Kernels`Private`pb$55125, Parallel`Kernels`Private`rd$55125], Parallel`Kernels`Private`sk[Parallel`Kernels`Private`q$55126, Parallel`Kernels`Private`n0$55126, Parallel`Kernels`Private`n1$55126]]]
NIntegrate::ncvb: NIntegrate failed to converge to prescribed accuracy after 2 recursive bisections in yD near {xD, yD} = {0.0440827, 0.022255}. NIntegrate obtained 0.0146235 and 0.000230312 for the integral and error estimates.
StringForm[From `1`:, Parallel`Kernels`kernel[Parallel`Kernels`Private`bk[SubKernels`LocalKernels`localKernel[SubKernels`LocalKernels`Private`lk[LinkObject[/usr/local/Wolfram/Mathematica/12.0/Executables/wolfram -subkernel -noinit -nopaclet -wstp, 217, 4], {/usr/local/Wolfram/Mathematica/12.0/Executables/wolfram -subkernel -noinit -nopaclet -wstp}, SubKernels`LocalKernels`Private`speed$55116, SubKernels`LocalKernels`Private`preemptive$55116]], Parallel`Kernels`Private`id$55132, Parallel`Kernels`Private`name$55132], Parallel`Kernels`Private`ek[Parallel`Kernels`Private`nev$55133, Parallel`Kernels`Private`pb$55133, Parallel`Kernels`Private`rd$55133], Parallel`Kernels`Private`sk[Parallel`Kernels`Private`q$55134, Parallel`Kernels`Private`n0$55134, Parallel`Kernels`Private`n1$55134]]]
NIntegrate::ncvb: NIntegrate failed to converge to prescribed accuracy after 2 recursive bisections in yD near {xD, yD} = {0.0459577, -0.014338}. NIntegrate obtained 0.0393817 and 0.0000881213 for the integral and error estimates.
StringForm[From `1`:, Parallel`Kernels`kernel[Parallel`Kernels`Private`bk[SubKernels`LocalKernels`localKernel[SubKernels`LocalKernels`Private`lk[LinkObject[/usr/local/Wolfram/Mathematica/12.0/Executables/wolfram -subkernel -noinit -nopaclet -wstp, 214, 1], {/usr/local/Wolfram/Mathematica/12.0/Executables/wolfram -subkernel -noinit -nopaclet -wstp}, SubKernels`LocalKernels`Private`speed$55113, SubKernels`LocalKernels`Private`preemptive$55113]], Parallel`Kernels`Private`id$55120, Parallel`Kernels`Private`name$55120], Parallel`Kernels`Private`ek[Parallel`Kernels`Private`nev$55121, Parallel`Kernels`Private`pb$55121, Parallel`Kernels`Private`rd$55121], Parallel`Kernels`Private`sk[Parallel`Kernels`Private`q$55122, Parallel`Kernels`Private`n0$55122, Parallel`Kernels`Private`n1$55122]]]
NIntegrate::ncvb: NIntegrate failed to converge to prescribed accuracy after 2 recursive bisections in yD near {xD, yD} = {0.0459577, 0.022255}. NIntegrate obtained 0.0101141 and 0.000111552 for the integral and error estimates.
a = -1050e-4
Time consumption: 3.225107602777778
MaxMemUse :146.35540008544922 MB
Configured Kernels: {SubKernels`LocalKernels`LocalMachine[6, SubKernels`LocalKernels`LowerPriority -> True]}
Processor Count: 6
Modules loaded ...
4 Kernels launched ...
Run started at Mon 6 Dec 2021 07:11:57, Bins: {155, 178}
StringForm[From `1`:, Parallel`Kernels`kernel[Parallel`Kernels`Private`bk[SubKernels`LocalKernels`localKernel[SubKernels`LocalKernels`Private`lk[LinkObject[/usr/local/Wolfram/Mathematica/12.0/Executables/wolfram -subkernel -noinit -nopaclet -wstp, 216, 3], {/usr/local/Wolfram/Mathematica/12.0/Executables/wolfram -subkernel -noinit -nopaclet -wstp}, SubKernels`LocalKernels`Private`speed$55110, SubKernels`LocalKernels`Private`preemptive$55110]], Parallel`Kernels`Private`id$55123, Parallel`Kernels`Private`name$55123], Parallel`Kernels`Private`ek[Parallel`Kernels`Private`nev$55124, Parallel`Kernels`Private`pb$55124, Parallel`Kernels`Private`rd$55124], Parallel`Kernels`Private`sk[Parallel`Kernels`Private`q$55125, Parallel`Kernels`Private`n0$55125, Parallel`Kernels`Private`n1$55125]]]
NIntegrate::ncvb: NIntegrate failed to converge to prescribed accuracy after 2 recursive bisections in yD near {xD, yD} = {0.0479789, -0.01752}. NIntegrate obtained 0.000347016 and 0.0000108255 for the integral and error estimates.
StringForm[From `1`:, Parallel`Kernels`kernel[Parallel`Kernels`Private`bk[SubKernels`LocalKernels`localKernel[SubKernels`LocalKernels`Private`lk[LinkObject[/usr/local/Wolfram/Mathematica/12.0/Executables/wolfram -subkernel -noinit -nopaclet -wstp, 215, 2], {/usr/local/Wolfram/Mathematica/12.0/Executables/wolfram -subkernel -noinit -nopaclet -wstp}, SubKernels`LocalKernels`Private`speed$55109, SubKernels`LocalKernels`Private`preemptive$55109]], Parallel`Kernels`Private`id$55119, Parallel`Kernels`Private`name$55119], Parallel`Kernels`Private`ek[Parallel`Kernels`Private`nev$55120, Parallel`Kernels`Private`pb$55120, Parallel`Kernels`Private`rd$55120], Parallel`Kernels`Private`sk[Parallel`Kernels`Private`q$55121, Parallel`Kernels`Private`n0$55121, Parallel`Kernels`Private`n1$55121]]]
NIntegrate::ncvb: NIntegrate failed to converge to prescribed accuracy after 2 recursive bisections in yD near {xD, yD} = {0.0497077, -0.01752}. NIntegrate obtained 0.0000760083 and 0.0000346829 for the integral and error estimates.
StringForm[From `1`:, Parallel`Kernels`kernel[Parallel`Kernels`Private`bk[SubKernels`LocalKernels`localKernel[SubKernels`LocalKernels`Private`lk[LinkObject[/usr/local/Wolfram/Mathematica/12.0/Executables/wolfram -subkernel -noinit -nopaclet -wstp, 214, 1], {/usr/local/Wolfram/Mathematica/12.0/Executables/wolfram -subkernel -noinit -nopaclet -wstp}, SubKernels`LocalKernels`Private`speed$55108, SubKernels`LocalKernels`Private`preemptive$55108]], Parallel`Kernels`Private`id$55115, Parallel`Kernels`Private`name$55115], Parallel`Kernels`Private`ek[Parallel`Kernels`Private`nev$55116, Parallel`Kernels`Private`pb$55116, Parallel`Kernels`Private`rd$55116], Parallel`Kernels`Private`sk[Parallel`Kernels`Private`q$55117, Parallel`Kernels`Private`n0$55117, Parallel`Kernels`Private`n1$55117]]]
                                                                                                                                                                                              -6
NIntegrate::ncvb: NIntegrate failed to converge to prescribed accuracy after 2 recursive bisections in yD near {xD, yD} = {0.0478327, 0.023846}. NIntegrate obtained 0.00541006 and 9.18568 10   for the integral and error estimates.
StringForm[From `1`:, Parallel`Kernels`kernel[Parallel`Kernels`Private`bk[SubKernels`LocalKernels`localKernel[SubKernels`LocalKernels`Private`lk[LinkObject[/usr/local/Wolfram/Mathematica/12.0/Executables/wolfram -subkernel -noinit -nopaclet -wstp, 214, 1], {/usr/local/Wolfram/Mathematica/12.0/Executables/wolfram -subkernel -noinit -nopaclet -wstp}, SubKernels`LocalKernels`Private`speed$55108, SubKernels`LocalKernels`Private`preemptive$55108]], Parallel`Kernels`Private`id$55115, Parallel`Kernels`Private`name$55115], Parallel`Kernels`Private`ek[Parallel`Kernels`Private`nev$55116, Parallel`Kernels`Private`pb$55116, Parallel`Kernels`Private`rd$55116], Parallel`Kernels`Private`sk[Parallel`Kernels`Private`q$55117, Parallel`Kernels`Private`n0$55117, Parallel`Kernels`Private`n1$55117]]]
                                                                                                                                                                               -6               -6
NIntegrate::ncvb: NIntegrate failed to converge to prescribed accuracy after 2 recursive bisections in yD near {xD, yD} = {0.0515827, -0.01752}. NIntegrate obtained 2.96115 10   and 2.20455 10   for the integral and error estimates.
StringForm[From `1`:, Parallel`Kernels`kernel[Parallel`Kernels`Private`bk[SubKernels`LocalKernels`localKernel[SubKernels`LocalKernels`Private`lk[LinkObject[/usr/local/Wolfram/Mathematica/12.0/Executables/wolfram -subkernel -noinit -nopaclet -wstp, 215, 2], {/usr/local/Wolfram/Mathematica/12.0/Executables/wolfram -subkernel -noinit -nopaclet -wstp}, SubKernels`LocalKernels`Private`speed$55109, SubKernels`LocalKernels`Private`preemptive$55109]], Parallel`Kernels`Private`id$55119, Parallel`Kernels`Private`name$55119], Parallel`Kernels`Private`ek[Parallel`Kernels`Private`nev$55120, Parallel`Kernels`Private`pb$55120, Parallel`Kernels`Private`rd$55120], Parallel`Kernels`Private`sk[Parallel`Kernels`Private`q$55121, Parallel`Kernels`Private`n0$55121, Parallel`Kernels`Private`n1$55121]]]
NIntegrate::ncvb: NIntegrate failed to converge to prescribed accuracy after 2 recursive bisections in yD near {xD, yD} = {0.0489164, -0.014338}. NIntegrate obtained 0.00552684 and 0.0000127759 for the integral and error estimates.
StringForm[From `1`:, Parallel`Kernels`kernel[Parallel`Kernels`Private`bk[SubKernels`LocalKernels`localKernel[SubKernels`LocalKernels`Private`lk[LinkObject[/usr/local/Wolfram/Mathematica/12.0/Executables/wolfram -subkernel -noinit -nopaclet -wstp, 216, 3], {/usr/local/Wolfram/Mathematica/12.0/Executables/wolfram -subkernel -noinit -nopaclet -wstp}, SubKernels`LocalKernels`Private`speed$55110, SubKernels`LocalKernels`Private`preemptive$55110]], Parallel`Kernels`Private`id$55123, Parallel`Kernels`Private`name$55123], Parallel`Kernels`Private`ek[Parallel`Kernels`Private`nev$55124, Parallel`Kernels`Private`pb$55124, Parallel`Kernels`Private`rd$55124], Parallel`Kernels`Private`sk[Parallel`Kernels`Private`q$55125, Parallel`Kernels`Private`n0$55125, Parallel`Kernels`Private`n1$55125]]]
NIntegrate::ncvb: NIntegrate failed to converge to prescribed accuracy after 2 recursive bisections in yD near {xD, yD} = {0.0497077, 0.025437}. NIntegrate obtained 0.00198852 and 0.0000339075 for the integral and error estimates.
a = -1050e-4
Time consumption: 5.0092842825
MaxMemUse :146.35213470458984 MB
Configured Kernels: {SubKernels`LocalKernels`LocalMachine[6, SubKernels`LocalKernels`LowerPriority -> True]}
Processor Count: 6
Modules loaded ...
4 Kernels launched ...
Run started at Mon 6 Dec 2021 12:12:31, Bins: {179, 264}
StringForm[From `1`:, Parallel`Kernels`kernel[Parallel`Kernels`Private`bk[SubKernels`LocalKernels`localKernel[SubKernels`LocalKernels`Private`lk[LinkObject[/usr/local/Wolfram/Mathematica/12.0/Executables/wolfram -subkernel -noinit -nopaclet -wstp, 240, 5], {/usr/local/Wolfram/Mathematica/12.0/Executables/wolfram -subkernel -noinit -nopaclet -wstp}, SubKernels`LocalKernels`Private`speed$55308, SubKernels`LocalKernels`Private`preemptive$55308]], Parallel`Kernels`Private`id$55324, Parallel`Kernels`Private`name$55324], Parallel`Kernels`Private`ek[Parallel`Kernels`Private`nev$55325, Parallel`Kernels`Private`pb$55325, Parallel`Kernels`Private`rd$55325], Parallel`Kernels`Private`sk[Parallel`Kernels`Private`q$55326, Parallel`Kernels`Private`n0$55326, Parallel`Kernels`Private`n1$55326]]]
                                                                                                                                                                                               -6
NIntegrate::ncvb: NIntegrate failed to converge to prescribed accuracy after 2 recursive bisections in yD near {xD, yD} = {0.0515827, -0.015929}. NIntegrate obtained 0.00121317 and 2.65531 10   for the integral and error estimates.
StringForm[From `1`:, Parallel`Kernels`kernel[Parallel`Kernels`Private`bk[SubKernels`LocalKernels`localKernel[SubKernels`LocalKernels`Private`lk[LinkObject[/usr/local/Wolfram/Mathematica/12.0/Executables/wolfram -subkernel -noinit -nopaclet -wstp, 237, 2], {/usr/local/Wolfram/Mathematica/12.0/Executables/wolfram -subkernel -noinit -nopaclet -wstp}, SubKernels`LocalKernels`Private`speed$55305, SubKernels`LocalKernels`Private`preemptive$55305]], Parallel`Kernels`Private`id$55312, Parallel`Kernels`Private`name$55312], Parallel`Kernels`Private`ek[Parallel`Kernels`Private`nev$55313, Parallel`Kernels`Private`pb$55313, Parallel`Kernels`Private`rd$55313], Parallel`Kernels`Private`sk[Parallel`Kernels`Private`q$55314, Parallel`Kernels`Private`n0$55314, Parallel`Kernels`Private`n1$55314]]]
                                                                                                                                                                                               -6
NIntegrate::ncvb: NIntegrate failed to converge to prescribed accuracy after 2 recursive bisections in xD near {xD, yD} = {0.0503957, 0.023598}. NIntegrate obtained 0.000474849 and 1.45994 10   for the integral and error estimates.
a = -1050e-4
Time consumption: 2.299390407222222
MaxMemUse :149.42625427246094 MB
