Configured Kernels: {SubKernels`LocalKernels`LocalMachine[6, SubKernels`LocalKernels`LowerPriority -> True]}
Processor Count: 6
Modules loaded ...
4 Kernels launched ...
Run started at Fri 30 Apr 2021 15:37:29, Bins: {1, 49}
StringForm[From `1`:, Parallel`Kernels`kernel[Parallel`Kernels`Private`bk[SubKernels`LocalKernels`localKernel[SubKernels`LocalKernels`Private`lk[LinkObject[/usr/local/Wolfram/Mathematica/12.0/Executables/wolfram -subkernel -noinit -nopaclet -wstp, 214, 1], {/usr/local/Wolfram/Mathematica/12.0/Executables/wolfram -subkernel -noinit -nopaclet -wstp}, SubKernels`LocalKernels`Private`speed$55080, SubKernels`LocalKernels`Private`preemptive$55080]], Parallel`Kernels`Private`id$55087, Parallel`Kernels`Private`name$55087], Parallel`Kernels`Private`ek[Parallel`Kernels`Private`nev$55088, Parallel`Kernels`Private`pb$55088, Parallel`Kernels`Private`rd$55088], Parallel`Kernels`Private`sk[Parallel`Kernels`Private`q$55089, Parallel`Kernels`Private`n0$55089, Parallel`Kernels`Private`n1$55089]]]
                                                                                                                                                                                                -6
NIntegrate::ncvb: NIntegrate failed to converge to prescribed accuracy after 2 recursive bisections in yD near {xD, yD} = {0.0272077, 0.022255}. NIntegrate obtained 0.0000106279 and 2.68035 10   for the integral and error estimates.
StringForm[From `1`:, Parallel`Kernels`kernel[Parallel`Kernels`Private`bk[SubKernels`LocalKernels`localKernel[SubKernels`LocalKernels`Private`lk[LinkObject[/usr/local/Wolfram/Mathematica/12.0/Executables/wolfram -subkernel -noinit -nopaclet -wstp, 215, 2], {/usr/local/Wolfram/Mathematica/12.0/Executables/wolfram -subkernel -noinit -nopaclet -wstp}, SubKernels`LocalKernels`Private`speed$55081, SubKernels`LocalKernels`Private`preemptive$55081]], Parallel`Kernels`Private`id$55091, Parallel`Kernels`Private`name$55091], Parallel`Kernels`Private`ek[Parallel`Kernels`Private`nev$55092, Parallel`Kernels`Private`pb$55092, Parallel`Kernels`Private`rd$55092], Parallel`Kernels`Private`sk[Parallel`Kernels`Private`q$55093, Parallel`Kernels`Private`n0$55093, Parallel`Kernels`Private`n1$55093]]]
                                                                                                                                                                                                -6
NIntegrate::ncvb: NIntegrate failed to converge to prescribed accuracy after 2 recursive bisections in yD near {xD, yD} = {0.0272077, -0.014338}. NIntegrate obtained 0.000114482 and 1.37117 10   for the integral and error estimates.
StringForm[From `1`:, Parallel`Kernels`kernel[Parallel`Kernels`Private`bk[SubKernels`LocalKernels`localKernel[SubKernels`LocalKernels`Private`lk[LinkObject[/usr/local/Wolfram/Mathematica/12.0/Executables/wolfram -subkernel -noinit -nopaclet -wstp, 216, 3], {/usr/local/Wolfram/Mathematica/12.0/Executables/wolfram -subkernel -noinit -nopaclet -wstp}, SubKernels`LocalKernels`Private`speed$55082, SubKernels`LocalKernels`Private`preemptive$55082]], Parallel`Kernels`Private`id$55095, Parallel`Kernels`Private`name$55095], Parallel`Kernels`Private`ek[Parallel`Kernels`Private`nev$55096, Parallel`Kernels`Private`pb$55096, Parallel`Kernels`Private`rd$55096], Parallel`Kernels`Private`sk[Parallel`Kernels`Private`q$55097, Parallel`Kernels`Private`n0$55097, Parallel`Kernels`Private`n1$55097]]]
NIntegrate::ncvb: NIntegrate failed to converge to prescribed accuracy after 2 recursive bisections in yD near {xD, yD} = {0.0290827, -0.014338}. NIntegrate obtained 0.00208264 and 0.0000306197 for the integral and error estimates.
a = -1055e-4
Time consumption: 1.2934701358333334
MaxMemUse :144.46829223632812 MB
Configured Kernels: {SubKernels`LocalKernels`LocalMachine[6, SubKernels`LocalKernels`LowerPriority -> True]}
Processor Count: 6
Modules loaded ...
4 Kernels launched ...
Run started at Fri 30 Apr 2021 16:55:06, Bins: {50, 98}
StringForm[From `1`:, Parallel`Kernels`kernel[Parallel`Kernels`Private`bk[SubKernels`LocalKernels`localKernel[SubKernels`LocalKernels`Private`lk[LinkObject[/usr/local/Wolfram/Mathematica/12.0/Executables/wolfram -subkernel -noinit -nopaclet -wstp, 214, 1], {/usr/local/Wolfram/Mathematica/12.0/Executables/wolfram -subkernel -noinit -nopaclet -wstp}, SubKernels`LocalKernels`Private`speed$55076, SubKernels`LocalKernels`Private`preemptive$55076]], Parallel`Kernels`Private`id$55083, Parallel`Kernels`Private`name$55083], Parallel`Kernels`Private`ek[Parallel`Kernels`Private`nev$55084, Parallel`Kernels`Private`pb$55084, Parallel`Kernels`Private`rd$55084], Parallel`Kernels`Private`sk[Parallel`Kernels`Private`q$55085, Parallel`Kernels`Private`n0$55085, Parallel`Kernels`Private`n1$55085]]]
NIntegrate::ncvb: NIntegrate failed to converge to prescribed accuracy after 2 recursive bisections in yD near {xD, yD} = {0.0290827, 0.022255}. NIntegrate obtained 0.00020716 and 0.0000136828 for the integral and error estimates.
StringForm[From `1`:, Parallel`Kernels`kernel[Parallel`Kernels`Private`bk[SubKernels`LocalKernels`localKernel[SubKernels`LocalKernels`Private`lk[LinkObject[/usr/local/Wolfram/Mathematica/12.0/Executables/wolfram -subkernel -noinit -nopaclet -wstp, 215, 2], {/usr/local/Wolfram/Mathematica/12.0/Executables/wolfram -subkernel -noinit -nopaclet -wstp}, SubKernels`LocalKernels`Private`speed$55077, SubKernels`LocalKernels`Private`preemptive$55077]], Parallel`Kernels`Private`id$55087, Parallel`Kernels`Private`name$55087], Parallel`Kernels`Private`ek[Parallel`Kernels`Private`nev$55088, Parallel`Kernels`Private`pb$55088, Parallel`Kernels`Private`rd$55088], Parallel`Kernels`Private`sk[Parallel`Kernels`Private`q$55089, Parallel`Kernels`Private`n0$55089, Parallel`Kernels`Private`n1$55089]]]
                                                                                                                                                                               -6               -6
NIntegrate::ncvb: NIntegrate failed to converge to prescribed accuracy after 2 recursive bisections in yD near {xD, yD} = {0.0328327, -0.01752}. NIntegrate obtained 7.85748 10   and 1.85179 10   for the integral and error estimates.
StringForm[From `1`:, Parallel`Kernels`kernel[Parallel`Kernels`Private`bk[SubKernels`LocalKernels`localKernel[SubKernels`LocalKernels`Private`lk[LinkObject[/usr/local/Wolfram/Mathematica/12.0/Executables/wolfram -subkernel -noinit -nopaclet -wstp, 217, 4], {/usr/local/Wolfram/Mathematica/12.0/Executables/wolfram -subkernel -noinit -nopaclet -wstp}, SubKernels`LocalKernels`Private`speed$55079, SubKernels`LocalKernels`Private`preemptive$55079]], Parallel`Kernels`Private`id$55095, Parallel`Kernels`Private`name$55095], Parallel`Kernels`Private`ek[Parallel`Kernels`Private`nev$55096, Parallel`Kernels`Private`pb$55096, Parallel`Kernels`Private`rd$55096], Parallel`Kernels`Private`sk[Parallel`Kernels`Private`q$55097, Parallel`Kernels`Private`n0$55097, Parallel`Kernels`Private`n1$55097]]]
NIntegrate::ncvb: NIntegrate failed to converge to prescribed accuracy after 2 recursive bisections in yD near {xD, yD} = {0.0309577, -0.014338}. NIntegrate obtained 0.00929168 and 0.000109361 for the integral and error estimates.
StringForm[From `1`:, Parallel`Kernels`kernel[Parallel`Kernels`Private`bk[SubKernels`LocalKernels`localKernel[SubKernels`LocalKernels`Private`lk[LinkObject[/usr/local/Wolfram/Mathematica/12.0/Executables/wolfram -subkernel -noinit -nopaclet -wstp, 216, 3], {/usr/local/Wolfram/Mathematica/12.0/Executables/wolfram -subkernel -noinit -nopaclet -wstp}, SubKernels`LocalKernels`Private`speed$55078, SubKernels`LocalKernels`Private`preemptive$55078]], Parallel`Kernels`Private`id$55091, Parallel`Kernels`Private`name$55091], Parallel`Kernels`Private`ek[Parallel`Kernels`Private`nev$55092, Parallel`Kernels`Private`pb$55092, Parallel`Kernels`Private`rd$55092], Parallel`Kernels`Private`sk[Parallel`Kernels`Private`q$55093, Parallel`Kernels`Private`n0$55093, Parallel`Kernels`Private`n1$55093]]]
NIntegrate::ncvb: NIntegrate failed to converge to prescribed accuracy after 2 recursive bisections in yD near {xD, yD} = {0.0309577, 0.022255}. NIntegrate obtained 0.00105406 and 0.0000482378 for the integral and error estimates.
StringForm[From `1`:, Parallel`Kernels`kernel[Parallel`Kernels`Private`bk[SubKernels`LocalKernels`localKernel[SubKernels`LocalKernels`Private`lk[LinkObject[/usr/local/Wolfram/Mathematica/12.0/Executables/wolfram -subkernel -noinit -nopaclet -wstp, 217, 4], {/usr/local/Wolfram/Mathematica/12.0/Executables/wolfram -subkernel -noinit -nopaclet -wstp}, SubKernels`LocalKernels`Private`speed$55079, SubKernels`LocalKernels`Private`preemptive$55079]], Parallel`Kernels`Private`id$55095, Parallel`Kernels`Private`name$55095], Parallel`Kernels`Private`ek[Parallel`Kernels`Private`nev$55096, Parallel`Kernels`Private`pb$55096, Parallel`Kernels`Private`rd$55096], Parallel`Kernels`Private`sk[Parallel`Kernels`Private`q$55097, Parallel`Kernels`Private`n0$55097, Parallel`Kernels`Private`n1$55097]]]
                                                                                                                                                                                                -6
NIntegrate::ncvb: NIntegrate failed to converge to prescribed accuracy after 2 recursive bisections in yD near {xD, yD} = {0.0347077, -0.01752}. NIntegrate obtained 0.0000994736 and 8.01945 10   for the integral and error estimates.
StringForm[From `1`:, Parallel`Kernels`kernel[Parallel`Kernels`Private`bk[SubKernels`LocalKernels`localKernel[SubKernels`LocalKernels`Private`lk[LinkObject[/usr/local/Wolfram/Mathematica/12.0/Executables/wolfram -subkernel -noinit -nopaclet -wstp, 215, 2], {/usr/local/Wolfram/Mathematica/12.0/Executables/wolfram -subkernel -noinit -nopaclet -wstp}, SubKernels`LocalKernels`Private`speed$55077, SubKernels`LocalKernels`Private`preemptive$55077]], Parallel`Kernels`Private`id$55087, Parallel`Kernels`Private`name$55087], Parallel`Kernels`Private`ek[Parallel`Kernels`Private`nev$55088, Parallel`Kernels`Private`pb$55088, Parallel`Kernels`Private`rd$55088], Parallel`Kernels`Private`sk[Parallel`Kernels`Private`q$55089, Parallel`Kernels`Private`n0$55089, Parallel`Kernels`Private`n1$55089]]]
NIntegrate::ncvb: NIntegrate failed to converge to prescribed accuracy after 2 recursive bisections in yD near {xD, yD} = {0.0328327, -0.014338}. NIntegrate obtained 0.0241769 and 0.000189608 for the integral and error estimates.
StringForm[From `1`:, Parallel`Kernels`kernel[Parallel`Kernels`Private`bk[SubKernels`LocalKernels`localKernel[SubKernels`LocalKernels`Private`lk[LinkObject[/usr/local/Wolfram/Mathematica/12.0/Executables/wolfram -subkernel -noinit -nopaclet -wstp, 214, 1], {/usr/local/Wolfram/Mathematica/12.0/Executables/wolfram -subkernel -noinit -nopaclet -wstp}, SubKernels`LocalKernels`Private`speed$55076, SubKernels`LocalKernels`Private`preemptive$55076]], Parallel`Kernels`Private`id$55083, Parallel`Kernels`Private`name$55083], Parallel`Kernels`Private`ek[Parallel`Kernels`Private`nev$55084, Parallel`Kernels`Private`pb$55084, Parallel`Kernels`Private`rd$55084], Parallel`Kernels`Private`sk[Parallel`Kernels`Private`q$55085, Parallel`Kernels`Private`n0$55085, Parallel`Kernels`Private`n1$55085]]]
NIntegrate::ncvb: NIntegrate failed to converge to prescribed accuracy after 2 recursive bisections in yD near {xD, yD} = {0.0347077, -0.014338}. NIntegrate obtained 0.0461 and 0.000248718 for the integral and error estimates.
StringForm[From `1`:, Parallel`Kernels`kernel[Parallel`Kernels`Private`bk[SubKernels`LocalKernels`localKernel[SubKernels`LocalKernels`Private`lk[LinkObject[/usr/local/Wolfram/Mathematica/12.0/Executables/wolfram -subkernel -noinit -nopaclet -wstp, 217, 4], {/usr/local/Wolfram/Mathematica/12.0/Executables/wolfram -subkernel -noinit -nopaclet -wstp}, SubKernels`LocalKernels`Private`speed$55079, SubKernels`LocalKernels`Private`preemptive$55079]], Parallel`Kernels`Private`id$55095, Parallel`Kernels`Private`name$55095], Parallel`Kernels`Private`ek[Parallel`Kernels`Private`nev$55096, Parallel`Kernels`Private`pb$55096, Parallel`Kernels`Private`rd$55096], Parallel`Kernels`Private`sk[Parallel`Kernels`Private`q$55097, Parallel`Kernels`Private`n0$55097, Parallel`Kernels`Private`n1$55097]]]
NIntegrate::ncvb: NIntegrate failed to converge to prescribed accuracy after 2 recursive bisections in yD near {xD, yD} = {0.0347077, 0.022255}. NIntegrate obtained 0.0069619 and 0.0000913809 for the integral and error estimates.
StringForm[From `1`:, Parallel`Kernels`kernel[Parallel`Kernels`Private`bk[SubKernels`LocalKernels`localKernel[SubKernels`LocalKernels`Private`lk[LinkObject[/usr/local/Wolfram/Mathematica/12.0/Executables/wolfram -subkernel -noinit -nopaclet -wstp, 216, 3], {/usr/local/Wolfram/Mathematica/12.0/Executables/wolfram -subkernel -noinit -nopaclet -wstp}, SubKernels`LocalKernels`Private`speed$55078, SubKernels`LocalKernels`Private`preemptive$55078]], Parallel`Kernels`Private`id$55091, Parallel`Kernels`Private`name$55091], Parallel`Kernels`Private`ek[Parallel`Kernels`Private`nev$55092, Parallel`Kernels`Private`pb$55092, Parallel`Kernels`Private`rd$55092], Parallel`Kernels`Private`sk[Parallel`Kernels`Private`q$55093, Parallel`Kernels`Private`n0$55093, Parallel`Kernels`Private`n1$55093]]]
NIntegrate::ncvb: NIntegrate failed to converge to prescribed accuracy after 2 recursive bisections in yD near {xD, yD} = {0.0365827, -0.014338}. NIntegrate obtained 0.0695035 and 0.000266869 for the integral and error estimates.
StringForm[From `1`:, Parallel`Kernels`kernel[Parallel`Kernels`Private`bk[SubKernels`LocalKernels`localKernel[SubKernels`LocalKernels`Private`lk[LinkObject[/usr/local/Wolfram/Mathematica/12.0/Executables/wolfram -subkernel -noinit -nopaclet -wstp, 214, 1], {/usr/local/Wolfram/Mathematica/12.0/Executables/wolfram -subkernel -noinit -nopaclet -wstp}, SubKernels`LocalKernels`Private`speed$55076, SubKernels`LocalKernels`Private`preemptive$55076]], Parallel`Kernels`Private`id$55083, Parallel`Kernels`Private`name$55083], Parallel`Kernels`Private`ek[Parallel`Kernels`Private`nev$55084, Parallel`Kernels`Private`pb$55084, Parallel`Kernels`Private`rd$55084], Parallel`Kernels`Private`sk[Parallel`Kernels`Private`q$55085, Parallel`Kernels`Private`n0$55085, Parallel`Kernels`Private`n1$55085]]]
NIntegrate::ncvb: NIntegrate failed to converge to prescribed accuracy after 2 recursive bisections in yD near {xD, yD} = {0.0365827, 0.022255}. NIntegrate obtained 0.0118242 and 0.0000480247 for the integral and error estimates.
a = -1055e-4
Time consumption: 6.338838822777777
MaxMemUse :144.4429473876953 MB
Configured Kernels: {SubKernels`LocalKernels`LocalMachine[6, SubKernels`LocalKernels`LowerPriority -> True]}
Processor Count: 6
Modules loaded ...
4 Kernels launched ...
Run started at Fri 30 Apr 2021 23:15:26, Bins: {99, 106}
StringForm[From `1`:, Parallel`Kernels`kernel[Parallel`Kernels`Private`bk[SubKernels`LocalKernels`localKernel[SubKernels`LocalKernels`Private`lk[LinkObject[/usr/local/Wolfram/Mathematica/12.0/Executables/wolfram -subkernel -noinit -nopaclet -wstp, 215, 2], {/usr/local/Wolfram/Mathematica/12.0/Executables/wolfram -subkernel -noinit -nopaclet -wstp}, SubKernels`LocalKernels`Private`speed$55077, SubKernels`LocalKernels`Private`preemptive$55077]], Parallel`Kernels`Private`id$55087, Parallel`Kernels`Private`name$55087], Parallel`Kernels`Private`ek[Parallel`Kernels`Private`nev$55088, Parallel`Kernels`Private`pb$55088, Parallel`Kernels`Private`rd$55088], Parallel`Kernels`Private`sk[Parallel`Kernels`Private`q$55089, Parallel`Kernels`Private`n0$55089, Parallel`Kernels`Private`n1$55089]]]
                                                                                                                                                                                                -6
NIntegrate::ncvb: NIntegrate failed to converge to prescribed accuracy after 2 recursive bisections in yD near {xD, yD} = {0.0384577, -0.019111}. NIntegrate obtained 0.000644008 and 8.13011 10   for the integral and error estimates.
StringForm[From `1`:, Parallel`Kernels`kernel[Parallel`Kernels`Private`bk[SubKernels`LocalKernels`localKernel[SubKernels`LocalKernels`Private`lk[LinkObject[/usr/local/Wolfram/Mathematica/12.0/Executables/wolfram -subkernel -noinit -nopaclet -wstp, 214, 1], {/usr/local/Wolfram/Mathematica/12.0/Executables/wolfram -subkernel -noinit -nopaclet -wstp}, SubKernels`LocalKernels`Private`speed$55076, SubKernels`LocalKernels`Private`preemptive$55076]], Parallel`Kernels`Private`id$55083, Parallel`Kernels`Private`name$55083], Parallel`Kernels`Private`ek[Parallel`Kernels`Private`nev$55084, Parallel`Kernels`Private`pb$55084, Parallel`Kernels`Private`rd$55084], Parallel`Kernels`Private`sk[Parallel`Kernels`Private`q$55085, Parallel`Kernels`Private`n0$55085, Parallel`Kernels`Private`n1$55085]]]
NIntegrate::ncvb: NIntegrate failed to converge to prescribed accuracy after 2 recursive bisections in yD near {xD, yD} = {0.0384577, -0.014338}. NIntegrate obtained 0.0863244 and 0.000240664 for the integral and error estimates.
a = -1055e-4
Time consumption: 1.982103135
MaxMemUse :144.46312713623047 MB
Configured Kernels: {SubKernels`LocalKernels`LocalMachine[6, SubKernels`LocalKernels`LowerPriority -> True]}
Processor Count: 6
Modules loaded ...
4 Kernels launched ...
Run started at Sat 1 May 2021 01:14:22, Bins: {107, 122}
StringForm[From `1`:, Parallel`Kernels`kernel[Parallel`Kernels`Private`bk[SubKernels`LocalKernels`localKernel[SubKernels`LocalKernels`Private`lk[LinkObject[/usr/local/Wolfram/Mathematica/12.0/Executables/wolfram -subkernel -noinit -nopaclet -wstp, 215, 2], {/usr/local/Wolfram/Mathematica/12.0/Executables/wolfram -subkernel -noinit -nopaclet -wstp}, SubKernels`LocalKernels`Private`speed$55127, SubKernels`LocalKernels`Private`preemptive$55127]], Parallel`Kernels`Private`id$55137, Parallel`Kernels`Private`name$55137], Parallel`Kernels`Private`ek[Parallel`Kernels`Private`nev$55138, Parallel`Kernels`Private`pb$55138, Parallel`Kernels`Private`rd$55138], Parallel`Kernels`Private`sk[Parallel`Kernels`Private`q$55139, Parallel`Kernels`Private`n0$55139, Parallel`Kernels`Private`n1$55139]]]
                                                                                                                                                                                                -6
NIntegrate::ncvb: NIntegrate failed to converge to prescribed accuracy after 2 recursive bisections in yD near {xD, yD} = {0.0403327, -0.019111}. NIntegrate obtained 0.000818431 and 9.71119 10   for the integral and error estimates.
StringForm[From `1`:, Parallel`Kernels`kernel[Parallel`Kernels`Private`bk[SubKernels`LocalKernels`localKernel[SubKernels`LocalKernels`Private`lk[LinkObject[/usr/local/Wolfram/Mathematica/12.0/Executables/wolfram -subkernel -noinit -nopaclet -wstp, 216, 3], {/usr/local/Wolfram/Mathematica/12.0/Executables/wolfram -subkernel -noinit -nopaclet -wstp}, SubKernels`LocalKernels`Private`speed$55128, SubKernels`LocalKernels`Private`preemptive$55128]], Parallel`Kernels`Private`id$55141, Parallel`Kernels`Private`name$55141], Parallel`Kernels`Private`ek[Parallel`Kernels`Private`nev$55142, Parallel`Kernels`Private`pb$55142, Parallel`Kernels`Private`rd$55142], Parallel`Kernels`Private`sk[Parallel`Kernels`Private`q$55143, Parallel`Kernels`Private`n0$55143, Parallel`Kernels`Private`n1$55143]]]
NIntegrate::ncvb: NIntegrate failed to converge to prescribed accuracy after 3 recursive bisections in yD near {xD, yD} = {0.0384577, 0.0215835}. NIntegrate obtained 0.0160054 and 0.0000315956 for the integral and error estimates.
StringForm[From `1`:, Parallel`Kernels`kernel[Parallel`Kernels`Private`bk[SubKernels`LocalKernels`localKernel[SubKernels`LocalKernels`Private`lk[LinkObject[/usr/local/Wolfram/Mathematica/12.0/Executables/wolfram -subkernel -noinit -nopaclet -wstp, 217, 4], {/usr/local/Wolfram/Mathematica/12.0/Executables/wolfram -subkernel -noinit -nopaclet -wstp}, SubKernels`LocalKernels`Private`speed$55129, SubKernels`LocalKernels`Private`preemptive$55129]], Parallel`Kernels`Private`id$55145, Parallel`Kernels`Private`name$55145], Parallel`Kernels`Private`ek[Parallel`Kernels`Private`nev$55146, Parallel`Kernels`Private`pb$55146, Parallel`Kernels`Private`rd$55146], Parallel`Kernels`Private`sk[Parallel`Kernels`Private`q$55147, Parallel`Kernels`Private`n0$55147, Parallel`Kernels`Private`n1$55147]]]
NIntegrate::ncvb: NIntegrate failed to converge to prescribed accuracy after 2 recursive bisections in yD near {xD, yD} = {0.0403327, 0.022255}. NIntegrate obtained 0.0179078 and 0.000105402 for the integral and error estimates.
a = -1055e-4
Time consumption: 2.844164071111111
MaxMemUse :144.4758529663086 MB
Configured Kernels: {SubKernels`LocalKernels`LocalMachine[6, SubKernels`LocalKernels`LowerPriority -> True]}
Processor Count: 6
Modules loaded ...
4 Kernels launched ...
Run started at Sat 1 May 2021 04:05:02, Bins: {123, 138}
StringForm[From `1`:, Parallel`Kernels`kernel[Parallel`Kernels`Private`bk[SubKernels`LocalKernels`localKernel[SubKernels`LocalKernels`Private`lk[LinkObject[/usr/local/Wolfram/Mathematica/12.0/Executables/wolfram -subkernel -noinit -nopaclet -wstp, 217, 4], {/usr/local/Wolfram/Mathematica/12.0/Executables/wolfram -subkernel -noinit -nopaclet -wstp}, SubKernels`LocalKernels`Private`speed$55187, SubKernels`LocalKernels`Private`preemptive$55187]], Parallel`Kernels`Private`id$55203, Parallel`Kernels`Private`name$55203], Parallel`Kernels`Private`ek[Parallel`Kernels`Private`nev$55204, Parallel`Kernels`Private`pb$55204, Parallel`Kernels`Private`rd$55204], Parallel`Kernels`Private`sk[Parallel`Kernels`Private`q$55205, Parallel`Kernels`Private`n0$55205, Parallel`Kernels`Private`n1$55205]]]
                                                                                                                                                                                                -6
NIntegrate::ncvb: NIntegrate failed to converge to prescribed accuracy after 2 recursive bisections in yD near {xD, yD} = {0.0422077, -0.019111}. NIntegrate obtained 0.000872398 and 8.67694 10   for the integral and error estimates.
StringForm[From `1`:, Parallel`Kernels`kernel[Parallel`Kernels`Private`bk[SubKernels`LocalKernels`localKernel[SubKernels`LocalKernels`Private`lk[LinkObject[/usr/local/Wolfram/Mathematica/12.0/Executables/wolfram -subkernel -noinit -nopaclet -wstp, 217, 4], {/usr/local/Wolfram/Mathematica/12.0/Executables/wolfram -subkernel -noinit -nopaclet -wstp}, SubKernels`LocalKernels`Private`speed$55187, SubKernels`LocalKernels`Private`preemptive$55187]], Parallel`Kernels`Private`id$55203, Parallel`Kernels`Private`name$55203], Parallel`Kernels`Private`ek[Parallel`Kernels`Private`nev$55204, Parallel`Kernels`Private`pb$55204, Parallel`Kernels`Private`rd$55204], Parallel`Kernels`Private`sk[Parallel`Kernels`Private`q$55205, Parallel`Kernels`Private`n0$55205, Parallel`Kernels`Private`n1$55205]]]
                                                                                                                                                                                                -6
NIntegrate::ncvb: NIntegrate failed to converge to prescribed accuracy after 2 recursive bisections in yD near {xD, yD} = {0.0440827, -0.019111}. NIntegrate obtained 0.000845292 and 7.39064 10   for the integral and error estimates.
StringForm[From `1`:, Parallel`Kernels`kernel[Parallel`Kernels`Private`bk[SubKernels`LocalKernels`localKernel[SubKernels`LocalKernels`Private`lk[LinkObject[/usr/local/Wolfram/Mathematica/12.0/Executables/wolfram -subkernel -noinit -nopaclet -wstp, 214, 1], {/usr/local/Wolfram/Mathematica/12.0/Executables/wolfram -subkernel -noinit -nopaclet -wstp}, SubKernels`LocalKernels`Private`speed$55184, SubKernels`LocalKernels`Private`preemptive$55184]], Parallel`Kernels`Private`id$55191, Parallel`Kernels`Private`name$55191], Parallel`Kernels`Private`ek[Parallel`Kernels`Private`nev$55192, Parallel`Kernels`Private`pb$55192, Parallel`Kernels`Private`rd$55192], Parallel`Kernels`Private`sk[Parallel`Kernels`Private`q$55193, Parallel`Kernels`Private`n0$55193, Parallel`Kernels`Private`n1$55193]]]
NIntegrate::ncvb: NIntegrate failed to converge to prescribed accuracy after 2 recursive bisections in yD near {xD, yD} = {0.0422077, 0.022255}. NIntegrate obtained 0.0173698 and 0.000256632 for the integral and error estimates.
StringForm[From `1`:, Parallel`Kernels`kernel[Parallel`Kernels`Private`bk[SubKernels`LocalKernels`localKernel[SubKernels`LocalKernels`Private`lk[LinkObject[/usr/local/Wolfram/Mathematica/12.0/Executables/wolfram -subkernel -noinit -nopaclet -wstp, 215, 2], {/usr/local/Wolfram/Mathematica/12.0/Executables/wolfram -subkernel -noinit -nopaclet -wstp}, SubKernels`LocalKernels`Private`speed$55185, SubKernels`LocalKernels`Private`preemptive$55185]], Parallel`Kernels`Private`id$55195, Parallel`Kernels`Private`name$55195], Parallel`Kernels`Private`ek[Parallel`Kernels`Private`nev$55196, Parallel`Kernels`Private`pb$55196, Parallel`Kernels`Private`rd$55196], Parallel`Kernels`Private`sk[Parallel`Kernels`Private`q$55197, Parallel`Kernels`Private`n0$55197, Parallel`Kernels`Private`n1$55197]]]
NIntegrate::ncvb: NIntegrate failed to converge to prescribed accuracy after 2 recursive bisections in yD near {xD, yD} = {0.0440827, -0.014338}. NIntegrate obtained 0.0628277 and 0.000144577 for the integral and error estimates.
a = -1055e-4
Time consumption: 3.3738997691666666
MaxMemUse :144.4683837890625 MB
Configured Kernels: {SubKernels`LocalKernels`LocalMachine[6, SubKernels`LocalKernels`LowerPriority -> True]}
Processor Count: 6
Modules loaded ...
4 Kernels launched ...
Run started at Sat 1 May 2021 07:27:28, Bins: {139, 154}
StringForm[From `1`:, Parallel`Kernels`kernel[Parallel`Kernels`Private`bk[SubKernels`LocalKernels`localKernel[SubKernels`LocalKernels`Private`lk[LinkObject[/usr/local/Wolfram/Mathematica/12.0/Executables/wolfram -subkernel -noinit -nopaclet -wstp, 214, 1], {/usr/local/Wolfram/Mathematica/12.0/Executables/wolfram -subkernel -noinit -nopaclet -wstp}, SubKernels`LocalKernels`Private`speed$55148, SubKernels`LocalKernels`Private`preemptive$55148]], Parallel`Kernels`Private`id$55155, Parallel`Kernels`Private`name$55155], Parallel`Kernels`Private`ek[Parallel`Kernels`Private`nev$55156, Parallel`Kernels`Private`pb$55156, Parallel`Kernels`Private`rd$55156], Parallel`Kernels`Private`sk[Parallel`Kernels`Private`q$55157, Parallel`Kernels`Private`n0$55157, Parallel`Kernels`Private`n1$55157]]]
                                                                                                                                                                                                -6
NIntegrate::ncvb: NIntegrate failed to converge to prescribed accuracy after 2 recursive bisections in yD near {xD, yD} = {0.0459577, -0.019111}. NIntegrate obtained 0.000667124 and 6.93511 10   for the integral and error estimates.
StringForm[From `1`:, Parallel`Kernels`kernel[Parallel`Kernels`Private`bk[SubKernels`LocalKernels`localKernel[SubKernels`LocalKernels`Private`lk[LinkObject[/usr/local/Wolfram/Mathematica/12.0/Executables/wolfram -subkernel -noinit -nopaclet -wstp, 215, 2], {/usr/local/Wolfram/Mathematica/12.0/Executables/wolfram -subkernel -noinit -nopaclet -wstp}, SubKernels`LocalKernels`Private`speed$55149, SubKernels`LocalKernels`Private`preemptive$55149]], Parallel`Kernels`Private`id$55159, Parallel`Kernels`Private`name$55159], Parallel`Kernels`Private`ek[Parallel`Kernels`Private`nev$55160, Parallel`Kernels`Private`pb$55160, Parallel`Kernels`Private`rd$55160], Parallel`Kernels`Private`sk[Parallel`Kernels`Private`q$55161, Parallel`Kernels`Private`n0$55161, Parallel`Kernels`Private`n1$55161]]]
NIntegrate::ncvb: NIntegrate failed to converge to prescribed accuracy after 2 recursive bisections in yD near {xD, yD} = {0.0440827, 0.022255}. NIntegrate obtained 0.0146189 and 0.000230241 for the integral and error estimates.
StringForm[From `1`:, Parallel`Kernels`kernel[Parallel`Kernels`Private`bk[SubKernels`LocalKernels`localKernel[SubKernels`LocalKernels`Private`lk[LinkObject[/usr/local/Wolfram/Mathematica/12.0/Executables/wolfram -subkernel -noinit -nopaclet -wstp, 217, 4], {/usr/local/Wolfram/Mathematica/12.0/Executables/wolfram -subkernel -noinit -nopaclet -wstp}, SubKernels`LocalKernels`Private`speed$55151, SubKernels`LocalKernels`Private`preemptive$55151]], Parallel`Kernels`Private`id$55167, Parallel`Kernels`Private`name$55167], Parallel`Kernels`Private`ek[Parallel`Kernels`Private`nev$55168, Parallel`Kernels`Private`pb$55168, Parallel`Kernels`Private`rd$55168], Parallel`Kernels`Private`sk[Parallel`Kernels`Private`q$55169, Parallel`Kernels`Private`n0$55169, Parallel`Kernels`Private`n1$55169]]]
NIntegrate::ncvb: NIntegrate failed to converge to prescribed accuracy after 2 recursive bisections in yD near {xD, yD} = {0.0459577, -0.014338}. NIntegrate obtained 0.0393716 and 0.0000866006 for the integral and error estimates.
StringForm[From `1`:, Parallel`Kernels`kernel[Parallel`Kernels`Private`bk[SubKernels`LocalKernels`localKernel[SubKernels`LocalKernels`Private`lk[LinkObject[/usr/local/Wolfram/Mathematica/12.0/Executables/wolfram -subkernel -noinit -nopaclet -wstp, 216, 3], {/usr/local/Wolfram/Mathematica/12.0/Executables/wolfram -subkernel -noinit -nopaclet -wstp}, SubKernels`LocalKernels`Private`speed$55150, SubKernels`LocalKernels`Private`preemptive$55150]], Parallel`Kernels`Private`id$55163, Parallel`Kernels`Private`name$55163], Parallel`Kernels`Private`ek[Parallel`Kernels`Private`nev$55164, Parallel`Kernels`Private`pb$55164, Parallel`Kernels`Private`rd$55164], Parallel`Kernels`Private`sk[Parallel`Kernels`Private`q$55165, Parallel`Kernels`Private`n0$55165, Parallel`Kernels`Private`n1$55165]]]
NIntegrate::ncvb: NIntegrate failed to converge to prescribed accuracy after 2 recursive bisections in yD near {xD, yD} = {0.0459577, 0.022255}. NIntegrate obtained 0.0101113 and 0.000111887 for the integral and error estimates.
a = -1055e-4
Time consumption: 3.24089261
MaxMemUse :144.47439575195312 MB
Configured Kernels: {SubKernels`LocalKernels`LocalMachine[6, SubKernels`LocalKernels`LowerPriority -> True]}
Processor Count: 6
Modules loaded ...
4 Kernels launched ...
Run started at Sat 1 May 2021 10:41:55, Bins: {155, 178}
StringForm[From `1`:, Parallel`Kernels`kernel[Parallel`Kernels`Private`bk[SubKernels`LocalKernels`localKernel[SubKernels`LocalKernels`Private`lk[LinkObject[/usr/local/Wolfram/Mathematica/12.0/Executables/wolfram -subkernel -noinit -nopaclet -wstp, 216, 3], {/usr/local/Wolfram/Mathematica/12.0/Executables/wolfram -subkernel -noinit -nopaclet -wstp}, SubKernels`LocalKernels`Private`speed$55162, SubKernels`LocalKernels`Private`preemptive$55162]], Parallel`Kernels`Private`id$55175, Parallel`Kernels`Private`name$55175], Parallel`Kernels`Private`ek[Parallel`Kernels`Private`nev$55176, Parallel`Kernels`Private`pb$55176, Parallel`Kernels`Private`rd$55176], Parallel`Kernels`Private`sk[Parallel`Kernels`Private`q$55177, Parallel`Kernels`Private`n0$55177, Parallel`Kernels`Private`n1$55177]]]
NIntegrate::ncvb: NIntegrate failed to converge to prescribed accuracy after 2 recursive bisections in yD near {xD, yD} = {0.0479789, -0.01752}. NIntegrate obtained 0.000346865 and 0.0000106607 for the integral and error estimates.
StringForm[From `1`:, Parallel`Kernels`kernel[Parallel`Kernels`Private`bk[SubKernels`LocalKernels`localKernel[SubKernels`LocalKernels`Private`lk[LinkObject[/usr/local/Wolfram/Mathematica/12.0/Executables/wolfram -subkernel -noinit -nopaclet -wstp, 215, 2], {/usr/local/Wolfram/Mathematica/12.0/Executables/wolfram -subkernel -noinit -nopaclet -wstp}, SubKernels`LocalKernels`Private`speed$55161, SubKernels`LocalKernels`Private`preemptive$55161]], Parallel`Kernels`Private`id$55171, Parallel`Kernels`Private`name$55171], Parallel`Kernels`Private`ek[Parallel`Kernels`Private`nev$55172, Parallel`Kernels`Private`pb$55172, Parallel`Kernels`Private`rd$55172], Parallel`Kernels`Private`sk[Parallel`Kernels`Private`q$55173, Parallel`Kernels`Private`n0$55173, Parallel`Kernels`Private`n1$55173]]]
NIntegrate::ncvb: NIntegrate failed to converge to prescribed accuracy after 2 recursive bisections in yD near {xD, yD} = {0.0497077, -0.01752}. NIntegrate obtained 0.00007596 and 0.000034663 for the integral and error estimates.
StringForm[From `1`:, Parallel`Kernels`kernel[Parallel`Kernels`Private`bk[SubKernels`LocalKernels`localKernel[SubKernels`LocalKernels`Private`lk[LinkObject[/usr/local/Wolfram/Mathematica/12.0/Executables/wolfram -subkernel -noinit -nopaclet -wstp, 214, 1], {/usr/local/Wolfram/Mathematica/12.0/Executables/wolfram -subkernel -noinit -nopaclet -wstp}, SubKernels`LocalKernels`Private`speed$55160, SubKernels`LocalKernels`Private`preemptive$55160]], Parallel`Kernels`Private`id$55167, Parallel`Kernels`Private`name$55167], Parallel`Kernels`Private`ek[Parallel`Kernels`Private`nev$55168, Parallel`Kernels`Private`pb$55168, Parallel`Kernels`Private`rd$55168], Parallel`Kernels`Private`sk[Parallel`Kernels`Private`q$55169, Parallel`Kernels`Private`n0$55169, Parallel`Kernels`Private`n1$55169]]]
                                                                                                                                                                                             -6
NIntegrate::ncvb: NIntegrate failed to converge to prescribed accuracy after 2 recursive bisections in yD near {xD, yD} = {0.0478327, 0.023846}. NIntegrate obtained 0.0054082 and 9.03436 10   for the integral and error estimates.
StringForm[From `1`:, Parallel`Kernels`kernel[Parallel`Kernels`Private`bk[SubKernels`LocalKernels`localKernel[SubKernels`LocalKernels`Private`lk[LinkObject[/usr/local/Wolfram/Mathematica/12.0/Executables/wolfram -subkernel -noinit -nopaclet -wstp, 216, 3], {/usr/local/Wolfram/Mathematica/12.0/Executables/wolfram -subkernel -noinit -nopaclet -wstp}, SubKernels`LocalKernels`Private`speed$55162, SubKernels`LocalKernels`Private`preemptive$55162]], Parallel`Kernels`Private`id$55175, Parallel`Kernels`Private`name$55175], Parallel`Kernels`Private`ek[Parallel`Kernels`Private`nev$55176, Parallel`Kernels`Private`pb$55176, Parallel`Kernels`Private`rd$55176], Parallel`Kernels`Private`sk[Parallel`Kernels`Private`q$55177, Parallel`Kernels`Private`n0$55177, Parallel`Kernels`Private`n1$55177]]]
NIntegrate::ncvb: NIntegrate failed to converge to prescribed accuracy after 2 recursive bisections in yD near {xD, yD} = {0.0478327, 0.019073}. NIntegrate obtained 0.0341878 and 0.000187492 for the integral and error estimates.
StringForm[From `1`:, Parallel`Kernels`kernel[Parallel`Kernels`Private`bk[SubKernels`LocalKernels`localKernel[SubKernels`LocalKernels`Private`lk[LinkObject[/usr/local/Wolfram/Mathematica/12.0/Executables/wolfram -subkernel -noinit -nopaclet -wstp, 214, 1], {/usr/local/Wolfram/Mathematica/12.0/Executables/wolfram -subkernel -noinit -nopaclet -wstp}, SubKernels`LocalKernels`Private`speed$55160, SubKernels`LocalKernels`Private`preemptive$55160]], Parallel`Kernels`Private`id$55167, Parallel`Kernels`Private`name$55167], Parallel`Kernels`Private`ek[Parallel`Kernels`Private`nev$55168, Parallel`Kernels`Private`pb$55168, Parallel`Kernels`Private`rd$55168], Parallel`Kernels`Private`sk[Parallel`Kernels`Private`q$55169, Parallel`Kernels`Private`n0$55169, Parallel`Kernels`Private`n1$55169]]]
                                                                                                                                                                               -6               -6
NIntegrate::ncvb: NIntegrate failed to converge to prescribed accuracy after 2 recursive bisections in yD near {xD, yD} = {0.0515827, -0.01752}. NIntegrate obtained 2.95901 10   and 2.20318 10   for the integral and error estimates.
StringForm[From `1`:, Parallel`Kernels`kernel[Parallel`Kernels`Private`bk[SubKernels`LocalKernels`localKernel[SubKernels`LocalKernels`Private`lk[LinkObject[/usr/local/Wolfram/Mathematica/12.0/Executables/wolfram -subkernel -noinit -nopaclet -wstp, 216, 3], {/usr/local/Wolfram/Mathematica/12.0/Executables/wolfram -subkernel -noinit -nopaclet -wstp}, SubKernels`LocalKernels`Private`speed$55162, SubKernels`LocalKernels`Private`preemptive$55162]], Parallel`Kernels`Private`id$55175, Parallel`Kernels`Private`name$55175], Parallel`Kernels`Private`ek[Parallel`Kernels`Private`nev$55176, Parallel`Kernels`Private`pb$55176, Parallel`Kernels`Private`rd$55176], Parallel`Kernels`Private`sk[Parallel`Kernels`Private`q$55177, Parallel`Kernels`Private`n0$55177, Parallel`Kernels`Private`n1$55177]]]
NIntegrate::ncvb: NIntegrate failed to converge to prescribed accuracy after 2 recursive bisections in yD near {xD, yD} = {0.0497077, 0.025437}. NIntegrate obtained 0.00198689 and 0.0000341386 for the integral and error estimates.
StringForm[From `1`:, Parallel`Kernels`kernel[Parallel`Kernels`Private`bk[SubKernels`LocalKernels`localKernel[SubKernels`LocalKernels`Private`lk[LinkObject[/usr/local/Wolfram/Mathematica/12.0/Executables/wolfram -subkernel -noinit -nopaclet -wstp, 215, 2], {/usr/local/Wolfram/Mathematica/12.0/Executables/wolfram -subkernel -noinit -nopaclet -wstp}, SubKernels`LocalKernels`Private`speed$55161, SubKernels`LocalKernels`Private`preemptive$55161]], Parallel`Kernels`Private`id$55171, Parallel`Kernels`Private`name$55171], Parallel`Kernels`Private`ek[Parallel`Kernels`Private`nev$55172, Parallel`Kernels`Private`pb$55172, Parallel`Kernels`Private`rd$55172], Parallel`Kernels`Private`sk[Parallel`Kernels`Private`q$55173, Parallel`Kernels`Private`n0$55173, Parallel`Kernels`Private`n1$55173]]]
NIntegrate::ncvb: NIntegrate failed to converge to prescribed accuracy after 2 recursive bisections in yD near {xD, yD} = {0.0489164, -0.014338}. NIntegrate obtained 0.00552441 and 0.0000130052 for the integral and error estimates.
a = -1055e-4
Time consumption: 4.8963851669444445
MaxMemUse :144.47816467285156 MB
Configured Kernels: {SubKernels`LocalKernels`LocalMachine[6, SubKernels`LocalKernels`LowerPriority -> True]}
Processor Count: 6
Modules loaded ...
4 Kernels launched ...
Run started at Sat 1 May 2021 15:35:43, Bins: {179, 264}
StringForm[From `1`:, Parallel`Kernels`kernel[Parallel`Kernels`Private`bk[SubKernels`LocalKernels`localKernel[SubKernels`LocalKernels`Private`lk[LinkObject[/usr/local/Wolfram/Mathematica/12.0/Executables/wolfram -subkernel -noinit -nopaclet -wstp, 217, 4], {/usr/local/Wolfram/Mathematica/12.0/Executables/wolfram -subkernel -noinit -nopaclet -wstp}, SubKernels`LocalKernels`Private`speed$55151, SubKernels`LocalKernels`Private`preemptive$55151]], Parallel`Kernels`Private`id$55167, Parallel`Kernels`Private`name$55167], Parallel`Kernels`Private`ek[Parallel`Kernels`Private`nev$55168, Parallel`Kernels`Private`pb$55168, Parallel`Kernels`Private`rd$55168], Parallel`Kernels`Private`sk[Parallel`Kernels`Private`q$55169, Parallel`Kernels`Private`n0$55169, Parallel`Kernels`Private`n1$55169]]]
                                                                                                                                                                                              -6
NIntegrate::ncvb: NIntegrate failed to converge to prescribed accuracy after 2 recursive bisections in yD near {xD, yD} = {0.0515827, -0.015929}. NIntegrate obtained 0.0012124 and 2.72921 10   for the integral and error estimates.
StringForm[From `1`:, Parallel`Kernels`kernel[Parallel`Kernels`Private`bk[SubKernels`LocalKernels`localKernel[SubKernels`LocalKernels`Private`lk[LinkObject[/usr/local/Wolfram/Mathematica/12.0/Executables/wolfram -subkernel -noinit -nopaclet -wstp, 214, 1], {/usr/local/Wolfram/Mathematica/12.0/Executables/wolfram -subkernel -noinit -nopaclet -wstp}, SubKernels`LocalKernels`Private`speed$55148, SubKernels`LocalKernels`Private`preemptive$55148]], Parallel`Kernels`Private`id$55155, Parallel`Kernels`Private`name$55155], Parallel`Kernels`Private`ek[Parallel`Kernels`Private`nev$55156, Parallel`Kernels`Private`pb$55156, Parallel`Kernels`Private`rd$55156], Parallel`Kernels`Private`sk[Parallel`Kernels`Private`q$55157, Parallel`Kernels`Private`n0$55157, Parallel`Kernels`Private`n1$55157]]]
                                                                                                                                                                                               -6
NIntegrate::ncvb: NIntegrate failed to converge to prescribed accuracy after 2 recursive bisections in xD near {xD, yD} = {0.0503957, 0.023598}. NIntegrate obtained 0.000474545 and 1.43252 10   for the integral and error estimates.
a = -1055e-4
Time consumption: 2.266747009722222
MaxMemUse :144.46959686279297 MB
