Configured Kernels: {SubKernels`LocalKernels`LocalMachine[4, SubKernels`LocalKernels`LowerPriority -> True]}
Processor Count: 4

Set::wrsym: Symbol pmax is Protected.
Modules loaded ...
3 Kernels launched ...
Run started at Sun 4 Oct 2020 15:07:59, Bins: {1, 98}
StringForm[From `1`:, Parallel`Kernels`kernel[Parallel`Kernels`Private`bk[SubKernels`LocalKernels`localKernel[SubKernels`LocalKernels`Private`lk[LinkObject[/usr/local/Wolfram/Mathematica/12.0/Executables/wolfram -subkernel -noinit -nopaclet -wstp, 209, 2], {/usr/local/Wolfram/Mathematica/12.0/Executables/wolfram -subkernel -noinit -nopaclet -wstp}, SubKernels`LocalKernels`Private`speed$32944, SubKernels`LocalKernels`Private`preemptive$32944]], Parallel`Kernels`Private`id$32953, Parallel`Kernels`Private`name$32953], Parallel`Kernels`Private`ek[Parallel`Kernels`Private`nev$32954, Parallel`Kernels`Private`pb$32954, Parallel`Kernels`Private`rd$32954], Parallel`Kernels`Private`sk[Parallel`Kernels`Private`q$32955, Parallel`Kernels`Private`n0$32955, Parallel`Kernels`Private`n1$32955]]]
                                                                                                                                                                                                 -6
NIntegrate::ncvb: NIntegrate failed to converge to prescribed accuracy after 2 recursive bisections in yD near {xD, yD} = {-0.0303897, 0.0396083}. NIntegrate obtained 0.000598934 and 2.04717 10   for the integral and error estimates.
StringForm[From `1`:, Parallel`Kernels`kernel[Parallel`Kernels`Private`bk[SubKernels`LocalKernels`localKernel[SubKernels`LocalKernels`Private`lk[LinkObject[/usr/local/Wolfram/Mathematica/12.0/Executables/wolfram -subkernel -noinit -nopaclet -wstp, 209, 2], {/usr/local/Wolfram/Mathematica/12.0/Executables/wolfram -subkernel -noinit -nopaclet -wstp}, SubKernels`LocalKernels`Private`speed$32944, SubKernels`LocalKernels`Private`preemptive$32944]], Parallel`Kernels`Private`id$32953, Parallel`Kernels`Private`name$32953], Parallel`Kernels`Private`ek[Parallel`Kernels`Private`nev$32954, Parallel`Kernels`Private`pb$32954, Parallel`Kernels`Private`rd$32954], Parallel`Kernels`Private`sk[Parallel`Kernels`Private`q$32955, Parallel`Kernels`Private`n0$32955, Parallel`Kernels`Private`n1$32955]]]
                                                                                                                                                                                                 -6
NIntegrate::ncvb: NIntegrate failed to converge to prescribed accuracy after 2 recursive bisections in yD near {xD, yD} = {-0.0257794, 0.0471083}. NIntegrate obtained 0.0000152622 and 5.8718 10   for the integral and error estimates.
StringForm[From `1`:, Parallel`Kernels`kernel[Parallel`Kernels`Private`bk[SubKernels`LocalKernels`localKernel[SubKernels`LocalKernels`Private`lk[LinkObject[/usr/local/Wolfram/Mathematica/12.0/Executables/wolfram -subkernel -noinit -nopaclet -wstp, 208, 1], {/usr/local/Wolfram/Mathematica/12.0/Executables/wolfram -subkernel -noinit -nopaclet -wstp}, SubKernels`LocalKernels`Private`speed$32943, SubKernels`LocalKernels`Private`preemptive$32943]], Parallel`Kernels`Private`id$32949, Parallel`Kernels`Private`name$32949], Parallel`Kernels`Private`ek[Parallel`Kernels`Private`nev$32950, Parallel`Kernels`Private`pb$32950, Parallel`Kernels`Private`rd$32950], Parallel`Kernels`Private`sk[Parallel`Kernels`Private`q$32951, Parallel`Kernels`Private`n0$32951, Parallel`Kernels`Private`n1$32951]]]
                                                                                                                                                                                                -6
NIntegrate::ncvb: NIntegrate failed to converge to prescribed accuracy after 2 recursive bisections in yD near {xD, yD} = {-0.0303897, -0.0153897}. NIntegrate obtained 0.00078619 and 2.2653 10   for the integral and error estimates.
StringForm[From `1`:, Parallel`Kernels`kernel[Parallel`Kernels`Private`bk[SubKernels`LocalKernels`localKernel[SubKernels`LocalKernels`Private`lk[LinkObject[/usr/local/Wolfram/Mathematica/12.0/Executables/wolfram -subkernel -noinit -nopaclet -wstp, 209, 2], {/usr/local/Wolfram/Mathematica/12.0/Executables/wolfram -subkernel -noinit -nopaclet -wstp}, SubKernels`LocalKernels`Private`speed$32944, SubKernels`LocalKernels`Private`preemptive$32944]], Parallel`Kernels`Private`id$32953, Parallel`Kernels`Private`name$32953], Parallel`Kernels`Private`ek[Parallel`Kernels`Private`nev$32954, Parallel`Kernels`Private`pb$32954, Parallel`Kernels`Private`rd$32954], Parallel`Kernels`Private`sk[Parallel`Kernels`Private`q$32955, Parallel`Kernels`Private`n0$32955, Parallel`Kernels`Private`n1$32955]]]
NIntegrate::ncvb: NIntegrate failed to converge to prescribed accuracy after 2 recursive bisections in yD near {xD, yD} = {-0.0257794, 0.0346083}. NIntegrate obtained 0.0066425 and 0.0000116003 for the integral and error estimates.
StringForm[From `1`:, Parallel`Kernels`kernel[Parallel`Kernels`Private`bk[SubKernels`LocalKernels`localKernel[SubKernels`LocalKernels`Private`lk[LinkObject[/usr/local/Wolfram/Mathematica/12.0/Executables/wolfram -subkernel -noinit -nopaclet -wstp, 208, 1], {/usr/local/Wolfram/Mathematica/12.0/Executables/wolfram -subkernel -noinit -nopaclet -wstp}, SubKernels`LocalKernels`Private`speed$32943, SubKernels`LocalKernels`Private`preemptive$32943]], Parallel`Kernels`Private`id$32949, Parallel`Kernels`Private`name$32949], Parallel`Kernels`Private`ek[Parallel`Kernels`Private`nev$32950, Parallel`Kernels`Private`pb$32950, Parallel`Kernels`Private`rd$32950], Parallel`Kernels`Private`sk[Parallel`Kernels`Private`q$32951, Parallel`Kernels`Private`n0$32951, Parallel`Kernels`Private`n1$32951]]]
                                                                                                                                                                                                   -6
NIntegrate::ncvb: NIntegrate failed to converge to prescribed accuracy after 2 recursive bisections in yD near {xD, yD} = {-0.0257794, -0.0253897}. NIntegrate obtained 0.0000876592 and 6.89196 10   for the integral and error estimates.
StringForm[From `1`:, Parallel`Kernels`kernel[Parallel`Kernels`Private`bk[SubKernels`LocalKernels`localKernel[SubKernels`LocalKernels`Private`lk[LinkObject[/usr/local/Wolfram/Mathematica/12.0/Executables/wolfram -subkernel -noinit -nopaclet -wstp, 209, 2], {/usr/local/Wolfram/Mathematica/12.0/Executables/wolfram -subkernel -noinit -nopaclet -wstp}, SubKernels`LocalKernels`Private`speed$32944, SubKernels`LocalKernels`Private`preemptive$32944]], Parallel`Kernels`Private`id$32953, Parallel`Kernels`Private`name$32953], Parallel`Kernels`Private`ek[Parallel`Kernels`Private`nev$32954, Parallel`Kernels`Private`pb$32954, Parallel`Kernels`Private`rd$32954], Parallel`Kernels`Private`sk[Parallel`Kernels`Private`q$32955, Parallel`Kernels`Private`n0$32955, Parallel`Kernels`Private`n1$32955]]]
                                                                                                                                                                                                -6
NIntegrate::ncvb: NIntegrate failed to converge to prescribed accuracy after 2 recursive bisections in xD near {xD, yD} = {-0.0251948, -0.0157794}. NIntegrate obtained 0.00176842 and 8.0608 10   for the integral and error estimates.
b = 0e-4
Time consumption: 14.747750116388888
MaxMemUse :142.35930633544922 MB
Configured Kernels: {SubKernels`LocalKernels`LocalMachine[4, SubKernels`LocalKernels`LowerPriority -> True]}
Processor Count: 4

Set::wrsym: Symbol pmax is Protected.
Modules loaded ...
3 Kernels launched ...
Run started at Mon 5 Oct 2020 05:52:55, Bins: {99, 106}
StringForm[From `1`:, Parallel`Kernels`kernel[Parallel`Kernels`Private`bk[SubKernels`LocalKernels`localKernel[SubKernels`LocalKernels`Private`lk[LinkObject[/usr/local/Wolfram/Mathematica/12.0/Executables/wolfram -subkernel -noinit -nopaclet -wstp, 208, 1], {/usr/local/Wolfram/Mathematica/12.0/Executables/wolfram -subkernel -noinit -nopaclet -wstp}, SubKernels`LocalKernels`Private`speed$57628, SubKernels`LocalKernels`Private`preemptive$57628]], Parallel`Kernels`Private`id$57634, Parallel`Kernels`Private`name$57634], Parallel`Kernels`Private`ek[Parallel`Kernels`Private`nev$57635, Parallel`Kernels`Private`pb$57635, Parallel`Kernels`Private`rd$57635], Parallel`Kernels`Private`sk[Parallel`Kernels`Private`q$57636, Parallel`Kernels`Private`n0$57636, Parallel`Kernels`Private`n1$57636]]]
NIntegrate::ncvb: NIntegrate failed to converge to prescribed accuracy after 2 recursive bisections in yD near {xD, yD} = {-0.0207794, 0.0446083}. NIntegrate obtained 0.00208835 and 0.0000142011 for the integral and error estimates.
b = 0e-4
Time consumption: 13.425863453055555
MaxMemUse :142.9260482788086 MB
Configured Kernels: {SubKernels`LocalKernels`LocalMachine[4, SubKernels`LocalKernels`LowerPriority -> True]}
Processor Count: 4

Set::wrsym: Symbol pmax is Protected.
Modules loaded ...
3 Kernels launched ...
Run started at Mon 5 Oct 2020 19:18:28, Bins: {107, 122}
StringForm[From `1`:, Parallel`Kernels`kernel[Parallel`Kernels`Private`bk[SubKernels`LocalKernels`localKernel[SubKernels`LocalKernels`Private`lk[LinkObject[/usr/local/Wolfram/Mathematica/12.0/Executables/wolfram -subkernel -noinit -nopaclet -wstp, 209, 2], {/usr/local/Wolfram/Mathematica/12.0/Executables/wolfram -subkernel -noinit -nopaclet -wstp}, SubKernels`LocalKernels`Private`speed$59580, SubKernels`LocalKernels`Private`preemptive$59580]], Parallel`Kernels`Private`id$59589, Parallel`Kernels`Private`name$59589], Parallel`Kernels`Private`ek[Parallel`Kernels`Private`nev$59590, Parallel`Kernels`Private`pb$59590, Parallel`Kernels`Private`rd$59590], Parallel`Kernels`Private`sk[Parallel`Kernels`Private`q$59591, Parallel`Kernels`Private`n0$59591, Parallel`Kernels`Private`n1$59591]]]
                                                                                                                                                                                                  -6
NIntegrate::ncvb: NIntegrate failed to converge to prescribed accuracy after 2 recursive bisections in yD near {xD, yD} = {-0.0228897, -0.0278897}. NIntegrate obtained 0.000141146 and 8.31602 10   for the integral and error estimates.
StringForm[From `1`:, Parallel`Kernels`kernel[Parallel`Kernels`Private`bk[SubKernels`LocalKernels`localKernel[SubKernels`LocalKernels`Private`lk[LinkObject[/usr/local/Wolfram/Mathematica/12.0/Executables/wolfram -subkernel -noinit -nopaclet -wstp, 210, 3], {/usr/local/Wolfram/Mathematica/12.0/Executables/wolfram -subkernel -noinit -nopaclet -wstp}, SubKernels`LocalKernels`Private`speed$59581, SubKernels`LocalKernels`Private`preemptive$59581]], Parallel`Kernels`Private`id$59593, Parallel`Kernels`Private`name$59593], Parallel`Kernels`Private`ek[Parallel`Kernels`Private`nev$59594, Parallel`Kernels`Private`pb$59594, Parallel`Kernels`Private`rd$59594], Parallel`Kernels`Private`sk[Parallel`Kernels`Private`q$59595, Parallel`Kernels`Private`n0$59595, Parallel`Kernels`Private`n1$59595]]]
NIntegrate::ncvb: NIntegrate failed to converge to prescribed accuracy after 2 recursive bisections in yD near {xD, yD} = {-0.0207794, -0.0203897}. NIntegrate obtained 0.00332487 and 0.0000137423 for the integral and error estimates.
StringForm[From `1`:, Parallel`Kernels`kernel[Parallel`Kernels`Private`bk[SubKernels`LocalKernels`localKernel[SubKernels`LocalKernels`Private`lk[LinkObject[/usr/local/Wolfram/Mathematica/12.0/Executables/wolfram -subkernel -noinit -nopaclet -wstp, 209, 2], {/usr/local/Wolfram/Mathematica/12.0/Executables/wolfram -subkernel -noinit -nopaclet -wstp}, SubKernels`LocalKernels`Private`speed$59580, SubKernels`LocalKernels`Private`preemptive$59580]], Parallel`Kernels`Private`id$59589, Parallel`Kernels`Private`name$59589], Parallel`Kernels`Private`ek[Parallel`Kernels`Private`nev$59590, Parallel`Kernels`Private`pb$59590, Parallel`Kernels`Private`rd$59590], Parallel`Kernels`Private`sk[Parallel`Kernels`Private`q$59591, Parallel`Kernels`Private`n0$59591, Parallel`Kernels`Private`n1$59591]]]
NIntegrate::ncvb: NIntegrate failed to converge to prescribed accuracy after 2 recursive bisections in yD near {xD, yD} = {-0.0157794, 0.0321083}. NIntegrate obtained 0.0210846 and 0.0000589067 for the integral and error estimates.
StringForm[From `1`:, Parallel`Kernels`kernel[Parallel`Kernels`Private`bk[SubKernels`LocalKernels`localKernel[SubKernels`LocalKernels`Private`lk[LinkObject[/usr/local/Wolfram/Mathematica/12.0/Executables/wolfram -subkernel -noinit -nopaclet -wstp, 208, 1], {/usr/local/Wolfram/Mathematica/12.0/Executables/wolfram -subkernel -noinit -nopaclet -wstp}, SubKernels`LocalKernels`Private`speed$59579, SubKernels`LocalKernels`Private`preemptive$59579]], Parallel`Kernels`Private`id$59585, Parallel`Kernels`Private`name$59585], Parallel`Kernels`Private`ek[Parallel`Kernels`Private`nev$59586, Parallel`Kernels`Private`pb$59586, Parallel`Kernels`Private`rd$59586], Parallel`Kernels`Private`sk[Parallel`Kernels`Private`q$59587, Parallel`Kernels`Private`n0$59587, Parallel`Kernels`Private`n1$59587]]]
NIntegrate::ncvb: NIntegrate failed to converge to prescribed accuracy after 2 recursive bisections in yD near {xD, yD} = {-0.0178897, 0.0396083}. NIntegrate obtained 0.00290669 and 0.000022388 for the integral and error estimates.
StringForm[From `1`:, Parallel`Kernels`kernel[Parallel`Kernels`Private`bk[SubKernels`LocalKernels`localKernel[SubKernels`LocalKernels`Private`lk[LinkObject[/usr/local/Wolfram/Mathematica/12.0/Executables/wolfram -subkernel -noinit -nopaclet -wstp, 208, 1], {/usr/local/Wolfram/Mathematica/12.0/Executables/wolfram -subkernel -noinit -nopaclet -wstp}, SubKernels`LocalKernels`Private`speed$59579, SubKernels`LocalKernels`Private`preemptive$59579]], Parallel`Kernels`Private`id$59585, Parallel`Kernels`Private`name$59585], Parallel`Kernels`Private`ek[Parallel`Kernels`Private`nev$59586, Parallel`Kernels`Private`pb$59586, Parallel`Kernels`Private`rd$59586], Parallel`Kernels`Private`sk[Parallel`Kernels`Private`q$59587, Parallel`Kernels`Private`n0$59587, Parallel`Kernels`Private`n1$59587]]]
NIntegrate::ncvb: NIntegrate failed to converge to prescribed accuracy after 2 recursive bisections in yD near {xD, yD} = {-0.0157794, -0.0253897}. NIntegrate obtained 0.0000887255 and 0.0000958814 for the integral and error estimates.
StringForm[From `1`:, Parallel`Kernels`kernel[Parallel`Kernels`Private`bk[SubKernels`LocalKernels`localKernel[SubKernels`LocalKernels`Private`lk[LinkObject[/usr/local/Wolfram/Mathematica/12.0/Executables/wolfram -subkernel -noinit -nopaclet -wstp, 210, 3], {/usr/local/Wolfram/Mathematica/12.0/Executables/wolfram -subkernel -noinit -nopaclet -wstp}, SubKernels`LocalKernels`Private`speed$59581, SubKernels`LocalKernels`Private`preemptive$59581]], Parallel`Kernels`Private`id$59593, Parallel`Kernels`Private`name$59593], Parallel`Kernels`Private`ek[Parallel`Kernels`Private`nev$59594, Parallel`Kernels`Private`pb$59594, Parallel`Kernels`Private`rd$59594], Parallel`Kernels`Private`sk[Parallel`Kernels`Private`q$59595, Parallel`Kernels`Private`n0$59595, Parallel`Kernels`Private`n1$59595]]]
NIntegrate::ncvb: NIntegrate failed to converge to prescribed accuracy after 2 recursive bisections in yD near {xD, yD} = {-0.0157794, -0.0203897}. NIntegrate obtained 0.00530675 and 0.0000164019 for the integral and error estimates.
b = 0e-4
Time consumption: 12.923722399166666
MaxMemUse :142.9792938232422 MB
Configured Kernels: {SubKernels`LocalKernels`LocalMachine[4, SubKernels`LocalKernels`LowerPriority -> True]}
Processor Count: 4

Set::wrsym: Symbol pmax is Protected.
Modules loaded ...
3 Kernels launched ...
Run started at Tue 6 Oct 2020 08:13:54, Bins: {123, 138}
StringForm[From `1`:, Parallel`Kernels`kernel[Parallel`Kernels`Private`bk[SubKernels`LocalKernels`localKernel[SubKernels`LocalKernels`Private`lk[LinkObject[/usr/local/Wolfram/Mathematica/12.0/Executables/wolfram -subkernel -noinit -nopaclet -wstp, 210, 3], {/usr/local/Wolfram/Mathematica/12.0/Executables/wolfram -subkernel -noinit -nopaclet -wstp}, SubKernels`LocalKernels`Private`speed$58717, SubKernels`LocalKernels`Private`preemptive$58717]], Parallel`Kernels`Private`id$58729, Parallel`Kernels`Private`name$58729], Parallel`Kernels`Private`ek[Parallel`Kernels`Private`nev$58730, Parallel`Kernels`Private`pb$58730, Parallel`Kernels`Private`rd$58730], Parallel`Kernels`Private`sk[Parallel`Kernels`Private`q$58731, Parallel`Kernels`Private`n0$58731, Parallel`Kernels`Private`n1$58731]]]
NIntegrate::ncvb: NIntegrate failed to converge to prescribed accuracy after 2 recursive bisections in yD near {xD, yD} = {-0.0107794, 0.0421083}. NIntegrate obtained 0.00338543 and 0.000250713 for the integral and error estimates.
StringForm[From `1`:, Parallel`Kernels`kernel[Parallel`Kernels`Private`bk[SubKernels`LocalKernels`localKernel[SubKernels`LocalKernels`Private`lk[LinkObject[/usr/local/Wolfram/Mathematica/12.0/Executables/wolfram -subkernel -noinit -nopaclet -wstp, 209, 2], {/usr/local/Wolfram/Mathematica/12.0/Executables/wolfram -subkernel -noinit -nopaclet -wstp}, SubKernels`LocalKernels`Private`speed$58716, SubKernels`LocalKernels`Private`preemptive$58716]], Parallel`Kernels`Private`id$58725, Parallel`Kernels`Private`name$58725], Parallel`Kernels`Private`ek[Parallel`Kernels`Private`nev$58726, Parallel`Kernels`Private`pb$58726, Parallel`Kernels`Private`rd$58726], Parallel`Kernels`Private`sk[Parallel`Kernels`Private`q$58727, Parallel`Kernels`Private`n0$58727, Parallel`Kernels`Private`n1$58727]]]
NIntegrate::ncvb: NIntegrate failed to converge to prescribed accuracy after 2 recursive bisections in yD near {xD, yD} = {-0.0107794, 0.0296083}. NIntegrate obtained 0.0304776 and 0.0000755695 for the integral and error estimates.
StringForm[From `1`:, Parallel`Kernels`kernel[Parallel`Kernels`Private`bk[SubKernels`LocalKernels`localKernel[SubKernels`LocalKernels`Private`lk[LinkObject[/usr/local/Wolfram/Mathematica/12.0/Executables/wolfram -subkernel -noinit -nopaclet -wstp, 210, 3], {/usr/local/Wolfram/Mathematica/12.0/Executables/wolfram -subkernel -noinit -nopaclet -wstp}, SubKernels`LocalKernels`Private`speed$58717, SubKernels`LocalKernels`Private`preemptive$58717]], Parallel`Kernels`Private`id$58729, Parallel`Kernels`Private`name$58729], Parallel`Kernels`Private`ek[Parallel`Kernels`Private`nev$58730, Parallel`Kernels`Private`pb$58730, Parallel`Kernels`Private`rd$58730], Parallel`Kernels`Private`sk[Parallel`Kernels`Private`q$58731, Parallel`Kernels`Private`n0$58731, Parallel`Kernels`Private`n1$58731]]]
                                                                                                                                                                                  -6               -6
NIntegrate::ncvb: NIntegrate failed to converge to prescribed accuracy after 2 recursive bisections in xD near {xD, yD} = {-0.0139448, -0.0265588}. NIntegrate obtained 2.77705 10   and 6.59549 10   for the integral and error estimates.
StringForm[From `1`:, Parallel`Kernels`kernel[Parallel`Kernels`Private`bk[SubKernels`LocalKernels`localKernel[SubKernels`LocalKernels`Private`lk[LinkObject[/usr/local/Wolfram/Mathematica/12.0/Executables/wolfram -subkernel -noinit -nopaclet -wstp, 209, 2], {/usr/local/Wolfram/Mathematica/12.0/Executables/wolfram -subkernel -noinit -nopaclet -wstp}, SubKernels`LocalKernels`Private`speed$58716, SubKernels`LocalKernels`Private`preemptive$58716]], Parallel`Kernels`Private`id$58725, Parallel`Kernels`Private`name$58725], Parallel`Kernels`Private`ek[Parallel`Kernels`Private`nev$58726, Parallel`Kernels`Private`pb$58726, Parallel`Kernels`Private`rd$58726], Parallel`Kernels`Private`sk[Parallel`Kernels`Private`q$58727, Parallel`Kernels`Private`n0$58727, Parallel`Kernels`Private`n1$58727]]]
NIntegrate::ncvb: NIntegrate failed to converge to prescribed accuracy after 2 recursive bisections in yD near {xD, yD} = {-0.0107794, -0.0228897}. NIntegrate obtained 0.00727765 and 0.0000373623 for the integral and error estimates.
StringForm[From `1`:, Parallel`Kernels`kernel[Parallel`Kernels`Private`bk[SubKernels`LocalKernels`localKernel[SubKernels`LocalKernels`Private`lk[LinkObject[/usr/local/Wolfram/Mathematica/12.0/Executables/wolfram -subkernel -noinit -nopaclet -wstp, 210, 3], {/usr/local/Wolfram/Mathematica/12.0/Executables/wolfram -subkernel -noinit -nopaclet -wstp}, SubKernels`LocalKernels`Private`speed$58717, SubKernels`LocalKernels`Private`preemptive$58717]], Parallel`Kernels`Private`id$58729, Parallel`Kernels`Private`name$58729], Parallel`Kernels`Private`ek[Parallel`Kernels`Private`nev$58730, Parallel`Kernels`Private`pb$58730, Parallel`Kernels`Private`rd$58730], Parallel`Kernels`Private`sk[Parallel`Kernels`Private`q$58731, Parallel`Kernels`Private`n0$58731, Parallel`Kernels`Private`n1$58731]]]
NIntegrate::ncvb: NIntegrate failed to converge to prescribed accuracy after 2 recursive bisections in xD near {xD, yD} = {-0.00519485, 0.0392186}. NIntegrate obtained 0.00312257 and 0.000108208 for the integral and error estimates.
StringForm[From `1`:, Parallel`Kernels`kernel[Parallel`Kernels`Private`bk[SubKernels`LocalKernels`localKernel[SubKernels`LocalKernels`Private`lk[LinkObject[/usr/local/Wolfram/Mathematica/12.0/Executables/wolfram -subkernel -noinit -nopaclet -wstp, 208, 1], {/usr/local/Wolfram/Mathematica/12.0/Executables/wolfram -subkernel -noinit -nopaclet -wstp}, SubKernels`LocalKernels`Private`speed$58715, SubKernels`LocalKernels`Private`preemptive$58715]], Parallel`Kernels`Private`id$58721, Parallel`Kernels`Private`name$58721], Parallel`Kernels`Private`ek[Parallel`Kernels`Private`nev$58722, Parallel`Kernels`Private`pb$58722, Parallel`Kernels`Private`rd$58722], Parallel`Kernels`Private`sk[Parallel`Kernels`Private`q$58723, Parallel`Kernels`Private`n0$58723, Parallel`Kernels`Private`n1$58723]]]
NIntegrate::ncvb: NIntegrate failed to converge to prescribed accuracy after 2 recursive bisections in yD near {xD, yD} = {-0.0103897, -0.00788969}. NIntegrate obtained 0.0443536 and 0.0000983646 for the integral and error estimates.
StringForm[From `1`:, Parallel`Kernels`kernel[Parallel`Kernels`Private`bk[SubKernels`LocalKernels`localKernel[SubKernels`LocalKernels`Private`lk[LinkObject[/usr/local/Wolfram/Mathematica/12.0/Executables/wolfram -subkernel -noinit -nopaclet -wstp, 209, 2], {/usr/local/Wolfram/Mathematica/12.0/Executables/wolfram -subkernel -noinit -nopaclet -wstp}, SubKernels`LocalKernels`Private`speed$58716, SubKernels`LocalKernels`Private`preemptive$58716]], Parallel`Kernels`Private`id$58725, Parallel`Kernels`Private`name$58725], Parallel`Kernels`Private`ek[Parallel`Kernels`Private`nev$58726, Parallel`Kernels`Private`pb$58726, Parallel`Kernels`Private`rd$58726], Parallel`Kernels`Private`sk[Parallel`Kernels`Private`q$58727, Parallel`Kernels`Private`n0$58727, Parallel`Kernels`Private`n1$58727]]]
NIntegrate::ncvb: NIntegrate failed to converge to prescribed accuracy after 2 recursive bisections in yD near {xD, yD} = {-0.00577938, 0.0271083}. NIntegrate obtained 0.0388087 and 0.000224307 for the integral and error estimates.
b = 0e-4
Time consumption: 13.50000458138889
MaxMemUse :143.0045166015625 MB
Configured Kernels: {SubKernels`LocalKernels`LocalMachine[4, SubKernels`LocalKernels`LowerPriority -> True]}
Processor Count: 4

Set::wrsym: Symbol pmax is Protected.
Modules loaded ...
3 Kernels launched ...
Run started at Tue 6 Oct 2020 21:43:55, Bins: {139, 154}
StringForm[From `1`:, Parallel`Kernels`kernel[Parallel`Kernels`Private`bk[SubKernels`LocalKernels`localKernel[SubKernels`LocalKernels`Private`lk[LinkObject[/usr/local/Wolfram/Mathematica/12.0/Executables/wolfram -subkernel -noinit -nopaclet -wstp, 208, 1], {/usr/local/Wolfram/Mathematica/12.0/Executables/wolfram -subkernel -noinit -nopaclet -wstp}, SubKernels`LocalKernels`Private`speed$57539, SubKernels`LocalKernels`Private`preemptive$57539]], Parallel`Kernels`Private`id$57545, Parallel`Kernels`Private`name$57545], Parallel`Kernels`Private`ek[Parallel`Kernels`Private`nev$57546, Parallel`Kernels`Private`pb$57546, Parallel`Kernels`Private`rd$57546], Parallel`Kernels`Private`sk[Parallel`Kernels`Private`q$57547, Parallel`Kernels`Private`n0$57547, Parallel`Kernels`Private`n1$57547]]]
NIntegrate::ncvb: NIntegrate failed to converge to prescribed accuracy after 2 recursive bisections in yD near {xD, yD} = {-0.000779382, 0.0396083}. NIntegrate obtained 0.00214482 and 0.0000958466 for the integral and error estimates.
StringForm[From `1`:, Parallel`Kernels`kernel[Parallel`Kernels`Private`bk[SubKernels`LocalKernels`localKernel[SubKernels`LocalKernels`Private`lk[LinkObject[/usr/local/Wolfram/Mathematica/12.0/Executables/wolfram -subkernel -noinit -nopaclet -wstp, 209, 2], {/usr/local/Wolfram/Mathematica/12.0/Executables/wolfram -subkernel -noinit -nopaclet -wstp}, SubKernels`LocalKernels`Private`speed$57540, SubKernels`LocalKernels`Private`preemptive$57540]], Parallel`Kernels`Private`id$57549, Parallel`Kernels`Private`name$57549], Parallel`Kernels`Private`ek[Parallel`Kernels`Private`nev$57550, Parallel`Kernels`Private`pb$57550, Parallel`Kernels`Private`rd$57550], Parallel`Kernels`Private`sk[Parallel`Kernels`Private`q$57551, Parallel`Kernels`Private`n0$57551, Parallel`Kernels`Private`n1$57551]]]
NIntegrate::ncvb: NIntegrate failed to converge to prescribed accuracy after 3 recursive bisections in yD near {xD, yD} = {-0.00577938, -0.0226948}. NIntegrate obtained 0.00829527 and 0.000275582 for the integral and error estimates.
StringForm[From `1`:, Parallel`Kernels`kernel[Parallel`Kernels`Private`bk[SubKernels`LocalKernels`localKernel[SubKernels`LocalKernels`Private`lk[LinkObject[/usr/local/Wolfram/Mathematica/12.0/Executables/wolfram -subkernel -noinit -nopaclet -wstp, 210, 3], {/usr/local/Wolfram/Mathematica/12.0/Executables/wolfram -subkernel -noinit -nopaclet -wstp}, SubKernels`LocalKernels`Private`speed$57541, SubKernels`LocalKernels`Private`preemptive$57541]], Parallel`Kernels`Private`id$57553, Parallel`Kernels`Private`name$57553], Parallel`Kernels`Private`ek[Parallel`Kernels`Private`nev$57554, Parallel`Kernels`Private`pb$57554, Parallel`Kernels`Private`rd$57554], Parallel`Kernels`Private`sk[Parallel`Kernels`Private`q$57555, Parallel`Kernels`Private`n0$57555, Parallel`Kernels`Private`n1$57555]]]
NIntegrate::ncvb: NIntegrate failed to converge to prescribed accuracy after 2 recursive bisections in yD near {xD, yD} = {-0.00577938, -0.00788969}. NIntegrate obtained 0.0602589 and 0.000153471 for the integral and error estimates.
StringForm[From `1`:, Parallel`Kernels`kernel[Parallel`Kernels`Private`bk[SubKernels`LocalKernels`localKernel[SubKernels`LocalKernels`Private`lk[LinkObject[/usr/local/Wolfram/Mathematica/12.0/Executables/wolfram -subkernel -noinit -nopaclet -wstp, 208, 1], {/usr/local/Wolfram/Mathematica/12.0/Executables/wolfram -subkernel -noinit -nopaclet -wstp}, SubKernels`LocalKernels`Private`speed$57539, SubKernels`LocalKernels`Private`preemptive$57539]], Parallel`Kernels`Private`id$57545, Parallel`Kernels`Private`name$57545], Parallel`Kernels`Private`ek[Parallel`Kernels`Private`nev$57546, Parallel`Kernels`Private`pb$57546, Parallel`Kernels`Private`rd$57546], Parallel`Kernels`Private`sk[Parallel`Kernels`Private`q$57547, Parallel`Kernels`Private`n0$57547, Parallel`Kernels`Private`n1$57547]]]
NIntegrate::ncvb: NIntegrate failed to converge to prescribed accuracy after 2 recursive bisections in yD near {xD, yD} = {-0.000779382, 0.0271083}. NIntegrate obtained 0.043507 and 0.000122263 for the integral and error estimates.
StringForm[From `1`:, Parallel`Kernels`kernel[Parallel`Kernels`Private`bk[SubKernels`LocalKernels`localKernel[SubKernels`LocalKernels`Private`lk[LinkObject[/usr/local/Wolfram/Mathematica/12.0/Executables/wolfram -subkernel -noinit -nopaclet -wstp, 209, 2], {/usr/local/Wolfram/Mathematica/12.0/Executables/wolfram -subkernel -noinit -nopaclet -wstp}, SubKernels`LocalKernels`Private`speed$57540, SubKernels`LocalKernels`Private`preemptive$57540]], Parallel`Kernels`Private`id$57549, Parallel`Kernels`Private`name$57549], Parallel`Kernels`Private`ek[Parallel`Kernels`Private`nev$57550, Parallel`Kernels`Private`pb$57550, Parallel`Kernels`Private`rd$57550], Parallel`Kernels`Private`sk[Parallel`Kernels`Private`q$57551, Parallel`Kernels`Private`n0$57551, Parallel`Kernels`Private`n1$57551]]]
NIntegrate::ncvb: NIntegrate failed to converge to prescribed accuracy after 2 recursive bisections in yD near {xD, yD} = {-0.000779382, 0.0221083}. NIntegrate obtained 0.135921 and 0.000205221 for the integral and error estimates.
StringForm[From `1`:, Parallel`Kernels`kernel[Parallel`Kernels`Private`bk[SubKernels`LocalKernels`localKernel[SubKernels`LocalKernels`Private`lk[LinkObject[/usr/local/Wolfram/Mathematica/12.0/Executables/wolfram -subkernel -noinit -nopaclet -wstp, 210, 3], {/usr/local/Wolfram/Mathematica/12.0/Executables/wolfram -subkernel -noinit -nopaclet -wstp}, SubKernels`LocalKernels`Private`speed$57541, SubKernels`LocalKernels`Private`preemptive$57541]], Parallel`Kernels`Private`id$57553, Parallel`Kernels`Private`name$57553], Parallel`Kernels`Private`ek[Parallel`Kernels`Private`nev$57554, Parallel`Kernels`Private`pb$57554, Parallel`Kernels`Private`rd$57554], Parallel`Kernels`Private`sk[Parallel`Kernels`Private`q$57555, Parallel`Kernels`Private`n0$57555, Parallel`Kernels`Private`n1$57555]]]
NIntegrate::ncvb: NIntegrate failed to converge to prescribed accuracy after 2 recursive bisections in yD near {xD, yD} = {-0.000779382, -0.0203897}. NIntegrate obtained 0.00779808 and 0.0000956859 for the integral and error estimates.
StringForm[From `1`:, Parallel`Kernels`kernel[Parallel`Kernels`Private`bk[SubKernels`LocalKernels`localKernel[SubKernels`LocalKernels`Private`lk[LinkObject[/usr/local/Wolfram/Mathematica/12.0/Executables/wolfram -subkernel -noinit -nopaclet -wstp, 208, 1], {/usr/local/Wolfram/Mathematica/12.0/Executables/wolfram -subkernel -noinit -nopaclet -wstp}, SubKernels`LocalKernels`Private`speed$57539, SubKernels`LocalKernels`Private`preemptive$57539]], Parallel`Kernels`Private`id$57545, Parallel`Kernels`Private`name$57545], Parallel`Kernels`Private`ek[Parallel`Kernels`Private`nev$57546, Parallel`Kernels`Private`pb$57546, Parallel`Kernels`Private`rd$57546], Parallel`Kernels`Private`sk[Parallel`Kernels`Private`q$57547, Parallel`Kernels`Private`n0$57547, Parallel`Kernels`Private`n1$57547]]]
NIntegrate::ncvb: NIntegrate failed to converge to prescribed accuracy after 2 recursive bisections in yD near {xD, yD} = {-0.000779382, -0.00788969}. NIntegrate obtained 0.0722777 and 0.00018364 for the integral and error estimates.
b = 0e-4
Time consumption: 12.549082815555556
MaxMemUse :143.0075225830078 MB
Configured Kernels: {SubKernels`LocalKernels`LocalMachine[4, SubKernels`LocalKernels`LowerPriority -> True]}
Processor Count: 4

Set::wrsym: Symbol pmax is Protected.
Modules loaded ...
3 Kernels launched ...
Run started at Wed 7 Oct 2020 10:16:53, Bins: {155, 170}
StringForm[From `1`:, Parallel`Kernels`kernel[Parallel`Kernels`Private`bk[SubKernels`LocalKernels`localKernel[SubKernels`LocalKernels`Private`lk[LinkObject[/usr/local/Wolfram/Mathematica/12.0/Executables/wolfram -subkernel -noinit -nopaclet -wstp, 209, 2], {/usr/local/Wolfram/Mathematica/12.0/Executables/wolfram -subkernel -noinit -nopaclet -wstp}, SubKernels`LocalKernels`Private`speed$57283, SubKernels`LocalKernels`Private`preemptive$57283]], Parallel`Kernels`Private`id$57292, Parallel`Kernels`Private`name$57292], Parallel`Kernels`Private`ek[Parallel`Kernels`Private`nev$57293, Parallel`Kernels`Private`pb$57293, Parallel`Kernels`Private`rd$57293], Parallel`Kernels`Private`sk[Parallel`Kernels`Private`q$57294, Parallel`Kernels`Private`n0$57294, Parallel`Kernels`Private`n1$57294]]]
NIntegrate::ncvb: NIntegrate failed to converge to prescribed accuracy after 2 recursive bisections in yD near {xD, yD} = {0.00422062, 0.0371083}. NIntegrate obtained 0.00081247 and 0.000213696 for the integral and error estimates.
StringForm[From `1`:, Parallel`Kernels`kernel[Parallel`Kernels`Private`bk[SubKernels`LocalKernels`localKernel[SubKernels`LocalKernels`Private`lk[LinkObject[/usr/local/Wolfram/Mathematica/12.0/Executables/wolfram -subkernel -noinit -nopaclet -wstp, 208, 1], {/usr/local/Wolfram/Mathematica/12.0/Executables/wolfram -subkernel -noinit -nopaclet -wstp}, SubKernels`LocalKernels`Private`speed$57282, SubKernels`LocalKernels`Private`preemptive$57282]], Parallel`Kernels`Private`id$57288, Parallel`Kernels`Private`name$57288], Parallel`Kernels`Private`ek[Parallel`Kernels`Private`nev$57289, Parallel`Kernels`Private`pb$57289, Parallel`Kernels`Private`rd$57289], Parallel`Kernels`Private`sk[Parallel`Kernels`Private`q$57290, Parallel`Kernels`Private`n0$57290, Parallel`Kernels`Private`n1$57290]]]
NIntegrate::ncvb: NIntegrate failed to converge to prescribed accuracy after 2 recursive bisections in yD near {xD, yD} = {0.00422062, 0.0271083}. NIntegrate obtained 0.0425498 and 0.000245256 for the integral and error estimates.
StringForm[From `1`:, Parallel`Kernels`kernel[Parallel`Kernels`Private`bk[SubKernels`LocalKernels`localKernel[SubKernels`LocalKernels`Private`lk[LinkObject[/usr/local/Wolfram/Mathematica/12.0/Executables/wolfram -subkernel -noinit -nopaclet -wstp, 210, 3], {/usr/local/Wolfram/Mathematica/12.0/Executables/wolfram -subkernel -noinit -nopaclet -wstp}, SubKernels`LocalKernels`Private`speed$57284, SubKernels`LocalKernels`Private`preemptive$57284]], Parallel`Kernels`Private`id$57296, Parallel`Kernels`Private`name$57296], Parallel`Kernels`Private`ek[Parallel`Kernels`Private`nev$57297, Parallel`Kernels`Private`pb$57297, Parallel`Kernels`Private`rd$57297], Parallel`Kernels`Private`sk[Parallel`Kernels`Private`q$57298, Parallel`Kernels`Private`n0$57298, Parallel`Kernels`Private`n1$57298]]]
NIntegrate::ncvb: NIntegrate failed to converge to prescribed accuracy after 2 recursive bisections in xD near {xD, yD} = {0.00230515, 0.00343955}. NIntegrate obtained 0.158546 and 0.000182797 for the integral and error estimates.
StringForm[From `1`:, Parallel`Kernels`kernel[Parallel`Kernels`Private`bk[SubKernels`LocalKernels`localKernel[SubKernels`LocalKernels`Private`lk[LinkObject[/usr/local/Wolfram/Mathematica/12.0/Executables/wolfram -subkernel -noinit -nopaclet -wstp, 210, 3], {/usr/local/Wolfram/Mathematica/12.0/Executables/wolfram -subkernel -noinit -nopaclet -wstp}, SubKernels`LocalKernels`Private`speed$57284, SubKernels`LocalKernels`Private`preemptive$57284]], Parallel`Kernels`Private`id$57296, Parallel`Kernels`Private`name$57296], Parallel`Kernels`Private`ek[Parallel`Kernels`Private`nev$57297, Parallel`Kernels`Private`pb$57297, Parallel`Kernels`Private`rd$57297], Parallel`Kernels`Private`sk[Parallel`Kernels`Private`q$57298, Parallel`Kernels`Private`n0$57298, Parallel`Kernels`Private`n1$57298]]]
NIntegrate::ncvb: NIntegrate failed to converge to prescribed accuracy after 2 recursive bisections in yD near {xD, yD} = {0.00711031, 0.0371083}. NIntegrate obtained 0.0000801227 and 0.0000230329 for the integral and error estimates.
StringForm[From `1`:, Parallel`Kernels`kernel[Parallel`Kernels`Private`bk[SubKernels`LocalKernels`localKernel[SubKernels`LocalKernels`Private`lk[LinkObject[/usr/local/Wolfram/Mathematica/12.0/Executables/wolfram -subkernel -noinit -nopaclet -wstp, 209, 2], {/usr/local/Wolfram/Mathematica/12.0/Executables/wolfram -subkernel -noinit -nopaclet -wstp}, SubKernels`LocalKernels`Private`speed$57283, SubKernels`LocalKernels`Private`preemptive$57283]], Parallel`Kernels`Private`id$57292, Parallel`Kernels`Private`name$57292], Parallel`Kernels`Private`ek[Parallel`Kernels`Private`nev$57293, Parallel`Kernels`Private`pb$57293, Parallel`Kernels`Private`rd$57293], Parallel`Kernels`Private`sk[Parallel`Kernels`Private`q$57294, Parallel`Kernels`Private`n0$57294, Parallel`Kernels`Private`n1$57294]]]
NIntegrate::ncvb: NIntegrate failed to converge to prescribed accuracy after 2 recursive bisections in yD near {xD, yD} = {0.00422062, -0.00788969}. NIntegrate obtained 0.0765591 and 0.000128074 for the integral and error estimates.
StringForm[From `1`:, Parallel`Kernels`kernel[Parallel`Kernels`Private`bk[SubKernels`LocalKernels`localKernel[SubKernels`LocalKernels`Private`lk[LinkObject[/usr/local/Wolfram/Mathematica/12.0/Executables/wolfram -subkernel -noinit -nopaclet -wstp, 208, 1], {/usr/local/Wolfram/Mathematica/12.0/Executables/wolfram -subkernel -noinit -nopaclet -wstp}, SubKernels`LocalKernels`Private`speed$57282, SubKernels`LocalKernels`Private`preemptive$57282]], Parallel`Kernels`Private`id$57288, Parallel`Kernels`Private`name$57288], Parallel`Kernels`Private`ek[Parallel`Kernels`Private`nev$57289, Parallel`Kernels`Private`pb$57289, Parallel`Kernels`Private`rd$57289], Parallel`Kernels`Private`sk[Parallel`Kernels`Private`q$57290, Parallel`Kernels`Private`n0$57290, Parallel`Kernels`Private`n1$57290]]]
NIntegrate::ncvb: NIntegrate failed to converge to prescribed accuracy after 2 recursive bisections in yD near {xD, yD} = {0.00422062, -0.0178897}. NIntegrate obtained 0.00561233 and 0.000124726 for the integral and error estimates.
StringForm[From `1`:, Parallel`Kernels`kernel[Parallel`Kernels`Private`bk[SubKernels`LocalKernels`localKernel[SubKernels`LocalKernels`Private`lk[LinkObject[/usr/local/Wolfram/Mathematica/12.0/Executables/wolfram -subkernel -noinit -nopaclet -wstp, 210, 3], {/usr/local/Wolfram/Mathematica/12.0/Executables/wolfram -subkernel -noinit -nopaclet -wstp}, SubKernels`LocalKernels`Private`speed$57284, SubKernels`LocalKernels`Private`preemptive$57284]], Parallel`Kernels`Private`id$57296, Parallel`Kernels`Private`name$57296], Parallel`Kernels`Private`ek[Parallel`Kernels`Private`nev$57297, Parallel`Kernels`Private`pb$57297, Parallel`Kernels`Private`rd$57297], Parallel`Kernels`Private`sk[Parallel`Kernels`Private`q$57298, Parallel`Kernels`Private`n0$57298, Parallel`Kernels`Private`n1$57298]]]
NIntegrate::ncvb: NIntegrate failed to converge to prescribed accuracy after 2 recursive bisections in yD near {xD, yD} = {0.00922062, 0.0296083}. NIntegrate obtained 0.0359192 and 0.0000937231 for the integral and error estimates.
StringForm[From `1`:, Parallel`Kernels`kernel[Parallel`Kernels`Private`bk[SubKernels`LocalKernels`localKernel[SubKernels`LocalKernels`Private`lk[LinkObject[/usr/local/Wolfram/Mathematica/12.0/Executables/wolfram -subkernel -noinit -nopaclet -wstp, 209, 2], {/usr/local/Wolfram/Mathematica/12.0/Executables/wolfram -subkernel -noinit -nopaclet -wstp}, SubKernels`LocalKernels`Private`speed$57283, SubKernels`LocalKernels`Private`preemptive$57283]], Parallel`Kernels`Private`id$57292, Parallel`Kernels`Private`name$57292], Parallel`Kernels`Private`ek[Parallel`Kernels`Private`nev$57293, Parallel`Kernels`Private`pb$57293, Parallel`Kernels`Private`rd$57293], Parallel`Kernels`Private`sk[Parallel`Kernels`Private`q$57294, Parallel`Kernels`Private`n0$57294, Parallel`Kernels`Private`n1$57294]]]
NIntegrate::ncvb: NIntegrate failed to converge to prescribed accuracy after 2 recursive bisections in yD near {xD, yD} = {0.00922062, 0.0196083}. NIntegrate obtained 0.136765 and 0.00130716 for the integral and error estimates.
b = 0e-4
Time consumption: 10.860067194722223
MaxMemUse :142.9302749633789 MB
Configured Kernels: {SubKernels`LocalKernels`LocalMachine[4, SubKernels`LocalKernels`LowerPriority -> True]}
Processor Count: 4

Set::wrsym: Symbol pmax is Protected.
Modules loaded ...
3 Kernels launched ...
Run started at Wed 7 Oct 2020 21:08:30, Bins: {171, 253}
StringForm[From `1`:, Parallel`Kernels`kernel[Parallel`Kernels`Private`bk[SubKernels`LocalKernels`localKernel[SubKernels`LocalKernels`Private`lk[LinkObject[/usr/local/Wolfram/Mathematica/12.0/Executables/wolfram -subkernel -noinit -nopaclet -wstp, 231, 2], {/usr/local/Wolfram/Mathematica/12.0/Executables/wolfram -subkernel -noinit -nopaclet -wstp}, SubKernels`LocalKernels`Private`speed$58492, SubKernels`LocalKernels`Private`preemptive$58492]], Parallel`Kernels`Private`id$58498, Parallel`Kernels`Private`name$58498], Parallel`Kernels`Private`ek[Parallel`Kernels`Private`nev$58499, Parallel`Kernels`Private`pb$58499, Parallel`Kernels`Private`rd$58499], Parallel`Kernels`Private`sk[Parallel`Kernels`Private`q$58500, Parallel`Kernels`Private`n0$58500, Parallel`Kernels`Private`n1$58500]]]
NIntegrate::ncvb: NIntegrate failed to converge to prescribed accuracy after 2 recursive bisections in yD near {xD, yD} = {0.00922062, -0.0178897}. NIntegrate obtained 0.00288255 and 0.00011333 for the integral and error estimates.
StringForm[From `1`:, Parallel`Kernels`kernel[Parallel`Kernels`Private`bk[SubKernels`LocalKernels`localKernel[SubKernels`LocalKernels`Private`lk[LinkObject[/usr/local/Wolfram/Mathematica/12.0/Executables/wolfram -subkernel -noinit -nopaclet -wstp, 233, 4], {/usr/local/Wolfram/Mathematica/12.0/Executables/wolfram -subkernel -noinit -nopaclet -wstp}, SubKernels`LocalKernels`Private`speed$58494, SubKernels`LocalKernels`Private`preemptive$58494]], Parallel`Kernels`Private`id$58506, Parallel`Kernels`Private`name$58506], Parallel`Kernels`Private`ek[Parallel`Kernels`Private`nev$58507, Parallel`Kernels`Private`pb$58507, Parallel`Kernels`Private`rd$58507], Parallel`Kernels`Private`sk[Parallel`Kernels`Private`q$58508, Parallel`Kernels`Private`n0$58508, Parallel`Kernels`Private`n1$58508]]]
NIntegrate::ncvb: NIntegrate failed to converge to prescribed accuracy after 2 recursive bisections in yD near {xD, yD} = {0.0142206, 0.0271083}. NIntegrate obtained 0.0253721 and 0.000192932 for the integral and error estimates.
StringForm[From `1`:, Parallel`Kernels`kernel[Parallel`Kernels`Private`bk[SubKernels`LocalKernels`localKernel[SubKernels`LocalKernels`Private`lk[LinkObject[/usr/local/Wolfram/Mathematica/12.0/Executables/wolfram -subkernel -noinit -nopaclet -wstp, 233, 4], {/usr/local/Wolfram/Mathematica/12.0/Executables/wolfram -subkernel -noinit -nopaclet -wstp}, SubKernels`LocalKernels`Private`speed$58494, SubKernels`LocalKernels`Private`preemptive$58494]], Parallel`Kernels`Private`id$58506, Parallel`Kernels`Private`name$58506], Parallel`Kernels`Private`ek[Parallel`Kernels`Private`nev$58507, Parallel`Kernels`Private`pb$58507, Parallel`Kernels`Private`rd$58507], Parallel`Kernels`Private`sk[Parallel`Kernels`Private`q$58508, Parallel`Kernels`Private`n0$58508, Parallel`Kernels`Private`n1$58508]]]
NIntegrate::ncvb: NIntegrate failed to converge to prescribed accuracy after 2 recursive bisections in yD near {xD, yD} = {0.0142206, -0.0153897}. NIntegrate obtained 0.000950266 and 0.0000463621 for the integral and error estimates.
StringForm[From `1`:, Parallel`Kernels`kernel[Parallel`Kernels`Private`bk[SubKernels`LocalKernels`localKernel[SubKernels`LocalKernels`Private`lk[LinkObject[/usr/local/Wolfram/Mathematica/12.0/Executables/wolfram -subkernel -noinit -nopaclet -wstp, 231, 2], {/usr/local/Wolfram/Mathematica/12.0/Executables/wolfram -subkernel -noinit -nopaclet -wstp}, SubKernels`LocalKernels`Private`speed$58492, SubKernels`LocalKernels`Private`preemptive$58492]], Parallel`Kernels`Private`id$58498, Parallel`Kernels`Private`name$58498], Parallel`Kernels`Private`ek[Parallel`Kernels`Private`nev$58499, Parallel`Kernels`Private`pb$58499, Parallel`Kernels`Private`rd$58499], Parallel`Kernels`Private`sk[Parallel`Kernels`Private`q$58500, Parallel`Kernels`Private`n0$58500, Parallel`Kernels`Private`n1$58500]]]
NIntegrate::ncvb: NIntegrate failed to converge to prescribed accuracy after 2 recursive bisections in yD near {xD, yD} = {0.0142206, -0.0128897}. NIntegrate obtained 0.0564894 and 0.000106177 for the integral and error estimates.
StringForm[From `1`:, Parallel`Kernels`kernel[Parallel`Kernels`Private`bk[SubKernels`LocalKernels`localKernel[SubKernels`LocalKernels`Private`lk[LinkObject[/usr/local/Wolfram/Mathematica/12.0/Executables/wolfram -subkernel -noinit -nopaclet -wstp, 233, 4], {/usr/local/Wolfram/Mathematica/12.0/Executables/wolfram -subkernel -noinit -nopaclet -wstp}, SubKernels`LocalKernels`Private`speed$58494, SubKernels`LocalKernels`Private`preemptive$58494]], Parallel`Kernels`Private`id$58506, Parallel`Kernels`Private`name$58506], Parallel`Kernels`Private`ek[Parallel`Kernels`Private`nev$58507, Parallel`Kernels`Private`pb$58507, Parallel`Kernels`Private`rd$58507], Parallel`Kernels`Private`sk[Parallel`Kernels`Private`q$58508, Parallel`Kernels`Private`n0$58508, Parallel`Kernels`Private`n1$58508]]]
NIntegrate::ncvb: NIntegrate failed to converge to prescribed accuracy after 2 recursive bisections in yD near {xD, yD} = {0.0192206, 0.0271083}. NIntegrate obtained 0.0147565 and 0.0000281024 for the integral and error estimates.
StringForm[From `1`:, Parallel`Kernels`kernel[Parallel`Kernels`Private`bk[SubKernels`LocalKernels`localKernel[SubKernels`LocalKernels`Private`lk[LinkObject[/usr/local/Wolfram/Mathematica/12.0/Executables/wolfram -subkernel -noinit -nopaclet -wstp, 232, 3], {/usr/local/Wolfram/Mathematica/12.0/Executables/wolfram -subkernel -noinit -nopaclet -wstp}, SubKernels`LocalKernels`Private`speed$58493, SubKernels`LocalKernels`Private`preemptive$58493]], Parallel`Kernels`Private`id$58502, Parallel`Kernels`Private`name$58502], Parallel`Kernels`Private`ek[Parallel`Kernels`Private`nev$58503, Parallel`Kernels`Private`pb$58503, Parallel`Kernels`Private`rd$58503], Parallel`Kernels`Private`sk[Parallel`Kernels`Private`q$58504, Parallel`Kernels`Private`n0$58504, Parallel`Kernels`Private`n1$58504]]]
NIntegrate::ncvb: NIntegrate failed to converge to prescribed accuracy after 2 recursive bisections in xD near {xD, yD} = {0.00730515, -0.00577938}. NIntegrate obtained 0.0710553 and 0.000128464 for the integral and error estimates.
StringForm[From `1`:, Parallel`Kernels`kernel[Parallel`Kernels`Private`bk[SubKernels`LocalKernels`localKernel[SubKernels`LocalKernels`Private`lk[LinkObject[/usr/local/Wolfram/Mathematica/12.0/Executables/wolfram -subkernel -noinit -nopaclet -wstp, 232, 3], {/usr/local/Wolfram/Mathematica/12.0/Executables/wolfram -subkernel -noinit -nopaclet -wstp}, SubKernels`LocalKernels`Private`speed$58493, SubKernels`LocalKernels`Private`preemptive$58493]], Parallel`Kernels`Private`id$58502, Parallel`Kernels`Private`name$58502], Parallel`Kernels`Private`ek[Parallel`Kernels`Private`nev$58503, Parallel`Kernels`Private`pb$58503, Parallel`Kernels`Private`rd$58503], Parallel`Kernels`Private`sk[Parallel`Kernels`Private`q$58504, Parallel`Kernels`Private`n0$58504, Parallel`Kernels`Private`n1$58504]]]
NIntegrate::ncvb: NIntegrate failed to converge to prescribed accuracy after 2 recursive bisections in yD near {xD, yD} = {0.0171103, -0.0153897}. NIntegrate obtained 0.0000531514 and 0.0000146177 for the integral and error estimates.
StringForm[From `1`:, Parallel`Kernels`kernel[Parallel`Kernels`Private`bk[SubKernels`LocalKernels`localKernel[SubKernels`LocalKernels`Private`lk[LinkObject[/usr/local/Wolfram/Mathematica/12.0/Executables/wolfram -subkernel -noinit -nopaclet -wstp, 233, 4], {/usr/local/Wolfram/Mathematica/12.0/Executables/wolfram -subkernel -noinit -nopaclet -wstp}, SubKernels`LocalKernels`Private`speed$58494, SubKernels`LocalKernels`Private`preemptive$58494]], Parallel`Kernels`Private`id$58506, Parallel`Kernels`Private`name$58506], Parallel`Kernels`Private`ek[Parallel`Kernels`Private`nev$58507, Parallel`Kernels`Private`pb$58507, Parallel`Kernels`Private`rd$58507], Parallel`Kernels`Private`sk[Parallel`Kernels`Private`q$58508, Parallel`Kernels`Private`n0$58508, Parallel`Kernels`Private`n1$58508]]]
NIntegrate::ncvb: NIntegrate failed to converge to prescribed accuracy after 2 recursive bisections in yD near {xD, yD} = {0.0242206, 0.0271083}. NIntegrate obtained 0.00642353 and 0.000127932 for the integral and error estimates.
StringForm[From `1`:, Parallel`Kernels`kernel[Parallel`Kernels`Private`bk[SubKernels`LocalKernels`localKernel[SubKernels`LocalKernels`Private`lk[LinkObject[/usr/local/Wolfram/Mathematica/12.0/Executables/wolfram -subkernel -noinit -nopaclet -wstp, 231, 2], {/usr/local/Wolfram/Mathematica/12.0/Executables/wolfram -subkernel -noinit -nopaclet -wstp}, SubKernels`LocalKernels`Private`speed$58492, SubKernels`LocalKernels`Private`preemptive$58492]], Parallel`Kernels`Private`id$58498, Parallel`Kernels`Private`name$58498], Parallel`Kernels`Private`ek[Parallel`Kernels`Private`nev$58499, Parallel`Kernels`Private`pb$58499, Parallel`Kernels`Private`rd$58499], Parallel`Kernels`Private`sk[Parallel`Kernels`Private`q$58500, Parallel`Kernels`Private`n0$58500, Parallel`Kernels`Private`n1$58500]]]
NIntegrate::ncvb: NIntegrate failed to converge to prescribed accuracy after 2 recursive bisections in yD near {xD, yD} = {0.0192206, -0.00788969}. NIntegrate obtained 0.0368326 and 0.0000947414 for the integral and error estimates.
StringForm[From `1`:, Parallel`Kernels`kernel[Parallel`Kernels`Private`bk[SubKernels`LocalKernels`localKernel[SubKernels`LocalKernels`Private`lk[LinkObject[/usr/local/Wolfram/Mathematica/12.0/Executables/wolfram -subkernel -noinit -nopaclet -wstp, 233, 4], {/usr/local/Wolfram/Mathematica/12.0/Executables/wolfram -subkernel -noinit -nopaclet -wstp}, SubKernels`LocalKernels`Private`speed$58494, SubKernels`LocalKernels`Private`preemptive$58494]], Parallel`Kernels`Private`id$58506, Parallel`Kernels`Private`name$58506], Parallel`Kernels`Private`ek[Parallel`Kernels`Private`nev$58507, Parallel`Kernels`Private`pb$58507, Parallel`Kernels`Private`rd$58507], Parallel`Kernels`Private`sk[Parallel`Kernels`Private`q$58508, Parallel`Kernels`Private`n0$58508, Parallel`Kernels`Private`n1$58508]]]
NIntegrate::ncvb: NIntegrate failed to converge to prescribed accuracy after 2 recursive bisections in yD near {xD, yD} = {0.0292206, 0.0271083}. NIntegrate obtained 0.00172943 and 0.0000607286 for the integral and error estimates.
StringForm[From `1`:, Parallel`Kernels`kernel[Parallel`Kernels`Private`bk[SubKernels`LocalKernels`localKernel[SubKernels`LocalKernels`Private`lk[LinkObject[/usr/local/Wolfram/Mathematica/12.0/Executables/wolfram -subkernel -noinit -nopaclet -wstp, 232, 3], {/usr/local/Wolfram/Mathematica/12.0/Executables/wolfram -subkernel -noinit -nopaclet -wstp}, SubKernels`LocalKernels`Private`speed$58493, SubKernels`LocalKernels`Private`preemptive$58493]], Parallel`Kernels`Private`id$58502, Parallel`Kernels`Private`name$58502], Parallel`Kernels`Private`ek[Parallel`Kernels`Private`nev$58503, Parallel`Kernels`Private`pb$58503, Parallel`Kernels`Private`rd$58503], Parallel`Kernels`Private`sk[Parallel`Kernels`Private`q$58504, Parallel`Kernels`Private`n0$58504, Parallel`Kernels`Private`n1$58504]]]
NIntegrate::ncvb: NIntegrate failed to converge to prescribed accuracy after 2 recursive bisections in yD near {xD, yD} = {0.0242206, -0.0128897}. NIntegrate obtained 0.0180017 and 0.000142794 for the integral and error estimates.
StringForm[From `1`:, Parallel`Kernels`kernel[Parallel`Kernels`Private`bk[SubKernels`LocalKernels`localKernel[SubKernels`LocalKernels`Private`lk[LinkObject[/usr/local/Wolfram/Mathematica/12.0/Executables/wolfram -subkernel -noinit -nopaclet -wstp, 231, 2], {/usr/local/Wolfram/Mathematica/12.0/Executables/wolfram -subkernel -noinit -nopaclet -wstp}, SubKernels`LocalKernels`Private`speed$58492, SubKernels`LocalKernels`Private`preemptive$58492]], Parallel`Kernels`Private`id$58498, Parallel`Kernels`Private`name$58498], Parallel`Kernels`Private`ek[Parallel`Kernels`Private`nev$58499, Parallel`Kernels`Private`pb$58499, Parallel`Kernels`Private`rd$58499], Parallel`Kernels`Private`sk[Parallel`Kernels`Private`q$58500, Parallel`Kernels`Private`n0$58500, Parallel`Kernels`Private`n1$58500]]]
NIntegrate::ncvb: NIntegrate failed to converge to prescribed accuracy after 2 recursive bisections in yD near {xD, yD} = {0.0342206, -0.00788969}. NIntegrate obtained 0.000574869 and 0.0000108805 for the integral and error estimates.
StringForm[From `1`:, Parallel`Kernels`kernel[Parallel`Kernels`Private`bk[SubKernels`LocalKernels`localKernel[SubKernels`LocalKernels`Private`lk[LinkObject[/usr/local/Wolfram/Mathematica/12.0/Executables/wolfram -subkernel -noinit -nopaclet -wstp, 233, 4], {/usr/local/Wolfram/Mathematica/12.0/Executables/wolfram -subkernel -noinit -nopaclet -wstp}, SubKernels`LocalKernels`Private`speed$58494, SubKernels`LocalKernels`Private`preemptive$58494]], Parallel`Kernels`Private`id$58506, Parallel`Kernels`Private`name$58506], Parallel`Kernels`Private`ek[Parallel`Kernels`Private`nev$58507, Parallel`Kernels`Private`pb$58507, Parallel`Kernels`Private`rd$58507], Parallel`Kernels`Private`sk[Parallel`Kernels`Private`q$58508, Parallel`Kernels`Private`n0$58508, Parallel`Kernels`Private`n1$58508]]]
NIntegrate::ncvb: NIntegrate failed to converge to prescribed accuracy after 2 recursive bisections in yD near {xD, yD} = {0.0292206, -0.00788969}. NIntegrate obtained 0.00534761 and 0.0000298335 for the integral and error estimates.
b = 0e-4
Time consumption: 16.857210877222222
MaxMemUse :145.95957946777344 MB
