Configured Kernels: {SubKernels`LocalKernels`LocalMachine[4, SubKernels`LocalKernels`LowerPriority -> True]}
Processor Count: 4

Set::wrsym: Symbol pmax is Protected.
Modules loaded ...
3 Kernels launched ...

Precision::precsm: Requested precision -0.000778 is smaller than $MinPrecision. Using $MinPrecision instead.
Run started at Sat 7 Nov 2020 12:41:20, Bins: {1, 98}
StringForm[From `1`:, Parallel`Kernels`kernel[Parallel`Kernels`Private`bk[SubKernels`LocalKernels`localKernel[SubKernels`LocalKernels`Private`lk[LinkObject[/usr/local/Wolfram/Mathematica/12.0/Executables/wolfram -subkernel -noinit -nopaclet -wstp, 210, 3], {/usr/local/Wolfram/Mathematica/12.0/Executables/wolfram -subkernel -noinit -nopaclet -wstp}, SubKernels`LocalKernels`Private`speed$33817, SubKernels`LocalKernels`Private`preemptive$33817]], Parallel`Kernels`Private`id$33829, Parallel`Kernels`Private`name$33829], Parallel`Kernels`Private`ek[Parallel`Kernels`Private`nev$33830, Parallel`Kernels`Private`pb$33830, Parallel`Kernels`Private`rd$33830], Parallel`Kernels`Private`sk[Parallel`Kernels`Private`q$33831, Parallel`Kernels`Private`n0$33831, Parallel`Kernels`Private`n1$33831]]]
                                                                                                                                                                                                 -6
NIntegrate::ncvb: NIntegrate failed to converge to prescribed accuracy after 2 recursive bisections in yD near {xD, yD} = {-0.0278897, 0.0371083}. NIntegrate obtained 0.000612407 and 2.29534 10   for the integral and error estimates.
b = 0e-4
Time consumption: 9.137269015555555
MaxMemUse :142.71865844726562 MB
Configured Kernels: {SubKernels`LocalKernels`LocalMachine[4, SubKernels`LocalKernels`LowerPriority -> True]}
Processor Count: 4

Set::wrsym: Symbol pmax is Protected.
Modules loaded ...
3 Kernels launched ...

Precision::precsm: Requested precision -0.000778 is smaller than $MinPrecision. Using $MinPrecision instead.
Run started at Sat 7 Nov 2020 21:57:21, Bins: {179, 253}
StringForm[From `1`:, Parallel`Kernels`kernel[Parallel`Kernels`Private`bk[SubKernels`LocalKernels`localKernel[SubKernels`LocalKernels`Private`lk[LinkObject[/usr/local/Wolfram/Mathematica/12.0/Executables/wolfram -subkernel -noinit -nopaclet -wstp, 208, 1], {/usr/local/Wolfram/Mathematica/12.0/Executables/wolfram -subkernel -noinit -nopaclet -wstp}, SubKernels`LocalKernels`Private`speed$33812, SubKernels`LocalKernels`Private`preemptive$33812]], Parallel`Kernels`Private`id$33818, Parallel`Kernels`Private`name$33818], Parallel`Kernels`Private`ek[Parallel`Kernels`Private`nev$33819, Parallel`Kernels`Private`pb$33819, Parallel`Kernels`Private`rd$33819], Parallel`Kernels`Private`sk[Parallel`Kernels`Private`q$33820, Parallel`Kernels`Private`n0$33820, Parallel`Kernels`Private`n1$33820]]]
NIntegrate::ncvb: NIntegrate failed to converge to prescribed accuracy after 2 recursive bisections in yD near {xD, yD} = {0.0142206, -0.0178897}. NIntegrate obtained 0.000988571 and 0.0000356967 for the integral and error estimates.
StringForm[From `1`:, Parallel`Kernels`kernel[Parallel`Kernels`Private`bk[SubKernels`LocalKernels`localKernel[SubKernels`LocalKernels`Private`lk[LinkObject[/usr/local/Wolfram/Mathematica/12.0/Executables/wolfram -subkernel -noinit -nopaclet -wstp, 210, 3], {/usr/local/Wolfram/Mathematica/12.0/Executables/wolfram -subkernel -noinit -nopaclet -wstp}, SubKernels`LocalKernels`Private`speed$33814, SubKernels`LocalKernels`Private`preemptive$33814]], Parallel`Kernels`Private`id$33826, Parallel`Kernels`Private`name$33826], Parallel`Kernels`Private`ek[Parallel`Kernels`Private`nev$33827, Parallel`Kernels`Private`pb$33827, Parallel`Kernels`Private`rd$33827], Parallel`Kernels`Private`sk[Parallel`Kernels`Private`q$33828, Parallel`Kernels`Private`n0$33828, Parallel`Kernels`Private`n1$33828]]]
NIntegrate::ncvb: NIntegrate failed to converge to prescribed accuracy after 2 recursive bisections in yD near {xD, yD} = {0.0142206, 0.0271083}. NIntegrate obtained 0.0114025 and 0.0000640958 for the integral and error estimates.
StringForm[From `1`:, Parallel`Kernels`kernel[Parallel`Kernels`Private`bk[SubKernels`LocalKernels`localKernel[SubKernels`LocalKernels`Private`lk[LinkObject[/usr/local/Wolfram/Mathematica/12.0/Executables/wolfram -subkernel -noinit -nopaclet -wstp, 208, 1], {/usr/local/Wolfram/Mathematica/12.0/Executables/wolfram -subkernel -noinit -nopaclet -wstp}, SubKernels`LocalKernels`Private`speed$33812, SubKernels`LocalKernels`Private`preemptive$33812]], Parallel`Kernels`Private`id$33818, Parallel`Kernels`Private`name$33818], Parallel`Kernels`Private`ek[Parallel`Kernels`Private`nev$33819, Parallel`Kernels`Private`pb$33819, Parallel`Kernels`Private`rd$33819], Parallel`Kernels`Private`sk[Parallel`Kernels`Private`q$33820, Parallel`Kernels`Private`n0$33820, Parallel`Kernels`Private`n1$33820]]]
NIntegrate::ncvb: NIntegrate failed to converge to prescribed accuracy after 2 recursive bisections in yD near {xD, yD} = {0.0192206, 0.0321083}. NIntegrate obtained 0.00621963 and 0.0000969259 for the integral and error estimates.
StringForm[From `1`:, Parallel`Kernels`kernel[Parallel`Kernels`Private`bk[SubKernels`LocalKernels`localKernel[SubKernels`LocalKernels`Private`lk[LinkObject[/usr/local/Wolfram/Mathematica/12.0/Executables/wolfram -subkernel -noinit -nopaclet -wstp, 208, 1], {/usr/local/Wolfram/Mathematica/12.0/Executables/wolfram -subkernel -noinit -nopaclet -wstp}, SubKernels`LocalKernels`Private`speed$33812, SubKernels`LocalKernels`Private`preemptive$33812]], Parallel`Kernels`Private`id$33818, Parallel`Kernels`Private`name$33818], Parallel`Kernels`Private`ek[Parallel`Kernels`Private`nev$33819, Parallel`Kernels`Private`pb$33819, Parallel`Kernels`Private`rd$33819], Parallel`Kernels`Private`sk[Parallel`Kernels`Private`q$33820, Parallel`Kernels`Private`n0$33820, Parallel`Kernels`Private`n1$33820]]]
NIntegrate::ncvb: NIntegrate failed to converge to prescribed accuracy after 2 recursive bisections in yD near {xD, yD} = {0.0192206, -0.0153897}. NIntegrate obtained 0.000154 and 0.0000505936 for the integral and error estimates.
StringForm[From `1`:, Parallel`Kernels`kernel[Parallel`Kernels`Private`bk[SubKernels`LocalKernels`localKernel[SubKernels`LocalKernels`Private`lk[LinkObject[/usr/local/Wolfram/Mathematica/12.0/Executables/wolfram -subkernel -noinit -nopaclet -wstp, 210, 3], {/usr/local/Wolfram/Mathematica/12.0/Executables/wolfram -subkernel -noinit -nopaclet -wstp}, SubKernels`LocalKernels`Private`speed$33814, SubKernels`LocalKernels`Private`preemptive$33814]], Parallel`Kernels`Private`id$33826, Parallel`Kernels`Private`name$33826], Parallel`Kernels`Private`ek[Parallel`Kernels`Private`nev$33827, Parallel`Kernels`Private`pb$33827, Parallel`Kernels`Private`rd$33827], Parallel`Kernels`Private`sk[Parallel`Kernels`Private`q$33828, Parallel`Kernels`Private`n0$33828, Parallel`Kernels`Private`n1$33828]]]
NIntegrate::ncvb: NIntegrate failed to converge to prescribed accuracy after 2 recursive bisections in yD near {xD, yD} = {0.0192206, -0.0128897}. NIntegrate obtained 0.0256352 and 0.0000469963 for the integral and error estimates.
StringForm[From `1`:, Parallel`Kernels`kernel[Parallel`Kernels`Private`bk[SubKernels`LocalKernels`localKernel[SubKernels`LocalKernels`Private`lk[LinkObject[/usr/local/Wolfram/Mathematica/12.0/Executables/wolfram -subkernel -noinit -nopaclet -wstp, 210, 3], {/usr/local/Wolfram/Mathematica/12.0/Executables/wolfram -subkernel -noinit -nopaclet -wstp}, SubKernels`LocalKernels`Private`speed$33814, SubKernels`LocalKernels`Private`preemptive$33814]], Parallel`Kernels`Private`id$33826, Parallel`Kernels`Private`name$33826], Parallel`Kernels`Private`ek[Parallel`Kernels`Private`nev$33827, Parallel`Kernels`Private`pb$33827, Parallel`Kernels`Private`rd$33827], Parallel`Kernels`Private`sk[Parallel`Kernels`Private`q$33828, Parallel`Kernels`Private`n0$33828, Parallel`Kernels`Private`n1$33828]]]
NIntegrate::ncvb: NIntegrate failed to converge to prescribed accuracy after 2 recursive bisections in yD near {xD, yD} = {0.0292206, 0.0296083}. NIntegrate obtained 0.000600238 and 0.0000148058 for the integral and error estimates.
StringForm[From `1`:, Parallel`Kernels`kernel[Parallel`Kernels`Private`bk[SubKernels`LocalKernels`localKernel[SubKernels`LocalKernels`Private`lk[LinkObject[/usr/local/Wolfram/Mathematica/12.0/Executables/wolfram -subkernel -noinit -nopaclet -wstp, 209, 2], {/usr/local/Wolfram/Mathematica/12.0/Executables/wolfram -subkernel -noinit -nopaclet -wstp}, SubKernels`LocalKernels`Private`speed$33813, SubKernels`LocalKernels`Private`preemptive$33813]], Parallel`Kernels`Private`id$33822, Parallel`Kernels`Private`name$33822], Parallel`Kernels`Private`ek[Parallel`Kernels`Private`nev$33823, Parallel`Kernels`Private`pb$33823, Parallel`Kernels`Private`rd$33823], Parallel`Kernels`Private`sk[Parallel`Kernels`Private`q$33824, Parallel`Kernels`Private`n0$33824, Parallel`Kernels`Private`n1$33824]]]
NIntegrate::ncvb: NIntegrate failed to converge to prescribed accuracy after 2 recursive bisections in yD near {xD, yD} = {0.0221103, 0.0271083}. NIntegrate obtained 0.00249955 and 0.0000211589 for the integral and error estimates.
StringForm[From `1`:, Parallel`Kernels`kernel[Parallel`Kernels`Private`bk[SubKernels`LocalKernels`localKernel[SubKernels`LocalKernels`Private`lk[LinkObject[/usr/local/Wolfram/Mathematica/12.0/Executables/wolfram -subkernel -noinit -nopaclet -wstp, 208, 1], {/usr/local/Wolfram/Mathematica/12.0/Executables/wolfram -subkernel -noinit -nopaclet -wstp}, SubKernels`LocalKernels`Private`speed$33812, SubKernels`LocalKernels`Private`preemptive$33812]], Parallel`Kernels`Private`id$33818, Parallel`Kernels`Private`name$33818], Parallel`Kernels`Private`ek[Parallel`Kernels`Private`nev$33819, Parallel`Kernels`Private`pb$33819, Parallel`Kernels`Private`rd$33819], Parallel`Kernels`Private`sk[Parallel`Kernels`Private`q$33820, Parallel`Kernels`Private`n0$33820, Parallel`Kernels`Private`n1$33820]]]
                                                                                                                                                                                                -6
NIntegrate::ncvb: NIntegrate failed to converge to prescribed accuracy after 2 recursive bisections in yD near {xD, yD} = {0.0342206, 0.0271083}. NIntegrate obtained 0.000053152 and 4.02521 10   for the integral and error estimates.
StringForm[From `1`:, Parallel`Kernels`kernel[Parallel`Kernels`Private`bk[SubKernels`LocalKernels`localKernel[SubKernels`LocalKernels`Private`lk[LinkObject[/usr/local/Wolfram/Mathematica/12.0/Executables/wolfram -subkernel -noinit -nopaclet -wstp, 210, 3], {/usr/local/Wolfram/Mathematica/12.0/Executables/wolfram -subkernel -noinit -nopaclet -wstp}, SubKernels`LocalKernels`Private`speed$33814, SubKernels`LocalKernels`Private`preemptive$33814]], Parallel`Kernels`Private`id$33826, Parallel`Kernels`Private`name$33826], Parallel`Kernels`Private`ek[Parallel`Kernels`Private`nev$33827, Parallel`Kernels`Private`pb$33827, Parallel`Kernels`Private`rd$33827], Parallel`Kernels`Private`sk[Parallel`Kernels`Private`q$33828, Parallel`Kernels`Private`n0$33828, Parallel`Kernels`Private`n1$33828]]]
                                                                                                                                                                                                 -6
NIntegrate::ncvb: NIntegrate failed to converge to prescribed accuracy after 2 recursive bisections in yD near {xD, yD} = {0.0342206, -0.0103897}. NIntegrate obtained 0.000404466 and 5.08301 10   for the integral and error estimates.
StringForm[From `1`:, Parallel`Kernels`kernel[Parallel`Kernels`Private`bk[SubKernels`LocalKernels`localKernel[SubKernels`LocalKernels`Private`lk[LinkObject[/usr/local/Wolfram/Mathematica/12.0/Executables/wolfram -subkernel -noinit -nopaclet -wstp, 209, 2], {/usr/local/Wolfram/Mathematica/12.0/Executables/wolfram -subkernel -noinit -nopaclet -wstp}, SubKernels`LocalKernels`Private`speed$33813, SubKernels`LocalKernels`Private`preemptive$33813]], Parallel`Kernels`Private`id$33822, Parallel`Kernels`Private`name$33822], Parallel`Kernels`Private`ek[Parallel`Kernels`Private`nev$33823, Parallel`Kernels`Private`pb$33823, Parallel`Kernels`Private`rd$33823], Parallel`Kernels`Private`sk[Parallel`Kernels`Private`q$33824, Parallel`Kernels`Private`n0$33824, Parallel`Kernels`Private`n1$33824]]]
NIntegrate::ncvb: NIntegrate failed to converge to prescribed accuracy after 2 recursive bisections in yD near {xD, yD} = {0.0292206, -0.0128897}. NIntegrate obtained 0.00376964 and 0.0000102762 for the integral and error estimates.
b = 0e-4
Time consumption: 18.099013743055554
MaxMemUse :142.80963134765625 MB
