Configured Kernels: {SubKernels`LocalKernels`LocalMachine[6, SubKernels`LocalKernels`LowerPriority -> True]}
Processor Count: 6
Modules loaded ...
4 Kernels launched ...
Run started at Tue 27 Apr 2021 18:33:20, Bins: {1, 49}
StringForm[From `1`:, Parallel`Kernels`kernel[Parallel`Kernels`Private`bk[SubKernels`LocalKernels`localKernel[SubKernels`LocalKernels`Private`lk[LinkObject[/usr/local/Wolfram/Mathematica/12.0/Executables/wolfram -subkernel -noinit -nopaclet -wstp, 214, 1], {/usr/local/Wolfram/Mathematica/12.0/Executables/wolfram -subkernel -noinit -nopaclet -wstp}, SubKernels`LocalKernels`Private`speed$55152, SubKernels`LocalKernels`Private`preemptive$55152]], Parallel`Kernels`Private`id$55159, Parallel`Kernels`Private`name$55159], Parallel`Kernels`Private`ek[Parallel`Kernels`Private`nev$55160, Parallel`Kernels`Private`pb$55160, Parallel`Kernels`Private`rd$55160], Parallel`Kernels`Private`sk[Parallel`Kernels`Private`q$55161, Parallel`Kernels`Private`n0$55161, Parallel`Kernels`Private`n1$55161]]]
                                                                                                                                                                                               -6
NIntegrate::ncvb: NIntegrate failed to converge to prescribed accuracy after 2 recursive bisections in yD near {xD, yD} = {0.0272077, 0.022255}. NIntegrate obtained 0.000010631 and 2.68117 10   for the integral and error estimates.
StringForm[From `1`:, Parallel`Kernels`kernel[Parallel`Kernels`Private`bk[SubKernels`LocalKernels`localKernel[SubKernels`LocalKernels`Private`lk[LinkObject[/usr/local/Wolfram/Mathematica/12.0/Executables/wolfram -subkernel -noinit -nopaclet -wstp, 216, 3], {/usr/local/Wolfram/Mathematica/12.0/Executables/wolfram -subkernel -noinit -nopaclet -wstp}, SubKernels`LocalKernels`Private`speed$55154, SubKernels`LocalKernels`Private`preemptive$55154]], Parallel`Kernels`Private`id$55167, Parallel`Kernels`Private`name$55167], Parallel`Kernels`Private`ek[Parallel`Kernels`Private`nev$55168, Parallel`Kernels`Private`pb$55168, Parallel`Kernels`Private`rd$55168], Parallel`Kernels`Private`sk[Parallel`Kernels`Private`q$55169, Parallel`Kernels`Private`n0$55169, Parallel`Kernels`Private`n1$55169]]]
                                                                                                                                                                                                -6
NIntegrate::ncvb: NIntegrate failed to converge to prescribed accuracy after 2 recursive bisections in yD near {xD, yD} = {0.0272077, -0.014338}. NIntegrate obtained 0.000114515 and 1.37158 10   for the integral and error estimates.
StringForm[From `1`:, Parallel`Kernels`kernel[Parallel`Kernels`Private`bk[SubKernels`LocalKernels`localKernel[SubKernels`LocalKernels`Private`lk[LinkObject[/usr/local/Wolfram/Mathematica/12.0/Executables/wolfram -subkernel -noinit -nopaclet -wstp, 217, 4], {/usr/local/Wolfram/Mathematica/12.0/Executables/wolfram -subkernel -noinit -nopaclet -wstp}, SubKernels`LocalKernels`Private`speed$55155, SubKernels`LocalKernels`Private`preemptive$55155]], Parallel`Kernels`Private`id$55171, Parallel`Kernels`Private`name$55171], Parallel`Kernels`Private`ek[Parallel`Kernels`Private`nev$55172, Parallel`Kernels`Private`pb$55172, Parallel`Kernels`Private`rd$55172], Parallel`Kernels`Private`sk[Parallel`Kernels`Private`q$55173, Parallel`Kernels`Private`n0$55173, Parallel`Kernels`Private`n1$55173]]]
NIntegrate::ncvb: NIntegrate failed to converge to prescribed accuracy after 2 recursive bisections in yD near {xD, yD} = {0.0290827, -0.014338}. NIntegrate obtained 0.00208322 and 0.0000306294 for the integral and error estimates.
a = -1060e-4
Time consumption: 1.2986933605555555
MaxMemUse :144.4301300048828 MB
Configured Kernels: {SubKernels`LocalKernels`LocalMachine[6, SubKernels`LocalKernels`LowerPriority -> True]}
Processor Count: 6
Modules loaded ...
4 Kernels launched ...
Run started at Tue 27 Apr 2021 19:51:16, Bins: {50, 98}
StringForm[From `1`:, Parallel`Kernels`kernel[Parallel`Kernels`Private`bk[SubKernels`LocalKernels`localKernel[SubKernels`LocalKernels`Private`lk[LinkObject[/usr/local/Wolfram/Mathematica/12.0/Executables/wolfram -subkernel -noinit -nopaclet -wstp, 214, 1], {/usr/local/Wolfram/Mathematica/12.0/Executables/wolfram -subkernel -noinit -nopaclet -wstp}, SubKernels`LocalKernels`Private`speed$55102, SubKernels`LocalKernels`Private`preemptive$55102]], Parallel`Kernels`Private`id$55109, Parallel`Kernels`Private`name$55109], Parallel`Kernels`Private`ek[Parallel`Kernels`Private`nev$55110, Parallel`Kernels`Private`pb$55110, Parallel`Kernels`Private`rd$55110], Parallel`Kernels`Private`sk[Parallel`Kernels`Private`q$55111, Parallel`Kernels`Private`n0$55111, Parallel`Kernels`Private`n1$55111]]]
NIntegrate::ncvb: NIntegrate failed to converge to prescribed accuracy after 2 recursive bisections in yD near {xD, yD} = {0.0290827, 0.022255}. NIntegrate obtained 0.000207217 and 0.0000136867 for the integral and error estimates.
StringForm[From `1`:, Parallel`Kernels`kernel[Parallel`Kernels`Private`bk[SubKernels`LocalKernels`localKernel[SubKernels`LocalKernels`Private`lk[LinkObject[/usr/local/Wolfram/Mathematica/12.0/Executables/wolfram -subkernel -noinit -nopaclet -wstp, 215, 2], {/usr/local/Wolfram/Mathematica/12.0/Executables/wolfram -subkernel -noinit -nopaclet -wstp}, SubKernels`LocalKernels`Private`speed$55103, SubKernels`LocalKernels`Private`preemptive$55103]], Parallel`Kernels`Private`id$55113, Parallel`Kernels`Private`name$55113], Parallel`Kernels`Private`ek[Parallel`Kernels`Private`nev$55114, Parallel`Kernels`Private`pb$55114, Parallel`Kernels`Private`rd$55114], Parallel`Kernels`Private`sk[Parallel`Kernels`Private`q$55115, Parallel`Kernels`Private`n0$55115, Parallel`Kernels`Private`n1$55115]]]
                                                                                                                                                                               -6               -6
NIntegrate::ncvb: NIntegrate failed to converge to prescribed accuracy after 2 recursive bisections in yD near {xD, yD} = {0.0328327, -0.01752}. NIntegrate obtained 7.85747 10   and 1.85165 10   for the integral and error estimates.
StringForm[From `1`:, Parallel`Kernels`kernel[Parallel`Kernels`Private`bk[SubKernels`LocalKernels`localKernel[SubKernels`LocalKernels`Private`lk[LinkObject[/usr/local/Wolfram/Mathematica/12.0/Executables/wolfram -subkernel -noinit -nopaclet -wstp, 216, 3], {/usr/local/Wolfram/Mathematica/12.0/Executables/wolfram -subkernel -noinit -nopaclet -wstp}, SubKernels`LocalKernels`Private`speed$55104, SubKernels`LocalKernels`Private`preemptive$55104]], Parallel`Kernels`Private`id$55117, Parallel`Kernels`Private`name$55117], Parallel`Kernels`Private`ek[Parallel`Kernels`Private`nev$55118, Parallel`Kernels`Private`pb$55118, Parallel`Kernels`Private`rd$55118], Parallel`Kernels`Private`sk[Parallel`Kernels`Private`q$55119, Parallel`Kernels`Private`n0$55119, Parallel`Kernels`Private`n1$55119]]]
NIntegrate::ncvb: NIntegrate failed to converge to prescribed accuracy after 2 recursive bisections in yD near {xD, yD} = {0.0309577, -0.014338}. NIntegrate obtained 0.00929392 and 0.000109389 for the integral and error estimates.
StringForm[From `1`:, Parallel`Kernels`kernel[Parallel`Kernels`Private`bk[SubKernels`LocalKernels`localKernel[SubKernels`LocalKernels`Private`lk[LinkObject[/usr/local/Wolfram/Mathematica/12.0/Executables/wolfram -subkernel -noinit -nopaclet -wstp, 217, 4], {/usr/local/Wolfram/Mathematica/12.0/Executables/wolfram -subkernel -noinit -nopaclet -wstp}, SubKernels`LocalKernels`Private`speed$55105, SubKernels`LocalKernels`Private`preemptive$55105]], Parallel`Kernels`Private`id$55121, Parallel`Kernels`Private`name$55121], Parallel`Kernels`Private`ek[Parallel`Kernels`Private`nev$55122, Parallel`Kernels`Private`pb$55122, Parallel`Kernels`Private`rd$55122], Parallel`Kernels`Private`sk[Parallel`Kernels`Private`q$55123, Parallel`Kernels`Private`n0$55123, Parallel`Kernels`Private`n1$55123]]]
NIntegrate::ncvb: NIntegrate failed to converge to prescribed accuracy after 2 recursive bisections in yD near {xD, yD} = {0.0309577, 0.022255}. NIntegrate obtained 0.00105432 and 0.0000482507 for the integral and error estimates.
StringForm[From `1`:, Parallel`Kernels`kernel[Parallel`Kernels`Private`bk[SubKernels`LocalKernels`localKernel[SubKernels`LocalKernels`Private`lk[LinkObject[/usr/local/Wolfram/Mathematica/12.0/Executables/wolfram -subkernel -noinit -nopaclet -wstp, 216, 3], {/usr/local/Wolfram/Mathematica/12.0/Executables/wolfram -subkernel -noinit -nopaclet -wstp}, SubKernels`LocalKernels`Private`speed$55104, SubKernels`LocalKernels`Private`preemptive$55104]], Parallel`Kernels`Private`id$55117, Parallel`Kernels`Private`name$55117], Parallel`Kernels`Private`ek[Parallel`Kernels`Private`nev$55118, Parallel`Kernels`Private`pb$55118, Parallel`Kernels`Private`rd$55118], Parallel`Kernels`Private`sk[Parallel`Kernels`Private`q$55119, Parallel`Kernels`Private`n0$55119, Parallel`Kernels`Private`n1$55119]]]
                                                                                                                                                                                                -6
NIntegrate::ncvb: NIntegrate failed to converge to prescribed accuracy after 2 recursive bisections in yD near {xD, yD} = {0.0347077, -0.01752}. NIntegrate obtained 0.0000994742 and 8.01848 10   for the integral and error estimates.
StringForm[From `1`:, Parallel`Kernels`kernel[Parallel`Kernels`Private`bk[SubKernels`LocalKernels`localKernel[SubKernels`LocalKernels`Private`lk[LinkObject[/usr/local/Wolfram/Mathematica/12.0/Executables/wolfram -subkernel -noinit -nopaclet -wstp, 215, 2], {/usr/local/Wolfram/Mathematica/12.0/Executables/wolfram -subkernel -noinit -nopaclet -wstp}, SubKernels`LocalKernels`Private`speed$55103, SubKernels`LocalKernels`Private`preemptive$55103]], Parallel`Kernels`Private`id$55113, Parallel`Kernels`Private`name$55113], Parallel`Kernels`Private`ek[Parallel`Kernels`Private`nev$55114, Parallel`Kernels`Private`pb$55114, Parallel`Kernels`Private`rd$55114], Parallel`Kernels`Private`sk[Parallel`Kernels`Private`q$55115, Parallel`Kernels`Private`n0$55115, Parallel`Kernels`Private`n1$55115]]]
NIntegrate::ncvb: NIntegrate failed to converge to prescribed accuracy after 2 recursive bisections in yD near {xD, yD} = {0.0328327, -0.014338}. NIntegrate obtained 0.0241814 and 0.000189697 for the integral and error estimates.
StringForm[From `1`:, Parallel`Kernels`kernel[Parallel`Kernels`Private`bk[SubKernels`LocalKernels`localKernel[SubKernels`LocalKernels`Private`lk[LinkObject[/usr/local/Wolfram/Mathematica/12.0/Executables/wolfram -subkernel -noinit -nopaclet -wstp, 214, 1], {/usr/local/Wolfram/Mathematica/12.0/Executables/wolfram -subkernel -noinit -nopaclet -wstp}, SubKernels`LocalKernels`Private`speed$55102, SubKernels`LocalKernels`Private`preemptive$55102]], Parallel`Kernels`Private`id$55109, Parallel`Kernels`Private`name$55109], Parallel`Kernels`Private`ek[Parallel`Kernels`Private`nev$55110, Parallel`Kernels`Private`pb$55110, Parallel`Kernels`Private`rd$55110], Parallel`Kernels`Private`sk[Parallel`Kernels`Private`q$55111, Parallel`Kernels`Private`n0$55111, Parallel`Kernels`Private`n1$55111]]]
NIntegrate::ncvb: NIntegrate failed to converge to prescribed accuracy after 2 recursive bisections in yD near {xD, yD} = {0.0347077, -0.014338}. NIntegrate obtained 0.0461065 and 0.000248656 for the integral and error estimates.
StringForm[From `1`:, Parallel`Kernels`kernel[Parallel`Kernels`Private`bk[SubKernels`LocalKernels`localKernel[SubKernels`LocalKernels`Private`lk[LinkObject[/usr/local/Wolfram/Mathematica/12.0/Executables/wolfram -subkernel -noinit -nopaclet -wstp, 217, 4], {/usr/local/Wolfram/Mathematica/12.0/Executables/wolfram -subkernel -noinit -nopaclet -wstp}, SubKernels`LocalKernels`Private`speed$55105, SubKernels`LocalKernels`Private`preemptive$55105]], Parallel`Kernels`Private`id$55121, Parallel`Kernels`Private`name$55121], Parallel`Kernels`Private`ek[Parallel`Kernels`Private`nev$55122, Parallel`Kernels`Private`pb$55122, Parallel`Kernels`Private`rd$55122], Parallel`Kernels`Private`sk[Parallel`Kernels`Private`q$55123, Parallel`Kernels`Private`n0$55123, Parallel`Kernels`Private`n1$55123]]]
NIntegrate::ncvb: NIntegrate failed to converge to prescribed accuracy after 2 recursive bisections in yD near {xD, yD} = {0.0347077, 0.022255}. NIntegrate obtained 0.00696375 and 0.0000858215 for the integral and error estimates.
StringForm[From `1`:, Parallel`Kernels`kernel[Parallel`Kernels`Private`bk[SubKernels`LocalKernels`localKernel[SubKernels`LocalKernels`Private`lk[LinkObject[/usr/local/Wolfram/Mathematica/12.0/Executables/wolfram -subkernel -noinit -nopaclet -wstp, 216, 3], {/usr/local/Wolfram/Mathematica/12.0/Executables/wolfram -subkernel -noinit -nopaclet -wstp}, SubKernels`LocalKernels`Private`speed$55104, SubKernels`LocalKernels`Private`preemptive$55104]], Parallel`Kernels`Private`id$55117, Parallel`Kernels`Private`name$55117], Parallel`Kernels`Private`ek[Parallel`Kernels`Private`nev$55118, Parallel`Kernels`Private`pb$55118, Parallel`Kernels`Private`rd$55118], Parallel`Kernels`Private`sk[Parallel`Kernels`Private`q$55119, Parallel`Kernels`Private`n0$55119, Parallel`Kernels`Private`n1$55119]]]
NIntegrate::ncvb: NIntegrate failed to converge to prescribed accuracy after 2 recursive bisections in yD near {xD, yD} = {0.0365827, -0.014338}. NIntegrate obtained 0.0695109 and 0.000266958 for the integral and error estimates.
StringForm[From `1`:, Parallel`Kernels`kernel[Parallel`Kernels`Private`bk[SubKernels`LocalKernels`localKernel[SubKernels`LocalKernels`Private`lk[LinkObject[/usr/local/Wolfram/Mathematica/12.0/Executables/wolfram -subkernel -noinit -nopaclet -wstp, 215, 2], {/usr/local/Wolfram/Mathematica/12.0/Executables/wolfram -subkernel -noinit -nopaclet -wstp}, SubKernels`LocalKernels`Private`speed$55103, SubKernels`LocalKernels`Private`preemptive$55103]], Parallel`Kernels`Private`id$55113, Parallel`Kernels`Private`name$55113], Parallel`Kernels`Private`ek[Parallel`Kernels`Private`nev$55114, Parallel`Kernels`Private`pb$55114, Parallel`Kernels`Private`rd$55114], Parallel`Kernels`Private`sk[Parallel`Kernels`Private`q$55115, Parallel`Kernels`Private`n0$55115, Parallel`Kernels`Private`n1$55115]]]
NIntegrate::ncvb: NIntegrate failed to converge to prescribed accuracy after 2 recursive bisections in yD near {xD, yD} = {0.0365827, 0.022255}. NIntegrate obtained 0.0118254 and 0.0000480404 for the integral and error estimates.
a = -1060e-4
Time consumption: 7.4623309925
MaxMemUse :144.4146957397461 MB
Configured Kernels: {SubKernels`LocalKernels`LocalMachine[6, SubKernels`LocalKernels`LowerPriority -> True]}
Processor Count: 6
Modules loaded ...
4 Kernels launched ...
Run started at Wed 28 Apr 2021 03:19:02, Bins: {99, 106}
StringForm[From `1`:, Parallel`Kernels`kernel[Parallel`Kernels`Private`bk[SubKernels`LocalKernels`localKernel[SubKernels`LocalKernels`Private`lk[LinkObject[/usr/local/Wolfram/Mathematica/12.0/Executables/wolfram -subkernel -noinit -nopaclet -wstp, 215, 2], {/usr/local/Wolfram/Mathematica/12.0/Executables/wolfram -subkernel -noinit -nopaclet -wstp}, SubKernels`LocalKernels`Private`speed$55125, SubKernels`LocalKernels`Private`preemptive$55125]], Parallel`Kernels`Private`id$55135, Parallel`Kernels`Private`name$55135], Parallel`Kernels`Private`ek[Parallel`Kernels`Private`nev$55136, Parallel`Kernels`Private`pb$55136, Parallel`Kernels`Private`rd$55136], Parallel`Kernels`Private`sk[Parallel`Kernels`Private`q$55137, Parallel`Kernels`Private`n0$55137, Parallel`Kernels`Private`n1$55137]]]
                                                                                                                                                                                                -6
NIntegrate::ncvb: NIntegrate failed to converge to prescribed accuracy after 2 recursive bisections in yD near {xD, yD} = {0.0384577, -0.019111}. NIntegrate obtained 0.000644083 and 8.08705 10   for the integral and error estimates.
StringForm[From `1`:, Parallel`Kernels`kernel[Parallel`Kernels`Private`bk[SubKernels`LocalKernels`localKernel[SubKernels`LocalKernels`Private`lk[LinkObject[/usr/local/Wolfram/Mathematica/12.0/Executables/wolfram -subkernel -noinit -nopaclet -wstp, 214, 1], {/usr/local/Wolfram/Mathematica/12.0/Executables/wolfram -subkernel -noinit -nopaclet -wstp}, SubKernels`LocalKernels`Private`speed$55124, SubKernels`LocalKernels`Private`preemptive$55124]], Parallel`Kernels`Private`id$55131, Parallel`Kernels`Private`name$55131], Parallel`Kernels`Private`ek[Parallel`Kernels`Private`nev$55132, Parallel`Kernels`Private`pb$55132, Parallel`Kernels`Private`rd$55132], Parallel`Kernels`Private`sk[Parallel`Kernels`Private`q$55133, Parallel`Kernels`Private`n0$55133, Parallel`Kernels`Private`n1$55133]]]
NIntegrate::ncvb: NIntegrate failed to converge to prescribed accuracy after 2 recursive bisections in yD near {xD, yD} = {0.0384577, -0.014338}. NIntegrate obtained 0.086333 and 0.000241018 for the integral and error estimates.
a = -1060e-4
Time consumption: 2.1141208438888888
MaxMemUse :144.4394073486328 MB
Configured Kernels: {SubKernels`LocalKernels`LocalMachine[6, SubKernels`LocalKernels`LowerPriority -> True]}
Processor Count: 6
Modules loaded ...
4 Kernels launched ...
Run started at Wed 28 Apr 2021 05:25:53, Bins: {107, 122}
StringForm[From `1`:, Parallel`Kernels`kernel[Parallel`Kernels`Private`bk[SubKernels`LocalKernels`localKernel[SubKernels`LocalKernels`Private`lk[LinkObject[/usr/local/Wolfram/Mathematica/12.0/Executables/wolfram -subkernel -noinit -nopaclet -wstp, 214, 1], {/usr/local/Wolfram/Mathematica/12.0/Executables/wolfram -subkernel -noinit -nopaclet -wstp}, SubKernels`LocalKernels`Private`speed$55112, SubKernels`LocalKernels`Private`preemptive$55112]], Parallel`Kernels`Private`id$55119, Parallel`Kernels`Private`name$55119], Parallel`Kernels`Private`ek[Parallel`Kernels`Private`nev$55120, Parallel`Kernels`Private`pb$55120, Parallel`Kernels`Private`rd$55120], Parallel`Kernels`Private`sk[Parallel`Kernels`Private`q$55121, Parallel`Kernels`Private`n0$55121, Parallel`Kernels`Private`n1$55121]]]
                                                                                                                                                                                                -6
NIntegrate::ncvb: NIntegrate failed to converge to prescribed accuracy after 2 recursive bisections in yD near {xD, yD} = {0.0403327, -0.019111}. NIntegrate obtained 0.000818567 and 9.62478 10   for the integral and error estimates.
StringForm[From `1`:, Parallel`Kernels`kernel[Parallel`Kernels`Private`bk[SubKernels`LocalKernels`localKernel[SubKernels`LocalKernels`Private`lk[LinkObject[/usr/local/Wolfram/Mathematica/12.0/Executables/wolfram -subkernel -noinit -nopaclet -wstp, 216, 3], {/usr/local/Wolfram/Mathematica/12.0/Executables/wolfram -subkernel -noinit -nopaclet -wstp}, SubKernels`LocalKernels`Private`speed$55114, SubKernels`LocalKernels`Private`preemptive$55114]], Parallel`Kernels`Private`id$55127, Parallel`Kernels`Private`name$55127], Parallel`Kernels`Private`ek[Parallel`Kernels`Private`nev$55128, Parallel`Kernels`Private`pb$55128, Parallel`Kernels`Private`rd$55128], Parallel`Kernels`Private`sk[Parallel`Kernels`Private`q$55129, Parallel`Kernels`Private`n0$55129, Parallel`Kernels`Private`n1$55129]]]
NIntegrate::ncvb: NIntegrate failed to converge to prescribed accuracy after 3 recursive bisections in yD near {xD, yD} = {0.0384577, 0.0215835}. NIntegrate obtained 0.016007 and 0.0000317944 for the integral and error estimates.
StringForm[From `1`:, Parallel`Kernels`kernel[Parallel`Kernels`Private`bk[SubKernels`LocalKernels`localKernel[SubKernels`LocalKernels`Private`lk[LinkObject[/usr/local/Wolfram/Mathematica/12.0/Executables/wolfram -subkernel -noinit -nopaclet -wstp, 217, 4], {/usr/local/Wolfram/Mathematica/12.0/Executables/wolfram -subkernel -noinit -nopaclet -wstp}, SubKernels`LocalKernels`Private`speed$55115, SubKernels`LocalKernels`Private`preemptive$55115]], Parallel`Kernels`Private`id$55131, Parallel`Kernels`Private`name$55131], Parallel`Kernels`Private`ek[Parallel`Kernels`Private`nev$55132, Parallel`Kernels`Private`pb$55132, Parallel`Kernels`Private`rd$55132], Parallel`Kernels`Private`sk[Parallel`Kernels`Private`q$55133, Parallel`Kernels`Private`n0$55133, Parallel`Kernels`Private`n1$55133]]]
NIntegrate::ncvb: NIntegrate failed to converge to prescribed accuracy after 2 recursive bisections in yD near {xD, yD} = {0.0403327, 0.022255}. NIntegrate obtained 0.0179104 and 0.000107714 for the integral and error estimates.
a = -1060e-4
Time consumption: 3.0588783283333334
MaxMemUse :144.40313720703125 MB
Configured Kernels: {SubKernels`LocalKernels`LocalMachine[6, SubKernels`LocalKernels`LowerPriority -> True]}
Processor Count: 6
Modules loaded ...
4 Kernels launched ...
Run started at Wed 28 Apr 2021 08:29:26, Bins: {123, 138}
StringForm[From `1`:, Parallel`Kernels`kernel[Parallel`Kernels`Private`bk[SubKernels`LocalKernels`localKernel[SubKernels`LocalKernels`Private`lk[LinkObject[/usr/local/Wolfram/Mathematica/12.0/Executables/wolfram -subkernel -noinit -nopaclet -wstp, 217, 4], {/usr/local/Wolfram/Mathematica/12.0/Executables/wolfram -subkernel -noinit -nopaclet -wstp}, SubKernels`LocalKernels`Private`speed$55127, SubKernels`LocalKernels`Private`preemptive$55127]], Parallel`Kernels`Private`id$55143, Parallel`Kernels`Private`name$55143], Parallel`Kernels`Private`ek[Parallel`Kernels`Private`nev$55144, Parallel`Kernels`Private`pb$55144, Parallel`Kernels`Private`rd$55144], Parallel`Kernels`Private`sk[Parallel`Kernels`Private`q$55145, Parallel`Kernels`Private`n0$55145, Parallel`Kernels`Private`n1$55145]]]
                                                                                                                                                                                                -6
NIntegrate::ncvb: NIntegrate failed to converge to prescribed accuracy after 2 recursive bisections in yD near {xD, yD} = {0.0422077, -0.019111}. NIntegrate obtained 0.000872587 and 8.59226 10   for the integral and error estimates.
StringForm[From `1`:, Parallel`Kernels`kernel[Parallel`Kernels`Private`bk[SubKernels`LocalKernels`localKernel[SubKernels`LocalKernels`Private`lk[LinkObject[/usr/local/Wolfram/Mathematica/12.0/Executables/wolfram -subkernel -noinit -nopaclet -wstp, 214, 1], {/usr/local/Wolfram/Mathematica/12.0/Executables/wolfram -subkernel -noinit -nopaclet -wstp}, SubKernels`LocalKernels`Private`speed$55124, SubKernels`LocalKernels`Private`preemptive$55124]], Parallel`Kernels`Private`id$55131, Parallel`Kernels`Private`name$55131], Parallel`Kernels`Private`ek[Parallel`Kernels`Private`nev$55132, Parallel`Kernels`Private`pb$55132, Parallel`Kernels`Private`rd$55132], Parallel`Kernels`Private`sk[Parallel`Kernels`Private`q$55133, Parallel`Kernels`Private`n0$55133, Parallel`Kernels`Private`n1$55133]]]
                                                                                                                                                                                                -6
NIntegrate::ncvb: NIntegrate failed to converge to prescribed accuracy after 2 recursive bisections in yD near {xD, yD} = {0.0440827, -0.019111}. NIntegrate obtained 0.000845437 and 7.38774 10   for the integral and error estimates.
StringForm[From `1`:, Parallel`Kernels`kernel[Parallel`Kernels`Private`bk[SubKernels`LocalKernels`localKernel[SubKernels`LocalKernels`Private`lk[LinkObject[/usr/local/Wolfram/Mathematica/12.0/Executables/wolfram -subkernel -noinit -nopaclet -wstp, 217, 4], {/usr/local/Wolfram/Mathematica/12.0/Executables/wolfram -subkernel -noinit -nopaclet -wstp}, SubKernels`LocalKernels`Private`speed$55127, SubKernels`LocalKernels`Private`preemptive$55127]], Parallel`Kernels`Private`id$55143, Parallel`Kernels`Private`name$55143], Parallel`Kernels`Private`ek[Parallel`Kernels`Private`nev$55144, Parallel`Kernels`Private`pb$55144, Parallel`Kernels`Private`rd$55144], Parallel`Kernels`Private`sk[Parallel`Kernels`Private`q$55145, Parallel`Kernels`Private`n0$55145, Parallel`Kernels`Private`n1$55145]]]
NIntegrate::ncvb: NIntegrate failed to converge to prescribed accuracy after 2 recursive bisections in yD near {xD, yD} = {0.0422077, 0.022255}. NIntegrate obtained 0.0173718 and 0.000256769 for the integral and error estimates.
StringForm[From `1`:, Parallel`Kernels`kernel[Parallel`Kernels`Private`bk[SubKernels`LocalKernels`localKernel[SubKernels`LocalKernels`Private`lk[LinkObject[/usr/local/Wolfram/Mathematica/12.0/Executables/wolfram -subkernel -noinit -nopaclet -wstp, 215, 2], {/usr/local/Wolfram/Mathematica/12.0/Executables/wolfram -subkernel -noinit -nopaclet -wstp}, SubKernels`LocalKernels`Private`speed$55125, SubKernels`LocalKernels`Private`preemptive$55125]], Parallel`Kernels`Private`id$55135, Parallel`Kernels`Private`name$55135], Parallel`Kernels`Private`ek[Parallel`Kernels`Private`nev$55136, Parallel`Kernels`Private`pb$55136, Parallel`Kernels`Private`rd$55136], Parallel`Kernels`Private`sk[Parallel`Kernels`Private`q$55137, Parallel`Kernels`Private`n0$55137, Parallel`Kernels`Private`n1$55137]]]
NIntegrate::ncvb: NIntegrate failed to converge to prescribed accuracy after 2 recursive bisections in yD near {xD, yD} = {0.0440827, -0.014338}. NIntegrate obtained 0.0628334 and 0.000144547 for the integral and error estimates.
a = -1060e-4
Time consumption: 3.8710027625
MaxMemUse :144.44379425048828 MB
Configured Kernels: {SubKernels`LocalKernels`LocalMachine[6, SubKernels`LocalKernels`LowerPriority -> True]}
Processor Count: 6
Modules loaded ...
4 Kernels launched ...
Run started at Wed 28 Apr 2021 12:21:41, Bins: {139, 154}
StringForm[From `1`:, Parallel`Kernels`kernel[Parallel`Kernels`Private`bk[SubKernels`LocalKernels`localKernel[SubKernels`LocalKernels`Private`lk[LinkObject[/usr/local/Wolfram/Mathematica/12.0/Executables/wolfram -subkernel -noinit -nopaclet -wstp, 214, 1], {/usr/local/Wolfram/Mathematica/12.0/Executables/wolfram -subkernel -noinit -nopaclet -wstp}, SubKernels`LocalKernels`Private`speed$55152, SubKernels`LocalKernels`Private`preemptive$55152]], Parallel`Kernels`Private`id$55159, Parallel`Kernels`Private`name$55159], Parallel`Kernels`Private`ek[Parallel`Kernels`Private`nev$55160, Parallel`Kernels`Private`pb$55160, Parallel`Kernels`Private`rd$55160], Parallel`Kernels`Private`sk[Parallel`Kernels`Private`q$55161, Parallel`Kernels`Private`n0$55161, Parallel`Kernels`Private`n1$55161]]]
                                                                                                                                                                                                -6
NIntegrate::ncvb: NIntegrate failed to converge to prescribed accuracy after 2 recursive bisections in yD near {xD, yD} = {0.0459577, -0.019111}. NIntegrate obtained 0.000667292 and 6.93705 10   for the integral and error estimates.
StringForm[From `1`:, Parallel`Kernels`kernel[Parallel`Kernels`Private`bk[SubKernels`LocalKernels`localKernel[SubKernels`LocalKernels`Private`lk[LinkObject[/usr/local/Wolfram/Mathematica/12.0/Executables/wolfram -subkernel -noinit -nopaclet -wstp, 215, 2], {/usr/local/Wolfram/Mathematica/12.0/Executables/wolfram -subkernel -noinit -nopaclet -wstp}, SubKernels`LocalKernels`Private`speed$55153, SubKernels`LocalKernels`Private`preemptive$55153]], Parallel`Kernels`Private`id$55163, Parallel`Kernels`Private`name$55163], Parallel`Kernels`Private`ek[Parallel`Kernels`Private`nev$55164, Parallel`Kernels`Private`pb$55164, Parallel`Kernels`Private`rd$55164], Parallel`Kernels`Private`sk[Parallel`Kernels`Private`q$55165, Parallel`Kernels`Private`n0$55165, Parallel`Kernels`Private`n1$55165]]]
NIntegrate::ncvb: NIntegrate failed to converge to prescribed accuracy after 2 recursive bisections in yD near {xD, yD} = {0.0440827, 0.022255}. NIntegrate obtained 0.0146209 and 0.000229384 for the integral and error estimates.
StringForm[From `1`:, Parallel`Kernels`kernel[Parallel`Kernels`Private`bk[SubKernels`LocalKernels`localKernel[SubKernels`LocalKernels`Private`lk[LinkObject[/usr/local/Wolfram/Mathematica/12.0/Executables/wolfram -subkernel -noinit -nopaclet -wstp, 217, 4], {/usr/local/Wolfram/Mathematica/12.0/Executables/wolfram -subkernel -noinit -nopaclet -wstp}, SubKernels`LocalKernels`Private`speed$55155, SubKernels`LocalKernels`Private`preemptive$55155]], Parallel`Kernels`Private`id$55171, Parallel`Kernels`Private`name$55171], Parallel`Kernels`Private`ek[Parallel`Kernels`Private`nev$55172, Parallel`Kernels`Private`pb$55172, Parallel`Kernels`Private`rd$55172], Parallel`Kernels`Private`sk[Parallel`Kernels`Private`q$55173, Parallel`Kernels`Private`n0$55173, Parallel`Kernels`Private`n1$55173]]]
NIntegrate::ncvb: NIntegrate failed to converge to prescribed accuracy after 2 recursive bisections in yD near {xD, yD} = {0.0459577, -0.014338}. NIntegrate obtained 0.0393762 and 0.0000871811 for the integral and error estimates.
StringForm[From `1`:, Parallel`Kernels`kernel[Parallel`Kernels`Private`bk[SubKernels`LocalKernels`localKernel[SubKernels`LocalKernels`Private`lk[LinkObject[/usr/local/Wolfram/Mathematica/12.0/Executables/wolfram -subkernel -noinit -nopaclet -wstp, 214, 1], {/usr/local/Wolfram/Mathematica/12.0/Executables/wolfram -subkernel -noinit -nopaclet -wstp}, SubKernels`LocalKernels`Private`speed$55152, SubKernels`LocalKernels`Private`preemptive$55152]], Parallel`Kernels`Private`id$55159, Parallel`Kernels`Private`name$55159], Parallel`Kernels`Private`ek[Parallel`Kernels`Private`nev$55160, Parallel`Kernels`Private`pb$55160, Parallel`Kernels`Private`rd$55160], Parallel`Kernels`Private`sk[Parallel`Kernels`Private`q$55161, Parallel`Kernels`Private`n0$55161, Parallel`Kernels`Private`n1$55161]]]
NIntegrate::ncvb: NIntegrate failed to converge to prescribed accuracy after 2 recursive bisections in yD near {xD, yD} = {0.0459577, 0.022255}. NIntegrate obtained 0.0101124 and 0.000111793 for the integral and error estimates.
a = -1060e-4
Time consumption: 3.240062771944445
MaxMemUse :144.43304443359375 MB
Configured Kernels: {SubKernels`LocalKernels`LocalMachine[6, SubKernels`LocalKernels`LowerPriority -> True]}
Processor Count: 6
Modules loaded ...
4 Kernels launched ...
Run started at Wed 28 Apr 2021 15:36:06, Bins: {155, 178}
StringForm[From `1`:, Parallel`Kernels`kernel[Parallel`Kernels`Private`bk[SubKernels`LocalKernels`localKernel[SubKernels`LocalKernels`Private`lk[LinkObject[/usr/local/Wolfram/Mathematica/12.0/Executables/wolfram -subkernel -noinit -nopaclet -wstp, 216, 3], {/usr/local/Wolfram/Mathematica/12.0/Executables/wolfram -subkernel -noinit -nopaclet -wstp}, SubKernels`LocalKernels`Private`speed$55126, SubKernels`LocalKernels`Private`preemptive$55126]], Parallel`Kernels`Private`id$55139, Parallel`Kernels`Private`name$55139], Parallel`Kernels`Private`ek[Parallel`Kernels`Private`nev$55140, Parallel`Kernels`Private`pb$55140, Parallel`Kernels`Private`rd$55140], Parallel`Kernels`Private`sk[Parallel`Kernels`Private`q$55141, Parallel`Kernels`Private`n0$55141, Parallel`Kernels`Private`n1$55141]]]
NIntegrate::ncvb: NIntegrate failed to converge to prescribed accuracy after 2 recursive bisections in yD near {xD, yD} = {0.0479789, -0.01752}. NIntegrate obtained 0.000346991 and 0.0000106273 for the integral and error estimates.
StringForm[From `1`:, Parallel`Kernels`kernel[Parallel`Kernels`Private`bk[SubKernels`LocalKernels`localKernel[SubKernels`LocalKernels`Private`lk[LinkObject[/usr/local/Wolfram/Mathematica/12.0/Executables/wolfram -subkernel -noinit -nopaclet -wstp, 215, 2], {/usr/local/Wolfram/Mathematica/12.0/Executables/wolfram -subkernel -noinit -nopaclet -wstp}, SubKernels`LocalKernels`Private`speed$55125, SubKernels`LocalKernels`Private`preemptive$55125]], Parallel`Kernels`Private`id$55135, Parallel`Kernels`Private`name$55135], Parallel`Kernels`Private`ek[Parallel`Kernels`Private`nev$55136, Parallel`Kernels`Private`pb$55136, Parallel`Kernels`Private`rd$55136], Parallel`Kernels`Private`sk[Parallel`Kernels`Private`q$55137, Parallel`Kernels`Private`n0$55137, Parallel`Kernels`Private`n1$55137]]]
NIntegrate::ncvb: NIntegrate failed to converge to prescribed accuracy after 2 recursive bisections in yD near {xD, yD} = {0.0497077, -0.01752}. NIntegrate obtained 0.0000759947 and 0.0000346816 for the integral and error estimates.
StringForm[From `1`:, Parallel`Kernels`kernel[Parallel`Kernels`Private`bk[SubKernels`LocalKernels`localKernel[SubKernels`LocalKernels`Private`lk[LinkObject[/usr/local/Wolfram/Mathematica/12.0/Executables/wolfram -subkernel -noinit -nopaclet -wstp, 217, 4], {/usr/local/Wolfram/Mathematica/12.0/Executables/wolfram -subkernel -noinit -nopaclet -wstp}, SubKernels`LocalKernels`Private`speed$55127, SubKernels`LocalKernels`Private`preemptive$55127]], Parallel`Kernels`Private`id$55143, Parallel`Kernels`Private`name$55143], Parallel`Kernels`Private`ek[Parallel`Kernels`Private`nev$55144, Parallel`Kernels`Private`pb$55144, Parallel`Kernels`Private`rd$55144], Parallel`Kernels`Private`sk[Parallel`Kernels`Private`q$55145, Parallel`Kernels`Private`n0$55145, Parallel`Kernels`Private`n1$55145]]]
                                                                                                                                                                                              -6
NIntegrate::ncvb: NIntegrate failed to converge to prescribed accuracy after 2 recursive bisections in yD near {xD, yD} = {0.0478327, 0.023846}. NIntegrate obtained 0.00540924 and 9.06718 10   for the integral and error estimates.
StringForm[From `1`:, Parallel`Kernels`kernel[Parallel`Kernels`Private`bk[SubKernels`LocalKernels`localKernel[SubKernels`LocalKernels`Private`lk[LinkObject[/usr/local/Wolfram/Mathematica/12.0/Executables/wolfram -subkernel -noinit -nopaclet -wstp, 216, 3], {/usr/local/Wolfram/Mathematica/12.0/Executables/wolfram -subkernel -noinit -nopaclet -wstp}, SubKernels`LocalKernels`Private`speed$55126, SubKernels`LocalKernels`Private`preemptive$55126]], Parallel`Kernels`Private`id$55139, Parallel`Kernels`Private`name$55139], Parallel`Kernels`Private`ek[Parallel`Kernels`Private`nev$55140, Parallel`Kernels`Private`pb$55140, Parallel`Kernels`Private`rd$55140], Parallel`Kernels`Private`sk[Parallel`Kernels`Private`q$55141, Parallel`Kernels`Private`n0$55141, Parallel`Kernels`Private`n1$55141]]]
NIntegrate::ncvb: NIntegrate failed to converge to prescribed accuracy after 2 recursive bisections in yD near {xD, yD} = {0.0478327, 0.019073}. NIntegrate obtained 0.0341913 and 0.000193372 for the integral and error estimates.
StringForm[From `1`:, Parallel`Kernels`kernel[Parallel`Kernels`Private`bk[SubKernels`LocalKernels`localKernel[SubKernels`LocalKernels`Private`lk[LinkObject[/usr/local/Wolfram/Mathematica/12.0/Executables/wolfram -subkernel -noinit -nopaclet -wstp, 217, 4], {/usr/local/Wolfram/Mathematica/12.0/Executables/wolfram -subkernel -noinit -nopaclet -wstp}, SubKernels`LocalKernels`Private`speed$55127, SubKernels`LocalKernels`Private`preemptive$55127]], Parallel`Kernels`Private`id$55143, Parallel`Kernels`Private`name$55143], Parallel`Kernels`Private`ek[Parallel`Kernels`Private`nev$55144, Parallel`Kernels`Private`pb$55144, Parallel`Kernels`Private`rd$55144], Parallel`Kernels`Private`sk[Parallel`Kernels`Private`q$55145, Parallel`Kernels`Private`n0$55145, Parallel`Kernels`Private`n1$55145]]]
                                                                                                                                                                               -6               -6
NIntegrate::ncvb: NIntegrate failed to converge to prescribed accuracy after 2 recursive bisections in yD near {xD, yD} = {0.0515827, -0.01752}. NIntegrate obtained 2.96194 10   and 2.20657 10   for the integral and error estimates.
StringForm[From `1`:, Parallel`Kernels`kernel[Parallel`Kernels`Private`bk[SubKernels`LocalKernels`localKernel[SubKernels`LocalKernels`Private`lk[LinkObject[/usr/local/Wolfram/Mathematica/12.0/Executables/wolfram -subkernel -noinit -nopaclet -wstp, 214, 1], {/usr/local/Wolfram/Mathematica/12.0/Executables/wolfram -subkernel -noinit -nopaclet -wstp}, SubKernels`LocalKernels`Private`speed$55124, SubKernels`LocalKernels`Private`preemptive$55124]], Parallel`Kernels`Private`id$55131, Parallel`Kernels`Private`name$55131], Parallel`Kernels`Private`ek[Parallel`Kernels`Private`nev$55132, Parallel`Kernels`Private`pb$55132, Parallel`Kernels`Private`rd$55132], Parallel`Kernels`Private`sk[Parallel`Kernels`Private`q$55133, Parallel`Kernels`Private`n0$55133, Parallel`Kernels`Private`n1$55133]]]
NIntegrate::ncvb: NIntegrate failed to converge to prescribed accuracy after 2 recursive bisections in yD near {xD, yD} = {0.0497077, 0.025437}. NIntegrate obtained 0.0019883 and 0.000033924 for the integral and error estimates.
StringForm[From `1`:, Parallel`Kernels`kernel[Parallel`Kernels`Private`bk[SubKernels`LocalKernels`localKernel[SubKernels`LocalKernels`Private`lk[LinkObject[/usr/local/Wolfram/Mathematica/12.0/Executables/wolfram -subkernel -noinit -nopaclet -wstp, 215, 2], {/usr/local/Wolfram/Mathematica/12.0/Executables/wolfram -subkernel -noinit -nopaclet -wstp}, SubKernels`LocalKernels`Private`speed$55125, SubKernels`LocalKernels`Private`preemptive$55125]], Parallel`Kernels`Private`id$55135, Parallel`Kernels`Private`name$55135], Parallel`Kernels`Private`ek[Parallel`Kernels`Private`nev$55136, Parallel`Kernels`Private`pb$55136, Parallel`Kernels`Private`rd$55136], Parallel`Kernels`Private`sk[Parallel`Kernels`Private`q$55137, Parallel`Kernels`Private`n0$55137, Parallel`Kernels`Private`n1$55137]]]
NIntegrate::ncvb: NIntegrate failed to converge to prescribed accuracy after 2 recursive bisections in yD near {xD, yD} = {0.0489164, -0.015929}. NIntegrate obtained 0.00552551 and 0.0000109802 for the integral and error estimates.

No more memory available.
Mathematica kernel has shut down.
Try quitting other applications and then retry.

LinkObject::linkd: Unable to communicate with closed link LinkObject[/usr/local/Wolfram/Mathematica/12.0/Executables/wolfram -subkernel -noinit -nopaclet -wstp, 216, 3].

Kernels::rdead: Subkernel connected through KernelObject[3, local] appears dead.

Parallel`Developer`QueueRun::req: Requeueing evaluations {19} assigned to KernelObject[3, local, <defunct>].

LaunchKernels::clone: Kernel KernelObject[3, local, <defunct>] resurrected as KernelObject[5, local].
a = -1060e-4
Time consumption: 6.409608836388888
MaxMemUse :144.42860412597656 MB
Configured Kernels: {SubKernels`LocalKernels`LocalMachine[6, SubKernels`LocalKernels`LowerPriority -> True]}
Processor Count: 6
Modules loaded ...
4 Kernels launched ...
Run started at Wed 28 Apr 2021 22:00:41, Bins: {179, 264}
StringForm[From `1`:, Parallel`Kernels`kernel[Parallel`Kernels`Private`bk[SubKernels`LocalKernels`localKernel[SubKernels`LocalKernels`Private`lk[LinkObject[/usr/local/Wolfram/Mathematica/12.0/Executables/wolfram -subkernel -noinit -nopaclet -wstp, 217, 4], {/usr/local/Wolfram/Mathematica/12.0/Executables/wolfram -subkernel -noinit -nopaclet -wstp}, SubKernels`LocalKernels`Private`speed$55105, SubKernels`LocalKernels`Private`preemptive$55105]], Parallel`Kernels`Private`id$55121, Parallel`Kernels`Private`name$55121], Parallel`Kernels`Private`ek[Parallel`Kernels`Private`nev$55122, Parallel`Kernels`Private`pb$55122, Parallel`Kernels`Private`rd$55122], Parallel`Kernels`Private`sk[Parallel`Kernels`Private`q$55123, Parallel`Kernels`Private`n0$55123, Parallel`Kernels`Private`n1$55123]]]
                                                                                                                                                                                               -6
NIntegrate::ncvb: NIntegrate failed to converge to prescribed accuracy after 2 recursive bisections in yD near {xD, yD} = {0.0515827, -0.015929}. NIntegrate obtained 0.00121318 and 2.70917 10   for the integral and error estimates.
StringForm[From `1`:, Parallel`Kernels`kernel[Parallel`Kernels`Private`bk[SubKernels`LocalKernels`localKernel[SubKernels`LocalKernels`Private`lk[LinkObject[/usr/local/Wolfram/Mathematica/12.0/Executables/wolfram -subkernel -noinit -nopaclet -wstp, 215, 2], {/usr/local/Wolfram/Mathematica/12.0/Executables/wolfram -subkernel -noinit -nopaclet -wstp}, SubKernels`LocalKernels`Private`speed$55103, SubKernels`LocalKernels`Private`preemptive$55103]], Parallel`Kernels`Private`id$55113, Parallel`Kernels`Private`name$55113], Parallel`Kernels`Private`ek[Parallel`Kernels`Private`nev$55114, Parallel`Kernels`Private`pb$55114, Parallel`Kernels`Private`rd$55114], Parallel`Kernels`Private`sk[Parallel`Kernels`Private`q$55115, Parallel`Kernels`Private`n0$55115, Parallel`Kernels`Private`n1$55115]]]
                                                                                                                                                                                              -6
NIntegrate::ncvb: NIntegrate failed to converge to prescribed accuracy after 2 recursive bisections in xD near {xD, yD} = {0.0503957, 0.02678}. NIntegrate obtained 0.000475478 and 3.05517 10   for the integral and error estimates.
a = -1060e-4
Time consumption: 2.124156285555556
MaxMemUse :144.40647888183594 MB
