Configured Kernels: {SubKernels`LocalKernels`LocalMachine[4, SubKernels`LocalKernels`LowerPriority -> True]}
Processor Count: 4

Set::wrsym: Symbol pmax is Protected.
Modules loaded ...
3 Kernels launched ...
Run started at Wed 21 Oct 2020 21:53:52, Bins: {1, 98}
StringForm[From `1`:, Parallel`Kernels`kernel[Parallel`Kernels`Private`bk[SubKernels`LocalKernels`localKernel[SubKernels`LocalKernels`Private`lk[LinkObject[/usr/local/Wolfram/Mathematica/12.0/Executables/wolfram -subkernel -noinit -nopaclet -wstp, 210, 3], {/usr/local/Wolfram/Mathematica/12.0/Executables/wolfram -subkernel -noinit -nopaclet -wstp}, SubKernels`LocalKernels`Private`speed$33837, SubKernels`LocalKernels`Private`preemptive$33837]], Parallel`Kernels`Private`id$33849, Parallel`Kernels`Private`name$33849], Parallel`Kernels`Private`ek[Parallel`Kernels`Private`nev$33850, Parallel`Kernels`Private`pb$33850, Parallel`Kernels`Private`rd$33850], Parallel`Kernels`Private`sk[Parallel`Kernels`Private`q$33851, Parallel`Kernels`Private`n0$33851, Parallel`Kernels`Private`n1$33851]]]
                                                                                                                                                                                                 -6
NIntegrate::ncvb: NIntegrate failed to converge to prescribed accuracy after 2 recursive bisections in yD near {xD, yD} = {-0.0303897, 0.0396083}. NIntegrate obtained 0.000598412 and 2.04637 10   for the integral and error estimates.
StringForm[From `1`:, Parallel`Kernels`kernel[Parallel`Kernels`Private`bk[SubKernels`LocalKernels`localKernel[SubKernels`LocalKernels`Private`lk[LinkObject[/usr/local/Wolfram/Mathematica/12.0/Executables/wolfram -subkernel -noinit -nopaclet -wstp, 210, 3], {/usr/local/Wolfram/Mathematica/12.0/Executables/wolfram -subkernel -noinit -nopaclet -wstp}, SubKernels`LocalKernels`Private`speed$33837, SubKernels`LocalKernels`Private`preemptive$33837]], Parallel`Kernels`Private`id$33849, Parallel`Kernels`Private`name$33849], Parallel`Kernels`Private`ek[Parallel`Kernels`Private`nev$33850, Parallel`Kernels`Private`pb$33850, Parallel`Kernels`Private`rd$33850], Parallel`Kernels`Private`sk[Parallel`Kernels`Private`q$33851, Parallel`Kernels`Private`n0$33851, Parallel`Kernels`Private`n1$33851]]]
                                                                                                                                                                                                  -6
NIntegrate::ncvb: NIntegrate failed to converge to prescribed accuracy after 2 recursive bisections in yD near {xD, yD} = {-0.0257794, 0.0471083}. NIntegrate obtained 0.0000152436 and 5.86433 10   for the integral and error estimates.
StringForm[From `1`:, Parallel`Kernels`kernel[Parallel`Kernels`Private`bk[SubKernels`LocalKernels`localKernel[SubKernels`LocalKernels`Private`lk[LinkObject[/usr/local/Wolfram/Mathematica/12.0/Executables/wolfram -subkernel -noinit -nopaclet -wstp, 208, 1], {/usr/local/Wolfram/Mathematica/12.0/Executables/wolfram -subkernel -noinit -nopaclet -wstp}, SubKernels`LocalKernels`Private`speed$33835, SubKernels`LocalKernels`Private`preemptive$33835]], Parallel`Kernels`Private`id$33841, Parallel`Kernels`Private`name$33841], Parallel`Kernels`Private`ek[Parallel`Kernels`Private`nev$33842, Parallel`Kernels`Private`pb$33842, Parallel`Kernels`Private`rd$33842], Parallel`Kernels`Private`sk[Parallel`Kernels`Private`q$33843, Parallel`Kernels`Private`n0$33843, Parallel`Kernels`Private`n1$33843]]]
                                                                                                                                                                                                  -6
NIntegrate::ncvb: NIntegrate failed to converge to prescribed accuracy after 2 recursive bisections in yD near {xD, yD} = {-0.0303897, -0.0153897}. NIntegrate obtained 0.000785393 and 2.23057 10   for the integral and error estimates.
StringForm[From `1`:, Parallel`Kernels`kernel[Parallel`Kernels`Private`bk[SubKernels`LocalKernels`localKernel[SubKernels`LocalKernels`Private`lk[LinkObject[/usr/local/Wolfram/Mathematica/12.0/Executables/wolfram -subkernel -noinit -nopaclet -wstp, 210, 3], {/usr/local/Wolfram/Mathematica/12.0/Executables/wolfram -subkernel -noinit -nopaclet -wstp}, SubKernels`LocalKernels`Private`speed$33837, SubKernels`LocalKernels`Private`preemptive$33837]], Parallel`Kernels`Private`id$33849, Parallel`Kernels`Private`name$33849], Parallel`Kernels`Private`ek[Parallel`Kernels`Private`nev$33850, Parallel`Kernels`Private`pb$33850, Parallel`Kernels`Private`rd$33850], Parallel`Kernels`Private`sk[Parallel`Kernels`Private`q$33851, Parallel`Kernels`Private`n0$33851, Parallel`Kernels`Private`n1$33851]]]
                                                                                                                                                                                               -6
NIntegrate::ncvb: NIntegrate failed to converge to prescribed accuracy after 2 recursive bisections in yD near {xD, yD} = {-0.0257794, 0.0346083}. NIntegrate obtained 0.0066393 and 8.88581 10   for the integral and error estimates.
StringForm[From `1`:, Parallel`Kernels`kernel[Parallel`Kernels`Private`bk[SubKernels`LocalKernels`localKernel[SubKernels`LocalKernels`Private`lk[LinkObject[/usr/local/Wolfram/Mathematica/12.0/Executables/wolfram -subkernel -noinit -nopaclet -wstp, 208, 1], {/usr/local/Wolfram/Mathematica/12.0/Executables/wolfram -subkernel -noinit -nopaclet -wstp}, SubKernels`LocalKernels`Private`speed$33835, SubKernels`LocalKernels`Private`preemptive$33835]], Parallel`Kernels`Private`id$33841, Parallel`Kernels`Private`name$33841], Parallel`Kernels`Private`ek[Parallel`Kernels`Private`nev$33842, Parallel`Kernels`Private`pb$33842, Parallel`Kernels`Private`rd$33842], Parallel`Kernels`Private`sk[Parallel`Kernels`Private`q$33843, Parallel`Kernels`Private`n0$33843, Parallel`Kernels`Private`n1$33843]]]
                                                                                                                                                                                                  -6
NIntegrate::ncvb: NIntegrate failed to converge to prescribed accuracy after 2 recursive bisections in yD near {xD, yD} = {-0.0257794, -0.0253897}. NIntegrate obtained 0.0000875183 and 6.8772 10   for the integral and error estimates.
StringForm[From `1`:, Parallel`Kernels`kernel[Parallel`Kernels`Private`bk[SubKernels`LocalKernels`localKernel[SubKernels`LocalKernels`Private`lk[LinkObject[/usr/local/Wolfram/Mathematica/12.0/Executables/wolfram -subkernel -noinit -nopaclet -wstp, 210, 3], {/usr/local/Wolfram/Mathematica/12.0/Executables/wolfram -subkernel -noinit -nopaclet -wstp}, SubKernels`LocalKernels`Private`speed$33837, SubKernels`LocalKernels`Private`preemptive$33837]], Parallel`Kernels`Private`id$33849, Parallel`Kernels`Private`name$33849], Parallel`Kernels`Private`ek[Parallel`Kernels`Private`nev$33850, Parallel`Kernels`Private`pb$33850, Parallel`Kernels`Private`rd$33850], Parallel`Kernels`Private`sk[Parallel`Kernels`Private`q$33851, Parallel`Kernels`Private`n0$33851, Parallel`Kernels`Private`n1$33851]]]
                                                                                                                                                                                                 -6
NIntegrate::ncvb: NIntegrate failed to converge to prescribed accuracy after 2 recursive bisections in xD near {xD, yD} = {-0.0251948, -0.0157794}. NIntegrate obtained 0.00176705 and 8.06266 10   for the integral and error estimates.
b = -7e-4
Time consumption: 14.554985890277777
MaxMemUse :142.32189178466797 MB
Configured Kernels: {SubKernels`LocalKernels`LocalMachine[4, SubKernels`LocalKernels`LowerPriority -> True]}
Processor Count: 4

Set::wrsym: Symbol pmax is Protected.
Modules loaded ...
3 Kernels launched ...
Run started at Thu 22 Oct 2020 12:27:14, Bins: {99, 106}
Configured Kernels: {SubKernels`LocalKernels`LocalMachine[4, SubKernels`LocalKernels`LowerPriority -> True]}
Processor Count: 4
Configured Kernels: {SubKernels`LocalKernels`LocalMachine[4, SubKernels`LocalKernels`LowerPriority -> True]}
Processor Count: 4

Set::wrsym: Symbol pmax is Protected.
Modules loaded ...
3 Kernels launched ...
Run started at Thu 22 Oct 2020 12:53:50, Bins: {99, 106}
StringForm[From `1`:, Parallel`Kernels`kernel[Parallel`Kernels`Private`bk[SubKernels`LocalKernels`localKernel[SubKernels`LocalKernels`Private`lk[LinkObject[/usr/local/Wolfram/Mathematica/12.0/Executables/wolfram -subkernel -noinit -nopaclet -wstp, 208, 1], {/usr/local/Wolfram/Mathematica/12.0/Executables/wolfram -subkernel -noinit -nopaclet -wstp}, SubKernels`LocalKernels`Private`speed$57948, SubKernels`LocalKernels`Private`preemptive$57948]], Parallel`Kernels`Private`id$57954, Parallel`Kernels`Private`name$57954], Parallel`Kernels`Private`ek[Parallel`Kernels`Private`nev$57955, Parallel`Kernels`Private`pb$57955, Parallel`Kernels`Private`rd$57955], Parallel`Kernels`Private`sk[Parallel`Kernels`Private`q$57956, Parallel`Kernels`Private`n0$57956, Parallel`Kernels`Private`n1$57956]]]
NIntegrate::ncvb: NIntegrate failed to converge to prescribed accuracy after 2 recursive bisections in yD near {xD, yD} = {-0.0207794, 0.0446083}. NIntegrate obtained 0.00208713 and 0.0000144258 for the integral and error estimates.
b = -7e-4
Time consumption: 11.003524351944444
MaxMemUse :142.91097259521484 MB
Configured Kernels: {SubKernels`LocalKernels`LocalMachine[4, SubKernels`LocalKernels`LowerPriority -> True]}
Processor Count: 4

Set::wrsym: Symbol pmax is Protected.
Modules loaded ...
3 Kernels launched ...
Run started at Thu 22 Oct 2020 23:54:02, Bins: {107, 122}
StringForm[From `1`:, Parallel`Kernels`kernel[Parallel`Kernels`Private`bk[SubKernels`LocalKernels`localKernel[SubKernels`LocalKernels`Private`lk[LinkObject[/usr/local/Wolfram/Mathematica/12.0/Executables/wolfram -subkernel -noinit -nopaclet -wstp, 209, 2], {/usr/local/Wolfram/Mathematica/12.0/Executables/wolfram -subkernel -noinit -nopaclet -wstp}, SubKernels`LocalKernels`Private`speed$59534, SubKernels`LocalKernels`Private`preemptive$59534]], Parallel`Kernels`Private`id$59543, Parallel`Kernels`Private`name$59543], Parallel`Kernels`Private`ek[Parallel`Kernels`Private`nev$59544, Parallel`Kernels`Private`pb$59544, Parallel`Kernels`Private`rd$59544], Parallel`Kernels`Private`sk[Parallel`Kernels`Private`q$59545, Parallel`Kernels`Private`n0$59545, Parallel`Kernels`Private`n1$59545]]]
                                                                                                                                                                                                  -6
NIntegrate::ncvb: NIntegrate failed to converge to prescribed accuracy after 2 recursive bisections in yD near {xD, yD} = {-0.0228897, -0.0278897}. NIntegrate obtained 0.000140802 and 6.68995 10   for the integral and error estimates.
StringForm[From `1`:, Parallel`Kernels`kernel[Parallel`Kernels`Private`bk[SubKernels`LocalKernels`localKernel[SubKernels`LocalKernels`Private`lk[LinkObject[/usr/local/Wolfram/Mathematica/12.0/Executables/wolfram -subkernel -noinit -nopaclet -wstp, 210, 3], {/usr/local/Wolfram/Mathematica/12.0/Executables/wolfram -subkernel -noinit -nopaclet -wstp}, SubKernels`LocalKernels`Private`speed$59535, SubKernels`LocalKernels`Private`preemptive$59535]], Parallel`Kernels`Private`id$59547, Parallel`Kernels`Private`name$59547], Parallel`Kernels`Private`ek[Parallel`Kernels`Private`nev$59548, Parallel`Kernels`Private`pb$59548, Parallel`Kernels`Private`rd$59548], Parallel`Kernels`Private`sk[Parallel`Kernels`Private`q$59549, Parallel`Kernels`Private`n0$59549, Parallel`Kernels`Private`n1$59549]]]
NIntegrate::ncvb: NIntegrate failed to converge to prescribed accuracy after 2 recursive bisections in yD near {xD, yD} = {-0.0207794, -0.0153897}. NIntegrate obtained 0.00331905 and 0.00002436 for the integral and error estimates.
StringForm[From `1`:, Parallel`Kernels`kernel[Parallel`Kernels`Private`bk[SubKernels`LocalKernels`localKernel[SubKernels`LocalKernels`Private`lk[LinkObject[/usr/local/Wolfram/Mathematica/12.0/Executables/wolfram -subkernel -noinit -nopaclet -wstp, 209, 2], {/usr/local/Wolfram/Mathematica/12.0/Executables/wolfram -subkernel -noinit -nopaclet -wstp}, SubKernels`LocalKernels`Private`speed$59534, SubKernels`LocalKernels`Private`preemptive$59534]], Parallel`Kernels`Private`id$59543, Parallel`Kernels`Private`name$59543], Parallel`Kernels`Private`ek[Parallel`Kernels`Private`nev$59544, Parallel`Kernels`Private`pb$59544, Parallel`Kernels`Private`rd$59544], Parallel`Kernels`Private`sk[Parallel`Kernels`Private`q$59545, Parallel`Kernels`Private`n0$59545, Parallel`Kernels`Private`n1$59545]]]
NIntegrate::ncvb: NIntegrate failed to converge to prescribed accuracy after 2 recursive bisections in yD near {xD, yD} = {-0.0157794, 0.0321083}. NIntegrate obtained 0.0210801 and 0.0000541914 for the integral and error estimates.
StringForm[From `1`:, Parallel`Kernels`kernel[Parallel`Kernels`Private`bk[SubKernels`LocalKernels`localKernel[SubKernels`LocalKernels`Private`lk[LinkObject[/usr/local/Wolfram/Mathematica/12.0/Executables/wolfram -subkernel -noinit -nopaclet -wstp, 208, 1], {/usr/local/Wolfram/Mathematica/12.0/Executables/wolfram -subkernel -noinit -nopaclet -wstp}, SubKernels`LocalKernels`Private`speed$59533, SubKernels`LocalKernels`Private`preemptive$59533]], Parallel`Kernels`Private`id$59539, Parallel`Kernels`Private`name$59539], Parallel`Kernels`Private`ek[Parallel`Kernels`Private`nev$59540, Parallel`Kernels`Private`pb$59540, Parallel`Kernels`Private`rd$59540], Parallel`Kernels`Private`sk[Parallel`Kernels`Private`q$59541, Parallel`Kernels`Private`n0$59541, Parallel`Kernels`Private`n1$59541]]]
NIntegrate::ncvb: NIntegrate failed to converge to prescribed accuracy after 2 recursive bisections in yD near {xD, yD} = {-0.0178897, 0.0396083}. NIntegrate obtained 0.0029078 and 0.0000211832 for the integral and error estimates.
StringForm[From `1`:, Parallel`Kernels`kernel[Parallel`Kernels`Private`bk[SubKernels`LocalKernels`localKernel[SubKernels`LocalKernels`Private`lk[LinkObject[/usr/local/Wolfram/Mathematica/12.0/Executables/wolfram -subkernel -noinit -nopaclet -wstp, 208, 1], {/usr/local/Wolfram/Mathematica/12.0/Executables/wolfram -subkernel -noinit -nopaclet -wstp}, SubKernels`LocalKernels`Private`speed$59533, SubKernels`LocalKernels`Private`preemptive$59533]], Parallel`Kernels`Private`id$59539, Parallel`Kernels`Private`name$59539], Parallel`Kernels`Private`ek[Parallel`Kernels`Private`nev$59540, Parallel`Kernels`Private`pb$59540, Parallel`Kernels`Private`rd$59540], Parallel`Kernels`Private`sk[Parallel`Kernels`Private`q$59541, Parallel`Kernels`Private`n0$59541, Parallel`Kernels`Private`n1$59541]]]
NIntegrate::ncvb: NIntegrate failed to converge to prescribed accuracy after 2 recursive bisections in yD near {xD, yD} = {-0.0157794, -0.0253897}. NIntegrate obtained 0.0000887012 and 0.0000956444 for the integral and error estimates.
StringForm[From `1`:, Parallel`Kernels`kernel[Parallel`Kernels`Private`bk[SubKernels`LocalKernels`localKernel[SubKernels`LocalKernels`Private`lk[LinkObject[/usr/local/Wolfram/Mathematica/12.0/Executables/wolfram -subkernel -noinit -nopaclet -wstp, 210, 3], {/usr/local/Wolfram/Mathematica/12.0/Executables/wolfram -subkernel -noinit -nopaclet -wstp}, SubKernels`LocalKernels`Private`speed$59535, SubKernels`LocalKernels`Private`preemptive$59535]], Parallel`Kernels`Private`id$59547, Parallel`Kernels`Private`name$59547], Parallel`Kernels`Private`ek[Parallel`Kernels`Private`nev$59548, Parallel`Kernels`Private`pb$59548, Parallel`Kernels`Private`rd$59548], Parallel`Kernels`Private`sk[Parallel`Kernels`Private`q$59549, Parallel`Kernels`Private`n0$59549, Parallel`Kernels`Private`n1$59549]]]
NIntegrate::ncvb: NIntegrate failed to converge to prescribed accuracy after 2 recursive bisections in yD near {xD, yD} = {-0.0157794, -0.0203897}. NIntegrate obtained 0.00530316 and 0.0000179885 for the integral and error estimates.
b = -7e-4
Time consumption: 13.098325759722224
MaxMemUse :142.88890075683594 MB
Configured Kernels: {SubKernels`LocalKernels`LocalMachine[4, SubKernels`LocalKernels`LowerPriority -> True]}
Processor Count: 4

Set::wrsym: Symbol pmax is Protected.
Modules loaded ...
3 Kernels launched ...
Run started at Fri 23 Oct 2020 12:59:58, Bins: {123, 138}
StringForm[From `1`:, Parallel`Kernels`kernel[Parallel`Kernels`Private`bk[SubKernels`LocalKernels`localKernel[SubKernels`LocalKernels`Private`lk[LinkObject[/usr/local/Wolfram/Mathematica/12.0/Executables/wolfram -subkernel -noinit -nopaclet -wstp, 210, 3], {/usr/local/Wolfram/Mathematica/12.0/Executables/wolfram -subkernel -noinit -nopaclet -wstp}, SubKernels`LocalKernels`Private`speed$59269, SubKernels`LocalKernels`Private`preemptive$59269]], Parallel`Kernels`Private`id$59281, Parallel`Kernels`Private`name$59281], Parallel`Kernels`Private`ek[Parallel`Kernels`Private`nev$59282, Parallel`Kernels`Private`pb$59282, Parallel`Kernels`Private`rd$59282], Parallel`Kernels`Private`sk[Parallel`Kernels`Private`q$59283, Parallel`Kernels`Private`n0$59283, Parallel`Kernels`Private`n1$59283]]]
NIntegrate::ncvb: NIntegrate failed to converge to prescribed accuracy after 2 recursive bisections in yD near {xD, yD} = {-0.0107794, 0.0421083}. NIntegrate obtained 0.00338492 and 0.000251322 for the integral and error estimates.
StringForm[From `1`:, Parallel`Kernels`kernel[Parallel`Kernels`Private`bk[SubKernels`LocalKernels`localKernel[SubKernels`LocalKernels`Private`lk[LinkObject[/usr/local/Wolfram/Mathematica/12.0/Executables/wolfram -subkernel -noinit -nopaclet -wstp, 209, 2], {/usr/local/Wolfram/Mathematica/12.0/Executables/wolfram -subkernel -noinit -nopaclet -wstp}, SubKernels`LocalKernels`Private`speed$59268, SubKernels`LocalKernels`Private`preemptive$59268]], Parallel`Kernels`Private`id$59277, Parallel`Kernels`Private`name$59277], Parallel`Kernels`Private`ek[Parallel`Kernels`Private`nev$59278, Parallel`Kernels`Private`pb$59278, Parallel`Kernels`Private`rd$59278], Parallel`Kernels`Private`sk[Parallel`Kernels`Private`q$59279, Parallel`Kernels`Private`n0$59279, Parallel`Kernels`Private`n1$59279]]]
NIntegrate::ncvb: NIntegrate failed to converge to prescribed accuracy after 2 recursive bisections in yD near {xD, yD} = {-0.0107794, 0.0296083}. NIntegrate obtained 0.030475 and 0.0000814191 for the integral and error estimates.
StringForm[From `1`:, Parallel`Kernels`kernel[Parallel`Kernels`Private`bk[SubKernels`LocalKernels`localKernel[SubKernels`LocalKernels`Private`lk[LinkObject[/usr/local/Wolfram/Mathematica/12.0/Executables/wolfram -subkernel -noinit -nopaclet -wstp, 208, 1], {/usr/local/Wolfram/Mathematica/12.0/Executables/wolfram -subkernel -noinit -nopaclet -wstp}, SubKernels`LocalKernels`Private`speed$59267, SubKernels`LocalKernels`Private`preemptive$59267]], Parallel`Kernels`Private`id$59273, Parallel`Kernels`Private`name$59273], Parallel`Kernels`Private`ek[Parallel`Kernels`Private`nev$59274, Parallel`Kernels`Private`pb$59274, Parallel`Kernels`Private`rd$59274], Parallel`Kernels`Private`sk[Parallel`Kernels`Private`q$59275, Parallel`Kernels`Private`n0$59275, Parallel`Kernels`Private`n1$59275]]]
                                                                                                                                                                                  -6               -6
NIntegrate::ncvb: NIntegrate failed to converge to prescribed accuracy after 2 recursive bisections in xD near {xD, yD} = {-0.0139448, -0.0265588}. NIntegrate obtained 2.77401 10   and 6.58827 10   for the integral and error estimates.
StringForm[From `1`:, Parallel`Kernels`kernel[Parallel`Kernels`Private`bk[SubKernels`LocalKernels`localKernel[SubKernels`LocalKernels`Private`lk[LinkObject[/usr/local/Wolfram/Mathematica/12.0/Executables/wolfram -subkernel -noinit -nopaclet -wstp, 209, 2], {/usr/local/Wolfram/Mathematica/12.0/Executables/wolfram -subkernel -noinit -nopaclet -wstp}, SubKernels`LocalKernels`Private`speed$59268, SubKernels`LocalKernels`Private`preemptive$59268]], Parallel`Kernels`Private`id$59277, Parallel`Kernels`Private`name$59277], Parallel`Kernels`Private`ek[Parallel`Kernels`Private`nev$59278, Parallel`Kernels`Private`pb$59278, Parallel`Kernels`Private`rd$59278], Parallel`Kernels`Private`sk[Parallel`Kernels`Private`q$59279, Parallel`Kernels`Private`n0$59279, Parallel`Kernels`Private`n1$59279]]]
NIntegrate::ncvb: NIntegrate failed to converge to prescribed accuracy after 2 recursive bisections in yD near {xD, yD} = {-0.0107794, -0.0228897}. NIntegrate obtained 0.00727381 and 0.0000366019 for the integral and error estimates.
StringForm[From `1`:, Parallel`Kernels`kernel[Parallel`Kernels`Private`bk[SubKernels`LocalKernels`localKernel[SubKernels`LocalKernels`Private`lk[LinkObject[/usr/local/Wolfram/Mathematica/12.0/Executables/wolfram -subkernel -noinit -nopaclet -wstp, 208, 1], {/usr/local/Wolfram/Mathematica/12.0/Executables/wolfram -subkernel -noinit -nopaclet -wstp}, SubKernels`LocalKernels`Private`speed$59267, SubKernels`LocalKernels`Private`preemptive$59267]], Parallel`Kernels`Private`id$59273, Parallel`Kernels`Private`name$59273], Parallel`Kernels`Private`ek[Parallel`Kernels`Private`nev$59274, Parallel`Kernels`Private`pb$59274, Parallel`Kernels`Private`rd$59274], Parallel`Kernels`Private`sk[Parallel`Kernels`Private`q$59275, Parallel`Kernels`Private`n0$59275, Parallel`Kernels`Private`n1$59275]]]
NIntegrate::ncvb: NIntegrate failed to converge to prescribed accuracy after 2 recursive bisections in xD near {xD, yD} = {-0.00519485, 0.0392186}. NIntegrate obtained 0.00313289 and 0.000117484 for the integral and error estimates.
StringForm[From `1`:, Parallel`Kernels`kernel[Parallel`Kernels`Private`bk[SubKernels`LocalKernels`localKernel[SubKernels`LocalKernels`Private`lk[LinkObject[/usr/local/Wolfram/Mathematica/12.0/Executables/wolfram -subkernel -noinit -nopaclet -wstp, 209, 2], {/usr/local/Wolfram/Mathematica/12.0/Executables/wolfram -subkernel -noinit -nopaclet -wstp}, SubKernels`LocalKernels`Private`speed$59268, SubKernels`LocalKernels`Private`preemptive$59268]], Parallel`Kernels`Private`id$59277, Parallel`Kernels`Private`name$59277], Parallel`Kernels`Private`ek[Parallel`Kernels`Private`nev$59278, Parallel`Kernels`Private`pb$59278, Parallel`Kernels`Private`rd$59278], Parallel`Kernels`Private`sk[Parallel`Kernels`Private`q$59279, Parallel`Kernels`Private`n0$59279, Parallel`Kernels`Private`n1$59279]]]
NIntegrate::ncvb: NIntegrate failed to converge to prescribed accuracy after 2 recursive bisections in yD near {xD, yD} = {-0.00577938, 0.0271083}. NIntegrate obtained 0.0387924 and 0.000250501 for the integral and error estimates.
b = -7e-4
Time consumption: 18.021265608055558
MaxMemUse :142.91329193115234 MB
Configured Kernels: {SubKernels`LocalKernels`LocalMachine[4, SubKernels`LocalKernels`LowerPriority -> True]}
Processor Count: 4

Set::wrsym: Symbol pmax is Protected.
Modules loaded ...
Updating from Wolfram Research server ...
3 Kernels launched ...
Run started at Sat 24 Oct 2020 07:01:17, Bins: {139, 154}
StringForm[From `1`:, Parallel`Kernels`kernel[Parallel`Kernels`Private`bk[SubKernels`LocalKernels`localKernel[SubKernels`LocalKernels`Private`lk[LinkObject[/usr/local/Wolfram/Mathematica/12.0/Executables/wolfram -subkernel -noinit -nopaclet -wstp, 231, 2], {/usr/local/Wolfram/Mathematica/12.0/Executables/wolfram -subkernel -noinit -nopaclet -wstp}, SubKernels`LocalKernels`Private`speed$59164, SubKernels`LocalKernels`Private`preemptive$59164]], Parallel`Kernels`Private`id$59170, Parallel`Kernels`Private`name$59170], Parallel`Kernels`Private`ek[Parallel`Kernels`Private`nev$59171, Parallel`Kernels`Private`pb$59171, Parallel`Kernels`Private`rd$59171], Parallel`Kernels`Private`sk[Parallel`Kernels`Private`q$59172, Parallel`Kernels`Private`n0$59172, Parallel`Kernels`Private`n1$59172]]]
NIntegrate::ncvb: NIntegrate failed to converge to prescribed accuracy after 2 recursive bisections in yD near {xD, yD} = {-0.000779382, 0.0396083}. NIntegrate obtained 0.00214294 and 0.0000940521 for the integral and error estimates.

/home/dmoser/.Mathematica/Licensing/mathpass:17:
   Incomplete password entry.
No valid password found.

/home/dmoser/.Mathematica/Licensing/mathpass:17:
   Incomplete password entry.
No valid password found.
Configured Kernels: {SubKernels`LocalKernels`LocalMachine[4, SubKernels`LocalKernels`LowerPriority -> True]}
Processor Count: 4

Set::wrsym: Symbol pmax is Protected.
Modules loaded ...
3 Kernels launched ...
Run started at Sun 25 Oct 2020 12:45:21, Bins: {139, 154}
Configured Kernels: {SubKernels`LocalKernels`LocalMachine[4, SubKernels`LocalKernels`LowerPriority -> True]}
Processor Count: 4
Configured Kernels: {SubKernels`LocalKernels`LocalMachine[4, SubKernels`LocalKernels`LowerPriority -> True]}
Processor Count: 4

Set::wrsym: Symbol pmax is Protected.
Modules loaded ...
3 Kernels launched ...
Run started at Sun 25 Oct 2020 12:47:41, Bins: {155, 178}
StringForm[From `1`:, Parallel`Kernels`kernel[Parallel`Kernels`Private`bk[SubKernels`LocalKernels`localKernel[SubKernels`LocalKernels`Private`lk[LinkObject[/usr/local/Wolfram/Mathematica/12.0/Executables/wolfram -subkernel -noinit -nopaclet -wstp, 209, 2], {/usr/local/Wolfram/Mathematica/12.0/Executables/wolfram -subkernel -noinit -nopaclet -wstp}, SubKernels`LocalKernels`Private`speed$45818, SubKernels`LocalKernels`Private`preemptive$45818]], Parallel`Kernels`Private`id$45827, Parallel`Kernels`Private`name$45827], Parallel`Kernels`Private`ek[Parallel`Kernels`Private`nev$45828, Parallel`Kernels`Private`pb$45828, Parallel`Kernels`Private`rd$45828], Parallel`Kernels`Private`sk[Parallel`Kernels`Private`q$45829, Parallel`Kernels`Private`n0$45829, Parallel`Kernels`Private`n1$45829]]]
NIntegrate::ncvb: NIntegrate failed to converge to prescribed accuracy after 2 recursive bisections in yD near {xD, yD} = {0.00422062, 0.0371083}. NIntegrate obtained 0.00081213 and 0.000213581 for the integral and error estimates.
StringForm[From `1`:, Parallel`Kernels`kernel[Parallel`Kernels`Private`bk[SubKernels`LocalKernels`localKernel[SubKernels`LocalKernels`Private`lk[LinkObject[/usr/local/Wolfram/Mathematica/12.0/Executables/wolfram -subkernel -noinit -nopaclet -wstp, 208, 1], {/usr/local/Wolfram/Mathematica/12.0/Executables/wolfram -subkernel -noinit -nopaclet -wstp}, SubKernels`LocalKernels`Private`speed$45817, SubKernels`LocalKernels`Private`preemptive$45817]], Parallel`Kernels`Private`id$45823, Parallel`Kernels`Private`name$45823], Parallel`Kernels`Private`ek[Parallel`Kernels`Private`nev$45824, Parallel`Kernels`Private`pb$45824, Parallel`Kernels`Private`rd$45824], Parallel`Kernels`Private`sk[Parallel`Kernels`Private`q$45825, Parallel`Kernels`Private`n0$45825, Parallel`Kernels`Private`n1$45825]]]
NIntegrate::ncvb: NIntegrate failed to converge to prescribed accuracy after 2 recursive bisections in yD near {xD, yD} = {0.00422062, 0.0271083}. NIntegrate obtained 0.0425461 and 0.000245071 for the integral and error estimates.
StringForm[From `1`:, Parallel`Kernels`kernel[Parallel`Kernels`Private`bk[SubKernels`LocalKernels`localKernel[SubKernels`LocalKernels`Private`lk[LinkObject[/usr/local/Wolfram/Mathematica/12.0/Executables/wolfram -subkernel -noinit -nopaclet -wstp, 210, 3], {/usr/local/Wolfram/Mathematica/12.0/Executables/wolfram -subkernel -noinit -nopaclet -wstp}, SubKernels`LocalKernels`Private`speed$45819, SubKernels`LocalKernels`Private`preemptive$45819]], Parallel`Kernels`Private`id$45831, Parallel`Kernels`Private`name$45831], Parallel`Kernels`Private`ek[Parallel`Kernels`Private`nev$45832, Parallel`Kernels`Private`pb$45832, Parallel`Kernels`Private`rd$45832], Parallel`Kernels`Private`sk[Parallel`Kernels`Private`q$45833, Parallel`Kernels`Private`n0$45833, Parallel`Kernels`Private`n1$45833]]]
NIntegrate::ncvb: NIntegrate failed to converge to prescribed accuracy after 2 recursive bisections in xD near {xD, yD} = {0.00230515, 0.00343955}. NIntegrate obtained 0.158545 and 0.000187776 for the integral and error estimates.
StringForm[From `1`:, Parallel`Kernels`kernel[Parallel`Kernels`Private`bk[SubKernels`LocalKernels`localKernel[SubKernels`LocalKernels`Private`lk[LinkObject[/usr/local/Wolfram/Mathematica/12.0/Executables/wolfram -subkernel -noinit -nopaclet -wstp, 210, 3], {/usr/local/Wolfram/Mathematica/12.0/Executables/wolfram -subkernel -noinit -nopaclet -wstp}, SubKernels`LocalKernels`Private`speed$45819, SubKernels`LocalKernels`Private`preemptive$45819]], Parallel`Kernels`Private`id$45831, Parallel`Kernels`Private`name$45831], Parallel`Kernels`Private`ek[Parallel`Kernels`Private`nev$45832, Parallel`Kernels`Private`pb$45832, Parallel`Kernels`Private`rd$45832], Parallel`Kernels`Private`sk[Parallel`Kernels`Private`q$45833, Parallel`Kernels`Private`n0$45833, Parallel`Kernels`Private`n1$45833]]]
NIntegrate::ncvb: NIntegrate failed to converge to prescribed accuracy after 2 recursive bisections in yD near {xD, yD} = {0.00711031, 0.0371083}. NIntegrate obtained 0.0000800177 and 0.0000229511 for the integral and error estimates.
StringForm[From `1`:, Parallel`Kernels`kernel[Parallel`Kernels`Private`bk[SubKernels`LocalKernels`localKernel[SubKernels`LocalKernels`Private`lk[LinkObject[/usr/local/Wolfram/Mathematica/12.0/Executables/wolfram -subkernel -noinit -nopaclet -wstp, 209, 2], {/usr/local/Wolfram/Mathematica/12.0/Executables/wolfram -subkernel -noinit -nopaclet -wstp}, SubKernels`LocalKernels`Private`speed$45818, SubKernels`LocalKernels`Private`preemptive$45818]], Parallel`Kernels`Private`id$45827, Parallel`Kernels`Private`name$45827], Parallel`Kernels`Private`ek[Parallel`Kernels`Private`nev$45828, Parallel`Kernels`Private`pb$45828, Parallel`Kernels`Private`rd$45828], Parallel`Kernels`Private`sk[Parallel`Kernels`Private`q$45829, Parallel`Kernels`Private`n0$45829, Parallel`Kernels`Private`n1$45829]]]
NIntegrate::ncvb: NIntegrate failed to converge to prescribed accuracy after 2 recursive bisections in yD near {xD, yD} = {0.00422062, -0.00788969}. NIntegrate obtained 0.0765534 and 0.00013899 for the integral and error estimates.
StringForm[From `1`:, Parallel`Kernels`kernel[Parallel`Kernels`Private`bk[SubKernels`LocalKernels`localKernel[SubKernels`LocalKernels`Private`lk[LinkObject[/usr/local/Wolfram/Mathematica/12.0/Executables/wolfram -subkernel -noinit -nopaclet -wstp, 208, 1], {/usr/local/Wolfram/Mathematica/12.0/Executables/wolfram -subkernel -noinit -nopaclet -wstp}, SubKernels`LocalKernels`Private`speed$45817, SubKernels`LocalKernels`Private`preemptive$45817]], Parallel`Kernels`Private`id$45823, Parallel`Kernels`Private`name$45823], Parallel`Kernels`Private`ek[Parallel`Kernels`Private`nev$45824, Parallel`Kernels`Private`pb$45824, Parallel`Kernels`Private`rd$45824], Parallel`Kernels`Private`sk[Parallel`Kernels`Private`q$45825, Parallel`Kernels`Private`n0$45825, Parallel`Kernels`Private`n1$45825]]]
NIntegrate::ncvb: NIntegrate failed to converge to prescribed accuracy after 2 recursive bisections in yD near {xD, yD} = {0.00422062, -0.0178897}. NIntegrate obtained 0.00565102 and 0.000090003 for the integral and error estimates.
StringForm[From `1`:, Parallel`Kernels`kernel[Parallel`Kernels`Private`bk[SubKernels`LocalKernels`localKernel[SubKernels`LocalKernels`Private`lk[LinkObject[/usr/local/Wolfram/Mathematica/12.0/Executables/wolfram -subkernel -noinit -nopaclet -wstp, 210, 3], {/usr/local/Wolfram/Mathematica/12.0/Executables/wolfram -subkernel -noinit -nopaclet -wstp}, SubKernels`LocalKernels`Private`speed$45819, SubKernels`LocalKernels`Private`preemptive$45819]], Parallel`Kernels`Private`id$45831, Parallel`Kernels`Private`name$45831], Parallel`Kernels`Private`ek[Parallel`Kernels`Private`nev$45832, Parallel`Kernels`Private`pb$45832, Parallel`Kernels`Private`rd$45832], Parallel`Kernels`Private`sk[Parallel`Kernels`Private`q$45833, Parallel`Kernels`Private`n0$45833, Parallel`Kernels`Private`n1$45833]]]
NIntegrate::ncvb: NIntegrate failed to converge to prescribed accuracy after 2 recursive bisections in yD near {xD, yD} = {0.00922062, 0.0296083}. NIntegrate obtained 0.035931 and 0.000103254 for the integral and error estimates.
StringForm[From `1`:, Parallel`Kernels`kernel[Parallel`Kernels`Private`bk[SubKernels`LocalKernels`localKernel[SubKernels`LocalKernels`Private`lk[LinkObject[/usr/local/Wolfram/Mathematica/12.0/Executables/wolfram -subkernel -noinit -nopaclet -wstp, 209, 2], {/usr/local/Wolfram/Mathematica/12.0/Executables/wolfram -subkernel -noinit -nopaclet -wstp}, SubKernels`LocalKernels`Private`speed$45818, SubKernels`LocalKernels`Private`preemptive$45818]], Parallel`Kernels`Private`id$45827, Parallel`Kernels`Private`name$45827], Parallel`Kernels`Private`ek[Parallel`Kernels`Private`nev$45828, Parallel`Kernels`Private`pb$45828, Parallel`Kernels`Private`rd$45828], Parallel`Kernels`Private`sk[Parallel`Kernels`Private`q$45829, Parallel`Kernels`Private`n0$45829, Parallel`Kernels`Private`n1$45829]]]
NIntegrate::ncvb: NIntegrate failed to converge to prescribed accuracy after 2 recursive bisections in yD near {xD, yD} = {0.00922062, 0.0196083}. NIntegrate obtained 0.136761 and 0.00130841 for the integral and error estimates.
StringForm[From `1`:, Parallel`Kernels`kernel[Parallel`Kernels`Private`bk[SubKernels`LocalKernels`localKernel[SubKernels`LocalKernels`Private`lk[LinkObject[/usr/local/Wolfram/Mathematica/12.0/Executables/wolfram -subkernel -noinit -nopaclet -wstp, 210, 3], {/usr/local/Wolfram/Mathematica/12.0/Executables/wolfram -subkernel -noinit -nopaclet -wstp}, SubKernels`LocalKernels`Private`speed$45819, SubKernels`LocalKernels`Private`preemptive$45819]], Parallel`Kernels`Private`id$45831, Parallel`Kernels`Private`name$45831], Parallel`Kernels`Private`ek[Parallel`Kernels`Private`nev$45832, Parallel`Kernels`Private`pb$45832, Parallel`Kernels`Private`rd$45832], Parallel`Kernels`Private`sk[Parallel`Kernels`Private`q$45833, Parallel`Kernels`Private`n0$45833, Parallel`Kernels`Private`n1$45833]]]
NIntegrate::ncvb: NIntegrate failed to converge to prescribed accuracy after 2 recursive bisections in yD near {xD, yD} = {0.00922062, -0.0178897}. NIntegrate obtained 0.00287903 and 0.000112407 for the integral and error estimates.
StringForm[From `1`:, Parallel`Kernels`kernel[Parallel`Kernels`Private`bk[SubKernels`LocalKernels`localKernel[SubKernels`LocalKernels`Private`lk[LinkObject[/usr/local/Wolfram/Mathematica/12.0/Executables/wolfram -subkernel -noinit -nopaclet -wstp, 208, 1], {/usr/local/Wolfram/Mathematica/12.0/Executables/wolfram -subkernel -noinit -nopaclet -wstp}, SubKernels`LocalKernels`Private`speed$45817, SubKernels`LocalKernels`Private`preemptive$45817]], Parallel`Kernels`Private`id$45823, Parallel`Kernels`Private`name$45823], Parallel`Kernels`Private`ek[Parallel`Kernels`Private`nev$45824, Parallel`Kernels`Private`pb$45824, Parallel`Kernels`Private`rd$45824], Parallel`Kernels`Private`sk[Parallel`Kernels`Private`q$45825, Parallel`Kernels`Private`n0$45825, Parallel`Kernels`Private`n1$45825]]]
NIntegrate::ncvb: NIntegrate failed to converge to prescribed accuracy after 2 recursive bisections in xD near {xD, yD} = {0.00730515, -0.00577938}. NIntegrate obtained 0.0710359 and 0.000125872 for the integral and error estimates.
b = -7e-4
Time consumption: 18.54989488111111
MaxMemUse :185.21862030029297 MB
Configured Kernels: {SubKernels`LocalKernels`LocalMachine[4, SubKernels`LocalKernels`LowerPriority -> True]}
Processor Count: 4

Set::wrsym: Symbol pmax is Protected.
Modules loaded ...
3 Kernels launched ...
Run started at Mon 26 Oct 2020 07:20:42, Bins: {179, 253}
StringForm[From `1`:, Parallel`Kernels`kernel[Parallel`Kernels`Private`bk[SubKernels`LocalKernels`localKernel[SubKernels`LocalKernels`Private`lk[LinkObject[/usr/local/Wolfram/Mathematica/12.0/Executables/wolfram -subkernel -noinit -nopaclet -wstp, 208, 1], {/usr/local/Wolfram/Mathematica/12.0/Executables/wolfram -subkernel -noinit -nopaclet -wstp}, SubKernels`LocalKernels`Private`speed$59200, SubKernels`LocalKernels`Private`preemptive$59200]], Parallel`Kernels`Private`id$59206, Parallel`Kernels`Private`name$59206], Parallel`Kernels`Private`ek[Parallel`Kernels`Private`nev$59207, Parallel`Kernels`Private`pb$59207, Parallel`Kernels`Private`rd$59207], Parallel`Kernels`Private`sk[Parallel`Kernels`Private`q$59208, Parallel`Kernels`Private`n0$59208, Parallel`Kernels`Private`n1$59208]]]
NIntegrate::ncvb: NIntegrate failed to converge to prescribed accuracy after 2 recursive bisections in yD near {xD, yD} = {0.0142206, -0.0153897}. NIntegrate obtained 0.000946212 and 0.000045249 for the integral and error estimates.
StringForm[From `1`:, Parallel`Kernels`kernel[Parallel`Kernels`Private`bk[SubKernels`LocalKernels`localKernel[SubKernels`LocalKernels`Private`lk[LinkObject[/usr/local/Wolfram/Mathematica/12.0/Executables/wolfram -subkernel -noinit -nopaclet -wstp, 210, 3], {/usr/local/Wolfram/Mathematica/12.0/Executables/wolfram -subkernel -noinit -nopaclet -wstp}, SubKernels`LocalKernels`Private`speed$59202, SubKernels`LocalKernels`Private`preemptive$59202]], Parallel`Kernels`Private`id$59214, Parallel`Kernels`Private`name$59214], Parallel`Kernels`Private`ek[Parallel`Kernels`Private`nev$59215, Parallel`Kernels`Private`pb$59215, Parallel`Kernels`Private`rd$59215], Parallel`Kernels`Private`sk[Parallel`Kernels`Private`q$59216, Parallel`Kernels`Private`n0$59216, Parallel`Kernels`Private`n1$59216]]]
NIntegrate::ncvb: NIntegrate failed to converge to prescribed accuracy after 2 recursive bisections in yD near {xD, yD} = {0.0142206, 0.0271083}. NIntegrate obtained 0.0253688 and 0.000203272 for the integral and error estimates.
StringForm[From `1`:, Parallel`Kernels`kernel[Parallel`Kernels`Private`bk[SubKernels`LocalKernels`localKernel[SubKernels`LocalKernels`Private`lk[LinkObject[/usr/local/Wolfram/Mathematica/12.0/Executables/wolfram -subkernel -noinit -nopaclet -wstp, 209, 2], {/usr/local/Wolfram/Mathematica/12.0/Executables/wolfram -subkernel -noinit -nopaclet -wstp}, SubKernels`LocalKernels`Private`speed$59201, SubKernels`LocalKernels`Private`preemptive$59201]], Parallel`Kernels`Private`id$59210, Parallel`Kernels`Private`name$59210], Parallel`Kernels`Private`ek[Parallel`Kernels`Private`nev$59211, Parallel`Kernels`Private`pb$59211, Parallel`Kernels`Private`rd$59211], Parallel`Kernels`Private`sk[Parallel`Kernels`Private`q$59212, Parallel`Kernels`Private`n0$59212, Parallel`Kernels`Private`n1$59212]]]
NIntegrate::ncvb: NIntegrate failed to converge to prescribed accuracy after 2 recursive bisections in yD near {xD, yD} = {0.0142206, -0.0103897}. NIntegrate obtained 0.0564806 and 0.0000596611 for the integral and error estimates.
StringForm[From `1`:, Parallel`Kernels`kernel[Parallel`Kernels`Private`bk[SubKernels`LocalKernels`localKernel[SubKernels`LocalKernels`Private`lk[LinkObject[/usr/local/Wolfram/Mathematica/12.0/Executables/wolfram -subkernel -noinit -nopaclet -wstp, 208, 1], {/usr/local/Wolfram/Mathematica/12.0/Executables/wolfram -subkernel -noinit -nopaclet -wstp}, SubKernels`LocalKernels`Private`speed$59200, SubKernels`LocalKernels`Private`preemptive$59200]], Parallel`Kernels`Private`id$59206, Parallel`Kernels`Private`name$59206], Parallel`Kernels`Private`ek[Parallel`Kernels`Private`nev$59207, Parallel`Kernels`Private`pb$59207, Parallel`Kernels`Private`rd$59207], Parallel`Kernels`Private`sk[Parallel`Kernels`Private`q$59208, Parallel`Kernels`Private`n0$59208, Parallel`Kernels`Private`n1$59208]]]
NIntegrate::ncvb: NIntegrate failed to converge to prescribed accuracy after 2 recursive bisections in yD near {xD, yD} = {0.0192206, 0.0271083}. NIntegrate obtained 0.0147512 and 0.0000310477 for the integral and error estimates.
StringForm[From `1`:, Parallel`Kernels`kernel[Parallel`Kernels`Private`bk[SubKernels`LocalKernels`localKernel[SubKernels`LocalKernels`Private`lk[LinkObject[/usr/local/Wolfram/Mathematica/12.0/Executables/wolfram -subkernel -noinit -nopaclet -wstp, 209, 2], {/usr/local/Wolfram/Mathematica/12.0/Executables/wolfram -subkernel -noinit -nopaclet -wstp}, SubKernels`LocalKernels`Private`speed$59201, SubKernels`LocalKernels`Private`preemptive$59201]], Parallel`Kernels`Private`id$59210, Parallel`Kernels`Private`name$59210], Parallel`Kernels`Private`ek[Parallel`Kernels`Private`nev$59211, Parallel`Kernels`Private`pb$59211, Parallel`Kernels`Private`rd$59211], Parallel`Kernels`Private`sk[Parallel`Kernels`Private`q$59212, Parallel`Kernels`Private`n0$59212, Parallel`Kernels`Private`n1$59212]]]
NIntegrate::ncvb: NIntegrate failed to converge to prescribed accuracy after 2 recursive bisections in yD near {xD, yD} = {0.0171103, -0.0153897}. NIntegrate obtained 0.0000530645 and 0.0000145823 for the integral and error estimates.
StringForm[From `1`:, Parallel`Kernels`kernel[Parallel`Kernels`Private`bk[SubKernels`LocalKernels`localKernel[SubKernels`LocalKernels`Private`lk[LinkObject[/usr/local/Wolfram/Mathematica/12.0/Executables/wolfram -subkernel -noinit -nopaclet -wstp, 208, 1], {/usr/local/Wolfram/Mathematica/12.0/Executables/wolfram -subkernel -noinit -nopaclet -wstp}, SubKernels`LocalKernels`Private`speed$59200, SubKernels`LocalKernels`Private`preemptive$59200]], Parallel`Kernels`Private`id$59206, Parallel`Kernels`Private`name$59206], Parallel`Kernels`Private`ek[Parallel`Kernels`Private`nev$59207, Parallel`Kernels`Private`pb$59207, Parallel`Kernels`Private`rd$59207], Parallel`Kernels`Private`sk[Parallel`Kernels`Private`q$59208, Parallel`Kernels`Private`n0$59208, Parallel`Kernels`Private`n1$59208]]]
NIntegrate::ncvb: NIntegrate failed to converge to prescribed accuracy after 2 recursive bisections in yD near {xD, yD} = {0.0242206, 0.0271083}. NIntegrate obtained 0.00642035 and 0.000128108 for the integral and error estimates.
StringForm[From `1`:, Parallel`Kernels`kernel[Parallel`Kernels`Private`bk[SubKernels`LocalKernels`localKernel[SubKernels`LocalKernels`Private`lk[LinkObject[/usr/local/Wolfram/Mathematica/12.0/Executables/wolfram -subkernel -noinit -nopaclet -wstp, 210, 3], {/usr/local/Wolfram/Mathematica/12.0/Executables/wolfram -subkernel -noinit -nopaclet -wstp}, SubKernels`LocalKernels`Private`speed$59202, SubKernels`LocalKernels`Private`preemptive$59202]], Parallel`Kernels`Private`id$59214, Parallel`Kernels`Private`name$59214], Parallel`Kernels`Private`ek[Parallel`Kernels`Private`nev$59215, Parallel`Kernels`Private`pb$59215, Parallel`Kernels`Private`rd$59215], Parallel`Kernels`Private`sk[Parallel`Kernels`Private`q$59216, Parallel`Kernels`Private`n0$59216, Parallel`Kernels`Private`n1$59216]]]
NIntegrate::ncvb: NIntegrate failed to converge to prescribed accuracy after 2 recursive bisections in yD near {xD, yD} = {0.0192206, -0.00788969}. NIntegrate obtained 0.0368151 and 0.000104695 for the integral and error estimates.
StringForm[From `1`:, Parallel`Kernels`kernel[Parallel`Kernels`Private`bk[SubKernels`LocalKernels`localKernel[SubKernels`LocalKernels`Private`lk[LinkObject[/usr/local/Wolfram/Mathematica/12.0/Executables/wolfram -subkernel -noinit -nopaclet -wstp, 208, 1], {/usr/local/Wolfram/Mathematica/12.0/Executables/wolfram -subkernel -noinit -nopaclet -wstp}, SubKernels`LocalKernels`Private`speed$59200, SubKernels`LocalKernels`Private`preemptive$59200]], Parallel`Kernels`Private`id$59206, Parallel`Kernels`Private`name$59206], Parallel`Kernels`Private`ek[Parallel`Kernels`Private`nev$59207, Parallel`Kernels`Private`pb$59207, Parallel`Kernels`Private`rd$59207], Parallel`Kernels`Private`sk[Parallel`Kernels`Private`q$59208, Parallel`Kernels`Private`n0$59208, Parallel`Kernels`Private`n1$59208]]]
NIntegrate::ncvb: NIntegrate failed to converge to prescribed accuracy after 2 recursive bisections in yD near {xD, yD} = {0.0292206, 0.0271083}. NIntegrate obtained 0.00172763 and 0.000060768 for the integral and error estimates.
StringForm[From `1`:, Parallel`Kernels`kernel[Parallel`Kernels`Private`bk[SubKernels`LocalKernels`localKernel[SubKernels`LocalKernels`Private`lk[LinkObject[/usr/local/Wolfram/Mathematica/12.0/Executables/wolfram -subkernel -noinit -nopaclet -wstp, 209, 2], {/usr/local/Wolfram/Mathematica/12.0/Executables/wolfram -subkernel -noinit -nopaclet -wstp}, SubKernels`LocalKernels`Private`speed$59201, SubKernels`LocalKernels`Private`preemptive$59201]], Parallel`Kernels`Private`id$59210, Parallel`Kernels`Private`name$59210], Parallel`Kernels`Private`ek[Parallel`Kernels`Private`nev$59211, Parallel`Kernels`Private`pb$59211, Parallel`Kernels`Private`rd$59211], Parallel`Kernels`Private`sk[Parallel`Kernels`Private`q$59212, Parallel`Kernels`Private`n0$59212, Parallel`Kernels`Private`n1$59212]]]
NIntegrate::ncvb: NIntegrate failed to converge to prescribed accuracy after 2 recursive bisections in yD near {xD, yD} = {0.0242206, -0.00788969}. NIntegrate obtained 0.0179634 and 0.0000532387 for the integral and error estimates.
StringForm[From `1`:, Parallel`Kernels`kernel[Parallel`Kernels`Private`bk[SubKernels`LocalKernels`localKernel[SubKernels`LocalKernels`Private`lk[LinkObject[/usr/local/Wolfram/Mathematica/12.0/Executables/wolfram -subkernel -noinit -nopaclet -wstp, 208, 1], {/usr/local/Wolfram/Mathematica/12.0/Executables/wolfram -subkernel -noinit -nopaclet -wstp}, SubKernels`LocalKernels`Private`speed$59200, SubKernels`LocalKernels`Private`preemptive$59200]], Parallel`Kernels`Private`id$59206, Parallel`Kernels`Private`name$59206], Parallel`Kernels`Private`ek[Parallel`Kernels`Private`nev$59207, Parallel`Kernels`Private`pb$59207, Parallel`Kernels`Private`rd$59207], Parallel`Kernels`Private`sk[Parallel`Kernels`Private`q$59208, Parallel`Kernels`Private`n0$59208, Parallel`Kernels`Private`n1$59208]]]
NIntegrate::ncvb: NIntegrate failed to converge to prescribed accuracy after 2 recursive bisections in yD near {xD, yD} = {0.0342206, -0.00788969}. NIntegrate obtained 0.000574078 and 0.0000107502 for the integral and error estimates.
StringForm[From `1`:, Parallel`Kernels`kernel[Parallel`Kernels`Private`bk[SubKernels`LocalKernels`localKernel[SubKernels`LocalKernels`Private`lk[LinkObject[/usr/local/Wolfram/Mathematica/12.0/Executables/wolfram -subkernel -noinit -nopaclet -wstp, 210, 3], {/usr/local/Wolfram/Mathematica/12.0/Executables/wolfram -subkernel -noinit -nopaclet -wstp}, SubKernels`LocalKernels`Private`speed$59202, SubKernels`LocalKernels`Private`preemptive$59202]], Parallel`Kernels`Private`id$59214, Parallel`Kernels`Private`name$59214], Parallel`Kernels`Private`ek[Parallel`Kernels`Private`nev$59215, Parallel`Kernels`Private`pb$59215, Parallel`Kernels`Private`rd$59215], Parallel`Kernels`Private`sk[Parallel`Kernels`Private`q$59216, Parallel`Kernels`Private`n0$59216, Parallel`Kernels`Private`n1$59216]]]
NIntegrate::ncvb: NIntegrate failed to converge to prescribed accuracy after 2 recursive bisections in yD near {xD, yD} = {0.0292206, -0.00788969}. NIntegrate obtained 0.00534312 and 0.0000285306 for the integral and error estimates.
b = -7e-4
Time consumption: 12.541195443055555
MaxMemUse :185.5065460205078 MB
