Configured Kernels: {SubKernels`LocalKernels`LocalMachine[4, SubKernels`LocalKernels`LowerPriority -> True]}
Processor Count: 4

Set::wrsym: Symbol pmax is Protected.
Modules loaded ...
3 Kernels launched ...
Run started at Tue 3 Nov 2020 11:36:11, Bins: {1, 98}
StringForm[From `1`:, Parallel`Kernels`kernel[Parallel`Kernels`Private`bk[SubKernels`LocalKernels`localKernel[SubKernels`LocalKernels`Private`lk[LinkObject[/usr/local/Wolfram/Mathematica/12.0/Executables/wolfram -subkernel -noinit -nopaclet -wstp, 208, 1], {/usr/local/Wolfram/Mathematica/12.0/Executables/wolfram -subkernel -noinit -nopaclet -wstp}, SubKernels`LocalKernels`Private`speed$43515, SubKernels`LocalKernels`Private`preemptive$43515]], Parallel`Kernels`Private`id$43521, Parallel`Kernels`Private`name$43521], Parallel`Kernels`Private`ek[Parallel`Kernels`Private`nev$43522, Parallel`Kernels`Private`pb$43522, Parallel`Kernels`Private`rd$43522], Parallel`Kernels`Private`sk[Parallel`Kernels`Private`q$43523, Parallel`Kernels`Private`n0$43523, Parallel`Kernels`Private`n1$43523]]]
                                                                                                                                                                                 -6               -6
NIntegrate::ncvb: NIntegrate failed to converge to prescribed accuracy after 2 recursive bisections in yD near {xD, yD} = {-0.0307794, 0.0471083}. NIntegrate obtained 8.33108 10   and 2.07433 10   for the integral and error estimates.
StringForm[From `1`:, Parallel`Kernels`kernel[Parallel`Kernels`Private`bk[SubKernels`LocalKernels`localKernel[SubKernels`LocalKernels`Private`lk[LinkObject[/usr/local/Wolfram/Mathematica/12.0/Executables/wolfram -subkernel -noinit -nopaclet -wstp, 209, 2], {/usr/local/Wolfram/Mathematica/12.0/Executables/wolfram -subkernel -noinit -nopaclet -wstp}, SubKernels`LocalKernels`Private`speed$43516, SubKernels`LocalKernels`Private`preemptive$43516]], Parallel`Kernels`Private`id$43525, Parallel`Kernels`Private`name$43525], Parallel`Kernels`Private`ek[Parallel`Kernels`Private`nev$43526, Parallel`Kernels`Private`pb$43526, Parallel`Kernels`Private`rd$43526], Parallel`Kernels`Private`sk[Parallel`Kernels`Private`q$43527, Parallel`Kernels`Private`n0$43527, Parallel`Kernels`Private`n1$43527]]]
                                                                                                                                                                                                 -6
NIntegrate::ncvb: NIntegrate failed to converge to prescribed accuracy after 2 recursive bisections in yD near {xD, yD} = {-0.0307794, 0.0421083}. NIntegrate obtained 0.000564649 and 1.28388 10   for the integral and error estimates.
StringForm[From `1`:, Parallel`Kernels`kernel[Parallel`Kernels`Private`bk[SubKernels`LocalKernels`localKernel[SubKernels`LocalKernels`Private`lk[LinkObject[/usr/local/Wolfram/Mathematica/12.0/Executables/wolfram -subkernel -noinit -nopaclet -wstp, 208, 1], {/usr/local/Wolfram/Mathematica/12.0/Executables/wolfram -subkernel -noinit -nopaclet -wstp}, SubKernels`LocalKernels`Private`speed$43515, SubKernels`LocalKernels`Private`preemptive$43515]], Parallel`Kernels`Private`id$43521, Parallel`Kernels`Private`name$43521], Parallel`Kernels`Private`ek[Parallel`Kernels`Private`nev$43522, Parallel`Kernels`Private`pb$43522, Parallel`Kernels`Private`rd$43522], Parallel`Kernels`Private`sk[Parallel`Kernels`Private`q$43523, Parallel`Kernels`Private`n0$43523, Parallel`Kernels`Private`n1$43523]]]
                                                                                                                                                                                 -6               -6
NIntegrate::ncvb: NIntegrate failed to converge to prescribed accuracy after 2 recursive bisections in yD near {xD, yD} = {-0.0257794, 0.0471083}. NIntegrate obtained 4.78519 10   and 2.00035 10   for the integral and error estimates.
StringForm[From `1`:, Parallel`Kernels`kernel[Parallel`Kernels`Private`bk[SubKernels`LocalKernels`localKernel[SubKernels`LocalKernels`Private`lk[LinkObject[/usr/local/Wolfram/Mathematica/12.0/Executables/wolfram -subkernel -noinit -nopaclet -wstp, 208, 1], {/usr/local/Wolfram/Mathematica/12.0/Executables/wolfram -subkernel -noinit -nopaclet -wstp}, SubKernels`LocalKernels`Private`speed$43515, SubKernels`LocalKernels`Private`preemptive$43515]], Parallel`Kernels`Private`id$43521, Parallel`Kernels`Private`name$43521], Parallel`Kernels`Private`ek[Parallel`Kernels`Private`nev$43522, Parallel`Kernels`Private`pb$43522, Parallel`Kernels`Private`rd$43522], Parallel`Kernels`Private`sk[Parallel`Kernels`Private`q$43523, Parallel`Kernels`Private`n0$43523, Parallel`Kernels`Private`n1$43523]]]
                                                                                                                                                                                                -6
NIntegrate::ncvb: NIntegrate failed to converge to prescribed accuracy after 2 recursive bisections in xD near {xD, yD} = {-0.0251948, 0.0434392}. NIntegrate obtained 0.00115859 and 4.46719 10   for the integral and error estimates.
StringForm[From `1`:, Parallel`Kernels`kernel[Parallel`Kernels`Private`bk[SubKernels`LocalKernels`localKernel[SubKernels`LocalKernels`Private`lk[LinkObject[/usr/local/Wolfram/Mathematica/12.0/Executables/wolfram -subkernel -noinit -nopaclet -wstp, 210, 3], {/usr/local/Wolfram/Mathematica/12.0/Executables/wolfram -subkernel -noinit -nopaclet -wstp}, SubKernels`LocalKernels`Private`speed$43517, SubKernels`LocalKernels`Private`preemptive$43517]], Parallel`Kernels`Private`id$43529, Parallel`Kernels`Private`name$43529], Parallel`Kernels`Private`ek[Parallel`Kernels`Private`nev$43530, Parallel`Kernels`Private`pb$43530, Parallel`Kernels`Private`rd$43530], Parallel`Kernels`Private`sk[Parallel`Kernels`Private`q$43531, Parallel`Kernels`Private`n0$43531, Parallel`Kernels`Private`n1$43531]]]
                                                                                                                                                                                                 -6
NIntegrate::ncvb: NIntegrate failed to converge to prescribed accuracy after 2 recursive bisections in yD near {xD, yD} = {-0.0257794, -0.0153897}. NIntegrate obtained 0.00185609 and 6.14704 10   for the integral and error estimates.
b = 0e-4
Time consumption: 12.156361336111111
MaxMemUse :143.04544830322266 MB
Configured Kernels: {SubKernels`LocalKernels`LocalMachine[4, SubKernels`LocalKernels`LowerPriority -> True]}
Processor Count: 4

Set::wrsym: Symbol pmax is Protected.
Modules loaded ...
3 Kernels launched ...
Run started at Tue 3 Nov 2020 23:45:35, Bins: {99, 106}
StringForm[From `1`:, Parallel`Kernels`kernel[Parallel`Kernels`Private`bk[SubKernels`LocalKernels`localKernel[SubKernels`LocalKernels`Private`lk[LinkObject[/usr/local/Wolfram/Mathematica/12.0/Executables/wolfram -subkernel -noinit -nopaclet -wstp, 209, 2], {/usr/local/Wolfram/Mathematica/12.0/Executables/wolfram -subkernel -noinit -nopaclet -wstp}, SubKernels`LocalKernels`Private`speed$59384, SubKernels`LocalKernels`Private`preemptive$59384]], Parallel`Kernels`Private`id$59393, Parallel`Kernels`Private`name$59393], Parallel`Kernels`Private`ek[Parallel`Kernels`Private`nev$59394, Parallel`Kernels`Private`pb$59394, Parallel`Kernels`Private`rd$59394], Parallel`Kernels`Private`sk[Parallel`Kernels`Private`q$59395, Parallel`Kernels`Private`n0$59395, Parallel`Kernels`Private`n1$59395]]]
NIntegrate::ncvb: NIntegrate failed to converge to prescribed accuracy after 2 recursive bisections in yD near {xD, yD} = {-0.0207794, 0.0246083}. NIntegrate obtained 0.0300872 and 0.0000440176 for the integral and error estimates.
b = 0e-4
Time consumption: 6.659020849166667
MaxMemUse :143.3538818359375 MB
Configured Kernels: {SubKernels`LocalKernels`LocalMachine[4, SubKernels`LocalKernels`LowerPriority -> True]}
Processor Count: 4

Set::wrsym: Symbol pmax is Protected.
Modules loaded ...
3 Kernels launched ...
Run started at Wed 4 Nov 2020 06:25:08, Bins: {107, 122}
StringForm[From `1`:, Parallel`Kernels`kernel[Parallel`Kernels`Private`bk[SubKernels`LocalKernels`localKernel[SubKernels`LocalKernels`Private`lk[LinkObject[/usr/local/Wolfram/Mathematica/12.0/Executables/wolfram -subkernel -noinit -nopaclet -wstp, 209, 2], {/usr/local/Wolfram/Mathematica/12.0/Executables/wolfram -subkernel -noinit -nopaclet -wstp}, SubKernels`LocalKernels`Private`speed$58374, SubKernels`LocalKernels`Private`preemptive$58374]], Parallel`Kernels`Private`id$58383, Parallel`Kernels`Private`name$58383], Parallel`Kernels`Private`ek[Parallel`Kernels`Private`nev$58384, Parallel`Kernels`Private`pb$58384, Parallel`Kernels`Private`rd$58384], Parallel`Kernels`Private`sk[Parallel`Kernels`Private`q$58385, Parallel`Kernels`Private`n0$58385, Parallel`Kernels`Private`n1$58385]]]
NIntegrate::ncvb: NIntegrate failed to converge to prescribed accuracy after 2 recursive bisections in yD near {xD, yD} = {-0.0228897, -0.0278897}. NIntegrate obtained 0.000159489 and 0.0000148254 for the integral and error estimates.
StringForm[From `1`:, Parallel`Kernels`kernel[Parallel`Kernels`Private`bk[SubKernels`LocalKernels`localKernel[SubKernels`LocalKernels`Private`lk[LinkObject[/usr/local/Wolfram/Mathematica/12.0/Executables/wolfram -subkernel -noinit -nopaclet -wstp, 210, 3], {/usr/local/Wolfram/Mathematica/12.0/Executables/wolfram -subkernel -noinit -nopaclet -wstp}, SubKernels`LocalKernels`Private`speed$58375, SubKernels`LocalKernels`Private`preemptive$58375]], Parallel`Kernels`Private`id$58387, Parallel`Kernels`Private`name$58387], Parallel`Kernels`Private`ek[Parallel`Kernels`Private`nev$58388, Parallel`Kernels`Private`pb$58388, Parallel`Kernels`Private`rd$58388], Parallel`Kernels`Private`sk[Parallel`Kernels`Private`q$58389, Parallel`Kernels`Private`n0$58389, Parallel`Kernels`Private`n1$58389]]]
NIntegrate::ncvb: NIntegrate failed to converge to prescribed accuracy after 2 recursive bisections in yD near {xD, yD} = {-0.0207794, -0.0153897}. NIntegrate obtained 0.00348705 and 0.0000250397 for the integral and error estimates.
StringForm[From `1`:, Parallel`Kernels`kernel[Parallel`Kernels`Private`bk[SubKernels`LocalKernels`localKernel[SubKernels`LocalKernels`Private`lk[LinkObject[/usr/local/Wolfram/Mathematica/12.0/Executables/wolfram -subkernel -noinit -nopaclet -wstp, 208, 1], {/usr/local/Wolfram/Mathematica/12.0/Executables/wolfram -subkernel -noinit -nopaclet -wstp}, SubKernels`LocalKernels`Private`speed$58373, SubKernels`LocalKernels`Private`preemptive$58373]], Parallel`Kernels`Private`id$58379, Parallel`Kernels`Private`name$58379], Parallel`Kernels`Private`ek[Parallel`Kernels`Private`nev$58380, Parallel`Kernels`Private`pb$58380, Parallel`Kernels`Private`rd$58380], Parallel`Kernels`Private`sk[Parallel`Kernels`Private`q$58381, Parallel`Kernels`Private`n0$58381, Parallel`Kernels`Private`n1$58381]]]
NIntegrate::ncvb: NIntegrate failed to converge to prescribed accuracy after 2 recursive bisections in yD near {xD, yD} = {-0.0178897, 0.0446083}. NIntegrate obtained 0.00270889 and 0.0000270253 for the integral and error estimates.
StringForm[From `1`:, Parallel`Kernels`kernel[Parallel`Kernels`Private`bk[SubKernels`LocalKernels`localKernel[SubKernels`LocalKernels`Private`lk[LinkObject[/usr/local/Wolfram/Mathematica/12.0/Executables/wolfram -subkernel -noinit -nopaclet -wstp, 210, 3], {/usr/local/Wolfram/Mathematica/12.0/Executables/wolfram -subkernel -noinit -nopaclet -wstp}, SubKernels`LocalKernels`Private`speed$58375, SubKernels`LocalKernels`Private`preemptive$58375]], Parallel`Kernels`Private`id$58387, Parallel`Kernels`Private`name$58387], Parallel`Kernels`Private`ek[Parallel`Kernels`Private`nev$58388, Parallel`Kernels`Private`pb$58388, Parallel`Kernels`Private`rd$58388], Parallel`Kernels`Private`sk[Parallel`Kernels`Private`q$58389, Parallel`Kernels`Private`n0$58389, Parallel`Kernels`Private`n1$58389]]]
NIntegrate::ncvb: NIntegrate failed to converge to prescribed accuracy after 2 recursive bisections in xD near {xD, yD} = {-0.0176948, 0.0134392}. NIntegrate obtained 0.0633788 and 0.0000753886 for the integral and error estimates.
StringForm[From `1`:, Parallel`Kernels`kernel[Parallel`Kernels`Private`bk[SubKernels`LocalKernels`localKernel[SubKernels`LocalKernels`Private`lk[LinkObject[/usr/local/Wolfram/Mathematica/12.0/Executables/wolfram -subkernel -noinit -nopaclet -wstp, 210, 3], {/usr/local/Wolfram/Mathematica/12.0/Executables/wolfram -subkernel -noinit -nopaclet -wstp}, SubKernels`LocalKernels`Private`speed$58375, SubKernels`LocalKernels`Private`preemptive$58375]], Parallel`Kernels`Private`id$58387, Parallel`Kernels`Private`name$58387], Parallel`Kernels`Private`ek[Parallel`Kernels`Private`nev$58388, Parallel`Kernels`Private`pb$58388, Parallel`Kernels`Private`rd$58388], Parallel`Kernels`Private`sk[Parallel`Kernels`Private`q$58389, Parallel`Kernels`Private`n0$58389, Parallel`Kernels`Private`n1$58389]]]
NIntegrate::ncvb: NIntegrate failed to converge to prescribed accuracy after 2 recursive bisections in yD near {xD, yD} = {-0.0157794, -0.0253897}. NIntegrate obtained 0.000164426 and 0.0000143843 for the integral and error estimates.
StringForm[From `1`:, Parallel`Kernels`kernel[Parallel`Kernels`Private`bk[SubKernels`LocalKernels`localKernel[SubKernels`LocalKernels`Private`lk[LinkObject[/usr/local/Wolfram/Mathematica/12.0/Executables/wolfram -subkernel -noinit -nopaclet -wstp, 208, 1], {/usr/local/Wolfram/Mathematica/12.0/Executables/wolfram -subkernel -noinit -nopaclet -wstp}, SubKernels`LocalKernels`Private`speed$58373, SubKernels`LocalKernels`Private`preemptive$58373]], Parallel`Kernels`Private`id$58379, Parallel`Kernels`Private`name$58379], Parallel`Kernels`Private`ek[Parallel`Kernels`Private`nev$58380, Parallel`Kernels`Private`pb$58380, Parallel`Kernels`Private`rd$58380], Parallel`Kernels`Private`sk[Parallel`Kernels`Private`q$58381, Parallel`Kernels`Private`n0$58381, Parallel`Kernels`Private`n1$58381]]]
NIntegrate::ncvb: NIntegrate failed to converge to prescribed accuracy after 2 recursive bisections in yD near {xD, yD} = {-0.0157794, -0.00788969}. NIntegrate obtained 0.0292792 and 0.0000715042 for the integral and error estimates.
StringForm[From `1`:, Parallel`Kernels`kernel[Parallel`Kernels`Private`bk[SubKernels`LocalKernels`localKernel[SubKernels`LocalKernels`Private`lk[LinkObject[/usr/local/Wolfram/Mathematica/12.0/Executables/wolfram -subkernel -noinit -nopaclet -wstp, 209, 2], {/usr/local/Wolfram/Mathematica/12.0/Executables/wolfram -subkernel -noinit -nopaclet -wstp}, SubKernels`LocalKernels`Private`speed$58374, SubKernels`LocalKernels`Private`preemptive$58374]], Parallel`Kernels`Private`id$58383, Parallel`Kernels`Private`name$58383], Parallel`Kernels`Private`ek[Parallel`Kernels`Private`nev$58384, Parallel`Kernels`Private`pb$58384, Parallel`Kernels`Private`rd$58384], Parallel`Kernels`Private`sk[Parallel`Kernels`Private`q$58385, Parallel`Kernels`Private`n0$58385, Parallel`Kernels`Private`n1$58385]]]
                                                                                                                                                                                                 -6
NIntegrate::ncvb: NIntegrate failed to converge to prescribed accuracy after 2 recursive bisections in yD near {xD, yD} = {-0.0153897, -0.0228897}. NIntegrate obtained 0.00559725 and 9.74611 10   for the integral and error estimates.
b = 0e-4
Time consumption: 12.657424446388887
MaxMemUse :143.38595581054688 MB
Configured Kernels: {SubKernels`LocalKernels`LocalMachine[4, SubKernels`LocalKernels`LowerPriority -> True]}
Processor Count: 4

Set::wrsym: Symbol pmax is Protected.
Modules loaded ...
3 Kernels launched ...
Run started at Wed 4 Nov 2020 19:04:34, Bins: {123, 138}
StringForm[From `1`:, Parallel`Kernels`kernel[Parallel`Kernels`Private`bk[SubKernels`LocalKernels`localKernel[SubKernels`LocalKernels`Private`lk[LinkObject[/usr/local/Wolfram/Mathematica/12.0/Executables/wolfram -subkernel -noinit -nopaclet -wstp, 210, 3], {/usr/local/Wolfram/Mathematica/12.0/Executables/wolfram -subkernel -noinit -nopaclet -wstp}, SubKernels`LocalKernels`Private`speed$45559, SubKernels`LocalKernels`Private`preemptive$45559]], Parallel`Kernels`Private`id$45571, Parallel`Kernels`Private`name$45571], Parallel`Kernels`Private`ek[Parallel`Kernels`Private`nev$45572, Parallel`Kernels`Private`pb$45572, Parallel`Kernels`Private`rd$45572], Parallel`Kernels`Private`sk[Parallel`Kernels`Private`q$45573, Parallel`Kernels`Private`n0$45573, Parallel`Kernels`Private`n1$45573]]]
NIntegrate::ncvb: NIntegrate failed to converge to prescribed accuracy after 2 recursive bisections in yD near {xD, yD} = {-0.0107794, 0.0421083}. NIntegrate obtained 0.00322137 and 0.000229101 for the integral and error estimates.
StringForm[From `1`:, Parallel`Kernels`kernel[Parallel`Kernels`Private`bk[SubKernels`LocalKernels`localKernel[SubKernels`LocalKernels`Private`lk[LinkObject[/usr/local/Wolfram/Mathematica/12.0/Executables/wolfram -subkernel -noinit -nopaclet -wstp, 208, 1], {/usr/local/Wolfram/Mathematica/12.0/Executables/wolfram -subkernel -noinit -nopaclet -wstp}, SubKernels`LocalKernels`Private`speed$45557, SubKernels`LocalKernels`Private`preemptive$45557]], Parallel`Kernels`Private`id$45563, Parallel`Kernels`Private`name$45563], Parallel`Kernels`Private`ek[Parallel`Kernels`Private`nev$45564, Parallel`Kernels`Private`pb$45564, Parallel`Kernels`Private`rd$45564], Parallel`Kernels`Private`sk[Parallel`Kernels`Private`q$45565, Parallel`Kernels`Private`n0$45565, Parallel`Kernels`Private`n1$45565]]]
NIntegrate::ncvb: NIntegrate failed to converge to prescribed accuracy after 2 recursive bisections in yD near {xD, yD} = {-0.0107794, -0.0178897}. NIntegrate obtained 0.00768085 and 0.0000310709 for the integral and error estimates.
StringForm[From `1`:, Parallel`Kernels`kernel[Parallel`Kernels`Private`bk[SubKernels`LocalKernels`localKernel[SubKernels`LocalKernels`Private`lk[LinkObject[/usr/local/Wolfram/Mathematica/12.0/Executables/wolfram -subkernel -noinit -nopaclet -wstp, 210, 3], {/usr/local/Wolfram/Mathematica/12.0/Executables/wolfram -subkernel -noinit -nopaclet -wstp}, SubKernels`LocalKernels`Private`speed$45559, SubKernels`LocalKernels`Private`preemptive$45559]], Parallel`Kernels`Private`id$45571, Parallel`Kernels`Private`name$45571], Parallel`Kernels`Private`ek[Parallel`Kernels`Private`nev$45572, Parallel`Kernels`Private`pb$45572, Parallel`Kernels`Private`rd$45572], Parallel`Kernels`Private`sk[Parallel`Kernels`Private`q$45573, Parallel`Kernels`Private`n0$45573, Parallel`Kernels`Private`n1$45573]]]
NIntegrate::ncvb: NIntegrate failed to converge to prescribed accuracy after 2 recursive bisections in yD near {xD, yD} = {-0.0107794, -0.0253897}. NIntegrate obtained 0.0000454448 and 0.0000197581 for the integral and error estimates.
StringForm[From `1`:, Parallel`Kernels`kernel[Parallel`Kernels`Private`bk[SubKernels`LocalKernels`localKernel[SubKernels`LocalKernels`Private`lk[LinkObject[/usr/local/Wolfram/Mathematica/12.0/Executables/wolfram -subkernel -noinit -nopaclet -wstp, 209, 2], {/usr/local/Wolfram/Mathematica/12.0/Executables/wolfram -subkernel -noinit -nopaclet -wstp}, SubKernels`LocalKernels`Private`speed$45558, SubKernels`LocalKernels`Private`preemptive$45558]], Parallel`Kernels`Private`id$45567, Parallel`Kernels`Private`name$45567], Parallel`Kernels`Private`ek[Parallel`Kernels`Private`nev$45568, Parallel`Kernels`Private`pb$45568, Parallel`Kernels`Private`rd$45568], Parallel`Kernels`Private`sk[Parallel`Kernels`Private`q$45569, Parallel`Kernels`Private`n0$45569, Parallel`Kernels`Private`n1$45569]]]
NIntegrate::ncvb: NIntegrate failed to converge to prescribed accuracy after 2 recursive bisections in yD near {xD, yD} = {-0.0103897, 0.0271083}. NIntegrate obtained 0.0290963 and 0.0000534578 for the integral and error estimates.
StringForm[From `1`:, Parallel`Kernels`kernel[Parallel`Kernels`Private`bk[SubKernels`LocalKernels`localKernel[SubKernels`LocalKernels`Private`lk[LinkObject[/usr/local/Wolfram/Mathematica/12.0/Executables/wolfram -subkernel -noinit -nopaclet -wstp, 208, 1], {/usr/local/Wolfram/Mathematica/12.0/Executables/wolfram -subkernel -noinit -nopaclet -wstp}, SubKernels`LocalKernels`Private`speed$45557, SubKernels`LocalKernels`Private`preemptive$45557]], Parallel`Kernels`Private`id$45563, Parallel`Kernels`Private`name$45563], Parallel`Kernels`Private`ek[Parallel`Kernels`Private`nev$45564, Parallel`Kernels`Private`pb$45564, Parallel`Kernels`Private`rd$45564], Parallel`Kernels`Private`sk[Parallel`Kernels`Private`q$45565, Parallel`Kernels`Private`n0$45565, Parallel`Kernels`Private`n1$45565]]]
NIntegrate::ncvb: NIntegrate failed to converge to prescribed accuracy after 2 recursive bisections in yD near {xD, yD} = {-0.00577938, 0.0371083}. NIntegrate obtained 0.0028784 and 0.0000905192 for the integral and error estimates.
b = 0e-4
Time consumption: 18.078931495
MaxMemUse :143.09093475341797 MB
Configured Kernels: {SubKernels`LocalKernels`LocalMachine[4, SubKernels`LocalKernels`LowerPriority -> True]}
Processor Count: 4

Set::wrsym: Symbol pmax is Protected.
Modules loaded ...
3 Kernels launched ...
Run started at Thu 5 Nov 2020 13:09:20, Bins: {139, 154}
StringForm[From `1`:, Parallel`Kernels`kernel[Parallel`Kernels`Private`bk[SubKernels`LocalKernels`localKernel[SubKernels`LocalKernels`Private`lk[LinkObject[/usr/local/Wolfram/Mathematica/12.0/Executables/wolfram -subkernel -noinit -nopaclet -wstp, 208, 1], {/usr/local/Wolfram/Mathematica/12.0/Executables/wolfram -subkernel -noinit -nopaclet -wstp}, SubKernels`LocalKernels`Private`speed$59171, SubKernels`LocalKernels`Private`preemptive$59171]], Parallel`Kernels`Private`id$59177, Parallel`Kernels`Private`name$59177], Parallel`Kernels`Private`ek[Parallel`Kernels`Private`nev$59178, Parallel`Kernels`Private`pb$59178, Parallel`Kernels`Private`rd$59178], Parallel`Kernels`Private`sk[Parallel`Kernels`Private`q$59179, Parallel`Kernels`Private`n0$59179, Parallel`Kernels`Private`n1$59179]]]
NIntegrate::ncvb: NIntegrate failed to converge to prescribed accuracy after 2 recursive bisections in yD near {xD, yD} = {-0.000779382, 0.0396083}. NIntegrate obtained 0.00190695 and 0.0000721584 for the integral and error estimates.
StringForm[From `1`:, Parallel`Kernels`kernel[Parallel`Kernels`Private`bk[SubKernels`LocalKernels`localKernel[SubKernels`LocalKernels`Private`lk[LinkObject[/usr/local/Wolfram/Mathematica/12.0/Executables/wolfram -subkernel -noinit -nopaclet -wstp, 208, 1], {/usr/local/Wolfram/Mathematica/12.0/Executables/wolfram -subkernel -noinit -nopaclet -wstp}, SubKernels`LocalKernels`Private`speed$59171, SubKernels`LocalKernels`Private`preemptive$59171]], Parallel`Kernels`Private`id$59177, Parallel`Kernels`Private`name$59177], Parallel`Kernels`Private`ek[Parallel`Kernels`Private`nev$59178, Parallel`Kernels`Private`pb$59178, Parallel`Kernels`Private`rd$59178], Parallel`Kernels`Private`sk[Parallel`Kernels`Private`q$59179, Parallel`Kernels`Private`n0$59179, Parallel`Kernels`Private`n1$59179]]]
NIntegrate::ncvb: NIntegrate failed to converge to prescribed accuracy after 2 recursive bisections in yD near {xD, yD} = {-0.000779382, 0.0271083}. NIntegrate obtained 0.0411283 and 0.0000670153 for the integral and error estimates.
StringForm[From `1`:, Parallel`Kernels`kernel[Parallel`Kernels`Private`bk[SubKernels`LocalKernels`localKernel[SubKernels`LocalKernels`Private`lk[LinkObject[/usr/local/Wolfram/Mathematica/12.0/Executables/wolfram -subkernel -noinit -nopaclet -wstp, 209, 2], {/usr/local/Wolfram/Mathematica/12.0/Executables/wolfram -subkernel -noinit -nopaclet -wstp}, SubKernels`LocalKernels`Private`speed$59172, SubKernels`LocalKernels`Private`preemptive$59172]], Parallel`Kernels`Private`id$59181, Parallel`Kernels`Private`name$59181], Parallel`Kernels`Private`ek[Parallel`Kernels`Private`nev$59182, Parallel`Kernels`Private`pb$59182, Parallel`Kernels`Private`rd$59182], Parallel`Kernels`Private`sk[Parallel`Kernels`Private`q$59183, Parallel`Kernels`Private`n0$59183, Parallel`Kernels`Private`n1$59183]]]
NIntegrate::ncvb: NIntegrate failed to converge to prescribed accuracy after 2 recursive bisections in yD near {xD, yD} = {-0.00788969, -0.0228897}. NIntegrate obtained 0.0087699 and 0.000205353 for the integral and error estimates.
StringForm[From `1`:, Parallel`Kernels`kernel[Parallel`Kernels`Private`bk[SubKernels`LocalKernels`localKernel[SubKernels`LocalKernels`Private`lk[LinkObject[/usr/local/Wolfram/Mathematica/12.0/Executables/wolfram -subkernel -noinit -nopaclet -wstp, 209, 2], {/usr/local/Wolfram/Mathematica/12.0/Executables/wolfram -subkernel -noinit -nopaclet -wstp}, SubKernels`LocalKernels`Private`speed$59172, SubKernels`LocalKernels`Private`preemptive$59172]], Parallel`Kernels`Private`id$59181, Parallel`Kernels`Private`name$59181], Parallel`Kernels`Private`ek[Parallel`Kernels`Private`nev$59182, Parallel`Kernels`Private`pb$59182, Parallel`Kernels`Private`rd$59182], Parallel`Kernels`Private`sk[Parallel`Kernels`Private`q$59183, Parallel`Kernels`Private`n0$59183, Parallel`Kernels`Private`n1$59183]]]
NIntegrate::ncvb: NIntegrate failed to converge to prescribed accuracy after 2 recursive bisections in yD near {xD, yD} = {-0.000779382, -0.0203897}. NIntegrate obtained 0.00835536 and 0.000108304 for the integral and error estimates.
StringForm[From `1`:, Parallel`Kernels`kernel[Parallel`Kernels`Private`bk[SubKernels`LocalKernels`localKernel[SubKernels`LocalKernels`Private`lk[LinkObject[/usr/local/Wolfram/Mathematica/12.0/Executables/wolfram -subkernel -noinit -nopaclet -wstp, 210, 3], {/usr/local/Wolfram/Mathematica/12.0/Executables/wolfram -subkernel -noinit -nopaclet -wstp}, SubKernels`LocalKernels`Private`speed$59173, SubKernels`LocalKernels`Private`preemptive$59173]], Parallel`Kernels`Private`id$59185, Parallel`Kernels`Private`name$59185], Parallel`Kernels`Private`ek[Parallel`Kernels`Private`nev$59186, Parallel`Kernels`Private`pb$59186, Parallel`Kernels`Private`rd$59186], Parallel`Kernels`Private`sk[Parallel`Kernels`Private`q$59187, Parallel`Kernels`Private`n0$59187, Parallel`Kernels`Private`n1$59187]]]
NIntegrate::ncvb: NIntegrate failed to converge to prescribed accuracy after 2 recursive bisections in yD near {xD, yD} = {-0.000779382, -0.00788969}. NIntegrate obtained 0.0749334 and 0.000206625 for the integral and error estimates.
b = 0e-4
Time consumption: 10.997586741944446
MaxMemUse :143.39446258544922 MB
Configured Kernels: {SubKernels`LocalKernels`LocalMachine[4, SubKernels`LocalKernels`LowerPriority -> True]}
Processor Count: 4

Set::wrsym: Symbol pmax is Protected.
Modules loaded ...
3 Kernels launched ...
Run started at Fri 6 Nov 2020 00:09:13, Bins: {155, 178}
StringForm[From `1`:, Parallel`Kernels`kernel[Parallel`Kernels`Private`bk[SubKernels`LocalKernels`localKernel[SubKernels`LocalKernels`Private`lk[LinkObject[/usr/local/Wolfram/Mathematica/12.0/Executables/wolfram -subkernel -noinit -nopaclet -wstp, 209, 2], {/usr/local/Wolfram/Mathematica/12.0/Executables/wolfram -subkernel -noinit -nopaclet -wstp}, SubKernels`LocalKernels`Private`speed$59752, SubKernels`LocalKernels`Private`preemptive$59752]], Parallel`Kernels`Private`id$59761, Parallel`Kernels`Private`name$59761], Parallel`Kernels`Private`ek[Parallel`Kernels`Private`nev$59762, Parallel`Kernels`Private`pb$59762, Parallel`Kernels`Private`rd$59762], Parallel`Kernels`Private`sk[Parallel`Kernels`Private`q$59763, Parallel`Kernels`Private`n0$59763, Parallel`Kernels`Private`n1$59763]]]
NIntegrate::ncvb: NIntegrate failed to converge to prescribed accuracy after 2 recursive bisections in yD near {xD, yD} = {0.00422062, 0.0371083}. NIntegrate obtained 0.00061666 and 0.000401706 for the integral and error estimates.
StringForm[From `1`:, Parallel`Kernels`kernel[Parallel`Kernels`Private`bk[SubKernels`LocalKernels`localKernel[SubKernels`LocalKernels`Private`lk[LinkObject[/usr/local/Wolfram/Mathematica/12.0/Executables/wolfram -subkernel -noinit -nopaclet -wstp, 208, 1], {/usr/local/Wolfram/Mathematica/12.0/Executables/wolfram -subkernel -noinit -nopaclet -wstp}, SubKernels`LocalKernels`Private`speed$59751, SubKernels`LocalKernels`Private`preemptive$59751]], Parallel`Kernels`Private`id$59757, Parallel`Kernels`Private`name$59757], Parallel`Kernels`Private`ek[Parallel`Kernels`Private`nev$59758, Parallel`Kernels`Private`pb$59758, Parallel`Kernels`Private`rd$59758], Parallel`Kernels`Private`sk[Parallel`Kernels`Private`q$59759, Parallel`Kernels`Private`n0$59759, Parallel`Kernels`Private`n1$59759]]]
NIntegrate::ncvb: NIntegrate failed to converge to prescribed accuracy after 2 recursive bisections in yD near {xD, yD} = {0.00422062, 0.0296083}. NIntegrate obtained 0.0400337 and 0.0000491284 for the integral and error estimates.
StringForm[From `1`:, Parallel`Kernels`kernel[Parallel`Kernels`Private`bk[SubKernels`LocalKernels`localKernel[SubKernels`LocalKernels`Private`lk[LinkObject[/usr/local/Wolfram/Mathematica/12.0/Executables/wolfram -subkernel -noinit -nopaclet -wstp, 208, 1], {/usr/local/Wolfram/Mathematica/12.0/Executables/wolfram -subkernel -noinit -nopaclet -wstp}, SubKernels`LocalKernels`Private`speed$59751, SubKernels`LocalKernels`Private`preemptive$59751]], Parallel`Kernels`Private`id$59757, Parallel`Kernels`Private`name$59757], Parallel`Kernels`Private`ek[Parallel`Kernels`Private`nev$59758, Parallel`Kernels`Private`pb$59758, Parallel`Kernels`Private`rd$59758], Parallel`Kernels`Private`sk[Parallel`Kernels`Private`q$59759, Parallel`Kernels`Private`n0$59759, Parallel`Kernels`Private`n1$59759]]]
NIntegrate::ncvb: NIntegrate failed to converge to prescribed accuracy after 2 recursive bisections in xD near {xD, yD} = {0.00605515, 0.0434392}. NIntegrate obtained 0.0000543707 and 0.0000180097 for the integral and error estimates.
StringForm[From `1`:, Parallel`Kernels`kernel[Parallel`Kernels`Private`bk[SubKernels`LocalKernels`localKernel[SubKernels`LocalKernels`Private`lk[LinkObject[/usr/local/Wolfram/Mathematica/12.0/Executables/wolfram -subkernel -noinit -nopaclet -wstp, 210, 3], {/usr/local/Wolfram/Mathematica/12.0/Executables/wolfram -subkernel -noinit -nopaclet -wstp}, SubKernels`LocalKernels`Private`speed$59753, SubKernels`LocalKernels`Private`preemptive$59753]], Parallel`Kernels`Private`id$59765, Parallel`Kernels`Private`name$59765], Parallel`Kernels`Private`ek[Parallel`Kernels`Private`nev$59766, Parallel`Kernels`Private`pb$59766, Parallel`Kernels`Private`rd$59766], Parallel`Kernels`Private`sk[Parallel`Kernels`Private`q$59767, Parallel`Kernels`Private`n0$59767, Parallel`Kernels`Private`n1$59767]]]
NIntegrate::ncvb: NIntegrate failed to converge to prescribed accuracy after 2 recursive bisections in yD near {xD, yD} = {0.00211031, -0.0203897}. NIntegrate obtained 0.00624117 and 0.0000587013 for the integral and error estimates.
StringForm[From `1`:, Parallel`Kernels`kernel[Parallel`Kernels`Private`bk[SubKernels`LocalKernels`localKernel[SubKernels`LocalKernels`Private`lk[LinkObject[/usr/local/Wolfram/Mathematica/12.0/Executables/wolfram -subkernel -noinit -nopaclet -wstp, 208, 1], {/usr/local/Wolfram/Mathematica/12.0/Executables/wolfram -subkernel -noinit -nopaclet -wstp}, SubKernels`LocalKernels`Private`speed$59751, SubKernels`LocalKernels`Private`preemptive$59751]], Parallel`Kernels`Private`id$59757, Parallel`Kernels`Private`name$59757], Parallel`Kernels`Private`ek[Parallel`Kernels`Private`nev$59758, Parallel`Kernels`Private`pb$59758, Parallel`Kernels`Private`rd$59758], Parallel`Kernels`Private`sk[Parallel`Kernels`Private`q$59759, Parallel`Kernels`Private`n0$59759, Parallel`Kernels`Private`n1$59759]]]
NIntegrate::ncvb: NIntegrate failed to converge to prescribed accuracy after 2 recursive bisections in yD near {xD, yD} = {0.00922062, 0.0296083}. NIntegrate obtained 0.0333313 and 0.0000477935 for the integral and error estimates.
StringForm[From `1`:, Parallel`Kernels`kernel[Parallel`Kernels`Private`bk[SubKernels`LocalKernels`localKernel[SubKernels`LocalKernels`Private`lk[LinkObject[/usr/local/Wolfram/Mathematica/12.0/Executables/wolfram -subkernel -noinit -nopaclet -wstp, 209, 2], {/usr/local/Wolfram/Mathematica/12.0/Executables/wolfram -subkernel -noinit -nopaclet -wstp}, SubKernels`LocalKernels`Private`speed$59752, SubKernels`LocalKernels`Private`preemptive$59752]], Parallel`Kernels`Private`id$59761, Parallel`Kernels`Private`name$59761], Parallel`Kernels`Private`ek[Parallel`Kernels`Private`nev$59762, Parallel`Kernels`Private`pb$59762, Parallel`Kernels`Private`rd$59762], Parallel`Kernels`Private`sk[Parallel`Kernels`Private`q$59763, Parallel`Kernels`Private`n0$59763, Parallel`Kernels`Private`n1$59763]]]
NIntegrate::ncvb: NIntegrate failed to converge to prescribed accuracy after 2 recursive bisections in yD near {xD, yD} = {0.00922062, 0.0196083}. NIntegrate obtained 0.135818 and 0.000530132 for the integral and error estimates.
StringForm[From `1`:, Parallel`Kernels`kernel[Parallel`Kernels`Private`bk[SubKernels`LocalKernels`localKernel[SubKernels`LocalKernels`Private`lk[LinkObject[/usr/local/Wolfram/Mathematica/12.0/Executables/wolfram -subkernel -noinit -nopaclet -wstp, 210, 3], {/usr/local/Wolfram/Mathematica/12.0/Executables/wolfram -subkernel -noinit -nopaclet -wstp}, SubKernels`LocalKernels`Private`speed$59753, SubKernels`LocalKernels`Private`preemptive$59753]], Parallel`Kernels`Private`id$59765, Parallel`Kernels`Private`name$59765], Parallel`Kernels`Private`ek[Parallel`Kernels`Private`nev$59766, Parallel`Kernels`Private`pb$59766, Parallel`Kernels`Private`rd$59766], Parallel`Kernels`Private`sk[Parallel`Kernels`Private`q$59767, Parallel`Kernels`Private`n0$59767, Parallel`Kernels`Private`n1$59767]]]
NIntegrate::ncvb: NIntegrate failed to converge to prescribed accuracy after 2 recursive bisections in yD near {xD, yD} = {0.00922062, -0.0178897}. NIntegrate obtained 0.0035602 and 0.000508887 for the integral and error estimates.
StringForm[From `1`:, Parallel`Kernels`kernel[Parallel`Kernels`Private`bk[SubKernels`LocalKernels`localKernel[SubKernels`LocalKernels`Private`lk[LinkObject[/usr/local/Wolfram/Mathematica/12.0/Executables/wolfram -subkernel -noinit -nopaclet -wstp, 208, 1], {/usr/local/Wolfram/Mathematica/12.0/Executables/wolfram -subkernel -noinit -nopaclet -wstp}, SubKernels`LocalKernels`Private`speed$59751, SubKernels`LocalKernels`Private`preemptive$59751]], Parallel`Kernels`Private`id$59757, Parallel`Kernels`Private`name$59757], Parallel`Kernels`Private`ek[Parallel`Kernels`Private`nev$59758, Parallel`Kernels`Private`pb$59758, Parallel`Kernels`Private`rd$59758], Parallel`Kernels`Private`sk[Parallel`Kernels`Private`q$59759, Parallel`Kernels`Private`n0$59759, Parallel`Kernels`Private`n1$59759]]]
NIntegrate::ncvb: NIntegrate failed to converge to prescribed accuracy after 2 recursive bisections in yD near {xD, yD} = {0.00922062, -0.0128897}. NIntegrate obtained 0.0740292 and 0.000122794 for the integral and error estimates.
b = 0e-4
Time consumption: 18.520472764166666
MaxMemUse :143.3964080810547 MB
Configured Kernels: {SubKernels`LocalKernels`LocalMachine[4, SubKernels`LocalKernels`LowerPriority -> True]}
Processor Count: 4

Set::wrsym: Symbol pmax is Protected.
Modules loaded ...
3 Kernels launched ...
Run started at Fri 6 Nov 2020 18:40:27, Bins: {179, 253}
StringForm[From `1`:, Parallel`Kernels`kernel[Parallel`Kernels`Private`bk[SubKernels`LocalKernels`localKernel[SubKernels`LocalKernels`Private`lk[LinkObject[/usr/local/Wolfram/Mathematica/12.0/Executables/wolfram -subkernel -noinit -nopaclet -wstp, 208, 1], {/usr/local/Wolfram/Mathematica/12.0/Executables/wolfram -subkernel -noinit -nopaclet -wstp}, SubKernels`LocalKernels`Private`speed$59308, SubKernels`LocalKernels`Private`preemptive$59308]], Parallel`Kernels`Private`id$59314, Parallel`Kernels`Private`name$59314], Parallel`Kernels`Private`ek[Parallel`Kernels`Private`nev$59315, Parallel`Kernels`Private`pb$59315, Parallel`Kernels`Private`rd$59315], Parallel`Kernels`Private`sk[Parallel`Kernels`Private`q$59316, Parallel`Kernels`Private`n0$59316, Parallel`Kernels`Private`n1$59316]]]
NIntegrate::ncvb: NIntegrate failed to converge to prescribed accuracy after 2 recursive bisections in yD near {xD, yD} = {0.0142206, -0.0153897}. NIntegrate obtained 0.00112275 and 0.0000424336 for the integral and error estimates.
StringForm[From `1`:, Parallel`Kernels`kernel[Parallel`Kernels`Private`bk[SubKernels`LocalKernels`localKernel[SubKernels`LocalKernels`Private`lk[LinkObject[/usr/local/Wolfram/Mathematica/12.0/Executables/wolfram -subkernel -noinit -nopaclet -wstp, 210, 3], {/usr/local/Wolfram/Mathematica/12.0/Executables/wolfram -subkernel -noinit -nopaclet -wstp}, SubKernels`LocalKernels`Private`speed$59310, SubKernels`LocalKernels`Private`preemptive$59310]], Parallel`Kernels`Private`id$59322, Parallel`Kernels`Private`name$59322], Parallel`Kernels`Private`ek[Parallel`Kernels`Private`nev$59323, Parallel`Kernels`Private`pb$59323, Parallel`Kernels`Private`rd$59323], Parallel`Kernels`Private`sk[Parallel`Kernels`Private`q$59324, Parallel`Kernels`Private`n0$59324, Parallel`Kernels`Private`n1$59324]]]
NIntegrate::ncvb: NIntegrate failed to converge to prescribed accuracy after 2 recursive bisections in yD near {xD, yD} = {0.0142206, 0.0346083}. NIntegrate obtained 0.0232682 and 0.0000829886 for the integral and error estimates.
StringForm[From `1`:, Parallel`Kernels`kernel[Parallel`Kernels`Private`bk[SubKernels`LocalKernels`localKernel[SubKernels`LocalKernels`Private`lk[LinkObject[/usr/local/Wolfram/Mathematica/12.0/Executables/wolfram -subkernel -noinit -nopaclet -wstp, 208, 1], {/usr/local/Wolfram/Mathematica/12.0/Executables/wolfram -subkernel -noinit -nopaclet -wstp}, SubKernels`LocalKernels`Private`speed$59308, SubKernels`LocalKernels`Private`preemptive$59308]], Parallel`Kernels`Private`id$59314, Parallel`Kernels`Private`name$59314], Parallel`Kernels`Private`ek[Parallel`Kernels`Private`nev$59315, Parallel`Kernels`Private`pb$59315, Parallel`Kernels`Private`rd$59315], Parallel`Kernels`Private`sk[Parallel`Kernels`Private`q$59316, Parallel`Kernels`Private`n0$59316, Parallel`Kernels`Private`n1$59316]]]
NIntegrate::ncvb: NIntegrate failed to converge to prescribed accuracy after 2 recursive bisections in yD near {xD, yD} = {0.0192206, 0.0271083}. NIntegrate obtained 0.013281 and 0.0000617784 for the integral and error estimates.
StringForm[From `1`:, Parallel`Kernels`kernel[Parallel`Kernels`Private`bk[SubKernels`LocalKernels`localKernel[SubKernels`LocalKernels`Private`lk[LinkObject[/usr/local/Wolfram/Mathematica/12.0/Executables/wolfram -subkernel -noinit -nopaclet -wstp, 208, 1], {/usr/local/Wolfram/Mathematica/12.0/Executables/wolfram -subkernel -noinit -nopaclet -wstp}, SubKernels`LocalKernels`Private`speed$59308, SubKernels`LocalKernels`Private`preemptive$59308]], Parallel`Kernels`Private`id$59314, Parallel`Kernels`Private`name$59314], Parallel`Kernels`Private`ek[Parallel`Kernels`Private`nev$59315, Parallel`Kernels`Private`pb$59315, Parallel`Kernels`Private`rd$59315], Parallel`Kernels`Private`sk[Parallel`Kernels`Private`q$59316, Parallel`Kernels`Private`n0$59316, Parallel`Kernels`Private`n1$59316]]]
NIntegrate::ncvb: NIntegrate failed to converge to prescribed accuracy after 2 recursive bisections in yD near {xD, yD} = {0.0192206, -0.0153897}. NIntegrate obtained 0.000103897 and 0.0000400455 for the integral and error estimates.
StringForm[From `1`:, Parallel`Kernels`kernel[Parallel`Kernels`Private`bk[SubKernels`LocalKernels`localKernel[SubKernels`LocalKernels`Private`lk[LinkObject[/usr/local/Wolfram/Mathematica/12.0/Executables/wolfram -subkernel -noinit -nopaclet -wstp, 208, 1], {/usr/local/Wolfram/Mathematica/12.0/Executables/wolfram -subkernel -noinit -nopaclet -wstp}, SubKernels`LocalKernels`Private`speed$59308, SubKernels`LocalKernels`Private`preemptive$59308]], Parallel`Kernels`Private`id$59314, Parallel`Kernels`Private`name$59314], Parallel`Kernels`Private`ek[Parallel`Kernels`Private`nev$59315, Parallel`Kernels`Private`pb$59315, Parallel`Kernels`Private`rd$59315], Parallel`Kernels`Private`sk[Parallel`Kernels`Private`q$59316, Parallel`Kernels`Private`n0$59316, Parallel`Kernels`Private`n1$59316]]]
NIntegrate::ncvb: NIntegrate failed to converge to prescribed accuracy after 2 recursive bisections in yD near {xD, yD} = {0.0242206, 0.0321083}. NIntegrate obtained 0.00564887 and 0.0000250825 for the integral and error estimates.
StringForm[From `1`:, Parallel`Kernels`kernel[Parallel`Kernels`Private`bk[SubKernels`LocalKernels`localKernel[SubKernels`LocalKernels`Private`lk[LinkObject[/usr/local/Wolfram/Mathematica/12.0/Executables/wolfram -subkernel -noinit -nopaclet -wstp, 210, 3], {/usr/local/Wolfram/Mathematica/12.0/Executables/wolfram -subkernel -noinit -nopaclet -wstp}, SubKernels`LocalKernels`Private`speed$59310, SubKernels`LocalKernels`Private`preemptive$59310]], Parallel`Kernels`Private`id$59322, Parallel`Kernels`Private`name$59322], Parallel`Kernels`Private`ek[Parallel`Kernels`Private`nev$59323, Parallel`Kernels`Private`pb$59323, Parallel`Kernels`Private`rd$59323], Parallel`Kernels`Private`sk[Parallel`Kernels`Private`q$59324, Parallel`Kernels`Private`n0$59324, Parallel`Kernels`Private`n1$59324]]]
NIntegrate::ncvb: NIntegrate failed to converge to prescribed accuracy after 2 recursive bisections in yD near {xD, yD} = {0.0292206, 0.0271083}. NIntegrate obtained 0.00148454 and 0.0000113093 for the integral and error estimates.
StringForm[From `1`:, Parallel`Kernels`kernel[Parallel`Kernels`Private`bk[SubKernels`LocalKernels`localKernel[SubKernels`LocalKernels`Private`lk[LinkObject[/usr/local/Wolfram/Mathematica/12.0/Executables/wolfram -subkernel -noinit -nopaclet -wstp, 208, 1], {/usr/local/Wolfram/Mathematica/12.0/Executables/wolfram -subkernel -noinit -nopaclet -wstp}, SubKernels`LocalKernels`Private`speed$59308, SubKernels`LocalKernels`Private`preemptive$59308]], Parallel`Kernels`Private`id$59314, Parallel`Kernels`Private`name$59314], Parallel`Kernels`Private`ek[Parallel`Kernels`Private`nev$59315, Parallel`Kernels`Private`pb$59315, Parallel`Kernels`Private`rd$59315], Parallel`Kernels`Private`sk[Parallel`Kernels`Private`q$59316, Parallel`Kernels`Private`n0$59316, Parallel`Kernels`Private`n1$59316]]]
                                                                                                                                                                                                -6
NIntegrate::ncvb: NIntegrate failed to converge to prescribed accuracy after 2 recursive bisections in yD near {xD, yD} = {0.0342206, 0.0296083}. NIntegrate obtained 0.000147707 and 1.73826 10   for the integral and error estimates.
StringForm[From `1`:, Parallel`Kernels`kernel[Parallel`Kernels`Private`bk[SubKernels`LocalKernels`localKernel[SubKernels`LocalKernels`Private`lk[LinkObject[/usr/local/Wolfram/Mathematica/12.0/Executables/wolfram -subkernel -noinit -nopaclet -wstp, 208, 1], {/usr/local/Wolfram/Mathematica/12.0/Executables/wolfram -subkernel -noinit -nopaclet -wstp}, SubKernels`LocalKernels`Private`speed$59308, SubKernels`LocalKernels`Private`preemptive$59308]], Parallel`Kernels`Private`id$59314, Parallel`Kernels`Private`name$59314], Parallel`Kernels`Private`ek[Parallel`Kernels`Private`nev$59315, Parallel`Kernels`Private`pb$59315, Parallel`Kernels`Private`rd$59315], Parallel`Kernels`Private`sk[Parallel`Kernels`Private`q$59316, Parallel`Kernels`Private`n0$59316, Parallel`Kernels`Private`n1$59316]]]
                                                                                                                                                                                                 -6
NIntegrate::ncvb: NIntegrate failed to converge to prescribed accuracy after 2 recursive bisections in yD near {xD, yD} = {0.0342206, -0.0103897}. NIntegrate obtained 0.000610604 and 4.02717 10   for the integral and error estimates.
StringForm[From `1`:, Parallel`Kernels`kernel[Parallel`Kernels`Private`bk[SubKernels`LocalKernels`localKernel[SubKernels`LocalKernels`Private`lk[LinkObject[/usr/local/Wolfram/Mathematica/12.0/Executables/wolfram -subkernel -noinit -nopaclet -wstp, 210, 3], {/usr/local/Wolfram/Mathematica/12.0/Executables/wolfram -subkernel -noinit -nopaclet -wstp}, SubKernels`LocalKernels`Private`speed$59310, SubKernels`LocalKernels`Private`preemptive$59310]], Parallel`Kernels`Private`id$59322, Parallel`Kernels`Private`name$59322], Parallel`Kernels`Private`ek[Parallel`Kernels`Private`nev$59323, Parallel`Kernels`Private`pb$59323, Parallel`Kernels`Private`rd$59323], Parallel`Kernels`Private`sk[Parallel`Kernels`Private`q$59324, Parallel`Kernels`Private`n0$59324, Parallel`Kernels`Private`n1$59324]]]
NIntegrate::ncvb: NIntegrate failed to converge to prescribed accuracy after 2 recursive bisections in yD near {xD, yD} = {0.0292206, -0.00788969}. NIntegrate obtained 0.00566812 and 0.0000222116 for the integral and error estimates.
b = 0e-4
Time consumption: 13.760455910833334
MaxMemUse :143.36983489990234 MB
