Configured Kernels: {SubKernels`LocalKernels`LocalMachine[4, SubKernels`LocalKernels`LowerPriority -> True]}
Processor Count: 4
Modules loaded ...
4 Kernels launched ...
Run started at Mon 22 Nov 2021 18:44:47, Bins: {1, 49}
StringForm[From `1`:, Parallel`Kernels`kernel[Parallel`Kernels`Private`bk[SubKernels`LocalKernels`localKernel[SubKernels`LocalKernels`Private`lk[LinkObject[/usr/local/Wolfram/Mathematica/12.0/Executables/wolfram -subkernel -noinit -nopaclet -wstp, 229, 4], {/usr/local/Wolfram/Mathematica/12.0/Executables/wolfram -subkernel -noinit -nopaclet -wstp}, SubKernels`LocalKernels`Private`speed$22042, SubKernels`LocalKernels`Private`preemptive$22042]], Parallel`Kernels`Private`id$22055, Parallel`Kernels`Private`name$22055], Parallel`Kernels`Private`ek[Parallel`Kernels`Private`nev$22056, Parallel`Kernels`Private`pb$22056, Parallel`Kernels`Private`rd$22056], Parallel`Kernels`Private`sk[Parallel`Kernels`Private`q$22057, Parallel`Kernels`Private`n0$22057, Parallel`Kernels`Private`n1$22057]]]
                                                                                                                                                                              -6               -6
NIntegrate::ncvb: NIntegrate failed to converge to prescribed accuracy after 2 recursive bisections in yD near {xD, yD} = {0.0272077, 0.022255}. NIntegrate obtained 6.4114 10   and 1.98437 10   for the integral and error estimates.
StringForm[From `1`:, Parallel`Kernels`kernel[Parallel`Kernels`Private`bk[SubKernels`LocalKernels`localKernel[SubKernels`LocalKernels`Private`lk[LinkObject[/usr/local/Wolfram/Mathematica/12.0/Executables/wolfram -subkernel -noinit -nopaclet -wstp, 228, 3], {/usr/local/Wolfram/Mathematica/12.0/Executables/wolfram -subkernel -noinit -nopaclet -wstp}, SubKernels`LocalKernels`Private`speed$22041, SubKernels`LocalKernels`Private`preemptive$22041]], Parallel`Kernels`Private`id$22051, Parallel`Kernels`Private`name$22051], Parallel`Kernels`Private`ek[Parallel`Kernels`Private`nev$22052, Parallel`Kernels`Private`pb$22052, Parallel`Kernels`Private`rd$22052], Parallel`Kernels`Private`sk[Parallel`Kernels`Private`q$22053, Parallel`Kernels`Private`n0$22053, Parallel`Kernels`Private`n1$22053]]]
NIntegrate::ncvb: NIntegrate failed to converge to prescribed accuracy after 2 recursive bisections in yD near {xD, yD} = {0.0290827, -0.014338}. NIntegrate obtained 0.00166746 and 0.0000262343 for the integral and error estimates.
a = -1040e-4
Time consumption: 1.7609344369444446
MaxMemUse :147.55687713623047 MB
Configured Kernels: {SubKernels`LocalKernels`LocalMachine[4, SubKernels`LocalKernels`LowerPriority -> True]}
Processor Count: 4
Modules loaded ...
4 Kernels launched ...
Run started at Mon 22 Nov 2021 20:30:27, Bins: {50, 98}
StringForm[From `1`:, Parallel`Kernels`kernel[Parallel`Kernels`Private`bk[SubKernels`LocalKernels`localKernel[SubKernels`LocalKernels`Private`lk[LinkObject[/usr/local/Wolfram/Mathematica/12.0/Executables/wolfram -subkernel -noinit -nopaclet -wstp, 204, 1], {/usr/local/Wolfram/Mathematica/12.0/Executables/wolfram -subkernel -noinit -nopaclet -wstp}, SubKernels`LocalKernels`Private`speed$21659, SubKernels`LocalKernels`Private`preemptive$21659]], Parallel`Kernels`Private`id$21666, Parallel`Kernels`Private`name$21666], Parallel`Kernels`Private`ek[Parallel`Kernels`Private`nev$21667, Parallel`Kernels`Private`pb$21667, Parallel`Kernels`Private`rd$21667], Parallel`Kernels`Private`sk[Parallel`Kernels`Private`q$21668, Parallel`Kernels`Private`n0$21668, Parallel`Kernels`Private`n1$21668]]]
NIntegrate::ncvb: NIntegrate failed to converge to prescribed accuracy after 2 recursive bisections in yD near {xD, yD} = {0.0290827, 0.022255}. NIntegrate obtained 0.000164012 and 0.0000110243 for the integral and error estimates.
StringForm[From `1`:, Parallel`Kernels`kernel[Parallel`Kernels`Private`bk[SubKernels`LocalKernels`localKernel[SubKernels`LocalKernels`Private`lk[LinkObject[/usr/local/Wolfram/Mathematica/12.0/Executables/wolfram -subkernel -noinit -nopaclet -wstp, 206, 3], {/usr/local/Wolfram/Mathematica/12.0/Executables/wolfram -subkernel -noinit -nopaclet -wstp}, SubKernels`LocalKernels`Private`speed$21661, SubKernels`LocalKernels`Private`preemptive$21661]], Parallel`Kernels`Private`id$21674, Parallel`Kernels`Private`name$21674], Parallel`Kernels`Private`ek[Parallel`Kernels`Private`nev$21675, Parallel`Kernels`Private`pb$21675, Parallel`Kernels`Private`rd$21675], Parallel`Kernels`Private`sk[Parallel`Kernels`Private`q$21676, Parallel`Kernels`Private`n0$21676, Parallel`Kernels`Private`n1$21676]]]
NIntegrate::ncvb: NIntegrate failed to converge to prescribed accuracy after 2 recursive bisections in yD near {xD, yD} = {0.0309577, -0.014338}. NIntegrate obtained 0.00814489 and 0.000100847 for the integral and error estimates.
StringForm[From `1`:, Parallel`Kernels`kernel[Parallel`Kernels`Private`bk[SubKernels`LocalKernels`localKernel[SubKernels`LocalKernels`Private`lk[LinkObject[/usr/local/Wolfram/Mathematica/12.0/Executables/wolfram -subkernel -noinit -nopaclet -wstp, 207, 4], {/usr/local/Wolfram/Mathematica/12.0/Executables/wolfram -subkernel -noinit -nopaclet -wstp}, SubKernels`LocalKernels`Private`speed$21662, SubKernels`LocalKernels`Private`preemptive$21662]], Parallel`Kernels`Private`id$21678, Parallel`Kernels`Private`name$21678], Parallel`Kernels`Private`ek[Parallel`Kernels`Private`nev$21679, Parallel`Kernels`Private`pb$21679, Parallel`Kernels`Private`rd$21679], Parallel`Kernels`Private`sk[Parallel`Kernels`Private`q$21680, Parallel`Kernels`Private`n0$21680, Parallel`Kernels`Private`n1$21680]]]
NIntegrate::ncvb: NIntegrate failed to converge to prescribed accuracy after 2 recursive bisections in yD near {xD, yD} = {0.0309577, 0.022255}. NIntegrate obtained 0.00090945 and 0.0000449777 for the integral and error estimates.
StringForm[From `1`:, Parallel`Kernels`kernel[Parallel`Kernels`Private`bk[SubKernels`LocalKernels`localKernel[SubKernels`LocalKernels`Private`lk[LinkObject[/usr/local/Wolfram/Mathematica/12.0/Executables/wolfram -subkernel -noinit -nopaclet -wstp, 206, 3], {/usr/local/Wolfram/Mathematica/12.0/Executables/wolfram -subkernel -noinit -nopaclet -wstp}, SubKernels`LocalKernels`Private`speed$21661, SubKernels`LocalKernels`Private`preemptive$21661]], Parallel`Kernels`Private`id$21674, Parallel`Kernels`Private`name$21674], Parallel`Kernels`Private`ek[Parallel`Kernels`Private`nev$21675, Parallel`Kernels`Private`pb$21675, Parallel`Kernels`Private`rd$21675], Parallel`Kernels`Private`sk[Parallel`Kernels`Private`q$21676, Parallel`Kernels`Private`n0$21676, Parallel`Kernels`Private`n1$21676]]]
NIntegrate::ncvb: NIntegrate failed to converge to prescribed accuracy after 2 recursive bisections in yD near {xD, yD} = {0.0347077, -0.01752}. NIntegrate obtained 0.0000786918 and 0.0000120801 for the integral and error estimates.
StringForm[From `1`:, Parallel`Kernels`kernel[Parallel`Kernels`Private`bk[SubKernels`LocalKernels`localKernel[SubKernels`LocalKernels`Private`lk[LinkObject[/usr/local/Wolfram/Mathematica/12.0/Executables/wolfram -subkernel -noinit -nopaclet -wstp, 205, 2], {/usr/local/Wolfram/Mathematica/12.0/Executables/wolfram -subkernel -noinit -nopaclet -wstp}, SubKernels`LocalKernels`Private`speed$21660, SubKernels`LocalKernels`Private`preemptive$21660]], Parallel`Kernels`Private`id$21670, Parallel`Kernels`Private`name$21670], Parallel`Kernels`Private`ek[Parallel`Kernels`Private`nev$21671, Parallel`Kernels`Private`pb$21671, Parallel`Kernels`Private`rd$21671], Parallel`Kernels`Private`sk[Parallel`Kernels`Private`q$21672, Parallel`Kernels`Private`n0$21672, Parallel`Kernels`Private`n1$21672]]]
NIntegrate::ncvb: NIntegrate failed to converge to prescribed accuracy after 2 recursive bisections in yD near {xD, yD} = {0.0328327, -0.014338}. NIntegrate obtained 0.0221201 and 0.000169499 for the integral and error estimates.
StringForm[From `1`:, Parallel`Kernels`kernel[Parallel`Kernels`Private`bk[SubKernels`LocalKernels`localKernel[SubKernels`LocalKernels`Private`lk[LinkObject[/usr/local/Wolfram/Mathematica/12.0/Executables/wolfram -subkernel -noinit -nopaclet -wstp, 207, 4], {/usr/local/Wolfram/Mathematica/12.0/Executables/wolfram -subkernel -noinit -nopaclet -wstp}, SubKernels`LocalKernels`Private`speed$21662, SubKernels`LocalKernels`Private`preemptive$21662]], Parallel`Kernels`Private`id$21678, Parallel`Kernels`Private`name$21678], Parallel`Kernels`Private`ek[Parallel`Kernels`Private`nev$21679, Parallel`Kernels`Private`pb$21679, Parallel`Kernels`Private`rd$21679], Parallel`Kernels`Private`sk[Parallel`Kernels`Private`q$21680, Parallel`Kernels`Private`n0$21680, Parallel`Kernels`Private`n1$21680]]]
                                                                                                                                                                                               -6
NIntegrate::ncvb: NIntegrate failed to converge to prescribed accuracy after 2 recursive bisections in yD near {xD, yD} = {0.0365827, -0.01752}. NIntegrate obtained 0.000327851 and 1.97262 10   for the integral and error estimates.
StringForm[From `1`:, Parallel`Kernels`kernel[Parallel`Kernels`Private`bk[SubKernels`LocalKernels`localKernel[SubKernels`LocalKernels`Private`lk[LinkObject[/usr/local/Wolfram/Mathematica/12.0/Executables/wolfram -subkernel -noinit -nopaclet -wstp, 204, 1], {/usr/local/Wolfram/Mathematica/12.0/Executables/wolfram -subkernel -noinit -nopaclet -wstp}, SubKernels`LocalKernels`Private`speed$21659, SubKernels`LocalKernels`Private`preemptive$21659]], Parallel`Kernels`Private`id$21666, Parallel`Kernels`Private`name$21666], Parallel`Kernels`Private`ek[Parallel`Kernels`Private`nev$21667, Parallel`Kernels`Private`pb$21667, Parallel`Kernels`Private`rd$21667], Parallel`Kernels`Private`sk[Parallel`Kernels`Private`q$21668, Parallel`Kernels`Private`n0$21668, Parallel`Kernels`Private`n1$21668]]]
NIntegrate::ncvb: NIntegrate failed to converge to prescribed accuracy after 2 recursive bisections in yD near {xD, yD} = {0.0347077, -0.014338}. NIntegrate obtained 0.0434675 and 0.000250107 for the integral and error estimates.
StringForm[From `1`:, Parallel`Kernels`kernel[Parallel`Kernels`Private`bk[SubKernels`LocalKernels`localKernel[SubKernels`LocalKernels`Private`lk[LinkObject[/usr/local/Wolfram/Mathematica/12.0/Executables/wolfram -subkernel -noinit -nopaclet -wstp, 206, 3], {/usr/local/Wolfram/Mathematica/12.0/Executables/wolfram -subkernel -noinit -nopaclet -wstp}, SubKernels`LocalKernels`Private`speed$21661, SubKernels`LocalKernels`Private`preemptive$21661]], Parallel`Kernels`Private`id$21674, Parallel`Kernels`Private`name$21674], Parallel`Kernels`Private`ek[Parallel`Kernels`Private`nev$21675, Parallel`Kernels`Private`pb$21675, Parallel`Kernels`Private`rd$21675], Parallel`Kernels`Private`sk[Parallel`Kernels`Private`q$21676, Parallel`Kernels`Private`n0$21676, Parallel`Kernels`Private`n1$21676]]]
NIntegrate::ncvb: NIntegrate failed to converge to prescribed accuracy after 2 recursive bisections in yD near {xD, yD} = {0.0347077, 0.022255}. NIntegrate obtained 0.00646712 and 0.0000976973 for the integral and error estimates.
StringForm[From `1`:, Parallel`Kernels`kernel[Parallel`Kernels`Private`bk[SubKernels`LocalKernels`localKernel[SubKernels`LocalKernels`Private`lk[LinkObject[/usr/local/Wolfram/Mathematica/12.0/Executables/wolfram -subkernel -noinit -nopaclet -wstp, 207, 4], {/usr/local/Wolfram/Mathematica/12.0/Executables/wolfram -subkernel -noinit -nopaclet -wstp}, SubKernels`LocalKernels`Private`speed$21662, SubKernels`LocalKernels`Private`preemptive$21662]], Parallel`Kernels`Private`id$21678, Parallel`Kernels`Private`name$21678], Parallel`Kernels`Private`ek[Parallel`Kernels`Private`nev$21679, Parallel`Kernels`Private`pb$21679, Parallel`Kernels`Private`rd$21679], Parallel`Kernels`Private`sk[Parallel`Kernels`Private`q$21680, Parallel`Kernels`Private`n0$21680, Parallel`Kernels`Private`n1$21680]]]
NIntegrate::ncvb: NIntegrate failed to converge to prescribed accuracy after 2 recursive bisections in yD near {xD, yD} = {0.0365827, -0.014338}. NIntegrate obtained 0.0670667 and 0.000259797 for the integral and error estimates.
StringForm[From `1`:, Parallel`Kernels`kernel[Parallel`Kernels`Private`bk[SubKernels`LocalKernels`localKernel[SubKernels`LocalKernels`Private`lk[LinkObject[/usr/local/Wolfram/Mathematica/12.0/Executables/wolfram -subkernel -noinit -nopaclet -wstp, 206, 3], {/usr/local/Wolfram/Mathematica/12.0/Executables/wolfram -subkernel -noinit -nopaclet -wstp}, SubKernels`LocalKernels`Private`speed$21661, SubKernels`LocalKernels`Private`preemptive$21661]], Parallel`Kernels`Private`id$21674, Parallel`Kernels`Private`name$21674], Parallel`Kernels`Private`ek[Parallel`Kernels`Private`nev$21675, Parallel`Kernels`Private`pb$21675, Parallel`Kernels`Private`rd$21675], Parallel`Kernels`Private`sk[Parallel`Kernels`Private`q$21676, Parallel`Kernels`Private`n0$21676, Parallel`Kernels`Private`n1$21676]]]
NIntegrate::ncvb: NIntegrate failed to converge to prescribed accuracy after 2 recursive bisections in yD near {xD, yD} = {0.0365827, 0.022255}. NIntegrate obtained 0.0112698 and 0.0000773039 for the integral and error estimates.
a = -1040e-4
Time consumption: 9.40837484388889
MaxMemUse :144.3877182006836 MB
Configured Kernels: {SubKernels`LocalKernels`LocalMachine[4, SubKernels`LocalKernels`LowerPriority -> True]}
Processor Count: 4
Modules loaded ...
4 Kernels launched ...
Run started at Tue 23 Nov 2021 05:54:58, Bins: {99, 106}
StringForm[From `1`:, Parallel`Kernels`kernel[Parallel`Kernels`Private`bk[SubKernels`LocalKernels`localKernel[SubKernels`LocalKernels`Private`lk[LinkObject[/usr/local/Wolfram/Mathematica/12.0/Executables/wolfram -subkernel -noinit -nopaclet -wstp, 205, 2], {/usr/local/Wolfram/Mathematica/12.0/Executables/wolfram -subkernel -noinit -nopaclet -wstp}, SubKernels`LocalKernels`Private`speed$21905, SubKernels`LocalKernels`Private`preemptive$21905]], Parallel`Kernels`Private`id$21915, Parallel`Kernels`Private`name$21915], Parallel`Kernels`Private`ek[Parallel`Kernels`Private`nev$21916, Parallel`Kernels`Private`pb$21916, Parallel`Kernels`Private`rd$21916], Parallel`Kernels`Private`sk[Parallel`Kernels`Private`q$21917, Parallel`Kernels`Private`n0$21917, Parallel`Kernels`Private`n1$21917]]]
NIntegrate::ncvb: NIntegrate failed to converge to prescribed accuracy after 2 recursive bisections in yD near {xD, yD} = {0.0384577, -0.01752}. NIntegrate obtained 0.000615832 and 0.0000105732 for the integral and error estimates.
StringForm[From `1`:, Parallel`Kernels`kernel[Parallel`Kernels`Private`bk[SubKernels`LocalKernels`localKernel[SubKernels`LocalKernels`Private`lk[LinkObject[/usr/local/Wolfram/Mathematica/12.0/Executables/wolfram -subkernel -noinit -nopaclet -wstp, 204, 1], {/usr/local/Wolfram/Mathematica/12.0/Executables/wolfram -subkernel -noinit -nopaclet -wstp}, SubKernels`LocalKernels`Private`speed$21904, SubKernels`LocalKernels`Private`preemptive$21904]], Parallel`Kernels`Private`id$21911, Parallel`Kernels`Private`name$21911], Parallel`Kernels`Private`ek[Parallel`Kernels`Private`nev$21912, Parallel`Kernels`Private`pb$21912, Parallel`Kernels`Private`rd$21912], Parallel`Kernels`Private`sk[Parallel`Kernels`Private`q$21913, Parallel`Kernels`Private`n0$21913, Parallel`Kernels`Private`n1$21913]]]
NIntegrate::ncvb: NIntegrate failed to converge to prescribed accuracy after 2 recursive bisections in yD near {xD, yD} = {0.0384577, -0.014338}. NIntegrate obtained 0.0850935 and 0.000229886 for the integral and error estimates.
a = -1040e-4
Time consumption: 3.2163265583333334
MaxMemUse :144.3986053466797 MB
Configured Kernels: {SubKernels`LocalKernels`LocalMachine[4, SubKernels`LocalKernels`LowerPriority -> True]}
Processor Count: 4
Modules loaded ...
4 Kernels launched ...
Run started at Tue 23 Nov 2021 09:07:57, Bins: {107, 122}
StringForm[From `1`:, Parallel`Kernels`kernel[Parallel`Kernels`Private`bk[SubKernels`LocalKernels`localKernel[SubKernels`LocalKernels`Private`lk[LinkObject[/usr/local/Wolfram/Mathematica/12.0/Executables/wolfram -subkernel -noinit -nopaclet -wstp, 204, 1], {/usr/local/Wolfram/Mathematica/12.0/Executables/wolfram -subkernel -noinit -nopaclet -wstp}, SubKernels`LocalKernels`Private`speed$21732, SubKernels`LocalKernels`Private`preemptive$21732]], Parallel`Kernels`Private`id$21739, Parallel`Kernels`Private`name$21739], Parallel`Kernels`Private`ek[Parallel`Kernels`Private`nev$21740, Parallel`Kernels`Private`pb$21740, Parallel`Kernels`Private`rd$21740], Parallel`Kernels`Private`sk[Parallel`Kernels`Private`q$21741, Parallel`Kernels`Private`n0$21741, Parallel`Kernels`Private`n1$21741]]]
                                                                                                                                                                                                -6
NIntegrate::ncvb: NIntegrate failed to converge to prescribed accuracy after 2 recursive bisections in yD near {xD, yD} = {0.0403327, -0.019111}. NIntegrate obtained 0.000808109 and 7.59149 10   for the integral and error estimates.
StringForm[From `1`:, Parallel`Kernels`kernel[Parallel`Kernels`Private`bk[SubKernels`LocalKernels`localKernel[SubKernels`LocalKernels`Private`lk[LinkObject[/usr/local/Wolfram/Mathematica/12.0/Executables/wolfram -subkernel -noinit -nopaclet -wstp, 206, 3], {/usr/local/Wolfram/Mathematica/12.0/Executables/wolfram -subkernel -noinit -nopaclet -wstp}, SubKernels`LocalKernels`Private`speed$21734, SubKernels`LocalKernels`Private`preemptive$21734]], Parallel`Kernels`Private`id$21747, Parallel`Kernels`Private`name$21747], Parallel`Kernels`Private`ek[Parallel`Kernels`Private`nev$21748, Parallel`Kernels`Private`pb$21748, Parallel`Kernels`Private`rd$21748], Parallel`Kernels`Private`sk[Parallel`Kernels`Private`q$21749, Parallel`Kernels`Private`n0$21749, Parallel`Kernels`Private`n1$21749]]]
NIntegrate::ncvb: NIntegrate failed to converge to prescribed accuracy after 2 recursive bisections in yD near {xD, yD} = {0.0384577, 0.022255}. NIntegrate obtained 0.0156443 and 0.0000476007 for the integral and error estimates.
StringForm[From `1`:, Parallel`Kernels`kernel[Parallel`Kernels`Private`bk[SubKernels`LocalKernels`localKernel[SubKernels`LocalKernels`Private`lk[LinkObject[/usr/local/Wolfram/Mathematica/12.0/Executables/wolfram -subkernel -noinit -nopaclet -wstp, 205, 2], {/usr/local/Wolfram/Mathematica/12.0/Executables/wolfram -subkernel -noinit -nopaclet -wstp}, SubKernels`LocalKernels`Private`speed$21733, SubKernels`LocalKernels`Private`preemptive$21733]], Parallel`Kernels`Private`id$21743, Parallel`Kernels`Private`name$21743], Parallel`Kernels`Private`ek[Parallel`Kernels`Private`nev$21744, Parallel`Kernels`Private`pb$21744, Parallel`Kernels`Private`rd$21744], Parallel`Kernels`Private`sk[Parallel`Kernels`Private`q$21745, Parallel`Kernels`Private`n0$21745, Parallel`Kernels`Private`n1$21745]]]
NIntegrate::ncvb: NIntegrate failed to converge to prescribed accuracy after 2 recursive bisections in yD near {xD, yD} = {0.0403327, -0.014338}. NIntegrate obtained 0.0900046 and 0.000099107 for the integral and error estimates.
StringForm[From `1`:, Parallel`Kernels`kernel[Parallel`Kernels`Private`bk[SubKernels`LocalKernels`localKernel[SubKernels`LocalKernels`Private`lk[LinkObject[/usr/local/Wolfram/Mathematica/12.0/Executables/wolfram -subkernel -noinit -nopaclet -wstp, 204, 1], {/usr/local/Wolfram/Mathematica/12.0/Executables/wolfram -subkernel -noinit -nopaclet -wstp}, SubKernels`LocalKernels`Private`speed$21732, SubKernels`LocalKernels`Private`preemptive$21732]], Parallel`Kernels`Private`id$21739, Parallel`Kernels`Private`name$21739], Parallel`Kernels`Private`ek[Parallel`Kernels`Private`nev$21740, Parallel`Kernels`Private`pb$21740, Parallel`Kernels`Private`rd$21740], Parallel`Kernels`Private`sk[Parallel`Kernels`Private`q$21741, Parallel`Kernels`Private`n0$21741, Parallel`Kernels`Private`n1$21741]]]
NIntegrate::ncvb: NIntegrate failed to converge to prescribed accuracy after 2 recursive bisections in yD near {xD, yD} = {0.0403327, 0.022255}. NIntegrate obtained 0.017832 and 0.0000991665 for the integral and error estimates.
a = -1040e-4
Time consumption: 4.0949571661111115
MaxMemUse :144.39404296875 MB
Configured Kernels: {SubKernels`LocalKernels`LocalMachine[4, SubKernels`LocalKernels`LowerPriority -> True]}
Processor Count: 4
Modules loaded ...
4 Kernels launched ...
Run started at Tue 23 Nov 2021 13:13:40, Bins: {123, 138}
StringForm[From `1`:, Parallel`Kernels`kernel[Parallel`Kernels`Private`bk[SubKernels`LocalKernels`localKernel[SubKernels`LocalKernels`Private`lk[LinkObject[/usr/local/Wolfram/Mathematica/12.0/Executables/wolfram -subkernel -noinit -nopaclet -wstp, 207, 4], {/usr/local/Wolfram/Mathematica/12.0/Executables/wolfram -subkernel -noinit -nopaclet -wstp}, SubKernels`LocalKernels`Private`speed$21827, SubKernels`LocalKernels`Private`preemptive$21827]], Parallel`Kernels`Private`id$21843, Parallel`Kernels`Private`name$21843], Parallel`Kernels`Private`ek[Parallel`Kernels`Private`nev$21844, Parallel`Kernels`Private`pb$21844, Parallel`Kernels`Private`rd$21844], Parallel`Kernels`Private`sk[Parallel`Kernels`Private`q$21845, Parallel`Kernels`Private`n0$21845, Parallel`Kernels`Private`n1$21845]]]
                                                                                                                                                                                                -6
NIntegrate::ncvb: NIntegrate failed to converge to prescribed accuracy after 2 recursive bisections in yD near {xD, yD} = {0.0422077, -0.019111}. NIntegrate obtained 0.000872188 and 7.67161 10   for the integral and error estimates.
StringForm[From `1`:, Parallel`Kernels`kernel[Parallel`Kernels`Private`bk[SubKernels`LocalKernels`localKernel[SubKernels`LocalKernels`Private`lk[LinkObject[/usr/local/Wolfram/Mathematica/12.0/Executables/wolfram -subkernel -noinit -nopaclet -wstp, 207, 4], {/usr/local/Wolfram/Mathematica/12.0/Executables/wolfram -subkernel -noinit -nopaclet -wstp}, SubKernels`LocalKernels`Private`speed$21827, SubKernels`LocalKernels`Private`preemptive$21827]], Parallel`Kernels`Private`id$21843, Parallel`Kernels`Private`name$21843], Parallel`Kernels`Private`ek[Parallel`Kernels`Private`nev$21844, Parallel`Kernels`Private`pb$21844, Parallel`Kernels`Private`rd$21844], Parallel`Kernels`Private`sk[Parallel`Kernels`Private`q$21845, Parallel`Kernels`Private`n0$21845, Parallel`Kernels`Private`n1$21845]]]
                                                                                                                                                                                               -6
NIntegrate::ncvb: NIntegrate failed to converge to prescribed accuracy after 2 recursive bisections in yD near {xD, yD} = {0.0440827, -0.019111}. NIntegrate obtained 0.00085492 and 6.99631 10   for the integral and error estimates.
StringForm[From `1`:, Parallel`Kernels`kernel[Parallel`Kernels`Private`bk[SubKernels`LocalKernels`localKernel[SubKernels`LocalKernels`Private`lk[LinkObject[/usr/local/Wolfram/Mathematica/12.0/Executables/wolfram -subkernel -noinit -nopaclet -wstp, 206, 3], {/usr/local/Wolfram/Mathematica/12.0/Executables/wolfram -subkernel -noinit -nopaclet -wstp}, SubKernels`LocalKernels`Private`speed$21826, SubKernels`LocalKernels`Private`preemptive$21826]], Parallel`Kernels`Private`id$21839, Parallel`Kernels`Private`name$21839], Parallel`Kernels`Private`ek[Parallel`Kernels`Private`nev$21840, Parallel`Kernels`Private`pb$21840, Parallel`Kernels`Private`rd$21840], Parallel`Kernels`Private`sk[Parallel`Kernels`Private`q$21841, Parallel`Kernels`Private`n0$21841, Parallel`Kernels`Private`n1$21841]]]
NIntegrate::ncvb: NIntegrate failed to converge to prescribed accuracy after 2 recursive bisections in yD near {xD, yD} = {0.0422077, -0.014338}. NIntegrate obtained 0.0826526 and 0.0000927549 for the integral and error estimates.
StringForm[From `1`:, Parallel`Kernels`kernel[Parallel`Kernels`Private`bk[SubKernels`LocalKernels`localKernel[SubKernels`LocalKernels`Private`lk[LinkObject[/usr/local/Wolfram/Mathematica/12.0/Executables/wolfram -subkernel -noinit -nopaclet -wstp, 205, 2], {/usr/local/Wolfram/Mathematica/12.0/Executables/wolfram -subkernel -noinit -nopaclet -wstp}, SubKernels`LocalKernels`Private`speed$21825, SubKernels`LocalKernels`Private`preemptive$21825]], Parallel`Kernels`Private`id$21835, Parallel`Kernels`Private`name$21835], Parallel`Kernels`Private`ek[Parallel`Kernels`Private`nev$21836, Parallel`Kernels`Private`pb$21836, Parallel`Kernels`Private`rd$21836], Parallel`Kernels`Private`sk[Parallel`Kernels`Private`q$21837, Parallel`Kernels`Private`n0$21837, Parallel`Kernels`Private`n1$21837]]]
NIntegrate::ncvb: NIntegrate failed to converge to prescribed accuracy after 2 recursive bisections in yD near {xD, yD} = {0.0422077, 0.022255}. NIntegrate obtained 0.0175324 and 0.000143825 for the integral and error estimates.
StringForm[From `1`:, Parallel`Kernels`kernel[Parallel`Kernels`Private`bk[SubKernels`LocalKernels`localKernel[SubKernels`LocalKernels`Private`lk[LinkObject[/usr/local/Wolfram/Mathematica/12.0/Executables/wolfram -subkernel -noinit -nopaclet -wstp, 204, 1], {/usr/local/Wolfram/Mathematica/12.0/Executables/wolfram -subkernel -noinit -nopaclet -wstp}, SubKernels`LocalKernels`Private`speed$21824, SubKernels`LocalKernels`Private`preemptive$21824]], Parallel`Kernels`Private`id$21831, Parallel`Kernels`Private`name$21831], Parallel`Kernels`Private`ek[Parallel`Kernels`Private`nev$21832, Parallel`Kernels`Private`pb$21832, Parallel`Kernels`Private`rd$21832], Parallel`Kernels`Private`sk[Parallel`Kernels`Private`q$21833, Parallel`Kernels`Private`n0$21833, Parallel`Kernels`Private`n1$21833]]]
NIntegrate::ncvb: NIntegrate failed to converge to prescribed accuracy after 2 recursive bisections in yD near {xD, yD} = {0.0440827, -0.014338}. NIntegrate obtained 0.0652223 and 0.000156986 for the integral and error estimates.
a = -1040e-4
Time consumption: 4.534728492777778
MaxMemUse :144.37371063232422 MB
Configured Kernels: {SubKernels`LocalKernels`LocalMachine[4, SubKernels`LocalKernels`LowerPriority -> True]}
Processor Count: 4
Modules loaded ...
4 Kernels launched ...
Run started at Tue 23 Nov 2021 17:45:46, Bins: {139, 154}
StringForm[From `1`:, Parallel`Kernels`kernel[Parallel`Kernels`Private`bk[SubKernels`LocalKernels`localKernel[SubKernels`LocalKernels`Private`lk[LinkObject[/usr/local/Wolfram/Mathematica/12.0/Executables/wolfram -subkernel -noinit -nopaclet -wstp, 204, 1], {/usr/local/Wolfram/Mathematica/12.0/Executables/wolfram -subkernel -noinit -nopaclet -wstp}, SubKernels`LocalKernels`Private`speed$21860, SubKernels`LocalKernels`Private`preemptive$21860]], Parallel`Kernels`Private`id$21867, Parallel`Kernels`Private`name$21867], Parallel`Kernels`Private`ek[Parallel`Kernels`Private`nev$21868, Parallel`Kernels`Private`pb$21868, Parallel`Kernels`Private`rd$21868], Parallel`Kernels`Private`sk[Parallel`Kernels`Private`q$21869, Parallel`Kernels`Private`n0$21869, Parallel`Kernels`Private`n1$21869]]]
                                                                                                                                                                                                -6
NIntegrate::ncvb: NIntegrate failed to converge to prescribed accuracy after 2 recursive bisections in yD near {xD, yD} = {0.0459577, -0.019111}. NIntegrate obtained 0.000696066 and 8.69282 10   for the integral and error estimates.
StringForm[From `1`:, Parallel`Kernels`kernel[Parallel`Kernels`Private`bk[SubKernels`LocalKernels`localKernel[SubKernels`LocalKernels`Private`lk[LinkObject[/usr/local/Wolfram/Mathematica/12.0/Executables/wolfram -subkernel -noinit -nopaclet -wstp, 205, 2], {/usr/local/Wolfram/Mathematica/12.0/Executables/wolfram -subkernel -noinit -nopaclet -wstp}, SubKernels`LocalKernels`Private`speed$21861, SubKernels`LocalKernels`Private`preemptive$21861]], Parallel`Kernels`Private`id$21871, Parallel`Kernels`Private`name$21871], Parallel`Kernels`Private`ek[Parallel`Kernels`Private`nev$21872, Parallel`Kernels`Private`pb$21872, Parallel`Kernels`Private`rd$21872], Parallel`Kernels`Private`sk[Parallel`Kernels`Private`q$21873, Parallel`Kernels`Private`n0$21873, Parallel`Kernels`Private`n1$21873]]]
NIntegrate::ncvb: NIntegrate failed to converge to prescribed accuracy after 2 recursive bisections in yD near {xD, yD} = {0.0440827, 0.022255}. NIntegrate obtained 0.0150382 and 0.000240413 for the integral and error estimates.
StringForm[From `1`:, Parallel`Kernels`kernel[Parallel`Kernels`Private`bk[SubKernels`LocalKernels`localKernel[SubKernels`LocalKernels`Private`lk[LinkObject[/usr/local/Wolfram/Mathematica/12.0/Executables/wolfram -subkernel -noinit -nopaclet -wstp, 207, 4], {/usr/local/Wolfram/Mathematica/12.0/Executables/wolfram -subkernel -noinit -nopaclet -wstp}, SubKernels`LocalKernels`Private`speed$21863, SubKernels`LocalKernels`Private`preemptive$21863]], Parallel`Kernels`Private`id$21879, Parallel`Kernels`Private`name$21879], Parallel`Kernels`Private`ek[Parallel`Kernels`Private`nev$21880, Parallel`Kernels`Private`pb$21880, Parallel`Kernels`Private`rd$21880], Parallel`Kernels`Private`sk[Parallel`Kernels`Private`q$21881, Parallel`Kernels`Private`n0$21881, Parallel`Kernels`Private`n1$21881]]]
NIntegrate::ncvb: NIntegrate failed to converge to prescribed accuracy after 2 recursive bisections in yD near {xD, yD} = {0.0459577, -0.014338}. NIntegrate obtained 0.0420194 and 0.0000768582 for the integral and error estimates.
StringForm[From `1`:, Parallel`Kernels`kernel[Parallel`Kernels`Private`bk[SubKernels`LocalKernels`localKernel[SubKernels`LocalKernels`Private`lk[LinkObject[/usr/local/Wolfram/Mathematica/12.0/Executables/wolfram -subkernel -noinit -nopaclet -wstp, 205, 2], {/usr/local/Wolfram/Mathematica/12.0/Executables/wolfram -subkernel -noinit -nopaclet -wstp}, SubKernels`LocalKernels`Private`speed$21861, SubKernels`LocalKernels`Private`preemptive$21861]], Parallel`Kernels`Private`id$21871, Parallel`Kernels`Private`name$21871], Parallel`Kernels`Private`ek[Parallel`Kernels`Private`nev$21872, Parallel`Kernels`Private`pb$21872, Parallel`Kernels`Private`rd$21872], Parallel`Kernels`Private`sk[Parallel`Kernels`Private`q$21873, Parallel`Kernels`Private`n0$21873, Parallel`Kernels`Private`n1$21873]]]
NIntegrate::ncvb: NIntegrate failed to converge to prescribed accuracy after 2 recursive bisections in yD near {xD, yD} = {0.0459577, 0.022255}. NIntegrate obtained 0.0106528 and 0.0000640843 for the integral and error estimates.
a = -1040e-4
Time consumption: 6.376658761944444
MaxMemUse :144.39158630371094 MB
Configured Kernels: {SubKernels`LocalKernels`LocalMachine[4, SubKernels`LocalKernels`LowerPriority -> True]}
Processor Count: 4
Modules loaded ...
4 Kernels launched ...
Run started at Wed 24 Nov 2021 00:08:23, Bins: {155, 178}
StringForm[From `1`:, Parallel`Kernels`kernel[Parallel`Kernels`Private`bk[SubKernels`LocalKernels`localKernel[SubKernels`LocalKernels`Private`lk[LinkObject[/usr/local/Wolfram/Mathematica/12.0/Executables/wolfram -subkernel -noinit -nopaclet -wstp, 206, 3], {/usr/local/Wolfram/Mathematica/12.0/Executables/wolfram -subkernel -noinit -nopaclet -wstp}, SubKernels`LocalKernels`Private`speed$21713, SubKernels`LocalKernels`Private`preemptive$21713]], Parallel`Kernels`Private`id$21726, Parallel`Kernels`Private`name$21726], Parallel`Kernels`Private`ek[Parallel`Kernels`Private`nev$21727, Parallel`Kernels`Private`pb$21727, Parallel`Kernels`Private`rd$21727], Parallel`Kernels`Private`sk[Parallel`Kernels`Private`q$21728, Parallel`Kernels`Private`n0$21728, Parallel`Kernels`Private`n1$21728]]]
                                                                                                                                                                                               -6
NIntegrate::ncvb: NIntegrate failed to converge to prescribed accuracy after 2 recursive bisections in yD near {xD, yD} = {0.0479789, -0.01752}. NIntegrate obtained 0.000386185 and 5.15693 10   for the integral and error estimates.
StringForm[From `1`:, Parallel`Kernels`kernel[Parallel`Kernels`Private`bk[SubKernels`LocalKernels`localKernel[SubKernels`LocalKernels`Private`lk[LinkObject[/usr/local/Wolfram/Mathematica/12.0/Executables/wolfram -subkernel -noinit -nopaclet -wstp, 205, 2], {/usr/local/Wolfram/Mathematica/12.0/Executables/wolfram -subkernel -noinit -nopaclet -wstp}, SubKernels`LocalKernels`Private`speed$21712, SubKernels`LocalKernels`Private`preemptive$21712]], Parallel`Kernels`Private`id$21722, Parallel`Kernels`Private`name$21722], Parallel`Kernels`Private`ek[Parallel`Kernels`Private`nev$21723, Parallel`Kernels`Private`pb$21723, Parallel`Kernels`Private`rd$21723], Parallel`Kernels`Private`sk[Parallel`Kernels`Private`q$21724, Parallel`Kernels`Private`n0$21724, Parallel`Kernels`Private`n1$21724]]]
NIntegrate::ncvb: NIntegrate failed to converge to prescribed accuracy after 2 recursive bisections in yD near {xD, yD} = {0.0478327, -0.014338}. NIntegrate obtained 0.020024 and 0.0000810706 for the integral and error estimates.
StringForm[From `1`:, Parallel`Kernels`kernel[Parallel`Kernels`Private`bk[SubKernels`LocalKernels`localKernel[SubKernels`LocalKernels`Private`lk[LinkObject[/usr/local/Wolfram/Mathematica/12.0/Executables/wolfram -subkernel -noinit -nopaclet -wstp, 204, 1], {/usr/local/Wolfram/Mathematica/12.0/Executables/wolfram -subkernel -noinit -nopaclet -wstp}, SubKernels`LocalKernels`Private`speed$21711, SubKernels`LocalKernels`Private`preemptive$21711]], Parallel`Kernels`Private`id$21718, Parallel`Kernels`Private`name$21718], Parallel`Kernels`Private`ek[Parallel`Kernels`Private`nev$21719, Parallel`Kernels`Private`pb$21719, Parallel`Kernels`Private`rd$21719], Parallel`Kernels`Private`sk[Parallel`Kernels`Private`q$21720, Parallel`Kernels`Private`n0$21720, Parallel`Kernels`Private`n1$21720]]]
NIntegrate::ncvb: NIntegrate failed to converge to prescribed accuracy after 2 recursive bisections in yD near {xD, yD} = {0.0478327, 0.022255}. NIntegrate obtained 0.00590611 and 0.0000415651 for the integral and error estimates.
StringForm[From `1`:, Parallel`Kernels`kernel[Parallel`Kernels`Private`bk[SubKernels`LocalKernels`localKernel[SubKernels`LocalKernels`Private`lk[LinkObject[/usr/local/Wolfram/Mathematica/12.0/Executables/wolfram -subkernel -noinit -nopaclet -wstp, 205, 2], {/usr/local/Wolfram/Mathematica/12.0/Executables/wolfram -subkernel -noinit -nopaclet -wstp}, SubKernels`LocalKernels`Private`speed$21712, SubKernels`LocalKernels`Private`preemptive$21712]], Parallel`Kernels`Private`id$21722, Parallel`Kernels`Private`name$21722], Parallel`Kernels`Private`ek[Parallel`Kernels`Private`nev$21723, Parallel`Kernels`Private`pb$21723, Parallel`Kernels`Private`rd$21723], Parallel`Kernels`Private`sk[Parallel`Kernels`Private`q$21724, Parallel`Kernels`Private`n0$21724, Parallel`Kernels`Private`n1$21724]]]
                                                                                                                                                                               -6               -6
NIntegrate::ncvb: NIntegrate failed to converge to prescribed accuracy after 2 recursive bisections in yD near {xD, yD} = {0.0515827, -0.01752}. NIntegrate obtained 3.78554 10   and 2.67417 10   for the integral and error estimates.
StringForm[From `1`:, Parallel`Kernels`kernel[Parallel`Kernels`Private`bk[SubKernels`LocalKernels`localKernel[SubKernels`LocalKernels`Private`lk[LinkObject[/usr/local/Wolfram/Mathematica/12.0/Executables/wolfram -subkernel -noinit -nopaclet -wstp, 207, 4], {/usr/local/Wolfram/Mathematica/12.0/Executables/wolfram -subkernel -noinit -nopaclet -wstp}, SubKernels`LocalKernels`Private`speed$21714, SubKernels`LocalKernels`Private`preemptive$21714]], Parallel`Kernels`Private`id$21730, Parallel`Kernels`Private`name$21730], Parallel`Kernels`Private`ek[Parallel`Kernels`Private`nev$21731, Parallel`Kernels`Private`pb$21731, Parallel`Kernels`Private`rd$21731], Parallel`Kernels`Private`sk[Parallel`Kernels`Private`q$21732, Parallel`Kernels`Private`n0$21732, Parallel`Kernels`Private`n1$21732]]]
NIntegrate::ncvb: NIntegrate failed to converge to prescribed accuracy after 2 recursive bisections in yD near {xD, yD} = {0.0497077, 0.025437}. NIntegrate obtained 0.00228397 and 0.0000892088 for the integral and error estimates.
a = -1040e-4
Time consumption: 6.540686366944445
MaxMemUse :144.39180755615234 MB
Configured Kernels: {SubKernels`LocalKernels`LocalMachine[4, SubKernels`LocalKernels`LowerPriority -> True]}
Processor Count: 4
Modules loaded ...
4 Kernels launched ...
Run started at Wed 24 Nov 2021 06:40:50, Bins: {179, 264}
StringForm[From `1`:, Parallel`Kernels`kernel[Parallel`Kernels`Private`bk[SubKernels`LocalKernels`localKernel[SubKernels`LocalKernels`Private`lk[LinkObject[/usr/local/Wolfram/Mathematica/12.0/Executables/wolfram -subkernel -noinit -nopaclet -wstp, 205, 2], {/usr/local/Wolfram/Mathematica/12.0/Executables/wolfram -subkernel -noinit -nopaclet -wstp}, SubKernels`LocalKernels`Private`speed$21922, SubKernels`LocalKernels`Private`preemptive$21922]], Parallel`Kernels`Private`id$21932, Parallel`Kernels`Private`name$21932], Parallel`Kernels`Private`ek[Parallel`Kernels`Private`nev$21933, Parallel`Kernels`Private`pb$21933, Parallel`Kernels`Private`rd$21933], Parallel`Kernels`Private`sk[Parallel`Kernels`Private`q$21934, Parallel`Kernels`Private`n0$21934, Parallel`Kernels`Private`n1$21934]]]
                                                                                                                                                                                               -6
NIntegrate::ncvb: NIntegrate failed to converge to prescribed accuracy after 2 recursive bisections in yD near {xD, yD} = {0.0503957, 0.025437}. NIntegrate obtained 0.000567367 and 1.93413 10   for the integral and error estimates.
a = -1040e-4
Time consumption: 2.7913144330555557
MaxMemUse :144.39876556396484 MB
