Configured Kernels: {SubKernels`LocalKernels`LocalMachine[4, SubKernels`LocalKernels`LowerPriority -> True]}
Processor Count: 4

Set::wrsym: Symbol pmax is Protected.
Modules loaded ...
3 Kernels launched ...
Run started at Fri 4 Sep 2020 10:10:19, Bins: {1, 104}
b = 7e-4
Time consumption: 9.215822674722222
MaxMemUse :142.87178802490234 MB
Configured Kernels: {SubKernels`LocalKernels`LocalMachine[4, SubKernels`LocalKernels`LowerPriority -> True]}
Processor Count: 4

Set::wrsym: Symbol pmax is Protected.
Modules loaded ...
3 Kernels launched ...
Run started at Fri 4 Sep 2020 19:23:16, Bins: {105, 128}
StringForm[From `1`:, Parallel`Kernels`kernel[Parallel`Kernels`Private`bk[SubKernels`LocalKernels`localKernel[SubKernels`LocalKernels`Private`lk[LinkObject[/usr/local/Wolfram/Mathematica/12.0/Executables/wolfram -subkernel -noinit -nopaclet -wstp, 198, 3], {/usr/local/Wolfram/Mathematica/12.0/Executables/wolfram -subkernel -noinit -nopaclet -wstp}, SubKernels`LocalKernels`Private`speed$58320, SubKernels`LocalKernels`Private`preemptive$58320]], Parallel`Kernels`Private`id$58332, Parallel`Kernels`Private`name$58332], Parallel`Kernels`Private`ek[Parallel`Kernels`Private`nev$58333, Parallel`Kernels`Private`pb$58333, Parallel`Kernels`Private`rd$58333], Parallel`Kernels`Private`sk[Parallel`Kernels`Private`q$58334, Parallel`Kernels`Private`n0$58334, Parallel`Kernels`Private`n1$58334]]]
NIntegrate::ncvb: NIntegrate failed to converge to prescribed accuracy after 2 recursive bisections in yD near {xD, yD} = {-0.0107794, 0.0421083}. NIntegrate obtained 0.116569 and 0.00918189 for the integral and error estimates.
StringForm[From `1`:, Parallel`Kernels`kernel[Parallel`Kernels`Private`bk[SubKernels`LocalKernels`localKernel[SubKernels`LocalKernels`Private`lk[LinkObject[/usr/local/Wolfram/Mathematica/12.0/Executables/wolfram -subkernel -noinit -nopaclet -wstp, 197, 2], {/usr/local/Wolfram/Mathematica/12.0/Executables/wolfram -subkernel -noinit -nopaclet -wstp}, SubKernels`LocalKernels`Private`speed$58319, SubKernels`LocalKernels`Private`preemptive$58319]], Parallel`Kernels`Private`id$58328, Parallel`Kernels`Private`name$58328], Parallel`Kernels`Private`ek[Parallel`Kernels`Private`nev$58329, Parallel`Kernels`Private`pb$58329, Parallel`Kernels`Private`rd$58329], Parallel`Kernels`Private`sk[Parallel`Kernels`Private`q$58330, Parallel`Kernels`Private`n0$58330, Parallel`Kernels`Private`n1$58330]]]
NIntegrate::ncvb: NIntegrate failed to converge to prescribed accuracy after 2 recursive bisections in yD near {xD, yD} = {-0.0153897, -0.00788969}. NIntegrate obtained 1.00645 and 0.00169664 for the integral and error estimates.
StringForm[From `1`:, Parallel`Kernels`kernel[Parallel`Kernels`Private`bk[SubKernels`LocalKernels`localKernel[SubKernels`LocalKernels`Private`lk[LinkObject[/usr/local/Wolfram/Mathematica/12.0/Executables/wolfram -subkernel -noinit -nopaclet -wstp, 198, 3], {/usr/local/Wolfram/Mathematica/12.0/Executables/wolfram -subkernel -noinit -nopaclet -wstp}, SubKernels`LocalKernels`Private`speed$58320, SubKernels`LocalKernels`Private`preemptive$58320]], Parallel`Kernels`Private`id$58332, Parallel`Kernels`Private`name$58332], Parallel`Kernels`Private`ek[Parallel`Kernels`Private`nev$58333, Parallel`Kernels`Private`pb$58333, Parallel`Kernels`Private`rd$58333], Parallel`Kernels`Private`sk[Parallel`Kernels`Private`q$58334, Parallel`Kernels`Private`n0$58334, Parallel`Kernels`Private`n1$58334]]]
NIntegrate::ncvb: NIntegrate failed to converge to prescribed accuracy after 2 recursive bisections in yD near {xD, yD} = {-0.0128897, 0.0271083}. NIntegrate obtained 0.966513 and 0.00225004 for the integral and error estimates.
b = 7e-4
Time consumption: 15.748000385833333
MaxMemUse :142.89408111572266 MB
Configured Kernels: {SubKernels`LocalKernels`LocalMachine[4, SubKernels`LocalKernels`LowerPriority -> True]}
Processor Count: 4

Set::wrsym: Symbol pmax is Protected.
Modules loaded ...
3 Kernels launched ...
Run started at Sat 5 Sep 2020 11:08:09, Bins: {129, 150}
StringForm[From `1`:, Parallel`Kernels`kernel[Parallel`Kernels`Private`bk[SubKernels`LocalKernels`localKernel[SubKernels`LocalKernels`Private`lk[LinkObject[/usr/local/Wolfram/Mathematica/12.0/Executables/wolfram -subkernel -noinit -nopaclet -wstp, 198, 3], {/usr/local/Wolfram/Mathematica/12.0/Executables/wolfram -subkernel -noinit -nopaclet -wstp}, SubKernels`LocalKernels`Private`speed$57888, SubKernels`LocalKernels`Private`preemptive$57888]], Parallel`Kernels`Private`id$57900, Parallel`Kernels`Private`name$57900], Parallel`Kernels`Private`ek[Parallel`Kernels`Private`nev$57901, Parallel`Kernels`Private`pb$57901, Parallel`Kernels`Private`rd$57901], Parallel`Kernels`Private`sk[Parallel`Kernels`Private`q$57902, Parallel`Kernels`Private`n0$57902, Parallel`Kernels`Private`n1$57902]]]
NIntegrate::ncvb: NIntegrate failed to converge to prescribed accuracy after 2 recursive bisections in yD near {xD, yD} = {-0.0107794, -0.0178897}. NIntegrate obtained 0.250273 and 0.00122739 for the integral and error estimates.
StringForm[From `1`:, Parallel`Kernels`kernel[Parallel`Kernels`Private`bk[SubKernels`LocalKernels`localKernel[SubKernels`LocalKernels`Private`lk[LinkObject[/usr/local/Wolfram/Mathematica/12.0/Executables/wolfram -subkernel -noinit -nopaclet -wstp, 197, 2], {/usr/local/Wolfram/Mathematica/12.0/Executables/wolfram -subkernel -noinit -nopaclet -wstp}, SubKernels`LocalKernels`Private`speed$57887, SubKernels`LocalKernels`Private`preemptive$57887]], Parallel`Kernels`Private`id$57896, Parallel`Kernels`Private`name$57896], Parallel`Kernels`Private`ek[Parallel`Kernels`Private`nev$57897, Parallel`Kernels`Private`pb$57897, Parallel`Kernels`Private`rd$57897], Parallel`Kernels`Private`sk[Parallel`Kernels`Private`q$57898, Parallel`Kernels`Private`n0$57898, Parallel`Kernels`Private`n1$57898]]]
NIntegrate::ncvb: NIntegrate failed to converge to prescribed accuracy after 2 recursive bisections in yD near {xD, yD} = {-0.00577938, 0.0271083}. NIntegrate obtained 1.09901 and 0.00374223 for the integral and error estimates.
StringForm[From `1`:, Parallel`Kernels`kernel[Parallel`Kernels`Private`bk[SubKernels`LocalKernels`localKernel[SubKernels`LocalKernels`Private`lk[LinkObject[/usr/local/Wolfram/Mathematica/12.0/Executables/wolfram -subkernel -noinit -nopaclet -wstp, 198, 3], {/usr/local/Wolfram/Mathematica/12.0/Executables/wolfram -subkernel -noinit -nopaclet -wstp}, SubKernels`LocalKernels`Private`speed$57888, SubKernels`LocalKernels`Private`preemptive$57888]], Parallel`Kernels`Private`id$57900, Parallel`Kernels`Private`name$57900], Parallel`Kernels`Private`ek[Parallel`Kernels`Private`nev$57901, Parallel`Kernels`Private`pb$57901, Parallel`Kernels`Private`rd$57901], Parallel`Kernels`Private`sk[Parallel`Kernels`Private`q$57902, Parallel`Kernels`Private`n0$57902, Parallel`Kernels`Private`n1$57902]]]
NIntegrate::ncvb: NIntegrate failed to converge to prescribed accuracy after 2 recursive bisections in yD near {xD, yD} = {-0.00577938, -0.0228897}. NIntegrate obtained 0.257513 and 0.00305519 for the integral and error estimates.
StringForm[From `1`:, Parallel`Kernels`kernel[Parallel`Kernels`Private`bk[SubKernels`LocalKernels`localKernel[SubKernels`LocalKernels`Private`lk[LinkObject[/usr/local/Wolfram/Mathematica/12.0/Executables/wolfram -subkernel -noinit -nopaclet -wstp, 196, 1], {/usr/local/Wolfram/Mathematica/12.0/Executables/wolfram -subkernel -noinit -nopaclet -wstp}, SubKernels`LocalKernels`Private`speed$57886, SubKernels`LocalKernels`Private`preemptive$57886]], Parallel`Kernels`Private`id$57892, Parallel`Kernels`Private`name$57892], Parallel`Kernels`Private`ek[Parallel`Kernels`Private`nev$57893, Parallel`Kernels`Private`pb$57893, Parallel`Kernels`Private`rd$57893], Parallel`Kernels`Private`sk[Parallel`Kernels`Private`q$57894, Parallel`Kernels`Private`n0$57894, Parallel`Kernels`Private`n1$57894]]]
NIntegrate::ncvb: NIntegrate failed to converge to prescribed accuracy after 2 recursive bisections in yD near {xD, yD} = {-0.000779382, 0.0396083}. NIntegrate obtained 0.0600853 and 0.00443843 for the integral and error estimates.
StringForm[From `1`:, Parallel`Kernels`kernel[Parallel`Kernels`Private`bk[SubKernels`LocalKernels`localKernel[SubKernels`LocalKernels`Private`lk[LinkObject[/usr/local/Wolfram/Mathematica/12.0/Executables/wolfram -subkernel -noinit -nopaclet -wstp, 197, 2], {/usr/local/Wolfram/Mathematica/12.0/Executables/wolfram -subkernel -noinit -nopaclet -wstp}, SubKernels`LocalKernels`Private`speed$57887, SubKernels`LocalKernels`Private`preemptive$57887]], Parallel`Kernels`Private`id$57896, Parallel`Kernels`Private`name$57896], Parallel`Kernels`Private`ek[Parallel`Kernels`Private`nev$57897, Parallel`Kernels`Private`pb$57897, Parallel`Kernels`Private`rd$57897], Parallel`Kernels`Private`sk[Parallel`Kernels`Private`q$57898, Parallel`Kernels`Private`n0$57898, Parallel`Kernels`Private`n1$57898]]]
NIntegrate::ncvb: NIntegrate failed to converge to prescribed accuracy after 2 recursive bisections in yD near {xD, yD} = {-0.00577938, -0.0128897}. NIntegrate obtained 1.73229 and 0.00290094 for the integral and error estimates.
StringForm[From `1`:, Parallel`Kernels`kernel[Parallel`Kernels`Private`bk[SubKernels`LocalKernels`localKernel[SubKernels`LocalKernels`Private`lk[LinkObject[/usr/local/Wolfram/Mathematica/12.0/Executables/wolfram -subkernel -noinit -nopaclet -wstp, 198, 3], {/usr/local/Wolfram/Mathematica/12.0/Executables/wolfram -subkernel -noinit -nopaclet -wstp}, SubKernels`LocalKernels`Private`speed$57888, SubKernels`LocalKernels`Private`preemptive$57888]], Parallel`Kernels`Private`id$57900, Parallel`Kernels`Private`name$57900], Parallel`Kernels`Private`ek[Parallel`Kernels`Private`nev$57901, Parallel`Kernels`Private`pb$57901, Parallel`Kernels`Private`rd$57901], Parallel`Kernels`Private`sk[Parallel`Kernels`Private`q$57902, Parallel`Kernels`Private`n0$57902, Parallel`Kernels`Private`n1$57902]]]
NIntegrate::ncvb: NIntegrate failed to converge to prescribed accuracy after 2 recursive bisections in yD near {xD, yD} = {-0.000779382, 0.0271083}. NIntegrate obtained 1.06817 and 0.00550222 for the integral and error estimates.
StringForm[From `1`:, Parallel`Kernels`kernel[Parallel`Kernels`Private`bk[SubKernels`LocalKernels`localKernel[SubKernels`LocalKernels`Private`lk[LinkObject[/usr/local/Wolfram/Mathematica/12.0/Executables/wolfram -subkernel -noinit -nopaclet -wstp, 196, 1], {/usr/local/Wolfram/Mathematica/12.0/Executables/wolfram -subkernel -noinit -nopaclet -wstp}, SubKernels`LocalKernels`Private`speed$57886, SubKernels`LocalKernels`Private`preemptive$57886]], Parallel`Kernels`Private`id$57892, Parallel`Kernels`Private`name$57892], Parallel`Kernels`Private`ek[Parallel`Kernels`Private`nev$57893, Parallel`Kernels`Private`pb$57893, Parallel`Kernels`Private`rd$57893], Parallel`Kernels`Private`sk[Parallel`Kernels`Private`q$57894, Parallel`Kernels`Private`n0$57894, Parallel`Kernels`Private`n1$57894]]]
NIntegrate::ncvb: NIntegrate failed to converge to prescribed accuracy after 2 recursive bisections in yD near {xD, yD} = {-0.000779382, 0.0221083}. NIntegrate obtained 3.24556 and 0.00518466 for the integral and error estimates.
StringForm[From `1`:, Parallel`Kernels`kernel[Parallel`Kernels`Private`bk[SubKernels`LocalKernels`localKernel[SubKernels`LocalKernels`Private`lk[LinkObject[/usr/local/Wolfram/Mathematica/12.0/Executables/wolfram -subkernel -noinit -nopaclet -wstp, 198, 3], {/usr/local/Wolfram/Mathematica/12.0/Executables/wolfram -subkernel -noinit -nopaclet -wstp}, SubKernels`LocalKernels`Private`speed$57888, SubKernels`LocalKernels`Private`preemptive$57888]], Parallel`Kernels`Private`id$57900, Parallel`Kernels`Private`name$57900], Parallel`Kernels`Private`ek[Parallel`Kernels`Private`nev$57901, Parallel`Kernels`Private`pb$57901, Parallel`Kernels`Private`rd$57901], Parallel`Kernels`Private`sk[Parallel`Kernels`Private`q$57902, Parallel`Kernels`Private`n0$57902, Parallel`Kernels`Private`n1$57902]]]
NIntegrate::ncvb: NIntegrate failed to converge to prescribed accuracy after 2 recursive bisections in yD near {xD, yD} = {-0.000779382, -0.0103897}. NIntegrate obtained 1.7955 and 0.00407614 for the integral and error estimates.
b = 7e-4
Time consumption: 14.037160540555556
MaxMemUse :142.90511322021484 MB
Configured Kernels: {SubKernels`LocalKernels`LocalMachine[4, SubKernels`LocalKernels`LowerPriority -> True]}
Processor Count: 4

Set::wrsym: Symbol pmax is Protected.
Modules loaded ...
3 Kernels launched ...
Run started at Sun 6 Sep 2020 01:10:24, Bins: {151, 170}
StringForm[From `1`:, Parallel`Kernels`kernel[Parallel`Kernels`Private`bk[SubKernels`LocalKernels`localKernel[SubKernels`LocalKernels`Private`lk[LinkObject[/usr/local/Wolfram/Mathematica/12.0/Executables/wolfram -subkernel -noinit -nopaclet -wstp, 220, 3], {/usr/local/Wolfram/Mathematica/12.0/Executables/wolfram -subkernel -noinit -nopaclet -wstp}, SubKernels`LocalKernels`Private`speed$58190, SubKernels`LocalKernels`Private`preemptive$58190]], Parallel`Kernels`Private`id$58199, Parallel`Kernels`Private`name$58199], Parallel`Kernels`Private`ek[Parallel`Kernels`Private`nev$58200, Parallel`Kernels`Private`pb$58200, Parallel`Kernels`Private`rd$58200], Parallel`Kernels`Private`sk[Parallel`Kernels`Private`q$58201, Parallel`Kernels`Private`n0$58201, Parallel`Kernels`Private`n1$58201]]]
NIntegrate::ncvb: NIntegrate failed to converge to prescribed accuracy after 2 recursive bisections in yD near {xD, yD} = {0.00422062, 0.0371083}. NIntegrate obtained 0.0199083 and 0.00483964 for the integral and error estimates.
StringForm[From `1`:, Parallel`Kernels`kernel[Parallel`Kernels`Private`bk[SubKernels`LocalKernels`localKernel[SubKernels`LocalKernels`Private`lk[LinkObject[/usr/local/Wolfram/Mathematica/12.0/Executables/wolfram -subkernel -noinit -nopaclet -wstp, 221, 4], {/usr/local/Wolfram/Mathematica/12.0/Executables/wolfram -subkernel -noinit -nopaclet -wstp}, SubKernels`LocalKernels`Private`speed$58191, SubKernels`LocalKernels`Private`preemptive$58191]], Parallel`Kernels`Private`id$58203, Parallel`Kernels`Private`name$58203], Parallel`Kernels`Private`ek[Parallel`Kernels`Private`nev$58204, Parallel`Kernels`Private`pb$58204, Parallel`Kernels`Private`rd$58204], Parallel`Kernels`Private`sk[Parallel`Kernels`Private`q$58205, Parallel`Kernels`Private`n0$58205, Parallel`Kernels`Private`n1$58205]]]
NIntegrate::ncvb: NIntegrate failed to converge to prescribed accuracy after 2 recursive bisections in yD near {xD, yD} = {-0.000779382, -0.0203897}. NIntegrate obtained 0.218585 and 0.0036696 for the integral and error estimates.
StringForm[From `1`:, Parallel`Kernels`kernel[Parallel`Kernels`Private`bk[SubKernels`LocalKernels`localKernel[SubKernels`LocalKernels`Private`lk[LinkObject[/usr/local/Wolfram/Mathematica/12.0/Executables/wolfram -subkernel -noinit -nopaclet -wstp, 219, 2], {/usr/local/Wolfram/Mathematica/12.0/Executables/wolfram -subkernel -noinit -nopaclet -wstp}, SubKernels`LocalKernels`Private`speed$58189, SubKernels`LocalKernels`Private`preemptive$58189]], Parallel`Kernels`Private`id$58195, Parallel`Kernels`Private`name$58195], Parallel`Kernels`Private`ek[Parallel`Kernels`Private`nev$58196, Parallel`Kernels`Private`pb$58196, Parallel`Kernels`Private`rd$58196], Parallel`Kernels`Private`sk[Parallel`Kernels`Private`q$58197, Parallel`Kernels`Private`n0$58197, Parallel`Kernels`Private`n1$58197]]]
NIntegrate::ncvb: NIntegrate failed to converge to prescribed accuracy after 2 recursive bisections in yD near {xD, yD} = {0.00422062, 0.0271083}. NIntegrate obtained 0.869397 and 0.00438772 for the integral and error estimates.
StringForm[From `1`:, Parallel`Kernels`kernel[Parallel`Kernels`Private`bk[SubKernels`LocalKernels`localKernel[SubKernels`LocalKernels`Private`lk[LinkObject[/usr/local/Wolfram/Mathematica/12.0/Executables/wolfram -subkernel -noinit -nopaclet -wstp, 219, 2], {/usr/local/Wolfram/Mathematica/12.0/Executables/wolfram -subkernel -noinit -nopaclet -wstp}, SubKernels`LocalKernels`Private`speed$58189, SubKernels`LocalKernels`Private`preemptive$58189]], Parallel`Kernels`Private`id$58195, Parallel`Kernels`Private`name$58195], Parallel`Kernels`Private`ek[Parallel`Kernels`Private`nev$58196, Parallel`Kernels`Private`pb$58196, Parallel`Kernels`Private`rd$58196], Parallel`Kernels`Private`sk[Parallel`Kernels`Private`q$58197, Parallel`Kernels`Private`n0$58197, Parallel`Kernels`Private`n1$58197]]]
NIntegrate::ncvb: NIntegrate failed to converge to prescribed accuracy after 2 recursive bisections in yD near {xD, yD} = {0.00422062, -0.0178897}. NIntegrate obtained 0.135461 and 0.00210634 for the integral and error estimates.
StringForm[From `1`:, Parallel`Kernels`kernel[Parallel`Kernels`Private`bk[SubKernels`LocalKernels`localKernel[SubKernels`LocalKernels`Private`lk[LinkObject[/usr/local/Wolfram/Mathematica/12.0/Executables/wolfram -subkernel -noinit -nopaclet -wstp, 220, 3], {/usr/local/Wolfram/Mathematica/12.0/Executables/wolfram -subkernel -noinit -nopaclet -wstp}, SubKernels`LocalKernels`Private`speed$58190, SubKernels`LocalKernels`Private`preemptive$58190]], Parallel`Kernels`Private`id$58199, Parallel`Kernels`Private`name$58199], Parallel`Kernels`Private`ek[Parallel`Kernels`Private`nev$58200, Parallel`Kernels`Private`pb$58200, Parallel`Kernels`Private`rd$58200], Parallel`Kernels`Private`sk[Parallel`Kernels`Private`q$58201, Parallel`Kernels`Private`n0$58201, Parallel`Kernels`Private`n1$58201]]]
NIntegrate::ncvb: NIntegrate failed to converge to prescribed accuracy after 2 recursive bisections in yD near {xD, yD} = {0.00922062, 0.0271083}. NIntegrate obtained 0.576182 and 0.00327112 for the integral and error estimates.
b = 7e-4
Time consumption: 8.167379875277778
MaxMemUse :145.94612884521484 MB
Configured Kernels: {SubKernels`LocalKernels`LocalMachine[4, SubKernels`LocalKernels`LowerPriority -> True]}
Processor Count: 4

Set::wrsym: Symbol pmax is Protected.
Modules loaded ...
3 Kernels launched ...
Run started at Sun 6 Sep 2020 09:20:27, Bins: {171, 253}
StringForm[From `1`:, Parallel`Kernels`kernel[Parallel`Kernels`Private`bk[SubKernels`LocalKernels`localKernel[SubKernels`LocalKernels`Private`lk[LinkObject[/usr/local/Wolfram/Mathematica/12.0/Executables/wolfram -subkernel -noinit -nopaclet -wstp, 196, 1], {/usr/local/Wolfram/Mathematica/12.0/Executables/wolfram -subkernel -noinit -nopaclet -wstp}, SubKernels`LocalKernels`Private`speed$56846, SubKernels`LocalKernels`Private`preemptive$56846]], Parallel`Kernels`Private`id$56852, Parallel`Kernels`Private`name$56852], Parallel`Kernels`Private`ek[Parallel`Kernels`Private`nev$56853, Parallel`Kernels`Private`pb$56853, Parallel`Kernels`Private`rd$56853], Parallel`Kernels`Private`sk[Parallel`Kernels`Private`q$56854, Parallel`Kernels`Private`n0$56854, Parallel`Kernels`Private`n1$56854]]]
NIntegrate::ncvb: NIntegrate failed to converge to prescribed accuracy after 2 recursive bisections in yD near {xD, yD} = {0.00922062, -0.0178897}. NIntegrate obtained 0.0570012 and 0.00230609 for the integral and error estimates.
StringForm[From `1`:, Parallel`Kernels`kernel[Parallel`Kernels`Private`bk[SubKernels`LocalKernels`localKernel[SubKernels`LocalKernels`Private`lk[LinkObject[/usr/local/Wolfram/Mathematica/12.0/Executables/wolfram -subkernel -noinit -nopaclet -wstp, 196, 1], {/usr/local/Wolfram/Mathematica/12.0/Executables/wolfram -subkernel -noinit -nopaclet -wstp}, SubKernels`LocalKernels`Private`speed$56846, SubKernels`LocalKernels`Private`preemptive$56846]], Parallel`Kernels`Private`id$56852, Parallel`Kernels`Private`name$56852], Parallel`Kernels`Private`ek[Parallel`Kernels`Private`nev$56853, Parallel`Kernels`Private`pb$56853, Parallel`Kernels`Private`rd$56853], Parallel`Kernels`Private`sk[Parallel`Kernels`Private`q$56854, Parallel`Kernels`Private`n0$56854, Parallel`Kernels`Private`n1$56854]]]
NIntegrate::ncvb: NIntegrate failed to converge to prescribed accuracy after 2 recursive bisections in yD near {xD, yD} = {0.0142206, 0.0296083}. NIntegrate obtained 0.296996 and 0.00450222 for the integral and error estimates.
StringForm[From `1`:, Parallel`Kernels`kernel[Parallel`Kernels`Private`bk[SubKernels`LocalKernels`localKernel[SubKernels`LocalKernels`Private`lk[LinkObject[/usr/local/Wolfram/Mathematica/12.0/Executables/wolfram -subkernel -noinit -nopaclet -wstp, 198, 3], {/usr/local/Wolfram/Mathematica/12.0/Executables/wolfram -subkernel -noinit -nopaclet -wstp}, SubKernels`LocalKernels`Private`speed$56848, SubKernels`LocalKernels`Private`preemptive$56848]], Parallel`Kernels`Private`id$56860, Parallel`Kernels`Private`name$56860], Parallel`Kernels`Private`ek[Parallel`Kernels`Private`nev$56861, Parallel`Kernels`Private`pb$56861, Parallel`Kernels`Private`rd$56861], Parallel`Kernels`Private`sk[Parallel`Kernels`Private`q$56862, Parallel`Kernels`Private`n0$56862, Parallel`Kernels`Private`n1$56862]]]
NIntegrate::ncvb: NIntegrate failed to converge to prescribed accuracy after 2 recursive bisections in yD near {xD, yD} = {0.00922062, -0.00289011}. NIntegrate obtained 2.38975 and 0.00253458 for the integral and error estimates.
StringForm[From `1`:, Parallel`Kernels`kernel[Parallel`Kernels`Private`bk[SubKernels`LocalKernels`localKernel[SubKernels`LocalKernels`Private`lk[LinkObject[/usr/local/Wolfram/Mathematica/12.0/Executables/wolfram -subkernel -noinit -nopaclet -wstp, 197, 2], {/usr/local/Wolfram/Mathematica/12.0/Executables/wolfram -subkernel -noinit -nopaclet -wstp}, SubKernels`LocalKernels`Private`speed$56847, SubKernels`LocalKernels`Private`preemptive$56847]], Parallel`Kernels`Private`id$56856, Parallel`Kernels`Private`name$56856], Parallel`Kernels`Private`ek[Parallel`Kernels`Private`nev$56857, Parallel`Kernels`Private`pb$56857, Parallel`Kernels`Private`rd$56857], Parallel`Kernels`Private`sk[Parallel`Kernels`Private`q$56858, Parallel`Kernels`Private`n0$56858, Parallel`Kernels`Private`n1$56858]]]
NIntegrate::ncvb: NIntegrate failed to converge to prescribed accuracy after 2 recursive bisections in yD near {xD, yD} = {0.00922062, -0.00788969}. NIntegrate obtained 1.15293 and 0.00378762 for the integral and error estimates.
StringForm[From `1`:, Parallel`Kernels`kernel[Parallel`Kernels`Private`bk[SubKernels`LocalKernels`localKernel[SubKernels`LocalKernels`Private`lk[LinkObject[/usr/local/Wolfram/Mathematica/12.0/Executables/wolfram -subkernel -noinit -nopaclet -wstp, 198, 3], {/usr/local/Wolfram/Mathematica/12.0/Executables/wolfram -subkernel -noinit -nopaclet -wstp}, SubKernels`LocalKernels`Private`speed$56848, SubKernels`LocalKernels`Private`preemptive$56848]], Parallel`Kernels`Private`id$56860, Parallel`Kernels`Private`name$56860], Parallel`Kernels`Private`ek[Parallel`Kernels`Private`nev$56861, Parallel`Kernels`Private`pb$56861, Parallel`Kernels`Private`rd$56861], Parallel`Kernels`Private`sk[Parallel`Kernels`Private`q$56862, Parallel`Kernels`Private`n0$56862, Parallel`Kernels`Private`n1$56862]]]
NIntegrate::ncvb: NIntegrate failed to converge to prescribed accuracy after 2 recursive bisections in yD near {xD, yD} = {0.0142206, -0.00538969}. NIntegrate obtained 0.669422 and 0.00138301 for the integral and error estimates.
StringForm[From `1`:, Parallel`Kernels`kernel[Parallel`Kernels`Private`bk[SubKernels`LocalKernels`localKernel[SubKernels`LocalKernels`Private`lk[LinkObject[/usr/local/Wolfram/Mathematica/12.0/Executables/wolfram -subkernel -noinit -nopaclet -wstp, 197, 2], {/usr/local/Wolfram/Mathematica/12.0/Executables/wolfram -subkernel -noinit -nopaclet -wstp}, SubKernels`LocalKernels`Private`speed$56847, SubKernels`LocalKernels`Private`preemptive$56847]], Parallel`Kernels`Private`id$56856, Parallel`Kernels`Private`name$56856], Parallel`Kernels`Private`ek[Parallel`Kernels`Private`nev$56857, Parallel`Kernels`Private`pb$56857, Parallel`Kernels`Private`rd$56857], Parallel`Kernels`Private`sk[Parallel`Kernels`Private`q$56858, Parallel`Kernels`Private`n0$56858, Parallel`Kernels`Private`n1$56858]]]
NIntegrate::ncvb: NIntegrate failed to converge to prescribed accuracy after 2 recursive bisections in xD near {xD, yD} = {0.0260552, 0.0234392}. NIntegrate obtained 0.017759 and 0.00126901 for the integral and error estimates.
StringForm[From `1`:, Parallel`Kernels`kernel[Parallel`Kernels`Private`bk[SubKernels`LocalKernels`localKernel[SubKernels`LocalKernels`Private`lk[LinkObject[/usr/local/Wolfram/Mathematica/12.0/Executables/wolfram -subkernel -noinit -nopaclet -wstp, 196, 1], {/usr/local/Wolfram/Mathematica/12.0/Executables/wolfram -subkernel -noinit -nopaclet -wstp}, SubKernels`LocalKernels`Private`speed$56846, SubKernels`LocalKernels`Private`preemptive$56846]], Parallel`Kernels`Private`id$56852, Parallel`Kernels`Private`name$56852], Parallel`Kernels`Private`ek[Parallel`Kernels`Private`nev$56853, Parallel`Kernels`Private`pb$56853, Parallel`Kernels`Private`rd$56853], Parallel`Kernels`Private`sk[Parallel`Kernels`Private`q$56854, Parallel`Kernels`Private`n0$56854, Parallel`Kernels`Private`n1$56854]]]
NIntegrate::ncvb: NIntegrate failed to converge to prescribed accuracy after 2 recursive bisections in xD near {xD, yD} = {0.0260552, 0.0134392}. NIntegrate obtained 0.0189783 and 0.00127947 for the integral and error estimates.
StringForm[From `1`:, Parallel`Kernels`kernel[Parallel`Kernels`Private`bk[SubKernels`LocalKernels`localKernel[SubKernels`LocalKernels`Private`lk[LinkObject[/usr/local/Wolfram/Mathematica/12.0/Executables/wolfram -subkernel -noinit -nopaclet -wstp, 198, 3], {/usr/local/Wolfram/Mathematica/12.0/Executables/wolfram -subkernel -noinit -nopaclet -wstp}, SubKernels`LocalKernels`Private`speed$56848, SubKernels`LocalKernels`Private`preemptive$56848]], Parallel`Kernels`Private`id$56860, Parallel`Kernels`Private`name$56860], Parallel`Kernels`Private`ek[Parallel`Kernels`Private`nev$56861, Parallel`Kernels`Private`pb$56861, Parallel`Kernels`Private`rd$56861], Parallel`Kernels`Private`sk[Parallel`Kernels`Private`q$56862, Parallel`Kernels`Private`n0$56862, Parallel`Kernels`Private`n1$56862]]]
NIntegrate::ncvb: NIntegrate failed to converge to prescribed accuracy after 2 recursive bisections in xD near {xD, yD} = {0.0260552, 0.00343955}. NIntegrate obtained 0.019996 and 0.0013266 for the integral and error estimates.
b = 7e-4
Time consumption: 13.309357112777777
MaxMemUse :142.9250946044922 MB
