Configured Kernels: {SubKernels`LocalKernels`LocalMachine[4, SubKernels`LocalKernels`LowerPriority -> True]}
Processor Count: 4
Modules loaded ...
4 Kernels launched ...
Run started at Tue 16 Mar 2021 17:58:40, Bins: {1, 98}
StringForm[From `1`:, Parallel`Kernels`kernel[Parallel`Kernels`Private`bk[SubKernels`LocalKernels`localKernel[SubKernels`LocalKernels`Private`lk[LinkObject[/usr/local/Wolfram/Mathematica/12.0/Executables/wolfram -subkernel -noinit -nopaclet -wstp, 204, 1], {/usr/local/Wolfram/Mathematica/12.0/Executables/wolfram -subkernel -noinit -nopaclet -wstp}, SubKernels`LocalKernels`Private`speed$21217, SubKernels`LocalKernels`Private`preemptive$21217]], Parallel`Kernels`Private`id$21224, Parallel`Kernels`Private`name$21224], Parallel`Kernels`Private`ek[Parallel`Kernels`Private`nev$21225, Parallel`Kernels`Private`pb$21225, Parallel`Kernels`Private`rd$21225], Parallel`Kernels`Private`sk[Parallel`Kernels`Private`q$21226, Parallel`Kernels`Private`n0$21226, Parallel`Kernels`Private`n1$21226]]]
                                                                                                                                                                                                 -6
NIntegrate::ncvb: NIntegrate failed to converge to prescribed accuracy after 2 recursive bisections in yD near {xD, yD} = {0.0273052, 0.0217733}. NIntegrate obtained 0.0000104851 and 1.05733 10   for the integral and error estimates.
StringForm[From `1`:, Parallel`Kernels`kernel[Parallel`Kernels`Private`bk[SubKernels`LocalKernels`localKernel[SubKernels`LocalKernels`Private`lk[LinkObject[/usr/local/Wolfram/Mathematica/12.0/Executables/wolfram -subkernel -noinit -nopaclet -wstp, 206, 3], {/usr/local/Wolfram/Mathematica/12.0/Executables/wolfram -subkernel -noinit -nopaclet -wstp}, SubKernels`LocalKernels`Private`speed$21219, SubKernels`LocalKernels`Private`preemptive$21219]], Parallel`Kernels`Private`id$21232, Parallel`Kernels`Private`name$21232], Parallel`Kernels`Private`ek[Parallel`Kernels`Private`nev$21233, Parallel`Kernels`Private`pb$21233, Parallel`Kernels`Private`rd$21233], Parallel`Kernels`Private`sk[Parallel`Kernels`Private`q$21234, Parallel`Kernels`Private`n0$21234, Parallel`Kernels`Private`n1$21234]]]
NIntegrate::ncvb: NIntegrate failed to converge to prescribed accuracy after 2 recursive bisections in yD near {xD, yD} = {0.0298052, 0.0217733}. NIntegrate obtained 0.000327471 and 0.0000160353 for the integral and error estimates.
StringForm[From `1`:, Parallel`Kernels`kernel[Parallel`Kernels`Private`bk[SubKernels`LocalKernels`localKernel[SubKernels`LocalKernels`Private`lk[LinkObject[/usr/local/Wolfram/Mathematica/12.0/Executables/wolfram -subkernel -noinit -nopaclet -wstp, 206, 3], {/usr/local/Wolfram/Mathematica/12.0/Executables/wolfram -subkernel -noinit -nopaclet -wstp}, SubKernels`LocalKernels`Private`speed$21219, SubKernels`LocalKernels`Private`preemptive$21219]], Parallel`Kernels`Private`id$21232, Parallel`Kernels`Private`name$21232], Parallel`Kernels`Private`ek[Parallel`Kernels`Private`nev$21233, Parallel`Kernels`Private`pb$21233, Parallel`Kernels`Private`rd$21233], Parallel`Kernels`Private`sk[Parallel`Kernels`Private`q$21234, Parallel`Kernels`Private`n0$21234, Parallel`Kernels`Private`n1$21234]]]
NIntegrate::ncvb: NIntegrate failed to converge to prescribed accuracy after 2 recursive bisections in yD near {xD, yD} = {0.0310552, 0.0217733}. NIntegrate obtained 0.00084869 and 0.0000270682 for the integral and error estimates.
StringForm[From `1`:, Parallel`Kernels`kernel[Parallel`Kernels`Private`bk[SubKernels`LocalKernels`localKernel[SubKernels`LocalKernels`Private`lk[LinkObject[/usr/local/Wolfram/Mathematica/12.0/Executables/wolfram -subkernel -noinit -nopaclet -wstp, 207, 4], {/usr/local/Wolfram/Mathematica/12.0/Executables/wolfram -subkernel -noinit -nopaclet -wstp}, SubKernels`LocalKernels`Private`speed$21220, SubKernels`LocalKernels`Private`preemptive$21220]], Parallel`Kernels`Private`id$21236, Parallel`Kernels`Private`name$21236], Parallel`Kernels`Private`ek[Parallel`Kernels`Private`nev$21237, Parallel`Kernels`Private`pb$21237, Parallel`Kernels`Private`rd$21237], Parallel`Kernels`Private`sk[Parallel`Kernels`Private`q$21238, Parallel`Kernels`Private`n0$21238, Parallel`Kernels`Private`n1$21238]]]
NIntegrate::ncvb: NIntegrate failed to converge to prescribed accuracy after 2 recursive bisections in yD near {xD, yD} = {0.0323052, 0.0217733}. NIntegrate obtained 0.00178001 and 0.0000393666 for the integral and error estimates.
StringForm[From `1`:, Parallel`Kernels`kernel[Parallel`Kernels`Private`bk[SubKernels`LocalKernels`localKernel[SubKernels`LocalKernels`Private`lk[LinkObject[/usr/local/Wolfram/Mathematica/12.0/Executables/wolfram -subkernel -noinit -nopaclet -wstp, 207, 4], {/usr/local/Wolfram/Mathematica/12.0/Executables/wolfram -subkernel -noinit -nopaclet -wstp}, SubKernels`LocalKernels`Private`speed$21220, SubKernels`LocalKernels`Private`preemptive$21220]], Parallel`Kernels`Private`id$21236, Parallel`Kernels`Private`name$21236], Parallel`Kernels`Private`ek[Parallel`Kernels`Private`nev$21237, Parallel`Kernels`Private`pb$21237, Parallel`Kernels`Private`rd$21237], Parallel`Kernels`Private`sk[Parallel`Kernels`Private`q$21238, Parallel`Kernels`Private`n0$21238, Parallel`Kernels`Private`n1$21238]]]
                                                                                                                                                                                                 -6
NIntegrate::ncvb: NIntegrate failed to converge to prescribed accuracy after 2 recursive bisections in yD near {xD, yD} = {0.0348052, -0.0181139}. NIntegrate obtained 0.000970999 and 3.17517 10   for the integral and error estimates.
StringForm[From `1`:, Parallel`Kernels`kernel[Parallel`Kernels`Private`bk[SubKernels`LocalKernels`localKernel[SubKernels`LocalKernels`Private`lk[LinkObject[/usr/local/Wolfram/Mathematica/12.0/Executables/wolfram -subkernel -noinit -nopaclet -wstp, 204, 1], {/usr/local/Wolfram/Mathematica/12.0/Executables/wolfram -subkernel -noinit -nopaclet -wstp}, SubKernels`LocalKernels`Private`speed$21217, SubKernels`LocalKernels`Private`preemptive$21217]], Parallel`Kernels`Private`id$21224, Parallel`Kernels`Private`name$21224], Parallel`Kernels`Private`ek[Parallel`Kernels`Private`nev$21225, Parallel`Kernels`Private`pb$21225, Parallel`Kernels`Private`rd$21225], Parallel`Kernels`Private`sk[Parallel`Kernels`Private`q$21226, Parallel`Kernels`Private`n0$21226, Parallel`Kernels`Private`n1$21226]]]
NIntegrate::ncvb: NIntegrate failed to converge to prescribed accuracy after 2 recursive bisections in yD near {xD, yD} = {0.0335552, 0.0217733}. NIntegrate obtained 0.00321713 and 0.0000562668 for the integral and error estimates.
StringForm[From `1`:, Parallel`Kernels`kernel[Parallel`Kernels`Private`bk[SubKernels`LocalKernels`localKernel[SubKernels`LocalKernels`Private`lk[LinkObject[/usr/local/Wolfram/Mathematica/12.0/Executables/wolfram -subkernel -noinit -nopaclet -wstp, 204, 1], {/usr/local/Wolfram/Mathematica/12.0/Executables/wolfram -subkernel -noinit -nopaclet -wstp}, SubKernels`LocalKernels`Private`speed$21217, SubKernels`LocalKernels`Private`preemptive$21217]], Parallel`Kernels`Private`id$21224, Parallel`Kernels`Private`name$21224], Parallel`Kernels`Private`ek[Parallel`Kernels`Private`nev$21225, Parallel`Kernels`Private`pb$21225, Parallel`Kernels`Private`rd$21225], Parallel`Kernels`Private`sk[Parallel`Kernels`Private`q$21226, Parallel`Kernels`Private`n0$21226, Parallel`Kernels`Private`n1$21226]]]
                                                                                                                                                                                                -6
NIntegrate::ncvb: NIntegrate failed to converge to prescribed accuracy after 2 recursive bisections in yD near {xD, yD} = {0.0360552, -0.0181139}. NIntegrate obtained 0.00159415 and 2.81307 10   for the integral and error estimates.
StringForm[From `1`:, Parallel`Kernels`kernel[Parallel`Kernels`Private`bk[SubKernels`LocalKernels`localKernel[SubKernels`LocalKernels`Private`lk[LinkObject[/usr/local/Wolfram/Mathematica/12.0/Executables/wolfram -subkernel -noinit -nopaclet -wstp, 207, 4], {/usr/local/Wolfram/Mathematica/12.0/Executables/wolfram -subkernel -noinit -nopaclet -wstp}, SubKernels`LocalKernels`Private`speed$21220, SubKernels`LocalKernels`Private`preemptive$21220]], Parallel`Kernels`Private`id$21236, Parallel`Kernels`Private`name$21236], Parallel`Kernels`Private`ek[Parallel`Kernels`Private`nev$21237, Parallel`Kernels`Private`pb$21237, Parallel`Kernels`Private`rd$21237], Parallel`Kernels`Private`sk[Parallel`Kernels`Private`q$21238, Parallel`Kernels`Private`n0$21238, Parallel`Kernels`Private`n1$21238]]]
NIntegrate::ncvb: NIntegrate failed to converge to prescribed accuracy after 2 recursive bisections in yD near {xD, yD} = {0.0348052, 0.0217733}. NIntegrate obtained 0.00515064 and 0.0000508833 for the integral and error estimates.
a = -1060e-4
Time consumption: 17.464695448611113
MaxMemUse :142.45071411132812 MB
Configured Kernels: {SubKernels`LocalKernels`LocalMachine[4, SubKernels`LocalKernels`LowerPriority -> True]}
Processor Count: 4
Modules loaded ...
4 Kernels launched ...
Run started at Wed 17 Mar 2021 11:26:34, Bins: {99, 106}
StringForm[From `1`:, Parallel`Kernels`kernel[Parallel`Kernels`Private`bk[SubKernels`LocalKernels`localKernel[SubKernels`LocalKernels`Private`lk[LinkObject[/usr/local/Wolfram/Mathematica/12.0/Executables/wolfram -subkernel -noinit -nopaclet -wstp, 207, 4], {/usr/local/Wolfram/Mathematica/12.0/Executables/wolfram -subkernel -noinit -nopaclet -wstp}, SubKernels`LocalKernels`Private`speed$22260, SubKernels`LocalKernels`Private`preemptive$22260]], Parallel`Kernels`Private`id$22276, Parallel`Kernels`Private`name$22276], Parallel`Kernels`Private`ek[Parallel`Kernels`Private`nev$22277, Parallel`Kernels`Private`pb$22277, Parallel`Kernels`Private`rd$22277], Parallel`Kernels`Private`sk[Parallel`Kernels`Private`q$22278, Parallel`Kernels`Private`n0$22278, Parallel`Kernels`Private`n1$22278]]]
NIntegrate::ncvb: NIntegrate failed to converge to prescribed accuracy after 2 recursive bisections in yD near {xD, yD} = {0.0360552, 0.0217733}. NIntegrate obtained 0.00734553 and 0.0000436597 for the integral and error estimates.
StringForm[From `1`:, Parallel`Kernels`kernel[Parallel`Kernels`Private`bk[SubKernels`LocalKernels`localKernel[SubKernels`LocalKernels`Private`lk[LinkObject[/usr/local/Wolfram/Mathematica/12.0/Executables/wolfram -subkernel -noinit -nopaclet -wstp, 205, 2], {/usr/local/Wolfram/Mathematica/12.0/Executables/wolfram -subkernel -noinit -nopaclet -wstp}, SubKernels`LocalKernels`Private`speed$22258, SubKernels`LocalKernels`Private`preemptive$22258]], Parallel`Kernels`Private`id$22268, Parallel`Kernels`Private`name$22268], Parallel`Kernels`Private`ek[Parallel`Kernels`Private`nev$22269, Parallel`Kernels`Private`pb$22269, Parallel`Kernels`Private`rd$22269], Parallel`Kernels`Private`sk[Parallel`Kernels`Private`q$22270, Parallel`Kernels`Private`n0$22270, Parallel`Kernels`Private`n1$22270]]]
NIntegrate::ncvb: NIntegrate failed to converge to prescribed accuracy after 2 recursive bisections in yD near {xD, yD} = {0.0373052, -0.0140229}. NIntegrate obtained 0.0387809 and 0.0000437048 for the integral and error estimates.
StringForm[From `1`:, Parallel`Kernels`kernel[Parallel`Kernels`Private`bk[SubKernels`LocalKernels`localKernel[SubKernels`LocalKernels`Private`lk[LinkObject[/usr/local/Wolfram/Mathematica/12.0/Executables/wolfram -subkernel -noinit -nopaclet -wstp, 206, 3], {/usr/local/Wolfram/Mathematica/12.0/Executables/wolfram -subkernel -noinit -nopaclet -wstp}, SubKernels`LocalKernels`Private`speed$22259, SubKernels`LocalKernels`Private`preemptive$22259]], Parallel`Kernels`Private`id$22272, Parallel`Kernels`Private`name$22272], Parallel`Kernels`Private`ek[Parallel`Kernels`Private`nev$22273, Parallel`Kernels`Private`pb$22273, Parallel`Kernels`Private`rd$22273], Parallel`Kernels`Private`sk[Parallel`Kernels`Private`q$22274, Parallel`Kernels`Private`n0$22274, Parallel`Kernels`Private`n1$22274]]]
                                                                                                                                                                                                -6
NIntegrate::ncvb: NIntegrate failed to converge to prescribed accuracy after 2 recursive bisections in yD near {xD, yD} = {0.0374026, -0.0160684}. NIntegrate obtained 0.00219704 and 3.58346 10   for the integral and error estimates.
a = -1060e-4
Time consumption: 5.060971647222223
MaxMemUse :142.59365844726562 MB
Configured Kernels: {SubKernels`LocalKernels`LocalMachine[4, SubKernels`LocalKernels`LowerPriority -> True]}
Processor Count: 4
Modules loaded ...
4 Kernels launched ...
Run started at Wed 17 Mar 2021 16:30:14, Bins: {107, 122}
StringForm[From `1`:, Parallel`Kernels`kernel[Parallel`Kernels`Private`bk[SubKernels`LocalKernels`localKernel[SubKernels`LocalKernels`Private`lk[LinkObject[/usr/local/Wolfram/Mathematica/12.0/Executables/wolfram -subkernel -noinit -nopaclet -wstp, 204, 1], {/usr/local/Wolfram/Mathematica/12.0/Executables/wolfram -subkernel -noinit -nopaclet -wstp}, SubKernels`LocalKernels`Private`speed$22170, SubKernels`LocalKernels`Private`preemptive$22170]], Parallel`Kernels`Private`id$22177, Parallel`Kernels`Private`name$22177], Parallel`Kernels`Private`ek[Parallel`Kernels`Private`nev$22178, Parallel`Kernels`Private`pb$22178, Parallel`Kernels`Private`rd$22178], Parallel`Kernels`Private`sk[Parallel`Kernels`Private`q$22179, Parallel`Kernels`Private`n0$22179, Parallel`Kernels`Private`n1$22179]]]
NIntegrate::ncvb: NIntegrate failed to converge to prescribed accuracy after 2 recursive bisections in yD near {xD, yD} = {0.0373052, 0.0217733}. NIntegrate obtained 0.00943796 and 0.0000411299 for the integral and error estimates.
StringForm[From `1`:, Parallel`Kernels`kernel[Parallel`Kernels`Private`bk[SubKernels`LocalKernels`localKernel[SubKernels`LocalKernels`Private`lk[LinkObject[/usr/local/Wolfram/Mathematica/12.0/Executables/wolfram -subkernel -noinit -nopaclet -wstp, 207, 4], {/usr/local/Wolfram/Mathematica/12.0/Executables/wolfram -subkernel -noinit -nopaclet -wstp}, SubKernels`LocalKernels`Private`speed$22173, SubKernels`LocalKernels`Private`preemptive$22173]], Parallel`Kernels`Private`id$22189, Parallel`Kernels`Private`name$22189], Parallel`Kernels`Private`ek[Parallel`Kernels`Private`nev$22190, Parallel`Kernels`Private`pb$22190, Parallel`Kernels`Private`rd$22190], Parallel`Kernels`Private`sk[Parallel`Kernels`Private`q$22191, Parallel`Kernels`Private`n0$22191, Parallel`Kernels`Private`n1$22191]]]
                                                                                                                                                                                               -6
NIntegrate::ncvb: NIntegrate failed to converge to prescribed accuracy after 2 recursive bisections in yD near {xD, yD} = {0.0385552, -0.0160684}. NIntegrate obtained 0.00267008 and 8.4714 10   for the integral and error estimates.
StringForm[From `1`:, Parallel`Kernels`kernel[Parallel`Kernels`Private`bk[SubKernels`LocalKernels`localKernel[SubKernels`LocalKernels`Private`lk[LinkObject[/usr/local/Wolfram/Mathematica/12.0/Executables/wolfram -subkernel -noinit -nopaclet -wstp, 207, 4], {/usr/local/Wolfram/Mathematica/12.0/Executables/wolfram -subkernel -noinit -nopaclet -wstp}, SubKernels`LocalKernels`Private`speed$22173, SubKernels`LocalKernels`Private`preemptive$22173]], Parallel`Kernels`Private`id$22189, Parallel`Kernels`Private`name$22189], Parallel`Kernels`Private`ek[Parallel`Kernels`Private`nev$22190, Parallel`Kernels`Private`pb$22190, Parallel`Kernels`Private`rd$22190], Parallel`Kernels`Private`sk[Parallel`Kernels`Private`q$22191, Parallel`Kernels`Private`n0$22191, Parallel`Kernels`Private`n1$22191]]]
                                                                                                                                                                                               -6
NIntegrate::ncvb: NIntegrate failed to converge to prescribed accuracy after 2 recursive bisections in yD near {xD, yD} = {0.0398052, -0.0191367}. NIntegrate obtained 0.0029562 and 5.28277 10   for the integral and error estimates.
StringForm[From `1`:, Parallel`Kernels`kernel[Parallel`Kernels`Private`bk[SubKernels`LocalKernels`localKernel[SubKernels`LocalKernels`Private`lk[LinkObject[/usr/local/Wolfram/Mathematica/12.0/Executables/wolfram -subkernel -noinit -nopaclet -wstp, 204, 1], {/usr/local/Wolfram/Mathematica/12.0/Executables/wolfram -subkernel -noinit -nopaclet -wstp}, SubKernels`LocalKernels`Private`speed$22170, SubKernels`LocalKernels`Private`preemptive$22170]], Parallel`Kernels`Private`id$22177, Parallel`Kernels`Private`name$22177], Parallel`Kernels`Private`ek[Parallel`Kernels`Private`nev$22178, Parallel`Kernels`Private`pb$22178, Parallel`Kernels`Private`rd$22178], Parallel`Kernels`Private`sk[Parallel`Kernels`Private`q$22179, Parallel`Kernels`Private`n0$22179, Parallel`Kernels`Private`n1$22179]]]
NIntegrate::ncvb: NIntegrate failed to converge to prescribed accuracy after 2 recursive bisections in yD near {xD, yD} = {0.0385552, 0.0217733}. NIntegrate obtained 0.0110374 and 0.0000375782 for the integral and error estimates.
a = -1060e-4
Time consumption: 6.192016818888888
MaxMemUse :142.6075439453125 MB
Configured Kernels: {SubKernels`LocalKernels`LocalMachine[4, SubKernels`LocalKernels`LowerPriority -> True]}
Processor Count: 4
Modules loaded ...
4 Kernels launched ...
Run started at Wed 17 Mar 2021 22:41:46, Bins: {123, 138}
StringForm[From `1`:, Parallel`Kernels`kernel[Parallel`Kernels`Private`bk[SubKernels`LocalKernels`localKernel[SubKernels`LocalKernels`Private`lk[LinkObject[/usr/local/Wolfram/Mathematica/12.0/Executables/wolfram -subkernel -noinit -nopaclet -wstp, 204, 1], {/usr/local/Wolfram/Mathematica/12.0/Executables/wolfram -subkernel -noinit -nopaclet -wstp}, SubKernels`LocalKernels`Private`speed$22431, SubKernels`LocalKernels`Private`preemptive$22431]], Parallel`Kernels`Private`id$22438, Parallel`Kernels`Private`name$22438], Parallel`Kernels`Private`ek[Parallel`Kernels`Private`nev$22439, Parallel`Kernels`Private`pb$22439, Parallel`Kernels`Private`rd$22439], Parallel`Kernels`Private`sk[Parallel`Kernels`Private`q$22440, Parallel`Kernels`Private`n0$22440, Parallel`Kernels`Private`n1$22440]]]
                                                                                                                                                                                                -6
NIntegrate::ncvb: NIntegrate failed to converge to prescribed accuracy after 2 recursive bisections in yD near {xD, yD} = {0.0410552, -0.0160684}. NIntegrate obtained 0.00307854 and 7.38621 10   for the integral and error estimates.
StringForm[From `1`:, Parallel`Kernels`kernel[Parallel`Kernels`Private`bk[SubKernels`LocalKernels`localKernel[SubKernels`LocalKernels`Private`lk[LinkObject[/usr/local/Wolfram/Mathematica/12.0/Executables/wolfram -subkernel -noinit -nopaclet -wstp, 206, 3], {/usr/local/Wolfram/Mathematica/12.0/Executables/wolfram -subkernel -noinit -nopaclet -wstp}, SubKernels`LocalKernels`Private`speed$22433, SubKernels`LocalKernels`Private`preemptive$22433]], Parallel`Kernels`Private`id$22446, Parallel`Kernels`Private`name$22446], Parallel`Kernels`Private`ek[Parallel`Kernels`Private`nev$22447, Parallel`Kernels`Private`pb$22447, Parallel`Kernels`Private`rd$22447], Parallel`Kernels`Private`sk[Parallel`Kernels`Private`q$22448, Parallel`Kernels`Private`n0$22448, Parallel`Kernels`Private`n1$22448]]]
NIntegrate::ncvb: NIntegrate failed to converge to prescribed accuracy after 2 recursive bisections in yD near {xD, yD} = {0.0398052, 0.0217733}. NIntegrate obtained 0.0118673 and 0.0000243113 for the integral and error estimates.
a = -1060e-4
Time consumption: 4.3910989625
MaxMemUse :142.61441802978516 MB
Configured Kernels: {SubKernels`LocalKernels`LocalMachine[4, SubKernels`LocalKernels`LowerPriority -> True]}
Processor Count: 4
Modules loaded ...
4 Kernels launched ...
Run started at Thu 18 Mar 2021 03:05:14, Bins: {139, 154}
StringForm[From `1`:, Parallel`Kernels`kernel[Parallel`Kernels`Private`bk[SubKernels`LocalKernels`localKernel[SubKernels`LocalKernels`Private`lk[LinkObject[/usr/local/Wolfram/Mathematica/12.0/Executables/wolfram -subkernel -noinit -nopaclet -wstp, 207, 4], {/usr/local/Wolfram/Mathematica/12.0/Executables/wolfram -subkernel -noinit -nopaclet -wstp}, SubKernels`LocalKernels`Private`speed$21831, SubKernels`LocalKernels`Private`preemptive$21831]], Parallel`Kernels`Private`id$21847, Parallel`Kernels`Private`name$21847], Parallel`Kernels`Private`ek[Parallel`Kernels`Private`nev$21848, Parallel`Kernels`Private`pb$21848, Parallel`Kernels`Private`rd$21848], Parallel`Kernels`Private`sk[Parallel`Kernels`Private`q$21849, Parallel`Kernels`Private`n0$21849, Parallel`Kernels`Private`n1$21849]]]
                                                                                                                                                                                               -6
NIntegrate::ncvb: NIntegrate failed to converge to prescribed accuracy after 2 recursive bisections in yD near {xD, yD} = {0.0423052, -0.0191367}. NIntegrate obtained 0.00303071 and 6.0876 10   for the integral and error estimates.
StringForm[From `1`:, Parallel`Kernels`kernel[Parallel`Kernels`Private`bk[SubKernels`LocalKernels`localKernel[SubKernels`LocalKernels`Private`lk[LinkObject[/usr/local/Wolfram/Mathematica/12.0/Executables/wolfram -subkernel -noinit -nopaclet -wstp, 206, 3], {/usr/local/Wolfram/Mathematica/12.0/Executables/wolfram -subkernel -noinit -nopaclet -wstp}, SubKernels`LocalKernels`Private`speed$21830, SubKernels`LocalKernels`Private`preemptive$21830]], Parallel`Kernels`Private`id$21843, Parallel`Kernels`Private`name$21843], Parallel`Kernels`Private`ek[Parallel`Kernels`Private`nev$21844, Parallel`Kernels`Private`pb$21844, Parallel`Kernels`Private`rd$21844], Parallel`Kernels`Private`sk[Parallel`Kernels`Private`q$21845, Parallel`Kernels`Private`n0$21845, Parallel`Kernels`Private`n1$21845]]]
NIntegrate::ncvb: NIntegrate failed to converge to prescribed accuracy after 2 recursive bisections in yD near {xD, yD} = {0.0410552, 0.0217733}. NIntegrate obtained 0.0119426 and 0.0000693743 for the integral and error estimates.
StringForm[From `1`:, Parallel`Kernels`kernel[Parallel`Kernels`Private`bk[SubKernels`LocalKernels`localKernel[SubKernels`LocalKernels`Private`lk[LinkObject[/usr/local/Wolfram/Mathematica/12.0/Executables/wolfram -subkernel -noinit -nopaclet -wstp, 207, 4], {/usr/local/Wolfram/Mathematica/12.0/Executables/wolfram -subkernel -noinit -nopaclet -wstp}, SubKernels`LocalKernels`Private`speed$21831, SubKernels`LocalKernels`Private`preemptive$21831]], Parallel`Kernels`Private`id$21847, Parallel`Kernels`Private`name$21847], Parallel`Kernels`Private`ek[Parallel`Kernels`Private`nev$21848, Parallel`Kernels`Private`pb$21848, Parallel`Kernels`Private`rd$21848], Parallel`Kernels`Private`sk[Parallel`Kernels`Private`q$21849, Parallel`Kernels`Private`n0$21849, Parallel`Kernels`Private`n1$21849]]]
NIntegrate::ncvb: NIntegrate failed to converge to prescribed accuracy after 2 recursive bisections in yD near {xD, yD} = {0.0417776, 0.0217733}. NIntegrate obtained 0.0113659 and 0.0000262072 for the integral and error estimates.
a = -1060e-4
Time consumption: 8.222476329722223
MaxMemUse :142.59090423583984 MB
Configured Kernels: {SubKernels`LocalKernels`LocalMachine[4, SubKernels`LocalKernels`LowerPriority -> True]}
Processor Count: 4
Modules loaded ...
4 Kernels launched ...
Run started at Thu 18 Mar 2021 11:18:36, Bins: {155, 178}
StringForm[From `1`:, Parallel`Kernels`kernel[Parallel`Kernels`Private`bk[SubKernels`LocalKernels`localKernel[SubKernels`LocalKernels`Private`lk[LinkObject[/usr/local/Wolfram/Mathematica/12.0/Executables/wolfram -subkernel -noinit -nopaclet -wstp, 207, 4], {/usr/local/Wolfram/Mathematica/12.0/Executables/wolfram -subkernel -noinit -nopaclet -wstp}, SubKernels`LocalKernels`Private`speed$22145, SubKernels`LocalKernels`Private`preemptive$22145]], Parallel`Kernels`Private`id$22161, Parallel`Kernels`Private`name$22161], Parallel`Kernels`Private`ek[Parallel`Kernels`Private`nev$22162, Parallel`Kernels`Private`pb$22162, Parallel`Kernels`Private`rd$22162], Parallel`Kernels`Private`sk[Parallel`Kernels`Private`q$22163, Parallel`Kernels`Private`n0$22163, Parallel`Kernels`Private`n1$22163]]]
                                                                                                                                                                                                -6
NIntegrate::ncvb: NIntegrate failed to converge to prescribed accuracy after 2 recursive bisections in yD near {xD, yD} = {0.0435552, -0.0191367}. NIntegrate obtained 0.00278543 and 4.10709 10   for the integral and error estimates.
StringForm[From `1`:, Parallel`Kernels`kernel[Parallel`Kernels`Private`bk[SubKernels`LocalKernels`localKernel[SubKernels`LocalKernels`Private`lk[LinkObject[/usr/local/Wolfram/Mathematica/12.0/Executables/wolfram -subkernel -noinit -nopaclet -wstp, 204, 1], {/usr/local/Wolfram/Mathematica/12.0/Executables/wolfram -subkernel -noinit -nopaclet -wstp}, SubKernels`LocalKernels`Private`speed$22142, SubKernels`LocalKernels`Private`preemptive$22142]], Parallel`Kernels`Private`id$22149, Parallel`Kernels`Private`name$22149], Parallel`Kernels`Private`ek[Parallel`Kernels`Private`nev$22150, Parallel`Kernels`Private`pb$22150, Parallel`Kernels`Private`rd$22150], Parallel`Kernels`Private`sk[Parallel`Kernels`Private`q$22151, Parallel`Kernels`Private`n0$22151, Parallel`Kernels`Private`n1$22151]]]
NIntegrate::ncvb: NIntegrate failed to converge to prescribed accuracy after 2 recursive bisections in yD near {xD, yD} = {0.0435552, 0.0217733}. NIntegrate obtained 0.0101414 and 0.000052608 for the integral and error estimates.
StringForm[From `1`:, Parallel`Kernels`kernel[Parallel`Kernels`Private`bk[SubKernels`LocalKernels`localKernel[SubKernels`LocalKernels`Private`lk[LinkObject[/usr/local/Wolfram/Mathematica/12.0/Executables/wolfram -subkernel -noinit -nopaclet -wstp, 207, 4], {/usr/local/Wolfram/Mathematica/12.0/Executables/wolfram -subkernel -noinit -nopaclet -wstp}, SubKernels`LocalKernels`Private`speed$22145, SubKernels`LocalKernels`Private`preemptive$22145]], Parallel`Kernels`Private`id$22161, Parallel`Kernels`Private`name$22161], Parallel`Kernels`Private`ek[Parallel`Kernels`Private`nev$22162, Parallel`Kernels`Private`pb$22162, Parallel`Kernels`Private`rd$22162], Parallel`Kernels`Private`sk[Parallel`Kernels`Private`q$22163, Parallel`Kernels`Private`n0$22163, Parallel`Kernels`Private`n1$22163]]]
                                                                                                                                                                                                -6
NIntegrate::ncvb: NIntegrate failed to converge to prescribed accuracy after 2 recursive bisections in yD near {xD, yD} = {0.0443263, -0.0160684}. NIntegrate obtained 0.00232926 and 4.88376 10   for the integral and error estimates.
StringForm[From `1`:, Parallel`Kernels`kernel[Parallel`Kernels`Private`bk[SubKernels`LocalKernels`localKernel[SubKernels`LocalKernels`Private`lk[LinkObject[/usr/local/Wolfram/Mathematica/12.0/Executables/wolfram -subkernel -noinit -nopaclet -wstp, 204, 1], {/usr/local/Wolfram/Mathematica/12.0/Executables/wolfram -subkernel -noinit -nopaclet -wstp}, SubKernels`LocalKernels`Private`speed$22142, SubKernels`LocalKernels`Private`preemptive$22142]], Parallel`Kernels`Private`id$22149, Parallel`Kernels`Private`name$22149], Parallel`Kernels`Private`ek[Parallel`Kernels`Private`nev$22150, Parallel`Kernels`Private`pb$22150, Parallel`Kernels`Private`rd$22150], Parallel`Kernels`Private`sk[Parallel`Kernels`Private`q$22151, Parallel`Kernels`Private`n0$22151, Parallel`Kernels`Private`n1$22151]]]
NIntegrate::ncvb: NIntegrate failed to converge to prescribed accuracy after 2 recursive bisections in yD near {xD, yD} = {0.0448052, 0.0217733}. NIntegrate obtained 0.00834749 and 0.0000533496 for the integral and error estimates.
StringForm[From `1`:, Parallel`Kernels`kernel[Parallel`Kernels`Private`bk[SubKernels`LocalKernels`localKernel[SubKernels`LocalKernels`Private`lk[LinkObject[/usr/local/Wolfram/Mathematica/12.0/Executables/wolfram -subkernel -noinit -nopaclet -wstp, 205, 2], {/usr/local/Wolfram/Mathematica/12.0/Executables/wolfram -subkernel -noinit -nopaclet -wstp}, SubKernels`LocalKernels`Private`speed$22143, SubKernels`LocalKernels`Private`preemptive$22143]], Parallel`Kernels`Private`id$22153, Parallel`Kernels`Private`name$22153], Parallel`Kernels`Private`ek[Parallel`Kernels`Private`nev$22154, Parallel`Kernels`Private`pb$22154, Parallel`Kernels`Private`rd$22154], Parallel`Kernels`Private`sk[Parallel`Kernels`Private`q$22155, Parallel`Kernels`Private`n0$22155, Parallel`Kernels`Private`n1$22155]]]
NIntegrate::ncvb: NIntegrate failed to converge to prescribed accuracy after 3 recursive bisections in yD near {xD, yD} = {0.0448052, -0.014966}. NIntegrate obtained 0.0244391 and 0.0000467677 for the integral and error estimates.
StringForm[From `1`:, Parallel`Kernels`kernel[Parallel`Kernels`Private`bk[SubKernels`LocalKernels`localKernel[SubKernels`LocalKernels`Private`lk[LinkObject[/usr/local/Wolfram/Mathematica/12.0/Executables/wolfram -subkernel -noinit -nopaclet -wstp, 207, 4], {/usr/local/Wolfram/Mathematica/12.0/Executables/wolfram -subkernel -noinit -nopaclet -wstp}, SubKernels`LocalKernels`Private`speed$22145, SubKernels`LocalKernels`Private`preemptive$22145]], Parallel`Kernels`Private`id$22161, Parallel`Kernels`Private`name$22161], Parallel`Kernels`Private`ek[Parallel`Kernels`Private`nev$22162, Parallel`Kernels`Private`pb$22162, Parallel`Kernels`Private`rd$22162], Parallel`Kernels`Private`sk[Parallel`Kernels`Private`q$22163, Parallel`Kernels`Private`n0$22163, Parallel`Kernels`Private`n1$22163]]]
NIntegrate::ncvb: NIntegrate failed to converge to prescribed accuracy after 2 recursive bisections in yD near {xD, yD} = {0.0460552, -0.0150457}. NIntegrate obtained 0.0168157 and 0.0000196968 for the integral and error estimates.
StringForm[From `1`:, Parallel`Kernels`kernel[Parallel`Kernels`Private`bk[SubKernels`LocalKernels`localKernel[SubKernels`LocalKernels`Private`lk[LinkObject[/usr/local/Wolfram/Mathematica/12.0/Executables/wolfram -subkernel -noinit -nopaclet -wstp, 206, 3], {/usr/local/Wolfram/Mathematica/12.0/Executables/wolfram -subkernel -noinit -nopaclet -wstp}, SubKernels`LocalKernels`Private`speed$22144, SubKernels`LocalKernels`Private`preemptive$22144]], Parallel`Kernels`Private`id$22157, Parallel`Kernels`Private`name$22157], Parallel`Kernels`Private`ek[Parallel`Kernels`Private`nev$22158, Parallel`Kernels`Private`pb$22158, Parallel`Kernels`Private`rd$22158], Parallel`Kernels`Private`sk[Parallel`Kernels`Private`q$22159, Parallel`Kernels`Private`n0$22159, Parallel`Kernels`Private`n1$22159]]]
                                                                                                                                                                                               -6
NIntegrate::ncvb: NIntegrate failed to converge to prescribed accuracy after 2 recursive bisections in yD near {xD, yD} = {0.0460552, -0.0191367}. NIntegrate obtained 0.0017165 and 5.45926 10   for the integral and error estimates.
a = -1060e-4
Time consumption: 10.23688883
MaxMemUse :142.60582733154297 MB
Configured Kernels: {SubKernels`LocalKernels`LocalMachine[4, SubKernels`LocalKernels`LowerPriority -> True]}
Processor Count: 4
Modules loaded ...
4 Kernels launched ...
Run started at Thu 18 Mar 2021 21:32:50, Bins: {179, 264}
StringForm[From `1`:, Parallel`Kernels`kernel[Parallel`Kernels`Private`bk[SubKernels`LocalKernels`localKernel[SubKernels`LocalKernels`Private`lk[LinkObject[/usr/local/Wolfram/Mathematica/12.0/Executables/wolfram -subkernel -noinit -nopaclet -wstp, 204, 1], {/usr/local/Wolfram/Mathematica/12.0/Executables/wolfram -subkernel -noinit -nopaclet -wstp}, SubKernels`LocalKernels`Private`speed$21889, SubKernels`LocalKernels`Private`preemptive$21889]], Parallel`Kernels`Private`id$21896, Parallel`Kernels`Private`name$21896], Parallel`Kernels`Private`ek[Parallel`Kernels`Private`nev$21897, Parallel`Kernels`Private`pb$21897, Parallel`Kernels`Private`rd$21897], Parallel`Kernels`Private`sk[Parallel`Kernels`Private`q$21898, Parallel`Kernels`Private`n0$21898, Parallel`Kernels`Private`n1$21898]]]
NIntegrate::ncvb: NIntegrate failed to converge to prescribed accuracy after 2 recursive bisections in yD near {xD, yD} = {0.0460552, 0.0217733}. NIntegrate obtained 0.00620003 and 0.000026674 for the integral and error estimates.
StringForm[From `1`:, Parallel`Kernels`kernel[Parallel`Kernels`Private`bk[SubKernels`LocalKernels`localKernel[SubKernels`LocalKernels`Private`lk[LinkObject[/usr/local/Wolfram/Mathematica/12.0/Executables/wolfram -subkernel -noinit -nopaclet -wstp, 205, 2], {/usr/local/Wolfram/Mathematica/12.0/Executables/wolfram -subkernel -noinit -nopaclet -wstp}, SubKernels`LocalKernels`Private`speed$21890, SubKernels`LocalKernels`Private`preemptive$21890]], Parallel`Kernels`Private`id$21900, Parallel`Kernels`Private`name$21900], Parallel`Kernels`Private`ek[Parallel`Kernels`Private`nev$21901, Parallel`Kernels`Private`pb$21901, Parallel`Kernels`Private`rd$21901], Parallel`Kernels`Private`sk[Parallel`Kernels`Private`q$21902, Parallel`Kernels`Private`n0$21902, Parallel`Kernels`Private`n1$21902]]]
                                                                                                                                                                                                -6
NIntegrate::ncvb: NIntegrate failed to converge to prescribed accuracy after 2 recursive bisections in yD near {xD, yD} = {0.0473052, -0.0181139}. NIntegrate obtained 0.00108521 and 4.71312 10   for the integral and error estimates.
StringForm[From `1`:, Parallel`Kernels`kernel[Parallel`Kernels`Private`bk[SubKernels`LocalKernels`localKernel[SubKernels`LocalKernels`Private`lk[LinkObject[/usr/local/Wolfram/Mathematica/12.0/Executables/wolfram -subkernel -noinit -nopaclet -wstp, 206, 3], {/usr/local/Wolfram/Mathematica/12.0/Executables/wolfram -subkernel -noinit -nopaclet -wstp}, SubKernels`LocalKernels`Private`speed$21891, SubKernels`LocalKernels`Private`preemptive$21891]], Parallel`Kernels`Private`id$21904, Parallel`Kernels`Private`name$21904], Parallel`Kernels`Private`ek[Parallel`Kernels`Private`nev$21905, Parallel`Kernels`Private`pb$21905, Parallel`Kernels`Private`rd$21905], Parallel`Kernels`Private`sk[Parallel`Kernels`Private`q$21906, Parallel`Kernels`Private`n0$21906, Parallel`Kernels`Private`n1$21906]]]
NIntegrate::ncvb: NIntegrate failed to converge to prescribed accuracy after 2 recursive bisections in yD near {xD, yD} = {0.0473052, -0.0150457}. NIntegrate obtained 0.00988168 and 0.0000112535 for the integral and error estimates.
StringForm[From `1`:, Parallel`Kernels`kernel[Parallel`Kernels`Private`bk[SubKernels`LocalKernels`localKernel[SubKernels`LocalKernels`Private`lk[LinkObject[/usr/local/Wolfram/Mathematica/12.0/Executables/wolfram -subkernel -noinit -nopaclet -wstp, 206, 3], {/usr/local/Wolfram/Mathematica/12.0/Executables/wolfram -subkernel -noinit -nopaclet -wstp}, SubKernels`LocalKernels`Private`speed$21891, SubKernels`LocalKernels`Private`preemptive$21891]], Parallel`Kernels`Private`id$21904, Parallel`Kernels`Private`name$21904], Parallel`Kernels`Private`ek[Parallel`Kernels`Private`nev$21905, Parallel`Kernels`Private`pb$21905, Parallel`Kernels`Private`rd$21905], Parallel`Kernels`Private`sk[Parallel`Kernels`Private`q$21906, Parallel`Kernels`Private`n0$21906, Parallel`Kernels`Private`n1$21906]]]
NIntegrate::ncvb: NIntegrate failed to converge to prescribed accuracy after 2 recursive bisections in yD near {xD, yD} = {0.0485552, -0.0181139}. NIntegrate obtained 0.000563392 and 0.0000162061 for the integral and error estimates.
StringForm[From `1`:, Parallel`Kernels`kernel[Parallel`Kernels`Private`bk[SubKernels`LocalKernels`localKernel[SubKernels`LocalKernels`Private`lk[LinkObject[/usr/local/Wolfram/Mathematica/12.0/Executables/wolfram -subkernel -noinit -nopaclet -wstp, 205, 2], {/usr/local/Wolfram/Mathematica/12.0/Executables/wolfram -subkernel -noinit -nopaclet -wstp}, SubKernels`LocalKernels`Private`speed$21890, SubKernels`LocalKernels`Private`preemptive$21890]], Parallel`Kernels`Private`id$21900, Parallel`Kernels`Private`name$21900], Parallel`Kernels`Private`ek[Parallel`Kernels`Private`nev$21901, Parallel`Kernels`Private`pb$21901, Parallel`Kernels`Private`rd$21901], Parallel`Kernels`Private`sk[Parallel`Kernels`Private`q$21902, Parallel`Kernels`Private`n0$21902, Parallel`Kernels`Private`n1$21902]]]
                                                                                                                                                                                               -6
NIntegrate::ncvb: NIntegrate failed to converge to prescribed accuracy after 2 recursive bisections in yD near {xD, yD} = {0.0473052, 0.0217733}. NIntegrate obtained 0.00405749 and 6.21074 10   for the integral and error estimates.
StringForm[From `1`:, Parallel`Kernels`kernel[Parallel`Kernels`Private`bk[SubKernels`LocalKernels`localKernel[SubKernels`LocalKernels`Private`lk[LinkObject[/usr/local/Wolfram/Mathematica/12.0/Executables/wolfram -subkernel -noinit -nopaclet -wstp, 206, 3], {/usr/local/Wolfram/Mathematica/12.0/Executables/wolfram -subkernel -noinit -nopaclet -wstp}, SubKernels`LocalKernels`Private`speed$21891, SubKernels`LocalKernels`Private`preemptive$21891]], Parallel`Kernels`Private`id$21904, Parallel`Kernels`Private`name$21904], Parallel`Kernels`Private`ek[Parallel`Kernels`Private`nev$21905, Parallel`Kernels`Private`pb$21905, Parallel`Kernels`Private`rd$21905], Parallel`Kernels`Private`sk[Parallel`Kernels`Private`q$21906, Parallel`Kernels`Private`n0$21906, Parallel`Kernels`Private`n1$21906]]]
                                                                                                                                                                                              -6
NIntegrate::ncvb: NIntegrate failed to converge to prescribed accuracy after 2 recursive bisections in yD near {xD, yD} = {0.0486526, -0.0140229}. NIntegrate obtained 0.00474463 and 7.001 10   for the integral and error estimates.
StringForm[From `1`:, Parallel`Kernels`kernel[Parallel`Kernels`Private`bk[SubKernels`LocalKernels`localKernel[SubKernels`LocalKernels`Private`lk[LinkObject[/usr/local/Wolfram/Mathematica/12.0/Executables/wolfram -subkernel -noinit -nopaclet -wstp, 205, 2], {/usr/local/Wolfram/Mathematica/12.0/Executables/wolfram -subkernel -noinit -nopaclet -wstp}, SubKernels`LocalKernels`Private`speed$21890, SubKernels`LocalKernels`Private`preemptive$21890]], Parallel`Kernels`Private`id$21900, Parallel`Kernels`Private`name$21900], Parallel`Kernels`Private`ek[Parallel`Kernels`Private`nev$21901, Parallel`Kernels`Private`pb$21901, Parallel`Kernels`Private`rd$21901], Parallel`Kernels`Private`sk[Parallel`Kernels`Private`q$21902, Parallel`Kernels`Private`n0$21902, Parallel`Kernels`Private`n1$21902]]]
NIntegrate::ncvb: NIntegrate failed to converge to prescribed accuracy after 3 recursive bisections in yD near {xD, yD} = {0.0498052, -0.0175228}. NIntegrate obtained 0.000227065 and 0.000019683 for the integral and error estimates.
StringForm[From `1`:, Parallel`Kernels`kernel[Parallel`Kernels`Private`bk[SubKernels`LocalKernels`localKernel[SubKernels`LocalKernels`Private`lk[LinkObject[/usr/local/Wolfram/Mathematica/12.0/Executables/wolfram -subkernel -noinit -nopaclet -wstp, 207, 4], {/usr/local/Wolfram/Mathematica/12.0/Executables/wolfram -subkernel -noinit -nopaclet -wstp}, SubKernels`LocalKernels`Private`speed$21892, SubKernels`LocalKernels`Private`preemptive$21892]], Parallel`Kernels`Private`id$21908, Parallel`Kernels`Private`name$21908], Parallel`Kernels`Private`ek[Parallel`Kernels`Private`nev$21909, Parallel`Kernels`Private`pb$21909, Parallel`Kernels`Private`rd$21909], Parallel`Kernels`Private`sk[Parallel`Kernels`Private`q$21910, Parallel`Kernels`Private`n0$21910, Parallel`Kernels`Private`n1$21910]]]
                                                                                                                                                                                               -6
NIntegrate::ncvb: NIntegrate failed to converge to prescribed accuracy after 2 recursive bisections in yD near {xD, yD} = {0.0485552, 0.0197278}. NIntegrate obtained 0.00832689 and 8.43952 10   for the integral and error estimates.
StringForm[From `1`:, Parallel`Kernels`kernel[Parallel`Kernels`Private`bk[SubKernels`LocalKernels`localKernel[SubKernels`LocalKernels`Private`lk[LinkObject[/usr/local/Wolfram/Mathematica/12.0/Executables/wolfram -subkernel -noinit -nopaclet -wstp, 206, 3], {/usr/local/Wolfram/Mathematica/12.0/Executables/wolfram -subkernel -noinit -nopaclet -wstp}, SubKernels`LocalKernels`Private`speed$21891, SubKernels`LocalKernels`Private`preemptive$21891]], Parallel`Kernels`Private`id$21904, Parallel`Kernels`Private`name$21904], Parallel`Kernels`Private`ek[Parallel`Kernels`Private`nev$21905, Parallel`Kernels`Private`pb$21905, Parallel`Kernels`Private`rd$21905], Parallel`Kernels`Private`sk[Parallel`Kernels`Private`q$21906, Parallel`Kernels`Private`n0$21906, Parallel`Kernels`Private`n1$21906]]]
                                                                                                                                                                                                  -6
NIntegrate::ncvb: NIntegrate failed to converge to prescribed accuracy after 2 recursive bisections in yD near {xD, yD} = {0.0510552, -0.0170912}. NIntegrate obtained 0.0000714568 and 4.23089 10   for the integral and error estimates.
StringForm[From `1`:, Parallel`Kernels`kernel[Parallel`Kernels`Private`bk[SubKernels`LocalKernels`localKernel[SubKernels`LocalKernels`Private`lk[LinkObject[/usr/local/Wolfram/Mathematica/12.0/Executables/wolfram -subkernel -noinit -nopaclet -wstp, 204, 1], {/usr/local/Wolfram/Mathematica/12.0/Executables/wolfram -subkernel -noinit -nopaclet -wstp}, SubKernels`LocalKernels`Private`speed$21889, SubKernels`LocalKernels`Private`preemptive$21889]], Parallel`Kernels`Private`id$21896, Parallel`Kernels`Private`name$21896], Parallel`Kernels`Private`ek[Parallel`Kernels`Private`nev$21897, Parallel`Kernels`Private`pb$21897, Parallel`Kernels`Private`rd$21897], Parallel`Kernels`Private`sk[Parallel`Kernels`Private`q$21898, Parallel`Kernels`Private`n0$21898, Parallel`Kernels`Private`n1$21898]]]
NIntegrate::ncvb: NIntegrate failed to converge to prescribed accuracy after 2 recursive bisections in yD near {xD, yD} = {0.0498052, 0.0248416}. NIntegrate obtained 0.00103716 and 0.0000359116 for the integral and error estimates.
StringForm[From `1`:, Parallel`Kernels`kernel[Parallel`Kernels`Private`bk[SubKernels`LocalKernels`localKernel[SubKernels`LocalKernels`Private`lk[LinkObject[/usr/local/Wolfram/Mathematica/12.0/Executables/wolfram -subkernel -noinit -nopaclet -wstp, 206, 3], {/usr/local/Wolfram/Mathematica/12.0/Executables/wolfram -subkernel -noinit -nopaclet -wstp}, SubKernels`LocalKernels`Private`speed$21891, SubKernels`LocalKernels`Private`preemptive$21891]], Parallel`Kernels`Private`id$21904, Parallel`Kernels`Private`name$21904], Parallel`Kernels`Private`ek[Parallel`Kernels`Private`nev$21905, Parallel`Kernels`Private`pb$21905, Parallel`Kernels`Private`rd$21905], Parallel`Kernels`Private`sk[Parallel`Kernels`Private`q$21906, Parallel`Kernels`Private`n0$21906, Parallel`Kernels`Private`n1$21906]]]
                                                                                                                                                                                                 -6
NIntegrate::ncvb: NIntegrate failed to converge to prescribed accuracy after 2 recursive bisections in yD near {xD, yD} = {0.0523052, -0.0160684}. NIntegrate obtained 0.000012175 and 1.43118 10   for the integral and error estimates.
StringForm[From `1`:, Parallel`Kernels`kernel[Parallel`Kernels`Private`bk[SubKernels`LocalKernels`localKernel[SubKernels`LocalKernels`Private`lk[LinkObject[/usr/local/Wolfram/Mathematica/12.0/Executables/wolfram -subkernel -noinit -nopaclet -wstp, 207, 4], {/usr/local/Wolfram/Mathematica/12.0/Executables/wolfram -subkernel -noinit -nopaclet -wstp}, SubKernels`LocalKernels`Private`speed$21892, SubKernels`LocalKernels`Private`preemptive$21892]], Parallel`Kernels`Private`id$21908, Parallel`Kernels`Private`name$21908], Parallel`Kernels`Private`ek[Parallel`Kernels`Private`nev$21909, Parallel`Kernels`Private`pb$21909, Parallel`Kernels`Private`rd$21909], Parallel`Kernels`Private`sk[Parallel`Kernels`Private`q$21910, Parallel`Kernels`Private`n0$21910, Parallel`Kernels`Private`n1$21910]]]
                                                                                                                                                                                                -6
NIntegrate::ncvb: NIntegrate failed to converge to prescribed accuracy after 2 recursive bisections in yD near {xD, yD} = {0.0510552, 0.0227961}. NIntegrate obtained 0.000394168 and 4.33976 10   for the integral and error estimates.
StringForm[From `1`:, Parallel`Kernels`kernel[Parallel`Kernels`Private`bk[SubKernels`LocalKernels`localKernel[SubKernels`LocalKernels`Private`lk[LinkObject[/usr/local/Wolfram/Mathematica/12.0/Executables/wolfram -subkernel -noinit -nopaclet -wstp, 207, 4], {/usr/local/Wolfram/Mathematica/12.0/Executables/wolfram -subkernel -noinit -nopaclet -wstp}, SubKernels`LocalKernels`Private`speed$21892, SubKernels`LocalKernels`Private`preemptive$21892]], Parallel`Kernels`Private`id$21908, Parallel`Kernels`Private`name$21908], Parallel`Kernels`Private`ek[Parallel`Kernels`Private`nev$21909, Parallel`Kernels`Private`pb$21909, Parallel`Kernels`Private`rd$21909], Parallel`Kernels`Private`sk[Parallel`Kernels`Private`q$21910, Parallel`Kernels`Private`n0$21910, Parallel`Kernels`Private`n1$21910]]]
                                                                                                                                                                                               -6
NIntegrate::ncvb: NIntegrate failed to converge to prescribed accuracy after 2 recursive bisections in yD near {xD, yD} = {0.0523052, 0.0238188}. NIntegrate obtained 0.00011559 and 1.42284 10   for the integral and error estimates.
a = -1060e-4
Time consumption: 19.65349827888889
MaxMemUse :142.60363006591797 MB
