Configured Kernels: {SubKernels`LocalKernels`LocalMachine[4, SubKernels`LocalKernels`LowerPriority -> True]}
Processor Count: 4
Modules loaded ...
4 Kernels launched ...
Run started at Mon 15 Nov 2021 12:33:53, Bins: {1, 49}
StringForm[From `1`:, Parallel`Kernels`kernel[Parallel`Kernels`Private`bk[SubKernels`LocalKernels`localKernel[SubKernels`LocalKernels`Private`lk[LinkObject[/usr/local/Wolfram/Mathematica/12.0/Executables/wolfram -subkernel -noinit -nopaclet -wstp, 205, 2], {/usr/local/Wolfram/Mathematica/12.0/Executables/wolfram -subkernel -noinit -nopaclet -wstp}, SubKernels`LocalKernels`Private`speed$21437, SubKernels`LocalKernels`Private`preemptive$21437]], Parallel`Kernels`Private`id$21447, Parallel`Kernels`Private`name$21447], Parallel`Kernels`Private`ek[Parallel`Kernels`Private`nev$21448, Parallel`Kernels`Private`pb$21448, Parallel`Kernels`Private`rd$21448], Parallel`Kernels`Private`sk[Parallel`Kernels`Private`q$21449, Parallel`Kernels`Private`n0$21449, Parallel`Kernels`Private`n1$21449]]]
                                                                                                                                                                               -6               -6
NIntegrate::ncvb: NIntegrate failed to converge to prescribed accuracy after 2 recursive bisections in yD near {xD, yD} = {0.0272077, 0.022255}. NIntegrate obtained 7.31408 10   and 2.19785 10   for the integral and error estimates.
StringForm[From `1`:, Parallel`Kernels`kernel[Parallel`Kernels`Private`bk[SubKernels`LocalKernels`localKernel[SubKernels`LocalKernels`Private`lk[LinkObject[/usr/local/Wolfram/Mathematica/12.0/Executables/wolfram -subkernel -noinit -nopaclet -wstp, 204, 1], {/usr/local/Wolfram/Mathematica/12.0/Executables/wolfram -subkernel -noinit -nopaclet -wstp}, SubKernels`LocalKernels`Private`speed$21436, SubKernels`LocalKernels`Private`preemptive$21436]], Parallel`Kernels`Private`id$21443, Parallel`Kernels`Private`name$21443], Parallel`Kernels`Private`ek[Parallel`Kernels`Private`nev$21444, Parallel`Kernels`Private`pb$21444, Parallel`Kernels`Private`rd$21444], Parallel`Kernels`Private`sk[Parallel`Kernels`Private`q$21445, Parallel`Kernels`Private`n0$21445, Parallel`Kernels`Private`n1$21445]]]
NIntegrate::ncvb: NIntegrate failed to converge to prescribed accuracy after 2 recursive bisections in yD near {xD, yD} = {0.0290827, -0.014338}. NIntegrate obtained 0.00176683 and 0.0000277398 for the integral and error estimates.
a = -1055e-4
Time consumption: 2.030924901388889
MaxMemUse :144.3886260986328 MB
Configured Kernels: {SubKernels`LocalKernels`LocalMachine[4, SubKernels`LocalKernels`LowerPriority -> True]}
Processor Count: 4
Modules loaded ...
4 Kernels launched ...
Run started at Mon 15 Nov 2021 14:35:45, Bins: {50, 98}
StringForm[From `1`:, Parallel`Kernels`kernel[Parallel`Kernels`Private`bk[SubKernels`LocalKernels`localKernel[SubKernels`LocalKernels`Private`lk[LinkObject[/usr/local/Wolfram/Mathematica/12.0/Executables/wolfram -subkernel -noinit -nopaclet -wstp, 204, 1], {/usr/local/Wolfram/Mathematica/12.0/Executables/wolfram -subkernel -noinit -nopaclet -wstp}, SubKernels`LocalKernels`Private`speed$21830, SubKernels`LocalKernels`Private`preemptive$21830]], Parallel`Kernels`Private`id$21837, Parallel`Kernels`Private`name$21837], Parallel`Kernels`Private`ek[Parallel`Kernels`Private`nev$21838, Parallel`Kernels`Private`pb$21838, Parallel`Kernels`Private`rd$21838], Parallel`Kernels`Private`sk[Parallel`Kernels`Private`q$21839, Parallel`Kernels`Private`n0$21839, Parallel`Kernels`Private`n1$21839]]]
NIntegrate::ncvb: NIntegrate failed to converge to prescribed accuracy after 2 recursive bisections in yD near {xD, yD} = {0.0290827, 0.022255}. NIntegrate obtained 0.000174082 and 0.0000122676 for the integral and error estimates.
StringForm[From `1`:, Parallel`Kernels`kernel[Parallel`Kernels`Private`bk[SubKernels`LocalKernels`localKernel[SubKernels`LocalKernels`Private`lk[LinkObject[/usr/local/Wolfram/Mathematica/12.0/Executables/wolfram -subkernel -noinit -nopaclet -wstp, 207, 4], {/usr/local/Wolfram/Mathematica/12.0/Executables/wolfram -subkernel -noinit -nopaclet -wstp}, SubKernels`LocalKernels`Private`speed$21833, SubKernels`LocalKernels`Private`preemptive$21833]], Parallel`Kernels`Private`id$21849, Parallel`Kernels`Private`name$21849], Parallel`Kernels`Private`ek[Parallel`Kernels`Private`nev$21850, Parallel`Kernels`Private`pb$21850, Parallel`Kernels`Private`rd$21850], Parallel`Kernels`Private`sk[Parallel`Kernels`Private`q$21851, Parallel`Kernels`Private`n0$21851, Parallel`Kernels`Private`n1$21851]]]
NIntegrate::ncvb: NIntegrate failed to converge to prescribed accuracy after 2 recursive bisections in yD near {xD, yD} = {0.0309577, -0.014338}. NIntegrate obtained 0.00842903 and 0.00010534 for the integral and error estimates.
StringForm[From `1`:, Parallel`Kernels`kernel[Parallel`Kernels`Private`bk[SubKernels`LocalKernels`localKernel[SubKernels`LocalKernels`Private`lk[LinkObject[/usr/local/Wolfram/Mathematica/12.0/Executables/wolfram -subkernel -noinit -nopaclet -wstp, 207, 4], {/usr/local/Wolfram/Mathematica/12.0/Executables/wolfram -subkernel -noinit -nopaclet -wstp}, SubKernels`LocalKernels`Private`speed$21833, SubKernels`LocalKernels`Private`preemptive$21833]], Parallel`Kernels`Private`id$21849, Parallel`Kernels`Private`name$21849], Parallel`Kernels`Private`ek[Parallel`Kernels`Private`nev$21850, Parallel`Kernels`Private`pb$21850, Parallel`Kernels`Private`rd$21850], Parallel`Kernels`Private`sk[Parallel`Kernels`Private`q$21851, Parallel`Kernels`Private`n0$21851, Parallel`Kernels`Private`n1$21851]]]
NIntegrate::ncvb: NIntegrate failed to converge to prescribed accuracy after 2 recursive bisections in yD near {xD, yD} = {0.0347077, -0.01752}. NIntegrate obtained 0.0000832967 and 0.0000146144 for the integral and error estimates.
StringForm[From `1`:, Parallel`Kernels`kernel[Parallel`Kernels`Private`bk[SubKernels`LocalKernels`localKernel[SubKernels`LocalKernels`Private`lk[LinkObject[/usr/local/Wolfram/Mathematica/12.0/Executables/wolfram -subkernel -noinit -nopaclet -wstp, 205, 2], {/usr/local/Wolfram/Mathematica/12.0/Executables/wolfram -subkernel -noinit -nopaclet -wstp}, SubKernels`LocalKernels`Private`speed$21831, SubKernels`LocalKernels`Private`preemptive$21831]], Parallel`Kernels`Private`id$21841, Parallel`Kernels`Private`name$21841], Parallel`Kernels`Private`ek[Parallel`Kernels`Private`nev$21842, Parallel`Kernels`Private`pb$21842, Parallel`Kernels`Private`rd$21842], Parallel`Kernels`Private`sk[Parallel`Kernels`Private`q$21843, Parallel`Kernels`Private`n0$21843, Parallel`Kernels`Private`n1$21843]]]
NIntegrate::ncvb: NIntegrate failed to converge to prescribed accuracy after 2 recursive bisections in yD near {xD, yD} = {0.0328327, -0.014338}. NIntegrate obtained 0.0226363 and 0.000173697 for the integral and error estimates.
StringForm[From `1`:, Parallel`Kernels`kernel[Parallel`Kernels`Private`bk[SubKernels`LocalKernels`localKernel[SubKernels`LocalKernels`Private`lk[LinkObject[/usr/local/Wolfram/Mathematica/12.0/Executables/wolfram -subkernel -noinit -nopaclet -wstp, 206, 3], {/usr/local/Wolfram/Mathematica/12.0/Executables/wolfram -subkernel -noinit -nopaclet -wstp}, SubKernels`LocalKernels`Private`speed$21832, SubKernels`LocalKernels`Private`preemptive$21832]], Parallel`Kernels`Private`id$21845, Parallel`Kernels`Private`name$21845], Parallel`Kernels`Private`ek[Parallel`Kernels`Private`nev$21846, Parallel`Kernels`Private`pb$21846, Parallel`Kernels`Private`rd$21846], Parallel`Kernels`Private`sk[Parallel`Kernels`Private`q$21847, Parallel`Kernels`Private`n0$21847, Parallel`Kernels`Private`n1$21847]]]
NIntegrate::ncvb: NIntegrate failed to converge to prescribed accuracy after 2 recursive bisections in yD near {xD, yD} = {0.0347077, -0.014338}. NIntegrate obtained 0.0441401 and 0.000259573 for the integral and error estimates.
StringForm[From `1`:, Parallel`Kernels`kernel[Parallel`Kernels`Private`bk[SubKernels`LocalKernels`localKernel[SubKernels`LocalKernels`Private`lk[LinkObject[/usr/local/Wolfram/Mathematica/12.0/Executables/wolfram -subkernel -noinit -nopaclet -wstp, 205, 2], {/usr/local/Wolfram/Mathematica/12.0/Executables/wolfram -subkernel -noinit -nopaclet -wstp}, SubKernels`LocalKernels`Private`speed$21831, SubKernels`LocalKernels`Private`preemptive$21831]], Parallel`Kernels`Private`id$21841, Parallel`Kernels`Private`name$21841], Parallel`Kernels`Private`ek[Parallel`Kernels`Private`nev$21842, Parallel`Kernels`Private`pb$21842, Parallel`Kernels`Private`rd$21842], Parallel`Kernels`Private`sk[Parallel`Kernels`Private`q$21843, Parallel`Kernels`Private`n0$21843, Parallel`Kernels`Private`n1$21843]]]
                                                                                                                                                                                               -6
NIntegrate::ncvb: NIntegrate failed to converge to prescribed accuracy after 2 recursive bisections in yD near {xD, yD} = {0.0357914, -0.01752}. NIntegrate obtained 0.000334527 and 1.62164 10   for the integral and error estimates.
StringForm[From `1`:, Parallel`Kernels`kernel[Parallel`Kernels`Private`bk[SubKernels`LocalKernels`localKernel[SubKernels`LocalKernels`Private`lk[LinkObject[/usr/local/Wolfram/Mathematica/12.0/Executables/wolfram -subkernel -noinit -nopaclet -wstp, 204, 1], {/usr/local/Wolfram/Mathematica/12.0/Executables/wolfram -subkernel -noinit -nopaclet -wstp}, SubKernels`LocalKernels`Private`speed$21830, SubKernels`LocalKernels`Private`preemptive$21830]], Parallel`Kernels`Private`id$21837, Parallel`Kernels`Private`name$21837], Parallel`Kernels`Private`ek[Parallel`Kernels`Private`nev$21838, Parallel`Kernels`Private`pb$21838, Parallel`Kernels`Private`rd$21838], Parallel`Kernels`Private`sk[Parallel`Kernels`Private`q$21839, Parallel`Kernels`Private`n0$21839, Parallel`Kernels`Private`n1$21839]]]
NIntegrate::ncvb: NIntegrate failed to converge to prescribed accuracy after 2 recursive bisections in yD near {xD, yD} = {0.0347077, 0.022255}. NIntegrate obtained 0.00658879 and 0.0000910576 for the integral and error estimates.
StringForm[From `1`:, Parallel`Kernels`kernel[Parallel`Kernels`Private`bk[SubKernels`LocalKernels`localKernel[SubKernels`LocalKernels`Private`lk[LinkObject[/usr/local/Wolfram/Mathematica/12.0/Executables/wolfram -subkernel -noinit -nopaclet -wstp, 207, 4], {/usr/local/Wolfram/Mathematica/12.0/Executables/wolfram -subkernel -noinit -nopaclet -wstp}, SubKernels`LocalKernels`Private`speed$21833, SubKernels`LocalKernels`Private`preemptive$21833]], Parallel`Kernels`Private`id$21849, Parallel`Kernels`Private`name$21849], Parallel`Kernels`Private`ek[Parallel`Kernels`Private`nev$21850, Parallel`Kernels`Private`pb$21850, Parallel`Kernels`Private`rd$21850], Parallel`Kernels`Private`sk[Parallel`Kernels`Private`q$21851, Parallel`Kernels`Private`n0$21851, Parallel`Kernels`Private`n1$21851]]]
NIntegrate::ncvb: NIntegrate failed to converge to prescribed accuracy after 2 recursive bisections in yD near {xD, yD} = {0.0365827, -0.014338}. NIntegrate obtained 0.067697 and 0.000247109 for the integral and error estimates.
StringForm[From `1`:, Parallel`Kernels`kernel[Parallel`Kernels`Private`bk[SubKernels`LocalKernels`localKernel[SubKernels`LocalKernels`Private`lk[LinkObject[/usr/local/Wolfram/Mathematica/12.0/Executables/wolfram -subkernel -noinit -nopaclet -wstp, 205, 2], {/usr/local/Wolfram/Mathematica/12.0/Executables/wolfram -subkernel -noinit -nopaclet -wstp}, SubKernels`LocalKernels`Private`speed$21831, SubKernels`LocalKernels`Private`preemptive$21831]], Parallel`Kernels`Private`id$21841, Parallel`Kernels`Private`name$21841], Parallel`Kernels`Private`ek[Parallel`Kernels`Private`nev$21842, Parallel`Kernels`Private`pb$21842, Parallel`Kernels`Private`rd$21842], Parallel`Kernels`Private`sk[Parallel`Kernels`Private`q$21843, Parallel`Kernels`Private`n0$21843, Parallel`Kernels`Private`n1$21843]]]
NIntegrate::ncvb: NIntegrate failed to converge to prescribed accuracy after 2 recursive bisections in yD near {xD, yD} = {0.0365827, 0.022255}. NIntegrate obtained 0.0114116 and 0.000080697 for the integral and error estimates.
a = -1055e-4
Time consumption: 9.436554311388889
MaxMemUse :144.36907958984375 MB
Configured Kernels: {SubKernels`LocalKernels`LocalMachine[4, SubKernels`LocalKernels`LowerPriority -> True]}
Processor Count: 4
Modules loaded ...
4 Kernels launched ...
Run started at Tue 16 Nov 2021 00:01:58, Bins: {99, 106}
StringForm[From `1`:, Parallel`Kernels`kernel[Parallel`Kernels`Private`bk[SubKernels`LocalKernels`localKernel[SubKernels`LocalKernels`Private`lk[LinkObject[/usr/local/Wolfram/Mathematica/12.0/Executables/wolfram -subkernel -noinit -nopaclet -wstp, 228, 3], {/usr/local/Wolfram/Mathematica/12.0/Executables/wolfram -subkernel -noinit -nopaclet -wstp}, SubKernels`LocalKernels`Private`speed$21700, SubKernels`LocalKernels`Private`preemptive$21700]], Parallel`Kernels`Private`id$21710, Parallel`Kernels`Private`name$21710], Parallel`Kernels`Private`ek[Parallel`Kernels`Private`nev$21711, Parallel`Kernels`Private`pb$21711, Parallel`Kernels`Private`rd$21711], Parallel`Kernels`Private`sk[Parallel`Kernels`Private`q$21712, Parallel`Kernels`Private`n0$21712, Parallel`Kernels`Private`n1$21712]]]
                                                                                                                                                                                                -6
NIntegrate::ncvb: NIntegrate failed to converge to prescribed accuracy after 2 recursive bisections in yD near {xD, yD} = {0.0384577, -0.019111}. NIntegrate obtained 0.000624391 and 7.09904 10   for the integral and error estimates.
StringForm[From `1`:, Parallel`Kernels`kernel[Parallel`Kernels`Private`bk[SubKernels`LocalKernels`localKernel[SubKernels`LocalKernels`Private`lk[LinkObject[/usr/local/Wolfram/Mathematica/12.0/Executables/wolfram -subkernel -noinit -nopaclet -wstp, 227, 2], {/usr/local/Wolfram/Mathematica/12.0/Executables/wolfram -subkernel -noinit -nopaclet -wstp}, SubKernels`LocalKernels`Private`speed$21699, SubKernels`LocalKernels`Private`preemptive$21699]], Parallel`Kernels`Private`id$21706, Parallel`Kernels`Private`name$21706], Parallel`Kernels`Private`ek[Parallel`Kernels`Private`nev$21707, Parallel`Kernels`Private`pb$21707, Parallel`Kernels`Private`rd$21707], Parallel`Kernels`Private`sk[Parallel`Kernels`Private`q$21708, Parallel`Kernels`Private`n0$21708, Parallel`Kernels`Private`n1$21708]]]
NIntegrate::ncvb: NIntegrate failed to converge to prescribed accuracy after 2 recursive bisections in yD near {xD, yD} = {0.0384577, -0.014338}. NIntegrate obtained 0.0854256 and 0.000226881 for the integral and error estimates.
a = -1055e-4
Time consumption: 3.1566473233333334
MaxMemUse :147.5312042236328 MB
Configured Kernels: {SubKernels`LocalKernels`LocalMachine[4, SubKernels`LocalKernels`LowerPriority -> True]}
Processor Count: 4
Modules loaded ...
4 Kernels launched ...
Run started at Tue 16 Nov 2021 03:11:22, Bins: {107, 122}
StringForm[From `1`:, Parallel`Kernels`kernel[Parallel`Kernels`Private`bk[SubKernels`LocalKernels`localKernel[SubKernels`LocalKernels`Private`lk[LinkObject[/usr/local/Wolfram/Mathematica/12.0/Executables/wolfram -subkernel -noinit -nopaclet -wstp, 204, 1], {/usr/local/Wolfram/Mathematica/12.0/Executables/wolfram -subkernel -noinit -nopaclet -wstp}, SubKernels`LocalKernels`Private`speed$21595, SubKernels`LocalKernels`Private`preemptive$21595]], Parallel`Kernels`Private`id$21602, Parallel`Kernels`Private`name$21602], Parallel`Kernels`Private`ek[Parallel`Kernels`Private`nev$21603, Parallel`Kernels`Private`pb$21603, Parallel`Kernels`Private`rd$21603], Parallel`Kernels`Private`sk[Parallel`Kernels`Private`q$21604, Parallel`Kernels`Private`n0$21604, Parallel`Kernels`Private`n1$21604]]]
                                                                                                                                                                                                -6
NIntegrate::ncvb: NIntegrate failed to converge to prescribed accuracy after 2 recursive bisections in yD near {xD, yD} = {0.0403327, -0.019111}. NIntegrate obtained 0.000810617 and 8.93369 10   for the integral and error estimates.
StringForm[From `1`:, Parallel`Kernels`kernel[Parallel`Kernels`Private`bk[SubKernels`LocalKernels`localKernel[SubKernels`LocalKernels`Private`lk[LinkObject[/usr/local/Wolfram/Mathematica/12.0/Executables/wolfram -subkernel -noinit -nopaclet -wstp, 206, 3], {/usr/local/Wolfram/Mathematica/12.0/Executables/wolfram -subkernel -noinit -nopaclet -wstp}, SubKernels`LocalKernels`Private`speed$21597, SubKernels`LocalKernels`Private`preemptive$21597]], Parallel`Kernels`Private`id$21610, Parallel`Kernels`Private`name$21610], Parallel`Kernels`Private`ek[Parallel`Kernels`Private`nev$21611, Parallel`Kernels`Private`pb$21611, Parallel`Kernels`Private`rd$21611], Parallel`Kernels`Private`sk[Parallel`Kernels`Private`q$21612, Parallel`Kernels`Private`n0$21612, Parallel`Kernels`Private`n1$21612]]]
NIntegrate::ncvb: NIntegrate failed to converge to prescribed accuracy after 2 recursive bisections in yD near {xD, yD} = {0.0384577, 0.022255}. NIntegrate obtained 0.0157409 and 0.0000475779 for the integral and error estimates.
StringForm[From `1`:, Parallel`Kernels`kernel[Parallel`Kernels`Private`bk[SubKernels`LocalKernels`localKernel[SubKernels`LocalKernels`Private`lk[LinkObject[/usr/local/Wolfram/Mathematica/12.0/Executables/wolfram -subkernel -noinit -nopaclet -wstp, 204, 1], {/usr/local/Wolfram/Mathematica/12.0/Executables/wolfram -subkernel -noinit -nopaclet -wstp}, SubKernels`LocalKernels`Private`speed$21595, SubKernels`LocalKernels`Private`preemptive$21595]], Parallel`Kernels`Private`id$21602, Parallel`Kernels`Private`name$21602], Parallel`Kernels`Private`ek[Parallel`Kernels`Private`nev$21603, Parallel`Kernels`Private`pb$21603, Parallel`Kernels`Private`rd$21603], Parallel`Kernels`Private`sk[Parallel`Kernels`Private`q$21604, Parallel`Kernels`Private`n0$21604, Parallel`Kernels`Private`n1$21604]]]
NIntegrate::ncvb: NIntegrate failed to converge to prescribed accuracy after 2 recursive bisections in yD near {xD, yD} = {0.0403327, 0.022255}. NIntegrate obtained 0.0178522 and 0.000106435 for the integral and error estimates.
a = -1055e-4
Time consumption: 4.109712770277778
MaxMemUse :144.37001037597656 MB
Configured Kernels: {SubKernels`LocalKernels`LocalMachine[4, SubKernels`LocalKernels`LowerPriority -> True]}
Processor Count: 4
Modules loaded ...
4 Kernels launched ...
Run started at Tue 16 Nov 2021 07:17:58, Bins: {123, 138}
StringForm[From `1`:, Parallel`Kernels`kernel[Parallel`Kernels`Private`bk[SubKernels`LocalKernels`localKernel[SubKernels`LocalKernels`Private`lk[LinkObject[/usr/local/Wolfram/Mathematica/12.0/Executables/wolfram -subkernel -noinit -nopaclet -wstp, 207, 4], {/usr/local/Wolfram/Mathematica/12.0/Executables/wolfram -subkernel -noinit -nopaclet -wstp}, SubKernels`LocalKernels`Private`speed$21397, SubKernels`LocalKernels`Private`preemptive$21397]], Parallel`Kernels`Private`id$21413, Parallel`Kernels`Private`name$21413], Parallel`Kernels`Private`ek[Parallel`Kernels`Private`nev$21414, Parallel`Kernels`Private`pb$21414, Parallel`Kernels`Private`rd$21414], Parallel`Kernels`Private`sk[Parallel`Kernels`Private`q$21415, Parallel`Kernels`Private`n0$21415, Parallel`Kernels`Private`n1$21415]]]
                                                                                                                                                                                                -6
NIntegrate::ncvb: NIntegrate failed to converge to prescribed accuracy after 2 recursive bisections in yD near {xD, yD} = {0.0422077, -0.019111}. NIntegrate obtained 0.000872459 and 7.03588 10   for the integral and error estimates.
StringForm[From `1`:, Parallel`Kernels`kernel[Parallel`Kernels`Private`bk[SubKernels`LocalKernels`localKernel[SubKernels`LocalKernels`Private`lk[LinkObject[/usr/local/Wolfram/Mathematica/12.0/Executables/wolfram -subkernel -noinit -nopaclet -wstp, 207, 4], {/usr/local/Wolfram/Mathematica/12.0/Executables/wolfram -subkernel -noinit -nopaclet -wstp}, SubKernels`LocalKernels`Private`speed$21397, SubKernels`LocalKernels`Private`preemptive$21397]], Parallel`Kernels`Private`id$21413, Parallel`Kernels`Private`name$21413], Parallel`Kernels`Private`ek[Parallel`Kernels`Private`nev$21414, Parallel`Kernels`Private`pb$21414, Parallel`Kernels`Private`rd$21414], Parallel`Kernels`Private`sk[Parallel`Kernels`Private`q$21415, Parallel`Kernels`Private`n0$21415, Parallel`Kernels`Private`n1$21415]]]
                                                                                                                                                                                               -6
NIntegrate::ncvb: NIntegrate failed to converge to prescribed accuracy after 2 recursive bisections in yD near {xD, yD} = {0.0440827, -0.019111}. NIntegrate obtained 0.000852633 and 7.8929 10   for the integral and error estimates.
StringForm[From `1`:, Parallel`Kernels`kernel[Parallel`Kernels`Private`bk[SubKernels`LocalKernels`localKernel[SubKernels`LocalKernels`Private`lk[LinkObject[/usr/local/Wolfram/Mathematica/12.0/Executables/wolfram -subkernel -noinit -nopaclet -wstp, 205, 2], {/usr/local/Wolfram/Mathematica/12.0/Executables/wolfram -subkernel -noinit -nopaclet -wstp}, SubKernels`LocalKernels`Private`speed$21395, SubKernels`LocalKernels`Private`preemptive$21395]], Parallel`Kernels`Private`id$21405, Parallel`Kernels`Private`name$21405], Parallel`Kernels`Private`ek[Parallel`Kernels`Private`nev$21406, Parallel`Kernels`Private`pb$21406, Parallel`Kernels`Private`rd$21406], Parallel`Kernels`Private`sk[Parallel`Kernels`Private`q$21407, Parallel`Kernels`Private`n0$21407, Parallel`Kernels`Private`n1$21407]]]
NIntegrate::ncvb: NIntegrate failed to converge to prescribed accuracy after 2 recursive bisections in yD near {xD, yD} = {0.0422077, 0.022255}. NIntegrate obtained 0.0175002 and 0.00024041 for the integral and error estimates.
StringForm[From `1`:, Parallel`Kernels`kernel[Parallel`Kernels`Private`bk[SubKernels`LocalKernels`localKernel[SubKernels`LocalKernels`Private`lk[LinkObject[/usr/local/Wolfram/Mathematica/12.0/Executables/wolfram -subkernel -noinit -nopaclet -wstp, 204, 1], {/usr/local/Wolfram/Mathematica/12.0/Executables/wolfram -subkernel -noinit -nopaclet -wstp}, SubKernels`LocalKernels`Private`speed$21394, SubKernels`LocalKernels`Private`preemptive$21394]], Parallel`Kernels`Private`id$21401, Parallel`Kernels`Private`name$21401], Parallel`Kernels`Private`ek[Parallel`Kernels`Private`nev$21402, Parallel`Kernels`Private`pb$21402, Parallel`Kernels`Private`rd$21402], Parallel`Kernels`Private`sk[Parallel`Kernels`Private`q$21403, Parallel`Kernels`Private`n0$21403, Parallel`Kernels`Private`n1$21403]]]
NIntegrate::ncvb: NIntegrate failed to converge to prescribed accuracy after 2 recursive bisections in yD near {xD, yD} = {0.0440827, -0.014338}. NIntegrate obtained 0.0646194 and 0.000155629 for the integral and error estimates.
a = -1055e-4
Time consumption: 4.503712148888889
MaxMemUse :144.36983489990234 MB
Configured Kernels: {SubKernels`LocalKernels`LocalMachine[4, SubKernels`LocalKernels`LowerPriority -> True]}
Processor Count: 4
Modules loaded ...
4 Kernels launched ...
Run started at Tue 16 Nov 2021 11:48:12, Bins: {139, 154}
StringForm[From `1`:, Parallel`Kernels`kernel[Parallel`Kernels`Private`bk[SubKernels`LocalKernels`localKernel[SubKernels`LocalKernels`Private`lk[LinkObject[/usr/local/Wolfram/Mathematica/12.0/Executables/wolfram -subkernel -noinit -nopaclet -wstp, 204, 1], {/usr/local/Wolfram/Mathematica/12.0/Executables/wolfram -subkernel -noinit -nopaclet -wstp}, SubKernels`LocalKernels`Private`speed$21660, SubKernels`LocalKernels`Private`preemptive$21660]], Parallel`Kernels`Private`id$21667, Parallel`Kernels`Private`name$21667], Parallel`Kernels`Private`ek[Parallel`Kernels`Private`nev$21668, Parallel`Kernels`Private`pb$21668, Parallel`Kernels`Private`rd$21668], Parallel`Kernels`Private`sk[Parallel`Kernels`Private`q$21669, Parallel`Kernels`Private`n0$21669, Parallel`Kernels`Private`n1$21669]]]
                                                                                                                                                                                                -6
NIntegrate::ncvb: NIntegrate failed to converge to prescribed accuracy after 2 recursive bisections in yD near {xD, yD} = {0.0459577, -0.019111}. NIntegrate obtained 0.000687874 and 8.05774 10   for the integral and error estimates.
StringForm[From `1`:, Parallel`Kernels`kernel[Parallel`Kernels`Private`bk[SubKernels`LocalKernels`localKernel[SubKernels`LocalKernels`Private`lk[LinkObject[/usr/local/Wolfram/Mathematica/12.0/Executables/wolfram -subkernel -noinit -nopaclet -wstp, 205, 2], {/usr/local/Wolfram/Mathematica/12.0/Executables/wolfram -subkernel -noinit -nopaclet -wstp}, SubKernels`LocalKernels`Private`speed$21661, SubKernels`LocalKernels`Private`preemptive$21661]], Parallel`Kernels`Private`id$21671, Parallel`Kernels`Private`name$21671], Parallel`Kernels`Private`ek[Parallel`Kernels`Private`nev$21672, Parallel`Kernels`Private`pb$21672, Parallel`Kernels`Private`rd$21672], Parallel`Kernels`Private`sk[Parallel`Kernels`Private`q$21673, Parallel`Kernels`Private`n0$21673, Parallel`Kernels`Private`n1$21673]]]
NIntegrate::ncvb: NIntegrate failed to converge to prescribed accuracy after 2 recursive bisections in yD near {xD, yD} = {0.0440827, 0.022255}. NIntegrate obtained 0.0149342 and 0.000271118 for the integral and error estimates.
StringForm[From `1`:, Parallel`Kernels`kernel[Parallel`Kernels`Private`bk[SubKernels`LocalKernels`localKernel[SubKernels`LocalKernels`Private`lk[LinkObject[/usr/local/Wolfram/Mathematica/12.0/Executables/wolfram -subkernel -noinit -nopaclet -wstp, 207, 4], {/usr/local/Wolfram/Mathematica/12.0/Executables/wolfram -subkernel -noinit -nopaclet -wstp}, SubKernels`LocalKernels`Private`speed$21663, SubKernels`LocalKernels`Private`preemptive$21663]], Parallel`Kernels`Private`id$21679, Parallel`Kernels`Private`name$21679], Parallel`Kernels`Private`ek[Parallel`Kernels`Private`nev$21680, Parallel`Kernels`Private`pb$21680, Parallel`Kernels`Private`rd$21680], Parallel`Kernels`Private`sk[Parallel`Kernels`Private`q$21681, Parallel`Kernels`Private`n0$21681, Parallel`Kernels`Private`n1$21681]]]
NIntegrate::ncvb: NIntegrate failed to converge to prescribed accuracy after 2 recursive bisections in yD near {xD, yD} = {0.0459577, -0.014338}. NIntegrate obtained 0.041333 and 0.000135622 for the integral and error estimates.
StringForm[From `1`:, Parallel`Kernels`kernel[Parallel`Kernels`Private`bk[SubKernels`LocalKernels`localKernel[SubKernels`LocalKernels`Private`lk[LinkObject[/usr/local/Wolfram/Mathematica/12.0/Executables/wolfram -subkernel -noinit -nopaclet -wstp, 206, 3], {/usr/local/Wolfram/Mathematica/12.0/Executables/wolfram -subkernel -noinit -nopaclet -wstp}, SubKernels`LocalKernels`Private`speed$21662, SubKernels`LocalKernels`Private`preemptive$21662]], Parallel`Kernels`Private`id$21675, Parallel`Kernels`Private`name$21675], Parallel`Kernels`Private`ek[Parallel`Kernels`Private`nev$21676, Parallel`Kernels`Private`pb$21676, Parallel`Kernels`Private`rd$21676], Parallel`Kernels`Private`sk[Parallel`Kernels`Private`q$21677, Parallel`Kernels`Private`n0$21677, Parallel`Kernels`Private`n1$21677]]]
NIntegrate::ncvb: NIntegrate failed to converge to prescribed accuracy after 2 recursive bisections in yD near {xD, yD} = {0.0459577, 0.022255}. NIntegrate obtained 0.0105104 and 0.0000918177 for the integral and error estimates.
StringForm[From `1`:, Parallel`Kernels`kernel[Parallel`Kernels`Private`bk[SubKernels`LocalKernels`localKernel[SubKernels`LocalKernels`Private`lk[LinkObject[/usr/local/Wolfram/Mathematica/12.0/Executables/wolfram -subkernel -noinit -nopaclet -wstp, 204, 1], {/usr/local/Wolfram/Mathematica/12.0/Executables/wolfram -subkernel -noinit -nopaclet -wstp}, SubKernels`LocalKernels`Private`speed$21660, SubKernels`LocalKernels`Private`preemptive$21660]], Parallel`Kernels`Private`id$21667, Parallel`Kernels`Private`name$21667], Parallel`Kernels`Private`ek[Parallel`Kernels`Private`nev$21668, Parallel`Kernels`Private`pb$21668, Parallel`Kernels`Private`rd$21668], Parallel`Kernels`Private`sk[Parallel`Kernels`Private`q$21669, Parallel`Kernels`Private`n0$21669, Parallel`Kernels`Private`n1$21669]]]
NIntegrate::ncvb: NIntegrate failed to converge to prescribed accuracy after 2 recursive bisections in yD near {xD, yD} = {0.0459577, 0.019073}. NIntegrate obtained 0.0712929 and 0.0000924734 for the integral and error estimates.
a = -1055e-4
Time consumption: 6.2030026086111105
MaxMemUse :144.37200927734375 MB
Configured Kernels: {SubKernels`LocalKernels`LocalMachine[4, SubKernels`LocalKernels`LowerPriority -> True]}
Processor Count: 4
Modules loaded ...
4 Kernels launched ...
Run started at Tue 16 Nov 2021 18:00:24, Bins: {155, 178}
StringForm[From `1`:, Parallel`Kernels`kernel[Parallel`Kernels`Private`bk[SubKernels`LocalKernels`localKernel[SubKernels`LocalKernels`Private`lk[LinkObject[/usr/local/Wolfram/Mathematica/12.0/Executables/wolfram -subkernel -noinit -nopaclet -wstp, 206, 3], {/usr/local/Wolfram/Mathematica/12.0/Executables/wolfram -subkernel -noinit -nopaclet -wstp}, SubKernels`LocalKernels`Private`speed$21520, SubKernels`LocalKernels`Private`preemptive$21520]], Parallel`Kernels`Private`id$21533, Parallel`Kernels`Private`name$21533], Parallel`Kernels`Private`ek[Parallel`Kernels`Private`nev$21534, Parallel`Kernels`Private`pb$21534, Parallel`Kernels`Private`rd$21534], Parallel`Kernels`Private`sk[Parallel`Kernels`Private`q$21535, Parallel`Kernels`Private`n0$21535, Parallel`Kernels`Private`n1$21535]]]
                                                                                                                                                                                               -6
NIntegrate::ncvb: NIntegrate failed to converge to prescribed accuracy after 2 recursive bisections in yD near {xD, yD} = {0.0479789, -0.01752}. NIntegrate obtained 0.000377966 and 5.66081 10   for the integral and error estimates.
StringForm[From `1`:, Parallel`Kernels`kernel[Parallel`Kernels`Private`bk[SubKernels`LocalKernels`localKernel[SubKernels`LocalKernels`Private`lk[LinkObject[/usr/local/Wolfram/Mathematica/12.0/Executables/wolfram -subkernel -noinit -nopaclet -wstp, 204, 1], {/usr/local/Wolfram/Mathematica/12.0/Executables/wolfram -subkernel -noinit -nopaclet -wstp}, SubKernels`LocalKernels`Private`speed$21518, SubKernels`LocalKernels`Private`preemptive$21518]], Parallel`Kernels`Private`id$21525, Parallel`Kernels`Private`name$21525], Parallel`Kernels`Private`ek[Parallel`Kernels`Private`nev$21526, Parallel`Kernels`Private`pb$21526, Parallel`Kernels`Private`rd$21526], Parallel`Kernels`Private`sk[Parallel`Kernels`Private`q$21527, Parallel`Kernels`Private`n0$21527, Parallel`Kernels`Private`n1$21527]]]
NIntegrate::ncvb: NIntegrate failed to converge to prescribed accuracy after 2 recursive bisections in yD near {xD, yD} = {0.0497077, -0.01752}. NIntegrate obtained 0.0001176 and 0.000078784 for the integral and error estimates.
StringForm[From `1`:, Parallel`Kernels`kernel[Parallel`Kernels`Private`bk[SubKernels`LocalKernels`localKernel[SubKernels`LocalKernels`Private`lk[LinkObject[/usr/local/Wolfram/Mathematica/12.0/Executables/wolfram -subkernel -noinit -nopaclet -wstp, 207, 4], {/usr/local/Wolfram/Mathematica/12.0/Executables/wolfram -subkernel -noinit -nopaclet -wstp}, SubKernels`LocalKernels`Private`speed$21521, SubKernels`LocalKernels`Private`preemptive$21521]], Parallel`Kernels`Private`id$21537, Parallel`Kernels`Private`name$21537], Parallel`Kernels`Private`ek[Parallel`Kernels`Private`nev$21538, Parallel`Kernels`Private`pb$21538, Parallel`Kernels`Private`rd$21538], Parallel`Kernels`Private`sk[Parallel`Kernels`Private`q$21539, Parallel`Kernels`Private`n0$21539, Parallel`Kernels`Private`n1$21539]]]
NIntegrate::ncvb: NIntegrate failed to converge to prescribed accuracy after 2 recursive bisections in yD near {xD, yD} = {0.0478327, 0.022255}. NIntegrate obtained 0.00575482 and 0.0000446227 for the integral and error estimates.
StringForm[From `1`:, Parallel`Kernels`kernel[Parallel`Kernels`Private`bk[SubKernels`LocalKernels`localKernel[SubKernels`LocalKernels`Private`lk[LinkObject[/usr/local/Wolfram/Mathematica/12.0/Executables/wolfram -subkernel -noinit -nopaclet -wstp, 205, 2], {/usr/local/Wolfram/Mathematica/12.0/Executables/wolfram -subkernel -noinit -nopaclet -wstp}, SubKernels`LocalKernels`Private`speed$21519, SubKernels`LocalKernels`Private`preemptive$21519]], Parallel`Kernels`Private`id$21529, Parallel`Kernels`Private`name$21529], Parallel`Kernels`Private`ek[Parallel`Kernels`Private`nev$21530, Parallel`Kernels`Private`pb$21530, Parallel`Kernels`Private`rd$21530], Parallel`Kernels`Private`sk[Parallel`Kernels`Private`q$21531, Parallel`Kernels`Private`n0$21531, Parallel`Kernels`Private`n1$21531]]]
NIntegrate::ncvb: NIntegrate failed to converge to prescribed accuracy after 2 recursive bisections in yD near {xD, yD} = {0.0478327, -0.014338}. NIntegrate obtained 0.0195076 and 0.000070608 for the integral and error estimates.
StringForm[From `1`:, Parallel`Kernels`kernel[Parallel`Kernels`Private`bk[SubKernels`LocalKernels`localKernel[SubKernels`LocalKernels`Private`lk[LinkObject[/usr/local/Wolfram/Mathematica/12.0/Executables/wolfram -subkernel -noinit -nopaclet -wstp, 205, 2], {/usr/local/Wolfram/Mathematica/12.0/Executables/wolfram -subkernel -noinit -nopaclet -wstp}, SubKernels`LocalKernels`Private`speed$21519, SubKernels`LocalKernels`Private`preemptive$21519]], Parallel`Kernels`Private`id$21529, Parallel`Kernels`Private`name$21529], Parallel`Kernels`Private`ek[Parallel`Kernels`Private`nev$21530, Parallel`Kernels`Private`pb$21530, Parallel`Kernels`Private`rd$21530], Parallel`Kernels`Private`sk[Parallel`Kernels`Private`q$21531, Parallel`Kernels`Private`n0$21531, Parallel`Kernels`Private`n1$21531]]]
                                                                                                                                                                               -6               -6
NIntegrate::ncvb: NIntegrate failed to converge to prescribed accuracy after 2 recursive bisections in yD near {xD, yD} = {0.0515827, -0.01752}. NIntegrate obtained 3.54765 10   and 2.54463 10   for the integral and error estimates.
StringForm[From `1`:, Parallel`Kernels`kernel[Parallel`Kernels`Private`bk[SubKernels`LocalKernels`localKernel[SubKernels`LocalKernels`Private`lk[LinkObject[/usr/local/Wolfram/Mathematica/12.0/Executables/wolfram -subkernel -noinit -nopaclet -wstp, 204, 1], {/usr/local/Wolfram/Mathematica/12.0/Executables/wolfram -subkernel -noinit -nopaclet -wstp}, SubKernels`LocalKernels`Private`speed$21518, SubKernels`LocalKernels`Private`preemptive$21518]], Parallel`Kernels`Private`id$21525, Parallel`Kernels`Private`name$21525], Parallel`Kernels`Private`ek[Parallel`Kernels`Private`nev$21526, Parallel`Kernels`Private`pb$21526, Parallel`Kernels`Private`rd$21526], Parallel`Kernels`Private`sk[Parallel`Kernels`Private`q$21527, Parallel`Kernels`Private`n0$21527, Parallel`Kernels`Private`n1$21527]]]
NIntegrate::ncvb: NIntegrate failed to converge to prescribed accuracy after 2 recursive bisections in yD near {xD, yD} = {0.0497077, 0.025437}. NIntegrate obtained 0.00221218 and 0.0000826912 for the integral and error estimates.
StringForm[From `1`:, Parallel`Kernels`kernel[Parallel`Kernels`Private`bk[SubKernels`LocalKernels`localKernel[SubKernels`LocalKernels`Private`lk[LinkObject[/usr/local/Wolfram/Mathematica/12.0/Executables/wolfram -subkernel -noinit -nopaclet -wstp, 206, 3], {/usr/local/Wolfram/Mathematica/12.0/Executables/wolfram -subkernel -noinit -nopaclet -wstp}, SubKernels`LocalKernels`Private`speed$21520, SubKernels`LocalKernels`Private`preemptive$21520]], Parallel`Kernels`Private`id$21533, Parallel`Kernels`Private`name$21533], Parallel`Kernels`Private`ek[Parallel`Kernels`Private`nev$21534, Parallel`Kernels`Private`pb$21534, Parallel`Kernels`Private`rd$21534], Parallel`Kernels`Private`sk[Parallel`Kernels`Private`q$21535, Parallel`Kernels`Private`n0$21535, Parallel`Kernels`Private`n1$21535]]]
NIntegrate::ncvb: NIntegrate failed to converge to prescribed accuracy after 2 recursive bisections in yD near {xD, yD} = {0.0478327, 0.017482}. NIntegrate obtained 0.0366634 and 0.0000489201 for the integral and error estimates.
a = -1055e-4
Time consumption: 6.675837295
MaxMemUse :144.38353729248047 MB
Configured Kernels: {SubKernels`LocalKernels`LocalMachine[4, SubKernels`LocalKernels`LowerPriority -> True]}
Processor Count: 4
Modules loaded ...
4 Kernels launched ...
Run started at Wed 17 Nov 2021 00:40:57, Bins: {179, 264}
StringForm[From `1`:, Parallel`Kernels`kernel[Parallel`Kernels`Private`bk[SubKernels`LocalKernels`localKernel[SubKernels`LocalKernels`Private`lk[LinkObject[/usr/local/Wolfram/Mathematica/12.0/Executables/wolfram -subkernel -noinit -nopaclet -wstp, 204, 1], {/usr/local/Wolfram/Mathematica/12.0/Executables/wolfram -subkernel -noinit -nopaclet -wstp}, SubKernels`LocalKernels`Private`speed$21581, SubKernels`LocalKernels`Private`preemptive$21581]], Parallel`Kernels`Private`id$21588, Parallel`Kernels`Private`name$21588], Parallel`Kernels`Private`ek[Parallel`Kernels`Private`nev$21589, Parallel`Kernels`Private`pb$21589, Parallel`Kernels`Private`rd$21589], Parallel`Kernels`Private`sk[Parallel`Kernels`Private`q$21590, Parallel`Kernels`Private`n0$21590, Parallel`Kernels`Private`n1$21590]]]
                                                                                                                                                                                              -6
NIntegrate::ncvb: NIntegrate failed to converge to prescribed accuracy after 2 recursive bisections in xD near {xD, yD} = {0.0503957, 0.02678}. NIntegrate obtained 0.000543748 and 2.97622 10   for the integral and error estimates.
a = -1055e-4
Time consumption: 2.0983542355555556
MaxMemUse :144.40546417236328 MB
